         718          24          24          24
   2.5463225937763325E-008  -3.7525956825190109E-009           0           0           0
 -0.46091850589264488       0.15300354686061568               -1          -1          -1
   2.2839352176182744E-008  -1.2308127934840594E-008          -1           0           0
  -9.5115147640205622E-002   3.1574149656478492E-002           0          -1           0
  -3.3517855234597837E-003   1.1126448633646379E-003           0           0          -1
  -1.5689581680156474E-002   5.2082367132277700E-003           0           0           1
 -0.44522890914354846       0.14779534537619129                0           1           0
   1.5757095693448170E-009  -4.1195262047341509E-009           1           0           0
  -9.8466931094157356E-002   3.2686800341667072E-002           1           1           1
 -0.44522873221331194       0.14779587809368588               -1          -1           0
  -1.5689588412508924E-002   5.2082197753659633E-003          -1           0          -1
  -7.3630693554622387E-002   2.4442079109048810E-002           0          -1          -1
 -0.46091831101273995       0.15300413603092144                0           1           1
  -2.5063776881972281E-003   8.3200262514628509E-004           1           0           1
  -7.1124310512165084E-002   2.3610072476350625E-002           1           1           0
  -9.8467100583442047E-002   3.2686299313927566E-002          -2          -1          -1
  -3.3084234366129908E-002   1.0982312710743233E-002          -1          -2          -1
  -4.1798717194917900E-002   1.3875183936146746E-002          -1          -1          -2
  -3.3517866171468625E-003   1.1126437289742694E-003          -1           0           1
  -9.5115311386176030E-002   3.1573658740639970E-002          -1           1           0
  -1.0466429305103164E-002   3.4744442007458741E-003           0          -1           1
  -4.1001666298773901E-002   1.3610610437669653E-002           0           1          -1
  -3.3181273453138866E-003   1.1014887964152838E-003           1          -1           0
  -1.1692544804691949E-004   3.8814348095799660E-005           1           0          -1
  -7.9174384315220704E-003   2.6282953171694969E-003           1           1           2
   3.1332289673832697E-002  -1.0400740233883120E-002           1           2           1
  -3.4350501734343683E-003   1.1403059878015123E-003           2           1           1
   3.1332204403909561E-002  -1.0400996980053669E-002          -2          -2          -1
  -7.9174818629516430E-003   2.6281689728752319E-003          -2          -1          -2
  -7.1124344344597940E-002   2.3609979187119174E-002          -2          -1           0
  -2.5063777803923330E-003   8.3200250303546862E-004          -2           0          -1
   6.0040199201808061E-004  -1.9935076036281857E-004          -1          -2          -2
  -3.7361122582113555E-002   1.2402160247904902E-002          -1          -2           0
  -4.1001625213754340E-002   1.3610738267903934E-002          -1          -1           1
  -1.3165857369390130E-003   4.3704391620171613E-004          -1           0          -2
  -1.0466468583793206E-002   3.4743254708167310E-003          -1           1          -1
  -7.3630728533613604E-002   2.4441979719453930E-002          -1           1           1
  -1.0997172843644170E-002   3.6505498483339542E-003           0          -2          -1
  -1.0309205486550123E-002   3.4221782268136097E-003           0          -1          -2
  -4.1798670700719139E-002   1.3875322373262782E-002           0           1           2
  -3.3084145877546892E-002   1.0982573416169884E-002           0           2           1
  -2.3282272760586993E-003   7.7287386935483084E-004           1          -1          -1
   3.6302972255560656E-004  -1.2050644204136791E-004           1          -1           1
  -2.0442688803339390E-005   6.7853887144280022E-006           1           0           2
  -9.9088753916584654E-003   3.2892871588397093E-003           1           1          -1
  -5.7996193336710055E-004   1.9256249178563122E-004           1           2           0
   3.8677704767557122E-002  -1.2839200733658674E-002           1           2           2
  -7.9251600672827278E-005   2.6307991615125187E-005           2           0           1
  -2.2489740068269994E-003   7.4656458290149738E-004           2           1           0
   1.0882955337427327E-003  -3.6125946638469389E-004           2           1           2
   1.0672236955419157E-002  -3.5426829185441124E-003           2           2           1
   3.8677686583245031E-002  -1.2839251609470990E-002          -2          -2          -2
   5.3270145428271881E-010   3.6658668310472202E-009          -2           0           0
  -1.5103294787107802E-002   5.0136205634293170E-003           0          -2           0
  -5.3222958516230745E-004   1.7667673300271583E-004           0           0          -2
  -1.3165847787255745E-003   4.3704787047269504E-004           0           0           2
  -3.7361105924545626E-002   1.2402204109437293E-002           0           2           0
  -1.0016090297581821E-010  -1.2305365818494843E-009           2           0           0
   1.5635522165505365E-002  -5.1902950161022317E-003           2           2           2
  -5.7998705782950953E-004   1.9248953499794238E-004          -2          -2           0
  -2.0443151662373534E-005   6.7837458637310589E-006          -2           0          -2
  -2.6506578922275014E-003   8.7989177607609005E-004           0          -2          -2
   6.0043114111497378E-004  -1.9926850110024193E-004           0           2           2
   9.0227845951097057E-005  -2.9951084338244693E-005           2           0           2
   2.5604306482562983E-003  -8.4994024086104236E-004           2           2           0
   1.5635531529541571E-002  -5.1902661260453935E-003          -3          -2          -2
  -3.4350659655112822E-003   1.1402605226353809E-003          -3          -1          -1
   8.1790721468494657E-003  -2.7150714850458649E-003          -2          -3          -2
   8.5340252504710716E-003  -2.8328991228004550E-003          -2          -2          -3
  -1.1692575719847602E-004   3.8816451399289965E-005          -2           0           1
  -3.3181420086095740E-003   1.1014467027503745E-003          -2           1           0
   3.8512267831767606E-003  -1.2784405184537993E-003          -1          -3          -1
  -2.9960231175187530E-003   9.9453931065798568E-004          -1          -1          -3
  -5.3223076302292595E-004   1.7667734279933563E-004          -1           0           2
  -1.5103305201604744E-002   5.0135891133891823E-003          -1           2           0
  -7.2078484424167501E-003   2.3926841319188183E-003           0          -2           1
  -6.5885399235586744E-004   2.1871050936796333E-004           0          -1           2
  -3.3857336640006662E-003   1.1239079826064681E-003           0           1          -2
  -8.2690186200912556E-003   2.7449280466379997E-003           0           2          -1
  -2.6072949140432890E-003   8.6550530256976690E-004           1          -2           0
  -9.1878369149208844E-005   3.0500011654741607E-005           1           0          -2
  -8.9945647184686288E-005   2.9857665543250000E-005           1           1           3
   7.8751738929075648E-003  -2.6141879949578050E-003           1           3           1
  -1.0454731606651568E-003   3.4704836398823937E-004           2          -1           0
  -3.6842001165446392E-005   1.2229191454783841E-005           2           0          -1
   7.2369608086486469E-003  -2.4023477454705655E-003           2           2           3
   4.2118243933159357E-003  -1.3981443270427885E-003           2           3           2
  -1.0823143596676815E-003   3.5927927097188924E-004           3           1           1
   2.6991718446516145E-003  -8.9600484506034532E-004           3           2           2
   1.0672230838810845E-002  -3.5427029147844873E-003          -3          -2          -1
   1.0882916151606029E-003  -3.6126799072527457E-004          -3          -1          -2
   7.8751690172629580E-003  -2.6142040577548779E-003          -2          -3          -1
  -8.9947191395210862E-005   2.9856792475386284E-005          -2          -1          -3
  -9.9088716763327013E-003   3.2893002086290249E-003          -2          -1           1
   3.6302809962838578E-004  -1.2051203818502532E-004          -2           1          -1
   7.5804216627105682E-004  -2.5163683786144869E-004          -1          -3          -2
  -1.8419683846777977E-004   6.1145306083004670E-005          -1          -2          -3
  -8.2690138335306494E-003   2.7449426362609244E-003          -1          -2           1
  -6.5885360439766466E-004   2.1871002568404403E-004          -1           1          -2
  -1.0309202497973544E-002   3.4221896259758896E-003          -1           1           2
  -1.0997167135962743E-002   3.6505674991331714E-003          -1           2           1
   3.5194000475509630E-004  -1.1682679972921377E-004           1          -2          -1
   2.3835784238917596E-004  -7.9123529828425336E-005           1          -1          -2
   9.8409451325839588E-004  -3.2667704880684175E-004           1          -1           2
   2.4558872305392710E-004  -8.1525751540055560E-005           1           2          -1
   8.5340220586654462E-003  -2.8329122088362677E-003           1           2           3
   8.1790679150905467E-003  -2.7150848549698531E-003           1           3           2
  -1.0975904905559298E-004   3.6433684572938255E-005           2          -1           1
   2.2208735607827084E-004  -7.3723580224989676E-005           2           1          -1
   1.0036312098707415E-003  -3.3316099124201451E-004           2           1           3
   7.9989869767130360E-004  -2.6553072301655552E-004           2           3           1
  -1.2985330243545993E-004   4.3104752099957413E-005           3           1           2
  -3.4811708260197257E-004   1.1555845328708700E-004           3           2           1
   4.2118305707007121E-003  -1.3981265443457204E-003          -3          -3          -2
   7.2369649852658622E-003  -2.4023336066068476E-003          -3          -2          -3
  -2.2489788544679938E-003   7.4655030462789150E-004          -3          -1           0
  -7.9250895942168967E-005   2.6308618612173279E-005          -3           0          -1
   4.2706241786266809E-003  -1.4176490342495958E-003          -2          -3          -3
  -2.3282335546300666E-003   7.7285752184976788E-004          -2           1           1
   4.2952622236341765E-003  -1.4258321645547515E-003          -1          -3           0
  -3.3857328042026422E-003   1.1239114443568144E-003          -1          -1           2
   1.5136014932398695E-004  -5.0245586672249190E-005          -1           0          -3
  -7.2078538764944813E-003   2.3926704986070952E-003          -1           2          -1
   2.1323279524857767E-003  -7.0783524951942224E-004           0          -3          -1
  -1.1651261364905041E-003   3.8676795656399066E-004           0          -1          -3
  -2.9960210062531319E-003   9.9454377180091752E-004           0           1           3
   3.8512335533440628E-003  -1.2784217705082801E-003           0           3           1
  -3.4616572323040089E-003   1.1491118252534263E-003           1          -2           1
   1.4536982752778247E-004  -4.8256699596398763E-005           1           0           3
  -1.3622521969726136E-003   4.5220578499983197E-004           1           1          -2
   4.1252552464532436E-003  -1.3693923246033502E-003           1           3           0
  -4.1429462578017470E-004   1.3752642138090192E-004           2          -1          -1
   4.4466221379528660E-003  -1.4760788246064793E-003           2           3           3
  -1.4102221329416669E-005   4.6816408313267444E-006           3           0           1
  -4.0019178864010867E-004   1.3284540925553851E-004           3           1           0
   3.4945796569447684E-003  -1.1600412751070067E-003           3           2           3
   2.2965300825980913E-003  -7.6234412237373883E-004           3           3           2
   4.4466238618867610E-003  -1.4760737093494482E-003          -3          -3          -3
   7.9989938819292016E-004  -2.6552998613994322E-004          -3          -3          -1
   2.5604273031575712E-003  -8.4994997849841783E-004          -3          -2           0
   1.0036316356874602E-003  -3.3315753731318981E-004          -3          -1          -3
   9.0227299604471944E-005  -2.9951420019134993E-005          -3           0          -2
   8.2658772206797502E-010   1.2468802156232111E-009          -3           0           0
   4.1252527711759012E-003  -1.3693982300328805E-003          -2          -3           0
   2.4558960181807194E-004  -8.1522750608692304E-005          -2          -2           1
   1.4536941176524596E-004  -4.8256597526380067E-005          -2           0          -3
   9.8409633142295728E-004  -3.2667315378644417E-004          -2           1          -2
  -1.4184432222737431E-004   4.7086187822874119E-005          -1          -3          -3
  -2.6506546681465924E-003   8.7990224913855669E-004          -1           2           2
  -5.1907795818318205E-004   1.7231089277190058E-004           0          -3          -2
   2.5653854289613598E-003  -8.5158901676087452E-004           0          -3           0
  -1.3792936014213354E-003   4.5786310787946185E-004           0          -2          -3
   9.0401890833807251E-005  -3.0009521588038375E-005           0           0          -3
   1.5136015775183911E-004  -5.0245427604901341E-005           0           0           3
  -1.8419599040486853E-004   6.1144591592001552E-005           0           2           3
   4.2952639980414799E-003  -1.4258289494362988E-003           0           3           0
   7.5804379511201021E-004  -2.5163343647664695E-004           0           3           2
   6.9928426967746818E-004  -2.3213007094549946E-004           1          -2          -2
   4.2706225311211626E-003  -1.4176553268341503E-003           1           3           3
   9.3965553231364473E-004  -3.1192310733787825E-004           2          -1           2
  -4.8284462377127038E-006   1.6028583894611682E-006           2           0           3
   1.3941143441121224E-003  -4.6278329003297786E-004           2           2          -1
  -1.3701521229813918E-004   4.5484133515724532E-005           2           3           0
   1.2204783635069384E-011  -8.3477642452147316E-011           3           0           0
  -2.3803310114393280E-005   7.9019280480719180E-006           3           0           2
   8.7503595422719349E-004  -2.9047199839636037E-004           3           1           3
  -6.7548089486470860E-004   2.2422891550187834E-004           3           2           0
  -4.3963845156574146E-004   1.4594025376575169E-004           3           3           1
   2.6557868236147821E-003  -8.8159908120709991E-004           3           3           3
   2.6991737634513408E-003  -8.9599991891862389E-004          -4          -2          -2
  -6.3912056784835771E-004   2.1215784398294070E-004          -2          -4          -2
   2.0618258448446523E-003  -6.8443174527015732E-004          -2          -2          -4
  -9.1878737715421510E-005   3.0500030826546051E-005          -2           0           2
  -2.6072971595318814E-003   8.6549991904875760E-004          -2           2           0
  -2.8731427769638470E-003   9.5375162218475009E-004           0          -2           2
  -2.1855947821690703E-003   7.2551766090511640E-004           0           2          -2
  -1.0885320677669990E-003   3.6134235752430856E-004           2          -2           0
  -3.8359023634507860E-005   1.2733416967827162E-005           2           0          -2
   2.8247151109141678E-003  -9.3767576890314678E-004           2           2           4
   8.1131638952154639E-004  -2.6932034274860150E-004           2           4           2
   1.1268906562552205E-003  -3.7407604141075773E-004           4           2           2
   2.2965305656057833E-003  -7.6234330425646992E-004          -4          -3          -2
   3.4945801428119686E-003  -1.1600409185897800E-003          -4          -2          -3
  -3.4811646017623272E-004   1.1555926986602171E-004          -4          -2          -1
  -1.2985304712893639E-004   4.3105882472376696E-005          -4          -1          -2
   8.1131625357280790E-004  -2.6932074743552621E-004          -3          -4          -2
   2.8247148558852970E-003  -9.3767674811533783E-004          -3          -2          -4
   2.2208765404129095E-004  -7.3722557807567805E-005          -3          -1           1
  -1.0975807105619691E-004   3.6436079906064799E-005          -3           1          -1
   1.5106015095467931E-003  -5.0145204674637727E-004          -2          -4          -3
  -1.9227490693356935E-003   6.3826323490787204E-004          -2          -4          -1
   2.2897724740521307E-003  -7.6010107857935657E-004          -2          -3          -4
   4.8976566138588944E-005  -1.6257142251825544E-005          -2          -1          -4
  -1.3622520843403268E-003   4.5220632067025432E-004          -2          -1           2
   2.3835729243321273E-004  -7.9123833093915693E-005          -2           1           2
  -3.4616573139116965E-003   1.1491118085307109E-003          -2           2          -1
   3.5193901602190934E-004  -1.1682909254714416E-004          -2           2           1
  -1.4231784140537414E-003   4.7242943662426556E-004          -1          -4          -2
   2.0478636468732217E-003  -6.7979520598035394E-004          -1          -3           1
   1.5482530391043773E-005  -5.1390269500668792E-006          -1          -2          -4
  -2.1855944328822508E-003   7.2551793483391694E-004          -1          -2           2
   1.8889641185091652E-004  -6.2704808232358253E-005          -1           1          -3
  -1.1651261972038503E-003   3.8676824260403089E-004          -1           1           3
  -2.8731424779705602E-003   9.5375279247016695E-004          -1           2          -2
   2.1323280825632884E-003  -7.0783468576479278E-004          -1           3           1
   1.2012871631312922E-003  -3.9877186110596384E-004           1          -3          -1
  -1.4935257442344340E-003   4.9578128673931745E-004           1          -2           2
   1.0370876657084130E-004  -3.4426494678658034E-005           1          -1          -3
   8.8654174542528847E-004  -2.9429186181133846E-004           1          -1           3
  -1.1826486479306663E-004   3.9257961566732671E-005           1           2          -2
   2.0618260719915357E-003  -6.8443175730197080E-004           1           2           4
   2.2677811538829380E-003  -7.5280094074045545E-004           1           3          -1
  -6.3912026357815905E-004   2.1215872779939318E-004           1           4           2
  -7.0726994265851197E-005   2.3477797979089957E-005           2          -2          -1
  -1.1355037321760960E-003   3.7693470321487023E-004           2          -2           1
   1.3376729339620178E-004  -4.4404788755868247E-005           2          -1          -2
   2.1361706623291029E-005  -7.0913490706782020E-006           2           1          -2
   7.5717978575385420E-004  -2.5134868390925625E-004           2           1           4
   2.1116450955986693E-003  -7.0096850096224537E-004           2           3           4
  -1.4032305047726396E-003   4.6580925821808258E-004           2           4           1
   1.9988865472898129E-003  -6.6353842208906311E-004           2           4           3
   2.1677113669791619E-004  -7.1958040382780932E-005           3          -1           1
   1.4389826552285790E-004  -4.7767966410392241E-005           3           1          -1
   1.5414427688928789E-003  -5.1168782328247153E-004           3           2           4
   1.4780427216659678E-003  -4.9064253256567538E-004           3           4           2
   2.1462503476911716E-004  -7.1245734164515856E-005           4           1           2
   8.3003645759441462E-005  -2.7553259946563283E-005           4           2           1
   1.1799255732290186E-003  -3.9168097317963523E-004           4           2           3
   1.2392125394141353E-003  -4.1136160152339463E-004           4           3           2
   2.6557863123696499E-003  -8.8160074580699642E-004          -4          -3          -3
  -1.0823144084150269E-003   3.5927881729064508E-004          -4          -1          -1
   1.9988862212843065E-003  -6.6353989717194838E-004          -3          -4          -3
   2.1116448187424300E-003  -7.0097108585396542E-004          -3          -3          -4
  -1.3701575773952742E-004   4.5481781752889413E-005          -3          -3           0
  -4.8289691003296186E-006   1.6029007020315991E-006          -3           0          -3
  -3.6841915664301179E-005   1.2230460220938331E-005          -3           0           1
  -1.0454727941900006E-003   3.4704974222543470E-004          -3           1           0
  -9.2419787525192777E-004   3.0679113785137137E-004          -1          -4          -1
  -5.9082866711851121E-004   1.9612852155449653E-004          -1          -1          -4
   9.0401661907482008E-005  -3.0009587245853013E-005          -1           0           3
   2.5653847875167749E-003  -8.5159163226270862E-004          -1           3           0
  -8.7728671179408062E-004   2.9121953088018270E-004           0          -3          -3
   3.2584989409924702E-004  -1.0816632952728527E-004           0          -3           1
   1.8889581585836927E-004  -6.2705739430049502E-005           0          -1           3
  -5.4677685148802257E-004   1.8150566195617758E-004           0           1          -3
   2.0478626949668164E-003  -6.7979826588843314E-004           0           3          -1
  -1.4184417346272521E-004   4.7084836428398913E-005           0           3           3
   5.8428679338441637E-004  -1.9395610186640196E-004           1          -3           0
   2.0590247486363889E-005  -6.8348288882467279E-006           1           0          -3
   4.8976659880877676E-005  -1.6257931545635738E-005           1           1           4
  -1.9227483812305388E-003   6.3826560411872168E-004           1           4           1
  -1.8021830561588002E-004   5.9824207514623136E-005           3          -1           0
  -6.3510641800258016E-006   2.1081041200556974E-006           3           0          -1
  -2.9862319032306107E-005   9.9132355367319859E-006           3           0           3
  -8.4742452690107078E-004   2.8130686766023234E-004           3           3           0
   3.7742068043517273E-004  -1.2528575517933309E-004           3           3           4
   9.1667826698336964E-004  -3.0429489892693060E-004           3           4           3
  -1.8656930932233086E-004   6.1932514895568134E-005           4           1           1
   6.0487719178978802E-004  -2.0079123334231348E-004           4           3           3
  -4.3963863807188250E-004   1.4593897351193504E-004          -4          -3          -1
   8.7503583453281701E-004  -2.9047173679415058E-004          -4          -1          -3
  -1.4032309806838515E-003   4.6580693432762279E-004          -3          -4          -1
   1.3941148276927211E-003  -4.6278151308416662E-004          -3          -2           1
   7.5717968026618439E-004  -2.5134881179463464E-004          -3          -1          -4
   9.3965609177746885E-004  -3.1192261092564120E-004          -3           1          -2
   2.2677817280719113E-003  -7.5279843055845136E-004          -2          -3           1
   8.8654200301887577E-004  -2.9429159231186689E-004          -2           1          -3
   9.0458365717677266E-006  -3.0035711800366998E-006          -1          -4          -3
   6.5398402658368038E-004  -2.1709329760284909E-004          -1          -3          -4
  -1.3792938723672194E-003   4.5786202301987790E-004          -1           2           3
  -5.1907790019030766E-004   1.7231023212425936E-004          -1           3           2
   3.3214992685073614E-004  -1.1025811464953149E-004           1          -3          -2
  -9.9688593727169776E-005   3.3092382851409742E-005           1          -2          -3
   2.2897730016970567E-003  -7.6009908674652443E-004           1           3           4
   1.5106019027092297E-003  -5.0145018651299013E-004           1           4           3
   6.9155856529737011E-004  -2.2956562069079828E-004           2          -1           3
   6.7803509443675909E-004  -2.2507691492886723E-004           2           3          -1
   4.5154222911889148E-004  -1.4989118122121656E-004           3          -1           2
   6.6898908736359405E-004  -2.2207365676910100E-004           3           1           4
   1.2730531345799397E-004  -4.2259687439320085E-005           3           2          -1
   3.7574505373303532E-005  -1.2472696400517351E-005           3           4           1
   4.5945510499765857E-004  -1.5251809212647646E-004           4           1           3
   3.5185359415747404E-004  -1.1679909979447754E-004           4           3           1
   9.1667831968469601E-004  -3.0429513250571837E-004          -4          -4          -3
   3.7742057745034579E-004  -1.2528705513812982E-004          -4          -3          -4
  -4.0019165420728095E-004   1.3284558706607707E-004          -4          -1           0
  -1.4102185453079874E-005   4.6814823548966472E-006          -4           0          -1
   4.0380446546753568E-004  -1.3404477282245815E-004          -3          -4          -4
  -4.1429442532123998E-004   1.3752702232069686E-004          -3           1           1
   7.7188432408839970E-004  -2.5622988736727023E-004          -1          -4           0
  -5.4677745856240715E-004   1.8150473011449840E-004          -1          -1           3
   2.7200138536829896E-005  -9.0292465859630720E-006          -1           0          -4
   3.2584913412873618E-004  -1.0816796659904474E-004          -1           3          -1
   2.4161728834044485E-004  -8.0205518532536186E-005           0          -4          -1
  -3.4966978929148611E-004   1.1607452100795524E-004           0          -1          -4
  -5.9082857117989500E-004   1.9612733633742410E-004           0           1           4
  -9.2419745825782955E-004   3.0679193551898026E-004           0           4           1
  -6.2552198086965772E-004   2.0764461586735678E-004           1          -3           1
  -1.3745690445903921E-005   4.5627479760141242E-006           1           0           4
  -3.8022661642063502E-004   1.2621808979729551E-004           1           1          -3
  -3.9005837822655867E-004   1.2948220980617283E-004           1           4           0
  -1.4313272231523787E-004   4.7513418512883424E-005           3          -1          -1
  -7.9908473859757767E-004   2.6525932338209042E-004           3           4           4
  -4.8722917093640770E-006   1.6174111351046946E-006           4           0           1
  -1.3826046956922397E-004   4.5896180213751307E-005           4           1           0
  -6.2184384963734633E-004   2.0642368170400326E-004           4           3           4
  -2.7585216845443203E-004   9.1570153801970175E-005           4           4           3
   1.4780426197691043E-003  -4.9064277953186821E-004          -4          -4          -2
   1.5414427224458155E-003  -5.1168952238907868E-004          -4          -2          -4
  -6.7548075932111608E-004   2.2422859358102410E-004          -4          -2           0
  -2.3803379204174425E-005   7.9016820141385317E-006          -4           0          -2
   1.0027823893044064E-003  -3.3287872652933961E-004          -2          -4          -4
  -3.9005883781336782E-004   1.2948126796051682E-004          -2          -4           0
  -1.1826448594554203E-004   3.9259231857176739E-005          -2          -2           2
  -1.3746071601346871E-005   4.5629742792787405E-006          -2           0          -4
  -1.4935251991069780E-003   4.9578288292710031E-004          -2           2          -2
   6.9928400146662293E-004  -2.3213042471506947E-004          -2           2           2
  -5.3730945972623346E-004   1.7836227219589110E-004           0          -4          -2
  -3.7430971871067764E-004   1.2425394633854892E-004           0          -2          -4
   1.5482607551991286E-005  -5.1398867171659834E-006           0           2           4
  -1.4231778132127676E-003   4.7243023242686684E-004           0           4           2
   1.9046729547031154E-004  -6.3226425452611015E-005           2          -2          -2
  -1.5641526520289716E-004   5.1922368123819956E-005           2          -2           2
  -3.4133449351817962E-005   1.1331172668902299E-005           2           0           4
   3.4986321308089555E-004  -1.1613900936013140E-004           2           2          -2
  -9.6864865102615563E-004   3.2154774814422674E-004           2           4           0
   4.0380445653623434E-004  -1.3404418379038926E-004           2           4           4
  -6.4837948341875477E-006   2.1523150556101058E-006           4           0           2
  -1.8398373310007409E-004   6.1074337699186179E-005           4           2           0
   1.8744636549992467E-004  -6.2223530951354487E-005           4           2           4
   5.3072501665206776E-004  -1.7617653014007849E-004           4           4           2
  -7.9908442701950627E-004   2.6526000711649762E-004          -4          -4          -4
   3.1232954473762589E-010   2.8315069547187339E-010          -4           0           0
   8.9087445052426400E-004  -2.9572908366832157E-004           0          -4           0
   3.1393270560909528E-005  -1.0421240723132140E-005           0           0          -4
   2.7200394099950818E-005  -9.0294816657042033E-006           0           0           4
   7.7188443145055174E-004  -2.5623044581086140E-004           0           4           0
  -1.4295470872342036E-012   2.1299110416575459E-011           4           0           0
  -9.2226769791733595E-004   3.0615044580698967E-004           4           4           4
   6.0487691673654677E-004  -2.0079169725451234E-004          -5          -3          -3
   1.1268905508606650E-003  -3.7407678988448669E-004          -5          -2          -2
   3.7574354573148684E-005  -1.2473500578690763E-005          -4          -4          -1
  -8.4742481765304168E-004   2.8130559385416076E-004          -4          -3           0
   6.6898920603384454E-004  -2.2207420884778545E-004          -4          -1          -4
  -2.9862443072039496E-005   9.9130945500133449E-006          -4           0          -3
   5.6873282639386172E-004  -1.8879308141381642E-004          -3          -5          -3
  -9.6864914826422894E-004   3.2154620541899879E-004          -3          -4           0
   2.4017677783900759E-005  -7.9731828426536523E-006          -3          -3          -5
   6.7803519094126379E-004  -2.2507647528775251E-004          -3          -3           1
  -3.4133725887925336E-005   1.1331165194603284E-005          -3           0          -4
  -3.8358963658969307E-005   1.2733608003566593E-005          -3           0           2
   6.9155834509393780E-004  -2.2956587428489813E-004          -3           1          -3
  -1.0885317631113599E-003   3.6134309945160198E-004          -3           2           0
   4.4687476763067523E-005  -1.4834585372763949E-005          -2          -5          -2
   6.5135670500073299E-004  -2.1622093470000702E-004          -2          -2          -5
   2.0590099392850989E-005  -6.8347527599938039E-006          -2           0           3
   5.8428651691553538E-004  -1.9395694095771632E-004          -2           3           0
   4.2964471997332301E-004  -1.4262276440826039E-004          -1          -4          -4
  -8.7728673268951292E-004   2.9121875162581409E-004          -1           3           3
  -2.1923879610266219E-004   7.2777225078663672E-005           0          -4          -3
  -2.9705385364070323E-005   9.8608426556348113E-006           0          -3          -4
  -6.5175424673583190E-004   2.1635267313101111E-004           0          -3           2
  -5.6447123029561199E-004   1.8737819678547142E-004           0          -2           3
  -6.7274893613708097E-004   2.2332209957390189E-004           0           2          -3
  -1.5915363557990712E-005   5.2828088608187116E-006           0           3          -2
   6.5398435783923928E-004  -2.1709250806995194E-004           0           3           4
   9.0463959878164570E-006  -3.0025229049486952E-006           0           4           3
  -1.1242432184477513E-004   3.7319867192833730E-005           1          -3          -3
   1.0027825563591343E-003  -3.3287755245930923E-004           1           4           4
  -1.8507497866240786E-004   6.1436417614231878E-005           2          -3           0
  -6.5217571643341604E-006   2.1649878823657424E-006           2           0          -3
   5.8464788620490329E-004  -1.9407598946415171E-004           2           2           5
   5.8848868451924973E-004  -1.9535140181641306E-004           2           5           2
  -2.0841997703382483E-004   6.9185863901239373E-005           3          -2           0
   1.9568097703873900E-004  -6.4956986960255025E-005           3          -1           3
  -7.3446892157869704E-006   2.4379971753161947E-006           3           0          -2
  -1.4624718040971173E-005   4.8548555026553151E-006           3           0           4
  -1.5084040867476039E-005   5.0074055247290453E-006           3           3          -1
  -6.2806157770491902E-004   2.0848762158129927E-004           3           3           5
  -4.1501992748052498E-004   1.3776782849761899E-004           3           4           0
  -3.9780265020756723E-007   1.3190048116795293E-007           3           5           3
  -3.8268198044841977E-006   1.2703392776815560E-006           4           0           3
   2.0415490223100224E-004  -6.7770117436994614E-005           4           1           4
  -1.0859749208376106E-004   3.6049428673744999E-005           4           3           0
   2.2538652864692149E-004  -7.4818111093279555E-005           4           4           1
   2.1576494786691581E-004  -7.1624037461987753E-005           5           2           2
  -1.9159653001015308E-004   6.3601381868077486E-005           5           3           3
   1.2392123119192606E-003  -4.1136220726689155E-004          -5          -3          -2
   1.1799253196936674E-003  -3.9168188375833990E-004          -5          -2          -3
   5.8848881377523607E-004  -1.9535140937888224E-004          -3          -5          -2
   5.8464797604035389E-004  -1.9407695024364471E-004          -3          -2          -5
   2.1361670801324702E-005  -7.0909428336824832E-006          -3          -1           2
  -1.1355035393077544E-003   3.7693578462406603E-004          -3           2          -1
   5.0001567322618403E-004  -1.6598255556119699E-004          -2          -5          -3
   4.7518353489608533E-004  -1.5773962206764463E-004          -2          -3          -5
   1.0370881391219886E-004  -3.4426448615546721E-005          -2           1           3
   1.2012868112046278E-003  -3.9877271978017696E-004          -2           3           1
  -1.5914935592558807E-005   5.2835231255720905E-006          -1          -3           2
  -5.6447086527472022E-004   1.8737888667760128E-004          -1           2          -3
  -9.5954127102633478E-006   3.1848984038722627E-006           1          -2           3
   4.5722532661699491E-004  -1.5177830659507478E-004           1           3          -2
   1.1227412366871079E-004  -3.7269852119017910E-005           2          -3          -1
   4.2396951438607978E-005  -1.4073784465419470E-005           2          -1          -3
   2.4017663394332961E-005  -7.9725472269284314E-006           2           3           5
   5.6873263947003179E-004  -1.8879326410826134E-004           2           5           3
  -7.1073367392689569E-005   2.3593055859314603E-005           3          -2           1
   3.5935663569570779E-005  -1.1929118163632639E-005           3           1          -2
   4.2790224895463223E-005  -1.4204342354361619E-005           3           2           5
   4.8477871656239238E-004  -1.6092451681680157E-004           3           5           2
   7.6338747240339565E-005  -2.5340894743395210E-005           5           2           3
   1.1347061015070773E-004  -3.7666979638493849E-005           5           3           2
  -2.7585211098869576E-004   9.1570662322709311E-005          -5          -4          -3
  -6.2184378706491429E-004   2.0642385768988435E-004          -5          -3          -4
   8.3003483813995490E-005  -2.7553748209429538E-005          -5          -2          -1
   2.1462494473193570E-004  -7.1245861856139109E-005          -5          -1          -2
  -3.9770926932247473E-007   1.3240379575831095E-007          -4          -5          -3
  -6.2806152321203160E-004   2.0848774284152325E-004          -4          -3          -5
   1.4389847233405492E-004  -4.7767457991898575E-005          -4          -1           1
   2.1677128055949343E-004  -7.1958025431451356E-005          -4           1          -1
  -2.2630829432960373E-004   7.5124207002732481E-005          -3          -5          -4
  -5.0259101490854438E-004   1.6683737542030929E-004          -3          -4          -5
   1.3376735089387122E-004  -4.4404504541177938E-005          -3           1           2
  -7.0727033128650324E-005   2.3478169725556564E-005          -3           2           1
  -5.2668106355623241E-004   1.7483365601253628E-004          -2          -5          -1
   1.9890425218410825E-004  -6.6027081129932033E-005          -2          -1          -5
  -3.8022683921243929E-004   1.2621788726238799E-004          -2          -1           3
  -6.2552220028962765E-004   2.0764475099703763E-004          -2           3          -1
  -2.4599274091819046E-004   8.1658233498575398E-005          -1          -5          -2
   7.5976067592068200E-004  -2.5220540947576989E-004          -1          -4           1
   2.6791700514834985E-004  -8.8936188582775037E-005          -1          -2          -5
  -6.7274910483216058E-004   2.2332177755382708E-004          -1          -2           3
   2.4423679425944342E-004  -8.1075450214185708E-005          -1           1          -4
  -3.4966972575992432E-004   1.1607413938328891E-004          -1           1           4
  -6.5175445834010875E-004   2.1635271731855273E-004          -1           3          -2
   2.4161731252561299E-004  -8.0205913230817880E-005          -1           4           1
   2.6779658352935059E-004  -8.8896208944938483E-005           1          -4          -1
  -5.4243955813366713E-004   1.8006498108505674E-004           1          -3           2
  -6.8004620148262191E-005   2.2574422014212476E-005           1          -1          -4
   3.0382574745508781E-004  -1.0085629571097538E-004           1          -1           4
  -2.9570017583401860E-004   9.8158960792934854E-005           1           2          -3
   6.5135671870035147E-004  -2.1622043649692054E-004           1           2           5
   5.0532286268726234E-004  -1.6774399953215798E-004           1           4          -1
   4.4687547757394477E-005  -1.4834190787128425E-005           1           5           2
  -3.5079904393582324E-004   1.1644923186487886E-004           2          -3           1
  -8.9803197002778545E-005   2.9810573042274935E-005           2           1          -3
   2.7901447800676417E-004  -9.2619923824042305E-005           2           1           5
  -1.9876528182016790E-004   6.5980916135915138E-005           2           5           1
   0.0000000000000000        0.0000000000000000                3          -2          -1
   0.0000000000000000        0.0000000000000000                3          -1          -2
  -7.7091798553163902E-004   2.5590936182778347E-004           3           4           5
  -5.6085656340591468E-004   1.8617859983609914E-004           3           5           4
   0.0000000000000000        0.0000000000000000                4          -1           1
   0.0000000000000000        0.0000000000000000                4           1          -1
  -5.4169300749373609E-004   1.7981731926286162E-004           4           3           5
  -2.7452272566447027E-004   9.1128976808566297E-005           4           5           3
   0.0000000000000000        0.0000000000000000                5           1           2
   0.0000000000000000        0.0000000000000000                5           2           1
  -3.5759981213470145E-004   1.1870685453452289E-004           5           3           4
  -2.8279451531399287E-004   9.3874892504042476E-005           5           4           3
  -9.2226760326813938E-004   3.0615119591267102E-004          -5          -4          -4
   5.3072499836134921E-004  -1.7617624470216072E-004          -5          -4          -2
   3.5185341515944746E-004  -1.1679962723378240E-004          -5          -3          -1
   1.8744623691950167E-004  -6.2223935398586933E-005          -5          -2          -4
   4.5945511201440480E-004  -1.5251837038462757E-004          -5          -1          -3
  -1.8656927732999600E-004   6.1932407337616114E-005          -5          -1          -1
  -5.6085647954307179E-004   1.8617905523089564E-004          -4          -5          -4
   4.8477885471874007E-004  -1.6092411717525578E-004          -4          -5          -2
  -7.7091785538529719E-004   2.5590988354059682E-004          -4          -4          -5
   4.2790239527871775E-005  -1.4204774215701733E-005          -4          -2          -5
   1.2730550378498189E-004  -4.2259452732265986E-005          -4          -2           1
  -6.3509769494077091E-006   2.1082442034508658E-006          -4           0           1
   4.5154219683253609E-004  -1.4989142798717430E-004          -4           1          -2
  -1.8021823023733286E-004   5.9824444023813670E-005          -4           1           0
  -1.9876521547878111E-004   6.5980844326388443E-005          -3          -5          -1
   3.4986344411853509E-004  -1.1613833165349908E-004          -3          -2           2
   2.7901462846162872E-004  -9.2620230768254269E-005          -3          -1          -5
  -1.5641501925829442E-004   5.1922865599255991E-005          -3           2          -2
   6.8961165245139098E-005  -2.2892010138981540E-005          -2          -5          -4
  -5.5948556976576839E-005   1.8572211930700292E-005          -2          -4          -5
   5.0532271390229990E-004  -1.6774399360099777E-004          -2          -4           1
   4.5722560936341982E-004  -1.5177749660166872E-004          -2          -3           2
   3.0382559030357672E-004  -1.0085623475366498E-004          -2           1          -4
  -9.5950699469435980E-006   3.1852718589580095E-006          -2           2          -3
  -9.9688788167160577E-005   3.3091930636293572E-005          -2           2           3
   3.3214957542792689E-004  -1.1025871683064964E-004          -2           3           2
   8.2305996794591847E-005  -2.7321881263574618E-005          -1          -5          -3
  -3.1833399352994372E-004   1.0567206530854526E-004          -1          -5          -1
   2.7861982484404763E-004  -9.2489181305033746E-005          -1          -3          -5
   3.3976394549625543E-005  -1.1278484280056238E-005          -1          -1          -5
   3.1393338727954949E-005  -1.0421388012836680E-005          -1           0           4
  -3.7430974302106766E-004   1.2425337169242240E-004          -1           2           4
   8.9087425370479973E-004  -2.9572980445496461E-004          -1           4           0
  -5.3730935030838920E-004   1.7836220721545128E-004          -1           4           2
   3.6677336779886160E-004  -1.2175165751464818E-004           0          -4           1
   2.4423680800112542E-004  -8.1075671134552723E-005           0          -1           4
   5.8118459864835226E-005  -1.9292686814524169E-005           0           1          -4
   7.5976058361817490E-004  -2.5220599740577161E-004           0           4          -1
   0.0000000000000000        0.0000000000000000                1          -4          -2
   0.0000000000000000        0.0000000000000000                1          -4           0
   0.0000000000000000        0.0000000000000000                1          -2          -4
   0.0000000000000000        0.0000000000000000                1           0          -4
   1.9890419909336193E-004  -6.6026972991811573E-005           1           1           5
   4.7518358576872075E-004  -1.5773890814949770E-004           1           3           5
  -5.2668094566740633E-004   1.7483412432976026E-004           1           5           1
   5.0001564937624118E-004  -1.6598229120797018E-004           1           5           3
   0.0000000000000000        0.0000000000000000                2          -3          -2
   0.0000000000000000        0.0000000000000000                2          -2          -3
   2.1321238728831424E-004  -7.0776939918075217E-005           2          -2           3
   1.3153213014088360E-004  -4.3662517252199490E-005           2          -1           4
   2.8323296492045117E-004  -9.4020413115812932E-005           2           3          -2
   6.3013551189227481E-005  -2.0917399634598298E-005           2           4          -1
  -5.0259112763709809E-004   1.6683729621930026E-004           2           4           5
  -2.2630847218779569E-004   7.5124066594202803E-005           2           5           4
   0.0000000000000000        0.0000000000000000                3          -2           2
   1.3197464436407136E-004  -4.3809581844620295E-005           3           1           5
   0.0000000000000000        0.0000000000000000                3           2          -2
   7.5583532442565309E-005  -2.5090462092274271E-005           3           5           1
   0.0000000000000000        0.0000000000000000                4          -1           0
   0.0000000000000000        0.0000000000000000                4          -1           2
   0.0000000000000000        0.0000000000000000                4           0          -1
   0.0000000000000000        0.0000000000000000                4           2          -1
  -2.0092704751910827E-004   6.6698615556574914E-005           4           2           5
  -3.7645240130290691E-004   1.2496484873991893E-004           4           4           5
   6.5407305989003469E-005  -2.1712152330681490E-005           4           5           2
  -3.3279696109327783E-004   1.1047329457985646E-004           4           5           4
   0.0000000000000000        0.0000000000000000                5           1           1
   0.0000000000000000        0.0000000000000000                5           1           3
   0.0000000000000000        0.0000000000000000                5           2           4
   0.0000000000000000        0.0000000000000000                5           3           1
   0.0000000000000000        0.0000000000000000                5           4           2
   0.0000000000000000        0.0000000000000000                5           4           4
  -4.1502001121221317E-004   1.3776731995558564E-004          -4          -4           0
  -1.4624737171404153E-005   4.8547596968453135E-006          -4           0          -4
   0.0000000000000000        0.0000000000000000                0          -4          -4
   4.2964484580524948E-004  -1.4262230429986939E-004           0           4           4
   0.0000000000000000        0.0000000000000000                4           0           4
   0.0000000000000000        0.0000000000000000                4           4           0
  -2.7452274040440432E-004   9.1129087846513715E-005          -5          -5          -3
  -5.4169303337226198E-004   1.7981756874880817E-004          -5          -3          -5
  -1.8398368213358110E-004   6.1074184806597615E-005          -5          -2           0
  -6.4837537889274021E-006   2.1521895786472242E-006          -5           0          -2
   0.0000000000000000        0.0000000000000000               -3          -5          -5
   1.9046729224981963E-004  -6.3226390470044909E-005          -3           2           2
   0.0000000000000000        0.0000000000000000               -2          -5           0
  -2.9570022069625254E-004   9.8159126048030093E-005          -2          -2           3
   0.0000000000000000        0.0000000000000000               -2           0          -5
  -5.4243953990450872E-004   1.8006513385275351E-004          -2           3          -2
   0.0000000000000000        0.0000000000000000                0          -5          -2
   0.0000000000000000        0.0000000000000000                0          -2          -5
   2.6791695343652059E-004  -8.8936106459874652E-005           0           2           5
  -2.4599266927805561E-004   8.1658321945518079E-005           0           5           2
   0.0000000000000000        0.0000000000000000                2          -3           2
   0.0000000000000000        0.0000000000000000                2           0           5
   0.0000000000000000        0.0000000000000000                2           2          -3
   0.0000000000000000        0.0000000000000000                2           5           0
   0.0000000000000000        0.0000000000000000                3          -2          -2
   0.0000000000000000        0.0000000000000000                5           0           2
   0.0000000000000000        0.0000000000000000                5           2           0
  -3.3279689947878188E-004   1.1047354994475626E-004          -5          -5          -4
  -3.7645238285322768E-004   1.2496533443933215E-004          -5          -4          -5
   2.2538657943263886E-004  -7.4817925391005549E-005          -5          -4          -1
   2.0415495441637236E-004  -6.7770336420317775E-005          -5          -1          -4
  -1.3826032572121481E-004   4.5896182686419834E-005          -5          -1           0
  -4.8721522417376238E-006   1.6173213679533856E-006          -5           0          -1
   0.0000000000000000        0.0000000000000000               -4          -5          -5
   7.5583687555183168E-005  -2.5090133997466567E-005          -4          -5          -1
  -1.5084083720531570E-005   5.0070575463922100E-006          -4          -3           1
   1.3197478011339506E-004  -4.3809839155577627E-005          -4          -1          -5
   1.9568087713172348E-004  -6.4957121289720219E-005          -4           1          -3
  -1.4313279422958471E-004   4.7513517535815788E-005          -4           1           1
   6.3013378339658283E-005  -2.0917833248016294E-005          -3          -4           1
   1.3153197201976069E-004  -4.3662532551787177E-005          -3           1          -4
   0.0000000000000000        0.0000000000000000               -1          -5          -4
   0.0000000000000000        0.0000000000000000               -1          -5           0
   0.0000000000000000        0.0000000000000000               -1          -4          -5
   5.8118447107798106E-005  -1.9292869432388529E-005          -1          -1           4
   0.0000000000000000        0.0000000000000000               -1           0          -5
  -2.9705324538947604E-005   9.8606283480833497E-006          -1           3           4
   3.6677317923190453E-004  -1.2175206085133353E-004          -1           4          -1
  -2.1923867261708976E-004   7.2777139645997888E-005          -1           4           3
   0.0000000000000000        0.0000000000000000                0          -5          -1
   0.0000000000000000        0.0000000000000000                0          -1          -5
   3.3976406512732372E-005  -1.1278548967197498E-005           0           1           5
  -3.1833379575682758E-004   1.0567236548337555E-004           0           5           1
   0.0000000000000000        0.0000000000000000                1          -4          -3
   0.0000000000000000        0.0000000000000000                1          -4           1
   0.0000000000000000        0.0000000000000000                1          -3          -4
   0.0000000000000000        0.0000000000000000                1           0           5
   0.0000000000000000        0.0000000000000000                1           1          -4
  -5.5948594583037821E-005   1.8572553251993478E-005           1           4           5
   0.0000000000000000        0.0000000000000000                1           5           0
   6.8961106536824033E-005  -2.2891793217450472E-005           1           5           4
   0.0000000000000000        0.0000000000000000                3          -1           4
   0.0000000000000000        0.0000000000000000                3           4          -1
   0.0000000000000000        0.0000000000000000                4          -1          -1
   0.0000000000000000        0.0000000000000000                4          -1           3
   0.0000000000000000        0.0000000000000000                4           1           5
   0.0000000000000000        0.0000000000000000                4           3          -1
   0.0000000000000000        0.0000000000000000                4           5           1
   0.0000000000000000        0.0000000000000000                5           0           1
   0.0000000000000000        0.0000000000000000                5           1           0
   0.0000000000000000        0.0000000000000000                5           1           4
   0.0000000000000000        0.0000000000000000                5           4           1
  -1.9159661013518360E-004   6.3601302931233527E-005          -6          -3          -3
   6.5407246023920385E-005  -2.1712198032139018E-005          -5          -5          -2
  -1.0859750984979570E-004   3.6049302693139244E-005          -5          -3           0
  -2.0092711102861165E-004   6.6698506985564767E-005          -5          -2          -5
  -3.8268507672249571E-006   1.2703039437851626E-006          -5           0          -3
   0.0000000000000000        0.0000000000000000               -3          -6          -3
   0.0000000000000000        0.0000000000000000               -3          -5           0
   0.0000000000000000        0.0000000000000000               -3          -3          -6
   2.8323301101299014E-004  -9.4020309408833066E-005          -3          -3           2
   0.0000000000000000        0.0000000000000000               -3           0          -5
  -6.5218352484428440E-006   2.1650333914584601E-006          -3           0           3
   2.1321251234445571E-004  -7.0776750310633571E-005          -3           2          -3
  -1.8507506969752248E-004   6.1436371753628734E-005          -3           3           0
   0.0000000000000000        0.0000000000000000               -2          -5          -5
  -1.1242430389049481E-004   3.7319722182784710E-005          -2           3           3
   0.0000000000000000        0.0000000000000000                0          -5          -3
   0.0000000000000000        0.0000000000000000                0          -3          -5
   0.0000000000000000        0.0000000000000000                0          -3           3
   0.0000000000000000        0.0000000000000000                0           3          -3
   2.7861984993932901E-004  -9.2489053405072060E-005           0           3           5
   8.2305898339231554E-005  -2.7321926794634945E-005           0           5           3
   0.0000000000000000        0.0000000000000000                2          -3          -3
   0.0000000000000000        0.0000000000000000                3          -3           0
   0.0000000000000000        0.0000000000000000                3          -2           3
   0.0000000000000000        0.0000000000000000                3           0          -3
   0.0000000000000000        0.0000000000000000                3           0           5
   0.0000000000000000        0.0000000000000000                3           3          -2
   0.0000000000000000        0.0000000000000000                3           5           0
   0.0000000000000000        0.0000000000000000                5           0           3
   0.0000000000000000        0.0000000000000000                5           3           0
  -2.8279453269931099E-004   9.3874912194475069E-005          -6          -4          -3
  -3.5759986179606756E-004   1.1870692773913914E-004          -6          -3          -4
   1.1347046858305639E-004  -3.7667096263777647E-005          -6          -3          -2
   7.6338632714099118E-005  -2.5341050863066156E-005          -6          -2          -3
   0.0000000000000000        0.0000000000000000               -5          -5          -5
   1.0864909770962999E-010   1.1391537186348664E-011          -5           0           0
   0.0000000000000000        0.0000000000000000               -4          -6          -3
   0.0000000000000000        0.0000000000000000               -4          -3          -6
   3.5935664632328354E-005  -1.1929087766194791E-005          -4          -1           2
  -7.1073336038370214E-005   2.3593235248027194E-005          -4           2          -1
   0.0000000000000000        0.0000000000000000               -3          -6          -4
   0.0000000000000000        0.0000000000000000               -3          -6          -2
   0.0000000000000000        0.0000000000000000               -3          -4          -6
   0.0000000000000000        0.0000000000000000               -3          -2          -6
  -8.9803270640855058E-005   2.9810650284053900E-005          -3          -1           3
   4.2396952676901714E-005  -1.4073712698275728E-005          -3           1           3
  -3.5079909614510051E-004   1.1644921824699663E-004          -3           3          -1
   1.1227406849168753E-004  -3.7269974308904415E-005          -3           3           1
   0.0000000000000000        0.0000000000000000               -2          -6          -3
   0.0000000000000000        0.0000000000000000               -2          -3          -6
  -6.8004584528416766E-005   2.2574380725889991E-005          -2           1           4
   2.6779658111546922E-004  -8.8896166687684283E-005          -2           4           1
   0.0000000000000000        0.0000000000000000               -1          -4           2
   0.0000000000000000        0.0000000000000000               -1          -3           3
   0.0000000000000000        0.0000000000000000               -1           2          -4
   0.0000000000000000        0.0000000000000000               -1           3          -3
   0.0000000000000000        0.0000000000000000                0          -5           0
   0.0000000000000000        0.0000000000000000                0           0          -5
   0.0000000000000000        0.0000000000000000                0           0           5
   0.0000000000000000        0.0000000000000000                0           5           0
   0.0000000000000000        0.0000000000000000                1          -3           3
   0.0000000000000000        0.0000000000000000                1          -2           4
   0.0000000000000000        0.0000000000000000                1           3          -3
   0.0000000000000000        0.0000000000000000                1           4          -2
   0.0000000000000000        0.0000000000000000                2          -4          -1
   0.0000000000000000        0.0000000000000000                2          -1          -4
   0.0000000000000000        0.0000000000000000                3          -3          -1
   0.0000000000000000        0.0000000000000000                3          -3           1
   0.0000000000000000        0.0000000000000000                3          -1          -3
   0.0000000000000000        0.0000000000000000                3           1          -3
   0.0000000000000000        0.0000000000000000                4          -2           1
   0.0000000000000000        0.0000000000000000                4           1          -2
   0.0000000000000000        0.0000000000000000                5           0           0
   0.0000000000000000        0.0000000000000000               -6          -4          -4
   2.1576480112047751E-004  -7.1624138117014154E-005          -6          -2          -2
   0.0000000000000000        0.0000000000000000               -4          -6          -4
   0.0000000000000000        0.0000000000000000               -4          -4          -6
  -7.3448007745551090E-006   2.4380105550430666E-006          -4           0           2
  -2.0842004373035106E-004   6.9185988742959844E-005          -4           2           0
   0.0000000000000000        0.0000000000000000               -2          -6          -2
   0.0000000000000000        0.0000000000000000               -2          -2          -6
   0.0000000000000000        0.0000000000000000               -2           0           4
   0.0000000000000000        0.0000000000000000               -2           4           0
   0.0000000000000000        0.0000000000000000                0          -4           2
   0.0000000000000000        0.0000000000000000                0          -2           4
   0.0000000000000000        0.0000000000000000                0           2          -4
   0.0000000000000000        0.0000000000000000                0           4          -2
   0.0000000000000000        0.0000000000000000                2          -4           0
   0.0000000000000000        0.0000000000000000                2           0          -4
   0.0000000000000000        0.0000000000000000                4          -2           0
   0.0000000000000000        0.0000000000000000                4           0          -2
   0.0000000000000000        0.0000000000000000               -6          -4          -2
   0.0000000000000000        0.0000000000000000               -6          -2          -4
   0.0000000000000000        0.0000000000000000               -4          -6          -2
   0.0000000000000000        0.0000000000000000               -4          -2          -6
   0.0000000000000000        0.0000000000000000               -4          -2           2
   0.0000000000000000        0.0000000000000000               -4           2          -2
   0.0000000000000000        0.0000000000000000               -2          -6          -4
   0.0000000000000000        0.0000000000000000               -2          -4          -6
   0.0000000000000000        0.0000000000000000               -2          -4           2
   0.0000000000000000        0.0000000000000000               -2           2          -4
   0.0000000000000000        0.0000000000000000                2          -4          -2
   0.0000000000000000        0.0000000000000000                2          -2          -4
   0.0000000000000000        0.0000000000000000               -5          -5          -1
   0.0000000000000000        0.0000000000000000               -5          -4           0
   0.0000000000000000        0.0000000000000000               -5          -1          -5
   0.0000000000000000        0.0000000000000000               -5           0          -4
   0.0000000000000000        0.0000000000000000               -4          -5           0
   0.0000000000000000        0.0000000000000000               -4          -4           1
   0.0000000000000000        0.0000000000000000               -4           0          -5
   0.0000000000000000        0.0000000000000000               -4           1          -4
   0.0000000000000000        0.0000000000000000               -1          -5          -5
   0.0000000000000000        0.0000000000000000                0          -5          -4
   0.0000000000000000        0.0000000000000000                0          -4          -5
   0.0000000000000000        0.0000000000000000                1          -4          -4
