         718          24          24          24
  -1.7657253962883077E-004  -4.6106198169217115E-004           0           0           0
  -1.8505616092720459E-002  0.21245754948733420               -1          -1          -1
   2.9318703732259914E-003  -3.3726328852676749E-002          -1           0           0
  -1.8655660154820369E-002  0.21298605638635060                0          -1           0
  -1.8524558549820089E-002  0.21148994731528303                0           0          -1
  -2.9561385529646381E-003   3.3683380380098459E-002           0           0           1
  -2.9532304927454619E-003   3.3650175921411264E-002           0           1           0
   1.8505578569249656E-002 -0.21245755758143270                1           0           0
  -2.9318635980924435E-003   3.3726323218469634E-002           1           1           1
   5.6099188663582102E-004  -6.4229881944210029E-003          -1          -1           0
   5.7494322789944851E-004  -6.5821175667024308E-003          -1           0          -1
  -7.7080702115982502E-002  0.88247040328342319                0          -1          -1
  -3.6163288474499802E-003   4.1402082546466920E-002           0           1           1
  -5.6099325609974566E-004   6.4229817453080405E-003           1           0           1
  -5.7494770723687944E-004   6.5821097684317029E-003           1           1           0
  -1.3506593189269740E-003   1.5444590063363021E-002          -2          -1          -1
   6.2627646799702727E-006  -9.1290497312768103E-005          -1          -2          -1
  -9.1136655154151148E-006   8.4133290413359812E-005          -1          -1          -2
   9.0701029252152668E-007   7.0167193092683821E-006          -1           0           1
   1.5656577051422360E-006  -5.6095399775920886E-007          -1           1           0
  -1.3541514615961299E-003   1.5521654644401198E-002           0          -1           1
  -1.3418881894568394E-003   1.5381509064780450E-002           0           1          -1
  -6.2483095243707321E-006   9.1294152762118693E-005           1          -1           0
   9.1007755454205246E-006  -8.4131427474342665E-005           1           0          -1
  -9.0427417539984443E-007  -7.0177999780541005E-006           1           1           2
  -1.5632822288540136E-006   5.5999242148898002E-007           1           2           1
  -1.3506561845775325E-003   1.5444590876147052E-002           2           1           1
  -1.7685196315571812E-003   2.0190430235898477E-002          -2          -2          -1
  -1.7699686918531566E-003   2.0206930776419170E-002          -2          -1          -2
   1.1503379151669617E-003  -1.3194793488460064E-002          -2          -1           0
   1.1500304625303654E-003  -1.3191225013615023E-002          -2           0          -1
   4.9561166523024516E-003  -5.6836494657123530E-002          -1          -2          -2
   1.7632708105382693E-003  -2.0243911871120502E-002          -1          -2           0
   1.1530973279423457E-003  -1.3176468994036796E-002          -1          -1           1
   1.7590554581317173E-003  -2.0195557194213964E-002          -1           0          -2
   1.1543652303927640E-003  -1.3190975280389677E-002          -1           1          -1
  -9.3952776557674166E-004   1.0774384006539531E-002          -1           1           1
  -4.9715836819168129E-003   5.6822271919503849E-002           0          -2          -1
  -4.9679282841211432E-003   5.6780652285103005E-002           0          -1          -2
  -9.4213891926456326E-004   1.0768137693051483E-002           0           1           2
  -9.4205656777125030E-004   1.0767227923509322E-002           0           2           1
  -4.9561037510801979E-003   5.6836487834832541E-002           1          -1          -1
  -1.7632681791750968E-003   2.0243912813398702E-002           1          -1           1
  -1.1530948642224665E-003   1.3176467685505656E-002           1           0           2
  -1.7590603467796968E-003   2.0195557807242442E-002           1           1          -1
  -1.1543636117299838E-003   1.3190973837696478E-002           1           2           0
   9.3952852667878329E-004  -1.0774384225098268E-002           1           2           2
  -1.7685235068369554E-003   2.0190427857597122E-002           2           0           1
  -1.7699673162402813E-003   2.0206929132355222E-002           2           1           0
   1.1503381981824538E-003  -1.3194792590059835E-002           2           1           2
   1.1500314396518775E-003  -1.3191223994124061E-002           2           2           1
  -5.8227108815979076E-004   6.6229400900852603E-003          -2          -2          -2
   1.5140195546596343E-003  -1.7330329037203589E-002          -2           0           0
   5.7342729104352440E-004  -6.6085179316128211E-003           0          -2           0
   5.7876910877291106E-004  -6.6691923566197641E-003           0           0          -2
  -1.5137526698761252E-003   1.7333576560531500E-002           0           0           2
  -1.5133885776871421E-003   1.7329385739965168E-002           0           2           0
  -5.8227853464887626E-004   6.6229400828165200E-003           2           0           0
   1.5140178215948073E-003  -1.7330327912636136E-002           2           2           2
  -3.0939673730233303E-006  -1.1590430480984017E-005          -2          -2           0
  -3.5892684984412893E-006  -5.8597751166221594E-006          -2           0          -2
  -8.3168845065021324E-006  -2.1485398981722936E-005           0          -2          -2
  -1.4266473390635983E-006  -3.7161723607285959E-006           0           2           2
  -3.0942951014222816E-006  -1.1590606417021347E-005           2           0           2
  -3.5884913587759023E-006  -5.8599201628014538E-006           2           2           0
  -6.4418375255967733E-004   7.3957828581871273E-003          -3          -2          -2
  -8.6485103640516169E-004   9.8747671092296527E-003          -3          -1          -1
  -7.7616629850263495E-004   8.9231021767170182E-003          -2          -3          -2
  -7.7472241323978553E-004   8.9065764936867402E-003          -2          -2          -3
   4.5002093347462808E-004  -5.1365195097709225E-003          -2           0           1
   4.4985454991735251E-004  -5.1346388240103577E-003          -2           1           0
  -7.8083844213500293E-004   8.9025499883100528E-003          -1          -3          -1
  -7.8058982032480975E-004   8.8996323397991864E-003          -1          -1          -3
  -4.4768061609901360E-004   5.1409435086325408E-003          -1           0           2
  -4.4775657233671589E-004   5.1417748271718475E-003          -1           2           0
   6.4715903098963318E-004  -7.3883650492114717E-003           0          -2           1
  -8.6156671416716488E-004   9.8904097202427120E-003           0          -1           2
   6.4710491795562939E-004  -7.3877402163862764E-003           0           1          -2
  -8.6056357954140093E-004   9.8788644871372518E-003           0           2          -1
   7.8084223137871514E-004  -8.9025502985754269E-003           1          -2           0
   7.8058978436222181E-004  -8.8996328445831788E-003           1           0          -2
   4.4768046337372502E-004  -5.1409433825640232E-003           1           1           3
   4.4775635708113864E-004  -5.1417746498927767E-003           1           3           1
  -7.7616610816931032E-004   8.9231029438631149E-003           2          -1           0
  -7.7472498097805407E-004   8.9065772583291902E-003           2           0          -1
   4.5001925063313996E-004  -5.1365186925944190E-003           2           2           3
   4.4985281136046421E-004  -5.1346379912404552E-003           2           3           2
   6.4418392853459339E-004  -7.3957823107261064E-003           3           1           1
   8.6485032405667159E-004  -9.8747668600422424E-003           3           2           2
  -1.0819388488637781E-003   1.2379476118785572E-002          -3          -2          -1
  -1.0813832449814743E-003   1.2373116909234233E-002          -3          -1          -2
  -1.4643120606291238E-003   1.6764412073291143E-002          -2          -3          -1
  -1.4620734613075680E-003   1.6738767796266610E-002          -2          -1          -3
   6.8461459551149304E-004  -7.8379055573316609E-003          -2          -1           1
   6.8430329190231204E-004  -7.8343458196993045E-003          -2           1          -1
  -5.4947696103662584E-004   6.2907824390489630E-003          -1          -3          -2
  -5.4832041185768092E-004   6.2774992220639954E-003          -1          -2          -3
   1.0813353079165743E-003  -1.2387100520946744E-002          -1          -2           1
   1.0799178675298506E-003  -1.2370860467899775E-002          -1           1          -2
  -3.8172849811744184E-004   4.3702659753561239E-003          -1           1           2
  -3.8175762233038290E-004   4.3706028691539219E-003          -1           2           1
   5.4948026906852417E-004  -6.2907840887790074E-003           1          -2          -1
   5.4832280485578831E-004  -6.2775011587251333E-003           1          -1          -2
  -1.0813341825124164E-003   1.2387100309255925E-002           1          -1           2
  -1.0799174828502144E-003   1.2370860201021010E-002           1           2          -1
   3.8172787520910322E-004  -4.3702656905092252E-003           1           2           3
   3.8175691994790390E-004  -4.3706025228713126E-003           1           3           2
  -1.4643125792056129E-003   1.6764411983936182E-002           2          -1           1
  -1.4620742376566928E-003   1.6738767849907223E-002           2           1          -1
   6.8461364366445565E-004  -7.8379051670312717E-003           2           1           3
   6.8430238899797350E-004  -7.8343453666217689E-003           2           3           1
   1.0819388847830638E-003  -1.2379475666353411E-002           3           1           2
   1.0813830463128390E-003  -1.2373116584449357E-002           3           2           1
   2.2908082080180564E-004  -2.5879549708511646E-003          -3          -3          -2
   2.2894405456367608E-004  -2.5864048579251463E-003          -3          -2          -3
  -1.0793319589462924E-004   1.2173804638344718E-003          -3          -1           0
  -1.0774874487390329E-004   1.2152922351449087E-003          -3           0          -1
   1.0187330433486215E-004  -1.1177116441269774E-003          -2          -3          -3
   3.7322068837822818E-005  -4.1551857998728241E-004          -2           1           1
   2.2435892282452754E-004  -2.6033233387639143E-003          -1          -3           0
  -1.0516820456779434E-004   1.2223608239936340E-003          -1          -1           2
   2.2379340193074359E-004  -2.5968074096492984E-003          -1           0          -3
  -1.0530699411193936E-004   1.2238887081477889E-003          -1           2          -1
   9.5116371194511450E-005  -1.1375599156779350E-003           0          -3          -1
   9.4796426809602274E-005  -1.1338781645708947E-003           0          -1          -3
   3.5542850181225990E-005  -4.1870559628917213E-004           0           1           3
   3.5751543169830122E-005  -4.2105515151991168E-004           0           3           1
  -2.2435770825581501E-004   2.6033231269958585E-003           1          -2           1
   1.0516819406857305E-004  -1.2223607093617087E-003           1           0           3
  -2.2379321263894759E-004   2.5968070917436409E-003           1           1          -2
   1.0530692247816319E-004  -1.2238886333505743E-003           1           3           0
   1.0187519124155121E-004  -1.1177128233007911E-003           2          -1          -1
   3.7322088146918482E-005  -4.1551871898329665E-004           2           3           3
  -2.2908132604876298E-004   2.5879549317714369E-003           3           0           1
  -2.2894416497491396E-004   2.5864049316856865E-003           3           1           0
   1.0793334872781155E-004  -1.2173805498081648E-003           3           2           3
   1.0774876933416892E-004  -1.2152923328383699E-003           3           3           2
   8.3073387958946827E-004  -9.4830996814135021E-003          -3          -3          -3
  -4.6172510306265830E-004   5.3009913747554468E-003          -3          -3          -1
  -3.5742984363723671E-004   4.0788273120772722E-003          -3          -2           0
  -4.6117110210618832E-004   5.2946340086820294E-003          -3          -1          -3
  -3.5694450821987861E-004   4.0733009268428648E-003          -3           0          -2
   1.1027044974001355E-004  -1.2697492344694644E-003          -3           0           0
  -4.6411822946412339E-004   5.2986587564192262E-003          -2          -3           0
   3.5543535836704662E-004  -4.0825079682885491E-003          -2          -2           1
  -4.6300363406570535E-004   5.2859374046278634E-003          -2           0          -3
   3.5517031014543421E-004  -4.0794428100339661E-003          -2           1          -2
  -5.6221921477176513E-004   6.4668308883330094E-003          -1          -3          -3
  -6.7438574330440642E-005   7.6722734396789658E-004          -1           2           2
  -5.6707737194725731E-004   6.4620801225729416E-003           0          -3          -2
   8.2780914367878641E-004  -9.5049986070355995E-003           0          -3           0
  -5.6595585035739727E-004   6.4492426221287704E-003           0          -2          -3
   8.2578030608484489E-004  -9.4817370906560648E-003           0           0          -3
  -1.1139929214769491E-004   1.2680535978571263E-003           0           0           3
   6.6690538070911557E-005  -7.6836560540469059E-004           0           2           3
  -1.1121897808677461E-004   1.2660306367904839E-003           0           3           0
   6.6805943553617313E-005  -7.6967890507285215E-004           0           3           2
   5.6221965521303105E-004  -6.4668313737818520E-003           1          -2          -2
   6.7438083635756592E-005  -7.6722715805714538E-004           1           3           3
  -4.6411818614847328E-004   5.2986587787068468E-003           2          -1           2
   3.5543462047564825E-004  -4.0825075002531002E-003           2           0           3
  -4.6300351871592614E-004   5.2859375494183989E-003           2           2          -1
   3.5516969236699968E-004  -4.0794423599676928E-003           2           3           0
  -8.3073493273607378E-004   9.4831002174285799E-003           3           0           0
   4.6172532837733928E-004  -5.3009913339649890E-003           3           0           2
   3.5742874113269289E-004  -4.0788267682245836E-003           3           1           3
   4.6117136695969854E-004  -5.2946339751438606E-003           3           2           0
   3.5694332771653357E-004  -4.0733004878123445E-003           3           3           1
  -1.1027137774342844E-004   1.2697496171889665E-003           3           3           3
   1.3720965024678210E-004  -1.5583035809648631E-003          -4          -2          -2
   1.6651576567589323E-006   2.8785640612621870E-006          -2          -4          -2
   1.4564038001576269E-006   5.2614657899536259E-006          -2          -2          -4
   4.6202707487817850E-007   1.6515996816343791E-007          -2           0           2
   3.1280975662292891E-007   1.8511437039533434E-006          -2           2           0
  -1.3540919671240273E-004   1.5628328875638895E-003           0          -2           2
  -1.3543614327030692E-004   1.5630955898026429E-003           0           2          -2
   1.6663479844502192E-006   2.8781953997502549E-006           2          -2           0
   1.4569802350831115E-006   5.2611511142236286E-006           2           0          -2
   4.6203211134046028E-007   1.6511594295755233E-007           2           2           4
   3.1281021866215880E-007   1.8510696316013119E-006           2           4           2
   1.3720925887627676E-004  -1.5583033711944760E-003           4           2           2
   3.1805244937834951E-004  -3.6310828634752109E-003          -4          -3          -2
   3.1774956407764764E-004  -3.6276275585820552E-003          -4          -2          -3
  -6.8151353456457156E-005   7.8436682219847997E-004          -4          -2          -1
  -6.8155643790996506E-005   7.8441004423630421E-004          -4          -1          -2
   4.1344006734882503E-004  -4.7219020819847992E-003          -3          -4          -2
   4.1248571193432549E-004  -4.7109942244853258E-003          -3          -2          -4
   3.3382078417363409E-005  -3.8554952088939228E-004          -3          -1           1
   3.3482543862109498E-005  -3.8668846811049128E-004          -3           1          -1
   4.8677661517766485E-004  -5.5585609099587166E-003          -2          -4          -3
  -4.1182075604768607E-004   4.7262158204273491E-003          -2          -4          -1
   4.8600607748627194E-004  -5.5497447421098975E-003          -2          -3          -4
  -4.1085524313697573E-004   4.7151590815715187E-003          -2          -1          -4
   3.3971499826888582E-005  -3.8554834210184613E-004          -2          -1           2
   9.1454277163480110E-006  -1.0292260107314483E-004          -2           1           2
   3.3851436815072501E-005  -3.8419508508634351E-004          -2           2          -1
   9.0683149393094357E-006  -1.0204509979709403E-004          -2           2           1
  -4.8487335062481112E-004   5.5655201908581687E-003          -1          -4          -2
   3.1677541189416010E-004  -3.6368395777910041E-003          -1          -3           1
  -4.8381846747634887E-004   5.5534464021979313E-003          -1          -2          -4
   6.8911113039388835E-005  -7.8480530786246790E-004          -1          -2           2
   3.1612929963317749E-004  -3.6294234911144379E-003          -1           1          -3
   8.8509126651570161E-006  -1.0311889095310418E-004          -1           1           3
   6.8568578854299425E-005  -7.8091489184372318E-004          -1           2          -2
   8.8560899402041334E-006  -1.0316447389680326E-004          -1           3           1
   4.8487309718928291E-004  -5.5655201490160374E-003           1          -3          -1
  -3.1677498347558431E-004   3.6368393008845488E-003           1          -2           2
   4.8381810259053677E-004  -5.5534464082214394E-003           1          -1          -3
  -6.8910858017700661E-005   7.8480519986871269E-004           1          -1           3
  -3.1612899501645459E-004   3.6294232893873445E-003           1           2          -2
  -8.8511327737422508E-006   1.0311898647443241E-004           1           2           4
  -6.8568285596804369E-005   7.8091477981610488E-004           1           3          -1
  -8.8563504636516682E-006   1.0316457384954266E-004           1           4           2
   4.8677854016593389E-004  -5.5585618919982357E-003           2          -2          -1
  -4.1181994705911419E-004   4.7262152910743632E-003           2          -2           1
   4.8600769661216129E-004  -5.5497457667376821E-003           2          -1          -2
  -4.1085469308616658E-004   4.7151585837104885E-003           2           1          -2
   3.3971017667792675E-005  -3.8554812183072849E-004           2           1           4
   9.1453311994049797E-006  -1.0292260490839546E-004           2           3           4
   3.3850858000692883E-005  -3.8419482134059577E-004           2           4           1
   9.0682517801451493E-006  -1.0204512571850846E-004           2           4           3
  -4.1344103975859102E-004   4.7219026960515446E-003           3          -1           1
  -4.1248676141263010E-004   4.7109948657315997E-003           3           1          -1
  -3.3381790313929179E-005   3.8554934581132966E-004           3           2           4
  -3.3482290370040094E-005   3.8668824312996776E-004           3           4           2
   3.1805225128957756E-004  -3.6310828740216674E-003           4           1           2
   3.1774947163064012E-004  -3.6276276909303230E-003           4           2           1
  -6.8152095468032169E-005   7.8436713587284965E-004           4           2           3
  -6.8156383878674822E-005   7.8441037633694038E-004           4           3           2
   3.9122254985871725E-004  -4.4746014420630736E-003          -4          -3          -3
  -1.0205253571700921E-004   1.1669566682100700E-003          -4          -1          -1
   5.6990585902336795E-004  -6.5212318437585081E-003          -3          -4          -3
   5.6921889978164353E-004  -6.5133750558837300E-003          -3          -3          -4
  -2.3070081746743827E-004   2.6412095639502357E-003          -3          -3           0
  -2.3021088397618566E-004   2.6356082891821802E-003          -3           0          -3
   1.8814412783528793E-005  -2.1513322567341371E-004          -3           0           1
   1.8841476386149785E-005  -2.1544422670854730E-004          -3           1           0
  -5.7001244611051003E-004   6.5292902488845849E-003          -1          -4          -1
  -5.6813949680047278E-004   6.5078500149003526E-003          -1          -1          -4
  -1.8752518019767611E-005   2.1494733543464013E-004          -1           0           3
  -1.8828555322627892E-005   2.1582242412279703E-004          -1           3           0
  -6.2432781727290478E-004   7.1477064607658302E-003           0          -3          -3
   3.9125173384405498E-004  -4.4836759749210730E-003           0          -3           1
  -1.0192787298581257E-004   1.1683394104692357E-003           0          -1           3
   3.8994912051916334E-004  -4.4687655753554347E-003           0           1          -3
  -1.0177646407326379E-004   1.1666127899842501E-003           0           3          -1
  -3.1666406457096189E-005   3.6253972832640260E-004           0           3           3
   5.7001246248387146E-004  -6.5292901572312064E-003           1          -3           0
   5.6813931095808096E-004  -6.5078499363138429E-003           1           0          -3
   1.8752183843961931E-005  -2.1494716351524437E-004           1           1           4
   1.8828134593535363E-005  -2.1582223940992115E-004           1           4           1
  -5.6990579929944423E-004   6.5212319282360025E-003           3          -1           0
  -5.6921893667592977E-004   6.5133751603750059E-003           3           0          -1
   2.3070072252114764E-004  -2.6412094677156668E-003           3           0           3
   2.3021066815340913E-004  -2.6356082692365005E-003           3           3           0
  -1.8813984496555497E-005   2.1513303314967273E-004           3           3           4
  -1.8840969409409479E-005   2.1544402034851445E-004           3           4           3
   3.9122281949372862E-004  -4.4746016878320144E-003           4           1           1
  -1.0205233545859693E-004   1.1669565669388524E-003           4           3           3
   4.9868821242419125E-005  -5.6553915715715360E-004          -4          -3          -1
   4.9707373216845521E-005  -5.6370493859313111E-004          -4          -1          -3
   6.3220721772984603E-007   1.6688766192431038E-007          -3          -4          -1
  -3.2092677480431496E-007   1.6433139131243001E-007          -3          -2           1
   4.2019711019302495E-007   2.5766135858692799E-006          -3          -1          -4
  -1.7715208641427314E-007  -1.4602561908096906E-006          -3           1          -2
   4.8957419817235906E-005  -5.6588936970234055E-004          -2          -3           1
   4.9086876961622946E-005  -5.6734713376565139E-004          -2           1          -3
   9.5742603039945324E-007   1.2454860923286934E-006          -1          -4          -3
   7.8005988833082240E-007   3.2775144948208895E-006          -1          -3          -4
  -3.1691780190318310E-008   1.5911169069715872E-007          -1           2           3
   2.8582582233916861E-009  -2.3155077949176679E-007          -1           3           2
  -9.5826999253072457E-007  -1.2452497171663257E-006           1          -3          -2
  -7.8080154677512864E-007  -3.2772784292787310E-006           1          -2          -3
   3.1690928838571531E-008  -1.5916198570305257E-007           1           3           4
  -2.8622625298951829E-009   2.3148414645725921E-007           1           4           3
   4.8956948493776586E-005  -5.6588910431070371E-004           2          -1           3
   4.9086523271989592E-005  -5.6734684445356506E-004           2           3          -1
  -6.3235647008195789E-007  -1.6675775167681452E-007           3          -1           2
   3.2099318531243152E-007  -1.6434982158072843E-007           3           1           4
  -4.2027035777054583E-007  -2.5764046666336105E-006           3           2          -1
   1.7712645820725437E-007   1.4602294924807973E-006           3           4           1
   4.9868795986832007E-005  -5.6553917977631492E-004           4           1           3
   4.9707383759282670E-005  -5.6370501370010405E-004           4           3           1
   1.2780237634006013E-004  -1.4653636025228063E-003          -4          -4          -3
   1.2765886626722809E-004  -1.4637229564132396E-003          -4          -3          -4
  -1.9680832677024108E-005   2.2396777697681225E-004          -4          -1           0
  -1.9650182840000982E-005   2.2362065799191448E-004          -4           0          -1
   2.2642854437097092E-004  -2.5958476855674605E-003          -3          -4          -4
  -1.7474017590240898E-005   2.0025130064870963E-004          -3           1           1
  -1.2846964689484995E-004   1.4686052008671653E-003          -1          -4           0
  -1.9439290254181816E-005   2.2390207707117415E-004          -1          -1           3
  -1.2761667009809072E-004   1.4588531516147767E-003          -1           0          -4
  -1.9508095390344268E-005   2.2468089273435009E-004          -1           3          -1
  -2.2752801341171104E-004   2.6013426751204057E-003           0          -4          -1
  -2.2633792264165932E-004   2.5877288181544288E-003           0          -1          -4
  -1.7560442156020579E-005   2.0084713853442545E-004           0           1           4
  -1.7443608300813599E-005   1.9951523160448178E-004           0           4           1
   1.2846987941299856E-004  -1.4686053114714057E-003           1          -3           1
   1.9439030063207391E-005  -2.2390193753723012E-004           1           0           4
   1.2761683630529280E-004  -1.4588532952206207E-003           1           1          -3
   1.9507861402289953E-005  -2.2468076980336813E-004           1           4           0
  -2.2642944175941095E-004   2.5958481767195331E-003           3          -1          -1
   1.7474381877869959E-005  -2.0025142492730992E-004           3           4           4
   1.2780308179168552E-004  -1.4653640321473120E-003           4           0           1
   1.2765953221591730E-004  -1.4637233412713420E-003           4           1           0
  -1.9680438002919431E-005   2.2396758111269452E-004           4           3           4
  -1.9649677778738463E-005   2.2362048244463047E-004           4           4           3
   1.6776886060178634E-004  -1.9191408363825762E-003          -4          -4          -2
   1.6737375991559883E-004  -1.9146227195442973E-003          -4          -2          -4
  -1.1768614962607462E-005   1.3420482119265187E-004          -4          -2           0
  -1.1738647610018849E-005   1.3386404029189277E-004          -4           0          -2
   3.6589568122547206E-004  -4.1878393320929222E-003          -2          -4          -4
  -1.6770454245821373E-004   1.9215709743343465E-003          -2          -4           0
   1.1704200155901898E-005  -1.3452219160391463E-004          -2          -2           2
  -1.6698749003223664E-004   1.9133672516732593E-003          -2           0          -4
   1.1652726209984904E-005  -1.3393849194149118E-004          -2           2          -2
   5.0729623211047555E-005  -5.8078586653396882E-004          -2           2           2
  -3.6630423314470517E-004   4.1948545258371495E-003           0          -4          -2
  -3.6515397119184678E-004   4.1816936259091043E-003           0          -2          -4
  -5.0768783900883305E-005   5.8123887700186282E-004           0           2           4
  -5.0690022034313872E-005   5.8033592369318376E-004           0           4           2
   3.6589574385413864E-004  -4.1878393221830585E-003           2          -2          -2
  -1.6770410905679405E-004   1.9215707461837203E-003           2          -2           2
   1.1703806352404830E-005  -1.3452195921939670E-004           2           0           4
  -1.6698706983358982E-004   1.9133670314716226E-003           2           2          -2
   1.1652304882470239E-005  -1.3393833531435875E-004           2           4           0
   5.0729976391457278E-005  -5.8078603191264984E-004           2           4           4
   1.6776879479364702E-004  -1.9191408310717199E-003           4           0           2
   1.6737361353456339E-004  -1.9146227492702985E-003           4           2           0
  -1.1768877697167007E-005   1.3420493461481056E-004           4           2           4
  -1.1738777201247954E-005   1.3386415724044693E-004           4           4           2
  -4.4160683047963795E-005   5.0231590428349718E-004          -4          -4          -4
  -2.0546031321976916E-005   2.3545532509216529E-004          -4           0           0
   4.3619408279717601E-005  -5.0265089022574956E-004           0          -4           0
   4.3772893899844526E-005  -5.0440106278345381E-004           0           0          -4
   2.0559101664000641E-005  -2.3514739232098871E-004           0           0           4
   2.0598518501232748E-005  -2.3558900360467420E-004           0           4           0
  -4.4160982287123803E-005   5.0231601223867518E-004           4           0           0
  -2.0546098644196154E-005   2.3545541795900370E-004           4           4           4
  -1.1081676196764168E-005   1.2721651387578414E-004          -5          -3          -3
   2.0155265382044288E-005  -2.2989612961243672E-004          -5          -2          -2
   3.2890319284617237E-005  -3.7549295676956034E-004          -4          -4          -1
   1.3778367544731510E-005  -1.5762903598252816E-004          -4          -3           0
   3.2669132510214073E-005  -3.7296947785871078E-004          -4          -1          -4
   1.3762929648309974E-005  -1.5745691322739664E-004          -4           0          -3
   1.0451469474808935E-004  -1.1976221989619226E-003          -3          -5          -3
  -3.2692421035571741E-005   3.7533582820522074E-004          -3          -4           0
   1.0422291999204105E-004  -1.1942883477804986E-003          -3          -3          -5
   1.3706332208325120E-005  -1.5703703253332229E-004          -3          -3           1
  -3.2567823757297158E-005   3.7390545726932235E-004          -3           0          -4
  -3.2654640785764391E-005   3.7326555031940540E-004          -3           0           2
   1.3802604856126950E-005  -1.5813161674366037E-004          -3           1          -3
  -3.2640967311455313E-005   3.7310533422653066E-004          -3           2           0
   1.0485862037986336E-004  -1.1994163000513035E-003          -2          -5          -2
   1.0418421500790948E-004  -1.1916996625891585E-003          -2          -2          -5
   3.2603840105690986E-005  -3.7385906756696069E-004          -2           0           3
   3.2524230077120850E-005  -3.7295116352035904E-004          -2           3           0
   1.5063545172389438E-004  -1.7224378001354317E-003          -1          -4          -4
  -3.8616277408229198E-005   4.4302795892161011E-004          -1           3           3
  -1.5044485818633613E-004   1.7245241464722725E-003           0          -4          -3
  -1.5021803748702068E-004   1.7219311584270515E-003           0          -3          -4
  -1.1013162570261734E-005   1.2573794224825347E-004           0          -3           2
  -2.0054274990878492E-005   2.3045108424908948E-004           0          -2           3
  -1.1249432468761940E-005   1.2843275479150224E-004           0           2          -3
  -2.0012852087346236E-005   2.2997295940953679E-004           0           3          -2
  -3.8754203447726062E-005   4.4276144942162379E-004           0           3           4
  -3.8740966021046113E-005   4.4260819694102841E-004           0           4           3
  -1.5063605433014043E-004   1.7224380103448497E-003           1          -3          -3
   3.8616263630728926E-005  -4.4302796941592007E-004           1           4           4
   1.0485918688004508E-004  -1.1994165829601543E-003           2          -3           0
   1.0418471626077563E-004  -1.1916999313500945E-003           2           0          -3
   3.2604026997284577E-005  -3.7385917058285935E-004           2           2           5
   3.2524428336464526E-005  -3.7295128696159907E-004           2           5           2
  -1.0451433460498532E-004   1.1976220903761421E-003           3          -2           0
   3.2691942469778302E-005  -3.7533551497043443E-004           3          -1           3
  -1.0422265828763312E-004   1.1942881766624236E-003           3           0          -2
  -1.3706434966698829E-005   1.5703711292693262E-004           3           0           4
   3.2567345094105745E-005  -3.7390516303826475E-004           3           3          -1
   3.2654773470266991E-005  -3.7326562056774531E-004           3           3           5
  -1.3802793209803695E-005   1.5813164409099505E-004           3           4           0
   3.2641175372310506E-005  -3.7310538767580225E-004           3           5           3
   3.2890265706537954E-005  -3.7549296553783605E-004           4           0           3
   1.3778585950342286E-005  -1.5762919088286361E-004           4           1           4
   3.2669080248812947E-005  -3.7296957189675729E-004           4           3           0
   1.3763193008445079E-005  -1.5745709393596372E-004           4           4           1
   1.1080730932935748E-005  -1.2721603943889213E-004           5           2           2
  -2.0155448006985269E-005   2.2989627247630790E-004           5           3           3
   2.5578207907212627E-006  -2.8244677720564411E-005          -5          -3          -2
   2.5181054440152071E-006  -2.7790184050676849E-005          -5          -2          -3
   1.0889884092115645E-004  -1.2467412546995379E-003          -3          -5          -2
   1.0833905741000236E-004  -1.2403407736827942E-003          -3          -2          -5
  -4.5969194247787919E-005   5.2628758020288602E-004          -3          -1           2
  -4.5910589754193586E-005   5.2561518096923786E-004          -3           2          -1
   1.6927384088965213E-004  -1.9379534933564692E-003          -2          -5          -3
   1.6863875181402361E-004  -1.9306884615339537E-003          -2          -3          -5
   5.2767828509672602E-005  -6.0412259622336095E-004          -2           1           3
   5.2712267905641905E-005  -6.0348592416288344E-004          -2           3           1
   2.4681215683221161E-006  -2.9293597467067362E-005          -1          -3           2
   2.3122520255630937E-006  -2.7510944018719558E-005          -1           2          -3
  -2.4678200153816389E-006   2.9293419748899876E-005           1          -2           3
  -2.3119849583936331E-006   2.7510816840000214E-005           1           3          -2
   1.6927386811379608E-004  -1.9379535330363586E-003           2          -3          -1
   1.6863876847416867E-004  -1.9306884665367813E-003           2          -1          -3
   5.2768033682485803E-005  -6.0412270894236110E-004           2           3           5
   5.2712516439872427E-005  -6.0348604297830394E-004           2           5           3
  -1.0889879031964237E-004   1.2467413070879404E-003           3          -2           1
  -1.0833901489454680E-004   1.2403407614435462E-003           3           1          -2
   4.5969374592137887E-005  -5.2628768087021271E-004           3           2           5
   4.5910844124550125E-005  -5.2561526611952757E-004           3           5           2
  -2.5578589590577858E-006   2.8244657763370913E-005           5           2           3
  -2.5180569933196031E-006   2.7790175063254146E-005           5           3           2
  -3.2450196671016362E-005   3.7142858331377178E-004          -5          -4          -3
  -3.2415017237523523E-005   3.7102681564017540E-004          -5          -3          -4
   2.1943604467767971E-005  -2.5188939223005067E-004          -5          -2          -1
   2.1922266372127099E-005  -2.5164712168836330E-004          -5          -1          -2
  -1.6622001780677403E-005   1.8992384403991911E-004          -4          -5          -3
  -1.6542084488954887E-005   1.8900981906513811E-004          -4          -3          -5
  -7.6690910030413289E-006   8.8786267638212970E-005          -4          -1           1
  -7.6424627498220213E-006   8.8484323551999200E-005          -4           1          -1
  -8.3011769522208686E-006   9.4446029845828998E-005          -3          -5          -4
  -8.2421885224677038E-006   9.3768861432743972E-005          -3          -4          -5
   0.0000000000000000        0.0000000000000000               -3           1           2
   0.0000000000000000        0.0000000000000000               -3           2           1
  -1.6478990148573836E-005   1.8903574005139391E-004          -2          -5          -1
  -1.6578663456813769E-005   1.9017283462699486E-004          -2          -1          -5
  -7.7852785937205900E-006   8.8145736816975655E-005          -2          -1           3
  -7.8071263542458478E-006   8.8390353667325690E-005          -2           3          -1
  -8.1128397460216201E-006   9.3471777601411701E-005          -1          -5          -2
   3.2402884375991417E-005  -3.7105118288095003E-004          -1          -4           1
  -8.2618825388407077E-006   9.5180135341350913E-005          -1          -2          -5
  -2.2025048358658813E-005   2.5149209716809223E-004          -1          -2           3
   3.2439319167323937E-005  -3.7146261395488631E-004          -1           1          -4
   0.0000000000000000        0.0000000000000000               -1           1           4
  -2.2030500450857178E-005   2.5154718746014319E-004          -1           3          -2
   0.0000000000000000        0.0000000000000000               -1           4           1
   8.1124048149669003E-006  -9.3471606519862383E-005           1          -4          -1
  -3.2402565619587821E-005   3.7105101689852626E-004           1          -3           2
   8.2615039289353584E-006  -9.5179950067649720E-005           1          -1          -4
   2.2024925245987416E-005  -2.5149204774929207E-004           1          -1           4
  -3.2439069051653520E-005   3.7146244618790301E-004           1           2          -3
   0.0000000000000000        0.0000000000000000                1           2           5
   2.2030397627644018E-005  -2.5154711830328879E-004           1           4          -1
   0.0000000000000000        0.0000000000000000                1           5           2
  -1.6478537114990858E-005   1.8903551148007660E-004           2          -3           1
  -1.6578310897872865E-005   1.9017256766618127E-004           2           1          -3
  -7.7851895904392282E-006   8.8145693279933763E-005           2           1           5
  -7.8070815507755268E-006   8.8390294129185186E-005           2           5           1
   8.3017641990303171E-006  -9.4446223867944253E-005           3          -2          -1
   8.2426985433002234E-006  -9.3769077726303071E-005           3          -1          -2
   0.0000000000000000        0.0000000000000000                3           4           5
   0.0000000000000000        0.0000000000000000                3           5           4
  -1.6621864015143220E-005   1.8992375735136119E-004           4          -1           1
  -1.6541914507267307E-005   1.8900974816705730E-004           4           1          -1
  -7.6690601705987660E-006   8.8786257897143894E-005           4           3           5
  -7.6423805537796023E-006   8.8484315006923190E-005           4           5           3
   3.2450148927461268E-005  -3.7142859248153810E-004           5           1           2
   3.2414992921469036E-005  -3.7102682653985522E-004           5           2           1
  -2.1943330921646696E-005   2.5188926547224677E-004           5           3           4
  -2.1921984688922681E-005   2.5164700211829764E-004           5           4           3
  -2.6595599256385127E-005   3.0383743567351414E-004          -5          -4          -4
  -2.5658739235854541E-005   2.9457684523897089E-004          -5          -4          -2
  -1.2028720441715780E-005   1.3745694721792280E-004          -5          -3          -1
  -2.5674020629805290E-005   2.9475270069589872E-004          -5          -2          -4
  -1.2059166304703530E-005   1.3780284242083130E-004          -5          -1          -3
   4.2253936002415132E-005  -4.8464086117793684E-004          -5          -1          -1
  -4.1858164018375465E-005   4.7859539518924467E-004          -4          -5          -4
   3.4799200552943193E-006  -3.9397855370237012E-005          -4          -5          -2
  -4.1727155856887890E-005   4.7709729778303565E-004          -4          -4          -5
   3.3689434515625529E-006  -3.8128651995275516E-005          -4          -2          -5
   2.8562548291041328E-005  -3.2634440545542456E-004          -4          -2           1
   0.0000000000000000        0.0000000000000000               -4           0           1
   2.8557526011410662E-005  -3.2628473466170282E-004          -4           1          -2
   0.0000000000000000        0.0000000000000000               -4           1           0
   3.4859843761069991E-006  -4.0349877629166270E-005          -3          -5          -1
  -2.8491025686137986E-005   3.2684468632393309E-004          -3          -2           2
   3.2372178299125208E-006  -3.7505217447958905E-005          -3          -1          -5
  -2.8441116542295218E-005   3.2627551393082574E-004          -3           2          -2
   5.5096512432639265E-005  -6.3048347147897266E-004          -2          -5          -4
   5.4972425056128398E-005  -6.2906649147923942E-004          -2          -4          -5
   2.5728759658539397E-005  -2.9373912646325512E-004          -2          -4           1
  -1.2007707732889257E-005   1.3772983135426522E-004          -2          -3           2
   2.5837493973952986E-005  -2.9497857633935102E-004          -2           1          -4
  -1.2006865860780976E-005   1.3772289499699877E-004          -2           2          -3
   0.0000000000000000        0.0000000000000000               -2           2           3
   0.0000000000000000        0.0000000000000000               -2           3           2
   5.5194557188515108E-005  -6.3219882297028539E-004          -1          -5          -3
  -4.1852444688202946E-005   4.7977590481095510E-004          -1          -5          -1
   5.4790498280523595E-005  -6.2757433172903518E-004          -1          -3          -5
  -4.1555490667466623E-005   4.7637938048613649E-004          -1          -1          -5
   0.0000000000000000        0.0000000000000000               -1           0           4
   0.0000000000000000        0.0000000000000000               -1           2           4
   0.0000000000000000        0.0000000000000000               -1           4           0
   0.0000000000000000        0.0000000000000000               -1           4           2
   2.6603462656618111E-005  -3.0522025528399255E-004           0          -4           1
   4.2402822393798221E-005  -4.8456501737599675E-004           0          -1           4
   2.6403861864407219E-005  -3.0293132817126679E-004           0           1          -4
   4.2358584066826387E-005  -4.8405455312957940E-004           0           4          -1
  -5.5194872187856389E-005   6.3219894921530742E-004           1          -4          -2
   4.1852137623965221E-005  -4.7977575247549131E-004           1          -4           0
  -5.4790783106572788E-005   6.2757444345028441E-004           1          -2          -4
   4.1555222789404659E-005  -4.7637918918535860E-004           1           0          -4
   0.0000000000000000        0.0000000000000000                1           1           5
   0.0000000000000000        0.0000000000000000                1           3           5
   0.0000000000000000        0.0000000000000000                1           5           1
   0.0000000000000000        0.0000000000000000                1           5           3
   5.5096573016006798E-005  -6.3048355174571882E-004           2          -3          -2
   5.4972523743680669E-005  -6.2906655293228802E-004           2          -2          -3
   2.5728759323457174E-005  -2.9373913774858522E-004           2          -2           3
  -1.2007940509257181E-005   1.3772997280205750E-004           2          -1           4
   2.5837533459361229E-005  -2.9497856189966557E-004           2           3          -2
  -1.2007073413580576E-005   1.3772301491623141E-004           2           4          -1
   0.0000000000000000        0.0000000000000000                2           4           5
   0.0000000000000000        0.0000000000000000                2           5           4
  -3.4860811842606895E-006   4.0349964176578397E-005           3          -2           2
   2.8491344903524586E-005  -3.2684486735661651E-004           3           1           5
  -3.2373162592819528E-006   3.7505324187196579E-005           3           2          -2
   2.8441420986637350E-005  -3.2627570037755879E-004           3           5           1
  -4.1858639141293823E-005   4.7859563071288666E-004           4          -1           0
   3.4796560423583147E-006  -3.9397688949031121E-005           4          -1           2
  -4.1727622198117249E-005   4.7709751909338427E-004           4           0          -1
   3.3686407829393800E-006  -3.8128475125293646E-005           4           2          -1
   2.8562627520528286E-005  -3.2634446286357506E-004           4           2           5
   0.0000000000000000        0.0000000000000000                4           4           5
   2.8557696334376598E-005  -3.2628478262814288E-004           4           5           2
   0.0000000000000000        0.0000000000000000                4           5           4
   2.6595358317919280E-005  -3.0383733929361951E-004           5           1           1
   2.5658110040473143E-005  -2.9457656020266210E-004           5           1           3
   1.2028819953775519E-005  -1.3745700800498422E-004           5           2           4
   2.5673482527667789E-005  -2.9475242271386273E-004           5           3           1
   1.2059312158657444E-005  -1.3780287050431102E-004           5           4           2
  -4.2253651773290385E-005   4.8464074080396585E-004           5           4           4
  -5.5888585029940717E-008  -3.2897662812893659E-007          -4          -4           0
  -8.2133929703150273E-008  -3.1877148852921159E-008          -4           0          -4
  -7.2724439712184469E-008  -1.9145057477023141E-007           0          -4          -4
   0.0000000000000000        0.0000000000000000                0           4           4
  -5.5901047984977005E-008  -3.2895904558291085E-007           4           0           4
  -8.2164042843911909E-008  -3.1930578317926816E-008           4           4           0
   8.0818914378145694E-006  -9.2142255021739145E-005          -5          -5          -3
   8.1531775817499655E-006  -9.2956433052221167E-005          -5          -3          -5
   0.0000000000000000        0.0000000000000000               -5          -2           0
   0.0000000000000000        0.0000000000000000               -5           0          -2
  -5.8318571936854572E-006   6.7331878168409691E-005          -3          -5          -5
   0.0000000000000000        0.0000000000000000               -3           2           2
   8.0177007014426368E-006  -9.2178617171447666E-005          -2          -5           0
   0.0000000000000000        0.0000000000000000               -2          -2           3
   8.1075188451503784E-006  -9.3206913281998084E-005          -2           0          -5
   0.0000000000000000        0.0000000000000000               -2           3          -2
  -6.0057655282670937E-006   6.8191518149998193E-005           0          -5          -2
  -5.8185056705396386E-006   6.6051831285149462E-005           0          -2          -5
   0.0000000000000000        0.0000000000000000                0           2           5
   0.0000000000000000        0.0000000000000000                0           5           2
   8.0179635009042249E-006  -9.2178789586834660E-005           2          -3           2
   0.0000000000000000        0.0000000000000000                2           0           5
   8.1077564914711252E-006  -9.3207106178661800E-005           2           2          -3
   0.0000000000000000        0.0000000000000000                2           5           0
   5.8323004365134438E-006  -6.7332007454078436E-005           3          -2          -2
  -8.0818351896955597E-006   9.2142175231481370E-005           5           0           2
  -8.1530983517095768E-006   9.2956343570355619E-005           5           2           0
   2.0862975853754010E-005  -2.3955722522691426E-004          -5          -5          -4
   2.0911789577798641E-005  -2.4011492367604956E-004          -5          -4          -5
   0.0000000000000000        0.0000000000000000               -5          -4          -1
   0.0000000000000000        0.0000000000000000               -5          -1          -4
   0.0000000000000000        0.0000000000000000               -5          -1           0
   0.0000000000000000        0.0000000000000000               -5           0          -1
   7.3749605793594773E-006  -8.5093654125335908E-005          -4          -5          -5
  -3.0283142794138934E-005   3.4670192833764492E-004          -4          -5          -1
   0.0000000000000000        0.0000000000000000               -4          -3           1
  -3.0354039602710123E-005   3.4751180637825963E-004          -4          -1          -5
   0.0000000000000000        0.0000000000000000               -4           1          -3
   0.0000000000000000        0.0000000000000000               -4           1           1
   0.0000000000000000        0.0000000000000000               -3          -4           1
   0.0000000000000000        0.0000000000000000               -3           1          -4
   5.9953100535531912E-006  -6.8636538385821518E-005          -1          -5          -4
   2.0891210517092352E-005  -2.3847219220907850E-004          -1          -5           0
   5.8539839947224136E-006  -6.7020125790141153E-005          -1          -4          -5
   0.0000000000000000        0.0000000000000000               -1          -1           4
   2.1083856312729480E-005  -2.4067651048873087E-004          -1           0          -5
   0.0000000000000000        0.0000000000000000               -1           3           4
   0.0000000000000000        0.0000000000000000               -1           4          -1
   0.0000000000000000        0.0000000000000000               -1           4           3
   7.3127292322768049E-006  -8.3061647410907866E-005           0          -5          -1
   7.6249922184988171E-006  -8.6635667090554427E-005           0          -1          -5
   0.0000000000000000        0.0000000000000000                0           1           5
   0.0000000000000000        0.0000000000000000                0           5           1
  -5.9953349890767266E-006   6.8636514912537479E-005           1          -4          -3
  -2.0891333032731601E-005   2.3847226947897878E-004           1          -4           1
  -5.8540110319939441E-006   6.7020094200115595E-005           1          -3          -4
   0.0000000000000000        0.0000000000000000                1           0           5
  -2.1083986034957882E-005   2.4067660964577223E-004           1           1          -4
   0.0000000000000000        0.0000000000000000                1           4           5
   0.0000000000000000        0.0000000000000000                1           5           0
   0.0000000000000000        0.0000000000000000                1           5           4
   0.0000000000000000        0.0000000000000000                3          -1           4
   0.0000000000000000        0.0000000000000000                3           4          -1
   7.3750354084559623E-006  -8.5093722684761731E-005           4          -1          -1
  -3.0283144287065322E-005   3.4670193191441867E-004           4          -1           3
   0.0000000000000000        0.0000000000000000                4           1           5
  -3.0354071496010136E-005   3.4751181303133703E-004           4           3          -1
   0.0000000000000000        0.0000000000000000                4           5           1
  -2.0862770379058266E-005   2.3955708817021521E-004           5           0           1
  -2.0911562827819266E-005   2.4011476065114454E-004           5           1           0
   0.0000000000000000        0.0000000000000000                5           1           4
   0.0000000000000000        0.0000000000000000                5           4           1
   0.0000000000000000        0.0000000000000000               -6          -3          -3
   0.0000000000000000        0.0000000000000000               -5          -5          -2
   0.0000000000000000        0.0000000000000000               -5          -3           0
   0.0000000000000000        0.0000000000000000               -5          -2          -5
   0.0000000000000000        0.0000000000000000               -5           0          -3
   8.5237024556181227E-008   5.0052247548371734E-007          -3          -6          -3
   0.0000000000000000        0.0000000000000000               -3          -5           0
   1.2467697512795445E-007   4.7560692374822845E-008          -3          -3          -6
   0.0000000000000000        0.0000000000000000               -3          -3           2
   0.0000000000000000        0.0000000000000000               -3           0          -5
   0.0000000000000000        0.0000000000000000               -3           0           3
   0.0000000000000000        0.0000000000000000               -3           2          -3
   0.0000000000000000        0.0000000000000000               -3           3           0
   1.9405098412847257E-007  -5.8970474411541469E-007          -2          -5          -5
   0.0000000000000000        0.0000000000000000               -2           3           3
  -1.2185384736479785E-008  -1.4920604987562856E-006           0          -5          -3
  -6.3574569981968615E-008  -9.0085018743411663E-007           0          -3          -5
   0.0000000000000000        0.0000000000000000                0          -3           3
   0.0000000000000000        0.0000000000000000                0           3          -3
   0.0000000000000000        0.0000000000000000                0           3           5
   0.0000000000000000        0.0000000000000000                0           5           3
   1.9366788941986211E-007  -5.8959535595739438E-007           2          -3          -3
  -8.4957439891732320E-008  -5.0062239362517696E-007           3          -3           0
   0.0000000000000000        0.0000000000000000                3          -2           3
  -1.2443662610904687E-007  -4.7701668758431103E-008           3           0          -3
   0.0000000000000000        0.0000000000000000                3           0           5
   0.0000000000000000        0.0000000000000000                3           3          -2
   0.0000000000000000        0.0000000000000000                3           5           0
   0.0000000000000000        0.0000000000000000                5           0           3
   0.0000000000000000        0.0000000000000000                5           3           0
   0.0000000000000000        0.0000000000000000               -6          -4          -3
   0.0000000000000000        0.0000000000000000               -6          -3          -4
   0.0000000000000000        0.0000000000000000               -6          -3          -2
   0.0000000000000000        0.0000000000000000               -6          -2          -3
   2.7785889661126811E-005  -3.1946659798952586E-004          -5          -5          -5
   0.0000000000000000        0.0000000000000000               -5           0           0
   2.0651878864677583E-005  -2.3552126533790175E-004          -4          -6          -3
   2.0735469991645114E-005  -2.3647806735193120E-004          -4          -3          -6
   0.0000000000000000        0.0000000000000000               -4          -1           2
   0.0000000000000000        0.0000000000000000               -4           2          -1
   1.8484478646665036E-005  -2.1057545209083141E-004          -3          -6          -4
  -2.0529665447318200E-005   2.3595433671176692E-004          -3          -6          -2
   1.8589957119843892E-005  -2.1178254190327029E-004          -3          -4          -6
  -2.0597107262197787E-005   2.3672436409839348E-004          -3          -2          -6
   0.0000000000000000        0.0000000000000000               -3          -1           3
   0.0000000000000000        0.0000000000000000               -3           1           3
   0.0000000000000000        0.0000000000000000               -3           3          -1
   0.0000000000000000        0.0000000000000000               -3           3           1
  -1.8341397279246765E-005   2.1103388478027485E-004          -2          -6          -3
  -1.8434999732799834E-005   2.1210218418347049E-004          -2          -3          -6
   0.0000000000000000        0.0000000000000000               -2           1           4
   0.0000000000000000        0.0000000000000000               -2           4           1
   0.0000000000000000        0.0000000000000000               -1          -4           2
   0.0000000000000000        0.0000000000000000               -1          -3           3
   0.0000000000000000        0.0000000000000000               -1           2          -4
   0.0000000000000000        0.0000000000000000               -1           3          -3
   2.7928057184166589E-005  -3.1838003708681810E-004           0          -5           0
   2.8029627425981584E-005  -3.1954450299611248E-004           0           0          -5
   0.0000000000000000        0.0000000000000000                0           0           5
   0.0000000000000000        0.0000000000000000                0           5           0
   0.0000000000000000        0.0000000000000000                1          -3           3
   0.0000000000000000        0.0000000000000000                1          -2           4
   0.0000000000000000        0.0000000000000000                1           3          -3
   0.0000000000000000        0.0000000000000000                1           4          -2
  -1.8341624383744434E-005   2.1103395723372453E-004           2          -4          -1
  -1.8435218715059541E-005   2.1210230816078282E-004           2          -1          -4
  -1.8484259547375028E-005   2.1057538512836993E-004           3          -3          -1
   2.0530027374865431E-005  -2.3595452650664836E-004           3          -3           1
  -1.8589739477852725E-005   2.1178247132026668E-004           3          -1          -3
   2.0597452844495144E-005  -2.3672460626947769E-004           3           1          -3
   2.0651768468277405E-005  -2.3552118621763526E-004           4          -2           1
   2.0735352682279672E-005  -2.3647799149920155E-004           4           1          -2
  -2.7785634713268359E-005   3.1946644802954209E-004           5           0           0
   0.0000000000000000        0.0000000000000000               -6          -4          -4
   0.0000000000000000        0.0000000000000000               -6          -2          -2
   3.0817750173628227E-005  -3.5307031184085021E-004          -4          -6          -4
   3.0900764482427631E-005  -3.5401896860441678E-004          -4          -4          -6
   0.0000000000000000        0.0000000000000000               -4           0           2
   0.0000000000000000        0.0000000000000000               -4           2           0
  -3.0821497761963234E-005   3.5261808811609782E-004          -2          -6          -2
  -3.0967422746688421E-005   3.5428692060266690E-004          -2          -2          -6
   0.0000000000000000        0.0000000000000000               -2           0           4
   0.0000000000000000        0.0000000000000000               -2           4           0
   0.0000000000000000        0.0000000000000000                0          -4           2
   0.0000000000000000        0.0000000000000000                0          -2           4
   0.0000000000000000        0.0000000000000000                0           2          -4
   0.0000000000000000        0.0000000000000000                0           4          -2
  -3.0821577664623460E-005   3.5261812974188858E-004           2          -4           0
  -3.0967519509469694E-005   3.5428699980525615E-004           2           0          -4
   3.0817739561235860E-005  -3.5307027236526465E-004           4          -2           0
   3.0900709962014002E-005  -3.5401895889869796E-004           4           0          -2
   0.0000000000000000        0.0000000000000000               -6          -4          -2
   0.0000000000000000        0.0000000000000000               -6          -2          -4
   0.0000000000000000        0.0000000000000000               -4          -6          -2
   0.0000000000000000        0.0000000000000000               -4          -2          -6
   0.0000000000000000        0.0000000000000000               -4          -2           2
   0.0000000000000000        0.0000000000000000               -4           2          -2
   1.0820805398553630E-007   4.5531666633938038E-007          -2          -6          -4
   1.3265828571602342E-007   1.7367336665840623E-007          -2          -4          -6
   0.0000000000000000        0.0000000000000000               -2          -4           2
   0.0000000000000000        0.0000000000000000               -2           2          -4
   1.0795143928528558E-007   4.5539317128222187E-007           2          -4          -2
   1.3239634402923155E-007   1.7376303211161475E-007           2          -2          -4
   0.0000000000000000        0.0000000000000000               -5          -5          -1
   0.0000000000000000        0.0000000000000000               -5          -4           0
   0.0000000000000000        0.0000000000000000               -5          -1          -5
   0.0000000000000000        0.0000000000000000               -5           0          -4
   0.0000000000000000        0.0000000000000000               -4          -5           0
   0.0000000000000000        0.0000000000000000               -4          -4           1
   0.0000000000000000        0.0000000000000000               -4           0          -5
   0.0000000000000000        0.0000000000000000               -4           1          -4
  -2.8746224021962207E-005   3.3034637862227960E-004          -1          -5          -5
  -2.8901503061419060E-005   3.2964316957091445E-004           0          -5          -4
  -2.8943745987834572E-005   3.3012674075559947E-004           0          -4          -5
   2.8746209013829314E-005  -3.3034635049259629E-004           1          -4          -4
