         718          24          24          24
   1.0946929314374982E-007   2.6170575448269341E-007           0           0           0
  -6.6563287224901749E-002 -0.27605997458201487               -1          -1          -1
   1.3391916911211710E-002   5.5539795342510551E-002          -1           0           0
   2.1199337726584315E-008   2.8369607923089107E-007           0          -1           0
  -2.7612137399778462E-002 -0.11451502293564540                0           0          -1
 -0.12924918657139345      -0.53603897332449790                0           0           1
   8.6796671442340693E-009   3.0352931728810817E-010           0           1           0
   6.2685871600691306E-002  0.25997903317131310                1           0           0
  -1.4220248823388515E-002  -5.8975192923697323E-002           1           1           1
   6.2686249324293883E-002  0.25997894234037339               -1          -1           0
  -1.0633393465288750E-002  -4.4099971991917168E-002          -1           0          -1
 -0.12924993422774073      -0.53603879340424299                0          -1          -1
  -2.0647375775221126E-002  -8.5631013190057934E-002           0           1           1
  -6.6563724479507896E-002 -0.27605986835369362                1           0           1
   1.0013982055339970E-002   4.1531071778920341E-002           1           1           0
  -7.3540700706327348E-003  -3.0499712717610775E-002          -2          -1          -1
  -1.4219922953976769E-002  -5.8975268641915053E-002          -1          -2          -1
  -3.4599946766686110E-003  -1.4350235067900214E-002          -1          -1          -2
  -1.0538426805549356E-002  -4.3706774556471761E-002          -1           0           1
   4.6719042561917373E-004   1.9375115642102339E-003          -1           1           0
  -2.7611562477622441E-002 -0.11451516379348790                0          -1           1
  -9.6327304623556632E-004  -3.9948928644819512E-003           0           1          -1
   1.3391597626093644E-002   5.5539873371362208E-002           1          -1           0
   3.1057102902930225E-003   1.2880828448635730E-002           1           0          -1
   1.0459776307013880E-002   4.3380539766383598E-002           1           1           2
  -4.9608350295861489E-004  -2.0573543132056385E-003           1           2           1
  -7.0784352524678445E-003  -2.9356548134716647E-002           2           1           1
  -7.0784489525679024E-003  -2.9356544926483139E-002          -2          -2          -1
   8.6738925270870876E-005   3.5961632049969817E-004          -2          -1          -2
   5.2602501359603100E-003   2.1815987985789622E-002          -2          -1           0
  -1.3847667770664710E-003  -5.7430833379935780E-003          -2           0          -1
   1.0460029893340606E-002   4.3380477917217733E-002          -1          -2          -2
   1.0013939928620159E-002   4.1531082463729385E-002          -1          -2           0
   3.1059276790227864E-003   1.2880774812188321E-002          -1          -1           1
  -1.6921767556836811E-003  -7.0180377477363064E-003          -1           0          -2
  -3.3623484266122479E-004  -1.3944610097158753E-003          -1           1          -1
  -2.9842183220530633E-003  -1.2376565078896420E-002          -1           1           1
  -2.0647285002834546E-002  -8.5631037898502016E-002           0          -2          -1
  -1.0845888461368899E-002  -4.4981424631580183E-002           0          -1          -2
  -1.6841808835784121E-004  -6.9828009490730154E-004           0           1           2
  -6.5288301665512968E-004  -2.7076738025131235E-003           0           2           1
  -1.0538682826821518E-002  -4.3706712508961479E-002           1          -1          -1
  -1.0633361224705019E-002  -4.4099978450086577E-002           1          -1           1
  -3.4602310582992086E-003  -1.4350177733855968E-002           1           0           2
   1.6056668088484708E-003   6.6592374525688766E-003           1           1          -1
   3.1664995036662395E-004   1.3132316768594240E-003           1           2           0
   2.9904321873610784E-003   1.2402323464903720E-002           1           2           2
  -7.3540933754781962E-003  -3.0499708275326755E-002           2           0           1
   8.1679842825709969E-005   3.3866432766544558E-004           2           1           0
   5.5856294340028249E-003   2.3165411679442707E-002           2           1           2
  -1.2920428005058797E-003  -5.3585265200903880E-003           2           2           1
   5.5856505775191065E-003   2.3165406637207210E-002          -2          -2          -2
   2.1264781856059518E-003   8.8191387686427716E-003          -2           0           0
  -2.0340163744442286E-009   1.5545526376646623E-009           0          -2           0
  -4.3844935201745334E-003  -1.8183803227182209E-002           0           0          -2
  -1.0845927758210212E-002  -4.4981414225613650E-002           0           0           2
   3.7135042780473298E-010   1.3482235959218416E-009           0           2           0
   5.2602767712200352E-003   2.1815980205639199E-002           2           0           0
   2.2580100244579348E-003   9.3646433920369608E-003           2           2           2
   8.1636544968206821E-005   3.3867528029719895E-004          -2          -2           0
  -3.8278881400250712E-004  -1.5875655878247823E-003          -2           0          -2
  -1.6832510659699261E-004  -6.9830386740185233E-004           0          -2          -2
   7.4328317506699992E-004   3.0826623341470532E-003           0           2           2
   8.6690484374167672E-005   3.5962717342349492E-004           2           0           2
  -3.6049189067758388E-004  -1.4950870726177126E-003           2           2           0
   1.2861040092689846E-003   5.3339126992238434E-003          -3          -2          -2
  -1.4680621007010426E-003  -6.0885044906764801E-003          -3          -1          -1
   2.2579909700599730E-003   9.3646474701278397E-003          -2          -3          -2
   1.1275007996624262E-003   4.6761291164293256E-003          -2          -2          -3
   8.9010246912386279E-005   3.6912026705860788E-004          -2           0           1
   3.6709545600410872E-004   1.5224513969453667E-003          -2           1           0
  -4.9605368058306190E-004  -2.0573610254565598E-003          -1          -3          -1
   1.5915766033317482E-003   6.6007254028366651E-003          -1          -1          -3
  -2.3449115254172916E-003  -9.7251435722206098E-003          -1           0           2
   1.4719723802709530E-004   6.1047283542813111E-004          -1           2           0
  -9.6322322073823740E-004  -3.9949054012276978E-003           0          -2           1
  -4.3844566478667959E-003  -1.8183812084761851E-002           0          -1           2
  -7.5689746733450928E-004  -3.1390826033236424E-003           0           1          -2
  -3.0349999510195466E-004  -1.2587111263599542E-003           0           2          -1
   4.6716103930570117E-004   1.9375190685842268E-003           1          -2           0
  -1.6188814761445456E-003  -6.7139767769069563E-003           1           0          -2
   2.3417094762308360E-003   9.7118566865947008E-003           1           1           3
  -1.5630192480405578E-004  -6.4823336972113089E-004           1           3           1
   2.1264608948441802E-003   8.8191422126061118E-003           2          -1           0
   1.0556041565180458E-003   4.3779353623741094E-003           2           0          -1
   1.5081681341969815E-004   6.2546126588563112E-004           2           2           3
   3.8980037320578847E-004   1.6166211627139915E-003           2           3           2
  -1.2174093471681714E-003  -5.0490069739288612E-003           3           1           1
   1.5025636684076562E-003   6.2315945799785288E-003           3           2           2
  -1.2174211691085681E-003  -5.0490056408932366E-003          -3          -2          -1
  -1.6908097324421130E-004  -7.0122189873527883E-004          -3          -1          -2
  -1.2920493556678354E-003  -5.3585261434366295E-003          -2          -3          -1
   2.5195331515230108E-004   1.0449230357598724E-003          -2          -1          -3
   1.0556104515337707E-003   4.3779348890827241E-003          -2          -1           1
   1.7248320915096883E-005   7.1528305204570394E-005          -2           1          -1
   2.9904586258426638E-003   1.2402317263238385E-002          -1          -3          -2
   2.3417318208285038E-003   9.7118514849524641E-003          -1          -2          -3
   1.6056806956001872E-003   6.6592346691112785E-003          -1          -2           1
   6.8000327748908023E-005   2.8201973140379370E-004          -1           1          -2
  -7.6204087886992488E-005  -3.1605013019726292E-004          -1           1           2
   8.2253132517421881E-005   3.4112773528643080E-004          -1           2           1
  -2.9842462401416490E-003  -1.2376558266480167E-002           1          -2          -1
  -2.3449346185746458E-003  -9.7251377113721955E-003           1          -1          -2
  -1.6921964035734702E-003  -7.0180329385781965E-003           1          -1           2
  -6.6029321254314140E-005  -2.7384880014217814E-004           1           2          -1
   8.4709144545451649E-005   3.5132472394170782E-004           1           2           3
  -8.3278856793040105E-005  -3.4538024448916053E-004           1           3           2
  -1.3847757077197378E-003  -5.7430816149614530E-003           2          -1           1
   2.5379133765331878E-004   1.0525480575348759E-003           2           1          -1
   1.1275105300628586E-003   4.6761265030852246E-003           2           1           3
   1.4251680873155097E-005   5.9104576925051584E-005           2           3           1
   1.2861178780150251E-003   5.3339100655342385E-003           3           1           2
   1.7574829026996452E-004   7.2887099521373765E-004           3           2           1
   1.5025562373968447E-003   6.2315958374964016E-003          -3          -3          -2
   6.1673656690404855E-004   2.5578185449534590E-003          -3          -2          -3
  -6.0475258331871024E-004  -2.5080934638552523E-003          -3          -1           0
  -6.6687704172795266E-004  -2.7657517842292071E-003          -3           0          -1
   1.5080282726246723E-004   6.2546476483293955E-004          -2          -3          -3
   1.2072781866653322E-004   5.0069220176755390E-004          -2           1           1
   3.1664236184379398E-004   1.3132337728236816E-003          -1          -3           0
  -1.6188633217606280E-003  -6.7139813631145323E-003          -1          -1           2
   8.0655711544208022E-004   3.3450450338272158E-003          -1           0          -3
  -5.9830350309486905E-005  -2.4813664652471282E-004          -1           2          -1
  -6.5286610435597242E-004  -2.7076781039405062E-003           0          -3          -1
   1.2469110141231496E-003   5.1713277748645491E-003           0          -1          -3
   1.1975524688800782E-003   4.9666473178848237E-003           0           1           3
  -1.1617480306874950E-004  -4.8181414585083966E-004           0           3           1
  -3.3622782747842403E-004  -1.3944626099215793E-003           1          -2           1
   1.5915569260792255E-003   6.6007298856908571E-003           1           0           3
  -8.1737084179781439E-004  -3.3898966925651431E-003           1           1          -2
   5.6345250106382833E-005   2.3368243551984851E-004           1           3           0
   8.8997101123221967E-005   3.6912339750783086E-004           2          -1          -1
   1.5049193685592730E-004   6.2413916970620428E-004           2           3           3
  -1.4680560988950099E-003  -6.0885056130554945E-003           3           0           1
  -5.8081301532041368E-004  -2.4088223480542206E-003           3           1           0
   6.4215721209171330E-004   2.6632290121564005E-003           3           2           3
   6.8582744078872298E-004   2.8443473787044503E-003           3           3           2
   6.4215507937011220E-004   2.6632297355305909E-003          -3          -3          -3
   1.7574270094952612E-004   7.2887131819499192E-004          -3          -3          -1
  -5.8081720646748793E-004  -2.4088218359256501E-003          -3          -2           0
  -2.0486181826208610E-005  -8.4956544357326079E-005          -3          -1          -3
  -3.2926667540683380E-004  -1.3655680836457324E-003          -3           0          -2
  -3.6119318884238790E-004  -1.4979840950470416E-003          -3           0           0
  -3.6049840751833364E-004  -1.4950860381946602E-003          -2          -3           0
   2.5378822001656878E-004   1.0525494929843509E-003          -2          -2           1
   5.5112225046856594E-005   2.2857093971183530E-004          -2           0          -3
   1.0098743639034433E-004   4.1882596761728946E-004          -2           1          -2
   8.4712872133489313E-005   3.5132430687792311E-004          -1          -3          -3
   2.7005184533803784E-004   1.1199865548987191E-003          -1           2           2
   7.4329755974165230E-004   3.0826587004809409E-003           0          -3          -2
   2.7271390638062323E-010   1.1834096797977742E-009           0          -3           0
   1.1975610875672226E-003   4.9666452916450402E-003           0          -2          -3
   7.4472673829964237E-004   3.0886256899649136E-003           0           0          -3
   1.2469083911867155E-003   5.1713283998891498E-003           0           0           3
  -3.9777517393332790E-005  -1.6496165406071754E-004           0           2           3
  -2.0994935513401236E-011   7.3620005422393516E-010           0           3           0
  -1.9609176349738501E-004  -8.1325335760651602E-004           0           3           2
  -7.6207995139361063E-005  -3.1604924128860118E-004           1          -2          -2
  -2.6228737513523434E-004  -1.0877826406017004E-003           1           3           3
  -3.8279701082693000E-004  -1.5875638068729870E-003           2          -1           2
   2.5195110344298957E-004   1.0449230860965454E-003           2           0           3
   6.6979887111810182E-005   2.7778864165766955E-004           2           2          -1
   9.5104843944658206E-005   3.9442923678032903E-004           2           3           0
  -6.0475043960213121E-004  -2.5080943278345700E-003           3           0           0
  -1.6907533057173863E-004  -7.0122310640643960E-004           3           0           2
   6.1674215059966142E-004   2.5578175760572830E-003           3           1           3
   1.9292281131288209E-005   8.0007855895048718E-005           3           2           0
   3.2516354305822345E-004   1.3485540974348224E-003           3           3           1
   3.8353362670596287E-004   1.5906408350143354E-003           3           3           3
   7.0617348468143219E-004   2.9287304225565783E-003          -4          -2          -2
   3.8979715901905573E-004   1.6166218202458848E-003          -2          -4          -2
  -5.0071576602634836E-004  -2.0766269790445571E-003          -2          -2          -4
  -2.1166581779408911E-004  -8.7784650395437871E-004          -2           0           2
   1.5325954660059442E-004   6.3561672232557748E-004          -2           2           0
  -7.5689179533077085E-004  -3.1390836980977489E-003           0          -2           2
  -3.1599923619924101E-004  -1.3105510982013963E-003           0           2          -2
   3.6709288467358695E-004   1.5224522028442974E-003           2          -2           0
  -5.1888889654924360E-004  -2.1520027387943647E-003           2           0          -2
  -1.8728596433753228E-004  -7.7673097588759903E-004           2           2           4
   1.6273910081156723E-004   6.7493236644225365E-004           2           4           2
   7.1238020689051089E-004   2.9544703839358378E-003           4           2           2
   7.1238185226053514E-004   2.9544703444035658E-003          -4          -3          -2
   4.4849801529494129E-004   1.8600597290829670E-003          -4          -2          -3
   3.0522117661806614E-004   1.2658551072400126E-003          -4          -2          -1
   2.1977849019599627E-004   9.1149585465273076E-004          -4          -1          -2
   6.8582809063015841E-004   2.8443474997596214E-003          -3          -4          -2
   1.0033311784426847E-004   4.1611129053440468E-004          -3          -2          -4
  -2.5382011737712238E-004  -1.0526714430652393E-003          -3          -1           1
  -1.5099041945650199E-004  -6.2620691959482978E-004          -3           1          -1
   1.5049097817274181E-004   6.2413939466598577E-004          -2          -4          -3
   1.4250213576319046E-005   5.9104808976100716E-005          -2          -4          -1
  -1.8728572639013753E-004  -7.7673111078314645E-004          -2          -3          -4
  -4.2307147973945412E-004  -1.7546136343609196E-003          -2          -1          -4
  -5.1889110533110663E-004  -2.1520021495395288E-003          -2          -1           2
   1.9087851284738621E-004   7.9163077242728444E-004          -2           1           2
   5.0240464276323177E-005   2.0836116897584439E-004          -2           2          -1
   1.7801784226175192E-004   7.3829659208038130E-004          -2           2           1
  -8.3277583824477514E-005  -3.4538018559560963E-004          -1          -4          -2
  -6.6031044751765314E-005  -2.7384851394837305E-004          -1          -3           1
  -5.7582117873448144E-004  -2.3881213861274794E-003          -1          -2          -4
  -8.1737101090125852E-004  -3.3898965755835521E-003          -1          -2           2
   3.3945127935390551E-004   1.4078141969097872E-003          -1           1          -3
   5.3636356281591008E-004   2.2244626342193628E-003          -1           1           3
  -4.1135549356620705E-005  -1.7060415396760327E-004          -1           2          -2
   9.7620778076541548E-006   4.0485600849963889E-005          -1           3           1
   8.2251618224735628E-005   3.4112758188162886E-004           1          -3          -1
   6.8001027504293427E-005   2.8202006353132458E-004           1          -2           2
   5.7683867023424092E-004   2.3923429171672072E-003           1          -1          -3
   8.0655658031194470E-004   3.3450451893559897E-003           1          -1           3
  -3.3891607258504657E-004  -1.4055946742063418E-003           1           2          -2
  -5.2933063657219334E-004  -2.1952928134470473E-003           1           2           4
   4.2323991049362063E-005   1.7553183437187762E-004           1           3          -1
  -7.9163844020109056E-006  -3.2830085359464128E-005           1           4           2
   1.2072690643645867E-004   5.0069251291637036E-004           2          -2          -1
   1.7246404703700599E-005   7.1529193126974413E-005           2          -2           1
  -2.1166572941530153E-004  -8.7784645683934505E-004           2          -1          -2
  -4.2364338771931783E-004  -1.7569871906976291E-003           2           1          -2
  -5.0071726911455640E-004  -2.0766264686252231E-003           2           1           4
   2.0386451332677881E-004   8.4549051529726250E-004           2           3           4
   5.0897689904255778E-005   2.1108900501900276E-004           2           4           1
   1.8792551563084594E-004   7.7938732253788939E-004           2           4           3
  -6.6687820390303842E-004  -2.7657517415078658E-003           3          -1           1
  -8.0831994172121213E-005  -3.3523187080260284E-004           3           1          -1
   2.7161732167203529E-004   1.1264872211530356E-003           3           2           4
   1.6143331259243360E-004   6.6951694543522814E-004           3           4           2
   7.0617555635435979E-004   2.9287301769101298E-003           4           1           2
   4.3602981589584752E-004   1.8083499316141687E-003           4           2           1
   3.2200096782539526E-004   1.3354494406999781E-003           4           2           3
   2.3219253882648120E-004   9.6298172633355549E-004           4           3           2
   3.2200445228457674E-004   1.3354489618736753E-003          -4          -3          -3
  -3.4915295359945168E-005  -1.4480047242741611E-004          -4          -1          -1
   3.8353499478480666E-004   1.5906405437101118E-003          -3          -4          -3
   2.7161814717723248E-004   1.1264868970915069E-003          -3          -3          -4
   1.9290300890345598E-005   8.0007219337063074E-005          -3          -3           0
  -1.2669389356290438E-004  -5.2543688763020404E-004          -3           0          -3
  -2.1091550577770910E-004  -8.7473240315473271E-004          -3           0           1
  -8.2264728983546539E-005  -3.4117880645317733E-004          -3           1           0
  -1.5630187792126414E-004  -6.4823337193889007E-004          -1          -4          -1
  -1.8387710000081610E-004  -7.6260008304901916E-004          -1          -1          -4
   5.7684308458020694E-004   2.3923416105601611E-003          -1           0           3
   2.5373824010212524E-005   1.0523356100451198E-004          -1           3           0
  -3.9773555036690816E-005  -1.6496252387001290E-004           0          -3          -3
  -3.0349988180684178E-004  -1.2587111412898774E-003           0          -3           1
   7.4473031256159779E-004   3.0886245854090518E-003           0          -1           3
   1.6961770645078687E-004   7.0346028967641365E-004           0           1          -3
  -5.2317256848785290E-005  -2.1697652246183098E-004           0           3          -1
  -2.4600773300051951E-004  -1.0202668295644574E-003           0           3           3
   1.4719720451429526E-004   6.1047253640620529E-004           1          -3           0
   1.7900956087064468E-004   7.4241199628447040E-004           1           0          -3
  -5.7582540457846922E-004  -2.3881204007611184E-003           1           1           4
  -2.6943701005382834E-005  -1.1174295851904321E-004           1           4           1
  -3.6119474892034448E-004  -1.4979838672748154E-003           3          -1           0
  -2.5382062761520940E-004  -1.0526718158795942E-003           3           0          -1
  -2.0483641858112457E-005  -8.4957264401992386E-005           3           0           3
   1.1931358665368609E-004   4.9482972492227630E-004           3           3           0
   2.1392534048870565E-004   8.8721373913809251E-004           3           3           4
   8.7353614898809742E-005   3.6228245820032080E-004           3           4           3
   3.0522474890342570E-004   1.2658548650093444E-003           4           1           1
  -2.7038020272175060E-005  -1.1213112445379556E-004           4           3           3
   4.3602806804089191E-004   1.8083502159905792E-003          -4          -3          -1
   1.9196765613538162E-004   7.9615084976533831E-004          -4          -1          -3
   3.2516227384758907E-004   1.3485544495228856E-003          -3          -4          -1
  -8.0830641700153867E-005  -3.3523208214920777E-004          -3          -2           1
  -9.6216220345716867E-005  -3.9904043400977411E-004          -3          -1          -4
  -7.9696074865362042E-005  -3.3052435465084754E-004          -3           1          -2
   6.6980427424180033E-005   2.7778832499128036E-004          -2          -3           1
   1.1326652565874656E-004   4.6975358553725339E-004          -2           1          -3
  -2.6228499061455398E-004  -1.0877830932140915E-003          -1          -4          -3
  -5.2932733645383789E-004  -2.1952935375341540E-003          -1          -3          -4
   9.5873719447060393E-005   3.9761707412620340E-004          -1           2           3
  -3.0643740511067685E-005  -1.2709043579519757E-004          -1           3           2
   2.7004936164864838E-004   1.1199869054658437E-003           1          -3          -2
   5.3636019489074151E-004   2.2244633588004025E-003           1          -2          -3
  -9.0052232393210332E-005  -3.7347237224696461E-004           1           3           4
   3.4541775525291555E-005   1.4325729942004183E-004           1           4           3
   5.5113177035729012E-005   2.2857074421018050E-004           2          -1           3
   1.1423798350865456E-004   4.7378198111274237E-004           2           3          -1
  -3.2926514300308368E-004  -1.3655683610461964E-003           3          -1           2
   1.0033158821910144E-004   4.1611152456348042E-004           3           1           4
   1.0191593282118025E-004   4.2267904447451882E-004           3           2          -1
   8.2622649779586388E-005   3.4266278952403326E-004           3           4           1
   4.4849605570001865E-004   1.8600599377899788E-003           4           1           3
   1.9208938749386100E-004   7.9665685245435935E-004           4           3           1
  -2.7035964954743105E-005  -1.1213146872157838E-004          -4          -4          -3
   5.8316331333838244E-005   2.4185305542610608E-004          -4          -3          -4
  -1.0867733988289779E-004  -4.5071924606352170E-004          -4          -1           0
  -1.3990774040202765E-004  -5.8024022623840495E-004          -4           0          -1
   2.1392465445514751E-004   8.8721370628167180E-004          -3          -4          -4
  -1.7818897958363459E-005  -7.3899875232002018E-005          -3           1           1
   5.6345446985212397E-005   2.3368264272442224E-004          -1          -4           0
   1.7901089589255655E-004   7.4241167364318291E-004          -1          -1           3
   1.2430268464376599E-004   5.1552405705897143E-004          -1           0          -4
  -2.0670469116652219E-005  -8.5727130164827282E-005          -1           3          -1
  -1.1617520278716850E-004  -4.8181388713404048E-004           0          -4          -1
   2.2407656434580216E-004   9.2931816384731391E-004           0          -1          -4
  -1.1323478969395699E-004  -4.6961664782186512E-004           0           1           4
  -4.0136936441119170E-005  -1.6646053506123997E-004           0           4           1
  -5.9830503472346321E-005  -2.4813686528371202E-004           1          -3           1
  -1.8387842059669810E-004  -7.6260003969478652E-004           1           0           4
  -1.2742592206658335E-004  -5.2847691039214053E-004           1           1          -3
   1.9466402117639154E-005   8.0733465739983541E-005           1           4           0
  -2.1091478318369360E-004  -8.7473280699216453E-004           3          -1          -1
   1.2481867190307171E-005   5.1763720012414659E-005           3           4           4
  -3.4913271807508232E-005  -1.4480078588997272E-004           4           0           1
   5.4918873932779176E-005   2.2776461136310975E-004           4           1           0
  -1.1539905580029984E-004  -4.7859814304014407E-004           4           3           4
  -1.4212154450416635E-004  -5.8942333543135039E-004           4           4           3
   2.3219486194634976E-004   9.6298179352456627E-004          -4          -4          -2
   1.4481710992277349E-004   6.0060024422991251E-004          -4          -2          -4
   5.4917934320437603E-005   2.2776427125686857E-004          -4          -2           0
  -2.9408628924059696E-005  -1.2196462362545165E-004          -4           0          -2
   2.0386379179876320E-004   8.4549051113626630E-004          -2          -4          -4
   9.5104463436318851E-005   3.9442904027950159E-004          -2          -4           0
  -4.2364486931404733E-004  -1.7569863594936242E-003          -2          -2           2
  -1.0224324670590282E-004  -4.2403519147558405E-004          -2           0          -4
   2.7506659590339633E-005   1.1407760709315876E-004          -2           2          -2
   1.2708170052018168E-004   5.2704625741699460E-004          -2           2           2
  -1.9609102142504372E-004  -8.1325334026411625E-004           0          -4          -2
  -1.1323295367304817E-004  -4.6961703789409956E-004           0          -2          -4
  -2.8119891257058141E-004  -1.1662150627539782E-003           0           2           4
  -5.3410615953312327E-005  -2.2150980204390763E-004           0           4           2
   1.9087759825604285E-004   7.9163104773818829E-004           2          -2          -2
   1.0098682328946014E-004   4.1882643377994243E-004           2          -2           2
  -4.2307268694679820E-004  -1.7546132941430154E-003           2           0           4
  -9.9144447330385012E-005  -4.1118397550327383E-004           2           2          -2
   2.5903865066205998E-005   1.0743218674677250E-004           2           4           0
   1.2855329097313093E-004   5.3314867864295281E-004           2           4           4
   2.1978107431896445E-004   9.1149521175792295E-004           4           0           2
   1.3638185566550515E-004   5.6561527947216904E-004           4           2           0
   5.8315218712718943E-005   2.4185338674363583E-004           4           2           4
  -2.4838289357026690E-005  -1.0301089422283560E-004           4           4           2
  -1.1539910602447790E-004  -4.7859803719383005E-004          -4          -4          -4
  -1.2543062286579480E-004  -5.2020076114997157E-004          -4           0           0
  -1.1892276324032436E-010   7.1767062502592173E-010           0          -4           0
   2.5861927968236952E-004   1.0725778207728554E-003           0           0          -4
   2.2407736443308884E-004   9.2931783163780336E-004           0           0           4
  -3.9637153327474119E-011  -5.0663846701242106E-011           0           4           0
  -1.0867761540057189E-004  -4.5071915202818250E-004           4           0           0
  -1.3318852933302279E-004  -5.5237725239844996E-004           4           4           4
  -7.8898515810274690E-005  -3.2722020426154835E-004          -5          -3          -3
   1.8580177557121324E-004   7.7057752880543308E-004          -5          -2          -2
   1.9208968703199596E-004   7.9665705736882593E-004          -4          -4          -1
   1.3638052932534134E-004   5.6561519052181306E-004          -4          -3           0
   6.2047387834351722E-005   2.5732882088381548E-004          -4          -1          -4
   2.4369823631028481E-005   1.0107016206113931E-004          -4           0          -3
   8.7353711780246128E-005   3.6228229353371661E-004          -3          -5          -3
   1.1931275144538917E-004   4.9482985300153281E-004          -3          -4           0
   1.6450114280365085E-004   6.8223896863186325E-004          -3          -3          -5
   1.0191658458814009E-004   4.2267867548062001E-004          -3          -3           1
  -6.0321271116512155E-005  -2.5017124787465037E-004          -3           0          -4
  -1.0032984475660524E-004  -4.1609833907655562E-004          -3           0           2
  -1.6236043982449642E-005  -6.7334870155804971E-005          -3           1          -3
   2.6057810414780861E-005   1.0806919143616314E-004          -3           2           0
   1.6273958645489735E-004   6.7493216154720372E-004          -2          -5          -2
  -8.5282354495579919E-005  -3.5369317448373424E-004          -2          -2          -5
   8.0650768607582997E-005   3.3448219178008925E-004          -2           0           3
   2.9344504491778650E-005   1.2170126197793138E-004          -2           3           0
  -9.0051423399631960E-005  -3.7347266536671422E-004          -1          -4          -4
  -3.4048932181980271E-005  -1.4121093514960392E-004          -1           3           3
  -2.4600539809739477E-004  -1.0202671928424818E-003           0          -4          -3
  -2.8119631241097149E-004  -1.1662156895636904E-003           0          -3          -4
  -3.1600012646267875E-004  -1.3105510124928779E-003           0          -3           2
   1.6961848730526451E-004   7.0346034473463552E-004           0          -2           3
  -5.3726893150626029E-005  -2.2282258574034155E-004           0           2          -3
  -6.0504153392184251E-005  -2.5093013633566239E-004           0           3          -2
  -1.2048025725373783E-004  -4.9966754710514783E-004           0           3           4
  -3.1525851075172489E-005  -1.3074699114230581E-004           0           4           3
   9.5872933242483718E-005   3.9761732789853033E-004           1          -3          -3
   3.5759818111283404E-005   1.4830663702724279E-004           1           4           4
   1.5326026960711529E-004   6.3561651412925532E-004           2          -3           0
  -9.0947934146430397E-005  -3.7719092015300090E-004           2           0          -3
   8.5567517173079335E-005   3.5487489529096699E-004           2           2           5
   3.1159688871255230E-005   1.2922908658563744E-004           2           5           2
  -8.2264826771338861E-005  -3.4117846190798618E-004           3          -2           0
  -1.2669262006428361E-004  -5.2543741115838264E-004           3          -1           3
  -1.6446622221832522E-004  -6.8209534951234200E-004           3           0          -2
  -9.6216961731204374E-005  -3.9904027289736728E-004           3           0           4
   6.0129683920355265E-005   2.4937656834849874E-004           3           3          -1
   9.4853861719384103E-005   3.9338636440440771E-004           3           3           5
   1.5289966418581146E-005   6.3412498466582025E-005           3           4           0
  -2.7669292078471769E-005  -1.1475359510689908E-004           3           5           3
   1.9196782469418385E-004   7.9615072140355085E-004           4           0           3
   1.4481563710515587E-004   6.0060060964043619E-004           4           1           4
   5.8432849545748825E-005   2.4233916216683560E-004           4           3           0
   2.6272263487650537E-005   1.0896048115181551E-004           4           4           1
   8.3850082727577262E-005   3.4775651589027387E-004           5           2           2
  -1.8561211443361209E-004  -7.6979159973005092E-004           5           3           3
   8.3851605404167845E-005   3.4775647289840702E-004          -5          -3          -2
   6.4869096204418040E-005   2.6903039064850678E-004          -5          -2          -3
   1.6143402417530023E-004   6.6951683119976027E-004          -3          -5          -2
   7.5964671599809355E-005   3.1504949916608561E-004          -3          -2          -5
  -1.6446692202464787E-004  -6.8209489724458782E-004          -3          -1           2
  -4.4434372934300041E-006  -1.8429274731606242E-005          -3           2          -1
   1.8792555051892496E-004   7.7938710445559422E-004          -2          -5          -3
   8.5566885558585717E-005   3.5487490792013868E-004          -2          -3          -5
   1.3661985660392287E-004   5.6660328812075419E-004          -2           1           3
   2.1370830850638005E-005   8.8631797791048649E-005          -2           3           1
  -3.3891710431642561E-004  -1.4055944046201525E-003          -1          -3           2
   2.6780511003237952E-005   1.1106727708426239E-004          -1           2          -3
   3.3945224091851210E-004   1.4078140317916525E-003           1          -2           3
  -2.6445206990286072E-005  -1.0967719111399862E-004           1           3          -2
   1.7801792170378918E-004   7.3829635801808875E-004           2          -3          -1
   8.0650022214277654E-005   3.3448248756955481E-004           2          -1          -3
   1.3684409119326844E-004   5.6753302153361089E-004           2           3           5
   2.2001793895612392E-005   9.1247924109245373E-005           2           5           3
  -1.5099133346874785E-004  -6.2620631653431691E-004           3          -2           1
  -7.1974991300277188E-005  -2.9850295739925663E-004           3           1          -2
   1.6450164370871009E-004   6.8223889938592906E-004           3           2           5
   5.4096828037138722E-006   2.2435541180069241E-005           3           5           2
  -7.8900129228152830E-005  -3.2722000073887069E-004           5           2           3
  -6.0655263320227393E-005  -2.5155399585448477E-004           5           3           2
  -1.8561155689334792E-004  -7.6979168991247473E-004          -5          -4          -3
  -1.1435872193958136E-004  -4.7428307587001777E-004          -5          -3          -4
   1.3844215995267628E-004   5.7416416274524561E-004          -5          -2          -1
   1.1640082496161322E-004   4.8275107777496953E-004          -5          -1          -2
  -1.4212119038378175E-004  -5.8942345036937791E-004          -4          -5          -3
   9.0953707096491912E-006   3.7720707340751426E-005          -4          -3          -5
  -4.2682262700645548E-005  -1.7701699669613039E-004          -4          -1           1
  -6.0598350768901939E-005  -2.5132032033553671E-004          -4           1          -1
   1.2481314795590597E-005   5.1763833622709435E-005          -3          -5          -4
   9.4853264283490486E-005   3.9338650090354728E-004          -3          -4          -5
  -5.3933198108055870E-006  -2.2368138905659944E-005          -3           1           2
   2.6497047766836290E-005   1.0989139097689621E-004          -3           2           1
   5.0897599719249654E-005   2.1108917557934368E-004          -2          -5          -1
  -1.1323447125565793E-004  -4.6961953892092503E-004          -2          -1          -5
  -9.0948224549971185E-005  -3.7719086860758030E-004          -2          -1           3
   0.0000000000000000        0.0000000000000000               -2           3          -1
  -7.9156276674981745E-006  -3.2830263594849950E-005          -1          -5          -2
   4.2324257740021732E-005   1.7553154636483162E-004          -1          -4           1
  -1.8577778478989733E-004  -7.7048051629622239E-004          -1          -2          -5
  -1.2742636345902848E-004  -5.2847665363361278E-004          -1          -2           3
   8.9451118533450140E-005   3.7098215902798274E-004          -1           1          -4
   1.0344492584864120E-004   4.2901848937790726E-004          -1           1           4
   0.0000000000000000        0.0000000000000000               -1           3          -2
   0.0000000000000000        0.0000000000000000               -1           4           1
   9.7612109630173293E-006   4.0485685152714745E-005           1          -4          -1
  -4.1136049027178266E-005  -1.7060402270045906E-004           1          -3           2
   1.8767384497809245E-004   7.7834456719521391E-004           1          -1          -4
   1.2430320920510100E-004   5.1552373613744662E-004           1          -1           4
  -9.0126409636134445E-005  -3.7378273313068926E-004           1           2          -3
  -1.0095105153493130E-004  -4.1867517068288555E-004           1           2           5
   0.0000000000000000        0.0000000000000000                1           4          -1
   0.0000000000000000        0.0000000000000000                1           5           2
   5.0240225961460460E-005   2.0836131403804723E-004           2          -3           1
  -1.1564618825209518E-004  -4.7962176662281515E-004           2           1          -3
  -8.5282715520850036E-005  -3.5369303068905934E-004           2           1           5
   0.0000000000000000        0.0000000000000000                2           5           1
  -1.7818171516491142E-005  -7.3899872366552197E-005           3          -2          -1
  -1.0032903117649771E-004  -4.1609849510210840E-004           3          -1          -2
   7.5462080371150928E-007   3.1288040242579010E-006           3           4           5
  -2.9528137697462135E-005  -1.2246285283415632E-004           3           5           4
  -1.3990749902292250E-004  -5.8024029186126442E-004           4          -1           1
   1.3407978930331933E-005   5.5607473589358429E-005           4           1          -1
  -4.9231647360689824E-005  -2.0418088512013055E-004           4           3           5
  -6.2954130649123607E-005  -2.6109120959955188E-004           4           5           3
   1.8580124197874307E-004   7.7057754265612158E-004           5           1           2
   1.1253993675099978E-004   4.6673957485417151E-004           5           2           1
  -1.4309544800729799E-004  -5.9346393050573488E-004           5           3           4
  -1.1862774811211880E-004  -4.9198811076877561E-004           5           4           3
  -1.4309593766616470E-004  -5.9346388316599804E-004          -5          -4          -4
  -6.0654033709085754E-005  -2.5155402573021903E-004          -5          -4          -2
   1.1254025607731411E-004   4.6673963901768206E-004          -5          -3          -1
  -2.6967512451892099E-005  -1.1184383314665755E-004          -5          -2          -4
   6.9922170870389790E-005   2.8998848659306562E-004          -5          -1          -3
   5.8180291809567302E-005   2.4129282737060429E-004          -5          -1          -1
  -1.3318895840274363E-004  -5.5237719006254258E-004          -4          -5          -4
  -2.4837469713223672E-005  -1.0301104213127885E-004          -4          -5          -2
  -4.9231986460409536E-005  -2.0418082352584034E-004          -4          -4          -5
   2.8847056060161576E-005   1.1963729718512650E-004          -4          -2          -5
   1.3408096185486917E-005   5.5607359700219654E-005          -4          -2           1
  -3.8279362370158095E-005  -1.5875639566212472E-004          -4           0           1
   0.0000000000000000        0.0000000000000000               -4           1          -2
   0.0000000000000000        0.0000000000000000               -4           1           0
   8.2622713111407133E-005   3.4266287610855406E-004          -3          -5          -1
  -7.1975025867354063E-005  -2.9850275610234287E-004          -3          -2           2
  -1.7798904314411777E-005  -7.3817711325274807E-005          -3          -1          -5
   0.0000000000000000        0.0000000000000000               -3           2          -2
   1.2855234132937247E-004   5.3314874247656352E-004          -2          -5          -4
   1.3684305337492852E-004   5.6753321884073400E-004          -2          -4          -5
   1.1423836490680539E-004   4.7378179592386463E-004          -2          -4           1
  -9.9144688424537277E-005  -4.1118395044010219E-004          -2          -3           2
   0.0000000000000000        0.0000000000000000               -2           1          -4
   0.0000000000000000        0.0000000000000000               -2           2          -3
   5.1490980429097049E-005   2.1354907769205995E-004          -2           2           3
   0.0000000000000000        0.0000000000000000               -2           3           2
   3.4542361125671334E-005   1.4325707260082427E-004          -1          -5          -3
  -2.6943492819107208E-005  -1.1174270065100687E-004          -1          -5          -1
  -1.0095093299199037E-004  -4.1867527836216521E-004          -1          -3          -5
  -9.9245579839515787E-005  -4.1160389163643414E-004          -1          -1          -5
   1.8767467737654448E-004   7.7834431133064327E-004          -1           0           4
  -1.2610878153074645E-006  -5.2287491595872883E-006          -1           2           4
   0.0000000000000000        0.0000000000000000               -1           4           0
   0.0000000000000000        0.0000000000000000               -1           4           2
  -5.2317327953891265E-005  -2.1697688699249548E-004           0          -4           1
   2.5862018403606253E-004   1.0725775663639372E-003           0          -1           4
   0.0000000000000000        0.0000000000000000                0           1          -4
   0.0000000000000000        0.0000000000000000                0           4          -1
  -3.0644379316913918E-005  -1.2709018150318003E-004           1          -4          -2
   2.5373662990320104E-005   1.0523326226318658E-004           1          -4           0
   1.0344480747408118E-004   4.2901854778226495E-004           1          -2          -4
   9.9639607734721650E-005   4.1323828180873424E-004           1           0          -4
  -1.8577857765569687E-004  -7.7048022646979901E-004           1           1           5
   2.3885221573194905E-006   9.9050047504934921E-006           1           3           5
   0.0000000000000000        0.0000000000000000                1           5           1
   0.0000000000000000        0.0000000000000000                1           5           3
   1.2708071267034609E-004   5.2704634110849332E-004           2          -3          -2
   1.3661869848221643E-004   5.6660362783524738E-004           2          -2          -3
   1.1326704938857703E-004   4.6975358100905180E-004           2          -2           3
  -1.0224320541760140E-004  -4.2403541188169413E-004           2          -1           4
   0.0000000000000000        0.0000000000000000                2           3          -2
   0.0000000000000000        0.0000000000000000                2           4          -1
   4.9718981220651660E-005   2.0619957406204915E-004           2           4           5
   0.0000000000000000        0.0000000000000000                2           5           4
  -7.9696071222202402E-005  -3.3052418952097737E-004           3          -2           2
   7.5964511676571698E-005   3.1504967737422949E-004           3           1           5
   2.0203047337683872E-005   8.3788366616614947E-005           3           2          -2
   0.0000000000000000        0.0000000000000000                3           5           1
  -1.2543107366581524E-004  -5.2020069074875503E-004           4          -1           0
  -2.9407675552047325E-005  -1.2196499828238220E-004           4          -1           2
  -4.2682543845771703E-005  -1.7701699315746154E-004           4           0          -1
   2.9356159708672300E-005   1.2174869115640036E-004           4           2          -1
   9.0954165595425685E-006   3.7720679907641999E-005           4           2           5
  -4.1459290841021186E-005  -1.7194580451065813E-004           4           4           5
   0.0000000000000000        0.0000000000000000                4           5           2
   0.0000000000000000        0.0000000000000000                4           5           4
   1.3844259000695100E-004   5.7416409140033549E-004           5           1           1
   6.4867901392112645E-005   2.6903059286557355E-004           5           1           3
  -1.1435905610614316E-004  -4.7428298693249186E-004           5           2           4
   2.7585805094734316E-005   1.1440865893564020E-004           5           3           1
  -6.9289996503761486E-005  -2.8736725531067388E-004           5           4           2
  -6.0966165645918950E-005  -2.5284780676143983E-004           5           4           4
   5.8432588409943490E-005   2.4233929437035304E-004          -4          -4           0
   0.0000000000000000        0.0000000000000000               -4           0          -4
  -1.2047934410389980E-004  -4.9966774027562603E-004           0          -4          -4
   0.0000000000000000        0.0000000000000000                0           4           4
   6.2046849706366393E-005   2.5732885535861578E-004           4           0           4
   0.0000000000000000        0.0000000000000000                4           4           0
  -1.1862794799129029E-004  -4.9198812735110281E-004          -5          -5          -3
   0.0000000000000000        0.0000000000000000               -5          -3          -5
   0.0000000000000000        0.0000000000000000               -5          -2           0
   0.0000000000000000        0.0000000000000000               -5           0          -2
   7.5465132100976298E-007   3.1288221634651448E-006          -3          -5          -5
   0.0000000000000000        0.0000000000000000               -3           2           2
   2.5903866967905472E-005   1.0743239450341686E-004          -2          -5           0
  -1.1564645082877038E-004  -4.7962164067538878E-004          -2          -2           3
   0.0000000000000000        0.0000000000000000               -2           0          -5
   0.0000000000000000        0.0000000000000000               -2           3          -2
  -5.3410107719145376E-005  -2.2150966576892935E-004           0          -5          -2
   0.0000000000000000        0.0000000000000000                0          -2          -5
   0.0000000000000000        0.0000000000000000                0           2           5
   0.0000000000000000        0.0000000000000000                0           5           2
   2.7506481878777052E-005   1.1407792581410783E-004           2          -3           2
  -1.1323468408697433E-004  -4.6961946151281657E-004           2           0           5
   0.0000000000000000        0.0000000000000000                2           2          -3
   0.0000000000000000        0.0000000000000000                2           5           0
  -5.3933241160375324E-006  -2.2368124810811761E-005           3          -2          -2
   1.1640101410194861E-004   4.8275099938067641E-004           5           0           2
   0.0000000000000000        0.0000000000000000                5           2           0
  -6.0966652683188554E-005  -2.5284776484472049E-004          -5          -5          -4
   0.0000000000000000        0.0000000000000000               -5          -4          -5
   2.7586425077021030E-005   1.1440877943149539E-004          -5          -4          -1
   0.0000000000000000        0.0000000000000000               -5          -1          -4
   0.0000000000000000        0.0000000000000000               -5          -1           0
   0.0000000000000000        0.0000000000000000               -5           0          -1
  -4.1459392951706314E-005  -1.7194572909458953E-004          -4          -5          -5
   2.6272737595758507E-005   1.0896054107372250E-004          -4          -5          -1
   2.9355919628784351E-005   1.2174852300172654E-004          -4          -3           1
   0.0000000000000000        0.0000000000000000               -4          -1          -5
   0.0000000000000000        0.0000000000000000               -4           1          -3
   0.0000000000000000        0.0000000000000000               -4           1           1
   6.0129569644393552E-005   2.4937646770547428E-004          -3          -4           1
   0.0000000000000000        0.0000000000000000               -3           1          -4
   3.5759437112378819E-005   1.4830659626516676E-004          -1          -5          -4
   1.9466379496134746E-005   8.0733623628703244E-005          -1          -5           0
   2.3879596899291812E-006   9.9050600695490672E-006          -1          -4          -5
   9.9640185251779697E-005   4.1323811883425203E-004          -1          -1           4
   0.0000000000000000        0.0000000000000000               -1           0          -5
   0.0000000000000000        0.0000000000000000               -1           3           4
   0.0000000000000000        0.0000000000000000               -1           4          -1
   0.0000000000000000        0.0000000000000000               -1           4           3
  -4.0136923296676998E-005  -1.6646026640817856E-004           0          -5          -1
   0.0000000000000000        0.0000000000000000                0          -1          -5
   0.0000000000000000        0.0000000000000000                0           1           5
   0.0000000000000000        0.0000000000000000                0           5           1
  -3.4048515554029640E-005  -1.4121092539965614E-004           1          -4          -3
  -2.0670475689930395E-005  -8.5727425865481674E-005           1          -4           1
  -1.2604711024419064E-006  -5.2288679702716804E-006           1          -3          -4
  -9.9246104691642906E-005  -4.1160373899494615E-004           1           0           5
   0.0000000000000000        0.0000000000000000                1           1          -4
   0.0000000000000000        0.0000000000000000                1           4           5
   0.0000000000000000        0.0000000000000000                1           5           0
   0.0000000000000000        0.0000000000000000                1           5           4
  -6.0321164753462182E-005  -2.5017139095762363E-004           3          -1           4
   0.0000000000000000        0.0000000000000000                3           4          -1
  -3.8279459142369487E-005  -1.5875640013439672E-004           4          -1          -1
   2.4370254473978882E-005   1.0106989094931253E-004           4          -1           3
   2.8846767849641517E-005   1.1963740257876345E-004           4           1           5
   0.0000000000000000        0.0000000000000000                4           3          -1
   0.0000000000000000        0.0000000000000000                4           5           1
   5.8180820582606912E-005   2.4129274687594064E-004           5           0           1
   0.0000000000000000        0.0000000000000000                5           1           0
  -2.6968109804132214E-005  -1.1184366110965986E-004           5           1           4
   0.0000000000000000        0.0000000000000000                5           4           1
   0.0000000000000000        0.0000000000000000               -6          -3          -3
  -6.9289750897816440E-005  -2.8736734814334370E-004          -5          -5          -2
   0.0000000000000000        0.0000000000000000               -5          -3           0
   0.0000000000000000        0.0000000000000000               -5          -2          -5
   0.0000000000000000        0.0000000000000000               -5           0          -3
  -2.7669210485947691E-005  -1.1475368126153563E-004          -3          -6          -3
   1.5289912614988597E-005   6.3412644662098628E-005          -3          -5           0
   0.0000000000000000        0.0000000000000000               -3          -3          -6
   2.0202960098123651E-005   8.3788349084935917E-005          -3          -3           2
   0.0000000000000000        0.0000000000000000               -3           0          -5
   0.0000000000000000        0.0000000000000000               -3           0           3
   0.0000000000000000        0.0000000000000000               -3           2          -3
   0.0000000000000000        0.0000000000000000               -3           3           0
   4.9718830601246691E-005   2.0619960237105512E-004          -2          -5          -5
   0.0000000000000000        0.0000000000000000               -2           3           3
  -3.1525486060525190E-005  -1.3074702646824959E-004           0          -5          -3
   0.0000000000000000        0.0000000000000000                0          -3          -5
  -5.3726828217631270E-005  -2.2282248031612611E-004           0          -3           3
   0.0000000000000000        0.0000000000000000                0           3          -3
   0.0000000000000000        0.0000000000000000                0           3           5
   0.0000000000000000        0.0000000000000000                0           5           3
   5.1490764127010293E-005   2.1354908638759261E-004           2          -3          -3
   2.6057803770900360E-005   1.0806930497154847E-004           3          -3           0
  -1.6235766123773420E-005  -6.7334905821182740E-005           3          -2           3
   0.0000000000000000        0.0000000000000000                3           0          -3
  -1.7798926105672786E-005  -7.3817711103123246E-005           3           0           5
   0.0000000000000000        0.0000000000000000                3           3          -2
   0.0000000000000000        0.0000000000000000                3           5           0
   6.9921812855179159E-005   2.8998853030266634E-004           5           0           3
   0.0000000000000000        0.0000000000000000                5           3           0
   0.0000000000000000        0.0000000000000000               -6          -4          -3
   0.0000000000000000        0.0000000000000000               -6          -3          -4
   0.0000000000000000        0.0000000000000000               -6          -3          -2
   0.0000000000000000        0.0000000000000000               -6          -2          -3
   0.0000000000000000        0.0000000000000000               -5          -5          -5
   0.0000000000000000        0.0000000000000000               -5           0           0
  -6.2954102603679290E-005  -2.6109123064852846E-004          -4          -6          -3
   0.0000000000000000        0.0000000000000000               -4          -3          -6
   0.0000000000000000        0.0000000000000000               -4          -1           2
   0.0000000000000000        0.0000000000000000               -4           2          -1
  -2.9528043440944343E-005  -1.2246285230285020E-004          -3          -6          -4
   5.4098061280010322E-006   2.2435389877675762E-005          -3          -6          -2
   0.0000000000000000        0.0000000000000000               -3          -4          -6
   0.0000000000000000        0.0000000000000000               -3          -2          -6
   0.0000000000000000        0.0000000000000000               -3          -1           3
   0.0000000000000000        0.0000000000000000               -3           1           3
   0.0000000000000000        0.0000000000000000               -3           3          -1
   0.0000000000000000        0.0000000000000000               -3           3           1
   2.2001690620191855E-005   9.1247791391860250E-005          -2          -6          -3
   0.0000000000000000        0.0000000000000000               -2          -3          -6
   0.0000000000000000        0.0000000000000000               -2           1           4
   0.0000000000000000        0.0000000000000000               -2           4           1
  -2.6445419669676115E-005  -1.0967730992330582E-004          -1          -4           2
  -9.0126430202986486E-005  -3.7378268575875205E-004          -1          -3           3
   0.0000000000000000        0.0000000000000000               -1           2          -4
   0.0000000000000000        0.0000000000000000               -1           3          -3
   5.7834508090311999E-011   7.2783763184357298E-011           0          -5           0
   0.0000000000000000        0.0000000000000000                0           0          -5
   0.0000000000000000        0.0000000000000000                0           0           5
   0.0000000000000000        0.0000000000000000                0           5           0
   2.6780624795493762E-005   1.1106746648596505E-004           1          -3           3
   8.9451146101339056E-005   3.7098218190152542E-004           1          -2           4
   0.0000000000000000        0.0000000000000000                1           3          -3
   0.0000000000000000        0.0000000000000000                1           4          -2
   2.1370677386728083E-005   8.8631587673090745E-005           2          -4          -1
   0.0000000000000000        0.0000000000000000                2          -1          -4
   2.6497027883334300E-005   1.0989137177246737E-004           3          -3          -1
  -4.4435776631614149E-006  -1.8429013120753720E-005           3          -3           1
   0.0000000000000000        0.0000000000000000                3          -1          -3
   0.0000000000000000        0.0000000000000000                3           1          -3
  -6.0598377473814824E-005  -2.5132028348518235E-004           4          -2           1
   0.0000000000000000        0.0000000000000000                4           1          -2
   0.0000000000000000        0.0000000000000000                5           0           0
   0.0000000000000000        0.0000000000000000               -6          -4          -4
   0.0000000000000000        0.0000000000000000               -6          -2          -2
   0.0000000000000000        0.0000000000000000               -4          -6          -4
   0.0000000000000000        0.0000000000000000               -4          -4          -6
   0.0000000000000000        0.0000000000000000               -4           0           2
   0.0000000000000000        0.0000000000000000               -4           2           0
   3.1159661818744147E-005   1.2922894097968212E-004          -2          -6          -2
   0.0000000000000000        0.0000000000000000               -2          -2          -6
   0.0000000000000000        0.0000000000000000               -2           0           4
   0.0000000000000000        0.0000000000000000               -2           4           0
  -6.0504306364952018E-005  -2.5093026315238059E-004           0          -4           2
   0.0000000000000000        0.0000000000000000                0          -2           4
   0.0000000000000000        0.0000000000000000                0           2          -4
   0.0000000000000000        0.0000000000000000                0           4          -2
   2.9344497957374515E-005   1.2170099554690729E-004           2          -4           0
   0.0000000000000000        0.0000000000000000                2           0          -4
   0.0000000000000000        0.0000000000000000                4          -2           0
   0.0000000000000000        0.0000000000000000                4           0          -2
   0.0000000000000000        0.0000000000000000               -6          -4          -2
   0.0000000000000000        0.0000000000000000               -6          -2          -4
   0.0000000000000000        0.0000000000000000               -4          -6          -2
   0.0000000000000000        0.0000000000000000               -4          -2          -6
   0.0000000000000000        0.0000000000000000               -4          -2           2
   0.0000000000000000        0.0000000000000000               -4           2          -2
   0.0000000000000000        0.0000000000000000               -2          -6          -4
   0.0000000000000000        0.0000000000000000               -2          -4          -6
   0.0000000000000000        0.0000000000000000               -2          -4           2
   0.0000000000000000        0.0000000000000000               -2           2          -4
   0.0000000000000000        0.0000000000000000                2          -4          -2
   0.0000000000000000        0.0000000000000000                2          -2          -4
   0.0000000000000000        0.0000000000000000               -5          -5          -1
   0.0000000000000000        0.0000000000000000               -5          -4           0
   0.0000000000000000        0.0000000000000000               -5          -1          -5
   0.0000000000000000        0.0000000000000000               -5           0          -4
   0.0000000000000000        0.0000000000000000               -4          -5           0
   0.0000000000000000        0.0000000000000000               -4          -4           1
   0.0000000000000000        0.0000000000000000               -4           0          -5
   0.0000000000000000        0.0000000000000000               -4           1          -4
   0.0000000000000000        0.0000000000000000               -1          -5          -5
   0.0000000000000000        0.0000000000000000                0          -5          -4
   0.0000000000000000        0.0000000000000000                0          -4          -5
   0.0000000000000000        0.0000000000000000                1          -4          -4
