         718          24          24          24
   3.2700484197941332E-002  0.64143071521805506                0           0           0
  -7.1361499197016356E-003 -0.13997934927858946               -1          -1          -1
   4.2548027151950579E-003   8.3462445507165708E-002          -1           0           0
  -3.2698887406455379E-002 -0.64143079754480270                0          -1           0
   4.2548205451665086E-003   8.3462518152522785E-002           0           0          -1
   7.1361259640791846E-003  0.13997932897871296                0           0           1
   1.5668051903139886E-003   3.0731137762510314E-002           0           1           0
   7.1362026499046452E-003  0.13997933256612269                1           0           0
  -4.2548075125506887E-003  -8.3462442276392282E-002           1           1           1
  -7.1358899165416545E-003 -0.13997934904346476               -1          -1           0
   1.3911658873315283E-003   2.7290950953520458E-002          -1           0          -1
  -7.1359701876926029E-003 -0.13997933723844083                0          -1          -1
  -1.3911667214633033E-003  -2.7290904870563199E-002           0           1           1
   7.1359466790084577E-003  0.13997936014754508                1           0           1
  -1.3911660726520607E-003  -2.7290948133214917E-002           1           1           0
  -5.9331185260558294E-004  -1.1638786685158305E-002          -2          -1          -1
   4.2549026932512876E-003   8.3462436688988201E-002          -1          -2          -1
  -5.9331593542689054E-004  -1.1638799554068742E-002          -1          -1          -2
   5.9331025720658730E-004   1.1638777202328690E-002          -1           0           1
   4.1915397434428474E-004   8.2220697643591040E-003          -1           1           0
  -4.2548999197680459E-003  -8.3462513726299897E-002           0          -1           1
   4.1915722343950157E-004   8.2220741655375656E-003           0           1          -1
  -4.2549041850007234E-003  -8.3462438012496504E-002           1          -1           0
   5.9332501376645804E-004   1.1638793791725820E-002           1           0          -1
  -5.9331000890608387E-004  -1.1638779685339010E-002           1           1           2
  -4.1915508089727135E-004  -8.2220703367880850E-003           1           2           1
  -5.9332165059289245E-004  -1.1638782793681409E-002           2           1           1
   5.9335287986738566E-004   1.1638783979769651E-002          -2          -2          -1
  -5.9147934294378167E-004  -1.1602941348347875E-002          -2          -1          -2
   3.7985124341506898E-004   7.4507396333558379E-003          -2          -1           0
   5.0854517225852906E-004   9.9756538028044212E-003          -2           0          -1
   5.9336142422348939E-004   1.1638777411618473E-002          -1          -2          -2
   1.3913800090199204E-003   2.7290939940658624E-002          -1          -2           0
  -5.9335079299168867E-004  -1.1638794898743634E-002          -1          -1           1
   5.0854524931332043E-004   9.9756555042839236E-003          -1           0          -2
   4.9936743241224850E-004   9.7957988709518797E-003          -1           1          -1
  -5.0854641638573613E-004  -9.9756483290426700E-003          -1           1           1
   1.3913753194373952E-003   2.7290895823392225E-002           0          -2          -1
   3.7984458073263370E-004   7.4507374636451325E-003           0          -1          -2
  -5.9148013476263608E-004  -1.1602932659132212E-002           0           1           2
  -4.9936695467706288E-004  -9.7957946639371345E-003           0           2           1
  -5.9336182460827678E-004  -1.1638776702460078E-002           1          -1          -1
  -1.3913816175902573E-003  -2.7290941338712592E-002           1          -1           1
   5.9335836532371832E-004   1.1638796158564498E-002           1           0           2
  -5.0854377252873735E-004  -9.9756562786766142E-003           1           1          -1
  -4.9936788655687014E-004  -9.7957989327240522E-003           1           2           0
   5.0854712525234868E-004   9.9756478560116858E-003           1           2           2
   5.9336211084274823E-004   1.1638786256499290E-002           2           0           1
  -5.9148184338610492E-004  -1.1602941193045833E-002           2           1           0
   3.7984687418648804E-004   7.4507371788699733E-003           2           1           2
   5.0854392463004199E-004   9.9756534803752041E-003           2           2           1
  -3.7982077405043020E-004  -7.4507366045634283E-003          -2          -2          -2
   7.2634056454826167E-004   1.4248074314563410E-002          -2           0           0
  -1.5664976633718011E-003  -3.0731144701305457E-002           0          -2           0
   7.2634270197484332E-004   1.4248082796591536E-002           0           0          -2
  -3.7982505491515974E-004  -7.4507372949672987E-003           0           0           2
  -5.9669817741878767E-004  -1.1704960641880877E-002           0           2           0
  -3.7981402816873473E-004  -7.4507412404384273E-003           2           0           0
   7.2634076338933505E-004   1.4248073524751725E-002           2           2           2
   5.9153587971469152E-004   1.1602939376545001E-002          -2          -2           0
   1.4166115954072000E-004   2.7786232520785993E-003          -2           0          -2
   5.9154053974182479E-004   1.1602929962302064E-002           0          -2          -2
   1.4166239526060319E-004   2.7786216770889828E-003           0           2           2
   5.9154028716113579E-004   1.1602940585616226E-002           2           0           2
   1.4166040504534866E-004   2.7786224265636404E-003           2           2           0
  -3.8094754197210345E-004  -7.4724862802848825E-003          -3          -2          -2
  -1.7774864328171699E-004  -3.4869419429060153E-003          -3          -1          -1
  -7.2637315101696824E-004  -1.4248071872212269E-002          -2          -3          -2
  -3.8094860555740466E-004  -7.4724863910743695E-003          -2          -2          -3
   1.7774985635084586E-004   3.4869425200638542E-003          -2           0           1
   1.1412561478014863E-004   2.2388152902029649E-003          -2           1           0
   4.1915547219087217E-004   8.2220671210690034E-003          -1          -3          -1
  -1.7774908109199027E-004  -3.4869429767623826E-003          -1          -1          -3
  -3.8094846279273392E-004  -7.4724882918479375E-003          -1           0           2
  -3.0410436526174091E-004  -5.9652377105921120E-003          -1           2           0
  -4.1915444043135386E-004  -8.2220709678087270E-003           0          -2           1
  -7.2637305005994164E-004  -1.4248081428707956E-002           0          -1           2
   1.1412637481551238E-004   2.2388167989339479E-003           0           1          -2
  -3.0410433681290735E-004  -5.9652390987464683E-003           0           2          -1
  -4.1915565764092939E-004  -8.2220675598510210E-003           1          -2           0
   1.7774885914517051E-004   3.4869431236254551E-003           1           0          -2
   3.8094946848443896E-004   7.4724877541954733E-003           1           1           3
   3.0410482117430686E-004   5.9652384684854088E-003           1           3           1
  -7.2637171768761589E-004  -1.4248073371878165E-002           2          -1           0
  -3.8094515995240109E-004  -7.4724892301106021E-003           2           0          -1
   1.7774816785399929E-004   3.4869431241009883E-003           2           2           3
   1.1412527824520603E-004   2.2388155584907462E-003           2           3           2
   3.8094469425711906E-004   7.4724878578845714E-003           3           1           1
   1.7774762416824987E-004   3.4869419771476262E-003           3           2           2
  -3.8093662829676435E-004  -7.4724884821548631E-003          -3          -2          -1
  -3.2499785127148521E-004  -6.3752086926182139E-003          -3          -1          -2
  -5.0855725186613231E-004  -9.9756541020788268E-003          -2          -3          -1
  -3.2499927107298120E-004  -6.3752095391698769E-003          -2          -1          -3
   3.8093766324515002E-004   7.4724894880492136E-003          -2          -1           1
   2.5598407576399827E-004   5.0213800740987122E-003          -2           1          -1
  -5.0855745364593958E-004  -9.9756481917987090E-003          -1          -3          -2
  -3.8093767739389361E-004  -7.4724881248093619E-003          -1          -2          -3
   5.0855766387888912E-004   9.9756563173741541E-003          -1          -2           1
   2.5598444125809051E-004   5.0213808416788453E-003          -1           1          -2
  -3.2499948022671546E-004  -6.3752079741844006E-003          -1           1           2
  -2.5598480785913908E-004  -5.0213791435306330E-003          -1           2           1
   5.0855752759779290E-004   9.9756485879835335E-003           1          -2          -1
   3.8093742262979902E-004   7.4724888670408985E-003           1          -1          -2
  -5.0855850167348107E-004  -9.9756551362662638E-003           1          -1           2
  -2.5598433432912526E-004  -5.0213814976336401E-003           1           2          -1
   3.2499954737124541E-004   6.3752067299892995E-003           1           2           3
   2.5598439946383105E-004   5.0213785793593035E-003           1           3           2
  -5.0855810234047170E-004  -9.9756532612649378E-003           2          -1           1
  -3.2499896338140000E-004  -6.3752104964149171E-003           2           1          -1
   3.8093805244864801E-004   7.4724871693924826E-003           2           1           3
   2.5598374985912639E-004   5.0213804735950865E-003           2           3           1
   3.8093674263703033E-004   7.4724875615407730E-003           3           1           2
   3.2499839955151509E-004   6.3752095548032578E-003           3           2           1
  -1.7777373722693910E-004  -3.4869414363026866E-003          -3          -3          -2
  -9.8594728088222279E-005  -1.9338337363853278E-003          -3          -2          -3
   1.1095544143895281E-004   2.1763222551833212E-003          -3          -1           0
   1.1807009000721464E-004   2.3159561270533150E-003          -3           0          -1
  -1.7777655165132156E-004  -3.4869413469671854E-003          -2          -3          -3
  -1.1807110280709842E-004  -2.3159551918527860E-003          -2           1           1
   4.9939649768453512E-004   9.7957960955625690E-003          -1          -3           0
  -1.7777395862428205E-004  -3.4869424009593723E-003          -1          -1           2
   1.1807173928068157E-004   2.3159564009535834E-003          -1           0          -3
  -1.3655525432494935E-004  -2.6785951091907317E-003          -1           2          -1
   4.9939773581217633E-004   9.7957919091452295E-003           0          -3          -1
   1.1095764992656435E-004   2.1763235320304804E-003           0          -1          -3
   9.8595257929122546E-005   1.9338320158733780E-003           0           1           3
   1.3655578240501459E-004   2.6785949534075979E-003           0           3           1
  -4.9939762932889840E-004  -9.7957967780762413E-003           1          -2           1
   1.7777517676761392E-004   3.4869420390465440E-003           1           0           3
  -1.1807131301171234E-004  -2.3159560767303886E-003           1           1          -2
   1.3655507626430510E-004   2.6785944264754898E-003           1           3           0
  -1.7777498049178510E-004  -3.4869409667467044E-003           2          -1          -1
  -1.1807210597027909E-004  -2.3159554195085054E-003           2           3           3
   1.7777398279223572E-004   3.4869414933708380E-003           3           0           1
   9.8593657727156874E-005   1.9338326043179730E-003           3           1           0
  -1.1095709674810894E-004  -2.1763223908152648E-003           3           2           3
  -1.1807140138596979E-004  -2.3159556977546520E-003           3           3           2
   1.1093694204846144E-004   2.1763229703376566E-003          -3          -3          -3
  -3.2500790228937883E-004  -6.3752086242150445E-003          -3          -3          -1
  -9.8577138607601933E-005  -1.9338331557271409E-003          -3          -2           0
  -1.6774311003530599E-004  -3.2903703264315644E-003          -3          -1          -3
  -1.5713301512697652E-005  -3.0830082973131177E-004          -3           0          -2
   1.7287537092240787E-004   3.3910478026795603E-003          -3           0           0
  -1.4164316530180696E-004  -2.7786248933555063E-003          -2          -3           0
   3.2500790977321161E-004   6.3752099798620506E-003          -2          -2           1
  -1.5713359921836167E-005  -3.0830113135679439E-004          -2           0          -3
   1.5089937512206657E-004   2.9599883989780552E-003          -2           1          -2
  -3.2501009148988591E-004  -6.3752068713843349E-003          -1          -3          -3
  -1.5713910502851815E-005  -3.0830162182952903E-004          -1           2           2
  -1.4164193659186826E-004  -2.7786225498964675E-003           0          -3          -2
   5.9672279928732561E-004   1.1704960130781511E-002           0          -3           0
  -9.8575069003612771E-005  -1.9338321567157872E-003           0          -2          -3
   1.7287632913776530E-004   3.3910495679031387E-003           0           0          -3
  -1.1093887721681643E-004  -2.1763248419611058E-003           0           0           3
   1.6774319072108295E-004   3.2903699446258324E-003           0           2           3
   2.0578320428714316E-005   4.0364599892467405E-004           0           3           0
   1.5089936028766095E-004   2.9599875833454157E-003           0           3           2
   3.2500928100580350E-004   6.3752080684758919E-003           1          -2          -2
   1.5714153943528259E-005   3.0830201752905638E-004           1           3           3
  -1.4164225722999445E-004  -2.7786243192562928E-003           2          -1           2
   3.2500936935180719E-004   6.3752087744654044E-003           2           0           3
  -1.5713168738225002E-005  -3.0830137227226822E-004           2           2          -1
   1.5089911303902120E-004   2.9599888750519521E-003           2           3           0
  -1.1093776650801794E-004  -2.1763237211268414E-003           3           0           0
   3.2500779419610188E-004   6.3752073930771237E-003           3           0           2
   9.8574695481919432E-005   1.9338333832088995E-003           3           1           3
   1.6774148189885405E-004   3.2903709791382014E-003           3           2           0
   1.5712701176374220E-005   3.0830103485297297E-004           3           3           1
  -1.7287639008582343E-004  -3.3910478436843120E-003           3           3           3
  -5.5070709370561043E-005  -1.0801913258017294E-003          -4          -2          -2
  -1.1414046580265241E-004  -2.2388139349865288E-003          -2          -4          -2
  -5.5072967080585077E-005  -1.0801920370018074E-003          -2          -2          -4
  -5.5071952931000996E-005  -1.0801907305492094E-003          -2           0           2
  -7.4021340970333634E-005  -1.4519718651930904E-003          -2           2           0
  -1.1414001419010600E-004  -2.2388155737644686E-003           0          -2           2
  -7.4021554640100681E-005  -1.4519717661222835E-003           0           2          -2
  -1.1414006426538489E-004  -2.2388139283601037E-003           2          -2           0
  -5.5072217593232959E-005  -1.0801915983197174E-003           2           0          -2
  -5.5072580656103851E-005  -1.0801909366446238E-003           2           2           4
  -7.4021524041864063E-005  -1.4519720127621376E-003           2           4           2
  -5.5071695212568572E-005  -1.0801914962219835E-003           4           2           2
   5.5061987518800531E-005   1.0801913964244871E-003          -4          -3          -2
   1.7803671809628021E-005   3.4929865562599994E-004          -4          -2          -3
  -9.0349796323357554E-005  -1.7722575747788946E-003          -4          -2          -1
  -7.1104411670219996E-005  -1.3947401086207905E-003          -4          -1          -2
   1.1805894456337444E-004   2.3159572131979454E-003          -3          -4          -2
   1.7803443870760723E-005   3.4929901069020872E-004          -3          -2          -4
   9.0350050654950341E-005   1.7722575778189613E-003          -3          -1           1
   6.2979373353478187E-005   1.2353774669600808E-003          -3           1          -1
   1.1805927315280864E-004   2.3159565333294224E-003          -2          -4          -3
  -2.5598832066269883E-004  -5.0213797212857129E-003          -2          -4          -1
   5.5061910924636794E-005   1.0801908473347611E-003          -2          -3          -4
  -7.1104579538510391E-005  -1.3947410806235032E-003          -2          -1          -4
   5.5063495126813136E-005   1.0801919970009903E-003          -2          -1           2
  -7.1104119567479184E-005  -1.3947399207410800E-003          -2           1           2
  -2.3456874330351934E-005  -4.6012014254187360E-004          -2           2          -1
  -6.2979411901269231E-005  -1.2353767997186767E-003          -2           2           1
  -2.5598952095711065E-004  -5.0213785998576132E-003          -1          -4          -2
   2.5598836561518241E-004   5.0213810591862836E-003          -1          -3           1
  -9.0350907330068067E-005  -1.7722576010712051E-003          -1          -2          -4
   1.1806006144281700E-004   2.3159578698568185E-003          -1          -2           2
   6.2979321401420460E-005   1.2353783207323854E-003          -1           1          -3
  -1.7804500166175723E-005  -3.4929981048350818E-004          -1           1           3
  -2.3456762432037874E-005  -4.6011991252549624E-004          -1           2          -2
   2.3456974779993310E-005   4.6012035024113596E-004          -1           3           1
   2.5598924166870185E-004   5.0213795772416844E-003           1          -3          -1
  -2.5598882401133395E-004  -5.0213808972491775E-003           1          -2           2
   9.0350341369654225E-005   1.7722581308343660E-003           1          -1          -3
  -1.1805958759226868E-004  -2.3159579635884065E-003           1          -1           3
  -6.2979513565540688E-005  -1.2353778919044385E-003           1           2          -2
   1.7804414058138248E-005   3.4930024169408253E-004           1           2           4
   2.3456819183528601E-005   4.6012019506939304E-004           1           3          -1
  -2.3456675856939506E-005  -4.6011994951571274E-004           1           4           2
   1.1805992491368460E-004   2.3159558646004821E-003           2          -2          -1
  -2.5598848980853918E-004  -5.0213801422995669E-003           2          -2           1
   5.5062041430271197E-005   1.0801908823816308E-003           2          -1          -2
  -7.1103712381495739E-005  -1.3947407464862775E-003           2           1          -2
   5.5062282194315261E-005   1.0801926949819455E-003           2           1           4
  -7.1105043733626547E-005  -1.3947401364090609E-003           2           3           4
  -2.3457032161717560E-005  -4.6012016203202647E-004           2           4           1
  -6.2980144060955734E-005  -1.2353774268495520E-003           2           4           3
  -1.1805985030663988E-004  -2.3159569185512313E-003           3          -1           1
  -1.7803809962161461E-005  -3.4929959836776047E-004           3           1          -1
  -9.0350923993353727E-005  -1.7722568898288521E-003           3           2           4
  -6.2979788904072285E-005  -1.2353776041209533E-003           3           4           2
   5.5061931211198450E-005   1.0801919105236494E-003           4           1           2
   1.7803677757562345E-005   3.4929914837019554E-004           4           2           1
  -9.0349743732542063E-005  -1.7722565111301073E-003           4           2           3
  -7.1103773140773936E-005  -1.3947398693478143E-003           4           3           2
   9.0346113961765093E-005   1.7722572660919236E-003          -4          -3          -3
  -5.3334952461889999E-005  -1.0462241281766098E-003          -4          -1          -1
   1.7286989725638093E-004   3.3910482260161513E-003          -3          -4          -3
   9.0347154924953841E-005   1.7722571112551285E-003          -3          -3          -4
  -1.6773766090873307E-004  -3.2903717549302154E-003          -3          -3           0
  -3.0275449190822956E-005  -5.9387544096292807E-004          -3           0          -3
   5.3335066424104935E-005   1.0462241187787255E-003          -3           0           1
   3.3763005756131406E-005   6.6228276479892735E-004          -3           1           0
  -3.0410200550779528E-004  -5.9652394471133834E-003          -1          -4          -1
  -5.3335824803848054E-005  -1.0462242487370872E-003          -1          -1          -4
  -9.0346569297062283E-005  -1.7722582713413325E-003          -1           0           3
  -1.4791517380519423E-005  -2.9013974175574360E-004          -1           3           0
  -1.6773922394553993E-004  -3.2903698308823608E-003           0          -3          -3
   3.0410164743156364E-004   5.9652402624409198E-003           0          -3           1
  -1.7286973698208059E-004  -3.3910496160021275E-003           0          -1           3
   3.3763170715583727E-005   6.6228331312417617E-004           0           1          -3
  -1.4791217954447270E-005  -2.9013991957420782E-004           0           3          -1
   3.0276082020390621E-005   5.9387509781708592E-004           0           3           3
   3.0410250944158017E-004   5.9652389564028825E-003           1          -3           0
   5.3335891589346030E-005   1.0462239860567592E-003           1           0          -3
   9.0346548834982228E-005   1.7722574998232299E-003           1           1           4
   1.4791148682763693E-005   2.9013967436867339E-004           1           4           1
  -1.7287064062130621E-004  -3.3910485565045102E-003           3          -1           0
  -9.0347148069354637E-005  -1.7722580335661972E-003           3           0          -1
   1.6773893511655164E-004   3.2903708118918098E-003           3           0           3
   3.0275531182088431E-005   5.9387599733843135E-004           3           3           0
  -5.3335486917658757E-005  -1.0462235282562775E-003           3           3           4
  -3.3762841498606372E-005  -6.6228268205868399E-004           3           4           3
   9.0346774743733569E-005   1.7722582465533269E-003           4           1           1
  -5.3335704960625740E-005  -1.0462238218790494E-003           4           3           3
  -1.7809124814350836E-005  -3.4929862688926338E-004          -4          -3          -1
  -2.8625639978058887E-005  -5.6150657702899688E-004          -4          -1          -3
  -1.5719674653382276E-005  -3.0830074516469911E-004          -3          -4          -1
   1.7809294242631947E-005   3.4929860596613909E-004          -3          -2           1
  -2.8626074556156923E-005  -5.6150661860728088E-004          -3          -1          -4
   3.3630058386635006E-005   6.5967746264052670E-004          -3           1          -2
   1.5719640222218261E-005   3.0830149595893362E-004          -2          -3           1
   3.3630316498623765E-005   6.5967754988318825E-004          -2           1          -3
  -1.5721824767373518E-005  -3.0830158813776221E-004          -1          -4          -3
  -1.7811214001064098E-005  -3.4929989830451787E-004          -1          -3          -4
   2.8626442804466210E-005   5.6150581809689439E-004          -1           2           3
   3.3630240158396765E-005   6.5967747166933305E-004          -1           3           2
   1.5721219230356410E-005   3.0830064323249712E-004           1          -3          -2
   1.7810775050505214E-005   3.4929883716013446E-004           1          -2          -3
  -2.8626825658382586E-005  -5.6150594868250041E-004           1           3           4
  -3.3630575750145139E-005  -6.5967753504333343E-004           1           4           3
   1.5720428593411675E-005   3.0830094346310594E-004           2          -1           3
   3.3629931106571781E-005   6.5967710794548925E-004           2           3          -1
   1.5720398421741053E-005   3.0830127760950307E-004           3          -1           2
  -1.7810322512825007E-005  -3.4929906902113437E-004           3           1           4
   2.8626201335617252E-005   5.6150604759428065E-004           3           2          -1
  -3.3630035280582372E-005  -6.5967713565788554E-004           3           4           1
  -1.7810337718737735E-005  -3.4929948912726323E-004           4           1           3
  -2.8626275892696946E-005  -5.6150588217871193E-004           4           3           1
   5.3336276500557712E-005   1.0462235949042361E-003          -4          -4          -3
   2.7506827838397608E-005   5.3955666526602798E-004          -4          -3          -4
  -1.1720640814911578E-006  -2.3007944468536929E-005          -4          -1           0
   1.0146955357756508E-005   1.9903242859188223E-004          -4           0          -1
   5.3336200772335896E-005   1.0462233251985037E-003          -3          -4          -4
  -1.0146573470548210E-005  -1.9903195846240836E-004          -3           1           1
  -1.3654999320148224E-004  -2.6785958914759254E-003          -1          -4           0
  -5.3336471284427356E-005  -1.0462244909754692E-003          -1          -1           3
   1.0146716319752497E-005   1.9903244962221714E-004          -1           0          -4
  -1.1873399428028812E-005  -2.3290211839990685E-004          -1           3          -1
  -1.3655020703521247E-004  -2.6785954693135158E-003           0          -4          -1
  -1.1716821847965285E-006  -2.3007727532620169E-005           0          -1          -4
   2.7507003765689006E-005   5.3955663591843484E-004           0           1           4
   1.1873282793924230E-005   2.3290212975092658E-004           0           4           1
   1.3655007952614309E-004   2.6785955603115855E-003           1          -3           1
   5.3336889811880881E-005   1.0462242135308578E-003           1           0           4
  -1.0147037377008040E-005  -1.9903204460406640E-004           1           1          -3
   1.1873218112700881E-005   2.3290246579558066E-004           1           4           0
  -5.3336042662714635E-005  -1.0462245249697039E-003           3          -1          -1
   1.0147181356327243E-005   1.9903230144716102E-004           3           4           4
   5.3335819269546359E-005   1.0462233059521577E-003           4           0           1
   2.7506109116921665E-005   5.3955666228882931E-004           4           1           0
  -1.1713658709114189E-006  -2.3007971592385083E-005           4           3           4
   1.0147361553158522E-005   1.9903229762286247E-004           4           4           3
   7.1101138188406799E-005   1.3947407855308838E-003          -4          -4          -2
   7.5044206504085501E-006   1.4721416753313372E-004          -4          -2          -4
  -2.7505213887112247E-005  -5.3955722060815866E-004          -4          -2           0
  -3.4935461900781453E-007  -6.8531080732397184E-006          -4           0          -2
   7.1101532025803901E-005   1.3947402986393873E-003          -2          -4          -4
  -1.5089616315623079E-004  -2.9599892644581400E-003          -2          -4           0
   7.1100725676840335E-005   1.3947411595944148E-003          -2          -2           2
  -3.4978814510756800E-007  -6.8530945807485365E-006          -2           0          -4
  -6.3565679200988284E-006  -1.2469599832665737E-004          -2           2          -2
  -3.4982704023723324E-007  -6.8531640974655195E-006          -2           2           2
  -1.5089620148141995E-004  -2.9599873049952646E-003           0          -4          -2
  -2.7506051783588109E-005  -5.3955685894671352E-004           0          -2          -4
   7.5051799885076425E-006   1.4721398529738815E-004           0           2           4
  -6.3563357470136921E-006  -1.2469601408413418E-004           0           4           2
   7.1101757509685467E-005   1.3947400933966650E-003           2          -2          -2
  -1.5089624831010097E-004  -2.9599882862366492E-003           2          -2           2
   7.1101111112555581E-005   1.3947406749506793E-003           2           0           4
  -3.4962343009784531E-007  -6.8534468620125897E-006           2           2          -2
  -6.3567580995101811E-006  -1.2469597598798333E-004           2           4           0
  -3.4945797660751683E-007  -6.8529615192863566E-006           2           4           4
   7.1101700404654097E-005   1.3947408703317331E-003           4           0           2
   7.5046073598858358E-006   1.4721460246121178E-004           4           2           0
  -2.7505811207991014E-005  -5.3955647363456414E-004           4           2           4
  -3.4948594166118686E-007  -6.8535881560189411E-006           4           4           2
   1.1742919286551540E-006   2.3008235068457437E-005          -4          -4          -4
   8.0001085393545786E-006   1.5692669594168673E-004          -4           0           0
  -2.0576859698478693E-005  -4.0364556484598314E-004           0          -4           0
   8.0006687232091295E-006   1.5692703305972438E-004           0           0          -4
   1.1742612049599283E-006   2.3007916303570971E-005           0           0           4
   1.0691375781516632E-005   2.0972986753043908E-004           0           4           0
   1.1734674338299557E-006   2.3007576737989101E-005           4           0           0
   8.0006305183743192E-006   1.5692669588035678E-004           4           4           4
  -2.1512455683345136E-006  -4.2202997250076395E-005          -5          -3          -3
  -6.0570126553092751E-006  -1.1880265399762734E-004          -5          -2          -2
   2.8623820468895813E-005   5.6150630210688164E-004          -4          -4          -1
  -7.5048262935568057E-006  -1.4721471171934449E-004          -4          -3           0
  -1.1708024749621864E-005  -2.2966359890584496E-004          -4          -1          -4
   4.9162641660228899E-006   9.6437432829307699E-005          -4           0          -3
   3.3762778233575137E-005   6.6228245406750174E-004          -3          -5          -3
  -3.0274951190308838E-005  -5.9387571995864685E-004          -3          -4           0
  -2.1510405686355517E-006  -4.2202982758010442E-005          -3          -3          -5
  -2.8623944249558697E-005  -5.6150659543142251E-004          -3          -3           1
   4.9161733950512690E-006   9.6437454577189609E-005          -3           0          -4
  -6.0562683648218345E-006  -1.1880223245801526E-004          -3           0           2
   1.3885661317645563E-005   2.7239055320707868E-004          -3           1          -3
  -1.3066424965906357E-005  -2.5631749044275454E-004          -3           2           0
   7.4018825760178628E-005   1.4519721105801259E-003          -2          -5          -2
  -6.0568864207793625E-006  -1.1880262919340459E-004          -2          -2          -5
   2.1513415677374071E-006   4.2203157496447425E-005          -2           0           3
   5.5382313343878845E-006   1.0863714512080956E-004          -2           3           0
   2.8623487423140831E-005   5.6150608900493290E-004          -1          -4          -4
  -4.9160987616772743E-006  -9.6437545870634215E-005          -1           3           3
  -3.0275758755982947E-005  -5.9387562828204054E-004           0          -4          -3
  -7.5056593139052191E-006  -1.4721438322756939E-004           0          -3          -4
   7.4018889118029332E-005   1.4519724110583752E-003           0          -3           2
  -3.3762868958693500E-005  -6.6228343624398847E-004           0          -2           3
  -1.3066378082476141E-005  -2.5631736084053431E-004           0           2          -3
   5.5384068259827021E-006   1.0863689987590019E-004           0           3          -2
  -1.1708049667139803E-005  -2.2966326574544476E-004           0           3           4
  -1.3886090098727574E-005  -2.7239031218136373E-004           0           4           3
  -2.8623361427666875E-005  -5.6150545211392487E-004           1          -3          -3
   4.9162423990934716E-006   9.6437554600685606E-005           1           4           4
   7.4019451250907121E-005   1.4519715624462756E-003           2          -3           0
  -6.0569102339752032E-006  -1.1880240990384334E-004           2           0          -3
   2.1508461644010303E-006   4.2203241981638776E-005           2           2           5
   5.5382660011908922E-006   1.0863698801353525E-004           2           5           2
  -3.3762284567658831E-005  -6.6228316524987656E-004           3          -2           0
   3.0274974674144103E-005   5.9387528471501415E-004           3          -1           3
   2.1515830005144421E-006   4.2203141147994899E-005           3           0          -2
   2.8623137473400421E-005   5.6150639786400457E-004           3           0           4
  -4.9165167494749279E-006  -9.6437443460792988E-005           3           3          -1
   6.0569467169973796E-006   1.1880234862652563E-004           3           3           5
  -1.3886136275820756E-005  -2.7239034761173959E-004           3           4           0
   1.3066700949404971E-005   2.5631751406701622E-004           3           5           3
   2.8623532812662236E-005   5.6150635315731375E-004           4           0           3
  -7.5050966379588285E-006  -1.4721350199124346E-004           4           1           4
  -1.1708112948903022E-005  -2.2966318394609611E-004           4           3           0
   4.9165678508625181E-006   9.6437351505017664E-005           4           4           1
   2.1516614300065316E-006   4.2203449772200904E-005           5           2           2
   6.0570888763139552E-006   1.1880233774848294E-004           5           3           3
  -2.1517566501300335E-006  -4.2203280291355341E-005          -5          -3          -2
  -1.0688445634139768E-005  -2.0965827018154941E-004          -5          -2          -3
   6.2977464952686300E-005   1.2353780983871952E-003          -3          -5          -2
  -1.0688202603322970E-005  -2.0965841248564014E-004          -3          -2          -5
  -2.1519438085083284E-006  -4.2202904021158971E-005          -3          -1           2
  -1.3715689634283693E-005  -2.6904847580723164E-004          -3           2          -1
   6.2976923241699144E-005   1.2353776064235077E-003          -2          -5          -3
  -2.1516032848045368E-006  -4.2203264595673594E-005          -2          -3          -5
   1.0687961464421487E-005   2.0965822889298084E-004          -2           1           3
   1.3715513293767394E-005   2.6904832177504327E-004          -2           3           1
   6.2977129152878961E-005   1.2353784976551641E-003          -1          -3           2
  -1.3715548785670336E-005  -2.6904824386928775E-004          -1           2          -3
  -6.2977084054674872E-005  -1.2353780235817640E-003           1          -2           3
   1.3715805284410050E-005   2.6904817575305938E-004           1           3          -2
   6.2977602766170503E-005   1.2353773803795839E-003           2          -3          -1
  -2.1515114053478318E-006  -4.2203044479078748E-005           2          -1          -3
   1.0687982038541565E-005   2.0965833240513702E-004           2           3           5
   1.3715837245283451E-005   2.6904840494148857E-004           2           5           3
  -6.2977598696480010E-005  -1.2353775093273108E-003           3          -2           1
   1.0688140827299946E-005   2.0965814418048576E-004           3           1          -2
   2.1518278803388494E-006   4.2203322424080926E-005           3           2           5
   1.3715745840651406E-005   2.6904825683139462E-004           3           5           2
   2.1518044510230211E-006   4.2203359986202870E-005           5           2           3
   1.0688459547967581E-005   2.0965791334075817E-004           5           3           2
  -6.0565216764857359E-006  -1.1880247166143275E-004          -5          -4          -3
  -3.7659793109117172E-006  -7.3873013329872812E-005          -5          -3          -4
   3.6910875948298160E-006   7.2399036352214217E-005          -5          -2          -1
   1.5748825090753731E-006   3.0883882765696122E-005          -5          -1          -2
  -1.0146323944347415E-005  -1.9903263951163064E-004          -4          -5          -3
  -3.7657877916947346E-006  -7.3873019990324543E-005          -4          -3          -5
  -3.6910729957808328E-006  -7.2399054646704516E-005          -4          -1           1
   9.8624725590824863E-008   1.9439594284751352E-006          -4           1          -1
  -1.0145460123335760E-005  -1.9903231968758169E-004          -3          -5          -4
  -6.0556853603254264E-006  -1.1880213985806867E-004          -3          -4          -5
   1.5745989077627173E-006   3.0884205845026982E-005          -3           1           2
  -9.8808741388488387E-008  -1.9439732813592160E-006          -3           2           1
   2.3456458914037942E-005   4.6012045618752407E-004          -2          -5          -1
   1.5744364526893427E-006   3.0884129126094065E-005          -2          -1          -5
   6.0561698654305841E-006   1.1880258207124360E-004          -2          -1           3
   0.0000000000000000        0.0000000000000000               -2           3          -1
   2.3456461105647101E-005   4.6012019090984550E-004          -1          -5          -2
  -2.3456731986918345E-005  -4.6012015007583241E-004          -1          -4           1
   3.6903123180096164E-006   7.2398611624786930E-005          -1          -2          -5
   1.0146204041705042E-005   1.9903208106131318E-004          -1          -2           3
   9.8811576186187764E-008   1.9438736589369659E-006          -1           1          -4
  -3.7659397288504015E-006  -7.3873000822160674E-005          -1           1           4
   0.0000000000000000        0.0000000000000000               -1           3          -2
   0.0000000000000000        0.0000000000000000               -1           4           1
  -2.3456266183914442E-005  -4.6012043639168722E-004           1          -4          -1
   2.3456620900389046E-005   4.6012040811536312E-004           1          -3           2
  -3.6903775638148621E-006  -7.2398754412057896E-005           1          -1          -4
  -1.0146000552699787E-005  -1.9903216573306979E-004           1          -1           4
  -9.8667211109304748E-008  -1.9439600565577211E-006           1           2          -3
   3.7657646027378899E-006   7.3873003679918053E-005           1           2           5
   0.0000000000000000        0.0000000000000000                1           4          -1
   0.0000000000000000        0.0000000000000000                1           5           2
   2.3456339165944462E-005   4.6012041971932002E-004           2          -3           1
   1.5745318238561765E-006   3.0884028414945186E-005           2           1          -3
   6.0560081853282266E-006   1.1880249921770241E-004           2           1           5
   0.0000000000000000        0.0000000000000000                2           5           1
   1.0146023869462973E-005   1.9903270838120182E-004           3          -2          -1
   6.0560405824134141E-006   1.1880284795206516E-004           3          -1          -2
  -1.5745627158768372E-006  -3.0884216238167866E-005           3           4           5
   9.8662255301549538E-008   1.9438898086905381E-006           3           5           4
  -1.0146524491537781E-005  -1.9903244575839962E-004           4          -1           1
  -3.7660637667386689E-006  -7.3873252254966484E-005           4           1          -1
  -3.6904386206448303E-006  -7.2398976888907299E-005           4           3           5
   9.8786103651498301E-008   1.9441090586175376E-006           4           5           3
   6.0566177275885475E-006   1.1880255037891195E-004           5           1           2
   3.7660560309681995E-006   7.3873387768547350E-005           5           2           1
  -3.6903078737850328E-006  -7.2398892751767660E-005           5           3           4
  -1.5745113267338225E-006  -3.0883914663312805E-005           5           4           3
   3.6911237298430545E-006   7.2398850305556279E-005          -5          -4          -4
  -1.0688590282613638E-005  -2.0965797596716253E-004          -5          -4          -2
  -3.7660515743764673E-006  -7.3873196734901267E-005          -5          -3          -1
  -1.5065651761038645E-005  -2.9552551697549810E-004          -5          -2          -4
  -9.4854728728787407E-006  -1.8607149126615783E-004          -5          -1          -3
   1.4155804387726921E-005   2.7767465094493847E-004          -5          -1          -1
  -7.9992956455337798E-006  -1.5692681315882876E-004          -4          -5          -4
   3.4884350322675611E-007   6.8531824276281323E-006          -4          -5          -2
   3.6914158787341083E-006   7.2398868473229279E-005          -4          -4          -5
  -1.5065593064561117E-005  -2.9552566432882143E-004          -4          -2          -5
   3.7659451374973781E-006   7.3873047603774129E-005          -4          -2           1
  -1.4155536357261084E-005  -2.7767458120676126E-004          -4           0           1
   0.0000000000000000        0.0000000000000000               -4           1          -2
   0.0000000000000000        0.0000000000000000               -4           1           0
   3.3629132606092529E-005   6.5967772582748558E-004          -3          -5          -1
  -1.0688180020576825E-005  -2.0965782563890124E-004          -3          -2           2
  -9.4854926604010626E-006  -1.8607133044114464E-004          -3          -1          -5
   0.0000000000000000        0.0000000000000000               -3           2          -2
   3.4931151522190118E-007   6.8527701181934158E-006          -2          -5          -4
  -1.0687961164422265E-005  -2.0965822461499380E-004          -2          -4          -5
  -3.3629192368692345E-005  -6.5967789646884816E-004          -2          -4           1
   3.4924517083480871E-007   6.8532669753327072E-006          -2          -3           2
   0.0000000000000000        0.0000000000000000               -2           1          -4
   0.0000000000000000        0.0000000000000000               -2           2          -3
   9.4854533089764169E-006   1.8607138239042605E-004          -2           2           3
   0.0000000000000000        0.0000000000000000               -2           3           2
   3.3629510464568943E-005   6.5967777830836926E-004          -1          -5          -3
  -1.4790840557864359E-005  -2.9013926020839814E-004          -1          -5          -1
  -3.7663248026290886E-006  -7.3873261339934599E-005          -1          -3          -5
   1.4155486235191382E-005   2.7767453691194058E-004          -1          -1          -5
   3.6910141277920749E-006   7.2398832220685723E-005          -1           0           4
  -1.5065489716596179E-005  -2.9552552030676798E-004          -1           2           4
   0.0000000000000000        0.0000000000000000               -1           4           0
   0.0000000000000000        0.0000000000000000               -1           4           2
   1.4790638962851175E-005   2.9013962043908397E-004           0          -4           1
  -7.9996480514676955E-006  -1.5692733603432036E-004           0          -1           4
   0.0000000000000000        0.0000000000000000                0           1          -4
   0.0000000000000000        0.0000000000000000                0           4          -1
  -3.3629491641485009E-005  -6.5967719045800051E-004           1          -4          -2
   1.4790735322637428E-005   2.9013951448452065E-004           1          -4           0
   3.7664317626094612E-006   7.3873621962240922E-005           1          -2          -4
  -1.4155701803215343E-005  -2.7767444996663361E-004           1           0          -4
  -3.6910768282014231E-006  -7.2398653779185459E-005           1           1           5
   1.5065610305175530E-005   2.9552556882947358E-004           1           3           5
   0.0000000000000000        0.0000000000000000                1           5           1
   0.0000000000000000        0.0000000000000000                1           5           3
   3.4950584309610702E-007   6.8533854769000417E-006           2          -3          -2
  -1.0687954872833216E-005  -2.0965796360284243E-004           2          -2          -3
  -3.3628974576556105E-005  -6.5967774601760284E-004           2          -2           3
   3.4938582874841802E-007   6.8534252429984928E-006           2          -1           4
   0.0000000000000000        0.0000000000000000                2           3          -2
   0.0000000000000000        0.0000000000000000                2           4          -1
   9.4854167831221831E-006   1.8607135221178228E-004           2           4           5
   0.0000000000000000        0.0000000000000000                2           5           4
  -3.3629366858288538E-005  -6.5967787734002084E-004           3          -2           2
   1.0687925405595667E-005   2.0965838170660658E-004           3           1           5
   9.4855426501034087E-006   1.8607125452882984E-004           3           2          -2
   0.0000000000000000        0.0000000000000000                3           5           1
  -7.9995663062251286E-006  -1.5692701773245140E-004           4          -1           0
   3.4882682270727976E-007   6.8528047896960834E-006           4          -1           2
   3.6911794281655109E-006   7.2398670978215704E-005           4           0          -1
  -1.5065866177465655E-005  -2.9552566427746744E-004           4           2          -1
   3.7663522213088929E-006   7.3872745119683226E-005           4           2           5
  -1.4155409673319928E-005  -2.7767463884645978E-004           4           4           5
   0.0000000000000000        0.0000000000000000                4           5           2
   0.0000000000000000        0.0000000000000000                4           5           4
  -3.6911502899577816E-006  -7.2398868223586389E-005           5           1           1
   1.0688385276741510E-005   2.0965852172085154E-004           5           1           3
   3.7663285279638944E-006   7.3872819780925516E-005           5           2           4
   1.5066005761131787E-005   2.9552557365428823E-004           5           3           1
   9.4855404161420950E-006   1.8607131595939431E-004           5           4           2
  -1.4155571201355992E-005  -2.7767453413378272E-004           5           4           4
   1.1708246773144959E-005   2.2966325265303032E-004          -4          -4           0
   0.0000000000000000        0.0000000000000000               -4           0          -4
   1.1707745224576027E-005   2.2966312984894414E-004           0          -4          -4
   0.0000000000000000        0.0000000000000000                0           4           4
   1.1707946696961582E-005   2.2966333534016402E-004           4           0           4
   0.0000000000000000        0.0000000000000000                4           4           0
   1.5745384473943372E-006   3.0883924929056721E-005          -5          -5          -3
   0.0000000000000000        0.0000000000000000               -5          -3          -5
   0.0000000000000000        0.0000000000000000               -5          -2           0
   0.0000000000000000        0.0000000000000000               -5           0          -2
   1.5746605902879039E-006   3.0884125107325986E-005          -3          -5          -5
   0.0000000000000000        0.0000000000000000               -3           2           2
   6.3575529385725503E-006   1.2469577732835042E-004          -2          -5           0
  -1.5742746477825182E-006  -3.0883871881557670E-005          -2          -2           3
   0.0000000000000000        0.0000000000000000               -2           0          -5
   0.0000000000000000        0.0000000000000000               -2           3          -2
   6.3570594687140823E-006   1.2469570562428432E-004           0          -5          -2
   0.0000000000000000        0.0000000000000000                0          -2          -5
   0.0000000000000000        0.0000000000000000                0           2           5
   0.0000000000000000        0.0000000000000000                0           5           2
   6.3574385164097724E-006   1.2469563039869697E-004           2          -3           2
  -1.5746122717870514E-006  -3.0883876655076225E-005           2           0           5
   0.0000000000000000        0.0000000000000000                2           2          -3
   0.0000000000000000        0.0000000000000000                2           5           0
  -1.5744675721221731E-006  -3.0883973121180739E-005           3          -2          -2
  -1.5744993450020206E-006  -3.0884064743413211E-005           5           0           2
   0.0000000000000000        0.0000000000000000                5           2           0
   1.4155964944592752E-005   2.7767445816809900E-004          -5          -5          -4
   0.0000000000000000        0.0000000000000000               -5          -4          -5
  -1.5065683661559932E-005  -2.9552549766711004E-004          -5          -4          -1
   0.0000000000000000        0.0000000000000000               -5          -1          -4
   0.0000000000000000        0.0000000000000000               -5          -1           0
   0.0000000000000000        0.0000000000000000               -5           0          -1
   1.4155741351141272E-005   2.7767440029365266E-004          -4          -5          -5
  -4.9165529842189980E-006  -9.6437253971189834E-005          -4          -5          -1
   1.5065618197226583E-005   2.9552557680585057E-004          -4          -3           1
   0.0000000000000000        0.0000000000000000               -4          -1          -5
   0.0000000000000000        0.0000000000000000               -4           1          -3
   0.0000000000000000        0.0000000000000000               -4           1           1
   4.9164251417618507E-006   9.6437343696871797E-005          -3          -4           1
   0.0000000000000000        0.0000000000000000               -3           1          -4
  -4.9163019542358342E-006  -9.6437806664248689E-005          -1          -5          -4
  -1.1873076874681703E-005  -2.3290268670167488E-004          -1          -5           0
  -1.5065598480914612E-005  -2.9552583902416567E-004          -1          -4          -5
   1.4155851653346887E-005   2.7767446151748254E-004          -1          -1           4
   0.0000000000000000        0.0000000000000000               -1           0          -5
   0.0000000000000000        0.0000000000000000               -1           3           4
   0.0000000000000000        0.0000000000000000               -1           4          -1
   0.0000000000000000        0.0000000000000000               -1           4           3
  -1.1872973334893753E-005  -2.3290232072733643E-004           0          -5          -1
   0.0000000000000000        0.0000000000000000                0          -1          -5
   0.0000000000000000        0.0000000000000000                0           1           5
   0.0000000000000000        0.0000000000000000                0           5           1
   4.9161534889430029E-006   9.6437677736621068E-005           1          -4          -3
   1.1872883887830045E-005   2.3290259060475320E-004           1          -4           1
   1.5065582251799854E-005   2.9552579247269227E-004           1          -3          -4
  -1.4155924965707898E-005  -2.7767446369655923E-004           1           0           5
   0.0000000000000000        0.0000000000000000                1           1          -4
   0.0000000000000000        0.0000000000000000                1           4           5
   0.0000000000000000        0.0000000000000000                1           5           0
   0.0000000000000000        0.0000000000000000                1           5           4
  -4.9164829627449291E-006  -9.6437406691255012E-005           3          -1           4
   0.0000000000000000        0.0000000000000000                3           4          -1
   1.4155733321202159E-005   2.7767459397570055E-004           4          -1          -1
  -4.9165230072513837E-006  -9.6437569626695312E-005           4          -1           3
   1.5065762367097991E-005   2.9552555036266136E-004           4           1           5
   0.0000000000000000        0.0000000000000000                4           3          -1
   0.0000000000000000        0.0000000000000000                4           5           1
  -1.4155988498974504E-005  -2.7767433448042903E-004           5           0           1
   0.0000000000000000        0.0000000000000000                5           1           0
   1.5065867487594852E-005   2.9552563419126828E-004           5           1           4
   0.0000000000000000        0.0000000000000000                5           4           1
   0.0000000000000000        0.0000000000000000               -6          -3          -3
  -9.4860513835232402E-006  -1.8607131488571958E-004          -5          -5          -2
   0.0000000000000000        0.0000000000000000               -5          -3           0
   0.0000000000000000        0.0000000000000000               -5          -2          -5
   0.0000000000000000        0.0000000000000000               -5           0          -3
  -1.3067203593115113E-005  -2.5631766300809064E-004          -3          -6          -3
   1.3886622337008745E-005   2.7239039618605679E-004          -3          -5           0
   0.0000000000000000        0.0000000000000000               -3          -3          -6
  -9.4861129118875123E-006  -1.8607121455082679E-004          -3          -3           2
   0.0000000000000000        0.0000000000000000               -3           0          -5
   0.0000000000000000        0.0000000000000000               -3           0           3
   0.0000000000000000        0.0000000000000000               -3           2          -3
   0.0000000000000000        0.0000000000000000               -3           3           0
  -9.4858976301361700E-006  -1.8607120177691695E-004          -2          -5          -5
   0.0000000000000000        0.0000000000000000               -2           3           3
   1.3886298000005866E-005   2.7239035666878729E-004           0          -5          -3
   0.0000000000000000        0.0000000000000000                0          -3          -5
   1.3067381678530932E-005   2.5631740313707054E-004           0          -3           3
   0.0000000000000000        0.0000000000000000                0           3          -3
   0.0000000000000000        0.0000000000000000                0           3           5
   0.0000000000000000        0.0000000000000000                0           5           3
  -9.4858279642943424E-006  -1.8607124594207438E-004           2          -3          -3
   1.3067207716192576E-005   2.5631756838160680E-004           3          -3           0
  -1.3886477213943216E-005  -2.7239040669169027E-004           3          -2           3
   0.0000000000000000        0.0000000000000000                3           0          -3
   9.4859445825713553E-006   1.8607133433059167E-004           3           0           5
   0.0000000000000000        0.0000000000000000                3           3          -2
   0.0000000000000000        0.0000000000000000                3           5           0
   9.4861533850292096E-006   1.8607133166027653E-004           5           0           3
   0.0000000000000000        0.0000000000000000                5           3           0
   0.0000000000000000        0.0000000000000000               -6          -4          -3
   0.0000000000000000        0.0000000000000000               -6          -3          -4
   0.0000000000000000        0.0000000000000000               -6          -3          -2
   0.0000000000000000        0.0000000000000000               -6          -2          -3
   0.0000000000000000        0.0000000000000000               -5          -5          -5
   0.0000000000000000        0.0000000000000000               -5           0           0
  -9.9106222129890278E-008  -1.9440692502513373E-006          -4          -6          -3
   0.0000000000000000        0.0000000000000000               -4          -3          -6
   0.0000000000000000        0.0000000000000000               -4          -1           2
   0.0000000000000000        0.0000000000000000               -4           2          -1
  -9.9276151251515621E-008  -1.9439734342504464E-006          -3          -6          -4
  -1.3716234159863824E-005  -2.6904839913965745E-004          -3          -6          -2
   0.0000000000000000        0.0000000000000000               -3          -4          -6
   0.0000000000000000        0.0000000000000000               -3          -2          -6
   0.0000000000000000        0.0000000000000000               -3          -1           3
   0.0000000000000000        0.0000000000000000               -3           1           3
   0.0000000000000000        0.0000000000000000               -3           3          -1
   0.0000000000000000        0.0000000000000000               -3           3           1
  -1.3715989460477717E-005  -2.6904854955909905E-004          -2          -6          -3
   0.0000000000000000        0.0000000000000000               -2          -3          -6
   0.0000000000000000        0.0000000000000000               -2           1           4
   0.0000000000000000        0.0000000000000000               -2           4           1
  -1.3716243263440359E-005  -2.6904822016073239E-004          -1          -4           2
   9.9269981448135538E-008   1.9440824734790679E-006          -1          -3           3
   0.0000000000000000        0.0000000000000000               -1           2          -4
   0.0000000000000000        0.0000000000000000               -1           3          -3
  -1.0692345145892618E-005  -2.0973014365214556E-004           0          -5           0
   0.0000000000000000        0.0000000000000000                0           0          -5
   0.0000000000000000        0.0000000000000000                0           0           5
   0.0000000000000000        0.0000000000000000                0           5           0
   1.3716070194224689E-005   2.6904806386894852E-004           1          -3           3
  -9.9200986956360302E-008  -1.9441293590078237E-006           1          -2           4
   0.0000000000000000        0.0000000000000000                1           3          -3
   0.0000000000000000        0.0000000000000000                1           4          -2
  -1.3716101060495789E-005  -2.6904828577042938E-004           2          -4          -1
   0.0000000000000000        0.0000000000000000                2          -1          -4
   9.9388580339206284E-008   1.9438784727763857E-006           3          -3          -1
   1.3716379858818556E-005   2.6904834830456648E-004           3          -3           1
   0.0000000000000000        0.0000000000000000                3          -1          -3
   0.0000000000000000        0.0000000000000000                3           1          -3
  -9.9358140546810418E-008  -1.9439779662322088E-006           4          -2           1
   0.0000000000000000        0.0000000000000000                4           1          -2
   0.0000000000000000        0.0000000000000000                5           0           0
   0.0000000000000000        0.0000000000000000               -6          -4          -4
   0.0000000000000000        0.0000000000000000               -6          -2          -2
   0.0000000000000000        0.0000000000000000               -4          -6          -4
   0.0000000000000000        0.0000000000000000               -4          -4          -6
   0.0000000000000000        0.0000000000000000               -4           0           2
   0.0000000000000000        0.0000000000000000               -4           2           0
  -5.5381844017711221E-006  -1.0863678637871556E-004          -2          -6          -2
   0.0000000000000000        0.0000000000000000               -2          -2          -6
   0.0000000000000000        0.0000000000000000               -2           0           4
   0.0000000000000000        0.0000000000000000               -2           4           0
  -5.5381367170386709E-006  -1.0863663368844482E-004           0          -4           2
   0.0000000000000000        0.0000000000000000                0          -2           4
   0.0000000000000000        0.0000000000000000                0           2          -4
   0.0000000000000000        0.0000000000000000                0           4          -2
  -5.5383205175411344E-006  -1.0863686440994322E-004           2          -4           0
   0.0000000000000000        0.0000000000000000                2           0          -4
   0.0000000000000000        0.0000000000000000                4          -2           0
   0.0000000000000000        0.0000000000000000                4           0          -2
   0.0000000000000000        0.0000000000000000               -6          -4          -2
   0.0000000000000000        0.0000000000000000               -6          -2          -4
   0.0000000000000000        0.0000000000000000               -4          -6          -2
   0.0000000000000000        0.0000000000000000               -4          -2          -6
   0.0000000000000000        0.0000000000000000               -4          -2           2
   0.0000000000000000        0.0000000000000000               -4           2          -2
   0.0000000000000000        0.0000000000000000               -2          -6          -4
   0.0000000000000000        0.0000000000000000               -2          -4          -6
   0.0000000000000000        0.0000000000000000               -2          -4           2
   0.0000000000000000        0.0000000000000000               -2           2          -4
   0.0000000000000000        0.0000000000000000                2          -4          -2
   0.0000000000000000        0.0000000000000000                2          -2          -4
   0.0000000000000000        0.0000000000000000               -5          -5          -1
   0.0000000000000000        0.0000000000000000               -5          -4           0
   0.0000000000000000        0.0000000000000000               -5          -1          -5
   0.0000000000000000        0.0000000000000000               -5           0          -4
   0.0000000000000000        0.0000000000000000               -4          -5           0
   0.0000000000000000        0.0000000000000000               -4          -4           1
   0.0000000000000000        0.0000000000000000               -4           0          -5
   0.0000000000000000        0.0000000000000000               -4           1          -4
   0.0000000000000000        0.0000000000000000               -1          -5          -5
   0.0000000000000000        0.0000000000000000                0          -5          -4
   0.0000000000000000        0.0000000000000000                0          -4          -5
   0.0000000000000000        0.0000000000000000                1          -4          -4
