         718          24          24          24
   1.7479516455745637E-008   3.1293389188370277E-008           0           0           0
 -0.36959144146225659       0.29478250499344305               -1          -1          -1
  -8.0551512382195586E-002   6.4247502320118499E-002          -1           0           0
  -2.4630512109972806E-008  -2.5910212494332319E-008           0          -1           0
   1.5950658517597800E-003  -1.2722116536257155E-003           0           0          -1
   7.4663959433667109E-003  -5.9551016805953838E-003           0           0           1
  -1.9289895030368003E-009  -4.2215662076960168E-009           0           1           0
 -0.37705781660931853       0.30073762269867421                1           0           0
  -7.8956456592519750E-002   6.2975287603864033E-002           1           1           1
 -0.37705746107676108       0.30073806750406090               -1          -1           0
  -5.9041373394201506E-002   4.7090936756278248E-002          -1           0          -1
   7.4663714591339031E-003  -5.9551309513463787E-003           0          -1          -1
   1.1927322152028050E-003  -9.5132137373561167E-004           0           1           1
 -0.36959107785965434       0.29478295934145976                1           0           1
  -6.0234108519555907E-002   4.8042249995617861E-002           1           1           0
  -2.6122200985072258E-002   2.0834663648877511E-002          -2          -1          -1
  -7.8956753981486605E-002   6.2974903701063914E-002          -1          -2          -1
  -3.3923392547770721E-002   2.7056908841527692E-002          -1          -1          -2
  -6.9674498017390733E-003   5.5572622076964246E-003          -1           0           1
  -2.8100651148112769E-003   2.2413100516466278E-003          -1           1           0
   1.5950725447459759E-003  -1.2721934419517480E-003           0          -1           1
   5.5646286120988029E-005  -4.4382752049035300E-005           0           1          -1
  -8.0551838450752852E-002   6.4247098992666757E-002           1          -1           0
  -3.4302677056261853E-002   2.7359426457572850E-002           1           0          -1
  -8.1804864539068781E-003   6.5247547705772216E-003           1           1           2
  -2.7544180142524571E-003   2.1969292885234441E-003           1           2           1
   2.6955943252248708E-002  -2.1499643777354790E-002           2           1           1
   2.6955777631884059E-002  -2.1499854064705035E-002          -2          -2          -1
   4.8142115931010059E-004  -3.8403113875556049E-004          -2          -1          -2
  -3.1640583106523824E-002   2.5236214148781029E-002          -2          -1           0
  -8.8502883102699881E-003   7.0588980107285813E-003          -2           0          -1
  -8.1805592423780764E-003   6.5246630099777391E-003          -1          -2          -2
  -6.0234161705978957E-002   4.8042180550911764E-002          -1          -2           0
  -3.4302590249271611E-002   2.7359537900991753E-002          -1          -1           1
  -8.2344163380985765E-003   6.5676898708073878E-003          -1           0          -2
  -1.8669057934143380E-003   1.4890376411731410E-003          -1           1          -1
   7.7050394812348637E-004  -6.1454360544489523E-004          -1           1           1
   1.1927411381901481E-003  -9.5131371941428755E-004           0          -2          -1
   6.2653567655316256E-004  -4.9972058519437803E-004           0          -1          -2
   9.7208737051024869E-006  -7.7576134446406425E-006           0           1           2
   3.7714165446528885E-005  -3.0081145118187112E-005           0           2           1
  -6.9675304323744466E-003   5.5571623934985766E-003           1          -1          -1
  -5.9041430069567254E-002   4.7090865831668112E-002           1          -1           1
  -3.3923308641335297E-002   2.7057013912470444E-002           1           0           2
  -8.4249229965544844E-003   6.7196353682355252E-003           1           1          -1
  -1.9046218670629837E-003   1.5191183781058958E-003           1           2           0
   4.2536482710461263E-004  -3.3926109229250506E-004           1           2           2
  -2.6122024842297635E-002   2.0834884034794967E-002           2           0           1
  -4.9114631837831604E-004   3.9178685533137905E-004           2           1           0
   3.1014048041030036E-002  -2.4736496967898137E-002           2           1           2
   9.0049232831332093E-003  -7.1822315871538861E-003           2           2           1
   3.1014015681141364E-002  -2.4736538411582652E-002          -2          -2          -2
  -1.2790750426135842E-002   1.0201806616640037E-002          -2           0           0
   3.9989356438073786E-009   1.7221135260832851E-009           0          -2           0
   2.5328061195657595E-004  -2.0201306262442487E-004           0           0          -2
   6.2653575610914698E-004  -4.9972029712207287E-004           0           0           2
  -8.6441025112500585E-010  -1.0045806200714468E-009           0           2           0
  -3.1640547100163056E-002   2.5236259232217565E-002           2           0           0
   1.2537471933159863E-002  -9.9997938482785098E-003           2           2           2
  -4.9119549736842828E-004   3.9172389792692966E-004          -2          -2           0
  -2.1254547394605533E-003   1.6952369915515723E-003          -2           0          -2
   9.7230026903340462E-006  -7.7566918824401681E-006           0          -2          -2
  -4.2938234317459324E-005   3.4247275498971725E-005           0           2           2
   4.8147494897610112E-004  -3.8396351607949492E-004           2           0           2
   2.1683925250008543E-003  -1.7294835970475919E-003           2           2           0
   6.5418945755052887E-003  -5.2177475541852845E-003          -3          -2          -2
   3.4077057968277427E-003  -2.7179663036638467E-003          -3          -1          -1
   1.2537487587919708E-002  -9.9997736164939705E-003          -2          -3          -2
   6.8596480204972110E-003  -5.4711869322595537E-003          -2          -2          -3
  -5.9580547049481614E-003   4.7521009918778164E-003          -2           0           1
  -2.2080783611022319E-003   1.7611463639013514E-003          -2           1           0
  -2.7544452608624791E-003   2.1968943491662259E-003          -1          -3          -1
  -2.7219580195380357E-003   2.1710057938756910E-003          -1          -1          -3
  -1.7313017462414906E-004   1.3808850911131834E-004          -1           0           2
  -8.8539579855055964E-004   7.0618260484680445E-004          -1           2           0
   5.5647290348073862E-005  -4.4380791285169514E-005           0          -2           1
   2.5328098253807525E-004  -2.0201220953690665E-004           0          -1           2
   4.3725191832252373E-005  -3.4873616803717642E-005           0           1          -2
   1.7531944518467309E-005  -1.3984227479747801E-005           0           2          -1
  -2.8100923640984542E-003   2.2412745138339785E-003           1          -2           0
  -2.5364958320123559E-003   2.0230856219515050E-003           1           0          -2
  -4.4386749571198684E-004   3.5402406095548392E-004           1           1           3
  -8.6786266884319107E-004   6.9220054128905223E-004           1           3           1
  -1.2790767434988290E-002   1.0201785265438586E-002           2          -1           0
  -6.9857601147346512E-003   5.5717721712893143E-003           2           0          -1
   5.9442035070775903E-003  -4.7410517671263221E-003           2           2           3
   2.1643539816476004E-003  -1.7262731098450824E-003           2           3           2
   6.6865178232248289E-003  -5.3330984380879111E-003           3           1           1
   3.2360966523394949E-003  -2.5810961669675415E-003           3           2           2
   6.6865102596110624E-003  -5.3331083606007745E-003          -3          -2          -1
   6.5181795794391165E-004  -5.1988462956526686E-004          -3          -1          -2
   9.0049094587776705E-003  -7.1822493920787331E-003          -2          -3          -1
  -1.9167548846216984E-004   1.5287908170977992E-004          -2          -1          -3
  -6.9857518166994296E-003   5.5717827156401912E-003          -2          -1           1
   2.8750694198206953E-004  -2.2931215563713967E-004          -2           1          -1
   4.2535846799744145E-004  -3.3926840710349674E-004          -1          -3          -2
  -4.4386833531044064E-004   3.5402389041629709E-004          -1          -2          -3
  -8.4249139713702265E-003   6.7196470543684746E-003          -1          -2           1
   1.8582823255338342E-004  -1.4821435078429156E-004          -1           1          -2
   8.2357092507915990E-004  -6.5687622515251992E-004          -1           1           2
  -1.0349930971598342E-004   8.2548631077002989E-005          -1           2           1
   7.7050074548116923E-004  -6.1454818087072999E-004           1          -2          -1
  -1.7313056814693257E-004   1.3808813687176869E-004           1          -1          -2
  -8.2344089766188712E-003   6.5676996407196091E-003           1          -1           2
   1.9356944311027107E-004  -1.5439064561865597E-004           1           2          -1
   8.1427847848472763E-004  -6.4946198533096661E-004           1           2           3
  -9.3936799608457412E-005   7.4922961574934300E-005           1           3           2
  -8.8502734578582085E-003   7.0589168238674857E-003           2          -1           1
   1.6245961170559243E-004  -1.2957771704420640E-004           2           1          -1
   6.8596407686559420E-003  -5.4711968422053239E-003           2           1           3
  -2.8932652133404268E-004   2.3076421509157650E-004           2           3           1
   6.5418833736305198E-003  -5.2177611898638404E-003           3           1           2
   6.3189669046205738E-004  -5.0399738987269658E-004           3           2           1
   3.2361085997914749E-003  -2.5810809944100755E-003          -3          -3          -2
   3.4244373334818895E-003  -2.7312969749253876E-003          -3          -2          -3
   3.6375932487734690E-003  -2.9013146193557545E-003          -3          -1           0
   1.8637216306336196E-003  -1.4864875781147987E-003          -3           0          -1
   5.9442109715773560E-003  -4.7410416440461112E-003          -2          -3          -3
  -2.8737409018336621E-003   2.2920702452080706E-003          -2           1           1
  -1.9046298024939852E-003   1.5191077330964156E-003          -1          -3           0
  -2.5364935236596563E-003   2.0230887646912354E-003          -1          -1           2
  -1.0881634077061775E-003   8.6790842053084964E-004          -1           0          -3
  -3.3220566414903413E-004   2.6496368590001680E-004          -1           2          -1
   3.7715895114158149E-005  -3.0079787625532633E-005           0          -3          -1
  -7.2032277805077300E-005   5.7450817247141055E-005           0          -1          -3
  -6.9180829752512235E-005   5.5177221831514099E-005           0           1           3
   6.7112444103846556E-006  -5.3523591425866220E-006           0           3           1
  -1.8669163750696706E-003   1.4890246033648783E-003           1          -2           1
  -2.7219552530942373E-003   2.1710088460172921E-003           1           0           3
  -9.9435121023359581E-004   7.9308641950203871E-004           1           1          -2
  -3.3891675397363145E-004   2.7031701459185497E-004           1           3           0
  -5.9580635432415850E-003   4.7520904591676445E-003           2          -1          -1
   2.8580730841776735E-003  -2.2795742075821562E-003           2           3           3
   3.4077176513623141E-003  -2.7179517594613546E-003           3           0           1
   3.4936177494131826E-003  -2.7864742922379822E-003           3           1           0
   3.5655604627597981E-003  -2.8438633853339191E-003           3           2           3
   1.7855773782089761E-003  -1.4241622606350462E-003           3           3           2
   3.5655636143770522E-003  -2.8438598639934170E-003          -3          -3          -3
   6.3189829749838930E-004  -5.0399553959097816E-004          -3          -3          -1
   3.4936143461431674E-003  -2.7864789517068481E-003          -3          -2           0
  -1.1373859433204732E-004   9.0717550616244296E-005          -3          -1          -3
  -3.7607930324794420E-004   2.9995895553568922E-004          -3           0          -2
   2.1725868403353029E-003  -1.7328347416786512E-003          -3           0           0
   2.1683862407728982E-003  -1.7294917808944265E-003          -2          -3           0
   1.6246095467217089E-004  -1.2957593553952637E-004          -2          -2           1
  -1.1461456133331051E-003   9.1415649638049536E-004          -2           0          -3
   5.6072702323895331E-004  -4.4723031965297115E-004          -2           1          -2
   8.1427926643998639E-004  -6.4945976941867170E-004          -1          -3          -3
   7.3226023726136603E-004  -5.8404466837613063E-004          -1           2           2
  -4.2938498259588402E-005   3.4246579139750083E-005           0          -3          -2
   1.8454824978384204E-009   1.4673888151251018E-009           0          -3           0
  -6.9180772467711146E-005   5.5176947036233087E-005           0          -2          -3
  -4.3021298535643377E-005   3.4313155431512531E-005           0           0          -3
  -7.2032319845030185E-005   5.7451418854535158E-005           0           0           3
   2.2977192305008579E-006  -1.8322510041059816E-006           0           2           3
  -1.3926891034510738E-010   1.1375895979475573E-010           0           3           0
   1.1327984598529042E-005  -9.0344252656270432E-006           0           3           2
   8.2357400949152853E-004  -6.5687327594901135E-004           1          -2          -2
   7.6301305017463256E-004  -6.0857235399220072E-004           1           3           3
  -2.1254473119390748E-003   1.6952461156860552E-003           2          -1           2
  -1.9167575859009095E-004   1.5287835662940280E-004           2           0           3
   1.1390917585876808E-003  -9.0853111852446679E-004           2           2          -1
  -5.7205446023894787E-004   4.5626581296063888E-004           2           3           0
   3.6375961140387133E-003  -2.9013108564738088E-003           3           0           0
   6.5181895530458942E-004  -5.1988352080293643E-004           3           0           2
   3.4244328517484390E-003  -2.7313025895685751E-003           3           1           3
  -1.1603563452018906E-004   9.2550199743101372E-005           3           2           0
  -4.1388470043061054E-004   3.3011135233770048E-004           3           3           1
   2.1295652537367368E-003  -1.6985217284582444E-003           3           3           3
  -6.3854120921132227E-004   5.0929369089825600E-004          -4          -2          -2
   2.1643567520428361E-003  -1.7262691640988928E-003          -2          -4          -2
   1.7793494204899356E-003  -1.4191928563976343E-003          -2          -2          -4
  -2.3359427597682454E-003   1.8631267075034836E-003          -2           0           2
  -9.2186183835868646E-004   7.3526810451779207E-004          -2           2           0
   4.3724613085652629E-005  -3.4874189566969075E-005           0          -2           2
   1.8254738602470894E-005  -1.4559613373550568E-005           0           2          -2
  -2.2080815225760707E-003   1.7611422723642369E-003           2          -2           0
  -1.7204485401979682E-003   1.3722148960815677E-003           2           0          -2
   2.3589898855555409E-003  -1.8815083763826935E-003           2           2           4
   9.0360715357432021E-004  -7.2070883811053477E-004           2           4           2
   5.5659308618918174E-004  -4.4393382214164559E-004           4           2           2
   5.5659242073627228E-004  -4.4393471046822385E-004          -4          -3          -2
   1.1749228136984531E-003  -9.3711022292049511E-004          -4          -2          -3
  -1.6337955168407759E-003   1.3031000922118423E-003          -4          -2          -1
  -1.2083316089995316E-003   9.6375414931906952E-004          -4          -1          -2
   1.7855780859866255E-003  -1.4241613309205765E-003          -3          -4          -2
   1.8724377758496443E-003  -1.4934414853657893E-003          -3          -2          -4
   1.7288574892842321E-003  -1.3789197588636145E-003          -3          -1           1
   1.0144878579361691E-003  -8.0914578643539797E-004          -3           1          -1
   2.8580732556821066E-003  -2.2795738277711529E-003          -2          -4          -3
  -2.8932654522339021E-004   2.3076408428527421E-004          -2          -4          -1
   2.3589890495939385E-003  -1.8815095435971694E-003          -2          -3          -4
   7.9559187619572915E-005  -6.3455214162696117E-005          -2          -1          -4
  -1.7204484446157009E-003   1.3722148177588132E-003          -2          -1           2
  -1.2617817873270772E-003   1.0063848171784472E-003          -2           1           2
  -6.6257140775343137E-005   5.2845571681479167E-005          -2           2          -1
  -9.6450603695330127E-004   7.6928059290406775E-004          -2           2           1
  -9.3936934095325980E-005   7.4923084795736324E-005          -1          -4          -2
   1.9357043963203426E-004  -1.5438912685147854E-004          -1          -3           1
   1.3129546518365499E-004  -1.0471894120175450E-004          -1          -2          -4
  -9.9435119580469395E-004   7.9308635480366109E-004          -1          -2           2
   3.1934306215567412E-005  -2.5470242811368036E-005          -1           1          -3
   6.4641659654664295E-004  -5.1557657037327011E-004          -1           1           3
   1.1680656388152316E-004  -9.3164022086065688E-005          -1           2          -2
   1.7722081042178566E-004  -1.4134959059300151E-004          -1           3           1
  -1.0349737808616318E-004   8.2550829190492257E-005           1          -3          -1
   1.8582783317068653E-004  -1.4821490363331103E-004           1          -2           2
   6.4707804053987984E-005  -5.1610368546354949E-005           1          -1          -3
  -1.0881629287461481E-003   8.6790899508120388E-004           1          -1           3
   7.1121467116947904E-005  -5.6726099712373936E-005           1           2          -2
   7.0798047679186302E-004  -5.6467842861654752E-004           1           2           4
   1.1198471818479864E-004  -8.9318571737894700E-005           1           3          -1
   1.7824203044964352E-004  -1.4216432652483442E-004           1           4           2
  -2.8737408597750728E-003   2.2920702619758648E-003           2          -2          -1
   2.8750576899954169E-004  -2.2931360373341003E-004           2          -2           1
  -2.3359419660397055E-003   1.8631278668651242E-003           2          -1          -2
  -3.0646621184567588E-005   2.4443027030222834E-005           2           1          -2
   1.7793494802250029E-003  -1.4191931127060752E-003           2           1           4
   1.2389782128413647E-003  -9.8819736467724642E-004           2           3           4
   6.0414509634976948E-005  -4.8185784912739575E-005           2           4           1
   9.4336636518252491E-004  -7.5242042117407907E-004           2           4           3
   1.8637219864376237E-003  -1.4864869993365091E-003           3          -1           1
   1.8829029805615283E-003  -1.5017882860096678E-003           3           1          -1
   1.6985036975262992E-003  -1.3547099864576388E-003           3           2           4
   9.9643996921424988E-004  -7.9475154652201309E-004           3           4           2
  -6.3854093325509619E-004   5.0929419616474090E-004           4           1           2
  -1.2260208293057172E-003   9.7786418548979448E-004           4           2           1
   1.5975619527610566E-003  -1.2742001075327690E-003           4           2           3
   1.1822219418046915E-003  -9.4292961874038088E-004           4           3           2
   1.5975604979360011E-003  -1.2742020571556091E-003          -4          -3          -3
  -7.5663427024553294E-004   6.0348528632558321E-004          -4          -1          -1
   2.1295643516838505E-003  -1.6985226726676491E-003          -3          -4          -3
   1.6985021575446142E-003  -1.3547122984587379E-003          -3          -3          -4
  -1.1603654763413319E-004   9.2549048449032747E-005          -3          -3           0
  -7.0345954163533947E-004   5.6107383395910787E-004          -3           0          -3
   3.0201222167128077E-004  -2.4088166787190223E-004          -3           0           1
   4.9482383141256014E-004  -3.9466684009182635E-004          -3           1           0
  -8.6786385621712072E-004   6.9219935277916125E-004          -1          -4          -1
  -4.5820201001373838E-004   3.6545823061819667E-004          -1          -1          -4
   6.4707087001442348E-005  -5.1610843998072855E-005          -1           0           3
  -1.5262422275557066E-004   1.2173172627686043E-004          -1           3           0
   2.2970598891750890E-006  -1.8326957340910825E-006           0          -3          -3
   1.7533169495801485E-005  -1.3983192703820232E-005           0          -3           1
  -4.3021576603972089E-005   3.4313145214126593E-005           0          -1           3
  -9.7978737628418340E-006   7.8151731301511580E-006           0           1          -3
   3.0219840388162297E-006  -2.4105979499221609E-006           0           3          -1
   1.4211658048817263E-005  -1.1334620573730550E-005           0           3           3
  -8.8539427304752877E-004   7.0618379503341430E-004           1          -3           0
  -4.7916406609675439E-004   3.8217790777859766E-004           1           0          -3
   1.3129534157245421E-004  -1.0471983037721482E-004           1           1           4
  -1.4960212822234359E-004   1.1932138813728008E-004           1           4           1
   2.1725859118900672E-003  -1.7328359347462282E-003           3          -1           0
   1.7288560984776080E-003  -1.3789214662012590E-003           3           0          -1
  -1.1373959360210976E-004   9.0716003101429693E-005           3           0           3
  -7.1767062792912905E-004   5.7240863244059593E-004           3           3           0
   2.7747019509115697E-004  -2.2130717272982265E-004           3           3           4
   4.8502559681315596E-004  -3.8685202002654989E-004           3           4           3
  -1.6337951039898766E-003   1.3031005568992456E-003           4           1           1
   7.6021405113938401E-004  -6.0633933457283299E-004           4           3           3
  -1.2260221745316238E-003   9.7786270470863143E-004          -4          -3          -1
  -2.2846960949786122E-005   1.8221516228702140E-005          -4          -1          -3
  -4.1388552138644542E-004   3.3011042595773056E-004          -3          -4          -1
   1.8829046976423063E-003  -1.5017865296897337E-003          -3          -2           1
   5.5450258724770956E-004  -4.4226682027984581E-004          -3          -1          -4
   2.8649183903040867E-004  -2.2850264508178397E-004          -3           1          -2
   1.1390931712902794E-003  -9.0852950918218506E-004          -2          -3           1
  -1.0009066811046577E-004   7.9831777696660314E-005          -2           1          -3
   7.6301278400091636E-004  -6.0857182176303753E-004          -1          -4          -3
   7.0798005010610382E-004  -5.6467815832934127E-004          -1          -3          -4
   5.5516332936573955E-004  -4.4279296899832224E-004          -1           2           3
   3.7720561430377959E-004  -3.0085556898994500E-004          -1           3           2
   7.3226081972867891E-004  -5.8404467918333146E-004           1          -3          -2
   6.4641701254644591E-004  -5.1557691418545391E-004           1          -2          -3
   5.6590374788141639E-004  -4.5135963726794731E-004           1           3           4
   3.7344005338940607E-004  -2.9785245546950866E-004           1           4           3
  -1.1461459387528817E-003   9.1415535522338688E-004           2          -1           3
   8.6948198552245183E-005  -6.9349484952485846E-005           2           3          -1
  -3.7607976092052871E-004   2.9995777516538110E-004           3          -1           2
   1.8724387537425861E-003  -1.4934394576001757E-003           3           1           4
   5.4305683303847998E-004  -4.3313793753779333E-004           3           2          -1
   2.7711493101279720E-004  -2.2102414582846286E-004           3           4           1
   1.1749240145545793E-003  -9.3710811309400993E-004           4           1           3
   6.6061394044094262E-007  -5.2635466622017503E-007           4           3           1
   7.6021376941964240E-004  -6.0633975029974238E-004          -4          -4          -3
   3.2379383627428881E-004  -2.5825540608561813E-004          -4          -3          -4
   6.5369755547550073E-004  -5.2138259770046250E-004          -4          -1           0
   2.2133915598373727E-004  -1.7653740761380349E-004          -4           0          -1
   2.7746980500051088E-004  -2.2130800023180798E-004          -3          -4          -4
  -5.1302832591299582E-004   4.0918660721972174E-004          -3           1           1
  -3.3891673625632406E-004   2.7031700003281930E-004          -1          -4           0
  -4.7916468202005899E-004   3.8217723854250436E-004          -1          -1           3
  -3.0798170503232108E-004   2.4564363403009202E-004          -1           0          -4
  -1.1477214640410052E-004   9.1541028895376810E-005          -1           3          -1
   6.7107875862662926E-006  -5.3528547181968914E-006           0          -4          -1
  -1.2944556221333020E-005   1.0324320791249085E-005           0          -1          -4
   6.5409147530773713E-006  -5.2171091855833763E-006           0           1           4
   2.3184901865457206E-006  -1.8490808592469473E-006           0           4           1
  -3.3220517594879088E-004   2.6496439601376596E-004           1          -3           1
  -4.5820253887721661E-004   3.6545736935757417E-004           1           0           4
  -2.9343954451662634E-004   2.3404530306303452E-004           1           1          -3
  -1.1709085043263704E-004   9.3390708338257026E-005           1           4           0
   3.0201147519645286E-004  -2.4088232138766392E-004           3          -1          -1
  -5.1477887339892417E-004   4.1058293841511633E-004           3           4           4
  -7.5663449891301697E-004   6.0348497164543820E-004           4           0           1
  -3.3033469919157063E-004   2.6347234245808408E-004           4           1           0
  -6.4075286025802808E-004   5.1105855696335131E-004           4           3           4
  -2.0504671426810130E-004   1.6354328074320192E-004           4           4           3
   1.1822215838362506E-003  -9.4293002282830763E-004          -4          -4          -2
   8.0408917453157704E-004  -6.4133570960414588E-004          -4          -2          -4
  -3.3033476000899156E-004   2.6347221324325725E-004          -4          -2           0
  -4.3845349058970428E-004   3.4970689790153793E-004          -4           0          -2
   1.2389775281816630E-003  -9.8819836924850116E-004          -2          -4          -4
  -5.7205481580240405E-004   4.5626549833204769E-004          -2          -4           0
  -3.0646003783425929E-005   2.4443601304522290E-005          -2          -2           2
  -2.9253592682342396E-004   2.3332432927065391E-004          -2           0          -4
   1.5272778280576722E-004  -1.2181426120509261E-004          -2           2          -2
  -1.4905181701263485E-004   1.1888197735467068E-004          -2           2           2
   1.1327277158124835E-005  -9.0351262543128337E-006           0          -4          -2
   6.5407672361712627E-006  -5.2170506185005437E-006           0          -2          -4
   1.6244952583867627E-005  -1.2956301074372453E-005           0           2           4
   3.0851557663702698E-006  -2.4607293891988357E-006           0           4           2
  -1.2617806718986800E-003   1.0063860042264072E-003           2          -2          -2
   5.6072653546861855E-004  -4.4723083642795518E-004           2          -2           2
   7.9559020036548973E-005  -6.3455869932022422E-005           2           0           4
   3.0416917599546264E-004  -2.4260322463919893E-004           2           2          -2
  -1.5581292834659894E-004   1.2427535276581805E-004           2           4           0
   1.3428405985076354E-004  -1.0710381058875095E-004           2           4           4
  -1.2083315340861733E-003   9.6375428021182731E-004           4           0           2
  -8.2033372291670829E-004   6.5429149155517459E-004           4           2           0
   3.2379434710122154E-004  -2.5825455862644737E-004           4           2           4
   4.4158733079898370E-004  -3.5220628382068146E-004           4           4           2
  -6.4075242732817704E-004   5.1105884346858675E-004          -4          -4          -4
   7.5446831709798231E-004  -6.0175662571619127E-004          -4           0           0
   9.0852392873322828E-011   3.0644382351555088E-010           0          -4           0
  -1.4940129598354554E-005   1.1915816551347099E-005           0           0          -4
  -1.2944449225639955E-005   1.0324296722198466E-005           0           0           4
  -5.2215588640039756E-011   1.2945758123962611E-010           0           4           0
   6.5369698292384220E-004  -5.2138330383210644E-004           4           0           0
  -7.3952824506277393E-004   5.8984090596568193E-004           4           4           4
   4.8146565046478310E-004  -3.8401278341883879E-004          -5          -3          -3
   7.5187612034121424E-006  -5.9976362305052529E-006          -5          -2          -2
   6.5991701678127717E-007  -5.2712074532870170E-007          -4          -4          -1
  -8.2033445388638977E-004   6.5429069423995044E-004          -4          -3           0
   3.4451407862069944E-004  -2.7478193387002974E-004          -4          -1          -4
  -1.8464433395922445E-004   1.4727058888139072E-004          -4           0          -3
   4.8502551971726259E-004  -3.8685206422378376E-004          -3          -5          -3
  -7.1767142878168455E-004   5.7240752499349381E-004          -3          -4           0
  -6.1638276800034099E-006   4.9157257064947868E-006          -3          -3          -5
   5.4305740887676806E-004  -4.3313714225278930E-004          -3          -3           1
  -1.4973756768454216E-005   1.1942929081395212E-005          -3           0          -4
  -5.2163479785719339E-004   4.1605125798462842E-004          -3           0           2
  -9.0148383158868110E-005   7.1901732226360330E-005          -3           1          -3
  -1.5673718899838471E-004   1.2501211314304745E-004          -3           2           0
   9.0360682471057028E-004  -7.2070911404329145E-004          -2          -5          -2
   5.5060968649761231E-004  -4.3916184708145194E-004          -2          -2          -5
  -4.7822798266902803E-004   3.8142992428575587E-004          -2           0           3
  -1.7650790530977296E-004   1.4078095778588437E-004          -2           3           0
   5.6590342298542802E-004  -4.5135972383685398E-004          -1          -4          -4
   1.6674530278400169E-004  -1.3299430107648134E-004          -1           3           3
   1.4211161372589712E-005  -1.1334746680491119E-005           0          -4          -3
   1.6244595638598996E-005  -1.2956085734058818E-005           0          -3          -4
   1.8254687575803363E-005  -1.4559696358928097E-005           0          -3           2
  -9.7980144756786074E-006   7.8149124636055112E-006           0          -2           3
   3.1038366495433374E-006  -2.4754103746012886E-006           0           2          -3
   3.4950950184053168E-006  -2.7878296894796809E-006           0           3          -2
   6.9601186245609580E-006  -5.5511865304034642E-006           0           3           4
   1.8212732909239519E-006  -1.4525940858792743E-006           0           4           3
   5.5516301716396481E-004  -4.4279349157107955E-004           1          -3          -3
   1.6271240396140631E-004  -1.2977804411737226E-004           1           4           4
  -9.2186108633161672E-004   7.3526885122132029E-004           2          -3           0
  -5.4042920033920414E-004   4.3104189249187615E-004           2           0          -3
   4.6862580708859579E-004  -3.7377137499449450E-004           2           2           5
   1.7301297103970584E-004  -1.3799365016557605E-004           2           5           2
   4.9482347397409438E-004  -3.9466735202219993E-004           3          -2           0
  -7.0346002005737486E-004   5.6107298689072097E-004           3          -1           3
   1.2839953602951246E-005  -1.0241261066325373E-005           3           0          -2
   5.5450288119191643E-004  -4.4226625986565295E-004           3           0           4
  -2.1931757510986644E-005   1.7492709569270434E-005           3           3          -1
  -5.3291045123927310E-004   4.2504446018683207E-004           3           3           5
  -9.1969453450759295E-005   7.3354264458159801E-005           3           4           0
  -1.5363338714473779E-004   1.2253675537973464E-004           3           5           3
  -2.2846419613001776E-005   1.8222501083287520E-005           4           0           3
   8.0409003595823350E-004  -6.4133424693891584E-004           4           1           4
  -3.5147392209625811E-004   2.8033286913249498E-004           4           3           0
   1.8171878105328966E-004  -1.4493738987632088E-004           4           4           1
   4.7206395109999108E-004  -3.7651382428445691E-004           5           2           2
   2.8974937718185776E-005  -2.3110181850005541E-005           5           3           3
   4.7206363994717045E-004  -3.7651419595900721E-004          -5          -3          -2
   4.0210052748203864E-004  -3.2071236010207383E-004          -5          -2          -3
   9.9643978479278979E-004  -7.9475160414988161E-004          -3          -5          -2
   3.7987079505037485E-004  -3.0298220322113993E-004          -3          -2          -5
   1.2840283443025853E-005  -1.0240967210749756E-005          -3          -1           2
   9.3289332210041371E-005  -7.4406666253889372E-005          -3           2          -1
   9.4336606935262028E-004  -7.5242059012900540E-004          -2          -5          -3
   4.6862545444555098E-004  -3.7377207518818529E-004          -2          -3          -5
  -2.9481405128492431E-005   2.3513741932604597E-005          -2           1           3
  -6.1985189640021362E-005   4.9438737752021254E-005          -2           3           1
   7.1121702680928850E-005  -5.6725830666304489E-005          -1          -3           2
   3.0735112206655428E-005  -2.4513889546300746E-005          -1           2          -3
   3.1934090779852639E-005  -2.5470506359535179E-005           1          -2           3
   3.3809482302894862E-005  -2.6966420458420365E-005           1           3          -2
  -9.6450517705908728E-004   7.6928159335822694E-004           2          -3          -1
  -4.7822748336262137E-004   3.8143037158003783E-004           2          -1          -3
   1.3683537325614954E-005  -1.0913860958043123E-005           2           3           5
   5.9479826024161300E-005  -4.7440526264827906E-005           2           5           3
   1.0144872980337421E-003  -8.0914664163144671E-004           3          -2           1
   3.8841688627657268E-004  -3.0979826786819618E-004           3           1          -2
  -6.1636046095341973E-006   4.9163348643109154E-006           3           2           5
   9.2720249598386562E-005  -7.3952856258413917E-005           3           5           2
   4.8146580486639265E-004  -3.8401247073087283E-004           5           2           3
   4.0935194851165232E-004  -3.2649548506719713E-004           5           3           2
   2.8975130804347364E-005  -2.3109949868683524E-005          -5          -4          -3
  -1.6857261399202679E-004   1.3445224201430773E-004          -5          -3          -4
  -4.5618773439475799E-004   3.6385080202284888E-004          -5          -2          -1
  -2.2123627101871380E-004   1.7645582365539292E-004          -5          -1          -2
  -2.0504646221592831E-004   1.6354340746076688E-004          -4          -5          -3
  -4.1590122615440639E-004   3.3171923684025472E-004          -4          -3          -5
   6.3328076403636809E-004  -5.0509866617896577E-004          -4          -1           1
   2.3040724601657557E-004  -1.8377067133489814E-004          -4           1          -1
  -5.1477862211961605E-004   4.1058278559859989E-004          -3          -5          -4
  -5.3291024656971359E-004   4.2504440402263215E-004          -3          -4          -5
  -4.4647539927052528E-004   3.5610459547378464E-004          -3           1           2
  -2.9347219801076796E-004   2.3407077676783464E-004          -3           2           1
   6.0414193169463960E-005  -4.8186269597753412E-005          -2          -5          -1
   2.3881635166807339E-004  -1.9047762387176126E-004          -2          -1          -5
  -5.4042955685248690E-004   4.3104152480266975E-004          -2          -1           3
   0.0000000000000000        0.0000000000000000               -2           3          -1
   1.7824193641808301E-004  -1.4216427501775308E-004          -1          -5          -2
   1.1198513226997174E-004  -8.9317970820149828E-005          -1          -4           1
   1.9335697879026238E-004  -1.5421964665305238E-004          -1          -2          -5
  -2.9343991650421111E-004   2.3404483279208723E-004          -1          -2           3
  -7.0202444722409496E-005   5.5992724157118692E-005          -1           1          -4
   2.3422115099300318E-004  -1.8681265798323868E-004          -1           1           4
   0.0000000000000000        0.0000000000000000               -1           3          -2
   0.0000000000000000        0.0000000000000000               -1           4           1
   1.7722078876358888E-004  -1.4134970088134773E-004           1          -4          -1
   1.1680657409643390E-004  -9.3163827701671988E-005           1          -3           2
   1.7178327046064802E-004  -1.3701296456011830E-004           1          -1          -4
  -3.0798179977331071E-004   2.4564338615266364E-004           1          -1           4
  -5.9828421549943245E-005   4.7718768929722947E-005           1           2          -3
   2.4602879463585887E-004  -1.9623025181511478E-004           1           2           5
   0.0000000000000000        0.0000000000000000                1           4          -1
   0.0000000000000000        0.0000000000000000                1           5           2
  -6.6256855866387036E-005   5.2845987478555136E-005           2          -3           1
  -2.2559408931644304E-004   1.7993204223455258E-004           2           1          -3
   5.5060993069005690E-004  -4.3916130592878868E-004           2           1           5
   0.0000000000000000        0.0000000000000000                2           5           1
  -5.1302820838458997E-004   4.0918686923973642E-004           3          -2          -1
  -5.2163482488242591E-004   4.1605142416046193E-004           3          -1          -2
  -4.4683045382304870E-004   3.5638793180314029E-004           3           4           5
  -2.9023582164867468E-004   2.3148956181777072E-004           3           5           4
   2.2133875798399581E-004  -1.7653803658810587E-004           4          -1           1
   4.1460137365741145E-004  -3.3068242471497456E-004           4           1          -1
  -6.2797093947192164E-004   5.0086378517641460E-004           4           3           5
  -2.2326992311794231E-004   1.7807817896914080E-004           4           5           3
   7.5191384253030384E-006  -5.9970265289083217E-006           5           1           2
  -1.8168012884961924E-004   1.4490653572379756E-004           5           2           1
  -4.3992364678831057E-004   3.5087900342497695E-004           5           3           4
  -2.0765912673273863E-004   1.6562704010103719E-004           5           4           3
  -4.3992336648133085E-004   3.5087941981099474E-004          -5          -4          -4
   4.0935202406372484E-004  -3.2649545978465349E-004          -5          -4          -2
  -1.8168034331976756E-004   1.4490631894739674E-004          -5          -3          -1
   6.1126814204191695E-005  -4.8754340740230778E-005          -5          -2          -4
   5.6835426687350654E-005  -4.5331642572872722E-005          -5          -1          -3
  -2.7170149004453100E-004   2.1670655148415806E-004          -5          -1          -1
  -7.3952786857817013E-004   5.8984131116160995E-004          -4          -5          -4
   4.4158747909346120E-004  -3.5220602788252862E-004          -4          -5          -2
  -6.2797063317480896E-004   5.0086421946121695E-004          -4          -4          -5
  -5.0692528828486212E-005   4.0431664919054962E-005          -4          -2          -5
   4.1460150724365193E-004  -3.3068224693328990E-004          -4          -2           1
   3.0850562966546787E-004  -2.4606103042295707E-004          -4           0           1
   0.0000000000000000        0.0000000000000000               -4           1          -2
   0.0000000000000000        0.0000000000000000               -4           1           0
   2.7711463516961348E-004  -2.2102450814286218E-004          -3          -5          -1
   3.8841731643819743E-004  -3.0979782486408849E-004          -3          -2           2
   2.3257586137144550E-004  -1.8550064075116042E-004          -3          -1          -5
   0.0000000000000000        0.0000000000000000               -3           2          -2
   1.3428404720963527E-004  -1.0710403517612615E-004          -2          -5          -4
   1.3683523331972390E-005  -1.0914285732139962E-005          -2          -4          -5
   8.6948471046722077E-005  -6.9348956949766676E-005          -2          -4           1
   3.0416963464351951E-004  -2.4260261969855177E-004          -2          -3           2
   0.0000000000000000        0.0000000000000000               -2           1          -4
   0.0000000000000000        0.0000000000000000               -2           2          -3
   1.6769815420679019E-004  -1.3375472835271021E-004          -2           2           3
   0.0000000000000000        0.0000000000000000               -2           3           2
   3.7343993522614575E-004  -2.9785233203030785E-004          -1          -5          -3
  -1.4960230143436356E-004   1.1932105575715045E-004          -1          -5          -1
   2.4602862504993610E-004  -1.9623036517813042E-004          -1          -3          -5
   4.3687041176426042E-005  -3.4844108926069967E-005          -1          -1          -5
   1.7178321052152708E-004  -1.3701279624325191E-004          -1           0           4
   1.0866809338786791E-004  -8.6672445264931384E-005          -1           2           4
   0.0000000000000000        0.0000000000000000               -1           4           0
   0.0000000000000000        0.0000000000000000               -1           4           2
   3.0221764050347994E-006  -2.4100725505319572E-006           0          -4           1
  -1.4940018067217384E-005   1.1916026775427896E-005           0          -1           4
   0.0000000000000000        0.0000000000000000                0           1          -4
   0.0000000000000000        0.0000000000000000                0           4          -1
   3.7720534109215867E-004  -3.0085596140519991E-004           1          -4          -2
  -1.5262401263365914E-004   1.2173210215351802E-004           1          -4           0
   2.3422111124986737E-004  -1.8681278279330938E-004           1          -2          -4
   3.2197550379998097E-005  -2.5680589949448917E-005           1           0          -4
   1.9335701373692049E-004  -1.5421979963924814E-004           1           1           5
   1.0845687096778348E-004  -8.6504346827274593E-005           1           3           5
   0.0000000000000000        0.0000000000000000                1           5           1
   0.0000000000000000        0.0000000000000000                1           5           3
  -1.4905130374079343E-004   1.1888237038719209E-004           2          -3          -2
  -2.9480981056425201E-005   2.3513922284670513E-005           2          -2          -3
  -1.0009084037134533E-004   7.9831345966897426E-005           2          -2           3
  -2.9253617481036576E-004   2.3332385387604600E-004           2          -1           4
   0.0000000000000000        0.0000000000000000                2           3          -2
   0.0000000000000000        0.0000000000000000                2           4          -1
  -1.7354526958567008E-004   1.3841812779922123E-004           2           4           5
   0.0000000000000000        0.0000000000000000                2           5           4
   2.8649141155827790E-004  -2.2850340070897237E-004           3          -2           2
   3.7987125036658228E-004  -3.0298139261145855E-004           3           1           5
   2.3038059328814528E-004  -1.8374967738867711E-004           3           2          -2
   0.0000000000000000        0.0000000000000000                3           5           1
   7.5446786912691539E-004  -6.0175715419272919E-004           4          -1           0
  -4.3845356888941691E-004   3.4970665058266318E-004           4          -1           2
   6.3328032896546767E-004  -5.0509911351285489E-004           4           0          -1
   4.7330198784031224E-005  -3.7750063293160239E-005           4           2          -1
  -4.1590129377510709E-004   3.3171923880024256E-004           4           2           5
  -3.0389914693533461E-004   2.4238705809031795E-004           4           4           5
   0.0000000000000000        0.0000000000000000                4           5           2
   0.0000000000000000        0.0000000000000000                4           5           4
  -4.5618738513025022E-004   3.6385117717976088E-004           5           1           1
   4.0210085536919894E-004  -3.2071174341628171E-004           5           1           3
  -1.6857263384076454E-004   1.3445215095468500E-004           5           2           4
   5.7975331268822283E-005  -4.6240694958705157E-005           5           3           1
   6.4877513393526255E-005  -5.1745699661269730E-005           5           4           2
  -2.6481865329880828E-004   2.1121683833591189E-004           5           4           4
  -3.5147435933957204E-004   2.8033241157633020E-004          -4          -4           0
   0.0000000000000000        0.0000000000000000               -4           0          -4
   6.9598821410258739E-006  -5.5510522987888482E-006           0          -4          -4
   0.0000000000000000        0.0000000000000000                0           4           4
   3.4451424934738695E-004  -2.7478132064800520E-004           4           0           4
   0.0000000000000000        0.0000000000000000                4           4           0
  -2.0765903792126567E-004   1.6562706179989293E-004          -5          -5          -3
   0.0000000000000000        0.0000000000000000               -5          -3          -5
   0.0000000000000000        0.0000000000000000               -5          -2           0
   0.0000000000000000        0.0000000000000000               -5           0          -2
  -4.4683025100120431E-004   3.5638802030313603E-004          -3          -5          -5
   0.0000000000000000        0.0000000000000000               -3           2           2
  -1.5581311293631661E-004   1.2427490338946641E-004          -2          -5           0
  -2.2559417350997898E-004   1.7993187512758998E-004          -2          -2           3
   0.0000000000000000        0.0000000000000000               -2           0          -5
   0.0000000000000000        0.0000000000000000               -2           3          -2
   3.0850421790269995E-006  -2.4609174087715734E-006           0          -5          -2
   0.0000000000000000        0.0000000000000000                0          -2          -5
   0.0000000000000000        0.0000000000000000                0           2           5
   0.0000000000000000        0.0000000000000000                0           5           2
   1.5272775145875239E-004  -1.2181441522424619E-004           2          -3           2
   2.3881620973895389E-004  -1.9047773468510156E-004           2           0           5
   0.0000000000000000        0.0000000000000000                2           2          -3
   0.0000000000000000        0.0000000000000000                2           5           0
  -4.4647526681615391E-004   3.5610477221722272E-004           3          -2          -2
  -2.2123617877311508E-004   1.7645598855863174E-004           5           0           2
   0.0000000000000000        0.0000000000000000                5           2           0
  -2.6481842491935241E-004   2.1121706458387553E-004          -5          -5          -4
   0.0000000000000000        0.0000000000000000               -5          -4          -5
   5.7975372839776996E-005  -4.6240643910497985E-005          -5          -4          -1
   0.0000000000000000        0.0000000000000000               -5          -1          -4
   0.0000000000000000        0.0000000000000000               -5          -1           0
   0.0000000000000000        0.0000000000000000               -5           0          -1
  -3.0389888908357638E-004   2.4238737568524121E-004          -4          -5          -5
   1.8171888246301638E-004  -1.4493731508172792E-004          -4          -5          -1
   4.7330090605245782E-005  -3.7750168785145307E-005          -4          -3           1
   0.0000000000000000        0.0000000000000000               -4          -1          -5
   0.0000000000000000        0.0000000000000000               -4           1          -3
   0.0000000000000000        0.0000000000000000               -4           1           1
  -2.1931886619559909E-005   1.7492618080783631E-005          -3          -4           1
   0.0000000000000000        0.0000000000000000               -3           1          -4
   1.6271241737069930E-004  -1.2977806290985367E-004          -1          -5          -4
  -1.1709095850783417E-004   9.3390416049509052E-005          -1          -5           0
   1.0845689231786484E-004  -8.6504438772594955E-005          -1          -4          -5
   3.2197477436989287E-005  -2.5680539341917642E-005          -1          -1           4
   0.0000000000000000        0.0000000000000000               -1           0          -5
   0.0000000000000000        0.0000000000000000               -1           3           4
   0.0000000000000000        0.0000000000000000               -1           4          -1
   0.0000000000000000        0.0000000000000000               -1           4           3
   2.3183519082311237E-006  -1.8494410680158966E-006           0          -5          -1
   0.0000000000000000        0.0000000000000000                0          -1          -5
   0.0000000000000000        0.0000000000000000                0           1           5
   0.0000000000000000        0.0000000000000000                0           5           1
   1.6674505004996376E-004  -1.3299451464885676E-004           1          -4          -3
  -1.1477194503473737E-004   9.1541435939103416E-005           1          -4           1
   1.0866790495569073E-004  -8.6672556100395523E-005           1          -3          -4
   4.3687000083588752E-005  -3.4844343993405979E-005           1           0           5
   0.0000000000000000        0.0000000000000000                1           1          -4
   0.0000000000000000        0.0000000000000000                1           4           5
   0.0000000000000000        0.0000000000000000                1           5           0
   0.0000000000000000        0.0000000000000000                1           5           4
  -1.4973839899540678E-005   1.1942826589645642E-005           3          -1           4
   0.0000000000000000        0.0000000000000000                3           4          -1
   3.0850539610415668E-004  -2.4606123006259533E-004           4          -1          -1
  -1.8464432790160233E-004   1.4727060987302157E-004           4          -1           3
  -5.0692324059034695E-005   4.0432075817870992E-005           4           1           5
   0.0000000000000000        0.0000000000000000                4           3          -1
   0.0000000000000000        0.0000000000000000                4           5           1
  -2.7170140226365062E-004   2.1670657814238837E-004           5           0           1
   0.0000000000000000        0.0000000000000000                5           1           0
   6.1126985449104694E-005  -4.8753992966073541E-005           5           1           4
   0.0000000000000000        0.0000000000000000                5           4           1
   0.0000000000000000        0.0000000000000000               -6          -3          -3
   6.4877538967838359E-005  -5.1745742027336040E-005          -5          -5          -2
   0.0000000000000000        0.0000000000000000               -5          -3           0
   0.0000000000000000        0.0000000000000000               -5          -2          -5
   0.0000000000000000        0.0000000000000000               -5           0          -3
  -1.5363347064571210E-004   1.2253654113184259E-004          -3          -6          -3
  -9.1969629312053450E-005   7.3353990474271788E-005          -3          -5           0
   0.0000000000000000        0.0000000000000000               -3          -3          -6
   2.3038080454748053E-004  -1.8374948420924055E-004          -3          -3           2
   0.0000000000000000        0.0000000000000000               -3           0          -5
   0.0000000000000000        0.0000000000000000               -3           0           3
   0.0000000000000000        0.0000000000000000               -3           2          -3
   0.0000000000000000        0.0000000000000000               -3           3           0
  -1.7354522048971453E-004   1.3841789872753204E-004          -2          -5          -5
   0.0000000000000000        0.0000000000000000               -2           3           3
   1.8211937744694442E-006  -1.4525001635126954E-006           0          -5          -3
   0.0000000000000000        0.0000000000000000                0          -3          -5
   3.1037569882575345E-006  -2.4755794368180466E-006           0          -3           3
   0.0000000000000000        0.0000000000000000                0           3          -3
   0.0000000000000000        0.0000000000000000                0           3           5
   0.0000000000000000        0.0000000000000000                0           5           3
   1.6769838023672896E-004  -1.3375470252989567E-004           2          -3          -3
  -1.5673717616245368E-004   1.2501209405180880E-004           3          -3           0
  -9.0148353501794533E-005   7.1901515434669177E-005           3          -2           3
   0.0000000000000000        0.0000000000000000                3           0          -3
   2.3257582633335656E-004  -1.8550045389824924E-004           3           0           5
   0.0000000000000000        0.0000000000000000                3           3          -2
   0.0000000000000000        0.0000000000000000                3           5           0
   5.6835405430668713E-005  -4.5331516559132014E-005           5           0           3
   0.0000000000000000        0.0000000000000000                5           3           0
   0.0000000000000000        0.0000000000000000               -6          -4          -3
   0.0000000000000000        0.0000000000000000               -6          -3          -4
   0.0000000000000000        0.0000000000000000               -6          -3          -2
   0.0000000000000000        0.0000000000000000               -6          -2          -3
   0.0000000000000000        0.0000000000000000               -5          -5          -5
   0.0000000000000000        0.0000000000000000               -5           0           0
  -2.2326994722157359E-004   1.7807801707872277E-004          -4          -6          -3
   0.0000000000000000        0.0000000000000000               -4          -3          -6
   0.0000000000000000        0.0000000000000000               -4          -1           2
   0.0000000000000000        0.0000000000000000               -4           2          -1
  -2.9023577195948637E-004   2.3148941713676836E-004          -3          -6          -4
   9.2720213918480782E-005  -7.3952796957108745E-005          -3          -6          -2
   0.0000000000000000        0.0000000000000000               -3          -4          -6
   0.0000000000000000        0.0000000000000000               -3          -2          -6
   0.0000000000000000        0.0000000000000000               -3          -1           3
   0.0000000000000000        0.0000000000000000               -3           1           3
   0.0000000000000000        0.0000000000000000               -3           3          -1
   0.0000000000000000        0.0000000000000000               -3           3           1
   5.9479746767205437E-005  -4.7440563313111563E-005          -2          -6          -3
   0.0000000000000000        0.0000000000000000               -2          -3          -6
   0.0000000000000000        0.0000000000000000               -2           1           4
   0.0000000000000000        0.0000000000000000               -2           4           1
   3.3809587604969254E-005  -2.6966147473586984E-005          -1          -4           2
  -5.9828497907362818E-005   4.7718621648170704E-005          -1          -3           3
   0.0000000000000000        0.0000000000000000               -1           2          -4
   0.0000000000000000        0.0000000000000000               -1           3          -3
  -1.2437118282125291E-010  -8.9104968657245358E-011           0          -5           0
   0.0000000000000000        0.0000000000000000                0           0          -5
   0.0000000000000000        0.0000000000000000                0           0           5
   0.0000000000000000        0.0000000000000000                0           5           0
   3.0735083672965213E-005  -2.4514029032714434E-005           1          -3           3
  -7.0202331523857266E-005   5.5992823321735538E-005           1          -2           4
   0.0000000000000000        0.0000000000000000                1           3          -3
   0.0000000000000000        0.0000000000000000                1           4          -2
  -6.1985044434439225E-005   4.9438992810638615E-005           2          -4          -1
   0.0000000000000000        0.0000000000000000                2          -1          -4
  -2.9347217611112918E-004   2.3407078902494441E-004           3          -3          -1
   9.3289226787687839E-005  -7.4406879577549757E-005           3          -3           1
   0.0000000000000000        0.0000000000000000                3          -1          -3
   0.0000000000000000        0.0000000000000000                3           1          -3
   2.3040721570383567E-004  -1.8377071846048697E-004           4          -2           1
   0.0000000000000000        0.0000000000000000                4           1          -2
   0.0000000000000000        0.0000000000000000                5           0           0
   0.0000000000000000        0.0000000000000000               -6          -4          -4
   0.0000000000000000        0.0000000000000000               -6          -2          -2
   0.0000000000000000        0.0000000000000000               -4          -6          -4
   0.0000000000000000        0.0000000000000000               -4          -4          -6
   0.0000000000000000        0.0000000000000000               -4           0           2
   0.0000000000000000        0.0000000000000000               -4           2           0
   1.7301296886406434E-004  -1.3799341606304317E-004          -2          -6          -2
   0.0000000000000000        0.0000000000000000               -2          -2          -6
   0.0000000000000000        0.0000000000000000               -2           0           4
   0.0000000000000000        0.0000000000000000               -2           4           0
   3.4951648793957857E-006  -2.7876078668007046E-006           0          -4           2
   0.0000000000000000        0.0000000000000000                0          -2           4
   0.0000000000000000        0.0000000000000000                0           2          -4
   0.0000000000000000        0.0000000000000000                0           4          -2
  -1.7650775367854799E-004   1.4078130616511638E-004           2          -4           0
   0.0000000000000000        0.0000000000000000                2           0          -4
   0.0000000000000000        0.0000000000000000                4          -2           0
   0.0000000000000000        0.0000000000000000                4           0          -2
   0.0000000000000000        0.0000000000000000               -6          -4          -2
   0.0000000000000000        0.0000000000000000               -6          -2          -4
   0.0000000000000000        0.0000000000000000               -4          -6          -2
   0.0000000000000000        0.0000000000000000               -4          -2          -6
   0.0000000000000000        0.0000000000000000               -4          -2           2
   0.0000000000000000        0.0000000000000000               -4           2          -2
   0.0000000000000000        0.0000000000000000               -2          -6          -4
   0.0000000000000000        0.0000000000000000               -2          -4          -6
   0.0000000000000000        0.0000000000000000               -2          -4           2
   0.0000000000000000        0.0000000000000000               -2           2          -4
   0.0000000000000000        0.0000000000000000                2          -4          -2
   0.0000000000000000        0.0000000000000000                2          -2          -4
   0.0000000000000000        0.0000000000000000               -5          -5          -1
   0.0000000000000000        0.0000000000000000               -5          -4           0
   0.0000000000000000        0.0000000000000000               -5          -1          -5
   0.0000000000000000        0.0000000000000000               -5           0          -4
   0.0000000000000000        0.0000000000000000               -4          -5           0
   0.0000000000000000        0.0000000000000000               -4          -4           1
   0.0000000000000000        0.0000000000000000               -4           0          -5
   0.0000000000000000        0.0000000000000000               -4           1          -4
   0.0000000000000000        0.0000000000000000               -1          -5          -5
   0.0000000000000000        0.0000000000000000                0          -5          -4
   0.0000000000000000        0.0000000000000000                0          -4          -5
   0.0000000000000000        0.0000000000000000                1          -4          -4
