         718          24          24          24
   1.2817650664948536E-008   1.0985089655686069E-009           0           0           0
  0.46052651152342661        1.5692861243611467E-002          -1          -1          -1
 -0.15456174983727433       -5.2665805606037994E-003          -1           0           0
  -1.3773629420050819E-008   4.7009263134483254E-009           0          -1           0
  -1.5363181528893976E-004  -5.2160431899402908E-006           0           0          -1
   4.5732854827058731E-004   1.5593289755016352E-005           0           0           1
   4.9940274278991564E-009   4.6909455753706862E-009           0           1           0
  0.46006915903807105        1.5677260669478499E-002           1           0           0
 -0.15471540005246212       -5.2718168550128300E-003           1           1           1
 -0.46006918247814227       -1.5676580321322284E-002          -1          -1           0
   4.0081712193896141E-002   1.3657833884388485E-003          -1           0          -1
  -4.5733074028158943E-004  -1.5580973852095587E-005           0          -1          -1
   3.9809300539558827E-005   1.3569967025814847E-006           0           1           1
 -0.46052653497753138       -1.5692151961819140E-002           1           0           1
   4.0041902711486568E-002   1.3644231137534008E-003           1           1           0
   7.0024473032244253E-002   2.3861136458359772E-003          -2          -1          -1
  0.15471539549394145        5.2720850461478071E-003          -1          -2          -1
   5.8363930035776806E-002   1.9888516401985138E-003          -1          -1          -2
  -1.1614262116512364E-002  -3.9567851135974795E-004          -1           0           1
  -1.0318839824067999E-002  -3.5159979652915011E-004          -1           1           0
   1.5363079098141037E-004   5.2469076516392156E-006           0          -1           1
  -1.0254957038105486E-005  -3.4529641345019241E-007           0           1          -1
  0.15456173773527268        5.2668381684423463E-003           1          -1           0
   5.8282777036074311E-002   1.9860873040934111E-003           1           0          -1
  -1.1741760701990633E-002  -4.0002211256495333E-004           1           1           2
  -1.0329101140077656E-002  -3.5195199628223453E-004           1           2           1
  -6.9978130919963175E-002  -2.3845298351197249E-003           2           1           1
   6.9978133739455800E-002   2.3844977627303175E-003          -2          -2          -1
   1.5469181129069952E-003   5.2757476577317442E-005          -2          -1          -2
  -3.6177430272489756E-002  -1.2327718348815056E-003          -2          -1           0
   1.3228594954172605E-002   4.5076514389104068E-004          -2           0          -1
   1.1741758987727040E-002   4.0018190961814675E-004          -1          -2          -2
  -4.0041903321984595E-002  -1.3644440361570923E-003          -1          -2           0
  -5.8282784798694191E-002  -1.9858990140354579E-003          -1          -1           1
   2.0381741529418039E-002   6.9452070500134605E-004          -1           0          -2
   9.7904094202259711E-004   3.3357361800690372E-005          -1           1          -1
   7.1805034205056255E-003   2.4468804832543270E-004          -1           1           1
  -3.9805624379506732E-005  -1.3566839475739143E-006           0          -2          -1
  -3.5963167867881103E-005  -1.2224888593061296E-006           0          -1          -2
  -1.5340139104105991E-006  -5.2468084418805042E-008           0           1           2
   9.7254970151490623E-007   3.2701054686598032E-008           0           2           1
   1.1614255911829562E-002   3.9583751009326148E-004           1          -1          -1
  -4.0081714973156664E-002  -1.3657947936409117E-003           1          -1           1
  -5.8363932583515417E-002  -1.9886665855916568E-003           1           0           2
   2.0375729957757906E-002   6.9431607757571793E-004           1           1          -1
   9.7806764347342537E-004   3.3322164479704640E-005           1           2           0
   7.1471230148164250E-003   2.4355142205092508E-004           1           2           2
  -7.0024474635176095E-002  -2.3860740322872269E-003           2           0           1
  -1.5453808821774223E-003  -5.2703241458473523E-005           2           1           0
   3.6213393266573690E-002   1.2340002970375056E-003           2           1           2
  -1.3201231066378437E-002  -4.4983256847821876E-004           2           2           1
  -3.6213393272166487E-002  -1.2339556353910411E-003          -2          -2          -2
  -1.9152172339496062E-002  -6.5260369877247724E-004          -2           0           0
   2.7961200671024601E-009  -5.2892229036077261E-009           0          -2           0
  -1.9038475243654264E-005  -6.4553422758723033E-007           0           0          -2
   3.5965346771851060E-005   1.2251004627241832E-006           0           0           2
   2.2950019568206452E-010   4.6056433226695719E-010           0           2           0
   3.6177430226124511E-002   1.2327254162093409E-003           2           0           0
   1.9171211028191370E-002   6.5325353147339168E-004           2           2           2
   1.5453832220955323E-003   5.2616223963909659E-005          -2          -2           0
   5.8043660560162429E-003   1.9779491632118825E-004          -2           0          -2
   1.5360903535488168E-006   5.3881033083370057E-008           0          -2          -2
  -5.7640077956450078E-006  -1.9603996012035366E-007           0           2           2
  -1.5469195205769853E-003  -5.2664823445593026E-005           2           0           2
  -5.7986011943677073E-003  -1.9759838217111030E-004           2           2           0
  -1.1703760300218920E-002  -3.9881286470562841E-004          -3          -2          -2
   4.5256770435850181E-003   1.5420707691924350E-004          -3          -1          -1
  -1.9171211109098699E-002  -6.5327200223069251E-004          -2          -3          -2
  -2.2212851618394796E-002  -7.5691875138704772E-004          -2          -2          -3
  -7.5289443770021171E-003  -2.5652934123350643E-004          -2           0           1
  -1.3544135453198605E-003  -4.6145796281332307E-005          -2           1           0
   1.0329098880454893E-002   3.5198047216121161E-004          -1          -3          -1
  -2.9927973468314474E-003  -1.0196772290929222E-004          -1          -1          -3
   1.0541612048536524E-002   3.5921360374085694E-004          -1           0           2
  -4.9345687805180095E-004  -1.6812674749434252E-005          -1           2           0
   1.0256449094463442E-005   3.5120125774524238E-007           0          -2           1
   1.9037696484931138E-005   6.4944600103715593E-007           0          -1           2
  -1.3467273830622293E-006  -4.4636318983045202E-008           0           1          -2
  -4.9032092168873537E-007  -1.6198385291553165E-008           0           2          -1
   1.0318839357880154E-002   3.5162999003389450E-004           1          -2           0
  -3.0047817266196735E-003  -1.0237349226184338E-004           1           0          -2
   1.0507929663547189E-002   3.5806846128222814E-004           1           1           3
  -4.9394810727210301E-004  -1.6830087503246836E-005           1           3           1
   1.9152171611471182E-002   6.5261899757011787E-004           2          -1           0
   2.2211695904610813E-002   7.5687607363732548E-004           2           0          -1
   7.5304661008160998E-003   2.5658222981870507E-004           2           2           3
   1.3557596793368062E-003   4.6192225851847770E-005           2           3           2
  -1.1671233002503389E-002  -3.9770061852231753E-004           3           1           1
   4.5361387412402240E-003   1.5456335623882287E-004           3           2           2
   1.1671233858761478E-002   3.9769424583992966E-004          -3          -2          -1
  -7.3847188128543326E-003  -2.5163099975619870E-004          -3          -1          -2
   1.3201231085648335E-002   4.4983367282889087E-004          -2          -3          -1
  -1.3295237190418053E-002  -4.5303032197925109E-004          -2          -1          -3
  -2.2211697347011880E-002  -7.5685362601760498E-004          -2          -1           1
   2.7016784438786325E-003   9.2058739321040049E-005          -2           1          -1
  -7.1471236801047833E-003  -2.4352828429053167E-004          -1          -3          -2
  -1.0507929268888522E-002  -3.5805283481163104E-004          -1          -2          -3
  -2.0375730689170823E-002  -6.9429461892828387E-004          -1          -2           1
   4.1289835835682390E-003   1.4069415670359511E-004          -1           1          -2
   5.9296099990821197E-003   2.0204835669129892E-004          -1           1           2
   1.4328273165223001E-003   4.8823091393953633E-005          -1           2           1
  -7.1805041461574723E-003  -2.4466392008134705E-004           1          -2          -1
  -1.0541612623694954E-002  -3.5919678720661369E-004           1          -1          -2
  -2.0381741879125472E-002  -6.9450105087728517E-004           1          -1           2
   4.1277226503305224E-003   1.4065060850788891E-004           1           2          -1
   5.9090716514045086E-003   2.0135094959585040E-004           1           2           3
   1.4260429467802078E-003   4.8592341834584373E-005           1           3           2
  -1.3228594755492864E-002  -4.5076759164338741E-004           2          -1           1
   1.3293791642743356E-002   4.5297958481407699E-004           2           1          -1
   2.2212851557543174E-002   7.5689597459879885E-004           2           1           3
  -2.6961567328200970E-003  -9.1870484968691046E-005           2           3           1
   1.1703760526386787E-002   3.9880424316737079E-004           3           1           2
  -7.3656287783329380E-003  -2.5097949561115576E-004           3           2           1
  -4.5361392279844332E-003  -1.5457653640907039E-004          -3          -3          -2
  -5.0290800941549946E-003  -1.7138125460882335E-004          -3          -2          -3
  -3.4354797887961113E-003  -1.1707865558900957E-004          -3          -1           0
  -2.2619428306235376E-004  -7.7110384306678967E-006          -3           0          -1
  -7.5304665588889590E-003  -2.5662225102009487E-004          -2          -3          -3
   1.7652314606677671E-003   6.0159001166941819E-005          -2           1           1
  -9.7806769941494480E-004  -3.3333092134693999E-005          -1          -3           0
   3.0047798844061000E-003   1.0240180780698614E-004          -1          -1           2
   1.5357602096041213E-003   5.2335345580553140E-005          -1           0          -3
  -1.9010136218380422E-004  -6.4776881184685432E-006          -1           2          -1
  -9.7195837152703242E-007  -3.3157896267848419E-008           0          -3          -1
  -3.4148100365934159E-006  -1.1636488788502021E-007           0          -1          -3
  -4.9935878475606575E-006  -1.6964756610574698E-007           0           1           3
  -1.8891252007953941E-007  -6.5692666544955254E-009           0           3           1
  -9.7904140161508293E-004  -3.3364802508666807E-005           1          -2           1
   2.9927986467529143E-003   1.0199332776176563E-004           1           0           3
   1.5377387823130892E-003   5.2403950102635096E-005           1           1          -2
  -1.8991270121030096E-004  -6.4718352179157432E-006           1           3           0
   7.5289427815412417E-003   2.5656866876247139E-004           2          -1          -1
  -1.7639312203676298E-003  -6.0114856399266553E-005           2           3           3
  -4.5256765525541146E-003  -1.5421795048546486E-004           3           0           1
  -5.0240843979862011E-003  -1.7120897251895356E-004           3           1           0
  -3.4388948379078586E-003  -1.1719623798160542E-004           3           2           3
  -2.2947458287123800E-004  -7.8231914683579831E-006           3           3           2
   3.4388944754817404E-003   1.1716609743266126E-004          -3          -3          -3
   7.3656282930874128E-003   2.5098814179040185E-004          -3          -3          -1
   5.0240852070395602E-003   1.7118279933721683E-004          -3          -2           0
  -6.5503266120486925E-003  -2.2320567364097219E-004          -3          -1          -3
  -2.2292328746336201E-003  -7.5959024927766512E-005          -3           0          -2
  -3.9373380221830083E-003  -1.3416944872166763E-004          -3           0           0
   5.7986018772467358E-003   1.9757765907575642E-004          -2          -3           0
  -1.3293790981321378E-002  -4.5299370503844565E-004          -2          -2           1
  -2.7883187612390845E-003  -9.5007455395238697E-005          -2           0          -3
   2.5995809741901398E-003   8.8581070454205957E-005          -2           1          -2
  -5.9090718911144870E-003  -2.0135623835519059E-004          -1          -3          -3
   5.6241325362511494E-004   1.9161145776233344E-005          -1           2           2
   5.7647811859619771E-006   1.9644890880269871E-007           0          -3          -2
   2.7504263053604565E-010  -1.0739710943284646E-009           0          -3           0
   4.9946149483757438E-006   1.6982741906264972E-007           0          -2          -3
  -3.9138946625004307E-006  -1.3310527972593130E-007           0           0          -3
   3.4164230382982360E-006   1.1570087083103312E-007           0           0           3
  -6.5050491425698170E-006  -2.2088505855309799E-007           0           2           3
  -1.0069389746249623E-011  -1.0324979215472345E-010           0           3           0
  -2.5817176377301760E-006  -8.7745430817528004E-008           0           3           2
  -5.9296097685678558E-003  -2.0205356217308803E-004           1          -2          -2
   5.5742973737489977E-004   1.8991857288104555E-005           1           3           3
  -5.8043655333222628E-003  -1.9777422795571697E-004           2          -1           2
   1.3295237452352865E-002   4.5304536365133909E-004           2           0           3
   2.7866627192811265E-003   9.4950278246216978E-005           2           2          -1
  -2.5969994515264187E-003  -8.8493068257086758E-005           2           3           0
   3.4354809341503698E-003   1.1704979991017568E-004           3           0           0
   7.3847186707750737E-003   2.5164100803027429E-004           3           0           2
   5.0290798666297936E-003   1.7135293914259816E-004           3           1           3
  -6.5438212138039520E-003  -2.2298269190655661E-004           3           2           0
  -2.2259074778071433E-003  -7.5845577814720065E-005           3           3           1
  -3.9412520585352401E-003  -1.3430392810430457E-004           3           3           3
   5.1735120545951831E-004   1.7628680081163654E-005          -4          -2          -2
  -1.3557600141250450E-003  -4.6203602622827702E-005          -2          -4          -2
  -2.0308260397290641E-003  -6.9208103534194366E-005          -2          -2          -4
   2.5527284058167949E-003   8.6992361569952997E-005          -2           0           2
   3.4612974199055063E-004   1.1796099030282476E-005          -2           2           0
   1.3458798218286926E-006   4.6471181192208943E-008           0          -2           2
   3.4390423120888039E-007   1.2015547039625225E-008           0           2          -2
   1.3544126699805549E-003   4.6156995509196070E-005           2          -2           0
   2.0338769992393757E-003   6.9311812181805060E-005           2           0          -2
  -2.5512258762482947E-003  -8.6941544174869980E-005           2           2           4
  -3.4647377461880717E-004  -1.1807718755201682E-005           2           4           2
  -5.2190647511950509E-004  -1.7785230336643754E-005           4           2           2
   5.2190617381178337E-004   1.7783314429968325E-005          -4          -3          -2
   2.3177698512742840E-003   7.8974185915328210E-005          -4          -2          -3
   3.5081391851448681E-003   1.1954289414394035E-004          -4          -2          -1
  -7.2757354445396674E-004  -2.4791363433106906E-005          -4          -1          -2
   2.2947412766307279E-004   7.8159329795258426E-006          -3          -4          -2
   2.9739048472766385E-003   1.0132955177520923E-004          -3          -2          -4
  -6.1087219455207521E-003  -2.0815913212578478E-004          -3          -1           1
   2.0376898119990966E-004   6.9423809559124208E-006          -3           1          -1
   1.7639306843848057E-003   6.0097996688164676E-005          -2          -4          -3
   2.6961565885298064E-003   9.1873016391773267E-005          -2          -4          -1
   2.5512251424933802E-003   8.6925714594815950E-005          -2          -3          -4
  -3.5393990184615035E-003  -1.2060705898641927E-004          -2          -1          -4
  -2.0338779000639668E-003  -6.9296855358807216E-005          -2          -1           2
   2.8181401995287353E-003   9.6030564059887218E-005          -2           1           2
   6.0976067721190265E-004   2.0777693539468091E-005          -2           2          -1
   9.8300042107699222E-004   3.3497180729207107E-005          -2           2           1
  -1.4260432886282700E-003  -4.8593477094390674E-005          -1          -4          -2
  -4.1277224149869063E-003  -1.4065455661703343E-004          -1          -3           1
  -2.5919331438666099E-003  -8.8322012242106796E-005          -1          -2          -4
  -1.5377398989182077E-003  -5.2393353485771603E-005          -1          -2           2
   1.1846163762376837E-003   4.0366310877681250E-005          -1           1          -3
   6.5974395965774592E-004   2.2477729819481916E-005          -1           1           3
   5.6277316393762804E-004   1.9176156505889216E-005          -1           2          -2
  -4.6475209177216867E-005  -1.5843604422914046E-006          -1           3           1
  -1.4328270937178588E-003  -4.8823817582450610E-005           1          -3          -1
  -4.1289837969849747E-003  -1.4069746262301050E-004           1          -2           2
  -2.6014931327953262E-003  -8.8646868101888935E-005           1          -1          -3
  -1.5357589570504778E-003  -5.2327331107101605E-005           1          -1           3
   1.1853908211155184E-003   4.0392646484294011E-005           1           2          -2
   6.5448777736119216E-004   2.2299319830841401E-005           1           2           4
   5.6212117279702035E-004   1.9153508652078408E-005           1           3          -1
  -4.7639818005832872E-005  -1.6238053616925078E-006           1           4           2
  -1.7652325533568920E-003  -6.0142023633232911E-005           2          -2          -1
  -2.7016785580003281E-003  -9.2061466488478866E-005           2          -2           1
  -2.5527292105811169E-003  -8.6976379682318357E-005           2          -1          -2
   3.5414770300671579E-003   1.2067739280983351E-004           2           1          -2
   2.0308251321662137E-003   6.9193936902077783E-005           2           1           4
  -2.8139028430776473E-003  -9.5887199506426040E-005           2           3           4
  -6.0924884368659591E-004  -2.0760091757503001E-005           2           4           1
  -9.8162157173869156E-004  -3.3450562861760103E-005           2           4           3
   2.2619505686694878E-004   7.7040975302000004E-006           3          -1           1
   2.9722576859820015E-003   1.0127307875805631E-004           3           1          -1
  -6.1096320618228657E-003  -2.0819169023407903E-004           3           2           4
   2.0161558536632116E-004   6.8688016844151037E-006           3           4           2
  -5.1735154365284701E-004  -1.7628531469397247E-005           4           1           2
  -2.3141635630958869E-003  -7.8851373764919467E-005           4           2           1
  -3.5167895280918322E-003  -1.1983892660022085E-004           4           2           3
   7.2125764605271902E-004   2.4575309481259373E-005           4           3           2
   3.5167894428852200E-003   1.1983248179956568E-004          -4          -3          -3
   1.1767458677236324E-003   4.0097622458750565E-005          -4          -1          -1
   3.9412517302690126E-003   1.3429471267649049E-004          -3          -4          -3
   6.1096316936241806E-003   2.0818278828254699E-004          -3          -3          -4
   6.5438213493794004E-003   2.2297916407240225E-004          -3          -3           0
  -2.8931458950123838E-003  -9.8583031190512265E-005          -3           0          -3
  -3.3036843894432731E-003  -1.1257170815833514E-004          -3           0           1
  -7.2546624699800454E-004  -2.4720058852024864E-005          -3           1           0
   4.9394796933559747E-004   1.6832918971066633E-005          -1          -4          -1
  -2.1215456333020938E-003  -7.2291181286837907E-005          -1          -1          -4
   2.6014934450735794E-003   8.8644072882264921E-005          -1           0           3
  -2.2831640916659882E-004  -7.7799258551866405E-006          -1           3           0
   6.5052739959349338E-006   2.2089659780043440E-007           0          -3          -3
   4.9015607444951741E-007   1.6761451052836243E-008           0          -3           1
   3.9144097445921979E-006   1.3243137214806748E-007           0          -1           3
  -7.2128921033669911E-007  -2.4247176999054498E-008           0           1          -3
  -2.2670191017996552E-007  -7.8728777813328939E-009           0           3          -1
  -2.8733780065197144E-006  -9.7407758217510639E-008           0           3           3
   4.9345658615128493E-004   1.6816127561378503E-005           1          -3           0
  -2.1259997509365334E-003  -7.2441981684852894E-005           1           0          -3
   2.5919328067422242E-003   8.8320347941082218E-005           1           1           4
  -2.2854391013944845E-004  -7.7874357650285046E-006           1           4           1
   3.9373383951375636E-003   1.3416017045046356E-004           3          -1           0
   6.1087224571099207E-003   2.0815043483626838E-004           3           0          -1
   6.5503264425831138E-003   2.2320199343875326E-004           3           0           3
  -2.8902730469647898E-003  -9.8484532998282257E-005           3           3           0
  -3.3027459938577116E-003  -1.1254090213619675E-004           3           3           4
  -7.2618717532372536E-004  -2.4745095718229168E-005           3           4           3
  -3.5081396569903341E-003  -1.1953641331469470E-004           4           1           1
  -1.1821381070877307E-003  -4.0282025917279056E-005           4           3           3
   2.3141629259709100E-003   7.8859168766550836E-005          -4          -3          -1
  -2.5546718913107549E-004  -8.7066753272992305E-006          -4          -1          -3
   2.2259069874360259E-003   7.5850290210684830E-005          -3          -4          -1
  -2.9722569400284032E-003  -1.0128667066948655E-004          -3          -2           1
  -7.3491990482971669E-004  -2.5045569690228356E-005          -3          -1          -4
   5.8744640429320305E-005   2.0019024543412112E-006          -3           1          -2
  -2.7866621002549277E-003  -9.4961066359330101E-005          -2          -3           1
   2.7192631392887804E-004   9.2668753201605809E-006          -2           1          -3
  -5.5743016863914316E-004  -1.8997667520232863E-005          -1          -4          -3
  -6.5448841026619065E-004  -2.2304745416330341E-005          -1          -3          -4
  -4.8065911780100634E-004  -1.6379928455198195E-005          -1           2           3
  -2.1366360185973054E-004  -7.2814898689279472E-006          -1           3           2
  -5.6241277820042021E-004  -1.9166767912027097E-005           1          -3          -2
  -6.5974340428825626E-004  -2.2483439712160273E-005           1          -2          -3
  -4.7967611295505862E-004  -1.6346867612889202E-005           1           3           4
  -2.1333541354787161E-004  -7.2703574510832555E-006           1           4           3
   2.7883193233884549E-003   9.5017631591136787E-005           2          -1           3
  -2.7207985148211420E-004  -9.2723154374594528E-006           2           3          -1
   2.2292331124647942E-003   7.5964139238697266E-005           3          -1           2
  -2.9739053049017265E-003  -1.0134325253093740E-004           3           1           4
  -7.3514308387897663E-004  -2.5053007510542297E-005           3           2          -1
   5.8261957732258785E-005   1.9855139837352241E-006           3           4           1
  -2.3177698848382672E-003  -7.8982755503938880E-005           4           1           3
   2.5425924544152665E-004   8.6651573010891050E-006           4           3           1
   1.1821382529927740E-003   4.0282019152728169E-005          -4          -4          -3
   3.0022053005163544E-003   1.0230192476902607E-004          -4          -3          -4
   4.5476797784964871E-004   1.5493181267188904E-005          -4          -1           0
  -2.1237776254695148E-004  -7.2378023569474352E-006          -4           0          -1
   3.3027460218954621E-003   1.1254326915990020E-004          -3          -4          -4
  -3.0512401344971263E-004  -1.0394929403183363E-005          -3           1           1
   1.8991278743142267E-004   6.4710838022828413E-006          -1          -4           0
   2.1259995365826428E-003   7.2444431118391000E-005          -1          -1           3
  -5.1668476641152192E-004  -1.7605249837147327E-005          -1           0          -4
  -2.2225516898288935E-004  -7.5732702669252170E-006          -1           3          -1
   1.8915676910312188E-007   6.6042168781864817E-009           0          -4          -1
   4.5231615766109762E-007   1.5184427850594879E-008           0          -1          -4
  -2.9814166054123767E-006  -1.0103528971340108E-007           0           1           4
  -2.2078904161814905E-007  -7.4689780405788324E-009           0           4           1
   1.9010078838949305E-004   6.4773035478543929E-006           1          -3           1
   2.1215458396725089E-003   7.2293665229464579E-005           1           0           4
  -5.1677750843388511E-004  -1.7607890330231452E-005           1           1          -3
  -2.2203454829051040E-004  -7.5657552517500215E-006           1           4           0
   3.3036842508883941E-003   1.1257411266701498E-004           3          -1          -1
  -3.0439986801761022E-004  -1.0370584212183944E-005           3           4           4
  -1.1767458310497384E-003  -4.0097191139531454E-005           4           0           1
  -2.9992236056878316E-003  -1.0219923929701328E-004           4           1           0
  -4.5522010588008800E-004  -1.5508784984333057E-005           4           3           4
   2.1156157432794827E-004   7.2098565768489322E-006           4           4           3
  -7.2125769978466283E-004  -2.4577719463137360E-005          -4          -4          -2
   2.9002247193379255E-003   9.8824000163453196E-005          -4          -2          -4
   2.9992236848338546E-003   1.0219773317634857E-004          -4          -2           0
  -7.6132341490468391E-004  -2.5941762437905889E-005          -4           0          -2
   2.8139025647407816E-003   9.5882100328484061E-005          -2          -4          -4
   2.5969992666023071E-003   8.8492880505768902E-005          -2          -4           0
  -3.5414771651139198E-003  -1.2067424298482993E-004          -2          -2           2
  -1.5894799964412457E-003  -5.4161137246388840E-005          -2           0          -4
   7.0277848625028574E-004   2.3947072877713487E-005          -2           2          -2
   8.3056023549080962E-004   2.8300868025650608E-005          -2           2           2
   2.5818764283759512E-006   8.7670477785251820E-008           0          -4          -2
   2.9814835247276116E-006   1.0114353704593283E-007           0          -2          -4
  -2.8803472341047951E-006  -9.7505140232018130E-008           0           2           4
  -6.9801575807045029E-007  -2.3663579345835480E-008           0           4           2
  -2.8181404776116432E-003  -9.6025413382496870E-005           2          -2          -2
  -2.5995806493120696E-003  -8.8581267065037847E-005           2          -2           2
   3.5393986878949793E-003   1.2060486982213442E-004           2           0           4
   1.5895491122850127E-003   5.4162966310260230E-005           2           2          -2
  -7.0208071461049795E-004  -2.3923105344355792E-005           2           4           0
  -8.2822542004501877E-004  -2.8221928351809393E-005           2           4           4
   7.2757336572505779E-004   2.4793691178549160E-005           4           0           2
  -2.8973448431539399E-003  -9.8725098364280724E-005           4           2           0
  -3.0022052686997170E-003  -1.0230013120399119E-004           4           2           4
   7.5892023008336149E-004   2.5859484939523959E-005           4           4           2
   4.5522044465507925E-004   1.5514962653388197E-005          -4          -4          -4
  -6.5323724219337818E-004  -2.2261154201029586E-005          -4           0           0
   1.8344374789442149E-010  -3.0536289981671431E-011           0          -4           0
  -6.4912799217552107E-007  -2.2337635280925833E-008           0           0          -4
  -4.5175458501943651E-007  -1.5303515294699627E-008           0           0           4
   4.6110918773566826E-011  -7.9180685086281303E-011           0           4           0
  -4.5476782307367466E-004  -1.5498999577177302E-005           4           0           0
   6.5388677411226909E-004   2.2283244829032810E-005           4           4           4
   4.2851436711146385E-004   1.4601617488115115E-005          -5          -3          -3
   2.1488588965140157E-004   7.3225301827380530E-006          -5          -2          -2
  -2.5425950063292678E-004  -8.6625107147595990E-006          -4          -4          -1
   2.8973443253223967E-003   9.8728944956840499E-005          -4          -3           0
   7.9015004375697243E-004   2.6923137926806166E-005          -4          -1          -4
  -7.3382094186571990E-004  -2.5005099801541091E-005          -4           0          -3
   7.2618737854485496E-004   2.4745362359469803E-005          -3          -5          -3
   2.8902726008964530E-003   9.8487801794858664E-005          -3          -4           0
   2.0183743035668560E-003   6.8777375174397797E-005          -3          -3          -5
   7.3514341902424906E-004   2.5046991498276037E-005          -3          -3           1
  -1.0064824097447719E-003  -3.4296369703990496E-005          -3           0          -4
  -5.0412423583404858E-004  -1.7175808099312710E-005          -3           0           2
  -4.2825908617003753E-004  -1.4592467898818484E-005          -3           1          -3
   2.3931883925337231E-006   8.2074588714940660E-008          -3           2           0
   3.4647370812563352E-004   1.1804549774923134E-005          -2          -5          -2
   7.1779519729197141E-004   2.4457306831266883E-005          -2          -2          -5
   1.5934475497917531E-003   5.4297698934590731E-005          -2           0           3
  -2.6996944446400735E-005  -9.1968696425439660E-007          -2           3           0
   4.7967573929165734E-004   1.6343522728187561E-005          -1          -4          -4
  -2.7393237453929108E-004  -9.3343960427749595E-006          -1           3           3
   2.8731725596006619E-006   9.7595458564590726E-008           0          -4          -3
   2.8802042713608440E-006   9.7863091881180545E-008           0          -3          -4
  -3.4442822415783642E-007  -1.1582971117876380E-008           0          -3           2
   7.2103399083046849E-007   2.4387945496706637E-008           0          -2           3
   2.2674502454558330E-009   2.2319161122242929E-010           0           2          -3
  -2.6920698217312258E-008  -9.0874645465435453E-010           0           3          -2
  -7.8490592796353291E-007  -2.6613500820938524E-008           0           3           4
  -4.2535862332964810E-007  -1.4433343309139981E-008           0           4           3
   4.8065953714723975E-004   1.6376928649546157E-005           1          -3          -3
  -2.7220420526651723E-004  -9.2758820173889913E-006           1           4           4
  -3.4613025580946117E-004  -1.1792978717512943E-005           2          -3           0
  -7.1808317213303363E-004  -2.4466727117073724E-005           2           0          -3
  -1.5910177656312415E-003  -5.4215665337396704E-005           2           2           5
   2.7023724338403468E-005   9.2060738078887419E-007           2           5           2
   7.2546610607622292E-004   2.4720186990333015E-005           3          -2           0
   2.8931460494576655E-003   9.8585972255007940E-005           3          -1           3
   2.0195322719348489E-003   6.8816244483347819E-005           3           0          -2
   7.3491937323247954E-004   2.5039677851449344E-005           3           0           4
  -1.0060251946319692E-003  -3.4280555735287057E-005           3           3          -1
  -5.0319772532944358E-004  -1.7144588967482258E-005           3           3           5
  -4.2783410223437264E-004  -1.4577881985964561E-005           3           4           0
   2.3956155509608969E-006   8.1999302195638646E-008           3           5           3
   2.5546688026478553E-004   8.7036423342354307E-006           4           0           3
  -2.9002248470745319E-003  -9.8827708877631299E-005           4           1           4
  -7.8936580823354236E-004  -2.6896236238349623E-005           4           3           0
   7.3254981254839812E-004   2.4961552124768289E-005           4           4           1
   4.2492615675319875E-004   1.4478682622381410E-005           5           2           2
   2.1367219414311026E-004   7.2811321349071422E-006           5           3           3
  -4.2492607030960477E-004  -1.4479655169412952E-005          -5          -3          -2
   7.6867969337749168E-004   2.6192340766833827E-005          -5          -2          -3
  -2.0161562621668746E-004  -6.8709474685193180E-006          -3          -5          -2
   1.7580815455672902E-003   5.9906054314760296E-005          -3          -2          -5
  -2.0195322869053997E-003  -6.8814734213198156E-005          -3          -1           2
   1.7703375187005918E-004   6.0323967383639420E-006          -3           2          -1
   9.8162147823206876E-004   3.3447742502471244E-005          -2          -5          -3
   1.5910175315381110E-003   5.4213264829763538E-005          -2          -3          -5
   9.9213369013516958E-004   3.3806349231480534E-005          -2           1           3
   1.2167587356002681E-004   4.1460066754445572E-006          -2           3           1
  -1.1853909367463026E-003  -4.0391687589111977E-005          -1          -3           2
   2.9829258979157671E-004   1.0164316599381870E-005          -1           2          -3
  -1.1846160355464608E-003  -4.0365987999843258E-005           1          -2           3
   2.9823767221189343E-004   1.0162249681722063E-005           1           3          -2
  -9.8300067256778352E-004  -3.3494176350344228E-005           2          -3          -1
  -1.5934477134921981E-003  -5.4295499617893926E-005           2          -1          -3
  -9.8962417839275731E-004  -3.3721582550293714E-005           2           3           5
  -1.2120370596456361E-004  -4.1300839787749426E-006           2           5           3
  -2.0376871545711272E-004  -6.9447428068668512E-006           3          -2           1
   1.7583038783245846E-003   5.9913072105241625E-005           3           1          -2
  -2.0183742103433502E-003  -6.8776053569664106E-005           3           2           5
   1.7661689479761509E-004   6.0180814313728572E-006           3           5           2
  -4.2851424464771816E-004  -1.4602356027939789E-005           5           2           3
   7.6594830799943262E-004   2.6098805998457761E-005           5           3           2
  -2.1367189512476480E-004  -7.2804397786498283E-006          -5          -4          -3
   2.3668118629248150E-004   8.0661444155326266E-006          -5          -3          -4
   5.6288443520220732E-004   1.9181659355275841E-005          -5          -2          -1
   9.9466386217230709E-005   3.3896906217229542E-006          -5          -1          -2
  -2.1156130043351710E-004  -7.2078821612778853E-006          -4          -5          -3
   4.7899691181689980E-004   1.6323795085252532E-005          -4          -3          -5
  -7.5921953013350588E-004  -2.5872522113664368E-005          -4          -1           1
  -4.0972912448104100E-005  -1.3966314357835683E-006          -4           1          -1
   3.0440017078985196E-004   1.0374667833994004E-005          -3          -5          -4
   5.0319807903419840E-004   1.7148767397769536E-005          -3          -4          -5
   3.7281809146484126E-004   1.2705136147010991E-005          -3           1           2
   1.3177267181720318E-004   4.4909551746517615E-006          -3           2           1
   6.0924867372046511E-004   2.0760268938428369E-005          -2          -5          -1
  -2.7271085124846631E-004  -9.2935098467720743E-006          -2          -1          -5
   7.1808276412614158E-004   2.4470579093697001E-005          -2          -1           3
   0.0000000000000000        0.0000000000000000               -2           3          -1
   4.7639600580417994E-005   1.6226339690518929E-006          -1          -5          -2
  -5.6212092744767578E-004  -1.9155027601471390E-005          -1          -4           1
  -1.9538627645484391E-004  -6.6584813819994099E-006          -1          -2          -5
   5.1677707253513843E-004   1.7610385706038901E-005          -1          -2           3
   9.0579104112258746E-005   3.0866566818011444E-006          -1           1          -4
  -2.4303218281502829E-004  -8.2820326472224021E-006          -1           1           4
   0.0000000000000000        0.0000000000000000               -1           3          -2
   0.0000000000000000        0.0000000000000000               -1           4           1
   4.6475601400251225E-005   1.5832166442516545E-006           1          -4          -1
  -5.6277356726424060E-004  -1.9177188399790881E-005           1          -3           2
  -1.9670027395280864E-004  -6.7033405483173358E-006           1          -1          -4
   5.1668527765008859E-004   1.7607176229785968E-005           1          -1           4
   9.0750500044214067E-005   3.0927208972357123E-006           1           2          -3
  -2.4232189890119663E-004  -8.2579786750893122E-006           1           2           5
   0.0000000000000000        0.0000000000000000                1           4          -1
   0.0000000000000000        0.0000000000000000                1           5           2
  -6.0976111021933789E-004  -2.0777844102005599E-005           2          -3           1
   2.7317996916084725E-004   9.3096091483279859E-006           2           1          -3
  -7.1779567938913460E-004  -2.4460884104501380E-005           2           1           5
   0.0000000000000000        0.0000000000000000                2           5           1
   3.0512382378833629E-004   1.0399003661531839E-005           3          -2          -1
   5.0412400892307040E-004   1.7180105802874581E-005           3          -1          -2
   3.7264625941351093E-004   1.2699334896304368E-005           3           4           5
   1.3172355576363708E-004   4.4891887540485416E-006           3           5           4
   2.1237784035672090E-004   7.2360576674303231E-006           4          -1           1
  -4.7900280330930901E-004  -1.6323777141328868E-005           4           1          -1
   7.5958461330814830E-004   2.5885035588075551E-005           4           3           5
   4.1194049084623822E-005   1.4040900635768581E-006           4           5           3
  -2.1488592771731849E-004  -7.3221715738572559E-006           5           1           2
   2.3596373899743709E-004   8.0414395820725920E-006           5           2           1
   5.6383386340641366E-004   1.9214142279104279E-005           5           3           4
   1.0010809621074529E-004   3.4116588715481594E-006           5           4           3
  -5.6383365774550652E-004  -1.9211392859546302E-005          -5          -4          -4
  -7.6594807590231798E-004  -2.6100227988163407E-005          -5          -4          -2
  -2.3596394959725215E-004  -8.0394301468625145E-006          -5          -3          -1
   7.5182949395563082E-004   2.5618899471027023E-005          -5          -2          -4
   2.2955826100938906E-004   7.8218687834093206E-006          -5          -1          -3
   4.5824006915946505E-004   1.5615082926211652E-005          -5          -1          -1
  -6.5388643322229593E-004  -2.2279365279058433E-005          -4          -5          -4
  -7.5891992802494491E-004  -2.5860666210201832E-005          -4          -5          -2
  -7.5958431207844674E-004  -2.5880991439388177E-005          -4          -4          -5
   1.0467355117553770E-003   3.5668113401378062E-005          -4          -2          -5
   4.7900306554880996E-004   1.6320204742097374E-005          -4          -2           1
  -8.1926426141001776E-004  -2.7917209905926378E-005          -4           0           1
   0.0000000000000000        0.0000000000000000               -4           1          -2
   0.0000000000000000        0.0000000000000000               -4           1           0
  -5.8262109486992950E-005  -1.9850817554952981E-006          -3          -5          -1
  -1.7583036818737202E-003  -5.9915256906636167E-005          -3          -2           2
   4.0133638272837023E-004   1.3674754159572809E-005          -3          -1          -5
   0.0000000000000000        0.0000000000000000               -3           2          -2
   8.2822556475092238E-004   2.8222469012869640E-005          -2          -5          -4
   9.8962431723553139E-004   3.3722192147975970E-005          -2          -4          -5
   2.7208011585148803E-004   9.2700547084950899E-006          -2          -4           1
  -1.5895487951073082E-003  -5.4164773532812448E-005          -2          -3           2
   0.0000000000000000        0.0000000000000000               -2           1          -4
   0.0000000000000000        0.0000000000000000               -2           2          -3
   1.7234827175829063E-004   5.8720609923099717E-006          -2           2           3
   0.0000000000000000        0.0000000000000000               -2           3           2
   2.1333523645682603E-004   7.2686024960089471E-006          -1          -5          -3
   2.2854355893911596E-004   7.7877556904691362E-006          -1          -5          -1
   2.4232158760909592E-004   8.2565133774932368E-006          -1          -3          -5
  -3.5985206106359572E-004  -1.2262185374673591E-005          -1          -1          -5
   1.9670067112261130E-004   6.7016628788092188E-006          -1           0           4
  -2.9623908536556803E-004  -1.0094449941677512E-005          -1           2           4
   0.0000000000000000        0.0000000000000000               -1           4           0
   0.0000000000000000        0.0000000000000000               -1           4           2
   2.2704738276609153E-007   7.6287903920597421E-009           0          -4           1
   6.4969033823443320E-007   2.1844466084209385E-008           0          -1           4
   0.0000000000000000        0.0000000000000000                0           1          -4
   0.0000000000000000        0.0000000000000000                0           4          -1
   2.1366390312295753E-004   7.2798029807575858E-006           1          -4          -2
   2.2831678980641325E-004   7.7799965565227903E-006           1          -4           0
   2.4303245263287068E-004   8.2805109878569626E-006           1          -2          -4
  -3.6112193562241602E-004  -1.2305389610368786E-005           1           0          -4
   1.9538584128088495E-004   6.6573379938527215E-006           1           1           5
  -2.9445310829964840E-004  -1.0033988312599128E-005           1           3           5
   0.0000000000000000        0.0000000000000000                1           5           1
   0.0000000000000000        0.0000000000000000                1           5           3
  -8.3056015409528573E-004  -2.8301459665346041E-005           2          -3          -2
  -9.9213355523499044E-004  -3.3807210288413375E-005           2          -2          -3
  -2.7192576865616759E-004  -9.2649494944569677E-006           2          -2           3
   1.5894802038224063E-003   5.4162755136677270E-005           2          -1           4
   0.0000000000000000        0.0000000000000000                2           3          -2
   0.0000000000000000        0.0000000000000000                2           4          -1
  -1.7172156596904851E-004  -5.8509270379262618E-006           2           4           5
   0.0000000000000000        0.0000000000000000                2           5           4
  -5.8744238947318697E-005  -2.0014619997447013E-006           3          -2           2
  -1.7580817309249702E-003  -5.9908152006662638E-005           3           1           5
   4.0127982312054312E-004   1.3672617215619692E-005           3           2          -2
   0.0000000000000000        0.0000000000000000                3           5           1
   6.5323748705687344E-004   2.2257099107576557E-005           4          -1           0
   7.6132351807338102E-004   2.5942874996836180E-005           4          -1           2
   7.5921978479845994E-004   2.5868460573521884E-005           4           0          -1
  -1.0462825712337777E-003  -3.5652334329108455E-005           4           2          -1
  -4.7899658150931957E-004  -1.6320171000051527E-005           4           2           5
   8.1936209435364178E-004   2.7920747659748908E-005           4           4           5
   0.0000000000000000        0.0000000000000000                4           5           2
   0.0000000000000000        0.0000000000000000                4           5           4
  -5.6288464416578510E-004  -1.9179034773344998E-005           5           1           1
  -7.6867974185652421E-004  -2.6193720531932226E-005           5           1           3
  -2.3668093863412604E-004  -8.0639040293475436E-006           5           2           4
   7.5049615047830887E-004   2.5573100402700511E-005           5           3           1
   2.2898873448412623E-004   7.8024398215071199E-006           5           4           2
   4.5941247836809088E-004   1.5655251598008376E-005           5           4           4
   7.8936541382638341E-004   2.6899134889759940E-005          -4          -4           0
   0.0000000000000000        0.0000000000000000               -4           0          -4
   7.8466533351629126E-007   2.6647078875368110E-008           0          -4          -4
   0.0000000000000000        0.0000000000000000                0           4           4
  -7.9015031364132904E-004  -2.6925948685693957E-005           4           0           4
   0.0000000000000000        0.0000000000000000                4           4           0
  -1.0010789920763015E-004  -3.4107642487078192E-006          -5          -5          -3
   0.0000000000000000        0.0000000000000000               -5          -3          -5
   0.0000000000000000        0.0000000000000000               -5          -2           0
   0.0000000000000000        0.0000000000000000               -5           0          -2
  -3.7264594360729008E-004  -1.2696747094197855E-005          -3          -5          -5
   0.0000000000000000        0.0000000000000000               -3           2           2
   7.0208069501869375E-004   2.3923793839316894E-005          -2          -5           0
  -2.7318023098290493E-004  -9.3075988501491408E-006          -2          -2           3
   0.0000000000000000        0.0000000000000000               -2           0          -5
   0.0000000000000000        0.0000000000000000               -2           3          -2
   6.9783603282143388E-007   2.3699118700277988E-008           0          -5          -2
   0.0000000000000000        0.0000000000000000                0          -2          -5
   0.0000000000000000        0.0000000000000000                0           2           5
   0.0000000000000000        0.0000000000000000                0           5           2
  -7.0277864893206253E-004  -2.3947513269856081E-005           2          -3           2
   2.7271044288942816E-004   9.2919537961017132E-006           2           0           5
   0.0000000000000000        0.0000000000000000                2           2          -3
   0.0000000000000000        0.0000000000000000                2           5           0
  -3.7281831400795497E-004  -1.2702483779594348E-005           3          -2          -2
  -9.9466492003717213E-005  -3.3889035069588909E-006           5           0           2
   0.0000000000000000        0.0000000000000000                5           2           0
  -4.5941230245878699E-004  -1.5654082027870590E-005          -5          -5          -4
   0.0000000000000000        0.0000000000000000               -5          -4          -5
  -7.5049606828709019E-004  -2.5573086917577499E-005          -5          -4          -1
   0.0000000000000000        0.0000000000000000               -5          -1          -4
   0.0000000000000000        0.0000000000000000               -5          -1           0
   0.0000000000000000        0.0000000000000000               -5           0          -1
  -8.1936190638907253E-004  -2.7919285043964264E-005          -4          -5          -5
  -7.3254975597209556E-004  -2.4961652141370033E-005          -4          -5          -1
   1.0462824795847332E-003   3.5651762164707419E-005          -4          -3           1
   0.0000000000000000        0.0000000000000000               -4          -1          -5
   0.0000000000000000        0.0000000000000000               -4           1          -3
   0.0000000000000000        0.0000000000000000               -4           1           1
   1.0060251342448668E-003   3.4280073186535883E-005          -3          -4           1
   0.0000000000000000        0.0000000000000000               -3           1          -4
   2.7220415977905984E-004   9.2752640698676387E-006          -1          -5          -4
   2.2203467176941711E-004   7.5660083795568565E-006          -1          -5           0
   2.9445300372355518E-004   1.0033414739588562E-005          -1          -4          -5
   3.6112203118894142E-004   1.2304843881235584E-005          -1          -1           4
   0.0000000000000000        0.0000000000000000               -1           0          -5
   0.0000000000000000        0.0000000000000000               -1           3           4
   0.0000000000000000        0.0000000000000000               -1           4          -1
   0.0000000000000000        0.0000000000000000               -1           4           3
   2.2086426860632400E-007   7.5833315766800470E-009           0          -5          -1
   0.0000000000000000        0.0000000000000000                0          -1          -5
   0.0000000000000000        0.0000000000000000                0           1           5
   0.0000000000000000        0.0000000000000000                0           5           1
   2.7393246745275305E-004   9.3338368716742068E-006           1          -4          -3
   2.2225506179625540E-004   7.5734164838735222E-006           1          -4           1
   2.9623920877929204E-004   1.0093960055569785E-005           1          -3          -4
   3.5985195862563065E-004   1.2262154911570536E-005           1           0           5
   0.0000000000000000        0.0000000000000000                1           1          -4
   0.0000000000000000        0.0000000000000000                1           4           5
   0.0000000000000000        0.0000000000000000                1           5           0
   0.0000000000000000        0.0000000000000000                1           5           4
   1.0064823461212358E-003   3.4295945398538693E-005           3          -1           4
   0.0000000000000000        0.0000000000000000                3           4          -1
   8.1926438089647245E-004   2.7915574634257136E-005           4          -1          -1
   7.3382095887552015E-004   2.5005203256450471E-005           4          -1           3
  -1.0467355120886944E-003  -3.5667532106247677E-005           4           1           5
   0.0000000000000000        0.0000000000000000                4           3          -1
   0.0000000000000000        0.0000000000000000                4           5           1
  -4.5824015362543025E-004  -1.5613779853526456E-005           5           0           1
   0.0000000000000000        0.0000000000000000                5           1           0
  -7.5182946887085097E-004  -2.5618782033737990E-005           5           1           4
   0.0000000000000000        0.0000000000000000                5           4           1
   0.0000000000000000        0.0000000000000000               -6          -3          -3
  -2.2898848521553830E-004  -7.8031184966285519E-006          -5          -5          -2
   0.0000000000000000        0.0000000000000000               -5          -3           0
   0.0000000000000000        0.0000000000000000               -5          -2          -5
   0.0000000000000000        0.0000000000000000               -5           0          -3
  -2.3955081487745605E-006  -8.1095409272514084E-008          -3          -6          -3
   4.2783391417185613E-004   1.4579068335862546E-005          -3          -5           0
   0.0000000000000000        0.0000000000000000               -3          -3          -6
  -4.0127956643062641E-004  -1.3674584551765762E-005          -3          -3           2
   0.0000000000000000        0.0000000000000000               -3           0          -5
   0.0000000000000000        0.0000000000000000               -3           0           3
   0.0000000000000000        0.0000000000000000               -3           2          -3
   0.0000000000000000        0.0000000000000000               -3           3           0
   1.7172171023559156E-004   5.8521116759226505E-006          -2          -5          -5
   0.0000000000000000        0.0000000000000000               -2           3           3
   4.2522142587019361E-007   1.4380063450480514E-008           0          -5          -3
   0.0000000000000000        0.0000000000000000                0          -3          -5
  -2.4762136136103557E-009  -4.8736526199359784E-011           0          -3           3
   0.0000000000000000        0.0000000000000000                0           3          -3
   0.0000000000000000        0.0000000000000000                0           3           5
   0.0000000000000000        0.0000000000000000                0           5           3
  -1.7234821250712633E-004  -5.8733303318703604E-006           2          -3          -3
  -2.3933402038516195E-006  -8.1182544799046420E-008           3          -3           0
   4.2825937465330036E-004   1.4593635443043860E-005           3          -2           3
   0.0000000000000000        0.0000000000000000                3           0          -3
  -4.0133662959645057E-004  -1.3676534581087306E-005           3           0           5
   0.0000000000000000        0.0000000000000000                3           3          -2
   0.0000000000000000        0.0000000000000000                3           5           0
  -2.2955826223039293E-004  -7.8226294635956210E-006           5           0           3
   0.0000000000000000        0.0000000000000000                5           3           0
   0.0000000000000000        0.0000000000000000               -6          -4          -3
   0.0000000000000000        0.0000000000000000               -6          -3          -4
   0.0000000000000000        0.0000000000000000               -6          -3          -2
   0.0000000000000000        0.0000000000000000               -6          -2          -3
   0.0000000000000000        0.0000000000000000               -5          -5          -5
   0.0000000000000000        0.0000000000000000               -5           0           0
  -4.1193867408177949E-005  -1.4032552177974250E-006          -4          -6          -3
   0.0000000000000000        0.0000000000000000               -4          -3          -6
   0.0000000000000000        0.0000000000000000               -4          -1           2
   0.0000000000000000        0.0000000000000000               -4           2          -1
  -1.3172333975116848E-004  -4.4878283575317138E-006          -3          -6          -4
  -1.7661679567274318E-004  -6.0182640983927205E-006          -3          -6          -2
   0.0000000000000000        0.0000000000000000               -3          -4          -6
   0.0000000000000000        0.0000000000000000               -3          -2          -6
   0.0000000000000000        0.0000000000000000               -3          -1           3
   0.0000000000000000        0.0000000000000000               -3           1           3
   0.0000000000000000        0.0000000000000000               -3           3          -1
   0.0000000000000000        0.0000000000000000               -3           3           1
   1.2120380341940369E-004   4.1301839455316169E-006          -2          -6          -3
   0.0000000000000000        0.0000000000000000               -2          -3          -6
   0.0000000000000000        0.0000000000000000               -2           1           4
   0.0000000000000000        0.0000000000000000               -2           4           1
  -2.9823758057901777E-004  -1.0162616769968250E-005          -1          -4           2
  -9.0750761083550793E-005  -3.0919886600756902E-006          -1          -3           3
   0.0000000000000000        0.0000000000000000               -1           2          -4
   0.0000000000000000        0.0000000000000000               -1           3          -3
   2.6015443374508531E-010   9.0754610816632569E-011           0          -5           0
   0.0000000000000000        0.0000000000000000                0           0          -5
   0.0000000000000000        0.0000000000000000                0           0           5
   0.0000000000000000        0.0000000000000000                0           5           0
  -2.9829265205467352E-004  -1.0164524228536875E-005           1          -3           3
  -9.0578722202821254E-005  -3.0863434795335971E-006           1          -2           4
   0.0000000000000000        0.0000000000000000                1           3          -3
   0.0000000000000000        0.0000000000000000                1           4          -2
  -1.2167577825952517E-004  -4.1460785140302761E-006           2          -4          -1
   0.0000000000000000        0.0000000000000000                2          -1          -4
  -1.3177288988971460E-004  -4.4894437658972120E-006           3          -3          -1
  -1.7703387640999758E-004  -6.0325885676410822E-006           3          -3           1
   0.0000000000000000        0.0000000000000000                3          -1          -3
   0.0000000000000000        0.0000000000000000                3           1          -3
   4.0973096179437389E-005   1.3956980936120048E-006           4          -2           1
   0.0000000000000000        0.0000000000000000                4           1          -2
   0.0000000000000000        0.0000000000000000                5           0           0
   0.0000000000000000        0.0000000000000000               -6          -4          -4
   0.0000000000000000        0.0000000000000000               -6          -2          -2
   0.0000000000000000        0.0000000000000000               -4          -6          -4
   0.0000000000000000        0.0000000000000000               -4          -4          -6
   0.0000000000000000        0.0000000000000000               -4           0           2
   0.0000000000000000        0.0000000000000000               -4           2           0
  -2.7023884473918580E-005  -9.2101170753931727E-007          -2          -6          -2
   0.0000000000000000        0.0000000000000000               -2          -2          -6
   0.0000000000000000        0.0000000000000000               -2           0           4
   0.0000000000000000        0.0000000000000000               -2           4           0
   2.6665099086696564E-008   9.3662431789394877E-010           0          -4           2
   0.0000000000000000        0.0000000000000000                0          -2           4
   0.0000000000000000        0.0000000000000000                0           2          -4
   0.0000000000000000        0.0000000000000000                0           4          -2
   2.6996765327304183E-005   9.2017608883665824E-007           2          -4           0
   0.0000000000000000        0.0000000000000000                2           0          -4
   0.0000000000000000        0.0000000000000000                4          -2           0
   0.0000000000000000        0.0000000000000000                4           0          -2
   0.0000000000000000        0.0000000000000000               -6          -4          -2
   0.0000000000000000        0.0000000000000000               -6          -2          -4
   0.0000000000000000        0.0000000000000000               -4          -6          -2
   0.0000000000000000        0.0000000000000000               -4          -2          -6
   0.0000000000000000        0.0000000000000000               -4          -2           2
   0.0000000000000000        0.0000000000000000               -4           2          -2
   0.0000000000000000        0.0000000000000000               -2          -6          -4
   0.0000000000000000        0.0000000000000000               -2          -4          -6
   0.0000000000000000        0.0000000000000000               -2          -4           2
   0.0000000000000000        0.0000000000000000               -2           2          -4
   0.0000000000000000        0.0000000000000000                2          -4          -2
   0.0000000000000000        0.0000000000000000                2          -2          -4
   0.0000000000000000        0.0000000000000000               -5          -5          -1
   0.0000000000000000        0.0000000000000000               -5          -4           0
   0.0000000000000000        0.0000000000000000               -5          -1          -5
   0.0000000000000000        0.0000000000000000               -5           0          -4
   0.0000000000000000        0.0000000000000000               -4          -5           0
   0.0000000000000000        0.0000000000000000               -4          -4           1
   0.0000000000000000        0.0000000000000000               -4           0          -5
   0.0000000000000000        0.0000000000000000               -4           1          -4
   0.0000000000000000        0.0000000000000000               -1          -5          -5
   0.0000000000000000        0.0000000000000000                0          -5          -4
   0.0000000000000000        0.0000000000000000                0          -4          -5
   0.0000000000000000        0.0000000000000000                1          -4          -4
