         718          24          24          24
 -0.13116141035334578       -1.0715801395073015E-002           0           0           0
 -0.37987227524828115       -3.1034417773859426E-002          -1          -1          -1
  -4.6615254074863860E-002  -3.8080421963390247E-003          -1           0           0
 -0.13116128538553809       -1.0715024604546847E-002           0          -1           0
  -4.6615024224867498E-002  -3.8081219140519854E-003           0           0          -1
  0.37987218915611753        3.1034466741931506E-002           0           0           1
   4.5616139737232664E-002   3.7267285309722084E-003           0           1           0
  0.37987226667934720        3.1034396608506942E-002           1           0           0
   4.6615239319183620E-002   3.8080726967589184E-003           1           1           1
  0.37987228192170885        3.1034015746625208E-002          -1          -1           0
  -9.8586162090635546E-002  -8.0540767466761864E-003          -1           0          -1
  0.37987218322007804        3.1033988942969739E-002           0          -1          -1
   9.8586193534342434E-002   8.0540795461942691E-003           0           1           1
 -0.37987226655008677       -3.1034014735034452E-002           1           0           1
   9.8586157073129593E-002   8.0540806552475957E-003           1           1           0
  -2.9611106493023363E-002  -2.4192139653286412E-003          -2          -1          -1
   4.6615579518585255E-002   3.8086818404432583E-003          -1          -2          -1
  -2.9611171955098305E-002  -2.4191863950222010E-003          -1          -1          -2
   2.9611128466784022E-002   2.4192055595941694E-003          -1           0           1
  -1.6582504834608981E-002  -1.3546803829805878E-003          -1           1           0
  -4.6615377564008041E-002  -3.8087579376786212E-003           0          -1           1
  -1.6582460479756856E-002  -1.3546972106789146E-003           0           1          -1
  -4.6615532304081227E-002  -3.8086390494832638E-003           1          -1           0
   2.9611189524878217E-002   2.4191848175789074E-003           1           0          -1
  -2.9611114838051383E-002  -2.4192033376401086E-003           1           1           2
   1.6582503419529656E-002   1.3546904988169675E-003           1           2           1
  -2.9611111308638086E-002  -2.4192112736418307E-003           2           1           1
  -2.9611047608753761E-002  -2.4190651911614905E-003          -2          -2          -1
   5.2516694076955766E-003   4.2899864502982148E-004          -2          -1          -2
   1.3461855533603089E-002   1.0997637337911189E-003          -2          -1           0
  -6.4702750407644024E-003  -5.2861933536148221E-004          -2           0          -1
  -2.9611054433423819E-002  -2.4190552314542380E-003          -1          -2          -2
   9.8586274834417273E-002   8.0543779673025798E-003          -1          -2           0
   2.9611118783830461E-002   2.4190463649751371E-003          -1          -1           1
  -6.4702887390422140E-003  -5.2861107315443771E-004          -1           0          -2
  -1.8735468464366092E-002  -1.5305948895096113E-003          -1           1          -1
   6.4702756392640420E-003   5.2862045653576594E-004          -1           1           1
   9.8586301066699467E-002   8.0543385155927606E-003           0          -2          -1
   1.3461865080901296E-002   1.0997604326956085E-003           0          -1          -2
   5.2516921463255694E-003   4.2899980276980343E-004           0           1           2
   1.8735479018764951E-002   1.5305944880563333E-003           0           2           1
   2.9611068089043333E-002   2.4190591954552066E-003           1          -1          -1
  -9.8586293236348654E-002  -8.0543534954573056E-003           1          -1           1
  -2.9611100797225880E-002  -2.4190506903419753E-003           1           0           2
   6.4702935837690975E-003   5.2861569162390319E-004           1           1          -1
   1.8735461196984028E-002   1.5306026064400829E-003           1           2           0
  -6.4702739830620522E-003  -5.2861327698766418E-004           1           2           2
  -2.9611045858111449E-002  -2.4190705764537785E-003           2           0           1
   5.2516616831263761E-003   4.2901018021300670E-004           2           1           0
   1.3461872978341354E-002   1.0997499227951935E-003           2           1           2
  -6.4702781917656028E-003  -5.2861860891332754E-004           2           2           1
   1.3461922105073881E-002   1.0998049405474169E-003          -2          -2          -2
  -3.2310558983552292E-003  -2.6395791398698933E-004          -2           0           0
   4.5616206689757612E-002   3.7268051939250064E-003           0          -2           0
  -3.2310318203593417E-003  -2.6396288578617945E-004           0           0          -2
   1.3461923041941277E-002   1.0998183555742383E-003           0           0           2
   9.8026717820390158E-003   8.0082716369010774E-004           0           2           0
   1.3461912446501984E-002   1.0998069599858994E-003           2           0           0
  -3.2310554506786975E-003  -2.6396256333977150E-004           2           2           2
   5.2516573237004188E-003   4.2908368248073515E-004          -2          -2           0
   3.4693789677126626E-003   2.8342074736731007E-004          -2           0          -2
   5.2516985075950606E-003   4.2908177034619449E-004           0          -2          -2
   3.4693939166665247E-003   2.8341835265162244E-004           0           2           2
   5.2516740427596296E-003   4.2907249193766016E-004           2           0           2
   3.4693765708667295E-003   2.8342634337526272E-004           2           2           0
   5.6603067766626547E-003   4.6243834791827814E-004          -3          -2          -2
  -1.8150302558982052E-003  -1.4829289354934377E-004          -3          -1          -1
  -3.2310531948616336E-003  -2.6397973075147226E-004          -2          -3          -2
   5.6603093067033490E-003   4.6243885530687173E-004          -2          -2          -3
   1.8150299321707660E-003   1.4829473410483200E-004          -2           0           1
  -4.6469111598781152E-003  -3.7962434323650666E-004          -2           1           0
   1.6582525681379190E-002   1.3547484351919404E-003          -1          -3          -1
  -1.8150354967478828E-003  -1.4828642064024550E-004          -1          -1          -3
   5.6603141561913624E-003   4.6244103369124756E-004          -1           0           2
  -3.4805234262139848E-003  -2.8435505754728348E-004          -1           2           0
  -1.6582489765956578E-002  -1.3547613891816872E-003           0          -2           1
  -3.2310377501492105E-003  -2.6399308587789775E-004           0          -1           2
  -4.6469013236358960E-003  -3.7962655749258854E-004           0           1          -2
  -3.4805175064126503E-003  -2.8435211656157027E-004           0           2          -1
  -1.6582526956546894E-002  -1.3547428558168338E-003           1          -2           0
   1.8150428866458375E-003   1.4828228450307050E-004           1           0          -2
  -5.6603090167159000E-003  -4.6244434028937936E-004           1           1           3
   3.4805208198521028E-003   2.8435394383038732E-004           1           3           1
  -3.2310467036990019E-003  -2.6397167769583825E-004           2          -1           0
   5.6603168862016696E-003   4.6243778417754414E-004           2           0          -1
   1.8150275618156581E-003   1.4829557445595785E-004           2           2           3
  -4.6469135021077424E-003  -3.7962411888115867E-004           2           3           2
  -5.6603091780548448E-003  -4.6244274545400340E-004           3           1           1
   1.8150276288206252E-003   1.4828855805144531E-004           3           2           2
  -5.6602819631223879E-003  -4.6241641387237403E-004          -3          -2          -1
   2.6905198525340136E-003   2.1980493795286331E-004          -3          -1          -2
  -6.4702639760481455E-003  -5.2860561045804167E-004          -2          -3          -1
   2.6905172344081434E-003   2.1980538831976396E-004          -2          -1          -3
   5.6602868444740875E-003   4.6241273216478604E-004          -2          -1           1
  -2.1971096688619342E-003  -1.7948973431881009E-004          -2           1          -1
  -6.4702612585943427E-003  -5.2860336729099178E-004          -1          -3          -2
  -5.6602905699507742E-003  -4.6241207757400477E-004          -1          -2          -3
   6.4702762127033433E-003   5.2860427954013866E-004          -1          -2           1
  -2.1971055332418946E-003  -1.7949215465536925E-004          -1           1          -2
   2.6905236420201001E-003   2.1980694097209754E-004          -1           1           2
   2.1971091595126024E-003   1.7948817985281507E-004          -1           2           1
   6.4702625226079587E-003   5.2860587820619453E-004           1          -2          -1
   5.6602910120956097E-003   4.6241406451940335E-004           1          -1          -2
  -6.4702804769868156E-003  -5.2860204491901770E-004           1          -1           2
   2.1971050051426818E-003   1.7949172782898260E-004           1           2          -1
  -2.6905221356758342E-003  -2.1980830296239936E-004           1           2           3
  -2.1971104230489639E-003  -1.7949020913096136E-004           1           3           2
  -6.4702674724429797E-003  -5.2860602292028550E-004           2          -1           1
   2.6905173453463751E-003   2.1980321324531127E-004           2           1          -1
   5.6602906750749769E-003   4.6241386595706973E-004           2           1           3
  -2.1971091886102512E-003  -1.7949193633569617E-004           2           3           1
   5.6602871256940402E-003   4.6241229346796503E-004           3           1           2
  -2.6905215600014350E-003  -2.1980425929766915E-004           3           2           1
   1.8150278415863777E-003   1.4827845658332576E-004          -3          -3          -2
   3.5051503000278874E-003   2.8636761421337221E-004          -3          -2          -3
  -1.0774035408528408E-003  -8.8029377748912710E-005          -3          -1           0
   1.5353518508356694E-003   1.2543082817254259E-004          -3           0          -1
   1.8150217995909121E-003   1.4828171045377908E-004          -2          -3          -3
  -1.5353525573471097E-003  -1.2543074428446178E-004          -2           1           1
   1.8735478636390881E-002   1.5306533552415184E-003          -1          -3           0
   1.8150421480873523E-003   1.4827067853570374E-004          -1          -1           2
   1.5353449113305120E-003   1.2543387964124005E-004          -1           0          -3
  -4.9292958609779185E-003  -4.0270684227097325E-004          -1           2          -1
   1.8735496917662568E-002   1.5306452058853216E-003           0          -3          -1
  -1.0774080566780539E-003  -8.8024702569504184E-005           0          -1          -3
  -3.5051498840938788E-003  -2.8636675732419958E-004           0           1           3
   4.9292982161825800E-003   4.0270566389634003E-004           0           3           1
  -1.8735480848032813E-002  -1.5306466226126373E-003           1          -2           1
  -1.8150375887325024E-003  -1.4828146326305135E-004           1           0           3
  -1.5353425745664370E-003  -1.2543520500027914E-004           1           1          -2
   4.9292938506279591E-003   4.0270883957914361E-004           1           3           0
   1.8150311173402898E-003   1.4828251555311649E-004           2          -1          -1
  -1.5353573070237294E-003  -1.2542950266939922E-004           2           3           3
  -1.8150296404377208E-003  -1.4828362386487426E-004           3           0           1
  -3.5051544440139913E-003  -2.8636331831738459E-004           3           1           0
   1.0773996338538172E-003   8.8031499111953506E-005           3           2           3
  -1.5353517908302996E-003  -1.2543205934292364E-004           3           3           2
   1.0773909991480836E-003   8.8022137308528268E-005          -3          -3          -3
  -2.6905082439236685E-003  -2.1980437648043270E-004          -3          -3          -1
  -3.5051479723537870E-003  -2.8635861637439376E-004          -3          -2           0
   1.2805802550044511E-003   1.0462343198766195E-004          -3          -1          -3
   1.4755630035743895E-003   1.2054036749694925E-004          -3           0          -2
   1.1864329136176144E-003   9.6922777772285085E-005          -3           0           0
   3.4693822086294419E-003   2.8344466598216155E-004          -2          -3           0
   2.6905069130451608E-003   2.1980957393307360E-004          -2          -2           1
   1.4755624045692502E-003   1.2054207409057771E-004          -2           0          -3
   1.4071192887225501E-003   1.1496186069168317E-004          -2           1          -2
  -2.6905140598797450E-003  -2.1980435945631973E-004          -1          -3          -3
   1.4755663852136741E-003   1.2054396042765586E-004          -1           2           2
   3.4694022049128466E-003   2.8343882792979862E-004           0          -3          -2
   9.8026880952428036E-003   8.0087769919768919E-004           0          -3           0
  -3.5051459911592036E-003  -2.8635402529739081E-004           0          -2          -3
   1.1864269140091893E-003   9.6926416925234652E-005           0           0          -3
  -1.0774017463878825E-003  -8.8010384864235187E-005           0           0           3
  -1.2805837200178581E-003  -1.0461759400663155E-004           0           2           3
   3.3871370429794457E-003   2.7671550856999669E-004           0           3           0
   1.4071206624121865E-003   1.1496173927461020E-004           0           3           2
   2.6905103554278778E-003   2.1980438025247034E-004           1          -2          -2
  -1.4755671407032684E-003  -1.2054255442288693E-004           1           3           3
   3.4693828266863162E-003   2.8343901447875258E-004           2          -1           2
   2.6905096844252528E-003   2.1980689610761640E-004           2           0           3
   1.4755607263228115E-003   1.2054519554160607E-004           2           2          -1
   1.4071175471339612E-003   1.1496221034854585E-004           2           3           0
  -1.0773988883766965E-003  -8.8020780513401619E-005           3           0           0
   2.6905113413338787E-003   2.1980462388753615E-004           3           0           2
   3.5051491572319574E-003   2.8635754401779094E-004           3           1           3
  -1.2805885813836646E-003  -1.0462175859664104E-004           3           2           0
  -1.4755620115957896E-003  -1.2054238179298209E-004           3           3           1
  -1.1864301375591390E-003  -9.6925159684710358E-005           3           3           3
   1.5188142943762439E-003   1.2408413081849135E-004          -4          -2          -2
  -4.6469189059348782E-003  -3.7964134250737018E-004          -2          -4          -2
   1.5188148901753231E-003   1.2408620583662460E-004          -2          -2          -4
   1.5188134269785228E-003   1.2408434263845006E-004          -2           0           2
  -2.1116771498245440E-003  -1.7251676126583677E-004          -2           2           0
  -4.6469067754686278E-003  -3.7964670207320684E-004           0          -2           2
  -2.1116744825002390E-003  -1.7252288457970033E-004           0           2          -2
  -4.6469139019123381E-003  -3.7963768498047696E-004           2          -2           0
   1.5188166318040805E-003   1.2408418318436736E-004           2           0          -2
   1.5188116210796713E-003   1.2408701067189790E-004           2           2           4
  -2.1116773700847664E-003  -1.7251953420314867E-004           2           4           2
   1.5188154270953740E-003   1.2408612605940771E-004           4           2           2
   1.5188091601698102E-003   1.2408451291968863E-004          -4          -3          -2
   7.5222962664175691E-004   6.1459293319886455E-005          -4          -2          -3
  -3.8758095166158027E-004  -3.1657976649934467E-005          -4          -2          -1
   1.1529435202631792E-004   9.4223748049099483E-006          -4          -1          -2
  -1.5353572985208654E-003  -1.2543338759842684E-004          -3          -4          -2
   7.5223106792110528E-004   6.1458200143564299E-005          -3          -2          -4
   3.8757792187483445E-004   3.1660738139569756E-005          -3          -1           1
   8.4759437127136404E-004   6.9248011124386160E-005          -3           1          -1
  -1.5353598354345267E-003  -1.2543127319552844E-004          -2          -4          -3
  -2.1971105209941991E-003  -1.7950608860404322E-004          -2          -4          -1
   1.5188082276533881E-003   1.2408436610590053E-004          -2          -3          -4
   1.1529510492087541E-004   9.4202695313063294E-006          -2          -1          -4
   1.5188143751058882E-003   1.2407892746167431E-004          -2          -1           2
   1.1529665782105433E-004   9.4191774376285287E-006          -2           1           2
  -1.3937040741371397E-003  -1.1385755042068611E-004          -2           2          -1
  -8.4759600019240192E-004  -6.9247828534321239E-005          -2           2           1
  -2.1971127819137965E-003  -1.7950325535834530E-004          -1          -4          -2
   2.1971071436928183E-003   1.7950861837563405E-004          -1          -3           1
  -3.8758023430763964E-004  -3.1659748271153199E-005          -1          -2          -4
  -1.5353463759693515E-003  -1.2543651566438561E-004          -1          -2           2
   8.4759491952009127E-004   6.9249680641907379E-005          -1           1          -3
  -7.5223236935484730E-004  -6.1455449629543206E-005          -1           1           3
  -1.3937025182375789E-003  -1.1385966197247205E-004          -1           2          -2
   1.3937040204952727E-003   1.1385791183579601E-004          -1           3           1
   2.1971155775142594E-003   1.7950101878411439E-004           1          -3          -1
  -2.1971093282777349E-003  -1.7950480550779930E-004           1          -2           2
   3.8757755796157533E-004   3.1660683768208529E-005           1          -1          -3
   1.5353484116405491E-003   1.2543605389374375E-004           1          -1           3
  -8.4759314938332602E-004  -6.9249509084744589E-005           1           2          -2
   7.5223083354515716E-004   6.1455921090176977E-005           1           2           4
   1.3937014863352399E-003   1.1386130204165624E-004           1           3          -1
  -1.3937038850179845E-003  -1.1385812711162021E-004           1           4           2
  -1.5353567685606436E-003  -1.2543198494077573E-004           2          -2          -1
  -2.1971112499053458E-003  -1.7950148681770482E-004           2          -2           1
   1.5188117569996133E-003   1.2407992759701583E-004           2          -1          -2
   1.1529952075933796E-004   9.4199952618850513E-006           2           1          -2
   1.5188110861930075E-003   1.2407971315193405E-004           2           1           4
   1.1529525161837354E-004   9.4180972441575052E-006           2           3           4
  -1.3937016015735004E-003  -1.1385922109413643E-004           2           4           1
  -8.4759708378483428E-004  -6.9247675063880212E-005           2           4           3
   1.5353560859634055E-003   1.2543003355839684E-004           3          -1           1
  -7.5223378807673564E-004  -6.1454912981958438E-005           3           1          -1
  -3.8758105705893973E-004  -3.1661770814991324E-005           3           2           4
  -8.4759474325325692E-004  -6.9248594533159180E-005           3           4           2
   1.5188105050419731E-003   1.2408412913925129E-004           4           1           2
   7.5223288311244334E-004   6.1457138169290819E-005           4           2           1
  -3.8758089605513764E-004  -3.1661536301251130E-005           4           2           3
   1.1529646245986873E-004   9.4191016382581896E-006           4           3           2
  -3.8758739092591003E-004  -3.1669478935511629E-005          -4          -3          -3
  -1.0046439043502903E-003  -8.2075612299159999E-005          -4          -1          -1
  -1.1864369004614889E-003  -9.6930871129438179E-005          -3          -4          -3
  -3.8758701965028341E-004  -3.1666674851033587E-005          -3          -3          -4
  -1.2805778894977059E-003  -1.0461537038891751E-004          -3          -3           0
   3.1906769371389462E-004   2.6068642434594795E-005          -3           0          -3
   1.0046436560150929E-003   8.2075684623713192E-005          -3           0           1
   3.5283497356189793E-004   2.8826906198117933E-005          -3           1           0
   3.4805161761245541E-003   2.8433365796805922E-004          -1          -4          -1
  -1.0046490807707957E-003  -8.2074675078035330E-005          -1          -1          -4
   3.8758780884233312E-004   3.1666765327998856E-005          -1           0           3
   1.7717107629725416E-004   1.4473072846395327E-005          -1           3           0
  -1.2805797746298652E-003  -1.0461564243563190E-004           0          -3          -3
  -3.4805136546203568E-003  -2.8433682856550955E-004           0          -3           1
   1.1864345400369935E-003   9.6929571490738379E-005           0          -1           3
   3.5283892316038354E-004   2.8823835962516097E-005           0           1          -3
   1.7716972655965269E-004   1.4472345052479871E-005           0           3          -1
  -3.1906749565239643E-004  -2.6068066600658370E-005           0           3           3
  -3.4805122075545160E-003  -2.8433829232049293E-004           1          -3           0
   1.0046478273950873E-003   8.2076491286290341E-005           1           0          -3
  -3.8758778244404467E-004  -3.1666336753059145E-005           1           1           4
  -1.7717052259418539E-004  -1.4472784202660794E-005           1           4           1
   1.1864377097237804E-003   9.6925575781350385E-005           3          -1           0
   3.8758872698829998E-004   3.1665943257474525E-005           3           0          -1
   1.2805809961085406E-003   1.0461564878412289E-004           3           0           3
  -3.1906946828072833E-004  -2.6064734334565828E-005           3           3           0
  -1.0046462100603074E-003  -8.2075406115811596E-005           3           3           4
  -3.5283486974513215E-004  -2.8825671543112252E-005           3           4           3
  -3.8758907122757156E-004  -3.1665532490686245E-005           4           1           1
  -1.0046461508549211E-003  -8.2078291144543393E-005           4           3           3
   7.5223522322302933E-004   6.1453384373402406E-005          -4          -3          -1
   4.0479409608154733E-004   3.3070852005229945E-005          -4          -1          -3
  -1.4755618317217269E-003  -1.2054922503736452E-004          -3          -4          -1
  -7.5223458150333058E-004  -6.1454710640056388E-005          -3          -2           1
   4.0479295506217757E-004   3.3072719581064403E-005          -3          -1          -4
   7.4106533245324132E-004   6.0541336348096986E-005          -3           1          -2
   1.4755603321532939E-003   1.2055039096653446E-004          -2          -3           1
   7.4106498031604182E-004   6.0541926361830820E-005          -2           1          -3
  -1.4755676295368824E-003  -1.2054796849785740E-004          -1          -4          -3
   7.5223261021862360E-004   6.1455675603253070E-005          -1          -3          -4
  -4.0478842092697481E-004  -3.3070906604747723E-005          -1           2           3
   7.4106757906473224E-004   6.0542630930891703E-005          -1           3           2
   1.4755657002728316E-003   1.2054862111509471E-004           1          -3          -2
  -7.5223225995753274E-004  -6.1454429482769794E-005           1          -2          -3
   4.0478792731105161E-004   3.3070961531678070E-005           1           3           4
  -7.4106776684419110E-004  -6.0542324733157408E-005           1           4           3
   1.4755620966955614E-003   1.2054588396017342E-004           2          -1           3
   7.4106325554360844E-004   6.0545328739612921E-005           2           3          -1
   1.4755641828212013E-003   1.2054667783253661E-004           3          -1           2
   7.5223003483417406E-004   6.1458199005281038E-005           3           1           4
  -4.0479409486689086E-004  -3.3067390018520539E-005           3           2          -1
  -7.4106389415064288E-004  -6.0544020224116281E-005           3           4           1
   7.5223163219590827E-004   6.1456713487942043E-005           4           1           3
   4.0479345783604075E-004   3.3069464094422253E-005           4           3           1
  -1.0046458233930644E-003  -8.2076695045564050E-005          -4          -4          -3
  -1.2564519264884029E-003  -1.0264844218529527E-004          -4          -3          -4
  -1.1564493916769241E-003  -9.4477288808996138E-005          -4          -1           0
  -2.9260365108780401E-004  -2.3905341165638575E-005          -4           0          -1
  -1.0046479821641842E-003  -8.2077062250779883E-005          -3          -4          -4
   2.9260366085099080E-004   2.3904976584744218E-005          -3           1           1
   4.9292866555112518E-003   4.0270082088966845E-004          -1          -4           0
   1.0046495889156700E-003   8.2076444589215559E-005          -1          -1           3
  -2.9260461199606696E-004  -2.3905061452490712E-005          -1           0          -4
  -6.5275516215594967E-004  -5.3330456776644509E-005          -1           3          -1
   4.9292904311193210E-003   4.0270033627289454E-004           0          -4          -1
  -1.1564508957513772E-003  -9.4477411854965778E-005           0          -1          -4
  -1.2564529283379917E-003  -1.0264952400567000E-004           0           1           4
   6.5275567301364447E-004   5.3330803633950970E-005           0           4           1
  -4.9292899181088397E-003  -4.0269957016656957E-004           1          -3           1
  -1.0046500748859084E-003  -8.2075292091075816E-005           1           0           4
   2.9260497009111558E-004   2.3906214473010370E-005           1           1          -3
   6.5275294223185215E-004   5.3331425377457611E-005           1           4           0
   1.0046507145658090E-003   8.2077459889458255E-005           3          -1          -1
  -2.9260421612013759E-004  -2.3905319470366698E-005           3           4           4
  -1.0046488883791783E-003  -8.2079167938016383E-005           4           0           1
  -1.2564546320524513E-003  -1.0264965243292335E-004           4           1           0
  -1.1564477400107503E-003  -9.4478739062482206E-005           4           3           4
  -2.9260396408503842E-004  -2.3907675020941995E-005           4           4           3
   1.1529140360401768E-004   9.4150132242116449E-006          -4          -4          -2
  -2.4446204549708823E-004  -1.9973387909977763E-005          -4          -2          -4
  -1.2564489896159166E-003  -1.0264309229782196E-004          -4          -2           0
  -8.8348063698211773E-005  -7.2173415026651677E-006          -4           0          -2
   1.1529023281116922E-004   9.4180367310455448E-006          -2          -4          -4
   1.4071170744939768E-003   1.1495411135016495E-004          -2          -4           0
   1.1529147403183461E-004   9.4168916361367528E-006          -2          -2           2
  -8.8350135762316746E-005  -7.2168704256757189E-006          -2           0          -4
  -1.2690611665915486E-004  -1.0367678176557161E-005          -2           2          -2
  -8.8347584227207166E-005  -7.2177780108721409E-006          -2           2           2
   1.4071165082446665E-003   1.1495324138998615E-004           0          -4          -2
  -1.2564508740207823E-003  -1.0264488284798667E-004           0          -2          -4
  -2.4446219707069259E-004  -1.9974643686046686E-005           0           2           4
  -1.2690652619405782E-004  -1.0366706974761831E-005           0           4           2
   1.1529041975641591E-004   9.4189430171493880E-006           2          -2          -2
   1.4071126843164768E-003   1.1495404779534361E-004           2          -2           2
   1.1529395221823195E-004   9.4183269775529457E-006           2           0           4
  -8.8348504588791948E-005  -7.2174530789862837E-006           2           2          -2
  -1.2690773692781174E-004  -1.0367777400187112E-005           2           4           0
  -8.8346889435644138E-005  -7.2169858462623627E-006           2           4           4
   1.1529206901831336E-004   9.4180761772746191E-006           4           0           2
  -2.4446341476937829E-004  -1.9970548779515923E-005           4           2           0
  -1.2564493145100354E-003  -1.0264460219281470E-004           4           2           4
  -8.8347607909535644E-005  -7.2184669341917591E-006           4           4           2
  -1.1564492709284526E-003  -9.4480199282427654E-005          -4          -4          -4
  -2.3625930507026116E-004  -1.9300206414319880E-005          -4           0           0
   3.3871373204779035E-003   2.7671756080296694E-004           0          -4           0
  -2.3626034226458562E-004  -1.9300300300830923E-005           0           0          -4
  -1.1564464310834142E-003  -9.4480608238843775E-005           0           0           4
   6.9790031265649878E-004   5.7015164666928153E-005           0           4           0
  -1.1564499806000917E-003  -9.4477782816238329E-005           4           0           0
  -2.3625785264613569E-004  -1.9299790095696248E-005           4           4           4
  -5.1841221968185929E-004  -4.2353927825187630E-005          -5          -3          -3
   7.5757817849750949E-004   6.1891484283128621E-005          -5          -2          -2
   4.0479369798056286E-004   3.3071025205172234E-005          -4          -4          -1
  -2.4446153764309190E-004  -1.9970904551069173E-005          -4          -3           0
   1.5947552755347900E-004   1.3030466089522936E-005          -4          -1          -4
   1.1303434695282781E-004   9.2352814570284979E-006          -4           0          -3
  -3.5283346747290765E-004  -2.8824723567608828E-005          -3          -5          -3
  -3.1906855093347846E-004  -2.6068908878615969E-005          -3          -4           0
  -5.1841400733357681E-004  -4.2352773438270844E-005          -3          -3          -5
  -4.0479619750475427E-004  -3.3067627561901439E-005          -3          -3           1
   1.1303444539716719E-004   9.2343998954937721E-006          -3           0          -4
   7.5758025151992142E-004   6.1889857898986066E-005          -3           0           2
   1.9722247170102041E-004   1.6110882762652663E-005          -3           1          -3
  -1.2333114615246466E-004  -1.0075333433502940E-005          -3           2           0
  -2.1116758798068258E-003  -1.7251258659804704E-004          -2          -5          -2
   7.5757822910710727E-004   6.1890186590002731E-005          -2          -2          -5
   5.1841483088687452E-004   4.2353829370122797E-005          -2           0           3
  -2.4979082390561838E-004  -2.0408623056525533E-005          -2           3           0
   4.0479061683124849E-004   3.3070555817458187E-005          -1          -4          -4
  -1.1303552919908454E-004  -9.2332165926962569E-006          -1           3           3
  -3.1906948316497304E-004  -2.6067746216762962E-005           0          -4          -3
  -2.4446045848921686E-004  -1.9969397918586409E-005           0          -3          -4
  -2.1116707480785552E-003  -1.7251556946660642E-004           0          -3           2
   3.5283578307223419E-004   2.8825058479922523E-005           0          -2           3
  -1.2332998529008003E-004  -1.0075882358989875E-005           0           2          -3
  -2.4978895384600633E-004  -2.0409011339328687E-005           0           3          -2
   1.5947468326979911E-004   1.3027165872088865E-005           0           3           4
  -1.9722565959690892E-004  -1.6111357514809057E-005           0           4           3
  -4.0479186552363382E-004  -3.3070343209918642E-005           1          -3          -3
   1.1303487396388823E-004   9.2333560802304780E-006           1           4           4
  -2.1116758885843276E-003  -1.7251292164050802E-004           2          -3           0
   7.5757932567760465E-004   6.1889973973595165E-005           2           0          -3
   5.1841363432423931E-004   4.2352662968592707E-005           2           2           5
  -2.4978916938997692E-004  -2.0408547286600924E-005           2           5           2
   3.5283277491330017E-004   2.8825047790201951E-005           3          -2           0
   3.1906952449204664E-004   2.6069581694526119E-005           3          -1           3
   5.1841571518076860E-004   4.2353987288697118E-005           3           0          -2
   4.0479281541439612E-004   3.3069577941497141E-005           3           0           4
  -1.1303645196287577E-004  -9.2331507282103521E-006           3           3          -1
  -7.5757841631778847E-004  -6.1890089920354656E-005           3           3           5
  -1.9722142403028525E-004  -1.6112678271248073E-005           3           4           0
   1.2332952914285167E-004   1.0075249715120904E-005           3           5           3
   4.0479209666544465E-004   3.3070846784418850E-005           4           0           3
  -2.4446163736080076E-004  -1.9971920966185291E-005           4           1           4
   1.5947732040659057E-004   1.3028856603977425E-005           4           3           0
   1.1303613856136046E-004   9.2325391260959535E-006           4           4           1
   5.1841336153469011E-004   4.2353212525430596E-005           5           2           2
  -7.5757813882983203E-004  -6.1892066261526535E-005           5           3           3
   5.1841062139741493E-004   4.2350631570003963E-005          -5          -3          -2
   1.0839077728068664E-004   8.8528707211731898E-006          -5          -2          -3
  -8.4759361044851357E-004  -6.9245198531182615E-005          -3          -5          -2
   1.0839050429807542E-004   8.8542022409331664E-006          -3          -2          -5
   5.1840940819804628E-004   4.2351919890744803E-005          -3          -1           2
  -2.6338834175261500E-005  -2.1504130273322509E-006          -3           2          -1
  -8.4759555065439061E-004  -6.9244133274500922E-005          -2          -5          -3
   5.1841292821592957E-004   4.2351772364655273E-005          -2          -3          -5
  -1.0839016608032073E-004  -8.8543361189485431E-006          -2           1           3
   2.6338534972846659E-005   2.1510285252032145E-006          -2           3           1
  -8.4759443350771509E-004  -6.9245388143508130E-005          -1          -3           2
  -2.6338091441852467E-005  -2.1501653034204013E-006          -1           2          -3
   8.4759397829614310E-004   6.9243087633214624E-005           1          -2           3
   2.6337979808535171E-005   2.1506527288368076E-006           1           3          -2
  -8.4759475698966281E-004  -6.9243587793560326E-005           2          -3          -1
   5.1841186397519486E-004   4.2351714850902141E-005           2          -1          -3
  -1.0839052201598302E-004  -8.8539958519126955E-006           2           3           5
   2.6339706463772339E-005   2.1504228110587723E-006           2           5           3
   8.4759404348285351E-004   6.9244718149582326E-005           3          -2           1
  -1.0838953735641905E-004  -8.8542312581136197E-006           3           1          -2
  -5.1841090684269758E-004  -4.2351151049785196E-005           3           2           5
   2.6338706619974557E-005   2.1507107528214297E-006           3           5           2
  -5.1841059183957156E-004  -4.2351824080103766E-005           5           2           3
  -1.0838917102685748E-004  -8.8565143899011806E-006           5           3           2
  -7.5757914132287146E-004  -6.1892559164482372E-005          -5          -4          -3
  -7.7173631928244616E-004  -6.3048507152872117E-005          -5          -3          -4
   5.0896242224989169E-004   4.1579160466317645E-005          -5          -2          -1
   3.3641581285678542E-004   2.7482593500351267E-005          -5          -1          -2
  -2.9260331856904463E-004  -2.3905802395422152E-005          -4          -5          -3
  -7.7173561009840654E-004  -6.3049535108367975E-005          -4          -3          -5
  -5.0896128056912582E-004  -4.1580419016098442E-005          -4          -1           1
  -8.1068257943207894E-006  -6.6196354572208974E-007          -4           1          -1
  -2.9260228037536110E-004  -2.3904679868374750E-005          -3          -5          -4
  -7.5757885463725340E-004  -6.1892413265595894E-005          -3          -4          -5
   3.3641531946194953E-004   2.7483777717220984E-005          -3           1           2
   8.1062378012700729E-006   6.6247296459680404E-007          -3           2           1
  -1.3937033301380784E-003  -1.1386260685534372E-004          -2          -5          -1
   3.3641683640599533E-004   2.7485262399616943E-005          -2          -1          -5
   7.5757821412763377E-004   6.1892699826966379E-005          -2          -1           3
   0.0000000000000000        0.0000000000000000               -2           3          -1
  -1.3937053635225214E-003  -1.1386085124782133E-004          -1          -5          -2
   1.3937031516522344E-003   1.1386174675026195E-004          -1          -4           1
   5.0896302668215656E-004   4.1581322324525456E-005          -1          -2          -5
   2.9260385230720610E-004   2.3904301722798625E-005          -1          -2           3
  -8.1082459643371945E-006  -6.6129024972957734E-007          -1           1          -4
  -7.7173463625879104E-004  -6.3047151650705199E-005          -1           1           4
   0.0000000000000000        0.0000000000000000               -1           3          -2
   0.0000000000000000        0.0000000000000000               -1           4           1
   1.3937057693541191E-003   1.1386026665385037E-004           1          -4          -1
  -1.3937038992277166E-003  -1.1386038029327500E-004           1          -3           2
  -5.0896346833218301E-004  -4.1580100819027848E-005           1          -1          -4
  -2.9260328903093374E-004  -2.3904849044858593E-005           1          -1           4
   8.1079980144632676E-006   6.6106683950780112E-007           1           2          -3
   7.7173475827012773E-004   6.3046392382907652E-005           1           2           5
   0.0000000000000000        0.0000000000000000                1           4          -1
   0.0000000000000000        0.0000000000000000                1           5           2
  -1.3937049376140142E-003  -1.1385967806904818E-004           2          -3           1
   3.3641664457062628E-004   2.7483169238118173E-005           2           1          -3
   7.5757781809951939E-004   6.1892608313895549E-005           2           1           5
   0.0000000000000000        0.0000000000000000                2           5           1
   2.9260412215550193E-004   2.3903992302120225E-005           3          -2          -1
   7.5757786712272015E-004   6.1891057525322973E-005           3          -1          -2
  -3.3641500428236099E-004  -2.7484089606276734E-005           3           4           5
  -8.1076416894675825E-006  -6.6231228272426089E-007           3           5           4
  -2.9260407147670402E-004  -2.3904209730654268E-005           4          -1           1
  -7.7173690507479666E-004  -6.3045591625766325E-005           4           1          -1
  -5.0896096290359088E-004  -4.1580579496597618E-005           4           3           5
  -8.1072365284369890E-006  -6.6193437938060637E-007           4           5           3
   7.5757777575753010E-004   6.1891457646617076E-005           5           1           2
   7.7173667503760467E-004   6.3046732614362803E-005           5           2           1
  -5.0896152798566110E-004  -4.1580359965954327E-005           5           3           4
  -3.3641512367798887E-004  -2.7484241244681546E-005           5           4           3
  -5.0896113244453727E-004  -4.1582963349292342E-005          -5          -4          -4
  -1.0839003242664349E-004  -8.8564853919981503E-006          -5          -4          -2
   7.7173626431976678E-004   6.3047483663903180E-005          -5          -3          -1
  -3.9608166340592802E-004  -3.2359506326927488E-005          -5          -2          -4
   2.2834336455402140E-004   1.8656301867537452E-005          -5          -1          -3
  -1.1750461454649870E-005  -9.5946933561673562E-007          -5          -1          -1
  -2.3625798542333554E-004  -1.9302237045379601E-005          -4          -5          -4
  -8.8346612658525878E-005  -7.2161922802446752E-006          -4          -5          -2
  -5.0896031850575945E-004  -4.1582242284223882E-005          -4          -4          -5
  -3.9608238795791739E-004  -3.2358916638027977E-005          -4          -2          -5
  -7.7173738215178590E-004  -6.3046544857180457E-005          -4          -2           1
   1.1749262947313387E-005   9.6058909227140184E-007          -4           0           1
   0.0000000000000000        0.0000000000000000               -4           1          -2
   0.0000000000000000        0.0000000000000000               -4           1           0
  -7.4106355334317329E-004  -6.0541321152177729E-005          -3          -5          -1
  -1.0839091664702349E-004  -8.8560284982743576E-006          -3          -2           2
   2.2834497431688396E-004   1.8655300726712870E-005          -3          -1          -5
   0.0000000000000000        0.0000000000000000               -3           2          -2
  -8.8345761265879933E-005  -7.2180087264563160E-006          -2          -5          -4
  -1.0839064121286771E-004  -8.8570065517152607E-006          -2          -4          -5
   7.4106071202217905E-004   6.0544082796231197E-005          -2          -4           1
  -8.8348193274117849E-005  -7.2175986327661339E-006          -2          -3           2
   0.0000000000000000        0.0000000000000000               -2           1          -4
   0.0000000000000000        0.0000000000000000               -2           2          -3
  -2.2834401743747438E-004  -1.8653977428635458E-005          -2           2           3
   0.0000000000000000        0.0000000000000000               -2           3           2
  -7.4106566229237302E-004  -6.0541128096645699E-005          -1          -5          -3
  -1.7717646000106954E-004  -1.4478213256933123E-005          -1          -5          -1
   7.7173355430864752E-004   6.3047312963764138E-005          -1          -3          -5
  -1.1749218467756327E-005  -9.5798821299838438E-007          -1          -1          -5
  -5.0896401653535727E-004  -4.1577641172778531E-005          -1           0           4
  -3.9608356147040178E-004  -3.2357378771912796E-005          -1           2           4
   0.0000000000000000        0.0000000000000000               -1           4           0
   0.0000000000000000        0.0000000000000000               -1           4           2
   1.7717384375116020E-004   1.4479174642586933E-005           0          -4           1
  -2.3626219758994104E-004  -1.9300738954301732E-005           0          -1           4
   0.0000000000000000        0.0000000000000000                0           1          -4
   0.0000000000000000        0.0000000000000000                0           4          -1
   7.4106480426007146E-004   6.0540742654325203E-005           1          -4          -2
   1.7717657155349846E-004   1.4477258034319543E-005           1          -4           0
  -7.7173366406364081E-004  -6.3047420020343180E-005           1          -2          -4
   1.1749276490557340E-005   9.5879827186882860E-007           1           0          -4
   5.0896241632502769E-004   4.1578032235357349E-005           1           1           5
   3.9608300829065379E-004   3.2357317075025268E-005           1           3           5
   0.0000000000000000        0.0000000000000000                1           5           1
   0.0000000000000000        0.0000000000000000                1           5           3
  -8.8345752593305460E-005  -7.2167044930385755E-006           2          -3          -2
  -1.0839258516621555E-004  -8.8558861632959204E-006           2          -2          -3
   7.4106336121842955E-004   6.0542879713328609E-005           2          -2           3
  -8.8346719339117011E-005  -7.2167856237427498E-006           2          -1           4
   0.0000000000000000        0.0000000000000000                2           3          -2
   0.0000000000000000        0.0000000000000000                2           4          -1
  -2.2834317222255809E-004  -1.8653719962639791E-005           2           4           5
   0.0000000000000000        0.0000000000000000                2           5           4
   7.4106484125529377E-004   6.0540604648057256E-005           3          -2           2
   1.0839157616816953E-004   8.8551011656034407E-006           3           1           5
  -2.2834530149306456E-004  -1.8654631604055875E-005           3           2          -2
   0.0000000000000000        0.0000000000000000                3           5           1
  -2.3625830757637736E-004  -1.9298560068503416E-005           4          -1           0
  -8.8346342649205461E-005  -7.2170159886963581E-006           4          -1           2
  -5.0896109599954419E-004  -4.1580466725741082E-005           4           0          -1
  -3.9608382529542741E-004  -3.2359569652087938E-005           4           2          -1
  -7.7173550019552742E-004  -6.3048705425473959E-005           4           2           5
   1.1749752516953623E-005   9.5935478166685787E-007           4           4           5
   0.0000000000000000        0.0000000000000000                4           5           2
   0.0000000000000000        0.0000000000000000                4           5           4
   5.0896255427451188E-004   4.1580825892159876E-005           5           1           1
   1.0839042141148500E-004   8.8550940972828720E-006           5           1           3
  -7.7173407519045016E-004  -6.3049304325251033E-005           5           2           4
   3.9608374990638328E-004   3.2358741724400423E-005           5           3           1
  -2.2834574806974249E-004  -1.8656295981628220E-005           5           4           2
   1.1748995162706925E-005   9.5863697815620188E-007           5           4           4
   1.5947633691009642E-004   1.3026671026011634E-005          -4          -4           0
   0.0000000000000000        0.0000000000000000               -4           0          -4
   1.5947402548818220E-004   1.3029034247099550E-005           0          -4          -4
   0.0000000000000000        0.0000000000000000                0           4           4
   1.5947462603291420E-004   1.3029013672641260E-005           4           0           4
   0.0000000000000000        0.0000000000000000                4           4           0
  -3.3641601911710181E-004  -2.7485083618980699E-005          -5          -5          -3
   0.0000000000000000        0.0000000000000000               -5          -3          -5
   0.0000000000000000        0.0000000000000000               -5          -2           0
   0.0000000000000000        0.0000000000000000               -5           0          -2
  -3.3641676475403454E-004  -2.7482761643221066E-005          -3          -5          -5
   0.0000000000000000        0.0000000000000000               -3           2           2
  -1.2690901382355209E-004  -1.0369724417907642E-005          -2          -5           0
   3.3641784977871803E-004   2.7483117369323923E-005          -2          -2           3
   0.0000000000000000        0.0000000000000000               -2           0          -5
   0.0000000000000000        0.0000000000000000               -2           3          -2
  -1.2691097362998451E-004  -1.0368871247262613E-005           0          -5          -2
   0.0000000000000000        0.0000000000000000                0          -2          -5
   0.0000000000000000        0.0000000000000000                0           2           5
   0.0000000000000000        0.0000000000000000                0           5           2
  -1.2690958926586495E-004  -1.0369280737794519E-005           2          -3           2
   3.3641528136310589E-004   2.7483606227544358E-005           2           0           5
   0.0000000000000000        0.0000000000000000                2           2          -3
   0.0000000000000000        0.0000000000000000                2           5           0
   3.3641652875147595E-004   2.7482524734970189E-005           3          -2          -2
   3.3641627583707304E-004   2.7483138646515822E-005           5           0           2
   0.0000000000000000        0.0000000000000000                5           2           0
   1.1748858990500625E-005   9.6196443694354030E-007          -5          -5          -4
   0.0000000000000000        0.0000000000000000               -5          -4          -5
   3.9608283203878658E-004   3.2356677099166821E-005          -5          -4          -1
   0.0000000000000000        0.0000000000000000               -5          -1          -4
   0.0000000000000000        0.0000000000000000               -5          -1           0
   0.0000000000000000        0.0000000000000000               -5           0          -1
   1.1747749306023075E-005   9.6009502482915640E-007          -4          -5          -5
   1.1303662466410054E-004   9.2329020518853587E-006          -4          -5          -1
  -3.9608240948384735E-004  -3.2357953638977243E-005          -4          -3           1
   0.0000000000000000        0.0000000000000000               -4          -1          -5
   0.0000000000000000        0.0000000000000000               -4           1          -3
   0.0000000000000000        0.0000000000000000               -4           1           1
  -1.1303658822406946E-004  -9.2340705192531651E-006          -3          -4           1
   0.0000000000000000        0.0000000000000000               -3           1          -4
   1.1303665074060747E-004   9.2344458178426408E-006          -1          -5          -4
   6.5275393489996891E-004   5.3326249514132775E-005          -1          -5           0
   3.9608407567514079E-004   3.2357902336324050E-005          -1          -4          -5
   1.1750224350431874E-005   9.5889113741609665E-007          -1          -1           4
   0.0000000000000000        0.0000000000000000               -1           0          -5
   0.0000000000000000        0.0000000000000000               -1           3           4
   0.0000000000000000        0.0000000000000000               -1           4          -1
   0.0000000000000000        0.0000000000000000               -1           4           3
   6.5275393289742083E-004   5.3324275526510752E-005           0          -5          -1
   0.0000000000000000        0.0000000000000000                0          -1          -5
   0.0000000000000000        0.0000000000000000                0           1           5
   0.0000000000000000        0.0000000000000000                0           5           1
  -1.1303657282212805E-004  -9.2341506967168172E-006           1          -4          -3
  -6.5275277578565147E-004  -5.3325015569485698E-005           1          -4           1
  -3.9608349833465559E-004  -3.2357398662275062E-005           1          -3          -4
  -1.1750409975067229E-005  -9.5979716470102351E-007           1           0           5
   0.0000000000000000        0.0000000000000000                1           1          -4
   0.0000000000000000        0.0000000000000000                1           4           5
   0.0000000000000000        0.0000000000000000                1           5           0
   0.0000000000000000        0.0000000000000000                1           5           4
   1.1303648171901045E-004   9.2336946927916421E-006           3          -1           4
   0.0000000000000000        0.0000000000000000                3           4          -1
   1.1748939675367658E-005   9.6236420612540604E-007           4          -1          -1
   1.1303595983155422E-004   9.2332461543769376E-006           4          -1           3
  -3.9608228760348581E-004  -3.2357336664028390E-005           4           1           5
   0.0000000000000000        0.0000000000000000                4           3          -1
   0.0000000000000000        0.0000000000000000                4           5           1
  -1.1749005431874132E-005  -9.6131613306736833E-007           5           0           1
   0.0000000000000000        0.0000000000000000                5           1           0
  -3.9608299965712186E-004  -3.2357242935405213E-005           5           1           4
   0.0000000000000000        0.0000000000000000                5           4           1
   0.0000000000000000        0.0000000000000000               -6          -3          -3
  -2.2834455470730438E-004  -1.8653441967237482E-005          -5          -5          -2
   0.0000000000000000        0.0000000000000000               -5          -3           0
   0.0000000000000000        0.0000000000000000               -5          -2          -5
   0.0000000000000000        0.0000000000000000               -5           0          -3
   1.2333033862864075E-004   1.0076701874119505E-005          -3          -6          -3
  -1.9722149928941306E-004  -1.6114847051725699E-005          -3          -5           0
   0.0000000000000000        0.0000000000000000               -3          -3          -6
  -2.2834544214502775E-004  -1.8653115805981465E-005          -3          -3           2
   0.0000000000000000        0.0000000000000000               -3           0          -5
   0.0000000000000000        0.0000000000000000               -3           0           3
   0.0000000000000000        0.0000000000000000               -3           2          -3
   0.0000000000000000        0.0000000000000000               -3           3           0
  -2.2834457332117426E-004  -1.8655371601292445E-005          -2          -5          -5
   0.0000000000000000        0.0000000000000000               -2           3           3
  -1.9722493548093910E-004  -1.6112469059049032E-005           0          -5          -3
   0.0000000000000000        0.0000000000000000                0          -3          -5
  -1.2332923634501399E-004  -1.0075980106231137E-005           0          -3           3
   0.0000000000000000        0.0000000000000000                0           3          -3
   0.0000000000000000        0.0000000000000000                0           3           5
   0.0000000000000000        0.0000000000000000                0           5           3
  -2.2834405672495311E-004  -1.8653427841124469E-005           2          -3          -3
  -1.2333088396252858E-004  -1.0076039280437801E-005           3          -3           0
   1.9722406573676525E-004   1.6111578675640204E-005           3          -2           3
   0.0000000000000000        0.0000000000000000                3           0          -3
   2.2834381083801979E-004   1.8654342803373346E-005           3           0           5
   0.0000000000000000        0.0000000000000000                3           3          -2
   0.0000000000000000        0.0000000000000000                3           5           0
   2.2834463497935995E-004   1.8653964384885675E-005           5           0           3
   0.0000000000000000        0.0000000000000000                5           3           0
   0.0000000000000000        0.0000000000000000               -6          -4          -3
   0.0000000000000000        0.0000000000000000               -6          -3          -4
   0.0000000000000000        0.0000000000000000               -6          -3          -2
   0.0000000000000000        0.0000000000000000               -6          -2          -3
   0.0000000000000000        0.0000000000000000               -5          -5          -5
   0.0000000000000000        0.0000000000000000               -5           0           0
  -8.1075214241639785E-006  -6.6248304281547135E-007          -4          -6          -3
   0.0000000000000000        0.0000000000000000               -4          -3          -6
   0.0000000000000000        0.0000000000000000               -4          -1           2
   0.0000000000000000        0.0000000000000000               -4           2          -1
  -8.1078707032424099E-006  -6.6154153629379702E-007          -3          -6          -4
   2.6340179665365127E-005   2.1530684629807023E-006          -3          -6          -2
   0.0000000000000000        0.0000000000000000               -3          -4          -6
   0.0000000000000000        0.0000000000000000               -3          -2          -6
   0.0000000000000000        0.0000000000000000               -3          -1           3
   0.0000000000000000        0.0000000000000000               -3           1           3
   0.0000000000000000        0.0000000000000000               -3           3          -1
   0.0000000000000000        0.0000000000000000               -3           3           1
   2.6340613466345531E-005   2.1524701859095917E-006          -2          -6          -3
   0.0000000000000000        0.0000000000000000               -2          -3          -6
   0.0000000000000000        0.0000000000000000               -2           1           4
   0.0000000000000000        0.0000000000000000               -2           4           1
   2.6339558962095888E-005   2.1528668053407333E-006          -1          -4           2
   8.1098782519989052E-006   6.6135724007819812E-007          -1          -3           3
   0.0000000000000000        0.0000000000000000               -1           2          -4
   0.0000000000000000        0.0000000000000000               -1           3          -3
   6.9789828059160005E-004   5.7014771525740051E-005           0          -5           0
   0.0000000000000000        0.0000000000000000                0           0          -5
   0.0000000000000000        0.0000000000000000                0           0           5
   0.0000000000000000        0.0000000000000000                0           5           0
  -2.6340786676578956E-005  -2.1527931175708332E-006           1          -3           3
  -8.1099091555558454E-006  -6.6160067224949361E-007           1          -2           4
   0.0000000000000000        0.0000000000000000                1           3          -3
   0.0000000000000000        0.0000000000000000                1           4          -2
   2.6341145137451581E-005   2.1534054536952550E-006           2          -4          -1
   0.0000000000000000        0.0000000000000000                2          -1          -4
   8.1092562131352177E-006   6.6089932998905231E-007           3          -3          -1
  -2.6340005269524893E-005  -2.1530265069377360E-006           3          -3           1
   0.0000000000000000        0.0000000000000000                3          -1          -3
   0.0000000000000000        0.0000000000000000                3           1          -3
  -8.1082606089368957E-006  -6.6105614903804700E-007           4          -2           1
   0.0000000000000000        0.0000000000000000                4           1          -2
   0.0000000000000000        0.0000000000000000                5           0           0
   0.0000000000000000        0.0000000000000000               -6          -4          -4
   0.0000000000000000        0.0000000000000000               -6          -2          -2
   0.0000000000000000        0.0000000000000000               -4          -6          -4
   0.0000000000000000        0.0000000000000000               -4          -4          -6
   0.0000000000000000        0.0000000000000000               -4           0           2
   0.0000000000000000        0.0000000000000000               -4           2           0
  -2.4978913165938244E-004  -2.0406016760697326E-005          -2          -6          -2
   0.0000000000000000        0.0000000000000000               -2          -2          -6
   0.0000000000000000        0.0000000000000000               -2           0           4
   0.0000000000000000        0.0000000000000000               -2           4           0
  -2.4978834939394279E-004  -2.0405509894532062E-005           0          -4           2
   0.0000000000000000        0.0000000000000000                0          -2           4
   0.0000000000000000        0.0000000000000000                0           2          -4
   0.0000000000000000        0.0000000000000000                0           4          -2
  -2.4978957968247410E-004  -2.0404829297545890E-005           2          -4           0
   0.0000000000000000        0.0000000000000000                2           0          -4
   0.0000000000000000        0.0000000000000000                4          -2           0
   0.0000000000000000        0.0000000000000000                4           0          -2
   0.0000000000000000        0.0000000000000000               -6          -4          -2
   0.0000000000000000        0.0000000000000000               -6          -2          -4
   0.0000000000000000        0.0000000000000000               -4          -6          -2
   0.0000000000000000        0.0000000000000000               -4          -2          -6
   0.0000000000000000        0.0000000000000000               -4          -2           2
   0.0000000000000000        0.0000000000000000               -4           2          -2
   0.0000000000000000        0.0000000000000000               -2          -6          -4
   0.0000000000000000        0.0000000000000000               -2          -4          -6
   0.0000000000000000        0.0000000000000000               -2          -4           2
   0.0000000000000000        0.0000000000000000               -2           2          -4
   0.0000000000000000        0.0000000000000000                2          -4          -2
   0.0000000000000000        0.0000000000000000                2          -2          -4
   0.0000000000000000        0.0000000000000000               -5          -5          -1
   0.0000000000000000        0.0000000000000000               -5          -4           0
   0.0000000000000000        0.0000000000000000               -5          -1          -5
   0.0000000000000000        0.0000000000000000               -5           0          -4
   0.0000000000000000        0.0000000000000000               -4          -5           0
   0.0000000000000000        0.0000000000000000               -4          -4           1
   0.0000000000000000        0.0000000000000000               -4           0          -5
   0.0000000000000000        0.0000000000000000               -4           1          -4
   0.0000000000000000        0.0000000000000000               -1          -5          -5
   0.0000000000000000        0.0000000000000000                0          -5          -4
   0.0000000000000000        0.0000000000000000                0          -4          -5
   0.0000000000000000        0.0000000000000000                1          -4          -4
