         718          24          24          24
  -9.9115659338170644E-009   4.5588776744360472E-009           0           0           0
  0.21285978782939438      -0.29339718804150305               -1          -1          -1
  -2.2502705503027558E-002   3.0995261790757067E-002          -1           0           0
   6.7984697368173835E-002  -9.3686198125985873E-002           0          -1           0
  -1.4666879944023513E-008   2.9321663942665695E-008           0           0          -1
   9.0707581759500509E-009   1.8361198798928069E-008           0           0           1
  0.31817434248407656      -0.43845612010713636                0           1           0
 -0.10531453311065006       0.14505897395364026                1           0           0
   4.5481972321653422E-002  -6.2690982039663987E-002           1           1           1
   3.4039785411952489E-002  -4.6919142591010439E-002          -1          -1           0
 -0.10512939909015337       0.14480465062516953               -1           0          -1
  0.31761473909695603      -0.43768678989382870                0          -1          -1
   5.0881313291348707E-002  -7.0116518091553934E-002           0           1           1
  -1.6841519382576300E-002   2.3197377496162849E-002           1           0           1
  0.21248536385486977      -0.29288206220579954                1           1           0
   2.1596259786299608E-002  -2.9765302131785118E-002          -2          -1          -1
   1.2997090447015459E-002  -1.7916549491515842E-002          -1          -2          -1
   4.5385728196822753E-002  -6.2557548626936160E-002          -1          -1          -2
  -7.8694559688370039E-004   1.0839637211400583E-003          -1           0           1
   2.6946260278002232E-002  -3.7134188124710005E-002          -1           1           0
   2.3775125980685760E-003  -3.2763429676897341E-003           0          -1           1
   6.7840750161211008E-002  -9.3486720525407338E-002           0           1          -1
  -3.1662626362118254E-003   4.3567672658869419E-003           1          -1           0
  -2.2455035017626926E-002   3.0929135710542562E-002           1           0          -1
   1.5905552738762567E-003  -2.1924095306751186E-003           1           1           2
  -2.4762524800329741E-002   3.4122067679696347E-002           1           2           1
   1.3949160472561969E-002  -1.9217654452584564E-002           2           1           1
  -2.7893987853059611E-004   3.8451128935840158E-004          -2          -2          -1
   1.3909865140500870E-002  -1.9163480611030698E-002          -2          -1          -2
   4.5894414703932726E-003  -6.3260501747675873E-003          -2          -1           0
  -8.8224580727924596E-003   1.2151990692600314E-002          -2           0          -1
  -2.4704093239583037E-002   3.4042114258261570E-002          -1          -2          -2
   5.2549119100925414E-003  -7.2429989118704338E-003          -1          -2           0
   1.0770164213669763E-003  -1.4845228947387378E-003          -1          -1           1
  -1.6776539943040798E-002   2.3107874997426135E-002          -1           0          -2
  -3.1644005453213609E-003   4.3546215105279467E-003          -1           1          -1
   7.2729772326085183E-003  -1.0022309758383400E-002          -1           1           1
   2.6654238526790858E-002  -3.6730594479231431E-002           0          -2          -1
   5.0684974039495720E-002  -6.9845906476805913E-002           0          -1          -2
   1.6098780643240191E-003  -2.2184858588108485E-003           0           1           2
   4.1693083164083105E-004  -5.7463063091921663E-004           0           2           1
   2.6880245402179141E-002  -3.7043706303197671E-002           1          -1          -1
  -2.8525330119310139E-003   3.9293611860297811E-003           1          -1           1
  -5.3285993149682521E-004   7.3396721304142215E-004           1           0           2
   3.3908429982014772E-002  -4.6738023127174302E-002           1           1          -1
   1.2970396259842840E-002  -1.7880206796638869E-002           1           2           0
  -7.4419795049066309E-003   1.0255401062399477E-002           1           2           2
  -1.3799306536791775E-004   1.9010924870022119E-004           2           0           1
   2.1539692838055083E-002  -2.9687475647675651E-002           2           1           0
   2.0180597885888713E-003  -2.7793237687095658E-003           2           1           2
  -1.7831778490786241E-002   2.4578613209528446E-002           2           2           1
  -1.7860816316420385E-002   2.4618665747293197E-002          -2          -2          -2
  -3.5678960046408741E-003   4.9144114389573189E-003          -2           0           0
   1.0779252352116121E-002  -1.4854282823280756E-002           0          -2           0
  -2.9042866669497710E-009  -1.0413773403478045E-008           0           0          -2
   3.8623426635602441E-009   1.0977568022439099E-008           0           0           2
   2.6697631371035507E-002  -3.6790425204039481E-002           0           2           0
  -8.8368110723350424E-003   1.2171748932887104E-002           2           0           0
  -7.2113545283837219E-003   9.9398807127902278E-003           2           2           2
   1.2242426433045994E-003  -1.6874473553768726E-003          -2          -2           0
  -1.3614345454758002E-004   1.8751794152465295E-004          -2           0          -2
   4.1134647946749347E-004  -5.6677096240688105E-004           0          -2          -2
  -1.8299560823215259E-003   2.5217322860845732E-003           0           2           2
   6.0571186274444716E-004  -8.3428940569987636E-004           2           0           2
  -2.7519763400981137E-004   3.7926493459296474E-004           2           2           0
  -4.0412110607259775E-003   5.5701330528195028E-003          -3          -2          -2
   3.1743462887020690E-003  -4.3737803561465305E-003          -3          -1          -1
  -3.6827643466380853E-003   5.0762616500253377E-003          -2          -3          -2
  -7.2174612066191988E-003   9.9482412632689657E-003          -2          -2          -3
  -6.1631143744146546E-004   8.4890740824655352E-004          -2           0           1
   5.6226122361166899E-004  -7.7589649984719216E-004          -2           1           0
  -3.5674219468987572E-003   4.9155828273489731E-003          -1          -3          -1
   1.5794386210755305E-003  -2.1769892602304382E-003          -1          -1          -3
  -2.4822546488926454E-004   3.4191194531873738E-004          -1           0           2
   5.8182592259413378E-003  -8.0178273367688940E-003          -1           2           0
   1.8619921553100400E-003  -2.5659053367636476E-003           0          -2           1
   7.4993999577580093E-004  -1.0334420337503912E-003           0          -1           2
   2.3608693951564087E-003  -3.2533377189379450E-003           0           1          -2
   1.0788371449092043E-002  -1.4866769090125210E-002           0           2          -1
   4.3241534790106825E-003  -5.9593600482158865E-003           1          -2           0
  -7.8144378835567549E-004   1.0763178470055948E-003           1           0          -2
   5.0171139479899694E-004  -6.9154568156819989E-004           1           1           3
  -5.7272338538532181E-003   7.8922652550745594E-003           1           3           1
  -1.6860246613139332E-003   2.3221213898795448E-003           2          -1           0
  -3.5709103621758202E-003   4.9185182232632995E-003           2           0          -1
  -1.2456787759352200E-003   1.7169992621258263E-003           2           2           3
  -1.1498033318632775E-003   1.5855871538331370E-003           2           3           2
   2.1354963734650117E-003  -2.9415573639003396E-003           3           1           1
  -4.1296782872355352E-003   5.6914880503579251E-003           3           2           2
   3.2726664168580843E-004  -4.5088715374866096E-004          -3          -2          -1
   2.1183463974515909E-003  -2.9179788702817502E-003          -3          -1          -2
  -5.9489721456442151E-004   8.1975640689700301E-004          -2          -3          -1
   1.9961721625419786E-003  -2.7491813615799759E-003          -2          -1          -3
  -7.9177741072986469E-005   1.0916334141724636E-004          -2          -1           1
  -1.6909406749573692E-003   2.3289233498248623E-003          -2           1          -1
  -5.7109816476591880E-003   7.8699334524503818E-003          -1          -3          -2
  -7.4251042762624106E-003   1.0232247801167764E-002          -1          -2          -3
  -1.9512056562338888E-004   2.6891459502271332E-004          -1          -2           1
  -2.8612170021715035E-003   3.9413583144581130E-003          -1           1          -2
  -1.9028189884396734E-004   2.6220799884233326E-004          -1           1           2
   8.2925564306770132E-005  -1.1411398194863870E-004          -1           2           1
   5.7975327653554849E-003  -7.9893202683873690E-003           1          -2          -1
   7.2499077370788891E-003  -9.9906033651973609E-003           1          -1          -2
   1.4055177501711336E-004  -1.9364576904664355E-004           1          -1           2
   5.2537442913366105E-003  -7.2414050979399116E-003           1           2          -1
   2.1972623127275719E-004  -3.0282031755053554E-004           1           2           3
  -3.1710599749370475E-004   4.3712426128374599E-004           1           3           2
  -6.4437296340278381E-004   8.8800695782179117E-004           2          -1           1
   4.5638929280782184E-003  -6.2908723873204564E-003           2           1          -1
   4.8354938701999401E-006  -6.7178853804645133E-006           2           1           3
  -3.6791865620446726E-003   5.0713476677502088E-003           2           3           1
  -5.1197099053311825E-004   7.0564671074049205E-004           3           1           2
  -4.0200389847889961E-003   5.5410159500957267E-003           3           2           1
  -1.9729619373949638E-003   2.7194529563166672E-003          -3          -3          -2
  -4.1328223881949089E-003   5.6957860671275297E-003          -3          -2          -3
   1.4031847879857557E-003  -1.9333074773350274E-003          -3          -1           0
   1.0160828628458895E-003  -1.3995355417800739E-003          -3           0          -1
  -1.1529014056428949E-003   1.5898218277151349E-003          -2          -3          -3
   7.8561887716432652E-005  -1.0878785779091404E-004          -2           1           1
  -1.8509190843244967E-003   2.5504458470890271E-003          -1          -3           0
   1.9192831256507865E-004  -2.6454303934244608E-004          -1          -1           2
  -5.3015951514511319E-004   7.3024054294141779E-004          -1           0          -3
   4.3288181218229969E-003  -5.9657540828306661E-003          -1           2          -1
  -3.0697592394014024E-003   4.2302512556859897E-003           0          -3          -1
   1.6017202541625168E-003  -2.2072247890550325E-003           0          -1          -3
   2.8688505117192132E-004  -3.9534059939865798E-004           0           1           3
  -2.9491108492877174E-003   4.0639819658939581E-003           0           3           1
   2.1509998470575159E-003  -2.9643569313668157E-003           1          -2           1
  -9.4957039583097100E-005   1.3079368603555508E-004           1           0           3
   1.0715583392003842E-003  -1.4769827846372739E-003           1           1          -2
  -3.5720719249249903E-003   4.9219549000143097E-003           1           3           0
   5.6074740470521401E-004  -7.7384201118410590E-004           2          -1          -1
  -7.4781523803953782E-004   1.0310494008845487E-003           2           3           3
   9.7614938360175122E-004  -1.3445244035410848E-003           3           0           1
   3.1759185346633841E-003  -4.3759218660243109E-003           3           1           0
  -1.9294810293118846E-003   2.6592338569720055E-003           3           2           3
  -2.0536768020535880E-003   2.8307136181093119E-003           3           3           2
  -2.0497620732307757E-003   2.8253157168274716E-003          -3          -3          -3
   6.4960158172159847E-005  -8.9542831194821797E-005          -3          -3          -1
   8.6189660712192469E-004  -1.1878077891777636E-003          -3          -2           0
  -5.2088223345159472E-004   7.1789257719121337E-004          -3          -1          -3
   9.7371987134916920E-004  -1.3411929540042438E-003          -3           0          -2
   6.0845377076225416E-004  -8.3807053841974239E-004          -3           0           0
   1.4903315049949997E-005  -2.0752167539468776E-005          -2          -3           0
  -3.2393978900694092E-004   4.4650482054002738E-004          -2          -2           1
   6.0451374961184297E-004  -8.3264875694539847E-004          -2           0          -3
  -6.5048365743764630E-004   8.9643330983471613E-004          -2           1          -2
  -3.1439250673829904E-004   4.3340892215262757E-004          -1          -3          -3
  -7.6285549347568989E-004   1.0513841093766471E-003          -1           2           2
  -2.9417704613156344E-003   4.0538894178268276E-003           0          -3          -2
  -1.8382421520478818E-003   2.5331669265258893E-003           0          -3           0
  -1.8263263051013657E-003   2.5167734332175451E-003           0          -2          -3
  -2.5499544438084477E-009  -8.1260350059075178E-009           0           0          -3
  -2.7696246160682273E-011   1.5923541627653877E-009           0           0           3
   4.8421172956761229E-004  -6.6726940611003564E-004           0           2           3
  -3.0639093785233646E-003   4.2221882805865332E-003           0           3           0
   9.7100331061495169E-005  -1.3381811472161731E-004           0           3           2
   7.7167511106655075E-005  -1.0619797093358401E-004           1          -2          -2
   5.4776171012895685E-004  -7.5470277162708330E-004           1           3           3
  -3.1413660848856196E-004   4.3310403064523425E-004           2          -1           2
  -1.6027120993990489E-004   2.2075887523339391E-004           2           0           3
   1.2218159993372991E-003  -1.6841156704049771E-003           2           2          -1
  -5.9804724106782259E-004   8.2409623113286921E-004           2           3           0
   1.0141472255182555E-003  -1.3968709668883705E-003           3           0           0
  -3.2137465960186350E-005   4.4277973651603132E-005           3           0           2
  -7.4795023265939635E-004   1.0306327963485980E-003           3           1           3
   3.3609399347903692E-004  -4.6301916414740227E-004           3           2           0
  -1.9680486722856170E-003   2.7126977140973225E-003           3           3           1
  -1.2297905779422046E-003   1.6950940205806475E-003           3           3           3
  -1.6602696643721344E-003   2.2878038460451677E-003          -4          -2          -2
   1.0026437614460446E-003  -1.3813582492386454E-003          -2          -4          -2
  -1.2451922653097225E-003   1.7163181592217175E-003          -2          -2          -4
  -2.5794145716988612E-004   3.5528658572281201E-004          -2           0           2
   8.2961939398458104E-004  -1.1436817584155512E-003          -2           2           0
   7.7928756789604186E-004  -1.0738876802286051E-003           0          -2           2
   1.8612606426564313E-003  -2.5648888024651204E-003           0           2          -2
   1.5068936287759721E-003  -2.0768827069776201E-003           2          -2           0
  -6.1607057190541184E-004   8.4856748227530275E-004           2           0          -2
  -5.2134650242321079E-004   7.1860300485686161E-004           2           2           4
   1.5337484034343461E-004  -2.1092491624067109E-004           2           4           2
  -1.8322645295990305E-003   2.5250365104154738E-003           4           2           2
  -1.2602642131558164E-003   1.7369214390553836E-003          -4          -3          -2
  -1.8287336919466486E-003   2.5201811365600309E-003          -4          -2          -3
  -3.8562415787971087E-004   5.3117832372114005E-004          -4          -2          -1
  -5.4108914815571190E-004   7.4533225434035252E-004          -4          -1          -2
  -4.9344250164640581E-004   6.8033417695282598E-004          -3          -4          -2
  -1.9227471866686166E-003   2.6499553480283135E-003          -3          -2          -4
   2.4042501106630510E-004  -3.3112912818457829E-004          -3          -1           1
   3.9920860484863018E-004  -5.4980214713311023E-004          -3           1          -1
   1.5221456187782006E-004  -2.0932672101267957E-004          -2          -4          -3
   1.0360505207051693E-003  -1.4277071379060063E-003          -2          -4          -1
  -7.4414311859225760E-004   1.0259805900137925E-003          -2          -3          -4
   7.0481028954946727E-007  -1.0254840089558068E-006          -2          -1          -4
  -1.1533012593399401E-004   1.5891936940100988E-004          -2          -1           2
  -3.1392797271861847E-004   4.3243198297478284E-004          -2           1           2
   1.5045282894830738E-003  -2.0736241825101190E-003          -2           2          -1
  -3.0560081889501099E-004   4.2090078847409270E-004          -2           2           1
   1.4060305327514332E-003  -1.9375411010452940E-003          -1          -4          -2
  -8.4484204430153081E-004   1.1642350027171518E-003          -1          -3           1
   2.1580502141044521E-004  -2.9739640817688179E-004          -1          -2          -4
   8.5957578748214653E-005  -1.1843092412861132E-004          -1          -2           2
   1.3450183416059363E-004  -1.8531551222593639E-004          -1           1          -3
  -4.7513023371014776E-005   6.5507606925321098E-005          -1           1           3
   2.1428325494062773E-003  -2.9531034254302734E-003          -1           2          -2
  -1.4080576867041745E-003   1.9404871627657012E-003          -1           3           1
  -1.4347636718150154E-003   1.9771759618685096E-003           1          -3          -1
   8.2995627612838889E-004  -1.1437031621764858E-003           1          -2           2
  -1.8842257966770399E-004   2.5962934974520696E-004           1          -1          -3
  -1.1893538695837063E-004   1.6391948456396393E-004           1          -1           3
  -1.8912628359948389E-004   2.6066236636162153E-004           1           2          -2
  -3.6043919225395730E-006   4.9984965077810514E-006           1           2           4
  -1.8435300590325442E-003   2.5402664642610916E-003           1           3          -1
   1.2133248341832607E-003  -1.6718877881912802E-003           1           4           2
   8.2726394019345050E-004  -1.1404348846388536E-003           2          -2          -1
   1.0522559105599384E-003  -1.4500631871439676E-003           2          -2           1
   7.9216054235324289E-005  -1.0969288990200162E-004           2          -1          -2
  -8.1302357155850469E-005   1.1208857578421317E-004           2           1          -2
  -1.3346968193878283E-004   1.8393686309883480E-004           2           1           4
  -5.8953284542111347E-004   8.1257593181941758E-004           2           3           4
   1.0014712659320757E-003  -1.3797453813701390E-003           2           4           1
  -6.6663450927731546E-004   9.1888202597977084E-004           2           4           3
  -4.6941768504103674E-005   6.5031213406806991E-005           3          -1           1
   1.3986901169200192E-003  -1.9271189873222559E-003           3           1          -1
  -5.3091527777857973E-004   7.3180498407373468E-004           3           2           4
  -8.9367762536263933E-004   1.2318375593609392E-003           3           4           2
  -9.1461260135735874E-004   1.2601553427012524E-003           4           1           2
  -1.6567410300319687E-003   2.2829519145779005E-003           4           2           1
  -7.3045196074214037E-004   1.0068037317462039E-003           4           2           3
  -1.0068249618467517E-003   1.3877331386999018E-003           4           3           2
  -1.0008915120987888E-003   1.3795752159858220E-003          -4          -3          -3
   1.8378716670658648E-004  -2.5340896885036235E-004          -4          -1          -1
  -8.9189005817783430E-004   1.2293795721334015E-003          -3          -4          -3
  -1.2210314827430237E-003   1.6830275034703654E-003          -3          -3          -4
   4.0556882275712987E-004  -5.5902452499383853E-004          -3          -3           0
  -3.2618015224633374E-005   4.4927243468092304E-005          -3           0          -3
   1.3908210339170411E-004  -1.9157187049187211E-004          -3           0           1
   4.8140567217702548E-004  -6.6334536639093395E-004          -3           1           0
   5.1693882888625411E-004  -7.1244763187800180E-004          -1          -4          -1
   4.9707932079337644E-004  -6.8514426544839108E-004          -1          -1          -4
  -4.2877921193645924E-005   5.9063371209523718E-005          -1           0           3
  -1.4284718458378613E-003   1.9685155156014930E-003          -1           3           0
   9.8554043482972342E-005  -1.3580252241783122E-004           0          -3          -3
  -4.2019344069832123E-004   5.7904196987887239E-004           0          -3           1
   1.2954371598769947E-004  -1.7851358882594860E-004           0          -1           3
   7.4300754696782320E-004  -1.0239028047792378E-003           0           1          -3
  -1.8251523817708745E-003   2.5151398609099037E-003           0           3          -1
   6.0623135024555580E-004  -8.3541606288071318E-004           0           3           3
  -3.8222517749477287E-004   5.2663401540593239E-004           1          -3           0
  -2.4593465673492524E-004   3.3874083744648545E-004           1           0          -3
   8.6664819714325750E-005  -1.1945806551804365E-004           1           1           4
   1.4007931270518677E-003  -1.9303359064018815E-003           1           4           1
   3.9990031698473503E-004  -5.5076429865345464E-004           3          -1           0
   6.0412123339550691E-004  -8.3211044280255303E-004           3           0          -1
  -2.0066167153304007E-004   2.7638989552675945E-004           3           0           3
   6.5936453269235812E-005  -9.0876008803983030E-005           3           3           0
  -2.8111161213214712E-004   3.8747250002463138E-004           3           3           4
  -5.6601345801205263E-004   7.8004119455388134E-004           3           4           3
  -5.3658023313578719E-004   7.3913968212346729E-004           4           1           1
  -3.5534297885778167E-005   4.9100249628023812E-005           4           3           3
  -4.7112256800873242E-004   6.4922405555999996E-004          -4          -3          -1
  -9.1540151406561022E-004   1.2612324057220360E-003          -4          -1          -3
   1.6516077518482521E-004  -2.2749535995136497E-004          -3          -4          -1
   1.5915366864418075E-004  -2.1927018308184629E-004          -3          -2           1
  -7.4796771101182991E-004   1.0306489584509370E-003          -3          -1          -4
  -4.7910119867358268E-005   6.6372766265094393E-005          -3           1          -2
  -2.6721634471598451E-004   3.6821522659972805E-004          -2          -3           1
  -3.1502810620333472E-004   4.3433712624569665E-004          -2           1          -3
   1.2128721394310887E-003  -1.6712576896755168E-003          -1          -4          -3
   5.4634687676017050E-004  -7.5274722799660847E-004          -1          -3          -4
   2.6624196333053030E-005  -3.6620776182245496E-005          -1           2           3
  -3.0946314187484472E-004   4.2655551355774268E-004          -1           3           2
  -1.4079611659864207E-003   1.9403485644245741E-003           1          -3          -2
  -7.6162499367957289E-004   1.0496830337204141E-003           1          -2          -3
  -1.3490101693527763E-004   1.8596812700439214E-004           1           3           4
   1.4787883412451820E-004  -2.0368028928309195E-004           1           4           3
  -2.9405449453998500E-004   4.0523731994649651E-004           2          -1           3
   1.3658824873665130E-005  -1.9031696404694976E-005           2           3          -1
  -3.2324321524792465E-004   4.4554453896145639E-004           3          -1           2
  -2.4059236932282208E-004   3.3159549801428764E-004           3           1           4
   8.6137658360310807E-004  -1.1870818652610208E-003           3           2          -1
  -4.9256137424616344E-004   6.7911236040227318E-004           3           4           1
  -4.7462423802737108E-004   6.5405018257832202E-004           4           1           3
  -1.2607840002374243E-003   1.7376265788431467E-003           4           3           1
  -1.8515534504085664E-004   2.5521299690786805E-004          -4          -4          -3
  -3.0381408828643048E-005   4.2009439114771472E-005          -4          -3          -4
   3.1608468765917191E-004  -4.3554029653877319E-004          -4          -1           0
   1.8214035806729791E-004  -2.5087800399046552E-004          -4           0          -1
  -5.6228930385882005E-004   7.7490732316001689E-004          -3          -4          -4
   1.1148517682125632E-004  -1.5372480386467621E-004          -3           1           1
  -2.6577317727364402E-004   3.6618990070164630E-004          -1          -4           0
   6.6401399815495818E-005  -9.1524258330364993E-005          -1          -1           3
  -9.4199471496229101E-005   1.2975424036681555E-004          -1           0          -4
  -3.7541142625169391E-004   5.1724799565030643E-004          -1           3          -1
  -5.5027849289597400E-004   7.5830576216647471E-004           0          -4          -1
   2.8459968538915051E-004  -3.9218686466174421E-004           0          -1          -4
   9.9254639668331117E-005  -1.3677873046143783E-004           0           1           4
   2.7676318227000559E-004  -3.8139503631552012E-004           0           4           1
   3.5236343102192699E-004  -4.8562668296006303E-004           1          -3           1
  -3.2852923020492717E-005   4.5249860223032068E-005           1           0           4
   1.9039840601007871E-004  -2.6243819241283055E-004           1           1          -3
   5.1048929261847159E-004  -7.0356446318809330E-004           1           4           0
   4.8010627092198206E-004  -6.6155746541119462E-004           3          -1          -1
   3.6277321244387745E-005  -5.0085996065106432E-005           3           4           4
  -9.1605973943721856E-005   1.2618423293018485E-004           4           0           1
   1.8687926330515224E-004  -2.5765708141133883E-004           4           1           0
   3.7725671669250408E-004  -5.1991419668089131E-004           4           3           4
   3.6813630216761409E-004  -5.0742705958779397E-004           4           4           3
  -4.6258479537584579E-004   6.3761494910356364E-004          -4          -4          -2
  -7.2522816378587914E-004   9.9961682637132883E-004          -4          -2          -4
   1.2966941825002176E-004  -1.7877284330215638E-004          -4          -2           0
  -9.2756756982187211E-005   1.2776175094929268E-004          -4           0          -2
  -6.6413568350054300E-004   9.1543274185498986E-004          -2          -4          -4
   2.9214660521840698E-004  -4.0264517868809663E-004          -2          -4           0
  -8.8354342565157286E-005   1.2178345275064359E-004          -2          -2           2
  -1.5900235370772372E-004   2.1901193228609635E-004          -2           0          -4
   1.0461399049970577E-003  -1.4416363706013782E-003          -2           2          -2
  -2.9462763963010815E-004   4.0598498242139545E-004          -2           2           2
   2.8023768563222403E-004  -3.8617696142676926E-004           0          -4          -2
   4.8038187547451189E-004  -6.6197844424602259E-004           0          -2          -4
   1.3206908256279963E-004  -1.8199889534767033E-004           0           2           4
   6.9145761516811331E-004  -9.5285925632398463E-004           0           4           2
  -3.0539997542682436E-004   4.2062131395183668E-004           2          -2          -2
   2.0621894611143156E-004  -2.8412300729707544E-004           2          -2           2
  -4.3714393298016932E-005   6.0211412405530905E-005           2           0           4
  -3.2137779347649775E-004   4.4297477653546744E-004           2           2          -2
   1.0306288368894319E-003  -1.4202385941065310E-003           2           4           0
  -3.3588932664333247E-004   4.6289699951485697E-004           2           4           4
  -2.2887111710477950E-004   3.1524606184892381E-004           4           0           2
  -3.8200354132311330E-004   5.2620334056024661E-004           4           2           0
   2.4798231288834880E-006  -3.3387202599211219E-006           4           2           4
  -1.8748290190122243E-004   2.5841364474648426E-004           4           4           2
   3.6927512392701830E-004  -5.0899582853335037E-004          -4          -4          -4
   2.1091104565761841E-004  -2.9050460540905928E-004          -4           0           0
  -6.3719783315665320E-004   8.7808261207568243E-004           0          -4           0
   5.4430195516381407E-011  -8.3511890721479728E-010           0           0          -4
   3.4315999007096340E-010  -2.5438673907211955E-010           0           0           4
  -5.5197850069334720E-004   7.6064888546318894E-004           0           4           0
   1.8270382262018911E-004  -2.5165274876714610E-004           4           0           0
   4.2628706168567140E-004  -5.8757735270762541E-004           4           4           4
   1.3265957305053693E-004  -1.8271892586335295E-004          -5          -3          -3
  -4.5917722295627504E-004   6.3276945267301034E-004          -5          -2          -2
  -1.9841491573739545E-004   2.7349007951932855E-004          -4          -4          -1
  -3.5948709637433359E-005   4.9503918980500506E-005          -4          -3           0
  -4.7336678813793070E-004   6.5231965843126443E-004          -4          -1          -4
  -2.2897828491553351E-004   3.1538485869641209E-004          -4           0          -3
  -4.0520777975418709E-004   5.5839145794574338E-004          -3          -5          -3
   1.5149956352959236E-004  -2.0877602026258044E-004          -3          -4           0
  -2.7708137047590786E-004   3.8191722631670128E-004          -3          -3          -5
   5.1992444543332260E-005  -7.1665276216978461E-005          -3          -3           1
  -1.9988845347858406E-004   2.7531897576044031E-004          -3           0          -4
  -4.3692629018471981E-005   6.0182442839406300E-005          -3           0           2
  -3.2202361988205178E-004   4.4386411115310314E-004          -3           1          -3
   3.1600356143288215E-004  -4.3556308710697103E-004          -3           2           0
   1.3778338264994444E-004  -1.8976918126048411E-004          -2          -5          -2
  -5.1858056028559617E-004   7.1478935105579713E-004          -2          -2          -5
  -4.9515274363601604E-005   6.8202485812309972E-005          -2           0           3
  -1.3540219861144884E-004   1.8650298455430458E-004          -2           3           0
   1.4807333296209480E-004  -2.0394935159214508E-004          -1          -4          -4
   6.2559952072047470E-005  -8.6181286883664252E-005          -1           3           3
   6.9177854726580699E-004  -9.5329475321421380E-004           0          -4          -3
   6.0389441550595072E-004  -8.3218623956587457E-004           0          -3          -4
   1.3200483796995833E-004  -1.8190816967166918E-004           0          -3           2
   1.4959407239100868E-004  -2.0614642260985267E-004           0          -2           3
   7.7515246064845068E-004  -1.0681932829362574E-003           0           2          -3
  -4.1417017392532868E-004   5.7074464477369308E-004           0           3          -2
   7.7717358043281412E-005  -1.0709779972782556E-004           0           3           4
   2.9658508703244937E-004  -4.0870672854256737E-004           0           4           3
  -3.0915577487260296E-004   4.2613254938564057E-004           1          -3          -3
  -1.1016238657274186E-004   1.5184011247889253E-004           1           4           4
   2.9477139911565967E-004  -4.0630734612866562E-004           2          -3           0
  -2.5657270468244672E-004   3.5340030468821056E-004           2           0          -3
  -1.0007943142734844E-004   1.3794583383906680E-004           2           2           5
  -2.7199338830869872E-004   3.7490646657102237E-004           2           5           2
   4.0465123968166396E-004  -5.5762722746762285E-004           3          -2           0
  -1.4610989072870816E-004   2.0134318968226915E-004           3          -1           3
   1.3708771409223162E-004  -1.8882575167670533E-004           3           0          -2
  -2.5724156634298013E-005   3.5432388082076886E-005           3           0           4
   4.0400797629495938E-004  -5.5686745620528639E-004           3           3          -1
   8.8311373691380549E-005  -1.2172513792310789E-004           3           3           5
   1.6421162294043317E-004  -2.2618864566698979E-004           3           4           0
  -1.6440716091457592E-004   2.2646200378132495E-004           3           5           3
  -9.8169074340564020E-005   1.3521713320586464E-004           4           0           3
  -8.8940739652425339E-005   1.2259554360518677E-004           4           1           4
  -4.7009634490448250E-004   6.4781212752852994E-004           4           3           0
  -4.6280278741411672E-004   6.3790700803734710E-004           4           4           1
  -2.6980692863881107E-004   3.7188680940475810E-004           5           2           2
   4.5378530650972418E-004  -6.2533238228818693E-004           5           3           3
  -2.1218591399803043E-004   2.9247933902564090E-004          -5          -3          -2
  -2.6770933750715388E-004   3.6900465870027074E-004          -5          -2          -3
  -2.3789148737991516E-004   3.2789627459671786E-004          -3          -5          -2
  -5.2690429195972920E-004   7.2627849065020060E-004          -3          -2          -5
  -1.1379344485936519E-006   1.5851425931582970E-006          -3          -1           2
   4.0349623828831490E-004  -5.5603476474146542E-004          -3           2          -1
  -2.7308429273041401E-004   3.7640792672483732E-004          -2          -5          -3
  -5.8508900459520931E-004   8.0644698182639834E-004          -2          -3          -5
  -4.4935476374185835E-005   6.1912453663737639E-005          -2           1           3
  -3.3311720719548962E-004   4.5904599601393078E-004          -2           3           1
  -7.0824723344383209E-005   9.7604534099260013E-005          -1          -3           2
   8.2369288867533742E-004  -1.1350753926130804E-003          -1           2          -3
   6.1493978960086310E-005  -8.4734759500953644E-005           1          -2           3
  -8.3846922734702521E-004   1.1554568314015496E-003           1           3          -2
  -1.3715276359512203E-004   1.8891457610778711E-004           2          -3          -1
  -3.1156513895164867E-004   4.2917363054030484E-004           2          -1          -3
  -6.2632263264576147E-005   8.6322004152816062E-005           2           3           5
  -3.3964548574469985E-004   4.6805055742663021E-004           2           5           3
   1.2745839202177100E-004  -1.7557223366136904E-004           3          -2           1
   2.3860421127087044E-004  -3.2862374711972844E-004           3           1          -2
  -2.5889880806791706E-005   3.5694213492210788E-005           3           2           5
  -4.0486387602631517E-004   5.5791812839288087E-004           3           5           2
   9.5224252133537540E-005  -1.3115079389535865E-004           5           2           3
   1.3041019030352375E-004  -1.7962803860601285E-004           5           3           2
   3.0456933132917252E-004  -4.1974004739005004E-004          -5          -4          -3
   4.5447161839138781E-004  -6.2627505183742186E-004          -5          -3          -4
  -2.5850679571256418E-004   3.5619237817760844E-004          -5          -2          -1
  -2.8201724307465396E-004   3.8854547455110416E-004          -5          -1          -2
   3.2199085549929663E-005  -4.4448043381795977E-005          -4          -5          -3
   3.7776994313846188E-004  -5.2061949386485401E-004          -4          -3          -5
   1.1951932347637705E-004  -1.6466103680334569E-004          -4          -1           1
   2.2271677559848726E-005  -3.0572891282912422E-005          -4           1          -1
  -1.6389431574007486E-004   2.2575439541503418E-004          -3          -5          -4
   3.7112520294597960E-005  -5.1237576533742660E-005          -3          -4          -5
  -2.7069964081659693E-005   3.7250124137104043E-005          -3           1           2
   7.1834197809961055E-005  -9.9072893380857915E-005          -3           2           1
   2.4853478379958558E-004  -3.4244741387412617E-004          -2          -5          -1
  -1.3351526722488503E-004   1.8399862656427285E-004          -2          -1          -5
   0.0000000000000000        0.0000000000000000               -2          -1           3
   2.9568808138579026E-004  -4.0757152099593565E-004          -2           3          -1
   4.3334980067666643E-004  -5.9713900499354833E-004          -1          -5          -2
  -2.1207500080959424E-004   2.9223498217019185E-004          -1          -4           1
  -4.0745347029967685E-006   5.6483576491606474E-006          -1          -2          -5
   0.0000000000000000        0.0000000000000000               -1          -2           3
  -1.1926571954665897E-004   1.6437594460560906E-004          -1           1          -4
   0.0000000000000000        0.0000000000000000               -1           1           4
   3.5332861370665161E-004  -4.8695781201968526E-004          -1           3          -2
  -2.8627809803596585E-004   3.9454708902181924E-004          -1           4           1
  -4.8595340060818927E-004   6.6969599845966856E-004           1          -4          -1
   2.3079749924182242E-004  -3.1805998397176142E-004           1          -3           2
  -4.7118954701353019E-005   6.4962801951156366E-005           1          -1          -4
   0.0000000000000000        0.0000000000000000                1          -1           4
   8.6395587047683606E-005  -1.1903582765491136E-004           1           2          -3
   0.0000000000000000        0.0000000000000000                1           2           5
  -2.6681957314507031E-004   3.6763338720508274E-004           1           4          -1
   2.1710996308772274E-004  -2.9914205506663692E-004           1           5           2
   3.1543507433581244E-004  -4.3472467556664174E-004           2          -3           1
  -1.1519188245503650E-004   1.5872751200124213E-004           2           1          -3
   0.0000000000000000        0.0000000000000000                2           1           5
   1.3865530924283843E-004  -1.9097211505360884E-004           2           5           1
   3.1581570149660885E-004  -4.3530389799850575E-004           3          -2          -1
   1.1094976777046726E-004  -1.5298681051761754E-004           3          -1          -2
   1.1127819199053556E-004  -1.5339981351619362E-004           3           4           5
   5.6928388277242445E-005  -7.8532252027785021E-005           3           5           4
  -8.7458725499986667E-005   1.2059924167604084E-004           4          -1           1
   3.1621687781366938E-004  -4.3571938366115281E-004           4           1          -1
   1.8500537388100821E-004  -2.5498575512803611E-004           4           3           5
   2.0393706197928044E-004  -2.8114956239846104E-004           4           5           3
  -2.5407956138514794E-004   3.5009787803006039E-004           5           1           2
  -4.5958305235217545E-004   6.3332495737761002E-004           5           2           1
   3.2036927892647413E-004  -4.4152017621178387E-004           5           3           4
   4.1107894195091353E-004  -5.6656512904739147E-004           5           4           3
   4.1033551267333890E-004  -5.6554359767653072E-004          -5          -4          -4
   5.8775566124500352E-005  -8.0983008806082837E-005          -5          -4          -2
  -1.7999373508522168E-004   2.4805110810638094E-004          -5          -3          -1
   9.6730112850240197E-005  -1.3321906268524492E-004          -5          -2          -4
  -2.5358403518390863E-004   3.4941726002244339E-004          -5          -1          -3
  -1.0834294172685668E-004   1.4924924663509715E-004          -5          -1          -1
   2.0363683010906264E-004  -2.8073749102582832E-004          -4          -5          -4
  -6.4702743764612892E-005   8.9154088117038792E-005          -4          -5          -2
   4.2480335025550301E-004  -5.8553404190519239E-004          -4          -4          -5
   4.2933540161149546E-006  -5.8337967829290329E-006          -4          -2          -5
   0.0000000000000000        0.0000000000000000               -4          -2           1
   0.0000000000000000        0.0000000000000000               -4           0           1
  -8.7406677074248755E-005   1.2052645131688533E-004          -4           1          -2
   5.4199892092266839E-005  -7.4631843116978127E-005          -4           1           0
   1.3245735449962848E-005  -1.8209592914351905E-005          -3          -5          -1
   0.0000000000000000        0.0000000000000000               -3          -2           2
  -2.3974975272332034E-004   3.3043366514455834E-004          -3          -1          -5
   1.2584208494808300E-004  -1.7334266000659261E-004          -3           2          -2
  -3.3915984438014595E-004   4.6737836008477353E-004          -2          -5          -4
  -3.3362674024179056E-004   4.5977436005180828E-004          -2          -4          -5
   0.0000000000000000        0.0000000000000000               -2          -4           1
   0.0000000000000000        0.0000000000000000               -2          -3           2
  -2.9242232170307230E-004   4.0298979485433245E-004          -2           1          -4
   2.0323051070844227E-004  -2.8000448611359841E-004          -2           2          -3
   0.0000000000000000        0.0000000000000000               -2           2           3
  -1.4916184700472941E-004   2.0558221484176035E-004          -2           3           2
   2.1649679776711899E-004  -2.9829730825012182E-004          -1          -5          -3
   2.4005080052100526E-004  -3.3079217847056222E-004          -1          -5          -1
  -1.3345777491548868E-004   1.8397750261182850E-004          -1          -3          -5
   8.5505347159150211E-005  -1.1785487560471478E-004          -1          -1          -5
   0.0000000000000000        0.0000000000000000               -1           0           4
   0.0000000000000000        0.0000000000000000               -1           2           4
  -4.8511894558341933E-004   6.6854716970387218E-004          -1           4           0
  -1.1248610016278645E-005   1.5519869427979289E-005          -1           4           2
   0.0000000000000000        0.0000000000000000                0          -4           1
   0.0000000000000000        0.0000000000000000                0          -1           4
   1.2780966573025344E-004  -1.7612758524256975E-004           0           1          -4
  -6.3498093474561115E-004   8.7502981782368219E-004           0           4          -1
  -2.8555382416914962E-004   3.9354935771015672E-004           1          -4          -2
  -2.5101585083255095E-004   3.4591667313804583E-004           1          -4           0
   2.5681971727258317E-005  -3.5321306902960872E-005           1          -2          -4
  -4.2304146225887261E-005   5.8268505427199129E-005           1           0          -4
   0.0000000000000000        0.0000000000000000                1           1           5
   0.0000000000000000        0.0000000000000000                1           3           5
   4.3262807676558283E-004  -5.9614564730461807E-004           1           5           1
  -2.0108777652371755E-005   2.7731887923891825E-005           1           5           3
  -3.3326421678330338E-004   4.5924708780096965E-004           2          -3          -2
  -2.9333760444559374E-004   4.0420450504602927E-004           2          -2          -3
   0.0000000000000000        0.0000000000000000                2          -2           3
   0.0000000000000000        0.0000000000000000                2          -1           4
  -2.6543171214235442E-004   3.6575785124729794E-004           2           3          -2
   2.8904553264560116E-004  -3.9837136322722685E-004           2           4          -1
   0.0000000000000000        0.0000000000000000                2           4           5
  -1.0008918240947116E-004   1.3789497504802608E-004           2           5           4
  -7.9905362702407918E-005   1.1015567774707818E-004           3          -2           2
   0.0000000000000000        0.0000000000000000                3           1           5
   1.5896453715925207E-004  -2.1900955642847474E-004           3           2          -2
  -2.3653567881827236E-004   3.2602636892347774E-004           3           5           1
   2.2291267757333328E-005  -3.0601850646620160E-005           4          -1           0
  -7.8883066800092134E-005   1.0871571820592529E-004           4          -1           2
   2.1017682995806952E-004  -2.8949509342342716E-004           4           0          -1
   1.3039732636921844E-004  -1.7977040891889874E-004           4           2          -1
   0.0000000000000000        0.0000000000000000                4           2           5
   0.0000000000000000        0.0000000000000000                4           4           5
   3.1969166134921397E-005  -4.4131674305300021E-005           4           5           2
   1.4267475600973243E-004  -1.9666675587818631E-004           4           5           4
  -2.8148096033903992E-004   3.8780942193915720E-004           5           1           1
  -7.5952524962088916E-005   1.0467312407314983E-004           5           1           3
   1.6240691763938633E-004  -2.2379222070595094E-004           5           2           4
  -2.1331929294658171E-004   2.9403406564025179E-004           5           3           1
   3.0390276689583790E-004  -4.1882352807141372E-004           5           4           2
   1.8585263253261989E-004  -2.5615972943730223E-004           5           4           4
   0.0000000000000000        0.0000000000000000               -4          -4           0
  -9.7997060875407366E-005   1.3497728010727127E-004          -4           0          -4
   2.9606346170641025E-004  -4.0798651949884449E-004           0          -4          -4
   0.0000000000000000        0.0000000000000000                0           4           4
   0.0000000000000000        0.0000000000000000                4           0           4
  -1.9806726814130694E-004   2.7300775394131327E-004           4           4           0
   0.0000000000000000        0.0000000000000000               -5          -5          -3
   3.1941817815145520E-004  -4.4021052952022754E-004          -5          -3          -5
   0.0000000000000000        0.0000000000000000               -5          -2           0
   0.0000000000000000        0.0000000000000000               -5           0          -2
   5.6507898337090086E-005  -7.7951895550374675E-005          -3          -5          -5
   0.0000000000000000        0.0000000000000000               -3           2           2
   0.0000000000000000        0.0000000000000000               -2          -5           0
   0.0000000000000000        0.0000000000000000               -2          -2           3
  -4.3248459273335505E-005   5.9570036145478938E-005          -2           0          -5
   3.1434285390370605E-004  -4.3322022066051205E-004          -2           3          -2
   0.0000000000000000        0.0000000000000000                0          -5          -2
   1.3066027729132721E-004  -1.8005359634111040E-004           0          -2          -5
   0.0000000000000000        0.0000000000000000                0           2           5
   0.0000000000000000        0.0000000000000000                0           5           2
   0.0000000000000000        0.0000000000000000                2          -3           2
   0.0000000000000000        0.0000000000000000                2           0           5
  -8.7413061466280089E-005   1.2048619470969010E-004           2           2          -3
   2.4757781655872755E-004  -3.4112935121829725E-004           2           5           0
   7.1840727245950530E-005  -9.9082115994762661E-005           3          -2          -2
   0.0000000000000000        0.0000000000000000                5           0           2
  -2.5783460701592220E-004   3.5526748603397607E-004           5           2           0
   0.0000000000000000        0.0000000000000000               -5          -5          -4
   1.8440625634137475E-004  -2.5416928407243761E-004          -5          -4          -5
   0.0000000000000000        0.0000000000000000               -5          -4          -1
  -7.5367791464851989E-005   1.0387076602132364E-004          -5          -1          -4
   0.0000000000000000        0.0000000000000000               -5          -1           0
   0.0000000000000000        0.0000000000000000               -5           0          -1
   1.4157824446030121E-004  -1.9515671644927023E-004          -4          -5          -5
   0.0000000000000000        0.0000000000000000               -4          -5          -1
   0.0000000000000000        0.0000000000000000               -4          -3           1
  -8.8341786492156083E-005   1.2177209890229946E-004          -4          -1          -5
  -7.8374106791508625E-005   1.0801218919389019E-004          -4           1          -3
   0.0000000000000000        0.0000000000000000               -4           1           1
   0.0000000000000000        0.0000000000000000               -3          -4           1
  -1.4483341373863800E-004   1.9958348047163281E-004          -3           1          -4
  -2.0110584444333809E-005   2.7732314339800745E-005          -1          -5          -4
   0.0000000000000000        0.0000000000000000               -1          -5           0
  -1.0894731075209525E-004   1.5016251083625745E-004          -1          -4          -5
   0.0000000000000000        0.0000000000000000               -1          -1           4
  -3.2498661665546761E-005   4.4764671517261624E-005          -1           0          -5
   0.0000000000000000        0.0000000000000000               -1           3           4
  -2.4907304757145881E-004   3.4324095889870656E-004          -1           4          -1
   0.0000000000000000        0.0000000000000000               -1           4           3
   0.0000000000000000        0.0000000000000000                0          -5          -1
   9.8184184787594169E-005  -1.3529985754142415E-004           0          -1          -5
   0.0000000000000000        0.0000000000000000                0           1           5
   0.0000000000000000        0.0000000000000000                0           5           1
  -1.1025060158924221E-005   1.5213609144552363E-005           1          -4          -3
   0.0000000000000000        0.0000000000000000                1          -4           1
   6.1724850260712363E-005  -8.5027843952047608E-005           1          -3          -4
   0.0000000000000000        0.0000000000000000                1           0           5
   6.5685571698499934E-005  -9.0540372670934487E-005           1           1          -4
   0.0000000000000000        0.0000000000000000                1           4           5
   2.3819715878889764E-004  -3.2823930830137464E-004           1           5           0
   0.0000000000000000        0.0000000000000000                1           5           4
   0.0000000000000000        0.0000000000000000                3          -1           4
   1.5006746275905280E-004  -2.0680148218988917E-004           3           4          -1
   5.3790363008593323E-005  -7.4069180607624449E-005           4          -1          -1
   0.0000000000000000        0.0000000000000000                4          -1           3
   0.0000000000000000        0.0000000000000000                4           1           5
  -3.5885298789490599E-005   4.9419417098340799E-005           4           3          -1
  -6.4343686303330156E-005   8.8657085392709100E-005           4           5           1
   0.0000000000000000        0.0000000000000000                5           0           1
  -1.0749418716873125E-004   1.4808347635401729E-004           5           1           0
   0.0000000000000000        0.0000000000000000                5           1           4
   5.8262498639716173E-005  -8.0279939789397258E-005           5           4           1
   0.0000000000000000        0.0000000000000000               -6          -3          -3
   0.0000000000000000        0.0000000000000000               -5          -5          -2
   0.0000000000000000        0.0000000000000000               -5          -3           0
   1.6247628224446453E-004  -2.2388576673783664E-004          -5          -2          -5
   0.0000000000000000        0.0000000000000000               -5           0          -3
   0.0000000000000000        0.0000000000000000               -3          -6          -3
   0.0000000000000000        0.0000000000000000               -3          -5           0
   8.8499366502689547E-005  -1.2198338967701478E-004          -3          -3          -6
   0.0000000000000000        0.0000000000000000               -3          -3           2
  -2.5605670904717381E-005   3.5267677478105103E-005          -3           0          -5
   0.0000000000000000        0.0000000000000000               -3           0           3
  -8.0186647989463920E-005   1.1054431092735009E-004          -3           2          -3
   0.0000000000000000        0.0000000000000000               -3           3           0
  -9.9731841009855816E-005   1.3740266339038352E-004          -2          -5          -5
   0.0000000000000000        0.0000000000000000               -2           3           3
   0.0000000000000000        0.0000000000000000                0          -5          -3
   7.7357961006051061E-005  -1.0660201284427442E-004           0          -3          -5
   0.0000000000000000        0.0000000000000000                0          -3           3
   1.3228462710351954E-004  -1.8229393772081049E-004           0           3          -3
   0.0000000000000000        0.0000000000000000                0           3           5
   0.0000000000000000        0.0000000000000000                0           5           3
  -1.4887568066547258E-004   2.0518809341991257E-004           2          -3          -3
   0.0000000000000000        0.0000000000000000                3          -3           0
   0.0000000000000000        0.0000000000000000                3          -2           3
  -4.3785803143274903E-005   6.0309975543741506E-005           3           0          -3
   0.0000000000000000        0.0000000000000000                3           0           5
   5.1752970586948915E-005  -7.1333519890883317E-005           3           3          -2
   1.3600009983511204E-005  -1.8698721810899482E-005           3           5           0
   0.0000000000000000        0.0000000000000000                5           0           3
  -1.7991915435248637E-004   2.4794598347856010E-004           5           3           0
   0.0000000000000000        0.0000000000000000               -6          -4          -3
   0.0000000000000000        0.0000000000000000               -6          -3          -4
   0.0000000000000000        0.0000000000000000               -6          -3          -2
   0.0000000000000000        0.0000000000000000               -6          -2          -3
   0.0000000000000000        0.0000000000000000               -5          -5          -5
   0.0000000000000000        0.0000000000000000               -5           0           0
   0.0000000000000000        0.0000000000000000               -4          -6          -3
   1.8416875051295678E-004  -2.5383236601110863E-004          -4          -3          -6
   0.0000000000000000        0.0000000000000000               -4          -1           2
   0.0000000000000000        0.0000000000000000               -4           2          -1
   0.0000000000000000        0.0000000000000000               -3          -6          -4
   0.0000000000000000        0.0000000000000000               -3          -6          -2
   1.1052142549780360E-004  -1.5235567332584865E-004          -3          -4          -6
  -2.5114241953440583E-005   3.4625243296143338E-005          -3          -2          -6
   0.0000000000000000        0.0000000000000000               -3          -1           3
   0.0000000000000000        0.0000000000000000               -3           1           3
   0.0000000000000000        0.0000000000000000               -3           3          -1
   0.0000000000000000        0.0000000000000000               -3           3           1
   0.0000000000000000        0.0000000000000000               -2          -6          -3
  -6.1523988148724142E-005   8.4792868100270363E-005          -2          -3          -6
   0.0000000000000000        0.0000000000000000               -2           1           4
   0.0000000000000000        0.0000000000000000               -2           4           1
   0.0000000000000000        0.0000000000000000               -1          -4           2
   0.0000000000000000        0.0000000000000000               -1          -3           3
   6.0128915563801210E-005  -8.2854391618373543E-005          -1           2          -4
   2.2959644924413063E-004  -3.1640595569137816E-004          -1           3          -3
   0.0000000000000000        0.0000000000000000                0          -5           0
  -1.5829086913293664E-010   4.5789685454793369E-010           0           0          -5
   0.0000000000000000        0.0000000000000000                0           0           5
   0.0000000000000000        0.0000000000000000                0           5           0
   0.0000000000000000        0.0000000000000000                1          -3           3
   0.0000000000000000        0.0000000000000000                1          -2           4
  -6.9375708037540103E-005   9.5608100387372836E-005           1           3          -3
  -2.1089459086233954E-004   2.9060913328786181E-004           1           4          -2
   0.0000000000000000        0.0000000000000000                2          -4          -1
  -4.4260570128217673E-005   6.0981474152769251E-005           2          -1          -4
   0.0000000000000000        0.0000000000000000                3          -3          -1
   0.0000000000000000        0.0000000000000000                3          -3           1
  -2.6725737211763968E-005   3.6775137665916067E-005           3          -1          -3
  -1.3958759863753840E-006   1.9397970826756081E-006           3           1          -3
   0.0000000000000000        0.0000000000000000                4          -2           1
   1.1907497291925320E-004  -1.6404875619759510E-004           4           1          -2
   0.0000000000000000        0.0000000000000000                5           0           0
   0.0000000000000000        0.0000000000000000               -6          -4          -4
   0.0000000000000000        0.0000000000000000               -6          -2          -2
   0.0000000000000000        0.0000000000000000               -4          -6          -4
   0.0000000000000000        0.0000000000000000               -4          -4          -6
   0.0000000000000000        0.0000000000000000               -4           0           2
   0.0000000000000000        0.0000000000000000               -4           2           0
   0.0000000000000000        0.0000000000000000               -2          -6          -2
  -9.9034456056258961E-005   1.3650437844636926E-004          -2          -2          -6
   0.0000000000000000        0.0000000000000000               -2           0           4
   0.0000000000000000        0.0000000000000000               -2           4           0
   0.0000000000000000        0.0000000000000000                0          -4           2
   0.0000000000000000        0.0000000000000000                0          -2           4
   1.4803291811441190E-004  -2.0399607515666441E-004           0           2          -4
   0.0000000000000000        0.0000000000000000                0           4          -2
   0.0000000000000000        0.0000000000000000                2          -4           0
  -4.8998014916425314E-005   6.7488947845724043E-005           2           0          -4
   0.0000000000000000        0.0000000000000000                4          -2           0
   0.0000000000000000        0.0000000000000000                4           0          -2
   0.0000000000000000        0.0000000000000000               -6          -4          -2
   0.0000000000000000        0.0000000000000000               -6          -2          -4
   0.0000000000000000        0.0000000000000000               -4          -6          -2
   0.0000000000000000        0.0000000000000000               -4          -2          -6
   0.0000000000000000        0.0000000000000000               -4          -2           2
   0.0000000000000000        0.0000000000000000               -4           2          -2
   0.0000000000000000        0.0000000000000000               -2          -6          -4
   0.0000000000000000        0.0000000000000000               -2          -4          -6
   0.0000000000000000        0.0000000000000000               -2          -4           2
   0.0000000000000000        0.0000000000000000               -2           2          -4
   0.0000000000000000        0.0000000000000000                2          -4          -2
   0.0000000000000000        0.0000000000000000                2          -2          -4
   0.0000000000000000        0.0000000000000000               -5          -5          -1
   0.0000000000000000        0.0000000000000000               -5          -4           0
   0.0000000000000000        0.0000000000000000               -5          -1          -5
   0.0000000000000000        0.0000000000000000               -5           0          -4
   0.0000000000000000        0.0000000000000000               -4          -5           0
   0.0000000000000000        0.0000000000000000               -4          -4           1
   0.0000000000000000        0.0000000000000000               -4           0          -5
   0.0000000000000000        0.0000000000000000               -4           1          -4
   0.0000000000000000        0.0000000000000000               -1          -5          -5
   0.0000000000000000        0.0000000000000000                0          -5          -4
   0.0000000000000000        0.0000000000000000                0          -4          -5
   0.0000000000000000        0.0000000000000000                1          -4          -4
