         718          24          24          24
  0.25900604206111727      -0.63618204814670276                0           0           0
  -2.9479795226638301E-002   7.2410285018110684E-002          -1          -1          -1
   1.3920805047092753E-002  -3.4192746653676512E-002          -1           0           0
   1.3920803331990396E-002  -3.4192757081508207E-002           0          -1           0
  0.25632920737218001      -0.62960394231688643                0           0          -1
   1.6525777147647976E-002  -4.0591328088499086E-002           0           0           1
   2.9479792753158415E-002  -7.2410308358943229E-002           0           1           0
   2.9479768587777230E-002  -7.2410297962956963E-002           1           0           0
  -1.3920793080582954E-002   3.4192754605674280E-002           1           1           1
  -7.0411116317011611E-003   1.7294675947421245E-002          -1          -1           0
   2.9023943090226531E-002  -7.1288749208769375E-002          -1           0          -1
   2.9023933197155485E-002  -7.1288777450161184E-002           0          -1          -1
   7.0411129975388774E-003  -1.7294680237176820E-002           0           1           1
   7.0411059818742613E-003  -1.7294684549903887E-002           1           0           1
  -2.9023916869320834E-002   7.1288759301558383E-002           1           1           0
   6.6634277428277528E-003  -1.6366966110073863E-002          -2          -1          -1
   6.6634304360538941E-003  -1.6366966106851327E-002          -1          -2          -1
  -1.3595067837301475E-002   3.3392765008406579E-002          -1          -1          -2
  -3.6983481880017185E-003   9.0840450859311084E-003          -1           0           1
  -6.6634293362245051E-003   1.6366965100373547E-002          -1           1           0
  -3.6983466498653333E-003   9.0840438687456171E-003           0          -1           1
   1.3595075959831105E-002  -3.3392774074400972E-002           0           1          -1
  -6.6634310913487264E-003   1.6366963354528342E-002           1          -1           0
   1.3595060436921267E-002  -3.3392765533639512E-002           1           0          -1
   3.6983484981848815E-003  -9.0840452617967360E-003           1           1           2
   6.6634340693885862E-003  -1.6366963296990070E-002           1           2           1
   6.6634348480425921E-003  -1.6366961270891059E-002           2           1           1
   8.5844066063595938E-003  -2.1085314323889381E-002          -2          -2          -1
   6.6950127467847575E-003  -1.6444560762835771E-002          -2          -1          -2
   1.7948339919158659E-003  -4.4086057973275793E-003          -2          -1           0
   4.5941854270852133E-003  -1.1284457924269265E-002          -2           0          -1
   6.6950176162037627E-003  -1.6444556861963628E-002          -1          -2          -2
   1.7948342416760079E-003  -4.4086064028564789E-003          -1          -2           0
  -4.6298203311083939E-003   1.1371911323551297E-002          -1          -1           1
   7.1221445652552519E-003  -1.7493639875476297E-002          -1           0          -2
  -6.6950103107936369E-003   1.6444560621140226E-002          -1           1          -1
  -1.7948338005080058E-003   4.4086076897429929E-003          -1           1           1
   4.5941862762047814E-003  -1.1284464839986748E-002           0          -2          -1
   7.1221459163244441E-003  -1.7493649761801181E-002           0          -1          -2
   4.6298217020734047E-003  -1.1371911734038051E-002           0           1           2
   8.5844090742230039E-003  -2.1085314103266847E-002           0           2           1
  -6.6950157007695729E-003   1.6444557618689213E-002           1          -1          -1
  -1.7948340531225065E-003   4.4086043158854341E-003           1          -1           1
   4.6298196143120468E-003  -1.1371912711470856E-002           1           0           2
  -7.1221384530783154E-003   1.7493640496431404E-002           1           1          -1
   6.6950169580532772E-003  -1.6444557883575229E-002           1           2           0
   1.7948347778618283E-003  -4.4086074302561928E-003           1           2           2
   8.5844060882021567E-003  -2.1085315002832408E-002           2           0           1
   6.6950182613815549E-003  -1.6444558435372021E-002           2           1           0
   1.7948338617699939E-003  -4.4086048021436432E-003           2           1           2
   4.5941876709770157E-003  -1.1284458511068723E-002           2           2           1
   4.5599735921974492E-003  -1.1200340585975882E-002          -2          -2          -2
  -2.8181181422707417E-003   6.9219030860125930E-003          -2           0           0
  -2.8181168147885811E-003   6.9219016272341650E-003           0          -2           0
   1.6359224702420731E-002  -4.0182062419877373E-002           0           0          -2
   1.9984557511013514E-003  -4.9086228946776840E-003           0           0           2
   4.5599749997461267E-003  -1.1200341171007322E-002           0           2           0
   4.5599731610284824E-003  -1.1200342892088336E-002           2           0           0
  -2.8181186501292756E-003   6.9219026681954440E-003           2           2           2
   4.1482470918360551E-003  -1.0189101209126479E-002          -2          -2           0
   8.6162143185266986E-003  -2.1163511475877726E-002          -2           0          -2
   8.6162179715133652E-003  -2.1163514465264537E-002           0          -2          -2
   4.1482479018249158E-003  -1.0189102894715555E-002           0           2           2
   4.1482458638335334E-003  -1.0189101292132229E-002           2           0           2
   8.6162165343393014E-003  -2.1163511055725587E-002           2           2           0
  -2.2717494518756549E-003   5.5800040055636550E-003          -3          -2          -2
   4.8132502811534788E-003  -1.1822471770183788E-002          -3          -1          -1
  -2.2717499367992111E-003   5.5800052022889493E-003          -2          -3          -2
  -2.8673788471064014E-003   7.0430265757886034E-003          -2          -2          -3
  -2.7170769837966740E-003   6.6737744991248859E-003          -2           0           1
  -4.8132506669973825E-003   1.1822471499210865E-002          -2           1           0
   4.8132501777109959E-003  -1.1822471446457771E-002          -1          -3          -1
   3.7179956168136409E-003  -9.1322570805800213E-003          -1          -1          -3
  -8.7940502813647545E-004   2.1600591288612712E-003          -1           0           2
  -2.2717490971567922E-003   5.5800055607595931E-003          -1           2           0
  -2.7170757016776060E-003   6.6737744992006551E-003           0          -2           1
  -8.7940420975904496E-004   2.1600586949155230E-003           0          -1           2
  -3.7179934770169313E-003   9.1322573629894713E-003           0           1          -2
  -2.8673774384258273E-003   7.0430268376777058E-003           0           2          -1
  -4.8132498320269494E-003   1.1822471293890826E-002           1          -2           0
  -3.7179958353719279E-003   9.1322575313313586E-003           1           0          -2
   8.7940468790477109E-004  -2.1600591888799947E-003           1           1           3
   2.2717499648114781E-003  -5.5800061572010250E-003           1           3           1
  -2.2717480668528970E-003   5.5800047591203425E-003           2          -1           0
  -2.8673783833066315E-003   7.0430260791706552E-003           2           0          -1
  -2.7170773881349309E-003   6.6737746001936417E-003           2           2           3
  -4.8132513645995408E-003   1.1822471517797917E-002           2           3           2
   2.2717489591573725E-003  -5.5800032961404004E-003           3           1           1
  -4.8132511038896549E-003   1.1822471787812920E-002           3           2           2
   1.7188469238749663E-003  -4.2218612374800785E-003          -3          -2          -1
   2.2418510551952195E-003  -5.5064717790979656E-003          -3          -1          -2
   1.7188471080063145E-003  -4.2218608176505749E-003          -2          -3          -1
   1.7537044673526661E-003  -4.3074509546644334E-003          -2          -1          -3
  -7.8230545237370204E-004   1.9215001230708942E-003          -2          -1           1
  -2.2418510415137894E-003   5.5064710990933236E-003          -2           1          -1
   2.2418511917181704E-003  -5.5064689453570310E-003          -1          -3          -2
   1.7537054374852257E-003  -4.3074476328220411E-003          -1          -2          -3
  -7.8230548765251848E-004   1.9215000379362939E-003          -1          -2           1
  -1.7537037007431598E-003   4.3074505323389359E-003          -1           1          -2
   7.8230595144055531E-004  -1.9214991467384071E-003          -1           1           2
   1.7188479589566100E-003  -4.2218593934328103E-003          -1           2           1
  -2.2418512372782114E-003   5.5064690504114822E-003           1          -2          -1
  -1.7537048856923138E-003   4.3074480684426987E-003           1          -1          -2
   7.8230572004195907E-004  -1.9215004197616625E-003           1          -1           2
   1.7537045999661432E-003  -4.3074494866826123E-003           1           2          -1
  -7.8230609888085747E-004   1.9214991731206737E-003           1           2           3
  -1.7188479167810479E-003   4.2218595682179880E-003           1           3           2
   1.7188475237367089E-003  -4.2218611940344902E-003           2          -1           1
   1.7537049553693399E-003  -4.3074505035873515E-003           2           1          -1
  -7.8230610946363973E-004   1.9215001858989608E-003           2           1           3
  -2.2418507499994715E-003   5.5064699534434075E-003           2           3           1
  -1.7188477966784022E-003   4.2218614144346328E-003           3           1           2
  -2.2418508476550704E-003   5.5064711125681499E-003           3           2           1
  -3.6204941030745239E-003   8.8928062864145167E-003          -3          -3          -2
  -4.8219980292788104E-003   1.1843990894341022E-002          -3          -2          -3
   2.2753305932276657E-003  -5.5887646222909475E-003          -3          -1           0
   3.7350676816398608E-003  -9.1742310662989539E-003          -3           0          -1
  -4.8219988623777743E-003   1.1843991857142334E-002          -2          -3          -3
  -2.2753305119077995E-003   5.5887654622491191E-003          -2           1           1
   2.2753302697564675E-003  -5.5887647986915820E-003          -1          -3           0
  -1.0683918796744912E-003   2.6242339622499508E-003          -1          -1           2
   4.6517609466002405E-003  -1.1425860412968128E-002          -1           0          -3
  -4.8219968525593515E-003   1.1843991723463560E-002          -1           2          -1
   3.7350681201657968E-003  -9.1742320928449809E-003           0          -3          -1
   4.6517623946878070E-003  -1.1425861454920524E-002           0          -1          -3
   1.0683924089199203E-003  -2.6242342154302488E-003           0           1           3
   3.6204944432895610E-003  -8.8928072212627121E-003           0           3           1
  -2.2753297975293472E-003   5.5887647260057481E-003           1          -2           1
   1.0683917989491188E-003  -2.6242339812210134E-003           1           0           3
  -4.6517606358686490E-003   1.1425860682139013E-002           1           1          -2
   4.8219979786198889E-003  -1.1843992255976826E-002           1           3           0
  -4.8219973405680050E-003   1.1843991687538701E-002           2          -1          -1
  -2.2753312106306564E-003   5.5887653883382113E-003           2           3           3
   3.6204929329309125E-003  -8.8928062077895907E-003           3           0           1
   4.8219978769768364E-003  -1.1843990691240373E-002           3           1           0
  -2.2753306163935012E-003   5.5887648046751160E-003           3           2           3
  -3.7350686832916132E-003   9.1742315367361604E-003           3           3           2
  -3.7249150733726119E-003   9.1492634282584230E-003          -3          -3          -3
  -8.6594401441289026E-004   2.1269810484770076E-003          -3          -3          -1
   1.3890201994992716E-003  -3.4117595297075884E-003          -3          -2           0
  -1.7408282848240079E-003   4.2759277908935803E-003          -3          -1          -3
   3.6106428622898943E-003  -8.8685875660784504E-003          -3           0          -2
   1.0236767103344261E-003  -2.5144136430968766E-003          -3           0           0
   1.3890201742947871E-003  -3.4117594211072562E-003          -2          -3           0
   5.3951356569929441E-004  -1.3251871834480114E-003          -2          -2           1
   4.1284347876557326E-003  -1.0140399749892743E-002          -2           0          -3
   1.7408279924032337E-003  -4.2759284091378434E-003          -2           1          -2
  -1.7408294461966401E-003   4.2759306228191954E-003          -1          -3          -3
   1.3890207539755516E-003  -3.4117594255280541E-003          -1           2           2
   3.6106438057168923E-003  -8.8685871119895815E-003           0          -3          -2
   1.0236768764889264E-003  -2.5144139687477631E-003           0          -3           0
   4.1284365984929038E-003  -1.0140398749664985E-002           0          -2          -3
   2.0341193759194293E-003  -4.9963401417841280E-003           0           0          -3
   5.0184637246342471E-004  -1.2326506804666124E-003           0           0           3
   5.3951369712965233E-004  -1.3251882034043061E-003           0           2           3
   3.7249148098149496E-003  -9.1492631967306556E-003           0           3           0
   8.6594365296105088E-004  -2.1269829098405652E-003           0           3           2
   1.7408290950868398E-003  -4.2759304798304539E-003           1          -2          -2
  -1.3890210125666192E-003   3.4117592481574120E-003           1           3           3
   1.3890197763305506E-003  -3.4117595917442980E-003           2          -1           2
   5.3951298750242144E-004  -1.3251870008611616E-003           2           0           3
   4.1284345657639238E-003  -1.0140399233940061E-002           2           2          -1
   1.7408295322353850E-003  -4.2759293710891511E-003           2           3           0
   3.7249145204056541E-003  -9.1492637455091522E-003           3           0           0
   8.6594282622258760E-004  -2.1269811443612053E-003           3           0           2
  -1.3890202873956261E-003   3.4117594633502448E-003           3           1           3
   1.7408291098323732E-003  -4.2759282067006557E-003           3           2           0
  -3.6106431013883792E-003   8.8685872153417035E-003           3           3           1
  -1.0236770917104419E-003   2.5144137806148983E-003           3           3           3
  -1.8047882415772667E-003   4.4329950669881610E-003          -4          -2          -2
  -1.8047884186787929E-003   4.4329955519897225E-003          -2          -4          -2
  -2.7186508628352117E-003   6.6776641706025840E-003          -2          -2          -4
  -4.4552474637390467E-004   1.0943189831075996E-003          -2           0           2
  -1.8047880438999235E-003   4.4329958212393442E-003          -2           2           0
  -4.4552416735503303E-004   1.0943186958671507E-003           0          -2           2
  -2.7186498121616887E-003   6.6776639868209057E-003           0           2          -2
  -1.8047875667055765E-003   4.4329957984610233E-003           2          -2           0
  -2.7186506304066925E-003   6.6776642111667957E-003           2           0          -2
  -4.4552499388338150E-004   1.0943186424456314E-003           2           2           4
  -1.8047885681906687E-003   4.4329958814574022E-003           2           4           2
  -1.8047881472130420E-003   4.4329953032815044E-003           4           2           2
  -1.1815439401055648E-003   2.9021502809845798E-003          -4          -3          -2
  -1.7996235955361766E-003   4.4202977122850167E-003          -4          -2          -3
  -4.5718451643288768E-004   1.1229603153742004E-003          -4          -2          -1
  -7.0887220622336113E-004   1.7411700310363816E-003          -4          -1          -2
  -1.1815440085360320E-003   2.9021502364362170E-003          -3          -4          -2
  -2.2619992401239899E-003   5.5559961857435981E-003          -3          -2          -4
   2.6565113193509587E-004  -6.5250689530809466E-004          -3          -1           1
   7.0887208518650145E-004  -1.7411705634747966E-003          -3           1          -1
  -1.7996237714798446E-003   4.4202975866755364E-003          -2          -4          -3
  -4.5718461849136860E-004   1.1229606937076435E-003          -2          -4          -1
  -2.2619996694243170E-003   5.5559960435753132E-003          -2          -3          -4
  -7.9872830540410474E-004   1.9618958087286053E-003          -2          -1          -4
  -1.0240746992253922E-004   2.5153703308319268E-004          -2          -1           2
  -2.6565092032711170E-004   6.5250745968535909E-004          -2           1           2
  -1.7996232205508853E-003   4.4202976339493688E-003          -2           2          -1
  -4.5718425481195351E-004   1.1229614744784502E-003          -2           2           1
  -7.0887268069003790E-004   1.7411711925485311E-003          -1          -4          -2
   2.6565074040842411E-004  -6.5250698130717632E-004          -1          -3           1
  -7.9872869737880885E-004   1.9618970090461746E-003          -1          -2          -4
  -1.0240739334513948E-004   2.5153693712495013E-004          -1          -2           2
   7.9872847059722489E-004  -1.9618956773021978E-003          -1           1          -3
   1.0240770494295523E-004  -2.5153696178878394E-004          -1           1           3
  -2.2619982743614705E-003   5.5559958897733325E-003          -1           2          -2
   1.1815443327012082E-003  -2.9021500888773248E-003          -1           3           1
   7.0887218157921882E-004  -1.7411711727373146E-003           1          -3          -1
  -2.6565055379039818E-004   6.5250687153627746E-004           1          -2           2
   7.9872874887040510E-004  -1.9618968659346867E-003           1          -1          -3
   1.0240737663757421E-004  -2.5153694682318416E-004           1          -1           3
  -7.9872865896483990E-004   1.9618960405677747E-003           1           2          -2
  -1.0240784114543958E-004   2.5153676243447641E-004           1           2           4
   2.2619984685303572E-003  -5.5559959920102606E-003           1           3          -1
  -1.1815445678203657E-003   2.9021499725193660E-003           1           4           2
  -1.7996233656302413E-003   4.4202977748820146E-003           2          -2          -1
  -4.5718390515142398E-004   1.1229606808591561E-003           2          -2           1
  -2.2619991592932919E-003   5.5559960564900146E-003           2          -1          -2
  -7.9872858734916557E-004   1.9618961719261585E-003           2           1          -2
  -1.0240771555953483E-004   2.5153682123497934E-004           2           1           4
  -2.6565113583526187E-004   6.5250724031533011E-004           2           3           4
  -1.7996235133568854E-003   4.4202975279427938E-003           2           4           1
  -4.5718451839438928E-004   1.1229613483219765E-003           2           4           3
   1.1815437733242770E-003  -2.9021504041934934E-003           3          -1           1
   2.2619988898507828E-003  -5.5559961626266367E-003           3           1          -1
  -2.6565097573031662E-004   6.5250677154587988E-004           3           2           4
  -7.0887267003031480E-004   1.7411709670359253E-003           3           4           2
  -1.1815438603800506E-003   2.9021503085596557E-003           4           1           2
  -1.7996234006197570E-003   4.4202977985652887E-003           4           2           1
  -4.5718419057340072E-004   1.1229604071092800E-003           4           2           3
  -7.0887252011394631E-004   1.7411703385838324E-003           4           3           2
  -7.0188781237726192E-004   1.7239932993039558E-003          -4          -3          -3
   2.4339751376432889E-004  -5.9783639510904468E-004          -4          -1          -1
  -7.0188780046286277E-004   1.7239929881058087E-003          -3          -4          -3
  -1.0092088059237337E-003   2.4788380262237729E-003          -3          -3          -4
   9.5758772797595136E-005  -2.3520327057737281E-004          -3          -3           0
   8.5183146619726151E-004  -2.0922821536720213E-003          -3           0          -3
  -2.5655705013732321E-005   6.3012755078978901E-005          -3           0           1
  -2.4339763668374006E-004   5.9783597680496191E-004          -3           1           0
   2.4339747034802936E-004  -5.9783586090455523E-004          -1          -4          -1
   8.5420045639274808E-004  -2.0980865775615670E-003          -1          -1          -4
  -6.1739281108366673E-005   1.5164841315286559E-004          -1           0           3
   7.0188811252583686E-004  -1.7239924831949647E-003          -1           3           0
   8.5183142857394559E-004  -2.0922804594444059E-003           0          -3          -3
  -2.5655747501080450E-005   6.3012677465680951E-005           0          -3           1
  -6.1739135608162042E-005   1.5164830992104428E-004           0          -1           3
  -8.5419983935234093E-004   2.0980871109933367E-003           0           1          -3
   1.0092085618282421E-003  -2.4788374032007530E-003           0           3          -1
  -9.5759261859207064E-005   2.3520250040808634E-004           0           3           3
  -2.4339773160230731E-004   5.9783594856037338E-004           1          -3           0
  -8.5420023365859622E-004   2.0980865953490356E-003           1           0          -3
   6.1739216799709776E-005  -1.5164838060899993E-004           1           1           4
  -7.0188800566391943E-004   1.7239924035530123E-003           1           4           1
   7.0188806953880691E-004  -1.7239931300726155E-003           3          -1           0
   1.0092087291147080E-003  -2.4788381363751825E-003           3           0          -1
  -9.5759011856896950E-005   2.3520327252014574E-004           3           0           3
  -8.5183077979881388E-004   2.0922813742873659E-003           3           3           0
   2.5655780214447795E-005  -6.3012757577405308E-005           3           3           4
   2.4339760914340641E-004  -5.9783587986750894E-004           3           4           3
  -7.0188774674232975E-004   1.7239935435509569E-003           4           1           1
   2.4339769070391335E-004  -5.9783643005849297E-004           4           3           3
  -4.0492644698660783E-004   9.9459676493917964E-004          -4          -3          -1
  -1.1817294263278058E-003   2.9026125466865235E-003          -4          -1          -3
  -4.0492645550903013E-004   9.9459680599843893E-004          -3          -4          -1
   8.7824542254834139E-005  -2.1571900150610135E-004          -3          -2           1
  -1.3866909110564977E-003   3.4060482503379917E-003          -3          -1          -4
   1.1817291754515199E-003  -2.9026128549786171E-003          -3           1          -2
   8.7824439721811593E-005  -2.1571900643967625E-004          -2          -3           1
   1.3866904654210239E-003  -3.4060482011480501E-003          -2           1          -3
  -1.1817300986562977E-003   2.9026134517874886E-003          -1          -4          -3
  -1.3866918924205762E-003   3.4060490753074317E-003          -1          -3          -4
   8.7824611531882185E-005  -2.1571940053757724E-004          -1           2           3
   4.0492646737989591E-004  -9.9459742620540545E-004          -1           3           2
   1.1817297422635729E-003  -2.9026135097156578E-003           1          -3          -2
   1.3866917500870105E-003  -3.4060490198962535E-003           1          -2          -3
  -8.7824768800071732E-005   2.1571918896465486E-004           1           3           4
  -4.0492665487845095E-004   9.9459721987711896E-004           1           4           3
   8.7824154345702524E-005  -2.1571893700250141E-004           2          -1           3
   1.3866909748244630E-003  -3.4060484662370018E-003           2           3          -1
   4.0492591827483751E-004  -9.9459691157678686E-004           3          -1           2
  -8.7824476131421146E-005   2.1571882810724814E-004           3           1           4
   1.3866910296687219E-003  -3.4060484220366531E-003           3           2          -1
  -1.1817297560443823E-003   2.9026130092022579E-003           3           4           1
  -4.0492618120200675E-004   9.9459675820876350E-004           4           1           3
  -1.1817296468883208E-003   2.9026128265143003E-003           4           3           1
   1.9371741985070316E-004  -4.7581822600453912E-004          -4          -4          -3
   2.4709870433802607E-004  -6.0693894665106224E-004          -4          -3          -4
   1.1028964539353338E-004  -2.7089830346676517E-004          -4          -1           0
   4.0335153141107252E-004  -9.9072732777301777E-004          -4           0          -1
   2.4709895454387700E-004  -6.0693954641678977E-004          -3          -4          -4
  -1.1028973433429403E-004   2.7089835451805575E-004          -3           1           1
   1.1028959354991023E-004  -2.7089812883110902E-004          -1          -4           0
   3.3894008700304418E-005  -8.3251864202013763E-005          -1          -1           3
   1.0538267933027897E-003  -2.5884396493559324E-003          -1           0          -4
  -2.4709838529324442E-004   6.0693966269553346E-004          -1           3          -1
   4.0335154051403916E-004  -9.9072724791706215E-004           0          -4          -1
   1.0538272420562230E-003  -2.5884394696954606E-003           0          -1          -4
  -3.3893875454961761E-005   8.3251826132364455E-005           0           1           4
   1.9371721527140917E-004  -4.7581894305910019E-004           0           4           1
  -1.1028954042431950E-004   2.7089821415802741E-004           1          -3           1
  -3.3893989827582490E-005   8.3251993374123281E-005           1           0           4
  -1.0538264949563952E-003   2.5884397070355487E-003           1           1          -3
   2.4709881179247933E-004  -6.0693982041447043E-004           1           4           0
  -2.4709847746428036E-004   6.0693947189693995E-004           3          -1          -1
   1.1028990798870656E-004  -2.7089819867847774E-004           3           4           4
   1.9371696651927577E-004  -4.7581831445984047E-004           4           0           1
   2.4709858393480574E-004  -6.0693904935601951E-004           4           1           0
   1.1028980774926182E-004  -2.7089825611169646E-004           4           3           4
   4.0335166798616587E-004  -9.9072742270839092E-004           4           4           3
  -1.4117625349852660E-004   3.4676207314948264E-004          -4          -4          -2
  -4.5098743596616510E-004   1.1077250829483526E-003          -4          -2          -4
  -3.8163726611578930E-005   9.3738530937045105E-005          -4          -2           0
   1.9145270696718149E-004  -4.7025068373512989E-004          -4           0          -2
  -4.5098725909036290E-004   1.1077241775687631E-003          -2          -4          -4
  -3.8163652567352694E-005   9.3738755526202760E-005          -2          -4           0
   9.4633306553021967E-005  -2.3244095274267793E-004          -2          -2           2
   5.2638099241048182E-004  -1.2929029368251522E-003          -2           0          -4
  -4.5098730544806872E-004   1.1077245456897994E-003          -2           2          -2
  -3.8163483974679757E-005   9.3738914337322167E-005          -2           2           2
   1.9145268308689290E-004  -4.7025008662245998E-004           0          -4          -2
   5.2638138651351556E-004  -1.2929020490761174E-003           0          -2          -4
   9.4633147262004105E-005  -2.3244117033765572E-004           0           2           4
  -1.4117663463942228E-004   3.4676147055489551E-004           0           4           2
  -4.5098721316272008E-004   1.1077242737102401E-003           2          -2          -2
  -3.8163517758215866E-005   9.3738610272997626E-005           2          -2           2
   9.4633161358447003E-005  -2.3244095107193214E-004           2           0           4
   5.2638043624308789E-004  -1.2929028639840827E-003           2           2          -2
  -4.5098689885112120E-004   1.1077243388673201E-003           2           4           0
  -3.8163510850685979E-005   9.3738964563294975E-005           2           4           4
  -1.4117633331143896E-004   3.4676209617613040E-004           4           0           2
  -4.5098711538060955E-004   1.1077248743139973E-003           4           2           0
  -3.8163551699117170E-005   9.3738543766606642E-005           4           2           4
   1.9145271256220092E-004  -4.7025030928052292E-004           4           4           2
   4.0303159190579948E-004  -9.8994160942512325E-004          -4          -4          -4
   7.1527523807440532E-005  -1.7568913609616871E-004          -4           0           0
   7.1527545459294480E-005  -1.7568911558410851E-004           0          -4           0
   4.9742810357630385E-004  -1.2218041740521626E-003           0           0          -4
  -2.1102301489779222E-004   5.1832311148614139E-004           0           0           4
   4.0303146722491564E-004  -9.8994172790737287E-004           0           4           0
   4.0303140816757584E-004  -9.8994164653176588E-004           4           0           0
   7.1527736676637411E-005  -1.7568910955372832E-004           4           4           4
   6.0356080158438694E-005  -1.4824802577506393E-004          -5          -3          -3
  -7.5371465024593289E-005   1.8513111004663251E-004          -5          -2          -2
   4.9883484749256587E-005  -1.2252480839019104E-004          -4          -4          -1
   1.8525911298478719E-005  -4.5505906302644591E-005          -4          -3           0
  -4.0154967637441482E-004   9.8629999125559014E-004          -4          -1          -4
  -1.4157507364320000E-004   3.4774382892162993E-004          -4           0          -3
   6.0356266894494443E-005  -1.4824837788658327E-004          -3          -5          -3
   1.8525918482738450E-005  -4.5505813849086219E-005          -3          -4           0
   2.7882797645517946E-005  -6.8490451770547231E-005          -3          -3          -5
  -1.6720532813505715E-004   4.1069512763144001E-004          -3          -3           1
  -9.7629291259922617E-005   2.3980536393818064E-004          -3           0          -4
   1.8480191013380738E-004  -4.5391621722151775E-004          -3           0           2
   4.0154943088740476E-004  -9.8629990388132390E-004          -3           1          -3
  -7.5371506860399145E-005   1.8513114341710385E-004          -3           2           0
  -7.5371532850957172E-005   1.8513097373910078E-004          -2          -5          -2
  -4.3765497755256011E-004   1.0749795157740398E-003          -2          -2          -5
   6.1889950591392944E-005  -1.5201797257087014E-004          -2           0           3
  -6.0355962337693956E-005   1.4824857066778280E-004          -2           3           0
  -4.0154985598612000E-004   9.8629990986934995E-004          -1          -4          -4
  -1.8526080310919439E-005   4.5505467945132796E-005          -1           3           3
  -1.4157569821870308E-004   3.4774464799161131E-004           0          -4          -3
  -9.7629964128954132E-005   2.3980627203304790E-004           0          -3          -4
   1.8480196994252583E-004  -4.5391637891185096E-004           0          -3           2
   6.1890189251914235E-005  -1.5201808933586989E-004           0          -2           3
  -4.3765438327203986E-004   1.0749794479518833E-003           0           2          -3
  -2.7882839056589509E-005   6.8490340929645453E-005           0           3          -2
   1.6720519146496354E-004  -4.1069512421140568E-004           0           3           4
   4.9883256509713796E-005  -1.2252487736481832E-004           0           4           3
   4.0154971730565608E-004  -9.8629992975791383E-004           1          -3          -3
   1.8525981016476932E-005  -4.5505511119448020E-005           1           4           4
  -7.5371465352935582E-005   1.8513116989527509E-004           2          -3           0
  -4.3765477086956419E-004   1.0749794464997868E-003           2           0          -3
   6.1889858157814425E-005  -1.5201819431607429E-004           2           2           5
  -6.0356206910689777E-005   1.4824855328825326E-004           2           5           2
  -6.0355860100171282E-005   1.4824841813132296E-004           3          -2           0
  -1.8526182270650784E-005   4.5505880563243814E-005           3          -1           3
  -2.7882778061931163E-005   6.8490386938111519E-005           3           0          -2
   1.6720534510405446E-004  -4.1069513519888549E-004           3           0           4
   9.7629834068497018E-005  -2.3980554409694859E-004           3           3          -1
  -1.8480175469140440E-004   4.5391645331187616E-004           3           3           5
  -4.0154937002543441E-004   9.8629978815342571E-004           3           4           0
   7.5371614980808405E-005  -1.8513097300829241E-004           3           5           3
   4.9883581389302488E-005  -1.2252478686365845E-004           4           0           3
   1.8526059642228065E-005  -4.5505945701127196E-005           4           1           4
  -4.0154949865182471E-004   9.8629991748260763E-004           4           3           0
  -1.4157553474467252E-004   3.4774409066454107E-004           4           4           1
  -6.0356055122382356E-005   1.4824806664587916E-004           5           2           2
   7.5371514608859046E-005  -1.8513119951360724E-004           5           3           3
   1.7459335201825215E-006  -4.2865197527386865E-006          -5          -3          -2
  -6.0392035754667355E-005   1.4833813262972689E-004          -5          -2          -3
   1.7460376657282735E-006  -4.2867613724217574E-006          -3          -5          -2
  -2.5983299910409036E-004   6.3820603091515346E-004          -3          -2          -5
   1.0414829426696898E-004  -2.5581095945041433E-004          -3          -1           2
  -6.0392112445375602E-005   1.4833778965735850E-004          -3           2          -1
  -6.0391988825210215E-005   1.4833764152734504E-004          -2          -5          -3
  -2.5983296851865166E-004   6.3820571355750907E-004          -2          -3          -5
  -1.0414819449377755E-004   2.5581105130205169E-004          -2           1           3
  -1.7457105649051587E-006   4.2869566763385122E-006          -2           3           1
   1.0414815557651737E-004  -2.5581104502760528E-004          -1          -3           2
  -2.5983253292952943E-004   6.3820596245615663E-004          -1           2          -3
  -1.0414815078738766E-004   2.5581100123824583E-004           1          -2           3
   2.5983232982110195E-004  -6.3820606290141617E-004           1           3          -2
  -6.0392154525155787E-005   1.4833778292492076E-004           2          -3          -1
  -2.5983281627330767E-004   6.3820574241829327E-004           2          -1          -3
  -1.0414823905598687E-004   2.5581103618301372E-004           2           3           5
  -1.7457058421977723E-006   4.2870638294931299E-006           2           5           3
  -1.7457941481105990E-006   4.2867100518727956E-006           3          -2           1
   2.5983271949617899E-004  -6.3820597969841265E-004           3           1          -2
  -1.0414821808163083E-004   2.5581096450438606E-004           3           2           5
   6.0391994017630541E-005  -1.4833764172143444E-004           3           5           2
  -1.7459038146924951E-006   4.2866043319872333E-006           5           2           3
   6.0392016163799534E-005  -1.4833808852776352E-004           5           3           2
  -9.3062949336443866E-006   2.2859319994512068E-005          -5          -4          -3
   7.4716101542950000E-005  -1.8351986059395411E-004          -5          -3          -4
   8.6419116018218606E-005  -2.1226650938507819E-004          -5          -2          -1
  -9.7649851362735162E-006   2.3984560943901446E-005          -5          -1          -2
  -9.3062359125075893E-006   2.2859258836947914E-005          -4          -5          -3
   1.0879911069780406E-004  -2.6723584338851625E-004          -4          -3          -5
  -1.5961894023052995E-004   3.9206249935877621E-004          -4          -1           1
   9.7649337258892454E-006  -2.3984759890055732E-005          -4           1          -1
   7.4716311293569692E-005  -1.8352017328082025E-004          -3          -5          -4
   1.0879928154207829E-004  -2.6723612380031447E-004          -3          -4          -5
   1.5961895564602416E-004  -3.9206238346400381E-004          -3           1           2
   8.6419127520112932E-005  -2.1226620343812094E-004          -3           2           1
   8.6419028216341305E-005  -2.1226646128256267E-004          -2          -5          -1
  -9.9281341638239224E-005   2.4385833010632792E-004          -2          -1          -5
   0.0000000000000000        0.0000000000000000               -2          -1           3
  -7.4715923322717998E-005   1.8352011267893620E-004          -2           3          -1
  -9.7651282965862849E-006   2.3984760677457631E-005          -1          -5          -2
  -1.5961899219380519E-004   3.9206254977485432E-004          -1          -4           1
  -9.9281501969043602E-005   2.4385850392090209E-004          -1          -2          -5
   0.0000000000000000        0.0000000000000000               -1          -2           3
   9.9281212084327260E-005  -2.4385814100512414E-004          -1           1          -4
   0.0000000000000000        0.0000000000000000               -1           1           4
  -1.0879875332682568E-004   2.6723582482708109E-004          -1           3          -2
  -9.3062662696232516E-006   2.2859080316263005E-005          -1           4           1
   9.7649704787561170E-006  -2.3984828136532175E-005           1          -4          -1
   1.5961906189280301E-004  -3.9206255580478906E-004           1          -3           2
   9.9281494480144087E-005  -2.4385847713763388E-004           1          -1          -4
   0.0000000000000000        0.0000000000000000                1          -1           4
  -9.9281130096176901E-005   2.4385817481714620E-004           1           2          -3
   0.0000000000000000        0.0000000000000000                1           2           5
   1.0879899526966928E-004  -2.6723589826882960E-004           1           4          -1
   9.3061498208452462E-006  -2.2859169033775464E-005           1           5           2
   8.6419242388135131E-005  -2.1226640474066960E-004           2          -3           1
  -9.9281230387577939E-005   2.4385838377727001E-004           2           1          -3
   0.0000000000000000        0.0000000000000000                2           1           5
  -7.4716248156327309E-005   1.8352005846703859E-004           2           5           1
  -7.4716093732930469E-005   1.8352022303271540E-004           3          -2          -1
  -1.0879914715027321E-004   2.6723602844664637E-004           3          -1          -2
  -1.5961876513298737E-004   3.9206261216775528E-004           3           4           5
  -8.6418962827057894E-005   2.1226639054841215E-004           3           5           4
  -9.3063943862660447E-006   2.2859179891327145E-005           4          -1           1
   1.0879906757326942E-004  -2.6723590013412425E-004           4           1          -1
  -1.5961882258322201E-004   3.9206267261735948E-004           4           3           5
   9.7650483719017402E-006  -2.3984809062375461E-005           4           5           3
   9.3063532860892566E-006  -2.2859279185313711E-005           5           1           2
  -7.4716086004480834E-005   1.8351998826338816E-004           5           2           1
  -8.6419061553314339E-005   2.1226651319048622E-004           5           3           4
   9.7650316383775991E-006  -2.3984751472444617E-005           5           4           3
   9.9355836873193662E-006  -2.4405016591800573E-005          -5          -4          -4
  -4.5325782741654090E-005   1.1133319744873445E-004          -5          -4          -2
   1.4205306454406874E-004  -3.4891503759061529E-004          -5          -3          -1
  -2.5743241352946557E-006   6.3245055521341785E-006          -5          -2          -4
   9.1970562025002481E-006  -2.2589266071054325E-005          -5          -1          -3
   1.2987413837457803E-005  -3.1902404894372581E-005          -5          -1          -1
   9.9355822561575111E-006  -2.4404996221778142E-005          -4          -5          -4
  -4.5325738221684930E-005   1.1133312249447520E-004          -4          -5          -2
   7.0381109170142601E-005  -1.7287255739049711E-004          -4          -4          -5
  -3.8229824906547302E-005   9.3901440312068051E-005          -4          -2          -5
   0.0000000000000000        0.0000000000000000               -4          -2           1
   0.0000000000000000        0.0000000000000000               -4           0           1
  -9.1970523939800832E-006   2.2589262763338218E-005          -4           1          -2
  -1.2987457062835429E-005   3.1902215957491168E-005          -4           1           0
   1.4205304487145367E-004  -3.4891512096739408E-004          -3          -5          -1
   0.0000000000000000        0.0000000000000000               -3          -2           2
  -8.4102205837355789E-005   2.0657339471434965E-004          -3          -1          -5
  -2.5744422555734311E-006   6.3241204511780123E-006          -3           2          -2
  -2.5739157152999026E-006   6.3238355757691706E-006          -2          -5          -4
  -3.8229514160965685E-005   9.3900869476414619E-005          -2          -4          -5
   0.0000000000000000        0.0000000000000000               -2          -4           1
   0.0000000000000000        0.0000000000000000               -2          -3           2
   8.4101952623060662E-005  -2.0657326801765076E-004          -2           1          -4
  -3.8229902670171916E-005   9.3901332420761132E-005          -2           2          -3
   0.0000000000000000        0.0000000000000000               -2           2           3
  -1.4205300770228402E-004   3.4891498383631068E-004          -2           3           2
   9.1970668300067082E-006  -2.2589298169517038E-005          -1          -5          -3
   1.2987404120992363E-005  -3.1902233230533526E-005          -1          -5          -1
  -8.4102453466055981E-005   2.0657338240481399E-004          -1          -3          -5
   6.0730842412380131E-005  -1.4916754080803696E-004          -1          -1          -5
   0.0000000000000000        0.0000000000000000               -1           0           4
   0.0000000000000000        0.0000000000000000               -1           2           4
   9.9357747486945493E-006  -2.4404844031220056E-005          -1           4           0
  -4.5325784087180563E-005   1.1133288296653541E-004          -1           4           2
   0.0000000000000000        0.0000000000000000                0          -4           1
   0.0000000000000000        0.0000000000000000                0          -1           4
  -6.0730782353713927E-005   1.4916781713593473E-004           0           1          -4
   7.0381015895880914E-005  -1.7287234870210904E-004           0           4          -1
  -9.1971011589325593E-006   2.2589238646524214E-005           1          -4          -2
  -1.2987555802044486E-005   3.1902247011930550E-005           1          -4           0
   8.4102373407179677E-005  -2.0657334824297627E-004           1          -2          -4
  -6.0730842185571007E-005   1.4916752028344482E-004           1           0          -4
   0.0000000000000000        0.0000000000000000                1           1           5
   0.0000000000000000        0.0000000000000000                1           3           5
  -9.9358314596139148E-006   2.4404776006807280E-005           1           5           1
   4.5325709997720607E-005  -1.1133292674751294E-004           1           5           3
  -2.5740779507765190E-006   6.3238819833211840E-006           2          -3          -2
  -3.8229549193847011E-005   9.3900975100135177E-005           2          -2          -3
   0.0000000000000000        0.0000000000000000                2          -2           3
   0.0000000000000000        0.0000000000000000                2          -1           4
   8.4101806074281731E-005  -2.0657338511010940E-004           2           3          -2
  -3.8229447432503058E-005   9.3901372576682242E-005           2           4          -1
   0.0000000000000000        0.0000000000000000                2           4           5
  -1.4205291387657352E-004   3.4891513399874378E-004           2           5           4
  -1.4205311894437540E-004   3.4891501322113457E-004           3          -2           2
   0.0000000000000000        0.0000000000000000                3           1           5
   8.4101976739556924E-005  -2.0657341683576804E-004           3           2          -2
   2.5740713589318516E-006  -6.3240504244484149E-006           3           5           1
   9.9355976326734201E-006  -2.4404953577710303E-005           4          -1           0
  -4.5325949607308840E-005   1.1133318646822085E-004           4          -1           2
   7.0381024808932011E-005  -1.7287249833229307E-004           4           0          -1
  -3.8229633369356205E-005   9.3901362692950808E-005           4           2          -1
   0.0000000000000000        0.0000000000000000                4           2           5
   0.0000000000000000        0.0000000000000000                4           4           5
  -9.1970288816383954E-006   2.2589405533468531E-005           4           5           2
  -1.2987381474201656E-005   3.1902268394869555E-005           4           5           4
  -9.9355752521107527E-006   2.4404934584903925E-005           5           1           1
   4.5325831443309103E-005  -1.1133327941882407E-004           5           1           3
  -1.4205309144748945E-004   3.4891502353118524E-004           5           2           4
   2.5741825209720499E-006  -6.3242424370280521E-006           5           3           1
  -9.1970222852561314E-006   2.2589287943108119E-005           5           4           2
  -1.2987416838055925E-005   3.1902435631712554E-005           5           4           4
   0.0000000000000000        0.0000000000000000               -4          -4           0
   5.1133389514830580E-005  -1.2559612977292153E-004          -4           0          -4
   5.1133006287033109E-005  -1.2559576909335684E-004           0          -4          -4
   0.0000000000000000        0.0000000000000000                0           4           4
   0.0000000000000000        0.0000000000000000                4           0           4
   5.1133184766328451E-005  -1.2559612505678790E-004           4           4           0
   0.0000000000000000        0.0000000000000000               -5          -5          -3
  -8.6554721805661518E-005   2.1259854433349688E-004          -5          -3          -5
   0.0000000000000000        0.0000000000000000               -5          -2           0
   0.0000000000000000        0.0000000000000000               -5           0          -2
  -8.6554742390799130E-005   2.1259855408436139E-004          -3          -5          -5
   0.0000000000000000        0.0000000000000000               -3           2           2
   0.0000000000000000        0.0000000000000000               -2          -5           0
   0.0000000000000000        0.0000000000000000               -2          -2           3
   9.5055889820856826E-005  -2.3348088606676016E-004          -2           0          -5
   8.6554860512547067E-005  -2.1259865495592092E-004          -2           3          -2
   0.0000000000000000        0.0000000000000000                0          -5          -2
   9.5055849272075900E-005  -2.3348062829990626E-004           0          -2          -5
   0.0000000000000000        0.0000000000000000                0           2           5
   0.0000000000000000        0.0000000000000000                0           5           2
   0.0000000000000000        0.0000000000000000                2          -3           2
   0.0000000000000000        0.0000000000000000                2           0           5
   9.5055849967637089E-005  -2.3348092671199406E-004           2           2          -3
   8.6554865425303616E-005  -2.1259864888940275E-004           2           5           0
   8.6554817874314089E-005  -2.1259855273235911E-004           3          -2          -2
   0.0000000000000000        0.0000000000000000                5           0           2
   8.6554823831220986E-005  -2.1259852547385495E-004           5           2           0
   0.0000000000000000        0.0000000000000000               -5          -5          -4
  -1.2064002065167383E-005   2.9629981028298802E-005          -5          -4          -5
   0.0000000000000000        0.0000000000000000               -5          -4          -1
   4.4341113801513949E-005  -1.0891032095156197E-004          -5          -1          -4
   0.0000000000000000        0.0000000000000000               -5          -1           0
   0.0000000000000000        0.0000000000000000               -5           0          -1
  -1.2064066126323779E-005   2.9630125411072419E-005          -4          -5          -5
   0.0000000000000000        0.0000000000000000               -4          -5          -1
   0.0000000000000000        0.0000000000000000               -4          -3           1
   1.8475379335167514E-005  -4.5378829299512652E-005          -4          -1          -5
  -4.4341132537145593E-005   1.0891042367161835E-004          -4           1          -3
   0.0000000000000000        0.0000000000000000               -4           1           1
   0.0000000000000000        0.0000000000000000               -3          -4           1
  -1.8475428017841379E-005   4.5378909889148765E-005          -3           1          -4
   4.4341247795676462E-005  -1.0891062250704679E-004          -1          -5          -4
   0.0000000000000000        0.0000000000000000               -1          -5           0
   1.8475495577973951E-005  -4.5379107244303126E-005          -1          -4          -5
   0.0000000000000000        0.0000000000000000               -1          -1           4
  -3.5322027334439330E-005   8.6759075254293628E-005          -1           0          -5
   0.0000000000000000        0.0000000000000000               -1           3           4
  -1.2063941532537175E-005   2.9630152064228674E-005          -1           4          -1
   0.0000000000000000        0.0000000000000000               -1           4           3
   0.0000000000000000        0.0000000000000000                0          -5          -1
  -3.5321991165502710E-005   8.6759193694100053E-005           0          -1          -5
   0.0000000000000000        0.0000000000000000                0           1           5
   0.0000000000000000        0.0000000000000000                0           5           1
  -4.4341242888667425E-005   1.0891056449305812E-004           1          -4          -3
   0.0000000000000000        0.0000000000000000                1          -4           1
  -1.8475534242434893E-005   4.5379098932985367E-005           1          -3          -4
   0.0000000000000000        0.0000000000000000                1           0           5
   3.5322165772097219E-005  -8.6759028042842802E-005           1           1          -4
   0.0000000000000000        0.0000000000000000                1           4           5
   1.2064062001828388E-005  -2.9630148440958448E-005           1           5           0
   0.0000000000000000        0.0000000000000000                1           5           4
   0.0000000000000000        0.0000000000000000                3          -1           4
   1.8475709441241452E-005  -4.5378836705949159E-005           3           4          -1
  -1.2064038611932352E-005   2.9630091744117057E-005           4          -1          -1
   0.0000000000000000        0.0000000000000000                4          -1           3
   0.0000000000000000        0.0000000000000000                4           1           5
   1.8475607264821208E-005  -4.5378846803538462E-005           4           3          -1
  -4.4341289373262753E-005   1.0891046161021163E-004           4           5           1
   0.0000000000000000        0.0000000000000000                5           0           1
   1.2064016413029173E-005  -2.9630019165823397E-005           5           1           0
   0.0000000000000000        0.0000000000000000                5           1           4
  -4.4341221942976531E-005   1.0891036362234199E-004           5           4           1
   0.0000000000000000        0.0000000000000000               -6          -3          -3
   0.0000000000000000        0.0000000000000000               -5          -5          -2
   0.0000000000000000        0.0000000000000000               -5          -3           0
  -1.4287767268916435E-004   3.5094247099767633E-004          -5          -2          -5
   0.0000000000000000        0.0000000000000000               -5           0          -3
   0.0000000000000000        0.0000000000000000               -3          -6          -3
   0.0000000000000000        0.0000000000000000               -3          -5           0
  -1.8595377296605863E-004   4.5674803474221386E-004          -3          -3          -6
   0.0000000000000000        0.0000000000000000               -3          -3           2
   1.6845862679600902E-004  -4.1377541136957373E-004          -3           0          -5
   0.0000000000000000        0.0000000000000000               -3           0           3
  -1.4287777582255531E-004   3.5094241829447287E-004          -3           2          -3
   0.0000000000000000        0.0000000000000000               -3           3           0
  -1.4287747414352454E-004   3.5094217541126475E-004          -2          -5          -5
   0.0000000000000000        0.0000000000000000               -2           3           3
   0.0000000000000000        0.0000000000000000                0          -5          -3
   1.6845843930520638E-004  -4.1377519879719682E-004           0          -3          -5
   0.0000000000000000        0.0000000000000000                0          -3           3
   1.8595391286363059E-004  -4.5674825640735188E-004           0           3          -3
   0.0000000000000000        0.0000000000000000                0           3           5
   0.0000000000000000        0.0000000000000000                0           5           3
  -1.4287756235342432E-004   3.5094225946247654E-004           2          -3          -3
   0.0000000000000000        0.0000000000000000                3          -3           0
   0.0000000000000000        0.0000000000000000                3          -2           3
   1.8595381312744877E-004  -4.5674809914077977E-004           3           0          -3
   0.0000000000000000        0.0000000000000000                3           0           5
  -1.6845859132630185E-004   4.1377548657884841E-004           3           3          -2
   1.4287755420010022E-004  -3.5094249759745405E-004           3           5           0
   0.0000000000000000        0.0000000000000000                5           0           3
   1.4287758709195515E-004  -3.5094242350847978E-004           5           3           0
   0.0000000000000000        0.0000000000000000               -6          -4          -3
   0.0000000000000000        0.0000000000000000               -6          -3          -4
   0.0000000000000000        0.0000000000000000               -6          -3          -2
   0.0000000000000000        0.0000000000000000               -6          -2          -3
   0.0000000000000000        0.0000000000000000               -5          -5          -5
   0.0000000000000000        0.0000000000000000               -5           0           0
   0.0000000000000000        0.0000000000000000               -4          -6          -3
  -1.5981375398495091E-004   3.9254037125953525E-004          -4          -3          -6
   0.0000000000000000        0.0000000000000000               -4          -1           2
   0.0000000000000000        0.0000000000000000               -4           2          -1
   0.0000000000000000        0.0000000000000000               -3          -6          -4
   0.0000000000000000        0.0000000000000000               -3          -6          -2
  -1.5981374284065392E-004   3.9254034107090452E-004          -3          -4          -6
  -1.0506374537257031E-004   2.5806340532525708E-004          -3          -2          -6
   0.0000000000000000        0.0000000000000000               -3          -1           3
   0.0000000000000000        0.0000000000000000               -3           1           3
   0.0000000000000000        0.0000000000000000               -3           3          -1
   0.0000000000000000        0.0000000000000000               -3           3           1
   0.0000000000000000        0.0000000000000000               -2          -6          -3
  -1.0506374312853667E-004   2.5806333145454350E-004          -2          -3          -6
   0.0000000000000000        0.0000000000000000               -2           1           4
   0.0000000000000000        0.0000000000000000               -2           4           1
   0.0000000000000000        0.0000000000000000               -1          -4           2
   0.0000000000000000        0.0000000000000000               -1          -3           3
  -1.0506370875320744E-004   2.5806356832029208E-004          -1           2          -4
   1.5981395803516514E-004  -3.9254047407732078E-004          -1           3          -3
   0.0000000000000000        0.0000000000000000                0          -5           0
  -2.1211699294380155E-004   5.2100959569774830E-004           0           0          -5
   0.0000000000000000        0.0000000000000000                0           0           5
   0.0000000000000000        0.0000000000000000                0           5           0
   0.0000000000000000        0.0000000000000000                1          -3           3
   0.0000000000000000        0.0000000000000000                1          -2           4
   1.0506362959846378E-004  -2.5806366925944203E-004           1           3          -3
  -1.5981397772597144E-004   3.9254038541637517E-004           1           4          -2
   0.0000000000000000        0.0000000000000000                2          -4          -1
  -1.0506368729562556E-004   2.5806336119310429E-004           2          -1          -4
   0.0000000000000000        0.0000000000000000                3          -3          -1
   0.0000000000000000        0.0000000000000000                3          -3           1
   1.5981383334577896E-004  -3.9254039241182887E-004           3          -1          -3
   1.0506371838909313E-004  -2.5806346546635388E-004           3           1          -3
   0.0000000000000000        0.0000000000000000                4          -2           1
  -1.5981385663715013E-004   3.9254035293858459E-004           4           1          -2
   0.0000000000000000        0.0000000000000000                5           0           0
   0.0000000000000000        0.0000000000000000               -6          -4          -4
   0.0000000000000000        0.0000000000000000               -6          -2          -2
   0.0000000000000000        0.0000000000000000               -4          -6          -4
   0.0000000000000000        0.0000000000000000               -4          -4          -6
   0.0000000000000000        0.0000000000000000               -4           0           2
   0.0000000000000000        0.0000000000000000               -4           2           0
   0.0000000000000000        0.0000000000000000               -2          -6          -2
   6.1737508490635335E-005  -1.5164072593912105E-004          -2          -2          -6
   0.0000000000000000        0.0000000000000000               -2           0           4
   0.0000000000000000        0.0000000000000000               -2           4           0
   0.0000000000000000        0.0000000000000000                0          -4           2
   0.0000000000000000        0.0000000000000000                0          -2           4
   6.1737695116035514E-005  -1.5164055477230045E-004           0           2          -4
   0.0000000000000000        0.0000000000000000                0           4          -2
   0.0000000000000000        0.0000000000000000                2          -4           0
   6.1737576322225452E-005  -1.5164070756571661E-004           2           0          -4
   0.0000000000000000        0.0000000000000000                4          -2           0
   0.0000000000000000        0.0000000000000000                4           0          -2
   0.0000000000000000        0.0000000000000000               -6          -4          -2
   0.0000000000000000        0.0000000000000000               -6          -2          -4
   0.0000000000000000        0.0000000000000000               -4          -6          -2
   0.0000000000000000        0.0000000000000000               -4          -2          -6
   0.0000000000000000        0.0000000000000000               -4          -2           2
   0.0000000000000000        0.0000000000000000               -4           2          -2
   0.0000000000000000        0.0000000000000000               -2          -6          -4
   0.0000000000000000        0.0000000000000000               -2          -4          -6
   0.0000000000000000        0.0000000000000000               -2          -4           2
   0.0000000000000000        0.0000000000000000               -2           2          -4
   0.0000000000000000        0.0000000000000000                2          -4          -2
   0.0000000000000000        0.0000000000000000                2          -2          -4
   0.0000000000000000        0.0000000000000000               -5          -5          -1
   0.0000000000000000        0.0000000000000000               -5          -4           0
   0.0000000000000000        0.0000000000000000               -5          -1          -5
   0.0000000000000000        0.0000000000000000               -5           0          -4
   0.0000000000000000        0.0000000000000000               -4          -5           0
   0.0000000000000000        0.0000000000000000               -4          -4           1
   0.0000000000000000        0.0000000000000000               -4           0          -5
   0.0000000000000000        0.0000000000000000               -4           1          -4
   0.0000000000000000        0.0000000000000000               -1          -5          -5
   0.0000000000000000        0.0000000000000000                0          -5          -4
   0.0000000000000000        0.0000000000000000                0          -4          -5
   0.0000000000000000        0.0000000000000000                1          -4          -4
