         718          24          24          24
  0.27009545613229335      -0.57866966085543092                0           0           0
  -5.9089592359611497E-002  0.12659718962497341               -1          -1          -1
   3.5288364107156231E-002  -7.5603677520609813E-002          -1           0           0
   3.5288361046391763E-002  -7.5603685187172157E-002           0          -1           0
 -0.27318739831736250       0.58529060203481398                0           0          -1
   1.2907697006119699E-002  -2.7654521974250883E-002           0           0           1
   5.9089610096945897E-002 -0.12659718189341806                0           1           0
   5.9089592065793159E-002 -0.12659716858262532                1           0           0
  -3.5288357947364443E-002   7.5603681639222042E-002           1           1           1
   1.1622226553415820E-002  -2.4899880230893713E-002          -1          -1           0
  -5.9471808412084819E-002  0.12741555138263444               -1           0          -1
  -5.9471811660974414E-002  0.12741557100046111                0          -1          -1
  -1.1622226428734768E-002   2.4899878229275675E-002           0           1           1
  -1.1622226708695569E-002   2.4899880456109559E-002           1           0           1
   5.9471824475245509E-002 -0.12741556452427821                1           1           0
  -4.9699693608350557E-003   1.0647900595523313E-002          -2          -1          -1
  -4.9699699264511999E-003   1.0647902210484346E-002          -1          -2          -1
   3.5403379956663421E-002  -7.5850338050940921E-002          -1          -1          -2
   3.4980601847396835E-003  -7.4944459861933741E-003          -1           0           1
   4.9699723674027727E-003  -1.0647901074943712E-002          -1           1           0
   3.4980589304518714E-003  -7.4944463842989938E-003           0          -1           1
  -3.5403381176724508E-002   7.5850346884519471E-002           0           1          -1
   4.9699670579907724E-003  -1.0647906064681766E-002           1          -1           0
  -3.5403373695226767E-002   7.5850342835060203E-002           1           0          -1
  -3.4980600439164775E-003   7.4944472679319540E-003           1           1           2
  -4.9699723988684136E-003   1.0647901121779791E-002           1           2           1
  -4.9699658180615888E-003   1.0647905475563940E-002           2           1           1
  -4.9686266417241221E-003   1.0645005626693516E-002          -2          -2          -1
   4.8880427182711895E-003  -1.0472455187745849E-002          -2          -1          -2
   4.2211672475009100E-003  -9.0436539250694746E-003          -2          -1           0
   3.1271295560080345E-003  -6.6997777369794693E-003          -2           0          -1
   4.8880364252984433E-003  -1.0472461395475073E-002          -1          -2          -2
   4.2211669061607629E-003  -9.0436544565997111E-003          -1          -2           0
   4.1740853696394641E-003  -8.9427691264144463E-003          -1          -1           1
   1.1493041789659875E-002  -2.4623594699902447E-002          -1           0          -2
  -4.8880422273540561E-003   1.0472456472788431E-002          -1           1          -1
  -4.2211665500817338E-003   9.0436532245638489E-003          -1           1           1
   3.1271311481574854E-003  -6.6997724355651791E-003           0          -2          -1
   1.1493041100369420E-002  -2.4623593995541090E-002           0          -1          -2
  -4.1740856578502180E-003   8.9427687482074580E-003           0           1           2
  -4.9686272947286553E-003   1.0645005500894927E-002           0           2           1
  -4.8880357305434285E-003   1.0472458516315876E-002           1          -1          -1
  -4.2211681322435312E-003   9.0436528468069207E-003           1          -1           1
  -4.1740851267612813E-003   8.9427691061984838E-003           1           0           2
  -1.1493044902653737E-002   2.4623597700546073E-002           1           1          -1
   4.8880404672989328E-003  -1.0472465199722263E-002           1           2           0
   4.2211656478761588E-003  -9.0436529530555365E-003           1           2           2
  -4.9686257199652462E-003   1.0645007483921928E-002           2           0           1
   4.8880397183262252E-003  -1.0472461638062310E-002           2           1           0
   4.2211679130790356E-003  -9.0436519857181874E-003           2           1           2
   3.1271300690631876E-003  -6.6997727634878369E-003           2           2           1
  -3.1835205245898399E-003   6.8205232919110728E-003          -2          -2          -2
   6.0558797928076781E-003  -1.2974426485835047E-002          -2           0           0
   6.0558785814695355E-003  -1.2974427110927847E-002           0          -2           0
  -1.3120928920514925E-002   2.8110696134973641E-002           0           0          -2
  -4.9723426105915203E-003   1.0653005980366587E-002           0           0           2
  -3.1835186026905361E-003   6.8205236629372903E-003           0           2           0
  -3.1835229942585009E-003   6.8205235214765618E-003           2           0           0
   6.0558788781543390E-003  -1.2974426729914834E-002           2           2           2
   1.1561595872639479E-003  -2.4770404458128708E-003          -2          -2           0
   4.8590159186634833E-003  -1.0410292411823639E-002          -2           0          -2
   4.8590132398828364E-003  -1.0410293599059938E-002           0          -2          -2
   1.1561590501804994E-003  -2.4770400592307945E-003           0           2           2
   1.1561603220329206E-003  -2.4770398266527232E-003           2           0           2
   4.8590155044669903E-003  -1.0410295758190521E-002           2           2           0
  -3.1510289452306925E-003   6.7509552689931137E-003          -3          -2          -2
  -1.5066359734643418E-003   3.2278746902790808E-003          -3          -1          -1
  -3.1510285975963810E-003   6.7509550771176451E-003          -2          -3          -2
  -6.0121120867432428E-003   1.2880726150488842E-002          -2          -2          -3
   9.6245196674041170E-004  -2.0619965047325682E-003          -2           0           1
   1.5066360838272225E-003  -3.2278747524273777E-003          -2           1           0
  -1.5066348717445311E-003   3.2278750114012500E-003          -1          -3          -1
   3.4660171913420573E-003  -7.4257910620463257E-003          -1          -1          -3
  -2.5259169428487310E-003   5.4116720119010680E-003          -1           0           2
  -3.1510286257872542E-003   6.7509553242611452E-003          -1           2           0
   9.6245095155903513E-004  -2.0619973043597903E-003           0          -2           1
  -2.5259171827301374E-003   5.4116712507090905E-003           0          -1           2
  -3.4660180638308035E-003   7.4257917837318417E-003           0           1          -2
  -6.0121121716001499E-003   1.2880727159499466E-002           0           2          -1
   1.5066346388930168E-003  -3.2278755422145405E-003           1          -2           0
  -3.4660163063753363E-003   7.4257907311923686E-003           1           0          -2
   2.5259172003908792E-003  -5.4116714396333990E-003           1           1           3
   3.1510284325953104E-003  -6.7509551120970620E-003           1           3           1
  -3.1510303383164937E-003   6.7509541194921783E-003           2          -1           0
  -6.0121113672174271E-003   1.2880727104906113E-002           2           0          -1
   9.6245107775688949E-004  -2.0619973809639720E-003           2           2           3
   1.5066353960911188E-003  -3.2278754830158355E-003           2           3           2
   3.1510305408052404E-003  -6.7509539224555838E-003           3           1           1
   1.5066349816409835E-003  -3.2278761479222376E-003           3           2           2
  -2.7119286733931843E-003   5.8101781234830051E-003          -3          -2          -1
  -3.1780717702289364E-003   6.8088750750435649E-003          -3          -1          -2
  -2.7119280108816356E-003   5.8101779910277492E-003          -2          -3          -1
  -4.2280724970416156E-003   9.0584819981776726E-003          -2          -1          -3
   2.1321277039479227E-003  -4.5679873304981296E-003          -2          -1           1
   3.1780717295401212E-003  -6.8088746819759821E-003          -2           1          -1
  -3.1780726054788703E-003   6.8088724909948911E-003          -1          -3          -2
  -4.2280736583328454E-003   9.0584804678143782E-003          -1          -2          -3
   2.1321273769219608E-003  -4.5679871324269374E-003          -1          -2           1
   4.2280717753757548E-003  -9.0584815321282167E-003          -1           1          -2
  -2.1321274449449335E-003   4.5679870265593892E-003          -1           1           2
  -2.7119285012740012E-003   5.8101776766567980E-003          -1           2           1
   3.1780728132932545E-003  -6.8088730573662732E-003           1          -2          -1
   4.2280731544040075E-003  -9.0584813673951926E-003           1          -1          -2
  -2.1321274474196969E-003   4.5679869436350915E-003           1          -1           2
  -4.2280734244214586E-003   9.0584802824865036E-003           1           2          -1
   2.1321272277020822E-003  -4.5679869209493441E-003           1           2           3
   2.7119281095903149E-003  -5.8101777485570685E-003           1           3           2
  -2.7119277541441398E-003   5.8101790052157293E-003           2          -1           1
  -4.2280737030478723E-003   9.0584816396128594E-003           2           1          -1
   2.1321277629709570E-003  -4.5679870687906337E-003           2           1           3
   3.1780727512423501E-003  -6.8088724172767137E-003           2           3           1
   2.7119281329600039E-003  -5.8101792454421965E-003           3           1           2
   3.1780730153673814E-003  -6.8088731887533853E-003           3           2           1
  -7.9677336091707853E-004   1.7070718663926713E-003          -3          -3          -2
  -1.4467971730893247E-003   3.0997250472932516E-003          -3          -2          -3
   9.6905080241046430E-004  -2.0761625191513507E-003          -3          -1           0
   8.9867182985358676E-004  -1.9253865248795225E-003          -3           0          -1
  -1.4467960447918523E-003   3.0997252011884971E-003          -2          -3          -3
  -9.6905072611803945E-004   2.0761623660559832E-003          -2           1           1
   9.6905124959940339E-004  -2.0761624722851219E-003          -1          -3           0
  -1.1327835584689677E-003   2.4269451568510077E-003          -1          -1           2
   4.1229375327644889E-003  -8.8332469192490375E-003          -1           0          -3
  -1.4467971899855838E-003   3.0997256014135034E-003          -1           2          -1
   8.9867243764381159E-004  -1.9253867049604289E-003           0          -3          -1
   4.1229371324149160E-003  -8.8332471542886329E-003           0          -1          -3
   1.1327835607700888E-003  -2.4269453427398671E-003           0           1           3
   7.9677384048317684E-004  -1.7070723158324847E-003           0           3           1
  -9.6905135193011229E-004   2.0761624363076696E-003           1          -2           1
   1.1327838364933980E-003  -2.4269450379691476E-003           1           0           3
  -4.1229376180155278E-003   8.8332472407870316E-003           1           1          -2
   1.4467967110130954E-003  -3.0997261237595622E-003           1           3           0
  -1.4467957709365412E-003   3.0997261927316879E-003           2          -1          -1
  -9.6905089784471801E-004   2.0761618266872772E-003           2           3           3
   7.9677401256416952E-004  -1.7070722187092560E-003           3           0           1
   1.4467961225056998E-003  -3.0997266953253491E-003           3           1           0
  -9.6905118947225393E-004   2.0761619309211769E-003           3           2           3
  -8.9867188478739990E-004   1.9253857059623593E-003           3           3           2
   9.4463719761550351E-004  -2.0238245519047220E-003          -3          -3          -3
  -1.3894361280932218E-003   2.9768120789600916E-003          -3          -3          -1
  -1.3784606720865973E-004   2.9532153126387726E-004          -3          -2           0
  -2.6878164545066411E-003   5.7585410169458656E-003          -3          -1          -3
  -8.4114331128402409E-004   1.8020955004261832E-003          -3           0          -2
   1.4310198264282175E-003  -3.0659041751470713E-003          -3           0           0
  -1.3784568081079277E-004   2.9532182252496890E-004          -2          -3           0
   1.2526125102351555E-003  -2.6836721821195996E-003          -2          -2           1
  -1.1972423707988810E-003   2.5650247884267743E-003          -2           0          -3
   2.6878164279693457E-003  -5.7585411507415814E-003          -2           1          -2
  -2.6878151848101330E-003   5.7585414346860864E-003          -1          -3          -3
  -1.3784578687903447E-004   2.9532107891707868E-004          -1           2           2
  -8.4114311477328791E-004   1.8020947189634046E-003           0          -3          -2
   1.4310196997974296E-003  -3.0659045480017286E-003           0          -3           0
  -1.1972430602680295E-003   2.5650242922591747E-003           0          -2          -3
   4.9416793205996293E-003  -1.0587360637023577E-002           0           0          -3
   1.7119420328658228E-004  -3.6677750432844407E-004           0           0           3
   1.2526124629279451E-003  -2.6836724797085964E-003           0           2           3
  -9.4463644052388831E-004   2.0238238153304786E-003           0           3           0
   1.3894357317393148E-003  -2.9768119123376583E-003           0           3           2
   2.6878152427117497E-003  -5.7585418062258238E-003           1          -2          -2
   1.3784537509033262E-004  -2.9532135930875687E-004           1           3           3
  -1.3784531621820483E-004   2.9532180682584818E-004           2          -1           2
   1.2526129116093134E-003  -2.6836722710374674E-003           2           0           3
  -1.1972430903701274E-003   2.5650241995916106E-003           2           2          -1
   2.6878157944086969E-003  -5.7585417806040777E-003           2           3           0
  -9.4463726298299792E-004   2.0238240670982940E-003           3           0           0
   1.3894367223958228E-003  -2.9768119065096306E-003           3           0           2
   1.3784536782672911E-004  -2.9532184761496625E-004           3           1           3
   2.6878158469793387E-003  -5.7585421017730069E-003           3           2           0
   8.4114374420749699E-004  -1.8020952931373034E-003           3           3           1
  -1.4310195386512024E-003   3.0659041294368913E-003           3           3           3
  -4.4607014401640738E-004   9.5569649770064070E-004          -4          -2          -2
  -4.4607031283344542E-004   9.5569609626934299E-004          -2          -4          -2
  -9.3384233456062936E-004   2.0007299679150434E-003          -2          -2          -4
  -6.1460475677411943E-004   1.3167677536851698E-003          -2           0           2
  -4.4607006824467826E-004   9.5569633259082014E-004          -2           2           0
  -6.1460502193953596E-004   1.3167674188923630E-003           0          -2           2
  -9.3384241662707967E-004   2.0007302142827166E-003           0           2          -2
  -4.4607033634832437E-004   9.5569645934251283E-004           2          -2           0
  -9.3384139845475371E-004   2.0007308280702045E-003           2           0          -2
  -6.1460505535475599E-004   1.3167673943624081E-003           2           2           4
  -4.4607030525235287E-004   9.5569589123816064E-004           2           4           2
  -4.4607027449381371E-004   9.5569639479863857E-004           4           2           2
   1.5559766608581882E-004  -3.3335407184414289E-004          -4          -3          -2
   4.6883329142412191E-004  -1.0044453607199544E-003          -4          -2          -3
  -5.8834279600209578E-004   1.2605020581459702E-003          -4          -2          -1
  -7.4602501330903442E-004   1.5983293339365747E-003          -4          -1          -2
   1.5559746833788876E-004  -3.3335418517309616E-004          -3          -4          -2
   9.9250938475918754E-004  -2.1263979122250780E-003          -3          -2          -4
   5.2263273602818315E-004  -1.1197210923175811E-003          -3          -1           1
   7.4602506333225566E-004  -1.5983292692823958E-003          -3           1          -1
   4.6883319912512805E-004  -1.0044454868520995E-003          -2          -4          -3
  -5.8834261507992617E-004   1.2605020112397987E-003          -2          -4          -1
   9.9250950643790976E-004  -2.1263979022059596E-003          -2          -3          -4
  -2.1209382884809858E-003   4.5440241799526767E-003          -2          -1          -4
  -1.9591530644742883E-004   4.1974060438091894E-004          -2          -1           2
  -5.2263253930705548E-004   1.1197209638526009E-003          -2           1           2
   4.6883323499439497E-004  -1.0044453089694916E-003          -2           2          -1
  -5.8834262028614596E-004   1.2605019054799348E-003          -2           2           1
  -7.4602427244698714E-004   1.5983300475152233E-003          -1          -4          -2
   5.2263285296029862E-004  -1.1197203596769718E-003          -1          -3           1
  -2.1209381995588679E-003   4.5440238945877367E-003          -1          -2          -4
  -1.9591534654066103E-004   4.1974056869952296E-004          -1          -2           2
   2.1209383322565844E-003  -4.5440244127907536E-003          -1           1          -3
   1.9591546656626908E-004  -4.1974082996807456E-004          -1           1           3
   9.9250902305311230E-004  -2.1263975348769213E-003          -1           2          -2
  -1.5559738017394316E-004   3.3335376924208143E-004          -1           3           1
   7.4602433687195120E-004  -1.5983303168997692E-003           1          -3          -1
  -5.2263286100883626E-004   1.1197205353512488E-003           1          -2           2
   2.1209381783593821E-003  -4.5440238966087286E-003           1          -1          -3
   1.9591543464827688E-004  -4.1974061285234249E-004           1          -1           3
  -2.1209383468764643E-003   4.5440240903700940E-003           1           2          -2
  -1.9591557234315102E-004   4.1974083904036989E-004           1           2           4
  -9.9250925419750412E-004   2.1263975340527134E-003           1           3          -1
   1.5559716817776034E-004  -3.3335388919488482E-004           1           4           2
   4.6883338746476648E-004  -1.0044451614135974E-003           2          -2          -1
  -5.8834271540697243E-004   1.2605022756886387E-003           2          -2           1
   9.9250979759288316E-004  -2.1263975231839423E-003           2          -1          -2
  -2.1209383618510285E-003   4.5440239081293420E-003           2           1          -2
  -1.9591551196145385E-004   4.1974064797839998E-004           2           1           4
  -5.2263285518378000E-004   1.1197204130403223E-003           2           3           4
   4.6883316050199184E-004  -1.0044454542275849E-003           2           4           1
  -5.8834247749481761E-004   1.2605017272019452E-003           2           4           3
  -1.5559716689491170E-004   3.3335416116887328E-004           3          -1           1
  -9.9250991271187042E-004   2.1263975083636475E-003           3           1          -1
  -5.2263309248876827E-004   1.1197207861945143E-003           3           2           4
  -7.4602438543817701E-004   1.5983297886202166E-003           3           4           2
   1.5559720109824818E-004  -3.3335421171193055E-004           4           1           2
   4.6883343631089192E-004  -1.0044451428748297E-003           4           2           1
  -5.8834279058428776E-004   1.2605022975712772E-003           4           2           3
  -7.4602440174406323E-004   1.5983301583197469E-003           4           3           2
   7.5505741111075043E-004  -1.6176727336972392E-003          -4          -3          -3
  -4.4492417115423594E-004   9.5322979506742855E-004          -4          -1          -1
   7.5505707574994858E-004  -1.6176727228152221E-003          -3          -4          -3
   1.4411510256878216E-003  -3.0875977121230017E-003          -3          -3          -4
  -2.5219643415140764E-004   5.4031958113175019E-004          -3          -3           0
  -1.3974592314878341E-003   2.9939921123924361E-003          -3           0          -3
   2.8072764581329871E-004  -6.0144737345559540E-004          -3           0           1
   4.4492414455289306E-004  -9.5322971360613760E-004          -3           1           0
  -4.4492365418720154E-004   9.5322927344961830E-004          -1          -4          -1
  -2.5265560070786923E-003   5.4130359710332851E-003          -1          -1          -4
  -1.2214761138119762E-004   2.6169718214113521E-004          -1           0           3
  -7.5505724782963534E-004   1.6176724499756682E-003          -1           3           0
  -1.3974589452385347E-003   2.9939912258824804E-003           0          -3          -3
   2.8072731597600115E-004  -6.0144697743306315E-004           0          -3           1
  -1.2214776375584472E-004   2.6169690618225159E-004           0          -1           3
   2.5265563115465517E-003  -5.4130364464437999E-003           0           1          -3
  -1.4411505022281727E-003   3.0875974605408391E-003           0           3          -1
   2.5219605056760761E-004  -5.4031911969547016E-004           0           3           3
   4.4492370751934087E-004  -9.5322947040463830E-004           1          -3           0
   2.5265564863090929E-003  -5.4130357142915201E-003           1           0          -3
   1.2214778410914379E-004  -2.6169698118568029E-004           1           1           4
   7.5505711434057450E-004  -1.6176725580159875E-003           1           4           1
  -7.5505675664984731E-004   1.6176736957510339E-003           3          -1           0
  -1.4411509366949980E-003   3.0875980139342006E-003           3           0          -1
   2.5219614876952057E-004  -5.4031997749568351E-004           3           0           3
   1.3974592487977250E-003  -2.9939915843894141E-003           3           3           0
  -2.8072772097112800E-004   6.0144728572724402E-004           3           3           4
  -4.4492413309769310E-004   9.5322957379391461E-004           3           4           3
   7.5505688662666785E-004  -1.6176737892855642E-003           4           1           1
  -4.4492413096891992E-004   9.5322990052396171E-004           4           3           3
  -2.3559283717450023E-004   5.0475056213644567E-004          -4          -3          -1
  -1.4026382888839158E-004   3.0051502013001788E-004          -4          -1          -3
  -2.3559294983325232E-004   5.0475022405331528E-004          -3          -4          -1
   2.7996818740946334E-004  -5.9982117465274035E-004          -3          -2           1
  -1.2330349105300263E-004   2.6417797127112726E-004          -3          -1          -4
   1.4026378003963207E-004  -3.0051497547533629E-004          -3           1          -2
   2.7996828962705819E-004  -5.9982091969204847E-004          -2          -3           1
   1.2330345691347619E-004  -2.6417797937342875E-004          -2           1          -3
  -1.4026354848286523E-004   3.0051523085861912E-004          -1          -4          -3
  -1.2330309336471571E-004   2.6417825779720167E-004          -1          -3          -4
   2.7996823198942844E-004  -5.9982138175298486E-004          -1           2           3
   2.3559286714050086E-004  -5.0475062929317886E-004          -1           3           2
   1.4026351218079323E-004  -3.0051545207173910E-004           1          -3          -2
   1.2330284150437621E-004  -2.6417866139648457E-004           1          -2          -3
  -2.7996840009480279E-004   5.9982116599313303E-004           1           3           4
  -2.3559306127377596E-004   5.0475037801439549E-004           1           4           3
   2.7996841444124279E-004  -5.9982107163126228E-004           2          -1           3
   1.2330295083447099E-004  -2.6417796499028846E-004           2           3          -1
   2.3559289075816657E-004  -5.0475081542145778E-004           3          -1           2
  -2.7996848470950513E-004   5.9982114535073595E-004           3           1           4
   1.2330273582896606E-004  -2.6417839722708608E-004           3           2          -1
  -1.4026337794500251E-004   3.0051492658625248E-004           3           4           1
  -2.3559295892105505E-004   5.0475093563783803E-004           4           1           3
  -1.4026332366035471E-004   3.0051521504486202E-004           4           3           1
   2.2715543498296202E-004  -4.8667204193802218E-004          -4          -4          -3
   4.4121794802478887E-004  -9.4529115157290268E-004          -4          -3          -4
   8.3733104584952643E-005  -1.7939621730053834E-004          -4          -1           0
  -1.2636205875839774E-005   2.7069146025851473E-005          -4           0          -1
   4.4121763086395774E-004  -9.4529121351312169E-004          -3          -4          -4
  -8.3733152917333926E-005   1.7939631577331737E-004          -3           1           1
   8.3733577958393796E-005  -1.7939598210899211E-004          -1          -4           0
  -9.9550538459336330E-005   2.1328278322291916E-004          -1          -1           3
  -1.1359340474387633E-003   2.4336862730059590E-003          -1           0          -4
  -4.4121791141061000E-004   9.4529138177742349E-004          -1           3          -1
  -1.2635581465274054E-005   2.7069215552764339E-005           0          -4          -1
  -1.1359340966033641E-003   2.4336858663712418E-003           0          -1          -4
   9.9550471819875684E-005  -2.1328281459750159E-004           0           1           4
   2.2715534633401408E-004  -4.8667205603264104E-004           0           4           1
  -8.3733640711557329E-005   1.7939600895925065E-004           1          -3           1
   9.9550591325428382E-005  -2.1328278708119777E-004           1           0           4
   1.1359343201754692E-003  -2.4336861918276510E-003           1           1          -3
   4.4121770700994651E-004  -9.4529143348385559E-004           1           4           0
  -4.4121803898487235E-004   9.4529123896661496E-004           3          -1          -1
   8.3733440029778666E-005  -1.7939595067460544E-004           3           4           4
   2.2715580584388656E-004  -4.8667198518809109E-004           4           0           1
   4.4121813061823113E-004  -9.4529131508294694E-004           4           1           0
   8.3733426607035457E-005  -1.7939587131755671E-004           4           3           4
  -1.2636030893522108E-005   2.7069619877854421E-005           4           4           3
   6.3470513311325032E-005  -1.3598139199780162E-004          -4          -4          -2
   5.9298162318614962E-004  -1.2704338256190545E-003          -4          -2          -4
  -2.7402034482001457E-006   5.8708876247645844E-006          -4          -2           0
  -2.2984196573514972E-004   4.9242538237192579E-004          -4           0          -2
   5.9298109018616845E-004  -1.2704337593091443E-003          -2          -4          -4
  -2.7399702240753779E-006   5.8707479564210350E-006          -2          -4           0
  -5.3582795705719355E-005   1.1479813157710904E-004          -2          -2           2
  -1.2544515135485693E-003   2.6876052416126041E-003          -2           0          -4
   5.9298136400102053E-004  -1.2704336658023009E-003          -2           2          -2
  -2.7401046201582076E-006   5.8707888729970976E-006          -2           2           2
  -2.2984180564853310E-004   4.9242488030978100E-004           0          -4          -2
  -1.2544509485724925E-003   2.6876044793434587E-003           0          -2          -4
  -5.3583018129009258E-005   1.1479828385996594E-004           0           2           4
   6.3470369378573451E-005  -1.3598106709530140E-004           0           4           2
   5.9298124817679272E-004  -1.2704338251502611E-003           2          -2          -2
  -2.7399458731432859E-006   5.8708773208849562E-006           2          -2           2
  -5.3582657012648906E-005   1.1479841256180427E-004           2           0           4
  -1.2544516158927051E-003   2.6876052126369177E-003           2           2          -2
   5.9298105718505380E-004  -1.2704336980415933E-003           2           4           0
  -2.7400672665861382E-006   5.8707530618039271E-006           2           4           4
   6.3469949929680176E-005  -1.3598232720814118E-004           4           0           2
   5.9298141341668372E-004  -1.2704339699729564E-003           4           2           0
  -2.7401430008058201E-006   5.8710532862432761E-006           4           2           4
  -2.2984197687937248E-004   4.9242510027117461E-004           4           4           2
   6.8539888184857944E-006  -1.4686714188721988E-005          -4          -4          -4
   6.5991592742166723E-005  -1.4138526084052480E-004          -4           0           0
   6.5991724513327966E-005  -1.4138546976174036E-004           0          -4           0
  -1.7067759769559803E-004   3.6566869140252137E-004           0           0          -4
   9.0977766036672497E-005  -1.9491492787425215E-004           0           0           4
   6.8543340024686304E-006  -1.4686983825427773E-005           0           4           0
   6.8539337207266069E-006  -1.4687317175244792E-005           4           0           0
   6.5991495743145508E-005  -1.4138522088780572E-004           4           4           4
  -1.8410089581411108E-005   3.9442582964960457E-005          -5          -3          -3
  -4.9475488781510590E-005   1.0600047315315164E-004          -5          -2          -2
  -9.7518818327605749E-005   2.0893008030623358E-004          -4          -4          -1
   4.0556004970343618E-005  -8.6889292844655956E-005          -4          -3           0
   2.3998865209857306E-004  -5.1416244022104991E-004          -4          -1          -4
  -6.1220587312216045E-005   1.3116154323608860E-004          -4           0          -3
  -1.8410293464170504E-005   3.9442566636860804E-005          -3          -5          -3
   4.0555983560591690E-005  -8.6889392137919292E-005          -3          -4           0
   2.8021935367294071E-004  -6.0035774951112519E-004          -3          -3          -5
   1.1671693589811066E-004  -2.5006035739122238E-004          -3          -3           1
  -2.5081182051259318E-004   5.3735264278234466E-004          -3           0          -4
  -1.1001651132121045E-004   2.3570513638289779E-004          -3           0           2
  -2.3998868370480935E-004   5.1416251283016340E-004          -3           1          -3
  -4.9475492251629517E-005   1.0600051400510365E-004          -3           2           0
  -4.9475799721132595E-005   1.0600040033030077E-004          -2          -5          -2
   6.1518712156611308E-004  -1.3180102864705271E-003          -2          -2          -5
   4.5343446694867432E-005  -9.7146187894100257E-005          -2           0           3
   1.8410010457307195E-005  -3.9442477996931051E-005          -2           3           0
   2.3998829692747656E-004  -5.1416271596405917E-004          -1          -4          -4
  -4.0556065311933876E-005   8.6889285404967578E-005          -1           3           3
  -6.1219824784368147E-005   1.3116244902100702E-004           0          -4          -3
  -2.5081136425422019E-004   5.3735297358545645E-004           0          -3          -4
  -1.1001657807733074E-004   2.3570508144981587E-004           0          -3           2
   4.5343285428371208E-005  -9.7146517468362181E-005           0          -2           3
   6.1518724981311844E-004  -1.3180103701845190E-003           0           2          -3
  -2.8021941999907193E-004   6.0035798594758577E-004           0           3          -2
  -1.1671699231911774E-004   2.5006045521125354E-004           0           3           4
  -9.7519000523501245E-005   2.0893035557980927E-004           0           4           3
  -2.3998854295743461E-004   5.1416249550611897E-004           1          -3          -3
   4.0556029587728436E-005  -8.6889395509985197E-005           1           4           4
  -4.9475833376294057E-005   1.0600040070602492E-004           2          -3           0
   6.1518764196296142E-004  -1.3180100490286025E-003           2           0          -3
   4.5343250953515499E-005  -9.7146387497949507E-005           2           2           5
   1.8410148557234234E-005  -3.9442491893037091E-005           2           5           2
   1.8410172748771439E-005  -3.9442274422251327E-005           3          -2           0
  -4.0555956594389178E-005   8.6889175696442951E-005           3          -1           3
  -2.8021960185282112E-004   6.0035767243438772E-004           3           0          -2
  -1.1671697810502858E-004   2.5006044707248177E-004           3           0           4
   2.5081126481443859E-004  -5.3735279813076683E-004           3           3          -1
   1.1001660942318822E-004  -2.3570511145405308E-004           3           3           5
   2.3998851767953201E-004  -5.1416297737774089E-004           3           4           0
   4.9475640055567530E-005  -1.0600027908506669E-004           3           5           3
  -9.7519008398564599E-005   2.0893014067100752E-004           4           0           3
   4.0555919953000111E-005  -8.6889145764880812E-005           4           1           4
   2.3998870981476443E-004  -5.1416267916334598E-004           4           3           0
  -6.1219810292434927E-005   1.3116227438057381E-004           4           4           1
   1.8410131493436116E-005  -3.9442237021278343E-005           5           2           2
   4.9475668000816747E-005  -1.0600022159712937E-004           5           3           3
  -8.8622545353046907E-005   1.8987067802107317E-004          -5          -3          -2
  -1.7335713492708728E-005   3.7142127052544732E-005          -5          -2          -3
  -8.8622763863668722E-005   1.8987056682029374E-004          -3          -5          -2
   5.2371145689688800E-004  -1.1220272103587706E-003          -3          -2          -5
  -1.1468331732069411E-004   2.4570348006593595E-004          -3          -1           2
  -1.7335750827664439E-005   3.7142216453705807E-005          -3           2          -1
  -1.7336156600494119E-005   3.7142251537141875E-005          -2          -5          -3
   5.2371112251881806E-004  -1.1220272684560411E-003          -2          -3          -5
   1.1468332859785392E-004  -2.4570345691894008E-004          -2           1           3
   8.8622736140006773E-005  -1.8987095104970836E-004          -2           3           1
  -1.1468328797867326E-004   2.4570361640499871E-004          -1          -3           2
   5.2371147520527319E-004  -1.1220273876212169E-003          -1           2          -3
   1.1468325365337123E-004  -2.4570364214938239E-004           1          -2           3
  -5.2371123016374988E-004   1.1220274815495843E-003           1           3          -2
  -1.7336073033669940E-005   3.7142113745715596E-005           2          -3          -1
   5.2371168500849345E-004  -1.1220268501688706E-003           2          -1          -3
   1.1468326681995168E-004  -2.4570356524408342E-004           2           3           5
   8.8622919226324839E-005  -1.8987085910448950E-004           2           5           3
   8.8622903479794430E-005  -1.8987034634508767E-004           3          -2           1
  -5.2371179591653347E-004   1.1220269450133631E-003           3           1          -2
   1.1468321532188500E-004  -2.4570359670757176E-004           3           2           5
   1.7335922715757855E-005  -3.7142086915952467E-005           3           5           2
   8.8622898677381704E-005  -1.8987033979162195E-004           5           2           3
   1.7335872970201161E-005  -3.7141854565968203E-005           5           3           2
  -3.1582125013975622E-005   6.7662898171099036E-005          -5          -4          -3
  -5.1147112396520696E-005   1.0957987426002940E-004          -5          -3          -4
   1.2683058816487896E-005  -2.7172873112738247E-005          -5          -2          -1
   3.1084381991697086E-005  -6.6596572849372251E-005          -5          -1          -2
  -3.1582045815580235E-005   6.7663044874099885E-005          -4          -5          -3
  -8.4840458471665831E-005   1.8176655863535540E-004          -4          -3          -5
   1.9356046063317436E-006  -4.1466589307898018E-006          -4          -1           1
  -3.1084465115889247E-005   6.6596679982050970E-005          -4           1          -1
  -5.1147167169501661E-005   1.0957987736734723E-004          -3          -5          -4
  -8.4840473553736081E-005   1.8176651442951736E-004          -3          -4          -5
  -1.9356503549206249E-006   4.1467355124177411E-006          -3           1           2
   1.2683036336908838E-005  -2.7172841256837456E-005          -3           2           1
   1.2682973218051036E-005  -2.7172973836410414E-005          -2          -5          -1
   1.9379600852322752E-004  -4.1520002271323061E-004          -2          -1          -5
   0.0000000000000000        0.0000000000000000               -2          -1           3
   5.1146985262406642E-005  -1.0957977772514763E-004          -2           3          -1
   3.1084265905447010E-005  -6.6596331983498049E-005          -1          -5          -2
   1.9356878355183964E-006  -4.1465093343538974E-006          -1          -4           1
   1.9379612896757302E-004  -4.1519995159790610E-004          -1          -2          -5
   0.0000000000000000        0.0000000000000000               -1          -2           3
  -1.9379605689573149E-004   4.1520001826256822E-004          -1           1          -4
   0.0000000000000000        0.0000000000000000               -1           1           4
   8.4840297259953625E-005  -1.8176643050892897E-004          -1           3          -2
  -3.1582111026397654E-005   6.7662904713278866E-005          -1           4           1
  -3.1084328870957176E-005   6.6596232968711919E-005           1          -4          -1
  -1.9356809307848709E-006   4.1465942961161256E-006           1          -3           2
  -1.9379623517520484E-004   4.1519994536344832E-004           1          -1          -4
   0.0000000000000000        0.0000000000000000                1          -1           4
   1.9379625600944312E-004  -4.1520003659706138E-004           1           2          -3
   0.0000000000000000        0.0000000000000000                1           2           5
  -8.4840324305525503E-005   1.8176646762012311E-004           1           4          -1
   3.1582028955116811E-005  -6.7663060449696415E-005           1           5           2
   1.2683079727110036E-005  -2.7172684517916843E-005           2          -3           1
   1.9379630470673517E-004  -4.1520001239242791E-004           2           1          -3
   0.0000000000000000        0.0000000000000000                2           1           5
   5.1147020458329329E-005  -1.0957980578665196E-004           2           5           1
   5.1147204096204404E-005  -1.0957954511518697E-004           3          -2          -1
   8.4840658096231461E-005  -1.8176605013504947E-004           3          -1          -2
   1.9357445462717980E-006  -4.1466091303982555E-006           3           4           5
  -1.2682984767149114E-005   2.7172964887777496E-005           3           5           4
  -3.1582091891821962E-005   6.7662699528100529E-005           4          -1           1
  -8.4840706686481734E-005   1.8176610664495045E-004           4           1          -1
   1.9356835366667102E-006  -4.1466181127803103E-006           4           3           5
  -3.1084659812686641E-005   6.6596760083035490E-005           4           5           3
   3.1582119230108659E-005  -6.7662689756589170E-005           5           1           2
   5.1147231260738685E-005  -1.0957956017720798E-004           5           2           1
  -1.2683148422682285E-005   2.7172685783375942E-005           5           3           4
  -3.1084670928906178E-005   6.6596546075032751E-005           5           4           3
   3.0236354901692961E-005  -6.4781072003867999E-005          -5          -4          -4
  -1.2493499890823309E-004   2.6766799184212739E-004          -5          -4          -2
  -7.9557092747573982E-005   1.7044753343697266E-004          -5          -3          -1
  -8.8954417455605270E-005   1.9058164792687540E-004          -5          -2          -4
  -3.0988672098982685E-005   6.6392679081129515E-005          -5          -1          -3
   1.1758644824143593E-004  -2.5192398904627682E-004          -5          -1          -1
   3.0236405204066735E-005  -6.4780930854815591E-005          -4          -5          -4
  -1.2493506796864475E-004   2.6766802193588766E-004          -4          -5          -2
  -6.6921047909682710E-005   1.4337442941907084E-004          -4          -4          -5
   3.0652126730397631E-006  -6.5663577632323552E-006          -4          -2          -5
   0.0000000000000000        0.0000000000000000               -4          -2           1
   0.0000000000000000        0.0000000000000000               -4           0           1
   3.0988689443555810E-005  -6.6392684491088929E-005          -4           1          -2
  -1.1758645962699340E-004   2.5192404240080443E-004          -4           1           0
  -7.9557261540789918E-005   1.7044746804133868E-004          -3          -5          -1
   0.0000000000000000        0.0000000000000000               -3          -2           2
   2.7876468638685114E-004  -5.9724101772316179E-004          -3          -1          -5
  -8.8954505187236637E-005   1.9058174040973016E-004          -3           2          -2
  -8.8954654619086886E-005   1.9058139123314974E-004          -2          -5          -4
   3.0649177613725556E-006  -6.5663383151012368E-006          -2          -4          -5
   0.0000000000000000        0.0000000000000000               -2          -4           1
   0.0000000000000000        0.0000000000000000               -2          -3           2
  -2.7876470693246800E-004   5.9724103649747115E-004          -2           1          -4
   3.0652123524361100E-006  -6.5664311364126285E-006          -2           2          -3
   0.0000000000000000        0.0000000000000000               -2           2           3
   7.9557129284533719E-005  -1.7044763048203439E-004          -2           3           2
  -3.0988918905635714E-005   6.6392507760949603E-005          -1          -5          -3
   1.1758664867074332E-004  -2.5192406629508460E-004          -1          -5          -1
   2.7876454683078272E-004  -5.9724089961311628E-004          -1          -3          -5
  -1.2359550424108053E-004   2.6479732207543587E-004          -1          -1          -5
   0.0000000000000000        0.0000000000000000               -1           0           4
   0.0000000000000000        0.0000000000000000               -1           2           4
   3.0236750099108894E-005  -6.4781412826254588E-005          -1           4           0
  -1.2493486208527902E-004   2.6766780934636366E-004          -1           4           2
   0.0000000000000000        0.0000000000000000                0          -4           1
   0.0000000000000000        0.0000000000000000                0          -1           4
   1.2359555343310652E-004  -2.6479747362574452E-004           0           1          -4
  -6.6920654378971816E-005   1.4337417795933644E-004           0           4          -1
   3.0988816674518737E-005  -6.6392636985207349E-005           1          -4          -2
  -1.1758668806057452E-004   2.5192397989408301E-004           1          -4           0
  -2.7876480011228071E-004   5.9724069802770592E-004           1          -2          -4
   1.2359563894153759E-004  -2.6479707493666450E-004           1           0          -4
   0.0000000000000000        0.0000000000000000                1           1           5
   0.0000000000000000        0.0000000000000000                1           3           5
  -3.0236878043221250E-005   6.4781339145032386E-005           1           5           1
   1.2493486642252812E-004  -2.6766780219800033E-004           1           5           3
  -8.8954671119272137E-005   1.9058123308657722E-004           2          -3          -2
   3.0650460396717532E-006  -6.5663481599860328E-006           2          -2          -3
   0.0000000000000000        0.0000000000000000                2          -2           3
   0.0000000000000000        0.0000000000000000                2          -1           4
  -2.7876480315108603E-004   5.9724118097296956E-004           2           3          -2
   3.0649878298908132E-006  -6.5664181480134319E-006           2           4          -1
   0.0000000000000000        0.0000000000000000                2           4           5
   7.9557230889252268E-005  -1.7044752004785916E-004           2           5           4
   7.9557345276718509E-005  -1.7044743925365900E-004           3          -2           2
   0.0000000000000000        0.0000000000000000                3           1           5
  -2.7876501859449773E-004   5.9724096832133628E-004           3           2          -2
   8.8954852117379969E-005  -1.9058166559117793E-004           3           5           1
   3.0236579631222139E-005  -6.4781021264575389E-005           4          -1           0
  -1.2493499604573552E-004   2.6766776402022320E-004           4          -1           2
  -6.6920964554573409E-005   1.4337435689506630E-004           4           0          -1
   3.0651553019184800E-006  -6.5664248640535756E-006           4           2          -1
   0.0000000000000000        0.0000000000000000                4           2           5
   0.0000000000000000        0.0000000000000000                4           4           5
   3.0988825298825030E-005  -6.6392435843980560E-005           4           5           2
  -1.1758657560786437E-004   2.5192397322230492E-004           4           5           4
  -3.0236641317709028E-005   6.4781092851452942E-005           5           1           1
   1.2493493411495205E-004  -2.6766768881086053E-004           5           1           3
   7.9557242323460123E-005  -1.7044737586585968E-004           5           2           4
   8.8954776462770845E-005  -1.9058136508780005E-004           5           3           1
   3.0988723979209464E-005  -6.6392554656064591E-005           5           4           2
  -1.1758658564004465E-004   2.5192380604167138E-004           5           4           4
   0.0000000000000000        0.0000000000000000               -4          -4           0
   9.7000925541819820E-005  -2.0782065428942938E-004          -4           0          -4
   9.7001037133055503E-005  -2.0782051244470676E-004           0          -4          -4
   0.0000000000000000        0.0000000000000000                0           4           4
   0.0000000000000000        0.0000000000000000                4           0           4
   9.7001157490082053E-005  -2.0782066962755132E-004           4           4           0
   0.0000000000000000        0.0000000000000000               -5          -5          -3
   1.3476409193755466E-005  -2.8872898438546403E-005          -5          -3          -5
   0.0000000000000000        0.0000000000000000               -5          -2           0
   0.0000000000000000        0.0000000000000000               -5           0          -2
   1.3476585680766356E-005  -2.8872710365610435E-005          -3          -5          -5
   0.0000000000000000        0.0000000000000000               -3           2           2
   0.0000000000000000        0.0000000000000000               -2          -5           0
   0.0000000000000000        0.0000000000000000               -2          -2           3
   5.2034940843380468E-005  -1.1148289112382468E-004          -2           0          -5
  -1.3476523447608091E-005   2.8872940715100358E-005          -2           3          -2
   0.0000000000000000        0.0000000000000000                0          -5          -2
   5.2034799791121701E-005  -1.1148321501341745E-004           0          -2          -5
   0.0000000000000000        0.0000000000000000                0           2           5
   0.0000000000000000        0.0000000000000000                0           5           2
   0.0000000000000000        0.0000000000000000                2          -3           2
   0.0000000000000000        0.0000000000000000                2           0           5
   5.2034884849938956E-005  -1.1148325635138440E-004           2           2          -3
  -1.3476650531285457E-005   2.8872693252002493E-005           2           5           0
  -1.3476512145864744E-005   2.8872833257513536E-005           3          -2          -2
   0.0000000000000000        0.0000000000000000                5           0           2
  -1.3476474871391818E-005   2.8872762310984178E-005           5           2           0
   0.0000000000000000        0.0000000000000000               -5          -5          -4
   1.1760030820550255E-004  -2.5195407402053849E-004          -5          -4          -5
   0.0000000000000000        0.0000000000000000               -5          -4          -1
  -1.2537232544217224E-004   2.6860515169195825E-004          -5          -1          -4
   0.0000000000000000        0.0000000000000000               -5          -1           0
   0.0000000000000000        0.0000000000000000               -5           0          -1
   1.1760039774881620E-004  -2.5195400978305206E-004          -4          -5          -5
   0.0000000000000000        0.0000000000000000               -4          -5          -1
   0.0000000000000000        0.0000000000000000               -4          -3           1
  -4.1126842758026314E-005   8.8112934913709939E-005          -4          -1          -5
   1.2537231051558135E-004  -2.6860513040885222E-004          -4           1          -3
   0.0000000000000000        0.0000000000000000               -4           1           1
   0.0000000000000000        0.0000000000000000               -3          -4           1
   4.1126902877805959E-005  -8.8112958102790342E-005          -3           1          -4
  -1.2537270312656783E-004   2.6860532549313943E-004          -1          -5          -4
   0.0000000000000000        0.0000000000000000               -1          -5           0
  -4.1127190541818707E-005   8.8112995676883064E-005          -1          -4          -5
   0.0000000000000000        0.0000000000000000               -1          -1           4
  -9.7711645241465835E-005   2.0934314018283817E-004          -1           0          -5
   0.0000000000000000        0.0000000000000000               -1           3           4
   1.1760028330338300E-004  -2.5195398312618893E-004          -1           4          -1
   0.0000000000000000        0.0000000000000000               -1           4           3
   0.0000000000000000        0.0000000000000000                0          -5          -1
  -9.7711602509604112E-005   2.0934302698857291E-004           0          -1          -5
   0.0000000000000000        0.0000000000000000                0           1           5
   0.0000000000000000        0.0000000000000000                0           5           1
   1.2537266008559432E-004  -2.6860529481192123E-004           1          -4          -3
   0.0000000000000000        0.0000000000000000                1          -4           1
   4.1127094057619475E-005  -8.8113080939906078E-005           1          -3          -4
   0.0000000000000000        0.0000000000000000                1           0           5
   9.7711686005190249E-005  -2.0934307794108812E-004           1           1          -4
   0.0000000000000000        0.0000000000000000                1           4           5
  -1.1760036059236941E-004   2.5195390995720623E-004           1           5           0
   0.0000000000000000        0.0000000000000000                1           5           4
   0.0000000000000000        0.0000000000000000                3          -1           4
  -4.1127067733606838E-005   8.8112874999933782E-005           3           4          -1
   1.1760035767087820E-004  -2.5195384993502196E-004           4          -1          -1
   0.0000000000000000        0.0000000000000000                4          -1           3
   0.0000000000000000        0.0000000000000000                4           1           5
  -4.1126915100038401E-005   8.8112911281383306E-005           4           3          -1
   1.2537242521675534E-004  -2.6860501965318673E-004           4           5           1
   0.0000000000000000        0.0000000000000000                5           0           1
  -1.1760037168894693E-004   2.5195383066164132E-004           5           1           0
   0.0000000000000000        0.0000000000000000                5           1           4
   1.2537241532544659E-004  -2.6860499673407058E-004           5           4           1
   0.0000000000000000        0.0000000000000000               -6          -3          -3
   0.0000000000000000        0.0000000000000000               -5          -5          -2
   0.0000000000000000        0.0000000000000000               -5          -3           0
  -7.8042290441202890E-005   1.6720300282627203E-004          -5          -2          -5
   0.0000000000000000        0.0000000000000000               -5           0          -3
   0.0000000000000000        0.0000000000000000               -3          -6          -3
   0.0000000000000000        0.0000000000000000               -3          -5           0
  -1.0708128929089631E-004   2.2941796182411494E-004          -3          -3          -6
   0.0000000000000000        0.0000000000000000               -3          -3           2
   1.1399415742935718E-004  -2.4422843904204803E-004          -3           0          -5
   0.0000000000000000        0.0000000000000000               -3           0           3
  -7.8042234417874851E-005   1.6720295057976153E-004          -3           2          -3
   0.0000000000000000        0.0000000000000000               -3           3           0
  -7.8042394400194940E-005   1.6720293350005422E-004          -2          -5          -5
   0.0000000000000000        0.0000000000000000               -2           3           3
   0.0000000000000000        0.0000000000000000                0          -5          -3
   1.1399424316054471E-004  -2.4422853771977212E-004           0          -3          -5
   0.0000000000000000        0.0000000000000000                0          -3           3
   1.0708127632970224E-004  -2.2941792512156653E-004           0           3          -3
   0.0000000000000000        0.0000000000000000                0           3           5
   0.0000000000000000        0.0000000000000000                0           5           3
  -7.8042422642881748E-005   1.6720277049106985E-004           2          -3          -3
   0.0000000000000000        0.0000000000000000                3          -3           0
   0.0000000000000000        0.0000000000000000                3          -2           3
   1.0708138301165688E-004  -2.2941790140623447E-004           3           0          -3
   0.0000000000000000        0.0000000000000000                3           0           5
  -1.1399424000179829E-004   2.4422852745617187E-004           3           3          -2
   7.8042359170431687E-005  -1.6720292948183582E-004           3           5           0
   0.0000000000000000        0.0000000000000000                5           0           3
   7.8042441722965926E-005  -1.6720281581754538E-004           5           3           0
   0.0000000000000000        0.0000000000000000               -6          -4          -3
   0.0000000000000000        0.0000000000000000               -6          -3          -4
   0.0000000000000000        0.0000000000000000               -6          -3          -2
   0.0000000000000000        0.0000000000000000               -6          -2          -3
   0.0000000000000000        0.0000000000000000               -5          -5          -5
   0.0000000000000000        0.0000000000000000               -5           0           0
   0.0000000000000000        0.0000000000000000               -4          -6          -3
   2.8970359360529056E-007  -6.1994674346817145E-007          -4          -3          -6
   0.0000000000000000        0.0000000000000000               -4          -1           2
   0.0000000000000000        0.0000000000000000               -4           2          -1
   0.0000000000000000        0.0000000000000000               -3          -6          -4
   0.0000000000000000        0.0000000000000000               -3          -6          -2
   2.8976745248938938E-007  -6.1995444186461460E-007          -3          -4          -6
  -1.1319885231799476E-004   2.4252399494805588E-004          -3          -2          -6
   0.0000000000000000        0.0000000000000000               -3          -1           3
   0.0000000000000000        0.0000000000000000               -3           1           3
   0.0000000000000000        0.0000000000000000               -3           3          -1
   0.0000000000000000        0.0000000000000000               -3           3           1
   0.0000000000000000        0.0000000000000000               -2          -6          -3
  -1.1319887996961489E-004   2.4252411109301097E-004          -2          -3          -6
   0.0000000000000000        0.0000000000000000               -2           1           4
   0.0000000000000000        0.0000000000000000               -2           4           1
   0.0000000000000000        0.0000000000000000               -1          -4           2
   0.0000000000000000        0.0000000000000000               -1          -3           3
  -1.1319887225116436E-004   2.4252394956000728E-004          -1           2          -4
  -2.8973926325063951E-007   6.1995804573774299E-007          -1           3          -3
   0.0000000000000000        0.0000000000000000                0          -5           0
  -8.6660808647983143E-005   1.8566832804508529E-004           0           0          -5
   0.0000000000000000        0.0000000000000000                0           0           5
   0.0000000000000000        0.0000000000000000                0           5           0
   0.0000000000000000        0.0000000000000000                1          -3           3
   0.0000000000000000        0.0000000000000000                1          -2           4
   1.1319885621029747E-004  -2.4252402783703705E-004           1           3          -3
   2.8972695373263141E-007  -6.1988935245757811E-007           1           4          -2
   0.0000000000000000        0.0000000000000000                2          -4          -1
  -1.1319878795735173E-004   2.4252421250958852E-004           2          -1          -4
   0.0000000000000000        0.0000000000000000                3          -3          -1
   0.0000000000000000        0.0000000000000000                3          -3           1
  -2.8960805039761170E-007   6.2008413443532522E-007           3          -1          -3
   1.1319873522399900E-004  -2.4252415981830999E-004           3           1          -3
   0.0000000000000000        0.0000000000000000                4          -2           1
   2.8954455215599137E-007  -6.1999335551850860E-007           4           1          -2
   0.0000000000000000        0.0000000000000000                5           0           0
   0.0000000000000000        0.0000000000000000               -6          -4          -4
   0.0000000000000000        0.0000000000000000               -6          -2          -2
   0.0000000000000000        0.0000000000000000               -4          -6          -4
   0.0000000000000000        0.0000000000000000               -4          -4          -6
   0.0000000000000000        0.0000000000000000               -4           0           2
   0.0000000000000000        0.0000000000000000               -4           2           0
   0.0000000000000000        0.0000000000000000               -2          -6          -2
  -4.6672425408790744E-005   9.9993094781849378E-005          -2          -2          -6
   0.0000000000000000        0.0000000000000000               -2           0           4
   0.0000000000000000        0.0000000000000000               -2           4           0
   0.0000000000000000        0.0000000000000000                0          -4           2
   0.0000000000000000        0.0000000000000000                0          -2           4
  -4.6672371489461483E-005   9.9993003655749195E-005           0           2          -4
   0.0000000000000000        0.0000000000000000                0           4          -2
   0.0000000000000000        0.0000000000000000                2          -4           0
  -4.6672191199599125E-005   9.9993321737088851E-005           2           0          -4
   0.0000000000000000        0.0000000000000000                4          -2           0
   0.0000000000000000        0.0000000000000000                4           0          -2
   0.0000000000000000        0.0000000000000000               -6          -4          -2
   0.0000000000000000        0.0000000000000000               -6          -2          -4
   0.0000000000000000        0.0000000000000000               -4          -6          -2
   0.0000000000000000        0.0000000000000000               -4          -2          -6
   0.0000000000000000        0.0000000000000000               -4          -2           2
   0.0000000000000000        0.0000000000000000               -4           2          -2
   0.0000000000000000        0.0000000000000000               -2          -6          -4
   0.0000000000000000        0.0000000000000000               -2          -4          -6
   0.0000000000000000        0.0000000000000000               -2          -4           2
   0.0000000000000000        0.0000000000000000               -2           2          -4
   0.0000000000000000        0.0000000000000000                2          -4          -2
   0.0000000000000000        0.0000000000000000                2          -2          -4
   0.0000000000000000        0.0000000000000000               -5          -5          -1
   0.0000000000000000        0.0000000000000000               -5          -4           0
   0.0000000000000000        0.0000000000000000               -5          -1          -5
   0.0000000000000000        0.0000000000000000               -5           0          -4
   0.0000000000000000        0.0000000000000000               -4          -5           0
   0.0000000000000000        0.0000000000000000               -4          -4           1
   0.0000000000000000        0.0000000000000000               -4           0          -5
   0.0000000000000000        0.0000000000000000               -4           1          -4
   0.0000000000000000        0.0000000000000000               -1          -5          -5
   0.0000000000000000        0.0000000000000000                0          -5          -4
   0.0000000000000000        0.0000000000000000                0          -4          -5
   0.0000000000000000        0.0000000000000000                1          -4          -4
