         718          24          24          24
  -7.0519552892905117E-008   6.0571125217934692E-008           0           0           0
   1.3418463076741471E-008   7.8682525907536102E-008          -1          -1          -1
   1.6199103906321843E-007  -2.0679886438623038E-007          -1           0           0
  -4.4804567086608081E-008   2.0315481633098452E-007           0          -1           0
  -2.3008884954976109E-004  -1.5454104594349786E-002           0           0          -1
  -7.2289308123567508E-009  -3.5953202658379707E-008           0           0           1
 -0.21166914070633419        3.1694926755862357E-003           0           1           0
  0.21166967115351637       -3.1693883570224034E-003           1           0           0
  -2.2974099462918260E-004  -1.5453805916283649E-002           1           1           1
  -8.8512606311587151E-008  -5.2374913056307937E-008          -1          -1           0
  0.30798522134023260       -2.7128159602873521E-002          -1           0          -1
 -0.30865532506711318       -1.7892878107430610E-002           0          -1          -1
 -0.30865495483277983       -1.7892882787457400E-002           0           1           1
  0.30798557726566206       -2.7127808103385852E-002           1           0           1
   1.4909770324599582E-007   7.2594186134304043E-008           1           1           0
  0.30865563034660998        1.7890940145133413E-002          -2          -1          -1
 -0.30798575969514597        2.7129595905421435E-002          -1          -2          -1
   4.9090227756269850E-005   3.3014629247936490E-003          -1          -1          -2
 -0.30798574127782113        2.7129226894455884E-002          -1           0           1
  -4.5218624032102778E-002   6.7698641625995020E-004          -1           1           0
  0.30865501960672037        1.7891742470069111E-002           0          -1           1
  -1.9761921425438898E-003  -1.1473575650637610E-004           0           1          -1
   4.5218834185447275E-002  -6.7704400257182157E-004           1          -1           0
   1.9719174138203687E-003  -1.7355008360451341E-004           1           0          -1
  -4.9150170630772317E-005  -3.3013693912252733E-003           1           1           2
   1.9718675683902450E-003  -1.7349694335462346E-004           1           2           1
  -1.9761935548298589E-003  -1.1472991742560756E-004           2           1           1
   2.2996959024967347E-004   1.5453764532311801E-002          -2          -2          -1
   9.1623208399719885E-005   6.1579965384445812E-003          -2          -1          -2
  0.21167006114028913       -3.1717883232636850E-003          -2          -1           0
   8.4346370291036643E-002  -1.2634823632238328E-003          -2           0          -1
   9.1490790872990910E-005   6.1582163905084088E-003          -1          -2          -2
 -0.21166947990151749        3.1716360042415726E-003          -1          -2           0
   2.2966603865006514E-004   1.5454094423617608E-002          -1          -1           1
   2.1323388490301194E-002  -2.5933163300771922E-003          -1           0          -2
   3.1116960552197103E-002  -2.0257445593791354E-003          -1           1          -1
  -8.4346308683456869E-002   1.2633179192132610E-003          -1           1           1
  -8.4346396750522315E-002   1.2634973262637805E-003           0          -2          -1
  -2.1391063796799420E-002  -1.9537263125927835E-003           0          -1          -2
  -9.1652317817500517E-005  -6.1581484745456064E-003           0           1           2
  -3.1163386713271155E-002  -1.0928229182560873E-003           0           2           1
  -3.1163311170719729E-002  -1.0928628158634250E-003           1          -1          -1
   8.4346322800463558E-002  -1.2633640812463216E-003           1          -1           1
  -9.1605963138221766E-005  -6.1580889736382160E-003           1           0           2
   1.3270517090360161E-005   8.9161186393808855E-004           1           1          -1
  -1.2212224837573775E-002   1.8294563259513318E-004           1           2           0
   2.1390994181069902E-002   1.9538081110263374E-003           1           2           2
   3.1116931662954234E-002  -2.0257284122448651E-003           2           0           1
   1.2212255879077132E-002  -1.8292233611037420E-004           2           1           0
  -2.1323392820363603E-002   2.5932931072039879E-003           2           1           2
   1.3255888332117177E-005   8.9161040523268284E-004           2           2           1
   4.9056294987122388E-005   3.3013551246370986E-003          -2          -2          -2
   4.5218921603732608E-002  -6.7763325196272843E-004          -2           0           0
  -4.5218724017695999E-002   6.7764827705572026E-004           0          -2           0
  -3.1701313961610711E-005  -2.1299308322018729E-003           0           0          -2
  -4.9119446772864854E-005  -3.3014791260344021E-003           0           0           2
  -2.9173179542731503E-002   4.3682955457026592E-004           0           2           0
   2.9173191183421963E-002  -4.3682032146921375E-004           2           0           0
   3.1679797639398426E-005   2.1299258220947763E-003           2           2           2
   1.7189185435295518E-007  -7.3009761371672958E-008          -2          -2           0
   3.3757268166537723E-003   1.9570228866807831E-004          -2           0          -2
  -3.3684531674573323E-003   2.9670821294825042E-004           0          -2          -2
   3.3683519742112554E-003  -2.9661835124215516E-004           0           2           2
  -3.3757257026620600E-003  -1.9574825165170548E-004           2           0           2
   1.1108576139190030E-008  -1.6484099869876738E-010           2           2           0
  -2.1391101931014837E-002  -1.9534575097721178E-003          -3          -2          -2
   3.1163330138939221E-002   1.0928065097436405E-003          -3          -1          -1
   2.1323430241642009E-002  -2.5936274836879446E-003          -2          -3          -2
   1.4241690240498228E-009  -2.0211477536002639E-008          -2          -2          -3
  -3.1116921074841826E-002   2.0257057530474075E-003          -2           0           1
   4.6851043889716854E-008  -3.1489868075192263E-008          -2           1           0
  -3.1117024986983020E-002   2.0257466964915139E-003          -1          -3          -1
   4.0907184846393424E-006   2.7508419969936830E-004          -1          -1          -3
  -2.1323444636013024E-002   2.5935261354521431E-003          -1           0           2
  -3.7676918903552033E-003   5.6326864320751542E-005          -1           2           0
   3.1163353839347967E-002   1.0928774357215436E-003           0          -2           1
   2.1391041486218201E-002   1.9535091607531347E-003           0          -1           2
   4.9702899492005889E-003  -2.5265907301852538E-004           0           1          -2
  -2.4348889628512866E-003   3.9954197952119538E-004           0           2          -1
   3.9470140039331644E-008   2.0011006198602324E-008           1          -2           0
  -4.9756092610435529E-003  -1.0367973864194567E-004           1           0          -2
  -1.0893544606534754E-009   2.1310855493118115E-008           1           1           3
   2.4456863502727811E-003   3.2661320693076735E-004           1           3           1
   3.7677090568657970E-003  -5.6337577871914111E-005           2          -1           0
   2.4456956176074451E-003   3.2660203552616800E-004           2           0          -1
   4.1065575258643689E-006   2.7507781249774561E-004           2           2           3
   4.9756064821372455E-003   1.0367020815061831E-004           2           3           2
  -2.4348866050156763E-003   3.9953535358377230E-004           3           1           1
  -4.9702983935771688E-003   2.5265414619748402E-004           3           2           2
  -1.9719789198886215E-003   1.7385982171237534E-004          -3          -2          -1
  -3.3684294055815688E-003   2.9674654679664585E-004          -3          -1          -2
   1.9761947405084680E-003   1.1436237829413460E-004          -2          -3          -1
  -4.6164347014668906E-003   6.7151505500672695E-004          -2          -1          -3
   1.9762511102912397E-003   1.1439839229621720E-004          -2          -1           1
   8.2439784897828505E-003  -4.6122721768775420E-004          -2           1          -1
   3.3757042537138340E-003   1.9562276469053589E-004          -1          -3          -2
   4.6343368002851725E-003   5.3298402172205007E-004          -1          -2          -3
  -1.9719364683663176E-003   1.7387891671597985E-004          -1          -2           1
   8.1906285867155999E-003  -7.2141784666589583E-004          -1           1          -2
  -3.3757558799364326E-003  -1.9566487468100077E-004          -1           1           2
  -8.2540272295125398E-003  -2.1418540527523989E-004          -1           2           1
  -8.2539963845902117E-003  -2.1416641194701457E-004           1          -2          -1
  -8.2084382985928260E-003  -4.7587360449111756E-004           1          -1          -2
   3.3683928019712745E-003  -2.9675080361470888E-004           1          -1           2
  -3.4515669611178555E-003   3.0400329292687184E-004           1           2          -1
   4.6343560373128655E-003   5.3301093082570947E-004           1           2           3
   8.2084429519112597E-003   4.7588781254038668E-004           1           3           2
   8.2439442827177689E-003  -4.6122252927359859E-004           2          -1           1
   3.4590842722300556E-003   2.0054282570233892E-004           2           1          -1
  -4.6164161682280304E-003   6.7152414422652932E-004           2           1           3
   3.4590776873498282E-003   2.0054242948939197E-004           2           3           1
  -8.1906187342114609E-003   7.2141299480376914E-004           3           1           2
  -3.4515728950883316E-003   3.0399990197078040E-004           3           2           1
  -3.1685072096761320E-005  -2.1299170121811158E-003          -3          -3          -2
  -4.6343468191948666E-003  -5.3293741337439226E-004          -3          -2          -3
   2.9173247498748656E-002  -4.3713990034226408E-004          -3          -1           0
   8.2540075502487986E-003   2.1408952466198935E-004          -3           0          -1
   4.6164645716079613E-003  -6.7158703187083970E-004          -2          -3          -3
  -8.2439441250932201E-003   4.6126753005840229E-004          -2           1           1
  -2.9173236656323043E-002   4.3713507927685825E-004          -1          -3           0
   3.1662362735508781E-005   2.1299317789236993E-003          -1          -1           2
  -1.6756251592858664E-003  -3.6369600744706103E-004          -1           0          -3
   5.3261094652823412E-003   4.2115501227837920E-005          -1           2          -1
  -8.2440093264056370E-003   4.6131882387046664E-004           0          -3          -1
   1.6640626903683127E-003  -4.1374153169913673E-004           0          -1          -3
   4.6164177113328471E-003  -6.7153782565772865E-004           0           1           3
  -5.3224916864561640E-003   2.0172264257091845E-004           0           3           1
   8.2540309942753156E-003   2.1411241077281317E-004           1          -2           1
  -4.6343530235507836E-003  -5.3296304933011357E-004           1           0           3
   3.6540535114245963E-006   2.4621241819124064E-004           1           1          -2
  -3.3723579493448348E-003   5.0550414136690147E-005           1           3           0
  -5.3224679602621111E-003   2.0171102268473553E-004           2          -1          -1
   1.6640708015414661E-003  -4.1375680201178553E-004           2           3           3
   5.3261005296445334E-003   4.2108199676071451E-005           3           0           1
   3.3723654239096353E-003  -5.0552498809189062E-005           3           1           0
  -1.6756301515746120E-003  -3.6369230220206452E-004           3           2           3
  -3.6671932539473625E-006  -2.4621152883382182E-004           3           3           2
  -4.0770982011793186E-006  -2.7507222586854952E-004          -3          -3          -3
  -1.3285891138088234E-005  -8.9161059943975416E-004          -3          -3          -1
   1.2212257134000199E-002  -1.8292526787247617E-004          -3          -2           0
  -1.3194881149701145E-003   1.9774093682335358E-005          -3          -1          -3
   1.4238824736642266E-006   9.6326929949098005E-005          -3           0          -2
   3.7677411949886223E-003  -5.6535464082946009E-005          -3           0           0
  -1.2212225121905293E-002   1.8290981243278867E-004          -2          -3           0
  -1.3245230670559239E-005  -8.9161325410053540E-004          -2          -2           1
  -3.6593181376863419E-003   3.4246276129024631E-005          -2           0          -3
  -2.8551435994696081E-004  -2.6289151749449822E-004          -2           1          -2
   1.3194938727294028E-003  -1.9787150271951843E-005          -1          -3          -3
  -1.4567358104336682E-006  -9.6322279897754161E-005          -1           2           2
   1.4073013431470309E-006   9.6344169030194895E-005           0          -3          -2
  -3.7677293251409086E-003   5.6543470973494597E-005           0          -3           0
   3.6587009842077725E-003  -7.5354256718335497E-005           0          -2          -3
  -6.4439101173278750E-006  -4.3343053822518773E-004           0           0          -3
  -4.0956828964630774E-006  -2.7508739114606083E-004           0           0           3
   1.3194754093128456E-003  -1.9740567638523937E-005           0           2           3
  -5.9366604094123632E-003   8.8933642980202851E-005           0           3           0
  -2.7757523935796456E-004   2.7141544955446229E-004           0           3           2
   2.7756071511119589E-004  -2.7139070768528948E-004           1          -2          -2
   3.6587227404766410E-003  -7.5364956606060470E-005           1           3           3
  -1.4433671731416576E-006  -9.6342881362389220E-005           2          -1           2
  -1.3194742374383799E-003   1.9757440899773052E-005           2           0           3
   2.1869588719142810E-007   1.4117647658151056E-005           2           2          -1
   1.9332814211548923E-004  -2.8775468370748349E-006           2           3           0
   5.9366552090213721E-003  -8.8930118613773023E-005           3           0           0
   2.8552356895428119E-004   2.6287777660648128E-004           3           0           2
  -3.6593127043521587E-003   3.4252368597725960E-005           3           1           3
  -1.9332306033508412E-004   2.8770462028539746E-006           3           2           0
   2.0387598735012011E-007   1.4113109531486229E-005           3           3           1
  -6.4504796157276002E-006  -4.3343688311837567E-004           3           3           3
  -8.2084525643460818E-003  -4.7575656426881936E-004          -4          -2          -2
   8.1906624098054444E-003  -7.2153657364042883E-004          -2          -4          -2
   3.4037666606125303E-006   2.2853058932162295E-004          -2          -2          -4
  -8.1906335285815961E-003   7.2149852478362584E-004          -2           0           2
   3.1302385558855195E-003  -4.6907552112228715E-005          -2           2           0
   8.2084486530271013E-003   4.7578770768851497E-004           0          -2           2
   1.9046990312676824E-003   1.1039449513023149E-004           0           2          -2
  -3.1302132412912805E-003   4.6904203210317941E-005           2          -2           0
  -1.9005747345907970E-003   1.6742591241350740E-004           2           0          -2
  -3.3974985110429889E-006  -2.2853615975723754E-004           2           2           4
   1.9005723038060557E-003  -1.6742806580665964E-004           2           4           2
  -1.9047070613881184E-003  -1.1039007722087233E-004           4           2           2
  -4.9756023401509144E-003  -1.0366743150716826E-004          -4          -3          -2
  -3.6587075137428930E-003   7.5375897901560235E-005          -4          -2          -3
  -2.4457284554408334E-003  -3.2642680475971340E-004          -4          -2          -1
   2.7754868293753228E-004  -2.7130869808527085E-004          -4          -1          -2
   4.9703067346557848E-003  -2.5265407794644243E-004          -3          -4          -2
   2.2947384365958050E-006   1.5416861262383121E-004          -3          -2          -4
   2.4349190777251512E-003  -3.9970635065336604E-004          -3          -1           1
  -2.1115602264744023E-003   3.1625778606456974E-005          -3           1          -1
   3.6593370031076673E-003  -3.4262060343250787E-005          -2          -4          -3
   2.4349131195771402E-003  -3.9971898233963224E-004          -2          -4          -1
   2.2987587208083541E-006   1.5416063537076547E-004          -2          -3          -4
   3.8691530383662627E-005   2.0611473435650320E-004          -2          -1          -4
  -4.9703058805203246E-003   2.5265086829965975E-004          -2          -1           2
   2.8550559309298209E-004   2.6295287236874256E-004          -2           1           2
   2.8305529824221996E-003  -3.9801528251228222E-005          -2           2          -1
   2.1115648711976407E-003  -3.1636519360254625E-005          -2           2           1
  -2.8549397545914840E-004  -2.6298194870946843E-004          -1          -4          -2
  -2.4457115212915968E-003  -3.2643835730080995E-004          -1          -3           1
  -3.2546783340612018E-005   2.0718953226989890E-004          -1          -2          -4
   4.9755926211468397E-003   1.0368422118658431E-004          -1          -2           2
  -4.6836735510497210E-005  -2.2490188462906803E-004          -1           1          -3
   3.6593134637263676E-003  -3.4248225634180029E-005          -1           1           3
   3.0896134491969563E-003  -4.3103649208229341E-005          -1           2          -2
  -2.8304786426944723E-003   4.5006189843954084E-005          -1           3           1
   2.1115572492665662E-003  -3.1621310278416527E-005           1          -3          -1
  -2.7755832876563837E-004   2.7132569302887891E-004           1          -2           2
   4.0126162811468973E-005  -2.2623387614058020E-004           1          -1          -3
  -3.6587113383371784E-003   7.5358529359385623E-005           1          -1           3
  -8.3814686806042208E-005   1.5007937521198712E-004           1           2          -2
  -2.2852604710251851E-006  -1.5416481315569001E-004           1           2           4
  -2.0379787063582095E-003   3.6811785974423061E-005           1           3          -1
   3.0895245778974020E-003  -4.9455669671977031E-005           1           4           2
  -2.8304592955748649E-003   4.5000142487337151E-005           2          -2          -1
  -2.1115624093086395E-003   3.1631191971959606E-005           2          -2           1
  -3.0895201259615824E-003   4.9451656734821118E-005           2          -1          -2
   8.8237523269195324E-005   1.4751935176219206E-004           2           1          -2
  -2.2901947022702164E-006  -1.5416212605099295E-004           2           1           4
   3.2547511596390392E-005  -2.0720266336894994E-004           2           3           4
   2.0381667636632152E-003  -2.4248689075791465E-005           2           4           1
   4.0128338957356939E-005  -2.2624164670553175E-004           2           4           3
   2.8305381585082214E-003  -3.9801026887774675E-005           3          -1           1
   2.0381738224579085E-003  -2.4246994876973567E-005           3           1          -1
  -3.8696607118631732E-005  -2.0611568164866244E-004           3           2           4
  -8.8240324513651582E-005  -1.4752049409590487E-004           3           4           2
  -3.0896118372733344E-003   4.3103162631793460E-005           4           1           2
  -2.0379866771703032E-003   3.6810221669431693E-005           4           2           1
  -4.6842622396703305E-005  -2.2489791340933165E-004           4           2           3
   8.3810224164938320E-005  -1.5007756407757331E-004           4           3           2
  -1.6640552550307220E-003   4.1372457082319250E-004          -4          -3          -3
   5.3224561807329014E-003  -2.0161479570532392E-004          -4          -1          -1
   1.6756320906417253E-003   3.6373250648898299E-004          -3          -4          -3
   3.4040984902579211E-006   2.2853987486500809E-004          -3          -3          -4
   5.4170723819587265E-009   9.5356730633775819E-010          -3          -3           0
  -4.1349641031966606E-004   3.6415395350030704E-005          -3           0          -3
  -5.3260859682142097E-003  -4.2212776720300106E-005          -3           0           1
  -3.1302086457501367E-003   4.6869128078034155E-005          -3           1           0
  -5.3261029355300407E-003  -4.2215403256551159E-005          -1          -4          -1
   1.5422317532648559E-006   1.0367443324616575E-004          -1          -1          -4
   1.6756271023011678E-003   3.6372030646815488E-004          -1           0           3
  -1.4200358896870433E-003   2.1249445184400872E-005          -1           3           0
   4.1438679905693757E-004   2.4025935797868071E-005           0          -3          -3
   5.3224731777566639E-003  -2.0161757030921903E-004           0          -3           1
  -1.6640602639864464E-003   4.1371796947447685E-004           0          -1           3
   7.5496061055614833E-004  -1.4888252021290761E-004           0           1          -3
  -1.8831746904433909E-003   8.3471254941288025E-005           0           3          -1
   4.1439456893709812E-004   2.4035573320168842E-005           0           3           3
   3.1302293294621949E-003  -4.6868455068998068E-005           1          -3           0
  -7.5905442155531886E-004  -1.2621718327884002E-004           1           0          -3
  -3.3997686360678264E-006  -2.2853097082179812E-004           1           1           4
   1.8848205692737730E-003   2.7067661170169792E-005           1           4           1
   1.4200317072856025E-003  -2.1251591875545500E-005           3          -1           0
   1.8848242538200741E-003   2.7066313909651773E-005           3           0          -1
  -4.1348564328783468E-004   3.6415055992346823E-005           3           0           3
  -2.4314022907985624E-009  -7.3704813476813995E-010           3           3           0
  -1.5459714588167597E-006  -1.0367709557863999E-004           3           3           4
  -7.5905576533626465E-004  -1.2621846667810788E-004           3           4           3
  -1.8831778558713419E-003   8.3470232150342948E-005           4           1           1
   7.5495867981528568E-004  -1.4888234668225894E-004           4           3           3
  -3.4590944472725456E-003  -2.0048434333586732E-004          -4          -3          -1
  -4.1438920367621492E-004  -2.4004858857892160E-005          -4          -1          -3
   3.4515790363109657E-003  -3.0405755226682878E-004          -3          -4          -1
   3.4515880026337814E-003  -3.0405332192100129E-004          -3          -2           1
   6.3882444191683632E-004   1.1556918493056123E-004          -3          -1          -4
  -1.7142772733960471E-003  -2.0834466845500569E-005          -3           1          -2
  -3.4590806774389619E-003  -2.0049120567069365E-004          -2          -3           1
  -1.5857729967975157E-003  -9.1913670522192551E-005          -2           1          -3
   4.1350607605029709E-004  -3.6442753019243871E-005          -1          -4          -3
  -6.3509763093178029E-004   1.3464236854708128E-004          -1          -3          -4
   4.1348265707422886E-004  -3.6419766513238324E-005          -1           2           3
  -1.7128984614477969E-003   7.2184859127779482E-005          -1           3           2
   1.7128805801792265E-003  -7.2173885353968010E-005           1          -3          -2
   1.5823301339934937E-003  -1.3938578512555404E-004           1          -2          -3
   6.3510799526645876E-004  -1.3465504301786340E-004           1           3           4
   1.5823364760981862E-003  -1.3939205078972996E-004           1           4           3
  -4.1439352908677156E-004  -2.4020263777312086E-005           2          -1           3
  -3.9765369655004278E-004  -2.3046934231449684E-005           2           3          -1
   1.7142698248550697E-003   2.0825730769770222E-005           3          -1           2
  -6.3882612417245877E-004  -1.1556186490481492E-004           3           1           4
   3.9680123468876393E-004  -3.4955965682666251E-005           3           2          -1
   3.9679278644074427E-004  -3.4955744994106133E-005           3           4           1
  -1.5857754203177472E-003  -9.1906733755121737E-005           4           1           3
  -3.9766254884258619E-004  -2.3046290922076630E-005           4           3           1
   6.4461006373154661E-006   4.3343624195804018E-004          -4          -4          -3
  -3.2546399263664004E-005   2.0718104591406166E-004          -4          -3          -4
   5.9366500126673133E-003  -8.8915479634247370E-005          -4          -1           0
   2.8304594012761495E-003  -4.4995888353029551E-005          -4           0          -1
   3.8686925132755120E-005   2.0613477348043217E-004          -3          -4          -4
  -2.8305355659731714E-003   3.9789214295306931E-005          -3           1           1
  -5.9366557059863864E-003   8.8920083375360200E-005          -1          -4           0
   6.4505468918098713E-006   4.3343091789179968E-004          -1          -1           3
  -5.7195370610679146E-004  -2.1948887253615149E-005          -1           0          -4
   4.1850841714497687E-004   3.5447089453304601E-005          -1           3          -1
  -2.8305559397094667E-003   3.9798452316801080E-005           0          -4          -1
   5.7105003407196663E-004  -3.9068453514078938E-005           0          -1          -4
  -3.8693733849829080E-005  -2.0612126617941250E-004           0           1           4
  -4.1726730736103753E-004   4.8004671476007768E-005           0           4           1
   2.8304747623590682E-003  -4.4994015490607925E-005           1          -3           1
   3.2546557813246924E-005  -2.0718161236095748E-004           1           0           4
  -8.5569422553282675E-008  -5.5057914096848833E-006           1           1          -3
   7.5393213014411233E-005  -1.1145569135426019E-006           1           4           0
  -4.1726479686128739E-004   4.8003248662978982E-005           3          -1          -1
  -5.7104962139737400E-004   3.9071179239523484E-005           3           4           4
   4.1850791731250464E-004   3.5444242618916807E-005           4           0           1
  -7.5394401822145046E-005   1.1133970428270721E-006           4           1           0
   5.7195462348598664E-004   2.1950435111692873E-005           4           3           4
  -8.1657047320087543E-008  -5.5035868182630914E-006           4           4           3
   3.6637565074769882E-006   2.4621609344246660E-004          -4          -4          -2
  -6.3510243780082567E-004   1.3464880085228186E-004          -4          -2          -4
   3.3723538581450314E-003  -5.0475179413875487E-005          -4          -2           0
   1.7128838416144532E-003  -7.2164244528910001E-005          -4           0          -2
   6.3882803890334390E-004   1.1557068599599820E-004          -2          -4          -4
  -3.3723517749972183E-003   5.0478249517339529E-005          -2          -4           0
  -3.6696935033591839E-006  -2.4621492093288846E-004          -2          -2           2
  -6.3880160619992927E-004   7.2382773683377888E-005          -2           0          -4
   8.5954888778530796E-004  -5.9584232921058293E-005          -2           2          -2
   1.7142677933278012E-003   2.0841534806782978E-005          -2           2           2
  -1.7142766561909235E-003  -2.0845215613566709E-005           0          -4          -2
   6.4066900354074611E-004   5.3227615064325972E-005           0          -2          -4
  -6.3882567473680244E-004  -1.1556385798351020E-004           0           2           4
   8.6093889778693236E-004   3.3832526758150158E-005           0           4           2
  -8.6093595421406807E-004  -3.3829064448923538E-005           2          -2          -2
  -1.7128941962060780E-003   7.2166249309615731E-005           2          -2           2
   6.3510586104935677E-004  -1.3464573889355918E-004           2           0           4
   8.6538311438475175E-007   5.8019280011417856E-005           2           2          -2
   7.9467238428075572E-004  -1.1897167082701873E-005           2           4           0
  -6.4067033976743031E-004  -5.3230534982759878E-005           2           4           4
  -8.5954477979973982E-004   5.9583400950141370E-005           4           0           2
  -7.9467712200063543E-004   1.1895413668280302E-005           4           2           0
   6.3879854015343369E-004  -7.2382762415825228E-005           4           2           4
  -8.6264920047627876E-007  -5.8018647890488552E-005           4           4           2
   1.5380019280955704E-006   1.0367664435602825E-004          -4          -4          -4
   1.4200367754311702E-003  -2.1287934518587312E-005          -4           0           0
  -1.4200445209525581E-003   2.1290652743084852E-005           0          -4           0
  -1.1583111224043480E-006  -7.8042529937006125E-005           0           0          -4
  -1.5445202362981941E-006  -1.0367565188228836E-004           0           0           4
  -1.0689409181821622E-003   1.6020135244305663E-005           0           4           0
   1.0689420098437474E-003  -1.6021670649489903E-005           4           0           0
   1.1620434962249993E-006   7.8041605063678421E-005           4           4           4
  -4.0122027314376828E-005   2.2619847131729400E-004          -5          -3          -3
  -3.0895221261165412E-003   4.9456452361712808E-005          -5          -2          -2
  -2.1692634493055013E-007  -1.4113644879877719E-005          -4          -4          -1
  -1.9333216393769567E-004   2.9156591391776465E-006          -4          -3           0
   5.7593163047354270E-007   3.8806366760481388E-005          -4          -1          -4
   5.3146352450897112E-004  -7.9572255779501776E-006          -4           0          -3
   4.6830661035566777E-005   2.2493927990610251E-004          -3          -5          -3
   1.9332935548131458E-004  -2.9128853680526439E-006          -3          -4           0
  -9.2406498120143142E-010   1.5016066422738358E-009          -3          -3          -5
  -2.0040648938232034E-007  -1.4114499425452077E-005          -3          -3           1
   9.7924028433005685E-005   5.8066562586452667E-005          -3           0          -4
  -3.0896151186048013E-003   4.3098532967612277E-005          -3           0           2
  -8.1537314295566444E-004   5.1234335447171265E-006          -3           1          -3
   6.8158236736995307E-009  -3.2306851909487522E-009          -3           2           0
   3.0896210259731553E-003  -4.3106640051991635E-005          -2          -5          -2
   6.9853657128558177E-007   4.7084611173578820E-005          -2          -2          -5
   4.6835691401255165E-005   2.2492998245775525E-004          -2           0           3
   6.4491228814704885E-004  -9.6669317443011173E-006          -2           3           0
   5.8169984804167122E-007   3.8797506325830887E-005          -1          -4          -4
  -5.3146603883501265E-004   7.9651523141089225E-006          -1           3           3
  -5.3146175156183588E-004   7.9574756700497103E-006           0          -4          -3
  -9.6152194220351414E-005   6.0978985249180138E-005           0          -3          -4
   3.0895218856904546E-003  -4.9451883688543752E-005           0          -3           2
  -4.0124199274653931E-005   2.2620516645255155E-004           0          -2           3
   6.1028229917164706E-004  -2.0120423812735879E-005           0           2          -3
  -1.4966875466226510E-004   4.6812978797754570E-005           0           3          -2
  -5.7538940373932151E-007  -3.8803193178870606E-005           0           3           4
   8.1516652929723840E-004  -1.9297746788225404E-005           0           4           3
   8.1515964828208934E-004  -1.9293681888263790E-005           1          -3          -3
   9.6155004524698572E-005  -6.0984281968666072E-005           1           4           4
   5.5385923099830913E-009   1.3419641310567236E-009           2          -3           0
  -6.1061200952890020E-004  -1.8331747717607615E-006           2           0          -3
   1.1412959374143896E-011  -1.6918761321859272E-009           2           2           5
  -1.5099409074283249E-004  -4.2324540057885277E-005           2           5           2
  -6.4491138220693252E-004   9.6668457055456514E-006           3          -2           0
   5.3146661455320311E-004  -7.9638954462669178E-006           3          -1           3
   1.5099531123339660E-004   4.2324432505917511E-005           3           0          -2
  -5.7494638187980867E-007  -3.8803028567781374E-005           3           0           4
  -2.8144081307099374E-007  -1.8956456611176843E-005           3           3          -1
   6.9969266565330997E-007   4.7085879073297019E-005           3           3           5
   2.5963666542800241E-004  -3.8898433244078273E-006           3           4           0
  -6.1061012878359255E-004  -1.8321066836052571E-006           3           5           3
  -8.1537029393999642E-004   5.1243174876458065E-006           4           0           3
  -9.7927089573616305E-005  -5.8062376136917939E-005           4           1           4
  -2.5964288076415256E-004   3.8889597284037713E-006           4           3           0
  -2.8250995132299319E-007  -1.8955335953367238E-005           4           4           1
   1.4966850760053226E-004  -4.6810723709087132E-005           5           2           2
   6.1028452692817882E-004  -2.0119467301483115E-005           5           3           3
  -1.9005666088084169E-003   1.6739264996325616E-004          -5          -3          -2
  -1.5823255695929577E-003   1.3936466685573288E-004          -5          -2          -3
   1.9047010338887780E-003   1.1042997794421557E-004          -3          -5          -2
   7.7796251357974309E-005   1.0503816110028478E-005          -3          -2          -5
  -1.9047029707423906E-003  -1.1043002758853349E-004          -3          -1           2
  -1.5984709128651479E-004  -3.2706301414281731E-006          -3           2          -1
   1.5857731618642359E-003   9.1936086216619505E-005          -2          -5          -3
  -7.7450681097153664E-005   1.2826269255838341E-005          -2          -3          -5
   1.5857721444535969E-003   9.1933497523052760E-005          -2           1           3
   1.5967726131656734E-004  -8.0644747798904101E-006          -2           3           1
   1.9005652563760533E-003  -1.6739421353027125E-004          -1          -3           2
   6.7898786448064943E-004  -5.9803504164921694E-005          -1           2          -3
  -1.5823281959904392E-003   1.3936505130733064E-004           1          -2           3
  -4.8444986867569840E-004   4.2669088458314168E-005           1           3          -2
   1.5968318425418259E-004  -8.0636691179735941E-006           2          -3          -1
  -6.8046526181319493E-004  -3.9449432023700181E-005           2          -1          -3
  -7.7449998986607314E-005   1.2824436382197746E-005           2           3           5
  -6.8046480048691773E-004  -3.9450491080676920E-005           2           5           3
  -1.5985335088677046E-004  -3.2699235795621494E-006           3          -2           1
   4.8550727872321740E-004   2.8147126631286223E-005           3           1          -2
   7.7796571839649700E-005   1.0502902427115370E-005           3           2           5
  -4.8550478602935905E-004  -2.8146545662118501E-005           3           5           2
   6.7898775280245962E-004  -5.9802997524111531E-005           5           2           3
   4.8445222591071154E-004  -4.2667777990559816E-005           5           3           2
   7.5905563605991884E-004   1.2620116374551082E-004          -5          -4          -3
   6.4067056275478556E-004   5.3213363282221932E-005          -5          -3          -4
  -1.8848292119237593E-003  -2.7029037299190837E-005          -5          -2          -1
  -8.6093595461399187E-004  -3.3810325255795336E-005          -5          -1          -2
  -7.5496624579053661E-004   1.4889736295717329E-004          -4          -5          -3
   7.7450968656715845E-005  -1.2829527630250442E-005          -4          -3          -5
   1.8831837697278167E-003  -8.3504502861155431E-005          -4          -1           1
  -1.5968146034712723E-004   8.0557966690477325E-006          -4           1          -1
  -6.3880678958743939E-004   7.2398383046015907E-005          -3          -5          -4
  -7.7800665753236171E-005  -1.0497377385172780E-005          -3          -4          -5
  -8.5954440517835610E-004   5.9596550758643915E-005          -3           1           2
   1.5985058953093623E-004   3.2757429944128783E-006          -3           2           1
   1.8831841074162174E-003  -8.3508941479790207E-005          -2          -5          -1
   1.0003314478392645E-004   5.1392994882363509E-005          -2          -1          -5
  -7.5496265850974974E-004   1.4889471675631156E-004          -2          -1           3
   7.2440899304298113E-004  -3.6086953678790310E-006          -2           3          -1
   8.5955244649348745E-004  -5.9605036869660532E-005          -1          -5          -2
  -1.8848261517831263E-003  -2.7033003597902030E-005          -1          -4           1
  -9.8461277064216464E-005   5.4366418940173596E-005          -1          -2          -5
   7.5905532126136963E-004   1.2620696459356102E-004          -1          -2           3
  -2.1514406621597813E-004  -3.2729383680043233E-005          -1           1          -4
   6.3879807669050366E-004  -7.2390801627062639E-005          -1           1           4
   4.9258369882194204E-004   8.2884209146959599E-006          -1           3          -2
  -7.2419434823886607E-004   1.8101345615884878E-005          -1           4           1
   1.5984217711866364E-004   3.2787248382691576E-006           1          -4          -1
   8.6093827679009714E-004   3.3815827093073372E-005           1          -3           2
   2.1407776081209254E-004  -3.9163103493171414E-005           1          -1          -4
  -6.4067191932980043E-004  -5.3221335569940891E-005           1          -1           4
   0.0000000000000000        0.0000000000000000                1           2          -3
  -7.7797406800484534E-005  -1.0500823194681960E-005           1           2           5
   0.0000000000000000        0.0000000000000000                1           4          -1
   4.9211855308383789E-004  -2.3048547342100144E-005           1           5           2
  -1.5967501805400297E-004   8.0581019195493600E-006           2          -3           1
   0.0000000000000000        0.0000000000000000                2           1          -3
   7.7450734890997203E-005  -1.2826875531906637E-005           2           1           5
   0.0000000000000000        0.0000000000000000                2           5           1
  -7.2419088757584137E-004   1.8101478256464110E-005           3          -2          -1
  -4.9211844120857027E-004   2.3048711078860219E-005           3          -1          -2
  -9.8460441831730859E-005   5.4367076611521532E-005           3           4           5
  -2.1407658039973760E-004   3.9162978309267671E-005           3           5           4
   7.2440694703303308E-004  -3.6102049882419173E-006           4          -1           1
   0.0000000000000000        0.0000000000000000                4           1          -1
   1.0003568937690242E-004   5.1392020381557741E-005           4           3           5
   0.0000000000000000        0.0000000000000000                4           5           3
  -4.9258543244534443E-004  -8.2868473118018287E-006           5           1           2
   0.0000000000000000        0.0000000000000000                5           2           1
   2.1514628870349022E-004   3.2728353095129296E-005           5           3           4
   0.0000000000000000        0.0000000000000000                5           4           3
   5.7104863875653540E-004  -3.9072685568423599E-005          -5          -4          -4
   8.8242759533822514E-005   1.4749976493991709E-004          -5          -4          -2
  -2.0381727676701770E-003   2.4246643975898267E-005          -5          -3          -1
  -9.6152610562245697E-005   6.0968354223377325E-005          -5          -2          -4
  -8.1516472728526603E-004   1.9301188623676415E-005          -5          -1          -3
   4.1725667435222789E-004  -4.7962742058173805E-005          -5          -1          -1
  -5.7195830311872707E-004  -2.1948447139250106E-005          -4          -5          -4
  -8.3814380292830139E-005   1.5009821970396928E-004          -4          -5          -2
  -6.9929988574584398E-007  -4.7085716581497462E-005          -4          -4          -5
   1.0717272649321100E-005  -1.6243471270595130E-007          -4          -2          -5
   2.0379878871656181E-003  -3.6806011850829643E-005          -4          -2           1
  -4.1849950543222913E-004  -3.5483779867554174E-005          -4           0           1
   7.9675168185312483E-009   7.8340114134561803E-007          -4           1          -2
  -6.4491135619891039E-004   9.6536635451353252E-006          -4           1           0
   2.0379803152645857E-003  -3.6809050298701869E-005          -3          -5          -1
   8.3813363824993399E-005  -1.5009715239338965E-004          -3          -2           2
   2.3322134986562913E-004   8.9223701751425991E-006          -3          -1          -5
  -1.7026071488882578E-004  -1.4464058924052353E-005          -3           2          -2
   9.7920783820118577E-005   5.8076491960759569E-005          -2          -5          -4
  -1.0717961007953532E-005   1.6245294685646860E-007          -2          -4          -5
  -2.0381639629743070E-003   2.4245777244198645E-005          -2          -4           1
  -8.8242171772689578E-005  -1.4750296287969664E-004          -2          -3           2
  -4.8395740922348000E-004   1.3610083482738151E-005          -2           1          -4
   8.6598004773783894E-005  -3.6641574778488460E-005          -2           2          -3
   8.1537273728700768E-004  -5.1255781633043781E-006          -2           2           3
  -1.6275923322549549E-008  -7.7947680161809194E-007          -2           3           2
   8.1537901651235081E-004  -5.1304760128088615E-006          -1          -5          -3
  -4.1850050007082972E-004  -3.5484945400791833E-005          -1          -5          -1
  -2.3285348114235308E-004   1.5901110307351993E-005          -1          -3          -5
   7.8991784536248445E-007   5.3154605455057149E-005          -1          -1          -5
   5.7195736632549565E-004   2.1948739462491294E-005          -1           0           4
  -9.7924412638135242E-005  -5.8070414244077596E-005          -1           2           4
  -7.2804389625342699E-004   1.0906300117152694E-005          -1           4           0
  -1.6975519733850565E-004   1.9566345900906935E-005          -1           4           2
   4.1726034113328240E-004  -4.7966867659607270E-005           0          -4           1
  -5.7104701636604490E-004   3.9068251342285695E-005           0          -1           4
   0.0000000000000000        0.0000000000000000                0           1          -4
   0.0000000000000000        0.0000000000000000                0           4          -1
   8.2589853542995748E-009   7.8259575322122561E-007           1          -4          -2
   6.4491195814214838E-004  -9.6540137961827896E-006           1          -4           0
   4.8414791672729221E-004  -8.8806841504377414E-007           1          -2          -4
   0.0000000000000000        0.0000000000000000                1           0          -4
  -6.9883594393391611E-007  -4.7084331021956345E-005           1           1           5
  -1.0715174328851320E-005   1.5838217139898138E-007           1           3           5
   0.0000000000000000        0.0000000000000000                1           5           1
  -8.7648294526701678E-005  -3.4041742938990603E-005           1           5           3
   1.6975349508312161E-004  -1.9564410936142324E-005           2          -3          -2
  -8.7649497196249328E-005  -3.4040594487791737E-005           2          -2          -3
  -8.1516723954176066E-004   1.9297868994676078E-005           2          -2           3
   9.6154602514608343E-005  -6.0973892101911942E-005           2          -1           4
   0.0000000000000000        0.0000000000000000                2           3          -2
   0.0000000000000000        0.0000000000000000                2           4          -1
  -2.3285346179759456E-004   1.5902934768574792E-005           2           4           5
  -4.8414858811153798E-004   8.8926358225339619E-007           2           5           4
  -1.3196589103823773E-008  -7.8443862847802612E-007           3          -2           2
   1.0715972803016796E-005  -1.5960145266347847E-007           3           1           5
   0.0000000000000000        0.0000000000000000                3           2          -2
   0.0000000000000000        0.0000000000000000                3           5           1
   7.2804247265417950E-004  -1.0905167607090809E-005           4          -1           0
   1.7026144179936505E-004   1.4461110671060630E-005           4          -1           2
   0.0000000000000000        0.0000000000000000                4           0          -1
   0.0000000000000000        0.0000000000000000                4           2          -1
   2.3322284363959365E-004   8.9219459741334155E-006           4           2           5
   7.9080551118512190E-007   5.3155250898075490E-005           4           4           5
   0.0000000000000000        0.0000000000000000                4           5           2
   0.0000000000000000        0.0000000000000000                4           5           4
   0.0000000000000000        0.0000000000000000                5           1           1
   8.6596868098573043E-005  -3.6639363709573146E-005           5           1           3
   4.8395771905533104E-004  -1.3609609196051052E-005           5           2           4
   0.0000000000000000        0.0000000000000000                5           3           1
   0.0000000000000000        0.0000000000000000                5           4           2
   0.0000000000000000        0.0000000000000000                5           4           4
  -3.4489694674143391E-009   4.8030911105117692E-010          -4          -4           0
   1.0735842952918916E-004   6.2238336361815294E-006          -4           0          -4
  -1.0712390753927691E-004   9.4352309095124042E-006           0          -4          -4
   1.0712688082448551E-004  -9.4376666828981466E-006           0           4           4
  -1.0735809638455855E-004  -6.2206719356698311E-006           4           0           4
   0.0000000000000000        0.0000000000000000                4           4           0
   8.3377833886833884E-008   5.5034912436185285E-006          -5          -5          -3
   2.3285383633801188E-004  -1.5904086383225414E-005          -5          -3          -5
  -7.5400100676904872E-005   1.1450504950507940E-006          -5          -2           0
   1.6975214067483678E-004  -1.9553892796973311E-005          -5           0          -2
  -2.3322383983415105E-004  -8.9196974042531102E-006          -3          -5          -5
   1.7025923462387978E-004   1.4470972483544124E-005          -3           2           2
   7.5397146157394086E-005  -1.1434093267929873E-006          -2          -5           0
   7.9168590093049912E-008   5.5050342672809394E-006          -2          -2           3
   0.0000000000000000        0.0000000000000000               -2           0          -5
   0.0000000000000000        0.0000000000000000               -2           3          -2
  -1.7025786508123366E-004  -1.4473121479400046E-005           0          -5          -2
   0.0000000000000000        0.0000000000000000                0          -2          -5
  -2.3322322889257906E-004  -8.9214096431285696E-006           0           2           5
   0.0000000000000000        0.0000000000000000                0           5           2
  -1.6975267504857838E-004   1.9557081828832612E-005           2          -3           2
   2.3285286184362319E-004  -1.5902254741619002E-005           2           0           5
   0.0000000000000000        0.0000000000000000                2           2          -3
   0.0000000000000000        0.0000000000000000                2           5           0
   0.0000000000000000        0.0000000000000000                3          -2          -2
   0.0000000000000000        0.0000000000000000                5           0           2
   0.0000000000000000        0.0000000000000000                5           2           0
  -1.1604758942937961E-006  -7.8042961138168548E-005          -5          -5          -4
   9.8460869738736586E-005  -5.4366265625609684E-005          -5          -4          -5
  -3.9679732631754401E-004   3.4946395882039133E-005          -5          -4          -1
  -1.0712407947180941E-004   9.4344795025472854E-006          -5          -1          -4
   1.0689394933415437E-003  -1.6001381226439371E-005          -5          -1           0
   7.2418804253384370E-004  -1.8088039638788447E-005          -5           0          -1
  -1.0003495356227832E-004  -5.1394517774877176E-005          -4          -5          -5
   3.9765621688772173E-004   2.3055050413828672E-005          -4          -5          -1
   3.9766104713776683E-004   2.3057889749876671E-005          -4          -3           1
   0.0000000000000000        0.0000000000000000               -4          -1          -5
   0.0000000000000000        0.0000000000000000               -4           1          -3
  -7.2440412374957786E-004   3.5964438036031787E-006          -4           1           1
  -3.9679246020075584E-004   3.4948971704221499E-005          -3          -4           1
   0.0000000000000000        0.0000000000000000               -3           1          -4
   1.0735865149126008E-004   6.2240490922317158E-006          -1          -5          -4
  -1.0689399248271112E-003   1.6002910455087136E-005          -1          -5           0
   0.0000000000000000        0.0000000000000000               -1          -4          -5
   1.1622757773616199E-006   7.8042282001778506E-005          -1          -1           4
   0.0000000000000000        0.0000000000000000               -1           0          -5
  -1.0735834276858769E-004  -6.2232653641553369E-006          -1           3           4
   0.0000000000000000        0.0000000000000000               -1           4          -1
   0.0000000000000000        0.0000000000000000               -1           4           3
  -7.2440627015638698E-004   3.5968726743462086E-006           0          -5          -1
   0.0000000000000000        0.0000000000000000                0          -1          -5
  -1.0003607064180095E-004  -5.1393003572749953E-005           0           1           5
   0.0000000000000000        0.0000000000000000                0           5           1
   0.0000000000000000        0.0000000000000000                1          -4          -3
   7.2419044529997039E-004  -1.8089638755897536E-005           1          -4           1
   0.0000000000000000        0.0000000000000000                1          -3          -4
   9.8459458782112032E-005  -5.4365285486166254E-005           1           0           5
   0.0000000000000000        0.0000000000000000                1           1          -4
   0.0000000000000000        0.0000000000000000                1           4           5
   0.0000000000000000        0.0000000000000000                1           5           0
   0.0000000000000000        0.0000000000000000                1           5           4
   1.0712482323044929E-004  -9.4354017909613132E-006           3          -1           4
   0.0000000000000000        0.0000000000000000                3           4          -1
   0.0000000000000000        0.0000000000000000                4          -1          -1
   0.0000000000000000        0.0000000000000000                4          -1           3
   0.0000000000000000        0.0000000000000000                4           1           5
   0.0000000000000000        0.0000000000000000                4           3          -1
   0.0000000000000000        0.0000000000000000                4           5           1
   0.0000000000000000        0.0000000000000000                5           0           1
   0.0000000000000000        0.0000000000000000                5           1           0
   0.0000000000000000        0.0000000000000000                5           1           4
   0.0000000000000000        0.0000000000000000                5           4           1
   6.8046615894572931E-004   3.9437986145298622E-005          -6          -3          -3
   8.6463493857339901E-007   5.8018009019233317E-005          -5          -5          -2
  -7.9468064764471702E-004   1.1910842081962455E-005          -5          -3           0
   0.0000000000000000        0.0000000000000000               -5          -2          -5
   0.0000000000000000        0.0000000000000000               -5           0          -3
  -6.7899081207504054E-004   5.9814518553317019E-005          -3          -6          -3
   7.9467598846789153E-004  -1.1909575253746490E-005          -3          -5           0
   0.0000000000000000        0.0000000000000000               -3          -3          -6
  -8.6130331762131537E-007  -5.8019613473093608E-005          -3          -3           2
   0.0000000000000000        0.0000000000000000               -3           0          -5
  -6.7898844583294418E-004   5.9811462236527450E-005          -3           0           3
   0.0000000000000000        0.0000000000000000               -3           2          -3
   0.0000000000000000        0.0000000000000000               -3           3           0
   0.0000000000000000        0.0000000000000000               -2          -5          -5
   0.0000000000000000        0.0000000000000000               -2           3           3
   0.0000000000000000        0.0000000000000000                0          -5          -3
   0.0000000000000000        0.0000000000000000                0          -3          -5
   6.8046538281293066E-004   3.9442468462160454E-005           0          -3           3
   0.0000000000000000        0.0000000000000000                0           3          -3
   0.0000000000000000        0.0000000000000000                0           3           5
   0.0000000000000000        0.0000000000000000                0           5           3
   0.0000000000000000        0.0000000000000000                2          -3          -3
   0.0000000000000000        0.0000000000000000                3          -3           0
   0.0000000000000000        0.0000000000000000                3          -2           3
   0.0000000000000000        0.0000000000000000                3           0          -3
   0.0000000000000000        0.0000000000000000                3           0           5
   0.0000000000000000        0.0000000000000000                3           3          -2
   0.0000000000000000        0.0000000000000000                3           5           0
   0.0000000000000000        0.0000000000000000                5           0           3
   0.0000000000000000        0.0000000000000000                5           3           0
   6.1061167968176763E-004   1.8306450561297924E-006          -6          -4          -3
   4.8414995610361437E-004  -8.9269410375976001E-007          -6          -3          -4
   1.5099826881472491E-004   4.2306951562392417E-005          -6          -3          -2
   8.7650524111934072E-005   3.4028915071795336E-005          -6          -2          -3
  -7.8916067081164291E-007  -5.3155008913387771E-005          -5          -5          -5
   7.2804308175117326E-004  -1.0904713246107354E-005          -5           0           0
  -6.1028508039295934E-004   2.0120394312684565E-005          -4          -6          -3
   0.0000000000000000        0.0000000000000000               -4          -3          -6
   1.4967080258046774E-004  -4.6828148011685583E-005          -4          -1           2
   0.0000000000000000        0.0000000000000000               -4           2          -1
  -4.8396097494309524E-004   1.3613431136160528E-005          -3          -6          -4
  -1.4967058790315958E-004   4.6828673629874700E-005          -3          -6          -2
   0.0000000000000000        0.0000000000000000               -3          -4          -6
   0.0000000000000000        0.0000000000000000               -3          -2          -6
  -6.1028647742678152E-004   2.0119200864967822E-005          -3          -1           3
  -8.6599184830354190E-005   3.6650059978059442E-005          -3           1           3
   0.0000000000000000        0.0000000000000000               -3           3          -1
   0.0000000000000000        0.0000000000000000               -3           3           1
  -8.6600375143252011E-005   3.6651824460346861E-005          -2          -6          -3
   0.0000000000000000        0.0000000000000000               -2          -3          -6
   4.8396005938041771E-004  -1.3611698287099810E-005          -2           1           4
   0.0000000000000000        0.0000000000000000               -2           4           1
  -1.5099652571418651E-004  -4.2309798445717093E-005          -1          -4           2
   6.1060900404648084E-004   1.8331530230605256E-006          -1          -3           3
   0.0000000000000000        0.0000000000000000               -1           2          -4
   0.0000000000000000        0.0000000000000000               -1           3          -3
  -7.2804415579815320E-004   1.0905580052368928E-005           0          -5           0
   0.0000000000000000        0.0000000000000000                0           0          -5
  -7.9036506752559295E-007  -5.3154204979646002E-005           0           0           5
   0.0000000000000000        0.0000000000000000                0           5           0
   8.7649806654144279E-005   3.4032348022832343E-005           1          -3           3
  -4.8414909560341084E-004   8.9022404948285098E-007           1          -2           4
   0.0000000000000000        0.0000000000000000                1           3          -3
   0.0000000000000000        0.0000000000000000                1           4          -2
   0.0000000000000000        0.0000000000000000                2          -4          -1
   0.0000000000000000        0.0000000000000000                2          -1          -4
   0.0000000000000000        0.0000000000000000                3          -3          -1
   0.0000000000000000        0.0000000000000000                3          -3           1
   0.0000000000000000        0.0000000000000000                3          -1          -3
   0.0000000000000000        0.0000000000000000                3           1          -3
   0.0000000000000000        0.0000000000000000                4          -2           1
   0.0000000000000000        0.0000000000000000                4           1          -2
   0.0000000000000000        0.0000000000000000                5           0           0
   2.1407620425739643E-004  -3.9158530358468670E-005          -6          -4          -4
  -4.9211594917604104E-004   2.3037102463822159E-005          -6          -2          -2
  -2.1514545285480289E-004  -3.2734348164707976E-005          -4          -6          -4
   0.0000000000000000        0.0000000000000000               -4          -4          -6
  -4.9258350310255061E-004  -8.2991894475956891E-006          -4           0           2
   0.0000000000000000        0.0000000000000000               -4           2           0
   4.9258333593085062E-004   8.2987019997182407E-006          -2          -6          -2
   0.0000000000000000        0.0000000000000000               -2          -2          -6
   2.1514659772207438E-004   3.2733980065034953E-005          -2           0           4
   0.0000000000000000        0.0000000000000000               -2           4           0
   4.9211623299432318E-004  -2.3038517071181538E-005           0          -4           2
  -2.1407503129951472E-004   3.9158269831680092E-005           0          -2           4
   0.0000000000000000        0.0000000000000000                0           2          -4
   0.0000000000000000        0.0000000000000000                0           4          -2
   0.0000000000000000        0.0000000000000000                2          -4           0
   0.0000000000000000        0.0000000000000000                2           0          -4
   0.0000000000000000        0.0000000000000000                4          -2           0
   0.0000000000000000        0.0000000000000000                4           0          -2
   4.8550864684976348E-004   2.8138132787850120E-005          -6          -4          -2
   0.0000000000000000        0.0000000000000000               -6          -2          -4
  -4.8445209406023358E-004   4.2675581999942171E-005          -4          -6          -2
   0.0000000000000000        0.0000000000000000               -4          -2          -6
   4.8445398835412150E-004  -4.2675403694169029E-005          -4          -2           2
   0.0000000000000000        0.0000000000000000               -4           2          -2
   0.0000000000000000        0.0000000000000000               -2          -6          -4
   0.0000000000000000        0.0000000000000000               -2          -4          -6
  -4.8550551809622061E-004  -2.8141036644761956E-005          -2          -4           2
   0.0000000000000000        0.0000000000000000               -2           2          -4
   0.0000000000000000        0.0000000000000000                2          -4          -2
   0.0000000000000000        0.0000000000000000                2          -2          -4
   2.8254959535555930E-007   1.8955049340391152E-005          -5          -5          -1
  -2.5964279446793754E-004   3.8887769900576335E-006          -5          -4           0
   0.0000000000000000        0.0000000000000000               -5          -1          -5
   0.0000000000000000        0.0000000000000000               -5           0          -4
   2.5963652284373726E-004  -3.8888927566205344E-006          -4          -5           0
   2.8238042165518174E-007   1.8957122468685971E-005          -4          -4           1
   0.0000000000000000        0.0000000000000000               -4           0          -5
   0.0000000000000000        0.0000000000000000               -4           1          -4
   0.0000000000000000        0.0000000000000000               -1          -5          -5
   0.0000000000000000        0.0000000000000000                0          -5          -4
   0.0000000000000000        0.0000000000000000                0          -4          -5
   0.0000000000000000        0.0000000000000000                1          -4          -4
