         718          24          24          24
 -0.45082342933044539      -0.43506748915302385                0           0           0
  -2.7481993188660021E-002  0.16955272170230271               -1          -1          -1
 -0.24418694342304775       -3.9578696910742235E-002          -1           0           0
 -0.24418694378842912       -3.9578694178632655E-002           0          -1           0
  -7.4868234046199557E-003  -3.8333573289870110E-002           0           0          -1
   2.7481447312804486E-002 -0.16955281023150595                0           0           1
  -5.0588709331167325E-002  -1.7712274314183346E-002           0           1           0
  -5.0588709849122893E-002  -1.7712265283883807E-002           1           0           0
   7.4867518158585004E-003   3.8333538976992459E-002           1           1           1
 -0.56516685634930497       0.27039213993489258               -1          -1           0
   4.1763526756147225E-003  -1.9981852807460401E-003          -1           0          -1
   4.1763536831915180E-003  -1.9981832244742146E-003           0          -1          -1
  -4.1764930612487993E-003   1.9981294788451497E-003           0           1           1
  -4.1765003889768200E-003   1.9981340320197349E-003           1           0           1
  -2.6477388263279143E-002   1.2667577845740543E-002           1           1           0
  -3.3315274219257265E-003  -3.2150615324454484E-003          -2          -1          -1
  -3.3315216170194005E-003  -3.2150557476150273E-003          -1          -2          -1
  -1.3265875917749010E-002   1.4508779441231611E-003          -1          -1          -2
   3.3313726901438804E-003   3.2150627917495512E-003          -1           0           1
  -6.4823791775097074E-003   7.9972637559619225E-003          -1           1           0
   3.3313708820412284E-003   3.2150636785697843E-003           0          -1           1
   3.2115840189487458E-003   3.0993364370689664E-003           0           1          -1
  -6.4823783917975272E-003   7.9972673082611429E-003           1          -1           0
   3.2115848119968868E-003   3.0993379169345567E-003           1           0          -1
  -1.3265841303423545E-002   1.4508767416671808E-003           1           1           2
  -3.2115913607789013E-003  -3.0993382133058908E-003           1           2           1
  -3.2115915474900079E-003  -3.0993399568751572E-003           2           1           1
   1.9211825157845343E-002  -3.4006137295736760E-002          -2          -2          -1
  -2.3254271056847846E-002  -3.7691292896374958E-003          -2          -1          -2
  -5.3593466105683316E-002   8.2604466771919304E-004          -2          -1           0
   2.6171049095193386E-003  -1.6146762127449921E-002          -2           0          -1
  -2.3254270196998519E-002  -3.7691300363204439E-003          -1          -2          -2
  -5.3593467910405944E-002   8.2605361114791546E-004          -1          -2           0
  -1.9211903919367234E-002   3.4006148127679901E-002          -1          -1           1
   3.8887082914984537E-003  -8.4330633190673257E-003          -1           0          -2
   1.2995305378020402E-002   3.5525471503783899E-004          -1           1          -1
  -2.6171427071606289E-003   1.6146754038651290E-002          -1           1           1
   2.6171059604873674E-003  -1.6146759845794497E-002           0          -2          -1
   3.8887081769544717E-003  -8.4330634858182339E-003           0          -1          -2
  -2.3254267955249680E-002  -3.7691411618741340E-003           0           1           2
  -1.2995316752671958E-002  -3.5525952625180442E-004           0           2           1
   1.2995306341114983E-002   3.5525553196829554E-004           1          -1          -1
  -2.6171443564810865E-003   1.6146755449852588E-002           1          -1           1
  -2.3254268985285813E-002  -3.7691411267039669E-003           1           0           2
  -3.5871533697148178E-003   6.4840273675819699E-003           1           1          -1
  -1.0193177187737351E-002   1.0888320255756051E-004           1           2           0
   3.8887229278578321E-003  -8.4330571249802960E-003           1           2           2
  -1.2995318034324835E-002  -3.5525936381366086E-004           2           0           1
  -1.0193177377569640E-002   1.0888314226602019E-004           2           1           0
   3.8887239470480448E-003  -8.4330581625588173E-003           2           1           2
   3.5871532054531363E-003  -6.4840268127655375E-003           2           2           1
  -1.2128381318256084E-002  -5.5668633370269888E-003          -2          -2          -2
  -3.6244103151566961E-003  -9.6354119481981710E-003          -2           0           0
  -3.6244120436908713E-003  -9.6354085477610395E-003           0          -2           0
   1.1662191726461045E-002  -4.7514891759064034E-003           0           0          -2
  -1.2128413602572231E-002  -5.5668757309044158E-003           0           0           2
  -1.0514907356715102E-002   5.8586802381041386E-003           0           2           0
  -1.0514907611698793E-002   5.8586815561362726E-003           2           0           0
   1.1662204221725815E-002  -4.7514849329754307E-003           2           2           2
  -2.1120526905899321E-002  -2.0382418388550021E-002          -2          -2           0
  -8.5567903401198887E-003  -8.2577317728085523E-003          -2           0          -2
  -8.5567907520221788E-003  -8.2577319083689382E-003           0          -2          -2
  -8.5567883540117982E-003  -8.2577316025687943E-003           0           2           2
  -8.5567881964200721E-003  -8.2577318101279083E-003           2           0           2
  -3.6543979373759431E-003  -3.5266787348137325E-003           2           2           0
   1.0258910666980088E-003   9.2296366768678285E-003          -3          -2          -2
  -1.2442210148093449E-002  -3.7677458217271450E-003          -3          -1          -1
   1.0258901120482121E-003   9.2296352546991818E-003          -2          -3          -2
  -9.5818894776624765E-004   5.9117133423653200E-003          -2          -2          -3
   1.2442197731555421E-002   3.7677467031667702E-003          -2           0           1
   8.5139537691676682E-003   1.3799720668036346E-003          -2           1           0
  -1.2442208929636399E-002  -3.7677460311648799E-003          -1          -3          -1
  -1.1167022974916485E-002  -1.6522286775863776E-003          -1          -1          -3
   1.0258742189746487E-003   9.2296366785459532E-003          -1           0           2
  -1.4753650187758209E-003   7.7007120045475318E-003          -1           2           0
   1.2442196676774323E-002   3.7677467936737602E-003           0          -2           1
   1.0258741786473697E-003   9.2296364154504269E-003           0          -1           2
   6.1269727222468028E-003   1.1677816138058314E-003           0           1          -2
  -4.4749966404730306E-004   4.3131992653290116E-003           0           2          -1
   8.5139536733468638E-003   1.3799723200971763E-003           1          -2           0
   6.1269729555731749E-003   1.1677816420618947E-003           1           0          -2
   9.5819453655173565E-004  -5.9117126233322681E-003           1           1           3
   4.4749877171401648E-004  -4.3131990046926388E-003           1           3           1
  -1.4753646902379649E-003   7.7007130022202939E-003           2          -1           0
  -4.4749935228412957E-004   4.3131999506679222E-003           2           0          -1
   1.1167028787622305E-002   1.6522293701587217E-003           2           2           3
   6.1269782267299368E-003   1.1677824619971543E-003           2           3           2
   4.4749870564777345E-004  -4.3131999850285572E-003           3           1           1
   6.1269782157432210E-003   1.1677822921531923E-003           3           2           2
  -4.0261523448869366E-003   1.9262208501114712E-003          -3          -2          -1
  -1.0727065932359765E-002   5.1321358141914551E-003          -3          -1          -2
  -4.0261520856667383E-003   1.9262189745587626E-003          -2          -3          -1
  -9.2457089123849680E-003   2.5142517456940958E-003          -2          -1          -3
   4.0261450457486185E-003  -1.9262202969374872E-003          -2          -1           1
   6.6004888355153390E-003  -5.0670245478165541E-003          -2           1          -1
  -1.0727066158394000E-002   5.1321350608889140E-003          -1          -3          -2
  -9.2457090789569082E-003   2.5142515703731683E-003          -1          -2          -3
   4.0261445915083906E-003  -1.9262191877925750E-003          -1          -2           1
   5.0143629849947026E-003  -2.3990157462377192E-003          -1           1          -2
  -1.0727068173789120E-002   5.1321346548827843E-003          -1           1           2
  -6.6004920795318381E-003   5.0670236831595345E-003          -1           2           1
   6.6004890891352671E-003  -5.0670242897162734E-003           1          -2          -1
   5.0143632999798413E-003  -2.3990158757645585E-003           1          -1          -2
  -1.0727068214404363E-002   5.1321348340695036E-003           1          -1           2
  -2.7957744767300699E-003   1.3375792408874525E-003           1           2          -1
   9.2457119919211826E-003  -2.5142501704856343E-003           1           2           3
   5.0143660207217222E-003  -2.3990146115149035E-003           1           3           2
  -6.6004919510988256E-003   5.0670240359723187E-003           2          -1           1
  -2.7957746561667308E-003   1.3375792869305793E-003           2           1          -1
   9.2457122420756543E-003  -2.5142505363150427E-003           2           1           3
   2.7957755284603366E-003  -1.3375789562369684E-003           2           3           1
   5.0143661593912972E-003  -2.3990150579598839E-003           3           1           2
   2.7957755873483942E-003  -1.3375790849579868E-003           3           2           1
   9.5642860565190689E-003   8.1919503468096729E-003          -3          -3          -2
   7.9781843454540501E-003   5.3059612666753282E-003          -3          -2          -3
  -8.1259985117914310E-003  -8.8800663558906597E-003          -3          -1           0
  -4.6620498094461400E-003  -6.8924970935679182E-003          -3           0          -1
   7.9781842386122247E-003   5.3059611226765023E-003          -2          -3          -3
   4.6620470218521779E-003   6.8924967031124985E-003          -2           1           1
  -8.1259984780228389E-003  -8.8800651124640636E-003          -1          -3           0
   9.5642725766041416E-003   8.1919509371889358E-003          -1          -1           2
  -4.1101241519334022E-003  -2.8411248382632986E-003          -1           0          -3
   2.5509011795666783E-003   3.5871034370401050E-003          -1           2          -1
  -4.6620499392682939E-003  -6.8924969789956906E-003           0          -3          -1
  -4.1101242860156423E-003  -2.8411249697577585E-003           0          -1          -3
  -7.9781807341467378E-003  -5.3059615823739456E-003           0           1           3
  -2.5509028094822602E-003  -3.5871035171603041E-003           0           3           1
   4.6620466089553527E-003   6.8924965778004643E-003           1          -2           1
  -7.9781806304582495E-003  -5.3059615634826257E-003           1           0           3
   2.4081624339277394E-003   1.9386567605290679E-003           1           1          -2
  -1.8742548958527471E-003  -2.1940945978936714E-003           1           3           0
   2.5509015823286922E-003   3.5871036617205199E-003           2          -1          -1
   4.1101283943328782E-003   2.8411247264940398E-003           2           3           3
  -2.5509031271730414E-003  -3.5871036484167629E-003           3           0           1
  -1.8742550716135072E-003  -2.1940948015784999E-003           3           1           0
   4.1101282829673815E-003   2.8411248097009348E-003           3           2           3
   2.4081657458000930E-003   1.9386569635718592E-003           3           3           2
   1.1117196414859145E-002   1.9596775410812687E-003          -3          -3          -3
   1.3553980106692405E-003   7.2851333815210015E-003          -3          -3          -1
  -9.6369228867059838E-003  -3.3230167616557062E-003          -3          -2           0
  -6.8597935480704288E-004   4.2322521764248198E-003          -3          -1          -3
  -6.0952176918197916E-003  -9.8793489992719374E-004          -3           0          -2
   1.0325861187909398E-003  -7.7724800816711083E-003          -3           0           0
  -9.6369224983923352E-003  -3.3230169035357599E-003          -2          -3           0
  -1.3553980202526622E-003  -7.2851338411718432E-003          -2          -2           1
  -5.0201363685545668E-003  -1.0773215711195805E-003          -2           0          -3
   1.9970250882577140E-004  -3.5746419172688979E-003          -2           1          -2
  -6.8597913182884707E-004   4.2322519690055644E-003          -1          -3          -3
  -6.0952180992103634E-003  -9.8793470156234814E-004          -1           2           2
  -6.0952180040074145E-003  -9.8793514820704007E-004           0          -3          -2
   1.0325858238269486E-003  -7.7724794002244323E-003           0          -3           0
  -5.0201366211239575E-003  -1.0773217157260277E-003           0          -2          -3
  -5.1500012601406599E-004  -1.6689603636382989E-003           0           0          -3
  -1.1117190703430278E-002  -1.9596769556608404E-003           0           0           3
   6.8597823335822701E-004  -4.2322522944244368E-003           0           2           3
  -2.1387980723524239E-003  -8.9209009180031096E-004           0           3           0
   1.9970163906497996E-004  -3.5746418041811699E-003           0           3           2
   1.9970237981382710E-004  -3.5746422792189425E-003           1          -2          -2
   5.0201389664028115E-003   1.0773217599359054E-003           1           3           3
  -6.0952177288998710E-003  -9.8793439726530810E-004           2          -1           2
   6.8597818943251217E-004  -4.2322524322139015E-003           2           0           3
  -1.3725034667840790E-003  -6.1545093612179968E-004           2           2          -1
  -3.9003722934657415E-004  -1.0854912798081077E-003           2           3           0
  -2.1387981358905852E-003  -8.9209018212863954E-004           3           0           0
   1.9970163856344023E-004  -3.5746423654473575E-003           3           0           2
   5.0201387900315640E-003   1.0773213479113417E-003           3           1           3
  -3.9003727609473841E-004  -1.0854914882362072E-003           3           2           0
   1.3725047179144766E-003   6.1545105194279364E-004           3           3           1
   5.1500182030768686E-004   1.6689601162200626E-003           3           3           3
   3.9998704780241263E-003   3.8600747169347761E-003          -4          -2          -2
   3.9998704245227529E-003   3.8600744272127108E-003          -2          -4          -2
   3.2835984335092996E-003   1.7287484757603183E-003          -2          -2          -4
   3.9998675320230053E-003   3.8600749278929099E-003          -2           0           2
   1.2882954508804494E-003   2.6833603262198568E-003          -2           2           0
   3.9998671094914479E-003   3.8600744754655227E-003           0          -2           2
   9.8914019543005463E-004   9.5457146933555651E-004           0           2          -2
   1.2882956095609513E-003   2.6833603736005716E-003           2          -2           0
   9.8914027145910943E-004   9.5457157691916769E-004           2           0          -2
   3.2836007044182440E-003   1.7287484798085512E-003           2           2           4
   9.8914194185390500E-004   9.5457152475216997E-004           2           4           2
   9.8914196416545756E-004   9.5457155210354082E-004           4           2           2
   6.1821604563839722E-003   8.2732664421367077E-004          -4          -3          -2
   5.1034142821118050E-003   5.6354012649592416E-004          -4          -2          -3
  -9.3781802929862536E-004   4.2337272196494649E-003          -4          -2          -1
  -9.3964119747636497E-004   3.4547101889476199E-003          -4          -1          -2
   6.1821604796440119E-003   8.2732668212716419E-004          -3          -4          -2
   4.1776964430410395E-003   6.7713621132833618E-004          -3          -2          -4
   9.3781733127044594E-004  -4.2337274444688398E-003          -3          -1           1
   4.7017395808643977E-004  -2.9008105792195514E-003          -3           1          -1
   5.1034144677592000E-003   5.6354020827819381E-004          -2          -4          -3
  -9.3781785455227418E-004   4.2337264593797653E-003          -2          -4          -1
   4.1776965470996198E-003   6.7713637085213768E-004          -2          -3          -4
   2.4653046120244560E-004   9.6252040135864144E-004          -2          -1          -4
   6.1821552641299175E-003   8.2732623844767185E-004          -2          -1           2
  -9.3964050672175076E-004   3.4547105563812420E-003          -2           1           2
   1.2505023582323124E-003   4.8219268385141202E-004          -2           2          -1
  -4.7017384781011953E-004   2.9008106166733285E-003          -2           2           1
  -9.3964103768474265E-004   3.4547097309161742E-003          -1          -4          -2
   9.3781717828698898E-004  -4.2337268385401750E-003          -1          -3           1
   2.4653047937846792E-004   9.6252039827634725E-004          -1          -2          -4
   6.1821550513170070E-003   8.2732612275063211E-004          -1          -2           2
  -3.6473890966651776E-004  -7.0803078694513754E-004          -1           1          -3
  -5.1034122394063366E-003  -5.6353967492944973E-004          -1           1           3
   8.5804524575615446E-004   4.7201923527272400E-004          -1           2          -2
  -1.2505029984450256E-003  -4.8219266682654303E-004          -1           3           1
   4.7017392689982344E-004  -2.9008106089950122E-003           1          -3          -1
  -9.3964037526763906E-004   3.4547101892914308E-003           1          -2           2
  -3.6473895004744336E-004  -7.0803092088812434E-004           1          -1          -3
  -5.1034120808844206E-003  -5.6353942292984788E-004           1          -1           3
   3.8833967284375670E-004   2.7967737120516924E-004           1           2          -2
   4.1776966547394431E-003   6.7713592914317704E-004           1           2           4
  -2.5658770648150298E-004  -3.4271132252789349E-004           1           3          -1
   8.5804654788540046E-004   4.7201935009304994E-004           1           4           2
   1.2505025364859235E-003   4.8219280755303008E-004           2          -2          -1
  -4.7017376303475902E-004   2.9008106541968280E-003           2          -2           1
   8.5804544740428472E-004   4.7201929502702940E-004           2          -1          -2
   3.8833969049548151E-004   2.7967744332339344E-004           2           1          -2
   4.1776965169853866E-003   6.7713582187409920E-004           2           1           4
   2.4653226483677094E-004   9.6252036535480394E-004           2           3           4
   2.5658836299882401E-004   3.4271141333673939E-004           2           4           1
   3.6474003090291186E-004   7.0803066259612424E-004           2           4           3
  -1.2505029511531024E-003  -4.8219263615290639E-004           3          -1           1
  -2.5658773546780223E-004  -3.4271136069405659E-004           3           1          -1
   2.4653230939623172E-004   9.6252044230413128E-004           3           2           4
   3.8834027484988990E-004   2.7967727338084225E-004           3           4           2
   8.5804655253070500E-004   4.7201918698473039E-004           4           1           2
   2.5658835633905020E-004   3.4271135944938247E-004           4           2           1
   3.6474004579709312E-004   7.0803089826548718E-004           4           2           3
   3.8834029991247819E-004   2.7967742288079346E-004           4           3           2
   4.7971245032506042E-003  -1.3974054364734201E-003          -4          -3          -3
  -3.5533585785932241E-003   2.5977031436860065E-003          -4          -1          -1
   4.7971246306985193E-003  -1.3974052686835351E-003          -3          -4          -3
   3.6615477631206728E-003  -6.0305389179177117E-004          -3          -3          -4
  -4.5812713638659656E-003   2.1918118686529817E-003          -3          -3           0
  -1.6888237309068874E-003   8.0798133617516706E-004          -3           0          -3
   3.5533569965896946E-003  -2.5977033989617749E-003          -3           0           1
   2.0699287706694479E-003  -2.1390474058485599E-003          -3           1           0
  -3.5533585056297732E-003   2.5977029136574755E-003          -1          -4          -1
  -1.0031618970351077E-003   1.0986741272243560E-004          -1          -1          -4
  -4.7971206644323323E-003   1.3974065208878692E-003          -1           0           3
  -4.9040962199452406E-004   6.0469956009269715E-004          -1           3           0
  -1.6888238594422048E-003   8.0798121773801971E-004           0          -3          -3
   3.5533568910718306E-003  -2.5977033262307111E-003           0          -3           1
  -4.7971205289615007E-003   1.3974066036105399E-003           0          -1           3
   1.8551321504635713E-004  -1.9540303527827990E-005           0           1          -3
  -8.9613593973947905E-005   1.1208828553850927E-004           0           3          -1
   1.6888235652057742E-003  -8.0798142008277134E-004           0           3           3
   2.0699285539188513E-003  -2.1390473126426061E-003           1          -3           0
   1.8551332004730842E-004  -1.9540324086635721E-005           1           0          -3
   3.6615453839815197E-003  -6.0305468241587750E-004           1           1           4
   8.9613826734092356E-005  -1.1208823816747295E-004           1           4           1
  -4.9040965623043189E-004   6.0469968209488100E-004           3          -1           0
  -8.9613734059893949E-005   1.1208840123022044E-004           3           0          -1
   1.6888234400602269E-003  -8.0798157329621219E-004           3           0           3
  -2.3211400536856918E-004   1.1104989968931349E-004           3           3           0
  -1.0031619452612220E-003   1.0986739122838982E-004           3           3           4
  -1.8551367307729127E-004   1.9540136976100634E-005           3           4           3
   8.9613889933427715E-005  -1.1208843300314952E-004           4           1           1
  -1.8551369989754573E-004   1.9540206700577555E-005           4           3           3
   2.2301401801340733E-003   2.1521974659457401E-003          -4          -3          -1
   1.3471441710584287E-003   1.3000620094321181E-003          -4          -1          -3
   2.2301401803360502E-003   2.1521972957010442E-003          -3          -4          -1
  -2.2301392014140915E-003  -2.1521975093452342E-003          -3          -2           1
   1.3408450587850190E-003   7.7203592129582665E-004          -3          -1          -4
  -6.1766523276266731E-004  -1.1180264828796031E-003          -3           1          -2
  -2.2301390671905052E-003  -2.1521973157608899E-003          -2          -3           1
  -6.3554377719424431E-004  -6.1333262870879853E-004          -2           1          -3
   1.3471442839481974E-003   1.3000620991883388E-003          -1          -4          -3
   1.3408452405571356E-003   7.7203594236019250E-004          -1          -3          -4
  -1.3471446595725268E-003  -1.3000619988677788E-003          -1           2           3
  -6.1766590633475767E-004  -1.1180264570130893E-003          -1           3           2
  -6.1766543925903278E-004  -1.1180264987515245E-003           1          -3          -2
  -6.3554391005131287E-004  -6.1333272788842029E-004           1          -2          -3
   1.3408465415139605E-003   7.7203586487131683E-004           1           3           4
   6.3554502653818349E-004   6.1333260278432990E-004           1           4           3
  -1.3471444470668423E-003  -1.3000619277039379E-003           2          -1           3
  -3.5375748170894879E-005  -3.4139912943238300E-005           2           3          -1
  -6.1766595946250715E-004  -1.1180263614605551E-003           3          -1           2
   1.3408464873835005E-003   7.7203582838673412E-004           3           1           4
  -3.5375747854769613E-005  -3.4139929863648868E-005           3           2          -1
   3.5376180058788254E-005   3.4139940015857566E-005           3           4           1
   6.3554502099788697E-004   6.1333263944563985E-004           4           1           3
   3.5376179361125000E-005   3.4139945553379809E-005           4           3           1
   1.0158080286759069E-003  -1.4208410207780119E-003          -4          -4          -3
   5.3794092221117493E-004  -8.3537017683989146E-004          -4          -3          -4
  -2.3110815094515187E-003   1.7083780084826947E-004          -4          -1           0
  -1.3387905116969902E-003   6.2510804940055307E-005          -4           0          -1
   5.3794086301235070E-004  -8.3537010274290901E-004          -3          -4          -4
   1.3387900992411067E-003  -6.2510848083175853E-005          -3           1           1
  -2.3110811194744126E-003   1.7083764422238853E-004          -1          -4           0
  -1.0158064461077197E-003   1.4208417914387565E-003          -1          -1           3
  -3.8729774912257418E-004  -1.6729196380749138E-004          -1           0          -4
   1.0122468845936414E-004   3.0415774467642967E-004          -1           3          -1
  -1.3387904665584614E-003   6.2510645494295408E-005           0          -4          -1
  -3.8729773335551888E-004  -1.6729198375994305E-004           0          -1          -4
   5.3793921806401474E-004  -8.3537084132711311E-004           0           1           4
  -1.0122489446309408E-004  -3.0415774385324050E-004           0           4           1
   1.3387898797909926E-003  -6.2510867302488491E-005           1          -3           1
   5.3793922009116694E-004  -8.3537078523550606E-004           1           0           4
  -9.3675724216261288E-005   9.4824046959016833E-005           1           1          -3
  -1.6296208785376989E-004   2.7958474017465273E-005           1           4           0
   1.0122472586510803E-004   3.0415793467943964E-004           3          -1          -1
  -3.8729884525411849E-004  -1.6729201215937652E-004           3           4           4
  -1.0122488681912912E-004  -3.0415797917229316E-004           4           0           1
  -1.6296209622121999E-004   2.7958333746962215E-005           4           1           0
  -3.8729879833513851E-004  -1.6729193841147203E-004           4           3           4
   9.3674753605670622E-005  -9.4824156443399290E-005           4           4           3
   2.8972359595004281E-003  -1.0787384788270404E-003          -4          -4          -2
   1.5160611578565694E-003  -3.0897803578394542E-004          -4          -2          -4
  -2.4713447415877165E-003   1.4897443223079181E-003          -4          -2           0
  -9.3919299894391559E-004   8.6568511206859392E-004          -4           0          -2
   1.5160612061127577E-003  -3.0897800079782942E-004          -2          -4          -4
  -2.4713447075805266E-003   1.4897442147078852E-003          -2          -4           0
   2.8972327578814711E-003  -1.0787391097372828E-003          -2          -2           2
  -1.8227805175770082E-004  -5.2252719187469974E-005          -2           0          -4
  -1.0949042413531876E-005  -1.3422135877158315E-004          -2           2          -2
  -9.3919248556678040E-004   8.6568534328998773E-004          -2           2           2
  -9.3919304878687282E-004   8.6568508133233262E-004           0          -4          -2
  -1.8227813220482024E-004  -5.2252705120491605E-005           0          -2          -4
   1.5160598328660170E-003  -3.0897842339854101E-004           0           2           4
  -1.0948826764986787E-005  -1.3422129149979917E-004           0           4           2
  -1.0949030747241404E-005  -1.3422127192060118E-004           2          -2          -2
  -9.3919244994651043E-004   8.6568540542115112E-004           2          -2           2
   1.5160597638721623E-003  -3.0897857643158173E-004           2           0           4
   3.7223649915269711E-004  -1.7737793976090879E-004           2           2          -2
  -3.7125202402120579E-004   1.7832802664005578E-004           2           4           0
  -1.8227816977685774E-004  -5.2252782105532573E-005           2           4           4
  -1.0948921780171484E-005  -1.3422137124656955E-004           4           0           2
  -3.7125194983384673E-004   1.7832796394098009E-004           4           2           0
  -1.8227817089608501E-004  -5.2252666475531868E-005           4           2           4
   3.7223626014382496E-004  -1.7737801576399849E-004           4           4           2
  -9.1709926981441787E-004  -4.2111012361069572E-004          -4          -4          -4
  -2.7429612506503595E-004  -7.2864594907826074E-004          -4           0           0
  -2.7429614306522345E-004  -7.2864578552534810E-004           0          -4           0
  -1.0738434591333311E-004   1.1357290964831369E-004           0           0          -4
  -9.1709911462546883E-004  -4.2111027289475750E-004           0           0           4
   1.9356140356528107E-004  -3.0408564002763554E-005           0           4           0
   1.9356132428260386E-004  -3.0408531206021029E-005           4           0           0
  -1.0738524875158770E-004   1.1357290726311396E-004           4           4           4
   5.6971138698757098E-004  -5.5657162610025829E-004          -5          -3          -3
   9.6321323337748648E-004  -1.7682302749201235E-004          -5          -2          -2
   1.4966382057089124E-003  -1.5041017076437282E-004          -4          -4          -1
  -7.1294167729610974E-004   9.0671666497405001E-004          -4          -3           0
   4.3071402254791727E-004   6.9811750586144873E-005          -4          -1          -4
  -4.8474519477266566E-005   2.9906908267813653E-004          -4           0          -3
   5.6971134020654835E-004  -5.5657143428366692E-004          -3          -5          -3
  -7.1294165296348073E-004   9.0671656068239614E-004          -3          -4           0
  -1.6401832526248174E-005   1.0119658501430127E-004          -3          -3          -5
  -1.4966370232624827E-003   1.5041033282240014E-004          -3          -3           1
   1.2084085294010924E-004  -2.8991030939805033E-005          -3           0          -4
   9.6321218551389035E-004  -1.7682321028056108E-004          -3           0           2
   8.0906069159373379E-005  -6.7530734145847195E-005          -3           1          -3
  -1.4574094935422902E-004  -2.3622251070212396E-005          -3           2           0
   9.6321324885584802E-004  -1.7682302073526620E-004          -2          -5          -2
   3.0203440432299378E-004   7.9415761039055408E-005          -2          -2          -5
  -5.6971041085950307E-004   5.5657210248184394E-004          -2           0           3
   8.2124875691964412E-006   2.1998884757785042E-004          -2           3           0
   4.3071413776013436E-004   6.9811813427153135E-005          -1          -4          -4
   4.8474053032461557E-005  -2.9906919395108393E-004          -1           3           3
  -4.8474425911173317E-005   2.9906908723147758E-004           0          -4          -3
   1.2084094326990908E-004  -2.8991008434930137E-005           0          -3          -4
   9.6321205280212006E-004  -1.7682328925570700E-004           0          -3           2
  -5.6971033892008283E-004   5.5657191202264312E-004           0          -2           3
  -3.4679111546830516E-004   1.0302844061927076E-005           0           2          -3
   1.3118409755639220E-004  -2.1837399246586403E-004           0           3          -2
   4.3071411233399113E-004   6.9811682235218270E-005           0           3           4
  -8.0905667548772077E-005   6.7530704644946124E-005           0           4           3
   8.0905943561638353E-005  -6.7530780880723878E-005           1          -3          -3
   1.2084143254892645E-004  -2.8990976295588642E-005           1           4           4
  -1.4574099476450449E-004  -2.3622163424260607E-005           2          -3           0
  -3.4679108951176952E-004   1.0302851253719638E-005           2           0          -3
   1.6402719592949711E-005  -1.0119640219083393E-004           2           2           5
   1.3118423568049816E-004  -2.1837402573833507E-004           2           5           2
   8.2125573569741877E-006   2.1998881073722208E-004           3          -2           0
   4.8473959588727497E-005  -2.9906923591706692E-004           3          -1           3
   1.3118409975329990E-004  -2.1837394178663414E-004           3           0          -2
   4.3071406165597092E-004   6.9811512119903992E-005           3           0           4
  -1.1498051754718302E-004   2.9812730258240594E-004           3           3          -1
  -3.0203495848318075E-004  -7.9415666129493116E-005           3           3           5
  -4.5182990319275865E-004  -2.6949102828942856E-005           3           4           0
   3.4679057140083808E-004  -1.0302929770836864E-005           3           5           3
  -8.0905717755997119E-005   6.7530561516032821E-005           4           0           3
   1.2084146657422452E-004  -2.8990901642405742E-005           4           1           4
  -4.5182990634008946E-004  -2.6949090688479305E-005           4           3           0
   1.1498055956496607E-004  -2.9812731687348359E-004           4           4           1
   1.3118424973361111E-004  -2.1837393054764440E-004           5           2           2
   3.4679059613803372E-004  -1.0302892235590045E-005           5           3           3
   1.2400201685502628E-003  -5.9326101464683343E-004          -5          -3          -2
   7.9673970204189671E-004  -3.8118284879663127E-004          -5          -2          -3
   1.2400202000826031E-003  -5.9326091194079303E-004          -3          -5          -2
   2.0727493167274207E-004   1.7409108567671829E-004          -3          -2          -5
   1.2400185604499740E-003  -5.9326141376673202E-004          -3          -1           2
  -1.7133413533415245E-004  -1.9128597363209435E-004          -3           2          -1
   7.9673969494474246E-004  -3.8118274870188617E-004          -2          -5          -3
   2.0727494237366182E-004   1.7409106957402931E-004          -2          -3          -5
  -7.9673852198375392E-004   3.8118314805210329E-004          -2           1           3
   1.7133411491845638E-004   1.9128597051717180E-004          -2           3           1
   1.2400184702769513E-003  -5.9326134125496231E-004          -1          -3           2
  -3.3671557562391595E-004   1.6109431490226166E-004          -1           2          -3
  -7.9673844229636497E-004   3.8118314847779993E-004           1          -2           3
   3.8645496895675034E-004  -1.8489099096593889E-004           1           3          -2
  -1.7133413612755263E-004  -1.9128598055442574E-004           2          -3          -1
  -3.3671551373818146E-004   1.6109429608813513E-004           2          -1          -3
  -2.0727454732084343E-004  -1.7409098121816540E-004           2           3           5
   3.3671537230911623E-004  -1.6109437801026732E-004           2           5           3
   1.7133413124629479E-004   1.9128607137420105E-004           3          -2           1
   3.8645490380498305E-004  -1.8489098580891817E-004           3           1          -2
  -2.0727455326286501E-004  -1.7409091752112186E-004           3           2           5
   3.8645477813334985E-004  -1.8489104196463304E-004           3           5           2
   3.3671536462721608E-004  -1.6109428451718265E-004           5           2           3
   3.8645477927927034E-004  -1.8489100348948395E-004           5           3           2
  -1.6984378717056696E-004  -7.7137742142874746E-005          -5          -4          -3
  -1.8945103337281893E-004  -7.9984998874663144E-006          -5          -3          -4
   4.9620655069069629E-005   1.3465602443709127E-004          -5          -2          -1
  -5.2784692623117160E-005   1.2389114502999197E-004          -5          -1          -2
  -1.6984380228654382E-004  -7.7137671352167262E-005          -4          -5          -3
  -2.5165261543911660E-004   9.9706402599622853E-005          -4          -3          -5
  -4.9620501344278066E-005  -1.3465601785715578E-004          -4          -1           1
   2.2298370156038029E-004  -1.2737361477318333E-004          -4           1          -1
  -1.8945105211071880E-004  -7.9984472586529180E-006          -3          -5          -4
  -2.5165266148027761E-004   9.9706438747418927E-005          -3          -4          -5
  -5.2784781996105363E-005   1.2389113095585396E-004          -3           1           2
  -2.2298367672980677E-004   1.2737357780627983E-004          -3           2           1
   4.9620624479469494E-005   1.3465585820050390E-004          -2          -5          -1
   3.8539277690683238E-005  -1.9501501580589128E-004          -2          -1          -5
   1.6984336408875226E-004   7.7137892575514615E-005          -2          -1           3
  -2.8319381011501635E-004  -4.1088420468618362E-005          -2           3          -1
  -5.2784735008564559E-005   1.2389114940300621E-004          -1          -5          -2
  -4.9620389001131948E-005  -1.3465585067211019E-004          -1          -4           1
   3.8539313967869415E-005  -1.9501501508874548E-004          -1          -2          -5
   1.6984329099526131E-004   7.7137808138922864E-005          -1          -2           3
   1.2388010648589466E-004   2.0115644439716400E-004          -1           1          -4
  -1.8945097962732167E-004  -7.9985514366787567E-006          -1           1           4
  -2.3694876611556596E-004  -1.4706103949955004E-004          -1           3          -2
   2.8319370266812523E-004   4.1088389590041465E-005          -1           4           1
   2.2298360510618372E-004  -1.2737350889745330E-004           1          -4          -1
  -5.2784968145470810E-005   1.2389111905617743E-004           1          -3           2
   1.2388011840227587E-004   2.0115642863024758E-004           1          -1          -4
  -1.8945089546722156E-004  -7.9984775067568969E-006           1          -1           4
   0.0000000000000000        0.0000000000000000                1           2          -3
   2.5165294943976693E-004  -9.9706346947558896E-005           1           2           5
   0.0000000000000000        0.0000000000000000                1           4          -1
  -2.3694855481706597E-004  -1.4706103308966890E-004           1           5           2
  -2.2298364307217169E-004   1.2737349823636589E-004           2          -3           1
   0.0000000000000000        0.0000000000000000                2           1          -3
   2.5165295805545273E-004  -9.9706376443002039E-005           2           1           5
   0.0000000000000000        0.0000000000000000                2           5           1
  -2.8319377698127158E-004  -4.1088378362126186E-005           3          -2          -1
  -2.3694872545379172E-004  -1.4706103080327059E-004           3          -1          -2
  -3.8539791178611549E-005   1.9501503934734690E-004           3           4           5
   1.2387967141233797E-004   2.0115646004191602E-004           3           5           4
   2.8319367838051951E-004   4.1088416272591237E-005           4          -1           1
   0.0000000000000000        0.0000000000000000                4           1          -1
  -3.8539769757417663E-005   1.9501503887275811E-004           4           3           5
   0.0000000000000000        0.0000000000000000                4           5           3
  -2.3694853730527697E-004  -1.4706107025054367E-004           5           1           2
   0.0000000000000000        0.0000000000000000                5           2           1
   1.2387971075717653E-004   2.0115645711237188E-004           5           3           4
   0.0000000000000000        0.0000000000000000                5           4           3
  -4.2031255330199786E-004   3.6391530481747259E-005          -5          -4          -4
   4.5679984144386107E-004  -1.4269409395668834E-004          -5          -4          -2
   3.5170368748487879E-004  -2.4411727548384813E-004          -5          -3          -1
   1.0549739304061100E-004   6.5676771911350621E-005          -5          -2          -4
  -5.5432780567263231E-005  -8.9628883034301336E-005          -5          -1          -3
  -1.9211655987411735E-004   2.5661215843812040E-004          -5          -1          -1
  -4.2031260450072053E-004   3.6391497961105826E-005          -4          -5          -4
   4.5679985197342673E-004  -1.4269403824640072E-004          -4          -5          -2
  -3.1165657024265117E-004  -2.0053674643558987E-005          -4          -4          -5
  -3.8119291597882293E-005   2.3518437635558777E-004          -4          -2          -5
  -3.5170309596697859E-004   2.4411740105120881E-004          -4          -2           1
   1.9211639097068154E-004  -2.5661216747993354E-004          -4           0           1
   3.3870827260370064E-004   5.4899073843652768E-005          -4           1          -2
   7.7279692244759443E-005  -2.0613192955355126E-004          -4           1           0
   3.5170354820318616E-004  -2.4411723619709213E-004          -3          -5          -1
   4.5679928385091833E-004  -1.4269431849957327E-004          -3          -2           2
  -1.3566528407795220E-004  -3.4543290511625081E-006          -3          -1          -5
  -4.0948839592098592E-005   8.7951458145613961E-005          -3           2          -2
   1.0549735287982639E-004   6.5676836818950450E-005          -2          -5          -4
  -3.8119333378827039E-005   2.3518439026198155E-004          -2          -4          -5
  -3.5170291926679790E-004   2.4411732222271389E-004          -2          -4           1
   4.5679928260372951E-004  -1.4269426035079888E-004          -2          -3           2
   3.2960579740468884E-004   1.6366158022510257E-005          -2           1          -4
  -8.8439624231502099E-005   2.1637098301463930E-004          -2           2          -3
   5.5432970786654074E-005   8.9628959263981809E-005          -2           2           3
   3.3870819661900532E-004   5.4899086356403593E-005          -2           3           2
  -5.5432672939933738E-005  -8.9628873542022249E-005          -1          -5          -3
  -1.9211655287689557E-004   2.5661193282634391E-004          -1          -5          -1
  -1.3566525394154006E-004  -3.4542923313481385E-006          -1          -3          -5
   1.4714080697277794E-004  -3.0554695610933745E-004          -1          -1          -5
  -4.2031155006176175E-004   3.6391680909689016E-005          -1           0           4
   1.0549691660325489E-004   6.5676579550081888E-005          -1           2           4
   4.7295177546709092E-004   8.8767891622530906E-006          -1           4           0
  -4.0948908611743070E-005   8.7951426237462696E-005          -1           4           2
   1.9211639622447954E-004  -2.5661200677242239E-004           0          -4           1
  -4.2031154126356704E-004   3.6391690245327242E-005           0          -1           4
   0.0000000000000000        0.0000000000000000                0           1          -4
   0.0000000000000000        0.0000000000000000                0           4          -1
   3.3870826325406596E-004   5.4898949881038953E-005           1          -4          -2
   7.7279807421398136E-005  -2.0613192131004209E-004           1          -4           0
   3.2960573601778888E-004   1.6366149925614470E-005           1          -2          -4
   0.0000000000000000        0.0000000000000000                1           0          -4
   3.1165609915680386E-004   2.0053450394921841E-005           1           1           5
   3.8119712965787793E-005  -2.3518430421165488E-004           1           3           5
   0.0000000000000000        0.0000000000000000                1           5           1
   8.8439760709923708E-005  -2.1637096631491740E-004           1           5           3
  -4.0948873351439895E-005   8.7951408505835982E-005           2          -3          -2
  -8.8439636134977198E-005   2.1637094068334956E-004           2          -2          -3
   5.5433015101470472E-005   8.9629086760804194E-005           2          -2           3
   1.0549687460707132E-004   6.5676639341565339E-005           2          -1           4
   0.0000000000000000        0.0000000000000000                2           3          -2
   0.0000000000000000        0.0000000000000000                2           4          -1
   1.3566497781676779E-004   3.4543023280524365E-006           2           4           5
   3.2960541975379131E-004   1.6366125508078108E-005           2           5           4
   3.3870831029202169E-004   5.4899068221105127E-005           3          -2           2
   3.8119715720236392E-005  -2.3518431373105510E-004           3           1           5
   0.0000000000000000        0.0000000000000000                3           2          -2
   0.0000000000000000        0.0000000000000000                3           5           1
   4.7295174807733726E-004   8.8768281642960392E-006           4          -1           0
  -4.0948939285439278E-005   8.7951409178820274E-005           4          -1           2
   0.0000000000000000        0.0000000000000000                4           0          -1
   0.0000000000000000        0.0000000000000000                4           2          -1
   1.3566503809211858E-004   3.4543617443589358E-006           4           2           5
  -1.4714097321387074E-004   3.0554698856294718E-004           4           4           5
   0.0000000000000000        0.0000000000000000                4           5           2
   0.0000000000000000        0.0000000000000000                4           5           4
   0.0000000000000000        0.0000000000000000                5           1           1
   8.8439746536796761E-005  -2.1637093315638161E-004           5           1           3
   3.2960547777875630E-004   1.6366201514076102E-005           5           2           4
   0.0000000000000000        0.0000000000000000                5           3           1
   0.0000000000000000        0.0000000000000000                5           4           2
   0.0000000000000000        0.0000000000000000                5           4           4
  -1.8515319427517062E-004  -1.7868203871584107E-004          -4          -4           0
  -1.7726963692647499E-004  -1.7107401871156337E-004          -4           0          -4
  -1.7726959169617123E-004  -1.7107394259627018E-004           0          -4          -4
  -1.7726948309358122E-004  -1.7107398209611452E-004           0           4           4
  -1.7726951089379236E-004  -1.7107399669124675E-004           4           0           4
   0.0000000000000000        0.0000000000000000                4           4           0
   5.8926873372114387E-005   1.1955845778268505E-004          -5          -5          -3
   1.2981046407302020E-004   3.9574914718813787E-005          -5          -3          -5
  -1.4578775148916834E-004  -7.8001615168066160E-005          -5          -2           0
  -1.1071355775231168E-005  -9.6383050336376589E-005          -5           0          -2
   1.2981041733871738E-004   3.9574861853755746E-005          -3          -5          -5
  -1.1071312069101198E-005  -9.6383020620453426E-005          -3           2           2
  -1.4578775656791452E-004  -7.8001740682145297E-005          -2          -5           0
  -5.8927797661702701E-005  -1.1955855259689700E-004          -2          -2           3
   0.0000000000000000        0.0000000000000000               -2           0          -5
   0.0000000000000000        0.0000000000000000               -2           3          -2
  -1.1071362874117869E-005  -9.6383084552535453E-005           0          -5          -2
   0.0000000000000000        0.0000000000000000                0          -2          -5
  -1.2981070151676241E-004  -3.9574934827105663E-005           0           2           5
   0.0000000000000000        0.0000000000000000                0           5           2
  -1.1071288485591386E-005  -9.6383038656412491E-005           2          -3           2
  -1.2981072566101403E-004  -3.9574981202772668E-005           2           0           5
   0.0000000000000000        0.0000000000000000                2           2          -3
   0.0000000000000000        0.0000000000000000                2           5           0
   0.0000000000000000        0.0000000000000000                3          -2          -2
   0.0000000000000000        0.0000000000000000                5           0           2
   0.0000000000000000        0.0000000000000000                5           2           0
  -6.6013254339372689E-005  -1.4167797979447002E-004          -5          -5          -4
   2.5032507678498321E-005  -1.9720432455702788E-004          -5          -4          -5
   4.4348751613414041E-005  -2.1217851992622541E-005          -5          -4          -1
  -2.2223074793137001E-004   1.0632155721159464E-004          -5          -1          -4
   1.7404649461251137E-004   8.9991733005048680E-005          -5          -1           0
   2.8167352479911955E-004   5.0467314970830115E-005          -5           0          -1
   2.5032496819370271E-005  -1.9720434766691851E-004          -4          -5          -5
   4.4348741463524005E-005  -2.1217846943230192E-005          -4          -5          -1
  -4.4348373034746413E-005   2.1217927405565524E-005          -4          -3           1
   0.0000000000000000        0.0000000000000000               -4          -1          -5
   0.0000000000000000        0.0000000000000000               -4           1          -3
  -2.8167363879806986E-004  -5.0467340848465273E-005          -4           1           1
  -4.4348332909867645E-005   2.1217915493725815E-005          -3          -4           1
   0.0000000000000000        0.0000000000000000               -3           1          -4
  -2.2223073942491140E-004   1.0632160154401362E-004          -1          -5          -4
   1.7404642594017361E-004   8.9991736486282197E-005          -1          -5           0
   0.0000000000000000        0.0000000000000000               -1          -4          -5
  -6.6012391123075148E-005  -1.4167772104412067E-004          -1          -1           4
   0.0000000000000000        0.0000000000000000               -1           0          -5
  -2.2223084885912502E-004   1.0632151752658317E-004          -1           3           4
   0.0000000000000000        0.0000000000000000               -1           4          -1
   0.0000000000000000        0.0000000000000000               -1           4           3
   2.8167351292898664E-004   5.0467297700958865E-005           0          -5          -1
   0.0000000000000000        0.0000000000000000                0          -1          -5
  -2.5032998789387893E-005   1.9720421511004830E-004           0           1           5
   0.0000000000000000        0.0000000000000000                0           5           1
   0.0000000000000000        0.0000000000000000                1          -4          -3
  -2.8167364775966738E-004  -5.0467307095233496E-005           1          -4           1
   0.0000000000000000        0.0000000000000000                1          -3          -4
  -2.5033016440326303E-005   1.9720417213241672E-004           1           0           5
   0.0000000000000000        0.0000000000000000                1           1          -4
   0.0000000000000000        0.0000000000000000                1           4           5
   0.0000000000000000        0.0000000000000000                1           5           0
   0.0000000000000000        0.0000000000000000                1           5           4
  -2.2223089048153090E-004   1.0632150315988976E-004           3          -1           4
   0.0000000000000000        0.0000000000000000                3           4          -1
   0.0000000000000000        0.0000000000000000                4          -1          -1
   0.0000000000000000        0.0000000000000000                4          -1           3
   0.0000000000000000        0.0000000000000000                4           1           5
   0.0000000000000000        0.0000000000000000                4           3          -1
   0.0000000000000000        0.0000000000000000                4           5           1
   0.0000000000000000        0.0000000000000000                5           0           1
   0.0000000000000000        0.0000000000000000                5           1           0
   0.0000000000000000        0.0000000000000000                5           1           4
   0.0000000000000000        0.0000000000000000                5           4           1
   2.6859181103112788E-004   2.5920467268780435E-004          -6          -3          -3
   2.9715062275349822E-004   2.8587466831527257E-004          -5          -5          -2
  -2.9591662507758568E-004  -2.8646504848145563E-004          -5          -3           0
   0.0000000000000000        0.0000000000000000               -5          -2          -5
   0.0000000000000000        0.0000000000000000               -5           0          -3
   2.6859183454452142E-004   2.5920472180442712E-004          -3          -6          -3
  -2.9591665484168735E-004  -2.8646510085182859E-004          -3          -5           0
   0.0000000000000000        0.0000000000000000               -3          -3          -6
   2.9715084689299251E-004   2.8587461222993665E-004          -3          -3           2
   0.0000000000000000        0.0000000000000000               -3           0          -5
  -2.6859197753682394E-004  -2.5920465793139981E-004          -3           0           3
   0.0000000000000000        0.0000000000000000               -3           2          -3
   0.0000000000000000        0.0000000000000000               -3           3           0
   0.0000000000000000        0.0000000000000000               -2          -5          -5
   0.0000000000000000        0.0000000000000000               -2           3           3
   0.0000000000000000        0.0000000000000000                0          -5          -3
   0.0000000000000000        0.0000000000000000                0          -3          -5
  -2.6859205354504368E-004  -2.5920469940280354E-004           0          -3           3
   0.0000000000000000        0.0000000000000000                0           3          -3
   0.0000000000000000        0.0000000000000000                0           3           5
   0.0000000000000000        0.0000000000000000                0           5           3
   0.0000000000000000        0.0000000000000000                2          -3          -3
   0.0000000000000000        0.0000000000000000                3          -3           0
   0.0000000000000000        0.0000000000000000                3          -2           3
   0.0000000000000000        0.0000000000000000                3           0          -3
   0.0000000000000000        0.0000000000000000                3           0           5
   0.0000000000000000        0.0000000000000000                3           3          -2
   0.0000000000000000        0.0000000000000000                3           5           0
   0.0000000000000000        0.0000000000000000                5           0           3
   0.0000000000000000        0.0000000000000000                5           3           0
   3.2578155096605037E-004   1.1931584953033724E-004          -6          -4          -3
   3.1790018575307522E-004   8.8583890292230456E-005          -6          -3          -4
   5.5490425713317882E-005   2.4863082611764549E-004          -6          -3          -2
   1.5567014999058807E-005   2.3322873015343479E-004          -6          -2          -3
  -4.3094986996323448E-005  -3.3638113508538316E-004          -5          -5          -5
   4.5154185422627502E-004   1.4096842088502073E-004          -5           0           0
   3.2578152681081684E-004   1.1931582458452450E-004          -4          -6          -3
   0.0000000000000000        0.0000000000000000               -4          -3          -6
   5.5490312052050811E-005   2.4863076819222750E-004          -4          -1           2
   0.0000000000000000        0.0000000000000000               -4           2          -1
   3.1790010881830455E-004   8.8583867931613233E-005          -3          -6          -4
   5.5490452786869439E-005   2.4863089613155569E-004          -3          -6          -2
   0.0000000000000000        0.0000000000000000               -3          -4          -6
   0.0000000000000000        0.0000000000000000               -3          -2          -6
  -3.2578201836666647E-004  -1.1931590573841421E-004          -3          -1           3
  -1.5566943482827563E-005  -2.3322865093631511E-004          -3           1           3
   0.0000000000000000        0.0000000000000000               -3           3          -1
   0.0000000000000000        0.0000000000000000               -3           3           1
   1.5567046350250994E-005   2.3322879876600409E-004          -2          -6          -3
   0.0000000000000000        0.0000000000000000               -2          -3          -6
   3.1790043831965805E-004   8.8583928644308819E-005          -2           1           4
   0.0000000000000000        0.0000000000000000               -2           4           1
   5.5490340606536288E-005   2.4863084181226942E-004          -1          -4           2
  -3.2578204805274651E-004  -1.1931587966889061E-004          -1          -3           3
   0.0000000000000000        0.0000000000000000               -1           2          -4
   0.0000000000000000        0.0000000000000000               -1           3          -3
   4.5154188472059758E-004   1.4096841345028415E-004           0          -5           0
   0.0000000000000000        0.0000000000000000                0           0          -5
   4.3094833371189167E-005   3.3638101709762200E-004           0           0           5
   0.0000000000000000        0.0000000000000000                0           5           0
  -1.5566943539831135E-005  -2.3322870040498473E-004           1          -3           3
   3.1790046085427339E-004   8.8583980864731412E-005           1          -2           4
   0.0000000000000000        0.0000000000000000                1           3          -3
   0.0000000000000000        0.0000000000000000                1           4          -2
   0.0000000000000000        0.0000000000000000                2          -4          -1
   0.0000000000000000        0.0000000000000000                2          -1          -4
   0.0000000000000000        0.0000000000000000                3          -3          -1
   0.0000000000000000        0.0000000000000000                3          -3           1
   0.0000000000000000        0.0000000000000000                3          -1          -3
   0.0000000000000000        0.0000000000000000                3           1          -3
   0.0000000000000000        0.0000000000000000                4          -2           1
   0.0000000000000000        0.0000000000000000                4           1          -2
   0.0000000000000000        0.0000000000000000                5           0           0
   1.8107648370252970E-004  -1.5172803288165685E-004          -6          -4          -4
  -2.7126944984705320E-004   6.4687230977412041E-005          -6          -2          -2
   1.8107645447082500E-004  -1.5172809676857886E-004          -4          -6          -4
   0.0000000000000000        0.0000000000000000               -4          -4          -6
  -2.7126966036815852E-004   6.4687192466699912E-005          -4           0           2
   0.0000000000000000        0.0000000000000000               -4           2           0
  -2.7126942218952106E-004   6.4687268842902353E-005          -2          -6          -2
   0.0000000000000000        0.0000000000000000               -2          -2          -6
   1.8107688118156531E-004  -1.5172793490021331E-004          -2           0           4
   0.0000000000000000        0.0000000000000000               -2           4           0
  -2.7126968439811867E-004   6.4687217932968722E-005           0          -4           2
   1.8107689406906150E-004  -1.5172793940715457E-004           0          -2           4
   0.0000000000000000        0.0000000000000000                0           2          -4
   0.0000000000000000        0.0000000000000000                0           4          -2
   0.0000000000000000        0.0000000000000000                2          -4           0
   0.0000000000000000        0.0000000000000000                2           0          -4
   0.0000000000000000        0.0000000000000000                4          -2           0
   0.0000000000000000        0.0000000000000000                4           0          -2
   3.0826806499654878E-004   2.9749419328821229E-004          -6          -4          -2
   0.0000000000000000        0.0000000000000000               -6          -2          -4
   3.0826806282655147E-004   2.9749421746886901E-004          -4          -6          -2
   0.0000000000000000        0.0000000000000000               -4          -2          -6
   3.0826820442196048E-004   2.9749418024404320E-004          -4          -2           2
   0.0000000000000000        0.0000000000000000               -4           2          -2
   0.0000000000000000        0.0000000000000000               -2          -6          -4
   0.0000000000000000        0.0000000000000000               -2          -4          -6
   3.0826822139568867E-004   2.9749420596436127E-004          -2          -4           2
   0.0000000000000000        0.0000000000000000               -2           2          -4
   0.0000000000000000        0.0000000000000000                2          -4          -2
   0.0000000000000000        0.0000000000000000                2          -2          -4
   1.4924741278839772E-005   3.1918283705312185E-004          -5          -5          -1
  -4.3720988276056162E-004  -1.1714967515708206E-004          -5          -4           0
   0.0000000000000000        0.0000000000000000               -5          -1          -5
   0.0000000000000000        0.0000000000000000               -5           0          -4
  -4.3720990575457625E-004  -1.1714965086145958E-004          -4          -5           0
  -1.4924695916042378E-005  -3.1918281706422785E-004          -4          -4           1
   0.0000000000000000        0.0000000000000000               -4           0          -5
   0.0000000000000000        0.0000000000000000               -4           1          -4
   0.0000000000000000        0.0000000000000000               -1          -5          -5
   0.0000000000000000        0.0000000000000000                0          -5          -4
   0.0000000000000000        0.0000000000000000                0          -4          -5
   0.0000000000000000        0.0000000000000000                1          -4          -4
