         718          24          24          24
   4.2617385155610207E-010   5.4251110585698563E-009           0           0           0
 -0.55233575087153441        6.1447557946285036E-003          -1          -1          -1
  0.16905307285539961       -1.8812130352874462E-003          -1           0           0
  0.36451312048469259       -4.0565235094983526E-003           0          -1           0
   1.8769240117426499E-002  -2.0886538826239438E-004           0           0          -1
  -1.8769252903515009E-002   2.0883697954737941E-004           0           0           1
 -0.36451314728419093        4.0552502460773493E-003           0           1           0
 -0.16905306552158508        1.8806606106223818E-003           1           0           0
  0.55233572334285330       -6.1466036252750822E-003           1           1           1
  -2.2274059015700599E-007  -3.4866306519152251E-007          -1          -1           0
  -2.5084045312749147E-009  -1.0584189281558286E-007          -1           0          -1
   1.0666695014613279E-007  -2.3329589015128548E-007           0          -1          -1
  -7.6821428704076934E-008  -2.2593322215904589E-007           0           1           1
  -3.3731513234754289E-009  -1.1223174089695075E-007           1           0           1
   2.1237526172163587E-007  -3.5027373706826120E-007           1           1           0
  -8.4638494047025212E-002   9.4161025931165793E-004          -2          -1          -1
 -0.10757127007635099        1.1968577312269600E-003          -1          -2          -1
  -6.7006156715725504E-002   7.4539182379144801E-004          -1          -1          -2
   1.7632382768777117E-002  -1.9623605913883209E-004          -1           0           1
  -2.2932771731687888E-002   2.5499698710520699E-004          -1           1           0
   4.0565161483116299E-002  -4.5148918849203645E-004           0          -1           1
  -4.0565168043827322E-002   4.5124112193966563E-004           0           1          -1
   2.2932764079850752E-002  -2.5536096338466072E-004           1          -1           0
  -1.7632385086691876E-002   1.9613500386806435E-004           1           0          -1
   6.7006149850212193E-002  -7.4571945798561183E-004           1           1           2
  0.10757126335341764       -1.1969835463272981E-003           1           2           1
   8.4638488730072195E-002  -9.4187284632429348E-004           2           1           1
  -1.3178108945612608E-002   1.4660346572575433E-004          -2          -2          -1
  -1.0720614080481647E-003   1.1873792267358651E-005          -2          -1          -2
  -1.6997894045179381E-002   1.8909933552053873E-004          -2          -1           0
  -4.8917633902318281E-003   5.4438296032260306E-005          -2           0          -1
  -7.9160376969711153E-003   8.8047001854306590E-005          -1          -2          -2
  -1.5049971742603209E-002   1.6745252370256375E-004          -1          -2           0
   1.8869671102962192E-002  -2.1000429187103707E-004          -1          -1           1
  -6.3894751763283689E-003   7.1082167421832564E-005          -1           0          -2
   1.0209224127053261E-002  -1.1365796510584146E-004          -1           1          -1
  -1.5105276883314103E-002   1.6801803610968060E-004          -1           1           1
  -9.7877821201634921E-003   1.0892203759865163E-004           0          -2          -1
  -1.3233425476179783E-002   1.4721455698612227E-004           0          -1          -2
   1.3233427561720327E-002  -1.4727229037291316E-004           0           1           2
   9.7877849919703816E-003  -1.0889436239753061E-004           0           2           1
   1.5105277398358874E-002  -1.6812369568138495E-004           1          -1          -1
  -1.0209228732307844E-002   1.1352551927627233E-004           1          -1           1
   6.3894752003029612E-003  -7.1097654445101627E-005           1           0           2
  -1.8869674521366685E-002   2.0991369986696337E-004           1           1          -1
   1.5049971149632661E-002  -1.6746354045569329E-004           1           2           0
   7.9160311397717866E-003  -8.8117326531015087E-005           1           2           2
   4.8917630222859183E-003  -5.4422102603573466E-005           2           0           1
   1.6997894044643760E-002  -1.8916546297182433E-004           2           1           0
   1.0720604675443718E-003  -1.1978423519232162E-005           2           1           2
   1.3178106697033688E-002  -1.4665607456106153E-004           2           2           1
   4.7243287183229309E-002  -5.2563040448309027E-004          -2          -2          -2
   1.4459738323224497E-002  -1.6089199322249755E-004          -2           0           0
   3.1178155414582256E-002  -3.4693718401738148E-004           0          -2           0
   1.6054157640548576E-003  -1.7865422106553858E-005           0           0          -2
  -1.6054138388206115E-003   1.7870167768220177E-005           0           0           2
  -3.1178157760180077E-002   3.4688788009919029E-004           0           2           0
  -1.4459740278387527E-002   1.6086999341116464E-004           2           0           0
  -4.7243286436501365E-002   5.2569554404090224E-004           2           2           2
  -6.9647167386360362E-003   7.7489999207143922E-005          -2          -2           0
  -2.4516732852668745E-003   2.7282529192256585E-005          -2           0          -2
  -5.0030408157717716E-003   5.5667845167309206E-005           0          -2          -2
   5.0030404837250438E-003  -5.5668095314871592E-005           0           2           2
   2.4516748799631042E-003  -2.7273950915183639E-005           2           0           2
   6.9647168541476043E-003  -7.7500541176741536E-005           2           2           0
   1.5725770071966350E-002  -1.7494376056499715E-004          -3          -2          -2
  -1.5453331623115360E-003   1.7183857158019030E-005          -3          -1          -1
   1.4449817335996625E-002  -1.6075194524592298E-004          -2          -3          -2
   1.6706810993736887E-002  -1.8585491509528866E-004          -2          -2          -3
   5.2734752756384033E-003  -5.8685393948456482E-005          -2           0           1
   7.5304748812655376E-003  -8.3812075377100127E-005          -2           1           0
  -7.5008880396721820E-003   8.3467612315506721E-005          -1          -3          -1
   3.0337127718484467E-003  -3.3770462993039005E-005          -1          -1          -3
  -1.6754598257649079E-003   1.8638590431897567E-005          -1           0           2
  -1.2210077481790883E-002   1.3582437085670959E-004          -1           2           0
   1.1229026076087143E-002  -1.2497076200884976E-004           0          -2           1
  -2.9514088482253181E-003   3.2828470314507979E-005           0          -1           2
   2.9514084115756030E-003  -3.2853462712451259E-005           0           1          -2
  -1.1229028096540240E-002   1.2491737222576822E-004           0           2          -1
   1.2210074554349208E-002  -1.3589106699638453E-004           1          -2           0
   1.6754595855779657E-003  -1.8647260868963908E-005           1           0          -2
  -3.0337141152823981E-003   3.3736949292771049E-005           1           1           3
   7.5008887341160672E-003  -8.3454487335469455E-005           1           3           1
  -7.5304776577922979E-003   8.3761674835180914E-005           2          -1           0
  -5.2734769603869731E-003   5.8664191004616901E-005           2           0          -1
  -1.6706808105957562E-002   1.8592670872779422E-004           2           2           3
  -1.4449815107627637E-002   1.6080632522983730E-004           2           3           2
   1.5453346156692038E-003  -1.7199836485825453E-005           3           1           1
  -1.5725768590124402E-002   1.7501098516257236E-004           3           2           2
   6.4146188523948435E-003  -7.1374128709156747E-005          -3          -2          -1
   6.4146049380742372E-003  -7.1375909775077363E-005          -3          -1          -2
   3.1434013491869997E-003  -3.4974583911607875E-005          -2          -3          -1
   8.9297492938069795E-003  -9.9358609450900031E-005          -2          -1          -3
   3.1433889889674509E-003  -3.4977028847436322E-005          -2          -1           1
   8.9297681335968569E-003  -9.9358140655471340E-005          -2           1          -1
   3.1433818768958448E-003  -3.4974293951926610E-005          -1          -3          -2
   8.9297445286817771E-003  -9.9356856539869294E-005          -1          -2          -3
   6.4146044454739008E-003  -7.1376513197669205E-005          -1          -2           1
   6.4146159020160099E-003  -7.1375407054171660E-005          -1           1          -2
  -3.1434041680839389E-003   3.4973676998613411E-005          -1           1           2
  -8.9297734935427139E-003   9.9355825736465288E-005          -1           2           1
   8.9297737156991842E-003  -9.9358569672214911E-005           1          -2          -1
   3.1434052508460251E-003  -3.4976045671211535E-005           1          -1          -2
  -6.4146157468829750E-003   7.1373804067294093E-005           1          -1           2
  -6.4146047121909884E-003   7.1372240169918560E-005           1           2          -1
  -8.9297450987457089E-003   9.9358164737441048E-005           1           2           3
  -3.1433818804983017E-003   3.4976384552005946E-005           1           3           2
  -8.9297686158798257E-003   9.9355951530319354E-005           2          -1           1
  -3.1433889545206205E-003   3.4972060100559163E-005           2           1          -1
  -8.9297486518994731E-003   9.9356723133329789E-005           2           1           3
  -3.1434011547330442E-003   3.4976921591427235E-005           2           3           1
  -6.4146036073597134E-003   7.1374900630329563E-005           3           1           2
  -6.4146190301212413E-003   7.1376943500317536E-005           3           2           1
   1.4236314802508251E-003  -1.5812467695899672E-005          -3          -3          -2
   1.6756671448159056E-003  -1.8613269406887213E-005          -3          -2          -3
  -1.6582781815002490E-004   1.8451367223926848E-006          -3          -1           0
  -4.1785917438935352E-004   4.6579404258481497E-006          -3           0          -1
   1.5331854315664233E-003  -1.7030276233247828E-005          -2          -3          -3
   8.3417084562909839E-004  -9.2984386313330286E-006          -2           1           1
  -8.0726212983997048E-004   8.9963698758036166E-006          -1          -3           0
  -4.5054012219940704E-004   5.0051404629857085E-006          -1          -1           2
   7.5319013317880112E-005  -8.3911434018155735E-007          -1           0          -3
  -1.3331246570455388E-003   1.4805668766160890E-005          -1           2          -1
  -9.1681032514106500E-004   1.0218587334080503E-005           0          -3          -1
   2.1780100377243364E-004  -2.4294048128672619E-006           0          -1          -3
  -2.1780206507934877E-004   2.4181459274616931E-006           0           1           3
   9.1681135289194658E-004  -1.0183901640173582E-005           0           3           1
   1.3331223648650168E-003  -1.4862199336439642E-005           1          -2           1
  -7.5319831250800575E-005   8.3729422490896527E-007           1           0           3
   4.5054015440122529E-004  -5.0208179278121256E-006           1           1          -2
   8.0726290920049831E-004  -8.9696249798315608E-006           1           3           0
  -8.3417292192276837E-004   9.2662381256046998E-006           2          -1          -1
  -1.5331830152101153E-003   1.7087387817428447E-005           2           3           3
   4.1786123261477781E-004  -4.6413852648003937E-006           3           0           1
   1.6582920412966647E-004  -1.8458161609091843E-006           3           1           0
  -1.6756655086044836E-003   1.8675145900216720E-005           3           2           3
  -1.4236297275923612E-003   1.5868334723360402E-005           3           3           2
  -6.4093367572854000E-003   7.1336939959797249E-005          -3          -3          -3
   1.3176437083228633E-003  -1.4655915849358511E-005          -3          -3          -1
   1.2136109158142490E-003  -1.3507944165434669E-005          -3          -2           0
   2.8274833396400413E-003  -3.1453766251588464E-005          -3          -1          -3
  -2.9624070119065678E-004   3.2979077414559352E-006          -3           0          -2
   1.9617063230891085E-003  -2.1819922018865136E-005          -3           0           0
  -7.7232948384198006E-005   8.5919802711514387E-007          -2          -3           0
   2.4540079533383334E-003  -2.7300827257738345E-005          -2          -2           1
   6.9625250680720066E-004  -7.7468369649626986E-006          -2           0          -3
   3.2275071761325852E-003  -3.5902075931450780E-005          -2           1          -2
   1.9739169112815728E-003  -2.1956550087457686E-005          -1          -3          -3
  -2.7902290327070554E-003   3.1052330359769976E-005          -1           2           2
  -7.3352321684368605E-004   8.1636895650993532E-006           0          -3          -2
   4.2298370727269115E-003  -4.7049422934389296E-005           0          -3           0
   1.5498137754580976E-003  -1.7248166153950714E-005           0          -2          -3
   2.1780271883053311E-004  -2.4233638543973498E-006           0           0          -3
  -2.1780239912666411E-004   2.4249211215469801E-006           0           0           3
  -1.5498142737919512E-003   1.7240737246351605E-005           0           2           3
  -4.2298367800300916E-003   4.7078275799479594E-005           0           3           0
   7.3352356995089792E-004  -8.1585148628936645E-006           0           3           2
   2.7902299683645513E-003  -3.1039520370807925E-005           1          -2          -2
  -1.9739163259808621E-003   2.1968962467996500E-005           1           3           3
  -3.2275061620901904E-003   3.5920776340754102E-005           2          -1           2
  -6.9625193096195699E-004   7.7462926519929204E-006           2           0           3
  -2.4540072682636784E-003   2.7308919189899194E-005           2           2          -1
   7.7232758265383393E-005  -8.6029597893674524E-007           2           3           0
  -1.9617054652359502E-003   2.1831030306654310E-005           3           0           0
   2.9624229346938324E-004  -3.2930788573005355E-006           3           0           2
  -2.8274828262714112E-003   3.1467228446028562E-005           3           1           3
  -1.2136112595621878E-003   1.3499959900381905E-005           3           2           0
  -1.3176437371281238E-003   1.4667521522032293E-005           3           3           1
   6.4093379543494816E-003  -7.1293439189178348E-005           3           3           3
  -6.6990658488591905E-004   7.4643492322219935E-006          -4          -2          -2
  -8.5141732240652382E-004   9.4796532803622963E-006          -2          -4          -2
  -5.3034535677768540E-004   5.9148005029791278E-006          -2          -2          -4
  -1.3955853712546674E-004   1.5486407240375632E-006          -2           0           2
   1.8151057253862921E-004  -2.0349909398938835E-006          -2           2           0
  -3.2106924019577267E-004   3.5622199584525656E-006           0          -2           2
   3.2106899202705630E-004  -3.5819954546826446E-006           0           2          -2
  -1.8151204730552800E-004   2.0049219718368849E-006           2          -2           0
   1.3955802406298483E-004  -1.5559457975506779E-006           2           0          -2
   5.3034679635819706E-004  -5.8883216833990974E-006           2           2           4
   8.5141773038209447E-004  -9.4678075333140446E-006           2           4           2
   6.6990619628653375E-004  -7.4431736598672648E-006           4           2           2
  -3.1796969585237644E-003   3.5389859100228927E-005          -4          -3          -2
  -3.0176027728934657E-003   3.3585560163771960E-005          -4          -2          -3
   7.7555485829318275E-005  -8.6178313212021532E-007          -4          -2          -1
   2.3964491554356426E-004  -2.6663344740886552E-006          -4          -1          -2
  -2.7016425509291449E-003   3.0069287555065506E-005          -3          -4          -2
  -3.3851635227042680E-003   3.7675672994696681E-005          -3          -2          -4
   1.3192473853053629E-003  -1.4676171789036047E-005          -3          -1           1
   2.0027757249670838E-003  -2.2277167848997414E-005          -3           1          -1
  -2.6311830979712913E-003   2.9284850870045238E-005          -2          -4          -3
  -1.1054685766216932E-003   1.2298194612325546E-005          -2          -4          -1
  -3.4767983228209932E-003   3.8695527064498106E-005          -2          -3          -4
   1.1492392152202724E-003  -1.2783372086810029E-005          -2          -1          -4
   2.7692268333942679E-004  -3.0826123471959483E-006          -2          -1           2
  -8.8941273925546057E-004   9.8922833198031984E-006          -2           1           2
   2.5316350695169416E-003  -2.8177840438108049E-005          -2           2          -1
  -1.7350306001352727E-003   1.9297897647375581E-005          -2           2           1
  -1.0350156442133036E-003   1.1513998698269804E-005          -1          -4          -2
   2.5022709000626104E-003  -2.7835553541718518E-005          -1          -3           1
   1.0576028919757447E-003  -1.1763093590109216E-005          -1          -2          -4
   7.5497660299847090E-004  -8.4035967328173282E-006          -1          -2           2
   1.0931799121827392E-003  -1.2160857927479918E-005          -1           1          -3
  -7.0676201146688733E-004   7.8651745404398202E-006          -1           1           3
   2.1640711801536772E-003  -2.4086969325022578E-005          -1           2          -2
  -2.7993816145080981E-003   3.1156030486651518E-005          -1           3           1
   2.7993820611532036E-003  -3.1139249384654435E-005           1          -3          -1
  -2.1640714573342135E-003   2.4070876425653410E-005           1          -2           2
   7.0676251585628509E-004  -7.8633564016863505E-006           1          -1          -3
  -1.0931796823707872E-003   1.2167093169587111E-005           1          -1           3
  -7.5497664865126018E-004   8.3980270013663493E-006           1           2          -2
  -1.0576025770975244E-003   1.1770890034881358E-005           1           2           4
  -2.5022707368936394E-003   2.7848425174127373E-005           1           3          -1
   1.0350157381775536E-003  -1.1518676795110671E-005           1           4           2
   1.7350301241378296E-003  -1.9310269373932262E-005           2          -2          -1
  -2.5316356226229336E-003   2.8158824932749793E-005           2          -2           1
   8.8941255427064025E-004  -9.8984158176058988E-006           2          -1          -2
  -2.7692279428417253E-004   3.0801169815685540E-006           2           1          -2
  -1.1492387556247773E-003   1.2789822826703639E-005           2           1           4
   3.4767991510932781E-003  -3.8675367537113758E-005           2           3           4
   1.1054687791816498E-003  -1.2302031558953644E-005           2           4           1
   2.6311835073743904E-003  -2.9268722414375978E-005           2           4           3
  -2.0027748585529962E-003   2.2289472392208565E-005           3          -1           1
  -1.3192469378099016E-003   1.4679973773358551E-005           3           1          -1
   3.3851639603766988E-003  -3.7655756562580858E-005           3           2           4
   2.7016427536848396E-003  -3.0052108061437378E-005           3           4           2
  -2.3964537567769975E-004   2.6682500615434143E-006           4           1           2
  -7.7555817593901136E-005   8.6593363489750285E-007           4           2           1
   3.0176026315981547E-003  -3.3567207986109101E-005           4           2           3
   3.1796971647020797E-003  -3.5370261405740107E-005           4           3           2
  -4.4935091249381871E-003   5.0001227965405163E-005          -4          -3          -3
   5.1153486887787794E-006  -5.9672451128757241E-008          -4          -1          -1
  -3.9545057270037667E-003   4.4003882232983098E-005          -3          -4          -3
  -4.9079308610310811E-003   5.4611222257965161E-005          -3          -3          -4
   3.3720358944341550E-009  -2.9932581490688472E-009          -3          -3           0
  -2.2006544520295249E-009  -8.3996936432974828E-010          -3           0          -3
   1.5697695371801618E-003  -1.7465176590940909E-005          -3           0           1
   2.5231981853211824E-003  -2.8073942959453129E-005          -3           1           0
  -1.7500158377146181E-003   1.9469181197575485E-005          -1          -4          -1
   1.3545844647044685E-003  -1.5072859664210783E-005          -1          -1          -4
  -6.3472184693693214E-004   7.0624837514326506E-006          -1           0           3
  -3.7393267071854164E-003   4.1607255925785050E-005          -1           3           0
  -4.3234683777832875E-009  -1.8976554897494480E-009           0          -3          -3
   3.3248995825863378E-003  -3.6993799969982540E-005           0          -3           1
  -1.1737241733952876E-003   1.3059835638943727E-005           0          -1           3
   1.1737243322345341E-003  -1.3060569226886018E-005           0           1          -3
  -3.3249001141645368E-003   3.6997286979044029E-005           0           3          -1
   3.8211720788071780E-009  -1.3718491680085836E-009           0           3           3
   3.7393259483732258E-003  -4.1604525702203005E-005           1          -3           0
   6.3472211111153891E-004  -7.0624784945436510E-006           1           0          -3
  -1.3545846158373727E-003   1.5070351551508068E-005           1           1           4
   1.7500165425060562E-003  -1.9474238630254022E-005           1           4           1
  -2.5231985677511000E-003   2.8073627977418588E-005           3          -1           0
  -1.5697698366597707E-003   1.7466127714974770E-005           3           0          -1
   2.2890927219576843E-009  -6.1509880535574394E-010           3           0           3
  -3.6924994625553300E-009  -2.0413590283322232E-009           3           3           0
   4.9079306614762865E-003  -5.4606282267869247E-005           3           3           4
   3.9545056402995066E-003  -4.3997896254151020E-005           3           4           3
  -5.1149565370664704E-006   5.6650179724736856E-008           4           1           1
   4.4935090627814473E-003  -4.9995747403137262E-005           4           3           3
  -1.2627645298684323E-003   1.4054829162703610E-005          -4          -3          -1
  -5.6148315546515452E-004   6.2505472502292526E-006          -4          -1          -3
  -1.3116758461818431E-003   1.4597430588934906E-005          -3          -4          -1
   1.1198529552483801E-003  -1.2459381198955550E-005          -3          -2           1
  -5.2387595073644447E-004   5.8335761056063049E-006          -3          -1          -4
   3.3205418170215238E-004  -3.6888602089165922E-006          -3           1          -2
   1.1687642178295761E-003  -1.3001746544174874E-005          -2          -3           1
   2.9444739249041282E-004  -3.2722820944111833E-006          -2           1          -3
  -1.0068511391957467E-003   1.1205436631019994E-005          -1          -4          -3
  -9.2033260569388713E-004   1.0245834875137537E-005          -1          -3          -4
  -7.3981545033834431E-004   8.2335754308058835E-006          -1           2           3
  -8.2633343955586594E-004   9.1996729871948258E-006          -1           3           2
   8.2633372972194862E-004  -9.1900309910600178E-006           1          -3          -2
   7.3981557163267089E-004  -8.2310286871729540E-006           1          -2          -3
   9.2033329438635379E-004  -1.0235795317508180E-005           1           3           4
   1.0068514854976200E-003  -1.1201311353329962E-005           1           4           3
  -2.9444704866877841E-004   3.2807011115890624E-006           2          -1           3
  -1.1687643943159337E-003   1.3006789810073493E-005           2           3          -1
  -3.3205327209726232E-004   3.7004765507717870E-006           3          -1           2
   5.2387626170467719E-004  -5.8251748730218310E-006           3           1           4
  -1.1198530297102918E-003   1.2460618215703591E-005           3           2          -1
   1.3116762308094687E-003  -1.4591756600724288E-005           3           4           1
   5.6148273020421716E-004  -6.2445879853280188E-006           4           1           3
   1.2627648096844950E-003  -1.4045749851328564E-005           4           3           1
  -1.3575648391365152E-003   1.5100872677434074E-005          -4          -4          -3
  -1.7973950890340928E-003   1.9993705147468949E-005          -4          -3          -4
   5.5507270431703482E-005  -6.1817182650522671E-007          -4          -1           0
  -3.8432420300438328E-004   4.2772743404389699E-006          -4           0          -1
  -1.5487443932000722E-003   1.7227359759801135E-005          -3          -4          -4
   1.1108435266334027E-003  -1.2363052974846667E-005          -3           1           1
  -6.6510689383257160E-004   7.4023044370462998E-006          -1          -4           0
  -7.4796266291467174E-004   8.3209072309784133E-006          -1          -1           3
   1.6973567584210587E-004  -1.8886421055386644E-006          -1           0          -4
  -1.5828077652213985E-003   1.7606926590627394E-005          -1           3          -1
  -8.5628827969800399E-004   9.5299757928483887E-006           0          -4          -1
   4.1838574627978787E-004  -4.6563895176577838E-006           0          -1          -4
  -4.1838573346417049E-004   4.6538114183486065E-006           0           1           4
   8.5628904563884057E-004  -9.5250502121228180E-006           0           4           1
   1.5828069775387481E-003  -1.7616173574933644E-005           1          -3           1
  -1.6973556656313369E-004   1.8878726016212777E-006           1           0           4
   7.4796241224017854E-004  -8.3242721732676580E-006           1           1          -3
   6.6510749485103034E-004  -7.3991624727008220E-006           1           4           0
  -1.1108443243164523E-003   1.2357172207191219E-005           3          -1          -1
   1.5487437325945829E-003  -1.7236577027177839E-005           3           4           4
   3.8432510789872628E-004  -4.2748150648642410E-006           4           0           1
  -5.5506739929078241E-005   6.1725592840275253E-007           4           1           0
   1.7973944946677056E-003  -2.0003684967932138E-005           4           3           4
   1.3575644504110261E-003  -1.5109425988437606E-005           4           4           3
  -1.6534520722635325E-003   1.8400042020661107E-005          -4          -4          -2
  -2.1227720510420297E-003   2.3620669866233576E-005          -4          -2          -4
  -3.4710229206462790E-006   3.6851484710690923E-008          -4          -2           0
  -4.7279588962244475E-004   5.2595191150234808E-006          -4           0          -2
  -1.8574480603523987E-003   2.0668859230207112E-005          -2          -4          -4
  -8.4489895333014699E-004   9.3992326981847459E-006          -2          -4           0
   8.0507568615861163E-004  -8.9568498037535305E-006          -2          -2           2
   1.7415499777855849E-004  -1.9379524016942548E-006          -2           0          -4
   1.8241345510374494E-003  -2.0297111119441189E-005          -2           2          -2
  -1.2480300460533103E-003   1.3886636363697369E-005          -2           2           2
  -1.0489017148437088E-003   1.1669063967182204E-005           0          -4          -2
   4.3947723695598025E-004  -4.8907890918152076E-006           0          -2          -4
  -4.3947756888987208E-004   4.8891872811234708E-006           0           2           4
   1.0489018651758920E-003  -1.1671798006861048E-005           0           4           2
   1.2480304236627755E-003  -1.3885707673432055E-005           2          -2          -2
  -1.8241342470618164E-003   2.0295985769495960E-005           2          -2           2
  -1.7415496288239593E-004   1.9371519190546968E-006           2           0           4
  -8.0507546342213306E-004   8.9587438794972709E-006           2           2          -2
   8.4489897773565520E-004  -9.4028556936883671E-006           2           4           0
   1.8574480402871955E-003  -2.0665543216422425E-005           2           4           4
   4.7279610570573420E-004  -5.2605771911928042E-006           4           0           2
   3.4708323573431608E-006  -3.9373872911528767E-008           4           2           0
   2.1227717930448848E-003  -2.3617856403921494E-005           4           2           4
   1.6534521147620696E-003  -1.8395773371420116E-005           4           4           2
   4.8901734839545984E-004  -5.4486381504456464E-006          -4          -4          -4
   1.4967354458242241E-004  -1.6629994953885149E-006          -4           0           0
   3.2272754845956713E-004  -3.5860414459532191E-006           0          -4           0
   1.6617313534740563E-005  -1.8517664062061798E-007           0           0          -4
  -1.6617620878006079E-005   1.8532057055309179E-007           0           0           4
  -3.2272708327427363E-004   3.5952001001365085E-006           0           4           0
  -1.4967263973597245E-004   1.6664565022766783E-006           4           0           0
  -4.8901789757099660E-004   5.4350302419198943E-006           4           4           4
  -6.9807890917717829E-004   7.7652017346937330E-006          -5          -3          -3
  -6.3796478991761491E-004   7.1008073002561822E-006          -5          -2          -2
  -8.1544372277262181E-004   9.0756092019128912E-006          -4          -4          -1
  -4.2151720876763946E-004   4.6896624637768504E-006          -4          -3           0
  -6.5488952831845970E-004   7.2884354112611523E-006          -4          -1          -4
  -2.6096595933421926E-004   2.9029062634359663E-006          -4           0          -3
  -3.6555607867194700E-004   4.0658669329412156E-006          -3          -5          -3
  -6.2240429421493509E-004   6.9243747155401487E-006          -3          -4           0
  -9.5374574342073967E-004   1.0608822566806963E-005          -3          -3          -5
   2.2848195898120824E-004  -2.5424343871797742E-006          -3          -3           1
  -1.0650938688848382E-004   1.1851940616874685E-006          -3           0          -4
   3.3361628870290605E-004  -3.7130425639206937E-006          -3           0           2
  -2.8741547855619083E-004   3.1995454269916857E-006          -3           1          -3
   9.2180701965140135E-004  -1.0259666826591406E-005          -3           2           0
  -2.8915439991958672E-004   3.2187614142001179E-006          -2          -5          -2
  -9.0615396289491683E-004   1.0085228283082415E-005          -2          -2          -5
  -3.2109306464911456E-004   3.5718490003135370E-006          -2           0           3
  -9.3809481841307613E-004   1.0434617814442972E-005          -2           3           0
  -7.4565464917170001E-004   8.2989837399101234E-006          -1          -4          -4
  -4.2369210635387340E-006   4.8056750135567873E-008          -1           3           3
  -5.5261928806746145E-004   6.1479179534434762E-006           0          -4          -3
  -1.9727562385988713E-004   2.1955081183758340E-006           0          -3          -4
   6.8242627175823655E-004  -7.5953835282650524E-006           0          -3           2
  -6.5361549991685441E-004   7.2706796536472893E-006           0          -2           3
   6.5361549455879319E-004  -7.2745872216548589E-006           0           2          -3
  -6.8242663503268396E-004   7.5916360010237262E-006           0           3          -2
   1.9727556063857103E-004  -2.1952409793361648E-006           0           3           4
   5.5261927545908335E-004  -6.1500478870123491E-006           0           4           3
   4.2368362078149808E-006  -4.7144554805249646E-008           1          -3          -3
   7.4565487707630503E-004  -8.2951122534768193E-006           1           4           4
   9.3809441981625391E-004  -1.0440632378527136E-005           2          -3           0
   3.2109304151907794E-004  -3.5732205121999318E-006           2           0          -3
   9.0615422474412278E-004  -1.0079760535652762E-005           2           2           5
   2.8915414052641783E-004  -3.2161316672619977E-006           2           5           2
  -9.2180741837588685E-004   1.0253530560010014E-005           3          -2           0
   2.8741571186231206E-004  -3.1960546217868108E-006           3          -1           3
  -3.3361676415793096E-004   3.7115095153391391E-006           3           0          -2
   1.0650937802928029E-004  -1.1856679023677472E-006           3           0           4
  -2.2848229130072899E-004   2.5417707835196263E-006           3           3          -1
   9.5374541839250530E-004  -1.0614235584211011E-005           3           3           5
   6.2240429818217612E-004  -6.9259620104392377E-006           3           4           0
   3.6555581502233759E-004  -4.0687238531413966E-006           3           5           3
   2.6096574824796103E-004  -2.9043844656127254E-006           4           0           3
   6.5488934745210373E-004  -7.2853925454416363E-006           4           1           4
   4.2151715284049709E-004  -4.6898681260871254E-006           4           3           0
   8.1544406965667064E-004  -9.0710182179939080E-006           4           4           1
   6.3796446199878144E-004  -7.0964566468365833E-006           5           2           2
   6.9807884230000316E-004  -7.7695876806580026E-006           5           3           3
  -8.4797795027614670E-004   9.4367291388450681E-006          -5          -3          -2
  -8.4797713846589660E-004   9.4363518571424982E-006          -5          -2          -3
  -4.1554052157547410E-004   4.6250540121629239E-006          -3          -5          -2
  -1.1804653366254564E-003   1.3135103092479054E-005          -3          -2          -5
   4.1553892115132153E-004  -4.6231256459305627E-006          -3          -1           2
   1.1804665737425234E-003  -1.3134575740942619E-005          -3           2          -1
  -4.1553938460701484E-004   4.6248935874377298E-006          -2          -5          -3
  -1.1804650615325927E-003   1.3135307930121047E-005          -2          -3          -5
  -4.1553974927098047E-004   4.6236529148895120E-006          -2           1           3
  -1.1804668289925680E-003   1.3134810261885242E-005          -2           3           1
   8.4797603627854491E-004  -9.4347193808062585E-006          -1          -3           2
   8.4797678626823288E-004  -9.4358405756197366E-006          -1           2          -3
  -8.4797672198624885E-004   9.4350039386184679E-006           1          -2           3
  -8.4797594586707580E-004   9.4361390691495160E-006           1           3          -2
   1.1804668019788367E-003  -1.3133854632419817E-005           2          -3          -1
   4.1553994959883276E-004  -4.6234818539992194E-006           2          -1          -3
   1.1804650342796923E-003  -1.3133678638624596E-005           2           3           5
   4.1553919098857183E-004  -4.6226836021093107E-006           2           5           3
  -1.1804664945528009E-003   1.3134026984892795E-005           3          -2           1
  -4.1553881375740333E-004   4.6238684522645693E-006           3           1          -2
   1.1804651592573049E-003  -1.3133645091127242E-005           3           2           5
   4.1554042380297909E-004  -4.6225202575226612E-006           3           5           2
   8.4797697310026743E-004  -9.4346935549550896E-006           5           2           3
   8.4797800069573524E-004  -9.4346391214595639E-006           5           3           2
   2.7611158449709574E-004  -3.0758161746337440E-006          -5          -4          -3
   1.6640640297313402E-004  -1.8552975264032660E-006          -5          -3          -4
  -2.5062340172471480E-004   2.7893175693019946E-006          -5          -2          -1
  -1.4091844634439804E-004   1.5681735454992664E-006          -5          -1          -2
   2.9509973521918610E-004  -3.2867895346671324E-006          -4          -5          -3
   1.5180661517513061E-004  -1.6932323177906785E-006          -4          -3          -5
   1.9514279290656184E-004  -2.1705328302005627E-006          -4          -1           1
   5.1850238454400241E-005  -5.7454021977884643E-007          -4           1          -1
   2.4741432027950707E-004  -2.7563747194322467E-006          -3          -5          -4
   2.1382638925617837E-004  -2.3833396316299901E-006          -3          -4          -5
   9.5774565636750893E-005  -1.0674546919448064E-006          -3           1           2
   1.2936219230539039E-004  -1.4422777030451272E-006          -3           2           1
  -2.8260998651396537E-004   3.1440119813229593E-006          -2          -5          -1
  -1.1632457032631420E-004   1.2959578631433291E-006          -2          -1          -5
  -1.8265259504748202E-004   2.0313253779509296E-006          -2          -1           3
  -1.6367858581559901E-005   1.7861422643369147E-007          -2           3          -1
  -2.3492479890678775E-004   2.6132863270822529E-006          -1          -5          -2
   2.2712936132204380E-004  -2.5249979303241420E-006          -1          -4           1
  -1.7834433807618533E-004   1.9863783903264617E-006          -1          -2          -5
  -2.0164070515569499E-004   2.2420770269004388E-006          -1          -2           3
   2.7256660798018417E-005  -3.0264908716195455E-007          -1           1          -4
  -1.0826468047074841E-004   1.2049921837171104E-006          -1           1           4
  -1.7684233526291749E-006   1.6892228122290669E-008          -1           3          -2
  -1.6484461706631399E-004   1.8371447443136718E-006          -1           4           1
   1.6484485047535966E-004  -1.8313338020761865E-006           1          -4          -1
   1.7681810158537420E-006  -2.2961981757198619E-008           1          -3           2
   1.0826466187150698E-004  -1.2049327249072356E-006           1          -1          -4
  -2.7256755000687042E-005   3.0444402118573010E-007           1          -1           4
   2.0164084195850373E-004  -2.2446724387109902E-006           1           2          -3
   1.7834459980399893E-004  -1.9830808916898625E-006           1           2           5
  -2.2712920234672617E-004   2.5289613642910514E-006           1           4          -1
   2.3492463264634779E-004  -2.6147225197942981E-006           1           5           2
   1.6367509938126814E-005  -1.8590140294291876E-007           2          -3           1
   1.8265264837291520E-004  -2.0328388449686492E-006           2           1          -3
   1.1632482178913959E-004  -1.2932673106910207E-006           2           1           5
   2.8260981619028725E-004  -3.1447996379294961E-006           2           5           1
  -1.2936262510583691E-004   1.4373279196165467E-006           3          -2          -1
  -9.5774974274125604E-005   1.0648101748240879E-006           3          -1          -2
  -2.1382681916444829E-004   2.3759941124160334E-006           3           4           5
  -2.4741457105543910E-004   2.7503190202354257E-006           3           5           4
  -5.1849662368645241E-005   5.7884364218803707E-007           4          -1           1
  -1.9514246276824892E-004   2.1713302559486769E-006           4           1          -1
  -1.5180699207810293E-004   1.6858778839528915E-006           4           3           5
  -2.9509996531631760E-004   3.2807468556505349E-006           4           5           3
   1.4091789659574525E-004  -1.5673786186570940E-006           5           1           2
   2.5062304740989117E-004  -2.7873441370256650E-006           5           2           1
  -1.6640649538763518E-004   1.8485025295172766E-006           5           3           4
  -2.7611174574726928E-004   3.0690687454356481E-006           5           4           3
   9.0090993152440772E-004  -1.0027095706696140E-005          -5          -4          -4
  -2.2824757418706652E-004   2.5387727751704690E-006          -5          -4          -2
  -3.7231403718411061E-004   4.1439423889341455E-006          -5          -3          -1
  -3.9763744148448341E-004   4.4232791772687676E-006          -5          -2          -4
  -2.0292294848645289E-004   2.2585799774002573E-006          -5          -1          -3
  -1.4418628154713587E-004   1.6038493392500892E-006          -5          -1          -1
   8.4954351070521306E-004  -9.4554875896343143E-006          -4          -5          -4
  -1.2642726042891785E-004   1.4060324289480595E-006          -4          -5          -2
   9.4040363301715359E-004  -1.0466590524338946E-005          -4          -4          -5
  -4.7592414897236094E-004   5.2938989782995351E-006          -4          -2          -5
   7.4810618318534405E-005  -8.3248374417549462E-007          -4          -2           1
   2.9427113444888337E-004  -3.2732902213857630E-006          -4           0           1
  -2.7468753741998229E-004   3.0574625123795931E-006          -4           1          -2
   3.8513197954420485E-004  -4.2837438194688675E-006          -4           1           0
  -1.6787064333405213E-004   1.8686378785164561E-006          -3          -5          -1
   3.6910587740314504E-004  -4.1062107958830726E-006          -3          -2           2
  -3.6011351931613400E-004   4.0078942529693675E-006          -3          -1          -5
   5.6135069262763500E-004  -6.2442833009607239E-006          -3           2          -2
  -2.0005499459239346E-004   2.2250401404636118E-006          -2          -5          -4
  -3.8016202053027526E-004   4.2283858986046845E-006          -2          -4          -5
  -1.2963273086728921E-004   1.4428662519546458E-006          -2          -4           1
   4.7092611722932080E-004  -5.2388486196602266E-006          -2          -3           2
  -1.1749651570876037E-004   1.3080040314973700E-006          -2           1          -4
   4.8306380822086951E-004  -5.3738075301441304E-006          -2           2          -3
  -3.7438223264110254E-004   4.1665657160329112E-006          -2           2           3
  -5.5448946460148144E-004   6.1711712156367669E-006          -2           3           2
  -9.4241151730729510E-005   1.0492611011545925E-006          -1          -5          -3
  -4.7872121058338779E-004   5.3252754236605976E-006          -1          -5          -1
  -4.5587516953702917E-004   5.0738789729021504E-006          -1          -3          -5
   1.1302811718714488E-004  -1.2570441869815765E-006          -1          -1          -5
  -7.6550755290061929E-005   8.5209334137272515E-007          -1           0           4
  -8.0085591219175359E-005   8.9114615270680278E-007          -1           2           4
  -6.6830048884996608E-004   7.4380409671880217E-006          -1           4           0
   2.8154902772727298E-004  -3.1314939517460837E-006          -1           4           2
   6.2880592230103369E-004  -6.9944759587283026E-006           0          -4           1
  -1.2791706853584189E-004   1.4238506042164703E-006           0          -1           4
   1.2791710838034749E-004  -1.4230149722538747E-006           0           1          -4
  -6.2880589383020849E-004   6.9983266685196845E-006           0           4          -1
  -2.8154896475416025E-004   3.1334156934489541E-006           1          -4          -2
   6.6830052623588585E-004  -7.4336062692566891E-006           1          -4           0
   8.0085432730366896E-005  -8.9140092661478734E-007           1          -2          -4
   7.6550875564093996E-005  -8.5166503194543417E-007           1           0          -4
  -1.1302812281998240E-004   1.2578458837204140E-006           1           1           5
   4.5587543904955719E-004  -5.0711954681037453E-006           1           3           5
   4.7872118181547737E-004  -5.3277072625707326E-006           1           5           1
   9.4241103569234035E-005  -1.0483687719233077E-006           1           5           3
   5.5448974964402819E-004  -6.1682583487135693E-006           2          -3          -2
   3.7438262988363693E-004  -4.1651307827110751E-006           2          -2          -3
  -4.8306353828422502E-004   5.3763475467349188E-006           2          -2           3
   1.1749648208990416E-004  -1.3066136447918312E-006           2          -1           4
  -4.7092611499807393E-004   5.2407845567934710E-006           2           3          -2
   1.2963279737003442E-004  -1.4422845406542194E-006           2           4          -1
   3.8016193460188390E-004  -4.2309127380659464E-006           2           4           5
   2.0005490510794936E-004  -2.2265424018080065E-006           2           5           4
  -5.6135037615936479E-004   6.2475534945180913E-006           3          -2           2
   3.6011361109116840E-004  -4.0059133003892815E-006           3           1           5
  -3.6910585636370765E-004   4.1073800186704960E-006           3           2          -2
   1.6787057552728192E-004  -1.8670668550589755E-006           3           5           1
  -3.8513176594095826E-004   4.2859533935831059E-006           4          -1           0
   2.7468779400054676E-004  -3.0549981920498451E-006           4          -1           2
  -2.9427097652296493E-004   3.2744754338292578E-006           4           0          -1
  -7.4810604733353925E-005   8.3216623208834782E-007           4           2          -1
   4.7592401112863953E-004  -5.2963298361667188E-006           4           2           5
  -9.4040388267465540E-004   1.0461041028490359E-005           4           4           5
   1.2642711711073498E-004  -1.4074438397307444E-006           4           5           2
  -8.4954363639394093E-004   9.4503154849706259E-006           4           5           4
   1.4418602431182613E-004  -1.6040550695483242E-006           5           1           1
   2.0292267121614600E-004  -2.2574075134012270E-006           5           1           3
   3.9763743513715401E-004  -4.4252804913778176E-006           5           2           4
   3.7231407161242991E-004  -4.1415251717693262E-006           5           3           1
   2.2824747376530387E-004  -2.5407670849422300E-006           5           4           2
  -9.0091004809711504E-004   1.0021720765125621E-005           5           4           4
  -2.3795254939775658E-004   2.6478850665009204E-006          -4          -4           0
  -8.3762525332846806E-005   9.3190292447660124E-007          -4           0          -4
  -1.7093109705062316E-004   1.9022140453744150E-006           0          -4          -4
   1.7093115885096142E-004  -1.9019544905940094E-006           0           4           4
   8.3762389880375491E-005  -9.3233884606342503E-007           4           0           4
   2.3795274699490307E-004  -2.6473084682187249E-006           4           4           0
   0.0000000000000000        0.0000000000000000               -5          -5          -3
   0.0000000000000000        0.0000000000000000               -5          -3          -5
   0.0000000000000000        0.0000000000000000               -5          -2           0
   0.0000000000000000        0.0000000000000000               -5           0          -2
   0.0000000000000000        0.0000000000000000               -3          -5          -5
   0.0000000000000000        0.0000000000000000               -3           2           2
   0.0000000000000000        0.0000000000000000               -2          -5           0
   0.0000000000000000        0.0000000000000000               -2          -2           3
   0.0000000000000000        0.0000000000000000               -2           0          -5
   0.0000000000000000        0.0000000000000000               -2           3          -2
   0.0000000000000000        0.0000000000000000                0          -5          -2
   0.0000000000000000        0.0000000000000000                0          -2          -5
   0.0000000000000000        0.0000000000000000                0           2           5
   0.0000000000000000        0.0000000000000000                0           5           2
   0.0000000000000000        0.0000000000000000                2          -3           2
   0.0000000000000000        0.0000000000000000                2           0           5
   0.0000000000000000        0.0000000000000000                2           2          -3
   0.0000000000000000        0.0000000000000000                2           5           0
   0.0000000000000000        0.0000000000000000                3          -2          -2
   0.0000000000000000        0.0000000000000000                5           0           2
   0.0000000000000000        0.0000000000000000                5           2           0
   0.0000000000000000        0.0000000000000000               -5          -5          -4
   0.0000000000000000        0.0000000000000000               -5          -4          -5
   0.0000000000000000        0.0000000000000000               -5          -4          -1
   0.0000000000000000        0.0000000000000000               -5          -1          -4
   0.0000000000000000        0.0000000000000000               -5          -1           0
   0.0000000000000000        0.0000000000000000               -5           0          -1
   0.0000000000000000        0.0000000000000000               -4          -5          -5
   0.0000000000000000        0.0000000000000000               -4          -5          -1
   0.0000000000000000        0.0000000000000000               -4          -3           1
   0.0000000000000000        0.0000000000000000               -4          -1          -5
   0.0000000000000000        0.0000000000000000               -4           1          -3
   0.0000000000000000        0.0000000000000000               -4           1           1
   0.0000000000000000        0.0000000000000000               -3          -4           1
   0.0000000000000000        0.0000000000000000               -3           1          -4
   0.0000000000000000        0.0000000000000000               -1          -5          -4
   0.0000000000000000        0.0000000000000000               -1          -5           0
   0.0000000000000000        0.0000000000000000               -1          -4          -5
   0.0000000000000000        0.0000000000000000               -1          -1           4
   0.0000000000000000        0.0000000000000000               -1           0          -5
   0.0000000000000000        0.0000000000000000               -1           3           4
   0.0000000000000000        0.0000000000000000               -1           4          -1
   0.0000000000000000        0.0000000000000000               -1           4           3
   0.0000000000000000        0.0000000000000000                0          -5          -1
   0.0000000000000000        0.0000000000000000                0          -1          -5
   0.0000000000000000        0.0000000000000000                0           1           5
   0.0000000000000000        0.0000000000000000                0           5           1
   0.0000000000000000        0.0000000000000000                1          -4          -3
   0.0000000000000000        0.0000000000000000                1          -4           1
   0.0000000000000000        0.0000000000000000                1          -3          -4
   0.0000000000000000        0.0000000000000000                1           0           5
   0.0000000000000000        0.0000000000000000                1           1          -4
   0.0000000000000000        0.0000000000000000                1           4           5
   0.0000000000000000        0.0000000000000000                1           5           0
   0.0000000000000000        0.0000000000000000                1           5           4
   0.0000000000000000        0.0000000000000000                3          -1           4
   0.0000000000000000        0.0000000000000000                3           4          -1
   0.0000000000000000        0.0000000000000000                4          -1          -1
   0.0000000000000000        0.0000000000000000                4          -1           3
   0.0000000000000000        0.0000000000000000                4           1           5
   0.0000000000000000        0.0000000000000000                4           3          -1
   0.0000000000000000        0.0000000000000000                4           5           1
   0.0000000000000000        0.0000000000000000                5           0           1
   0.0000000000000000        0.0000000000000000                5           1           0
   0.0000000000000000        0.0000000000000000                5           1           4
   0.0000000000000000        0.0000000000000000                5           4           1
   0.0000000000000000        0.0000000000000000               -6          -3          -3
   0.0000000000000000        0.0000000000000000               -5          -5          -2
   0.0000000000000000        0.0000000000000000               -5          -3           0
   0.0000000000000000        0.0000000000000000               -5          -2          -5
   0.0000000000000000        0.0000000000000000               -5           0          -3
   0.0000000000000000        0.0000000000000000               -3          -6          -3
   0.0000000000000000        0.0000000000000000               -3          -5           0
   0.0000000000000000        0.0000000000000000               -3          -3          -6
   0.0000000000000000        0.0000000000000000               -3          -3           2
   0.0000000000000000        0.0000000000000000               -3           0          -5
   0.0000000000000000        0.0000000000000000               -3           0           3
   0.0000000000000000        0.0000000000000000               -3           2          -3
   0.0000000000000000        0.0000000000000000               -3           3           0
   0.0000000000000000        0.0000000000000000               -2          -5          -5
   0.0000000000000000        0.0000000000000000               -2           3           3
   0.0000000000000000        0.0000000000000000                0          -5          -3
   0.0000000000000000        0.0000000000000000                0          -3          -5
   0.0000000000000000        0.0000000000000000                0          -3           3
   0.0000000000000000        0.0000000000000000                0           3          -3
   0.0000000000000000        0.0000000000000000                0           3           5
   0.0000000000000000        0.0000000000000000                0           5           3
   0.0000000000000000        0.0000000000000000                2          -3          -3
   0.0000000000000000        0.0000000000000000                3          -3           0
   0.0000000000000000        0.0000000000000000                3          -2           3
   0.0000000000000000        0.0000000000000000                3           0          -3
   0.0000000000000000        0.0000000000000000                3           0           5
   0.0000000000000000        0.0000000000000000                3           3          -2
   0.0000000000000000        0.0000000000000000                3           5           0
   0.0000000000000000        0.0000000000000000                5           0           3
   0.0000000000000000        0.0000000000000000                5           3           0
   0.0000000000000000        0.0000000000000000               -6          -4          -3
   0.0000000000000000        0.0000000000000000               -6          -3          -4
   0.0000000000000000        0.0000000000000000               -6          -3          -2
   0.0000000000000000        0.0000000000000000               -6          -2          -3
   0.0000000000000000        0.0000000000000000               -5          -5          -5
   0.0000000000000000        0.0000000000000000               -5           0           0
   0.0000000000000000        0.0000000000000000               -4          -6          -3
   0.0000000000000000        0.0000000000000000               -4          -3          -6
   0.0000000000000000        0.0000000000000000               -4          -1           2
   0.0000000000000000        0.0000000000000000               -4           2          -1
   0.0000000000000000        0.0000000000000000               -3          -6          -4
   0.0000000000000000        0.0000000000000000               -3          -6          -2
   0.0000000000000000        0.0000000000000000               -3          -4          -6
   0.0000000000000000        0.0000000000000000               -3          -2          -6
   0.0000000000000000        0.0000000000000000               -3          -1           3
   0.0000000000000000        0.0000000000000000               -3           1           3
   0.0000000000000000        0.0000000000000000               -3           3          -1
   0.0000000000000000        0.0000000000000000               -3           3           1
   0.0000000000000000        0.0000000000000000               -2          -6          -3
   0.0000000000000000        0.0000000000000000               -2          -3          -6
   0.0000000000000000        0.0000000000000000               -2           1           4
   0.0000000000000000        0.0000000000000000               -2           4           1
   0.0000000000000000        0.0000000000000000               -1          -4           2
   0.0000000000000000        0.0000000000000000               -1          -3           3
   0.0000000000000000        0.0000000000000000               -1           2          -4
   0.0000000000000000        0.0000000000000000               -1           3          -3
   0.0000000000000000        0.0000000000000000                0          -5           0
   0.0000000000000000        0.0000000000000000                0           0          -5
   0.0000000000000000        0.0000000000000000                0           0           5
   0.0000000000000000        0.0000000000000000                0           5           0
   0.0000000000000000        0.0000000000000000                1          -3           3
   0.0000000000000000        0.0000000000000000                1          -2           4
   0.0000000000000000        0.0000000000000000                1           3          -3
   0.0000000000000000        0.0000000000000000                1           4          -2
   0.0000000000000000        0.0000000000000000                2          -4          -1
   0.0000000000000000        0.0000000000000000                2          -1          -4
   0.0000000000000000        0.0000000000000000                3          -3          -1
   0.0000000000000000        0.0000000000000000                3          -3           1
   0.0000000000000000        0.0000000000000000                3          -1          -3
   0.0000000000000000        0.0000000000000000                3           1          -3
   0.0000000000000000        0.0000000000000000                4          -2           1
   0.0000000000000000        0.0000000000000000                4           1          -2
   0.0000000000000000        0.0000000000000000                5           0           0
   0.0000000000000000        0.0000000000000000               -6          -4          -4
   0.0000000000000000        0.0000000000000000               -6          -2          -2
   0.0000000000000000        0.0000000000000000               -4          -6          -4
   0.0000000000000000        0.0000000000000000               -4          -4          -6
   0.0000000000000000        0.0000000000000000               -4           0           2
   0.0000000000000000        0.0000000000000000               -4           2           0
   0.0000000000000000        0.0000000000000000               -2          -6          -2
   0.0000000000000000        0.0000000000000000               -2          -2          -6
   0.0000000000000000        0.0000000000000000               -2           0           4
   0.0000000000000000        0.0000000000000000               -2           4           0
   0.0000000000000000        0.0000000000000000                0          -4           2
   0.0000000000000000        0.0000000000000000                0          -2           4
   0.0000000000000000        0.0000000000000000                0           2          -4
   0.0000000000000000        0.0000000000000000                0           4          -2
   0.0000000000000000        0.0000000000000000                2          -4           0
   0.0000000000000000        0.0000000000000000                2           0          -4
   0.0000000000000000        0.0000000000000000                4          -2           0
   0.0000000000000000        0.0000000000000000                4           0          -2
   0.0000000000000000        0.0000000000000000               -6          -4          -2
   0.0000000000000000        0.0000000000000000               -6          -2          -4
   0.0000000000000000        0.0000000000000000               -4          -6          -2
   0.0000000000000000        0.0000000000000000               -4          -2          -6
   0.0000000000000000        0.0000000000000000               -4          -2           2
   0.0000000000000000        0.0000000000000000               -4           2          -2
   0.0000000000000000        0.0000000000000000               -2          -6          -4
   0.0000000000000000        0.0000000000000000               -2          -4          -6
   0.0000000000000000        0.0000000000000000               -2          -4           2
   0.0000000000000000        0.0000000000000000               -2           2          -4
   0.0000000000000000        0.0000000000000000                2          -4          -2
   0.0000000000000000        0.0000000000000000                2          -2          -4
   0.0000000000000000        0.0000000000000000               -5          -5          -1
   0.0000000000000000        0.0000000000000000               -5          -4           0
   0.0000000000000000        0.0000000000000000               -5          -1          -5
   0.0000000000000000        0.0000000000000000               -5           0          -4
   0.0000000000000000        0.0000000000000000               -4          -5           0
   0.0000000000000000        0.0000000000000000               -4          -4           1
   0.0000000000000000        0.0000000000000000               -4           0          -5
   0.0000000000000000        0.0000000000000000               -4           1          -4
   0.0000000000000000        0.0000000000000000               -1          -5          -5
   0.0000000000000000        0.0000000000000000                0          -5          -4
   0.0000000000000000        0.0000000000000000                0          -4          -5
   0.0000000000000000        0.0000000000000000                1          -4          -4
