         718          24          24          24
   1.3552184433351764E-009   1.7409767820140723E-009           0           0           0
  0.21761931389757849       0.33468873791378245               -1          -1          -1
  0.23121625743141533       0.35559727267998148               -1           0           0
  -1.2780732264447269E-002  -1.9656155883303664E-002           0          -1           0
  -8.1491173553129405E-004  -1.2532171006070559E-003           0           0          -1
  -8.1483593432143443E-004  -1.2532654348928738E-003           0           0           1
  -1.2780775611768075E-002  -1.9656126481854361E-002           0           1           0
  0.23121488590938261       0.35559816450395404                1           0           0
  0.21762056896254517       0.33468792158216165                1           1           1
  0.14196432803801173       0.21833387268645338               -1          -1           0
  0.14974115914791039       0.23029420707712153               -1           0          -1
  -8.8360206259065609E-003  -1.3589358228557015E-002           0          -1          -1
  -8.8360414119197199E-003  -1.3589348585809355E-002           0           1           1
  0.14974112749978066       0.23029423027026732                1           0           1
  0.14196433013677259       0.21833386904931576                1           1           0
  -1.4745002385784605E-003  -2.2671851381135069E-003          -2          -1          -1
   2.4983734865604089E-002   3.8423959375159487E-002          -1          -2          -1
   2.3686220326334568E-002   3.6428430499998700E-002          -1          -1          -2
   2.4983988497562674E-002   3.8423827993294919E-002          -1           0           1
   2.3686436249131939E-002   3.6428262574817447E-002          -1           1           0
  -1.4742546647938039E-003  -2.2673453278734589E-003           0          -1           1
  -1.4742678029289601E-003  -2.2673363460914368E-003           0           1          -1
   2.3686188499573237E-002   3.6428426017072996E-002           1          -1           0
   2.4983742479013794E-002   3.8423988850257593E-002           1           0          -1
   2.3686433837261201E-002   3.6428293765558013E-002           1           1           2
   2.4983962331673708E-002   3.8423812406668818E-002           1           2           1
  -1.4740214820780529E-003  -2.2674958747553398E-003           2           1           1
  -1.0426412456389179E-002  -1.6035173637384426E-002          -2          -2          -1
  -1.1186460968670646E-002  -1.7204076204744557E-002          -2          -1          -2
   1.0210860455978242E-002   1.5703913829116525E-002          -2          -1           0
   1.0970930995190935E-002   1.6872851658113457E-002          -2           0          -1
   4.3118352340658769E-003   6.6314260063402349E-003          -1          -2          -2
   1.4077112598922074E-002   2.1649957808653884E-002          -1          -2           0
   1.3861756053976361E-002   2.1318609865494886E-002          -1          -1           1
   1.4647577034905906E-002   2.2527287494705669E-002          -1           0          -2
   1.4432208225268542E-002   2.2195915729643884E-002          -1           1          -1
   2.8001619916583464E-003   4.3064534240969937E-003          -1           1           1
  -6.6105492693321476E-004  -1.0166770728672685E-003           0          -2          -1
  -8.5066326730352728E-004  -1.3082739445523951E-003           0          -1          -2
  -8.5066207982162421E-004  -1.3082730742692899E-003           0           1           2
  -6.6106397479480633E-004  -1.0166707908466153E-003           0           2           1
   2.8001105422145837E-003   4.3064890721896312E-003           1          -1          -1
   1.4432131504771411E-002   2.2195964912761747E-002           1          -1           1
   1.4647634839449801E-002   2.2527250282106410E-002           1           0           2
   1.3861702134696825E-002   2.1318645513222257E-002           1           1          -1
   1.4077182062945766E-002   2.1649912116977511E-002           1           2           0
   4.3118756430666552E-003   6.6314006817559295E-003           1           2           2
   1.0971044992510530E-002   1.6872777033476376E-002           2           0           1
   1.0210984641745540E-002   1.5703835988792818E-002           2           1           0
  -1.1186343335269407E-002  -1.7204153386211066E-002           2           1           2
  -1.0426310555696558E-002  -1.6035241430907760E-002           2           2           1
  -1.8773658784238381E-002  -2.8872980870726796E-002          -2          -2          -2
   1.9946577084407779E-002   3.0676765315898271E-002          -2           0           0
  -1.1025694701532805E-003  -1.6957032030476466E-003           0          -2           0
  -7.0304964609466450E-005  -1.0811036523152287E-004           0           0          -2
  -7.0291740479707615E-005  -1.0811865612820020E-004           0           0           2
  -1.1025785016614666E-003  -1.6956988580600716E-003           0           2           0
   1.9946532164158960E-002   3.0676794511041258E-002           2           0           0
  -1.8773709082663299E-002  -2.8872949075365646E-002           2           2           2
  -2.4512877575561379E-008   7.1327721487221940E-009          -2          -2           0
  -1.6174193563125194E-008   2.1687202737665042E-008          -2           0          -2
   3.7428856768468052E-010  -2.4705099512524097E-009           0          -2          -2
  -1.4995005479494151E-009  -3.3230393362045716E-010           0           2           2
   2.8416047728008360E-008  -6.9617466036588680E-009           2           0           2
   1.4720544687714878E-008  -1.8190913349531431E-008           2           2           0
  -4.7475262726220215E-003  -7.3014919823869394E-003          -3          -2          -2
  -5.2828580361927958E-003  -8.1247301369254815E-003          -3          -1          -1
  -6.8245747017861335E-003  -1.0495883886407159E-002          -2          -3          -2
  -6.7227171331238587E-003  -1.0339228727852607E-002          -2          -2          -3
   7.1284364670508860E-003   1.0963140830932852E-002          -2           0           1
   7.0265767560452981E-003   1.0806480179903421E-002          -2           1           0
   2.2469306828527247E-003   3.4556667080202306E-003          -1          -3          -1
   1.8776651245376690E-003   2.8877518849275753E-003          -1          -1          -3
   1.9431085526692158E-003   2.9883933650468254E-003          -1           0           2
   1.5738326288555577E-003   2.4204759727061852E-003          -1           2           0
  -4.0135237195524070E-004  -6.1726028286986534E-004           0          -2           1
  -1.3394278557711818E-004  -2.0600167865386898E-004           0          -1           2
  -1.3394621187594362E-004  -2.0599881055064054E-004           0           1          -2
  -4.0135356247861682E-004  -6.1726062822237701E-004           0           2          -1
   1.5738333633491604E-003   2.4204773620929770E-003           1          -2           0
   1.9431008588166882E-003   2.9883985225587018E-003           1           0          -2
   1.8776644827855548E-003   2.8877527573720483E-003           1           1           3
   2.2469326892150649E-003   3.4556659652292534E-003           1           3           1
   7.0265426278000595E-003   1.0806502371704545E-002           2          -1           0
   7.1284087894917508E-003   1.0963158931043661E-002           2           0          -1
  -6.7227476946452773E-003  -1.0339209292299954E-002           2           2           3
  -6.8246075909983708E-003  -1.0495862738654219E-002           2           3           2
  -5.2828248858295792E-003  -8.1247518300611669E-003           3           1           1
  -4.7475627996136577E-003  -7.3014685726917172E-003           3           2           2
  -2.4580469123149091E-003  -3.7803568686467417E-003          -3          -2          -1
  -2.5419225054121490E-003  -3.9093456514097558E-003          -3          -1          -2
  -1.9541146141411410E-003  -3.0053444774342177E-003          -2          -3          -1
  -2.0627026619525726E-003  -3.1723398206118529E-003          -2          -1          -3
   2.0102812302373921E-003   3.0917068068035134E-003          -2          -1           1
   2.1188736637570531E-003   3.2587031962165933E-003          -2           1          -1
  -3.2775564986393062E-004  -5.0408330989650419E-004          -1          -3          -2
  -3.5246794600243548E-004  -5.4209157718407123E-004          -1          -2          -3
   1.5063496651466128E-003   2.3166941263809563E-003          -1          -2           1
   1.6396523681658629E-003   2.5216981905065994E-003          -1           1          -2
  -5.7451319409202849E-004  -8.8356477420842468E-004          -1           1           2
  -5.9922983029044366E-004  -9.2157124416102044E-004          -1           2           1
  -5.9921727189775407E-004  -9.2157833236027531E-004           1          -2          -1
  -5.7450691875099707E-004  -8.8356863663389149E-004           1          -1          -2
   1.6396488796512425E-003   2.5216990257267012E-003           1          -1           2
   1.5063547913245128E-003   2.3166901145589376E-003           1           2          -1
  -3.5248007193768141E-004  -5.4208375917097777E-004           1           2           3
  -3.2776574057689038E-004  -5.0407642458098376E-004           1           3           2
   2.1188584800154878E-003   3.2587118041931115E-003           2          -1           1
   2.0102793534178126E-003   3.0917086141938888E-003           2           1          -1
  -2.0627102480437398E-003  -3.1723346676833840E-003           2           1           3
  -1.9541295408992796E-003  -3.0053349176798142E-003           2           3           1
  -2.5419212638151736E-003  -3.9093465802733712E-003           3           1           2
  -2.4580535534728140E-003  -3.7803537544870464E-003           3           2           1
  -3.6586381246032952E-003  -5.6268088150686173E-003          -3          -3          -2
  -3.5883270619882393E-003  -5.5186738822897534E-003          -3          -2          -3
  -3.9674083388200583E-003  -6.1016628093759993E-003          -3          -1           0
  -3.8970930753718467E-003  -5.9935217377312840E-003          -3           0          -1
  -5.0220829007258617E-003  -7.7237154773232251E-003          -2          -3          -3
   5.1710709731455631E-003   7.9528356786803846E-003          -2           1           1
   1.5738056801984585E-003   2.4204338993256604E-003          -1          -3           0
   1.2650485893493809E-003   1.9455790596225944E-003          -1          -1           2
   1.3723732336294173E-003   2.1106401788585300E-003          -1           0          -3
   1.0636132869003261E-003   1.6357808892219459E-003          -1           2          -1
   2.1036406569939609E-004   3.2352763250279021E-004           0          -3          -1
  -6.1383828598868845E-005  -9.4405532171432655E-005           0          -1          -3
  -6.1383373837065625E-005  -9.4405004149438214E-005           0           1           3
   2.1036347947227889E-004   3.2352847273177507E-004           0           3           1
   1.0636110061343165E-003   1.6357824256839149E-003           1          -2           1
   1.3723743375329469E-003   2.1106403582586402E-003           1           0           3
   1.2650485459560386E-003   1.9455795864765032E-003           1           1          -2
   1.5738060247395679E-003   2.4204334947242928E-003           1           3           0
   5.1710632752557358E-003   7.9528406978203320E-003           2          -1          -1
  -5.0220901480584820E-003  -7.7237111068573271E-003           2           3           3
  -3.8970833569875836E-003  -5.9935276310082372E-003           3           0           1
  -3.9673993787261233E-003  -6.1016676582247940E-003           3           1           0
  -3.5883366132819223E-003  -5.5186680236092812E-003           3           2           3
  -3.6586465692429672E-003  -5.6268034086930895E-003           3           3           2
  -3.1082405992968005E-003  -4.7803088321413043E-003          -3          -3          -3
  -7.2301945480793349E-004  -1.1119723306279236E-003          -3          -3          -1
  -8.0253622784465239E-004  -1.2342606344516475E-003          -3          -2           0
  -6.9291037803854386E-004  -1.0656610413246408E-003          -3          -1          -3
  -7.7242365622650212E-004  -1.1879438430009242E-003          -3           0          -2
  -3.3024194309401568E-003  -5.0789585374933994E-003          -3           0           0
   6.2446182049934835E-004   9.6038496279007325E-004          -2          -3           0
  -5.4494824132084640E-004  -8.3810242680573753E-004          -2          -2           1
   5.8459346691332680E-004   8.9907367562500680E-004          -2           0          -3
  -5.0507496421037430E-004  -7.7678557739582115E-004          -2           1          -2
  -1.3069472678402423E-003  -2.0100245815294292E-003          -1          -3          -3
  -1.3180362345578658E-003  -2.0270679725299715E-003          -1           2           2
   4.0531857691490491E-005   6.2336272296181880E-005           0          -3          -2
   1.8254595178288397E-004   2.8074517441810425E-004           0          -3           0
  -2.9448944718315075E-005  -4.5291973417764367E-005           0          -2          -3
   1.1637562797928482E-005   1.7900558023542364E-005           0           0          -3
   1.1639675907452112E-005   1.7899136569488888E-005           0           0           3
  -2.9449598643559111E-005  -4.5291505187023606E-005           0           2           3
   1.8254470570371360E-004   2.8074602994548165E-004           0           3           0
   4.0532809513395632E-005   6.2336122181365266E-005           0           3           2
  -1.3180320035141493E-003  -2.0270708799107165E-003           1          -2          -2
  -1.3069529089825879E-003  -2.0100211393886398E-003           1           3           3
  -5.0508007299944209E-004  -7.7678336239974538E-004           2          -1           2
   5.8459262377964826E-004   8.9907454580022471E-004           2           0           3
  -5.4494839941404357E-004  -8.3810229389080337E-004           2           2          -1
   6.2445590525461920E-004   9.6038884297310924E-004           2           3           0
  -3.3024246283748331E-003  -5.0789552266571735E-003           3           0           0
  -7.7241911424997503E-004  -1.1879467869212465E-003           3           0           2
  -6.9291120287328235E-004  -1.0656602765560838E-003           3           1           3
  -8.0253774482031868E-004  -1.2342597464193089E-003           3           2           0
  -7.2302412570041607E-004  -1.1119695928850769E-003           3           3           1
  -3.1082343020386997E-003  -4.7803124156786444E-003           3           3           3
   1.3070839624898341E-004   2.0102489871187351E-004          -4          -2          -2
  -2.2150904172786911E-003  -3.4066953991114361E-003          -2          -4          -2
  -2.1000508656388332E-003  -3.2297697636009415E-003          -2          -2          -4
   2.2150906750252877E-003   3.4066978788109478E-003          -2           0           2
   2.1000488871153267E-003   3.2297696619258973E-003          -2           2           0
  -1.3070934177607073E-004  -2.0102431588126061E-004           0          -2           2
  -1.3070900418217393E-004  -2.0102445053211271E-004           0           2          -2
   2.1000498854126955E-003   3.2297695938214742E-003           2          -2           0
   2.2150920334711856E-003   3.4066970865227102E-003           2           0          -2
  -2.1000501864208488E-003  -3.2297706628468038E-003           2           2           4
  -2.2150896326181371E-003  -3.4066962318631019E-003           2           4           2
   1.3070975108042207E-004   2.0102373140307655E-004           4           2           2
  -1.1692922398543048E-003  -1.7983067904374307E-003          -4          -3          -2
  -1.1652540488518146E-003  -1.7920974792452421E-003          -4          -2          -3
   1.3105133343403806E-003   2.0155055588883452E-003          -4          -2          -1
   1.3064738028643595E-003   2.0092949932413898E-003          -4          -1          -2
  -1.7224379429512486E-003  -2.6490148768916477E-003          -3          -4          -2
  -1.6912730466866475E-003  -2.6010864098979418E-003          -3          -2          -4
  -1.8020149122176363E-003  -2.7714111981820893E-003          -3          -1           1
  -1.7708475622956990E-003  -2.7234807321694881E-003          -3           1          -1
  -1.8007398410334148E-003  -2.7694407989100715E-003          -2          -4          -3
  -6.7084796757761614E-004  -1.0317318468763728E-003          -2          -4          -1
  -1.7736132007628721E-003  -2.7277214945105833E-003          -2          -3          -4
  -5.7771905434347609E-004  -8.8850264284236940E-004          -2          -1          -4
   5.9126788350644317E-004   9.0934105935174968E-004          -2          -1           2
   1.8711410081557103E-003   2.8777238887264314E-003          -2           1           2
   4.9813859078279743E-004   7.6610948651032677E-004          -2           2          -1
   1.8440131815935783E-003   2.8360041226009134E-003          -2           2           1
  -5.9254559242327123E-004  -9.1130680974259943E-004          -1          -4          -2
   1.7934714932653955E-004   2.7582663655764553E-004          -1          -3           1
  -4.9537715579901060E-004  -7.6186732957405018E-004          -1          -2          -4
   3.8122165194767274E-005   5.8632416687584370E-005          -1          -2           2
   1.1334455321570467E-004   1.7431706556318667E-004          -1           1          -3
  -5.2214203551287830E-004  -8.0302754580859428E-004          -1           1           3
  -2.7880407200082380E-005  -4.2878895019672306E-005          -1           2          -2
  -4.2497451398585317E-004  -6.5358659619158552E-004          -1           3           1
  -4.2497209681794024E-004  -6.5358814906129768E-004           1          -3          -1
  -2.7880937362843979E-005  -4.2878988065415820E-005           1          -2           2
  -5.2214188436634096E-004  -8.0302761952695328E-004           1          -1          -3
   1.1334354409999047E-004   1.7431748538606438E-004           1          -1           3
   3.8124662358701974E-005   5.8630664437964893E-005           1           2          -2
  -4.9537945477546089E-004  -7.6186599641980888E-004           1           2           4
   1.7934657479390663E-004   2.7582667767938853E-004           1           3          -1
  -5.9254712615790781E-004  -9.1130594770564210E-004           1           4           2
   1.8440183677327438E-003   2.8360010035546465E-003           2          -2          -1
   4.9813604824230700E-004   7.6611094062758946E-004           2          -2           1
   1.8711450703995174E-003   2.8777213224262170E-003           2          -1          -2
   5.9126913961830678E-004   9.0934001979538920E-004           2           1          -2
  -5.7771939408831979E-004  -8.8850243322456364E-004           2           1           4
  -1.7736087355809762E-003  -2.7277242487404089E-003           2           3           4
  -6.7084937110959385E-004  -1.0317309807777481E-003           2           4           1
  -1.8007350737309520E-003  -2.7694435148790221E-003           2           4           3
  -1.7708541729743565E-003  -2.7234767914239063E-003           3          -1           1
  -1.8020190040556774E-003  -2.7714085284687197E-003           3           1          -1
  -1.6912685521003894E-003  -2.6010893287425705E-003           3           2           4
  -1.7224313182891437E-003  -2.6490186750299915E-003           3           4           2
   1.3064779863472525E-003   2.0092922182985522E-003           4           1           2
   1.3105160134406425E-003   2.0155036048143623E-003           4           2           1
  -1.1652508751530349E-003  -1.7920994972343788E-003           4           2           3
  -1.1692875634118634E-003  -1.7983096170748527E-003           4           3           2
  -9.4241388092914334E-004  -1.4493789717675237E-003          -4          -3          -3
   9.7320617898955008E-004   1.4967450945124197E-003          -4          -1          -1
  -6.9807785439064034E-004  -1.0736005680110666E-003          -3          -4          -3
  -7.1006016283382540E-004  -1.0920294919082795E-003          -3          -3          -4
   4.9875181342380918E-004   7.6705212218049776E-004          -3          -3           0
   5.2607115480932381E-004   8.0907246418939404E-004          -3           0          -3
  -7.5609806259848387E-004  -1.1628450669696356E-003          -3           0           1
  -7.6807938192492752E-004  -1.1812740687068514E-003          -3           1           0
   1.7617512870341895E-004   2.7094656985969344E-004          -1          -4          -1
   2.1526307610245088E-004   3.3106098443097396E-004          -1          -1          -4
   2.3420018066261565E-004   3.6018811116742141E-004          -1           0           3
   2.7328572424792407E-004   4.2030331069690431E-004          -1           3           0
  -3.1042767550171911E-005  -4.7742348124759744E-005           0          -3          -3
   4.0933724153247210E-005   6.2953363693940719E-005           0          -3           1
  -1.0136482699878607E-005  -1.5590157148141960E-005           0          -1           3
  -1.0137061645800306E-005  -1.5589350376903668E-005           0           1          -3
   4.0932908791374505E-005   6.2953257638131944E-005           0           3          -1
  -3.1042717858163001E-005  -4.7742314261123856E-005           0           3           3
   2.7328946653145980E-004   4.2030153241090073E-004           1          -3           0
   2.3420024161077531E-004   3.6018801232630090E-004           1           0          -3
   2.1526084612685467E-004   3.3106255977528919E-004           1           1           4
   1.7617373003689444E-004   2.7094792267598440E-004           1           4           1
  -7.6808642977257231E-004  -1.1812697700058225E-003           3          -1           0
  -7.5610275703790429E-004  -1.1628418970950950E-003           3           0          -1
   5.2607322017405483E-004   8.0907154621148692E-004           3           0           3
   4.9874925357100658E-004   7.6705365596337234E-004           3           3           0
  -7.1005399290449168E-004  -1.0920332303997644E-003           3           3           4
  -6.9807098524683959E-004  -1.0736047763586936E-003           3           4           3
   9.7320985788298996E-004   1.4967426359952332E-003           4           1           1
  -9.4240879707659455E-004  -1.4493817749812086E-003           4           3           3
   4.6256430182533115E-005   7.1143764585190062E-005          -4          -3          -1
   4.6255352280655259E-005   7.1142689774495582E-005          -4          -1          -3
  -7.8391725248529967E-004  -1.2056217392187102E-003          -3          -4          -1
  -7.8391521915512725E-004  -1.2056250769427574E-003          -3          -2           1
  -7.4320573369776935E-004  -1.1430089225974950E-003          -3          -1          -4
  -7.4320135810972089E-004  -1.1430096686935126E-003          -3           1          -2
   4.6258581903843839E-005   7.1140674660779581E-005          -2          -3           1
   4.6259574281290991E-005   7.1141910937060120E-005          -2           1          -3
  -7.8391620235205889E-004  -1.2056227801357235E-003          -1          -4          -3
  -7.4320370354146749E-004  -1.1430089793099778E-003          -1          -3          -4
  -7.8391609267452751E-004  -1.2056239237841241E-003          -1           2           3
  -7.4320322952929521E-004  -1.1430096484070149E-003          -1           3           2
  -7.4320417971729478E-004  -1.1430095580017736E-003           1          -3          -2
  -7.8391698549003035E-004  -1.2056235997274644E-003           1          -2          -3
  -7.4320351746070840E-004  -1.1430092857036809E-003           1           3           4
  -7.8391608409850350E-004  -1.2056232373402849E-003           1           4           3
   4.6257085271273984E-005   7.1143459747178268E-005           2          -1           3
   4.6255754399779676E-005   7.1142620442000312E-005           2           3          -1
  -7.4320454657071829E-004  -1.1430079785739705E-003           3          -1           2
  -7.4320290993857793E-004  -1.1430109418519899E-003           3           1           4
  -7.8391866114060503E-004  -1.2056228455524138E-003           3           2          -1
  -7.8391414467089335E-004  -1.2056239173499658E-003           3           4           1
   4.6258799277166198E-005   7.1140543805910662E-005           4           1           3
   4.6260054182008917E-005   7.1141353734497520E-005           4           3           1
   3.5548865115199934E-004   5.4672455109813572E-004          -4          -4          -3
   3.3923855173982083E-004   5.2173185850070542E-004          -4          -3          -4
  -3.9623138346193265E-004  -6.0938380064186109E-004          -4          -1           0
  -3.7998075336268439E-004  -5.8439034714185298E-004          -4           0          -1
   6.7060675152369204E-004   1.0313612180039061E-003          -3          -4          -4
   6.7442234441297680E-004   1.0372256917240172E-003          -3           1           1
   3.3495486423255899E-004   5.1514225529726673E-004          -1          -4           0
   2.9421243462285699E-004   4.5248439499890366E-004          -1          -1           3
   3.1534789774399031E-004   4.8498745701958546E-004          -1           0          -4
   2.7460350811226364E-004   4.2232897140865249E-004          -1           3          -1
   1.9835438548952662E-005   3.0506619220649886E-005           0          -4          -1
  -1.6022146183711695E-005  -2.4641559386675385E-005           0          -1          -4
  -1.6022417814008861E-005  -2.4641414035785434E-005           0           1           4
   1.9836504277376754E-005   3.0506514736950731E-005           0           4           1
   2.7460610017595845E-004   4.2232812246608396E-004           1          -3           1
   3.1534651806856319E-004   4.8498829712669689E-004           1           0           4
   2.9421297511874191E-004   4.5248395000728296E-004           1           1          -3
   3.3495385099070757E-004   5.1514332352936012E-004           1           4           0
   6.7442091191090769E-004   1.0372270492337915E-003           3          -1          -1
   6.7060886928696083E-004   1.0313601135194795E-003           3           4           4
  -3.7998007161693632E-004  -5.8439124921059397E-004           4           0           1
  -3.9623163376956009E-004  -6.0938395722551306E-004           4           1           0
   3.3923892671761118E-004   5.2173171075624444E-004           4           3           4
   3.5548973654602964E-004   5.4672407078566613E-004           4           4           3
  -5.4807198534015486E-004  -8.4290351889468914E-004          -4          -4          -2
  -5.5890409226990291E-004  -8.5956442885563595E-004          -4          -2          -4
   5.6995602513568438E-004   8.7656397589233278E-004          -4          -2           0
   5.8078760585579309E-004   8.9322496731841056E-004          -4           0          -2
  -3.3801066185054662E-004  -5.1983981941228891E-004          -2          -4          -4
   1.7717976242814212E-004   2.7249166086064635E-004          -2          -4           0
  -1.9906477490954033E-004  -3.0615131791141947E-004          -2          -2           2
   2.0727410107796695E-004   3.1877693377657066E-004          -2           0          -4
  -2.2915852942432483E-004  -3.5243674533678673E-004          -2           2          -2
   3.8451033982105158E-004   5.9136041058405447E-004          -2           2           2
  -3.2882749490049926E-005  -5.0571387186685722E-005           0          -4          -2
  -1.3620005172377593E-005  -2.0947281506157582E-005           0          -2          -4
  -1.3620357615830004E-005  -2.0947043893258261E-005           0           2           4
  -3.2882125078680175E-005  -5.0571627189501195E-005           0           4           2
   3.8451348004503379E-004   5.9135844252065407E-004           2          -2          -2
  -2.2916094513921392E-004  -3.5243559120428801E-004           2          -2           2
   2.0727417591309878E-004   3.1877727190299097E-004           2           0           4
  -1.9906449462103265E-004  -3.0615160568020565E-004           2           2          -2
   1.7717804371595710E-004   2.7249282526949683E-004           2           4           0
  -3.3800762337342794E-004  -5.1984161965981472E-004           2           4           4
   5.8079082524540313E-004   8.9322307306135456E-004           4           0           2
   5.6995665076952154E-004   8.7656342802909482E-004           4           2           0
  -5.5890269754901585E-004  -8.5956523740386042E-004           4           2           4
  -5.4806888496205207E-004  -8.4290523895333370E-004           4           4           2
   1.0026488237892045E-003   1.5420217460249026E-003          -4          -4          -4
  -1.0652873081360209E-003  -1.6383593786508260E-003          -4           0           0
   5.8885351798007490E-005   9.0562213578209105E-005           0          -4           0
   3.7543175329365765E-006   5.7741165427175390E-006           0           0          -4
   3.7547389781168621E-006   5.7740268752202839E-006           0           0           4
   5.8885110861763430E-005   9.0562375615461279E-005           0           4           0
  -1.0652887042154535E-003  -1.6383585033717847E-003           4           0           0
   1.0026476251655486E-003   1.5420227406305709E-003           4           4           4
  -1.6914238288273154E-004  -2.6013292760112183E-004          -5          -3          -3
  -1.1735041726010495E-004  -1.8047819383118879E-004          -5          -2          -2
  -3.3332450785742562E-004  -5.1263390272169500E-004          -4          -4          -1
   3.5354989756512919E-004   5.4374288125402944E-004          -4          -3           0
  -3.3384824825972596E-004  -5.1344044357633744E-004          -4          -1          -4
   3.5407271094459788E-004   5.4454856964471785E-004          -4           0          -3
   3.7348157667458883E-004   5.7439704100423618E-004          -3          -5          -3
  -9.4498554712167251E-006  -1.4532911266355846E-005          -3          -4           0
   3.4687102233048111E-004   5.3347083165603763E-004          -3          -3          -5
   1.0777223593749017E-005   1.6573354872300147E-005          -3          -3           1
   8.8750812214346993E-006   1.3651186528948219E-005          -3           0          -4
   3.6480459475476457E-004   5.6105040995288653E-004          -3           0           2
   2.9102659963920017E-005   4.4758462477586772E-005          -3           1          -3
   3.3819385918049826E-004   5.2012355382676705E-004          -3           2           0
  -5.0423238221870489E-004  -7.7548194965742113E-004          -2          -5          -2
  -4.8525940491153565E-004  -7.4630258271728156E-004          -2          -2          -5
   5.1290940520770450E-004   7.8882977934967736E-004          -2           0           3
   4.9393541572942640E-004   7.5965001925876045E-004          -2           3           0
  -3.2316403879238269E-004  -4.9700920851665877E-004          -1          -4          -4
  -3.4458084071035684E-004  -5.2994877826082485E-004          -1           3           3
  -1.9609629999252898E-005  -3.0158413410947526E-005           0          -4          -3
  -1.8075269142389714E-006  -2.7800180565195238E-006           0          -3          -4
  -2.2077303277478670E-005  -3.3953800679602255E-005           0          -3           2
  -2.9715249842164938E-005  -4.5700486364266054E-005           0          -2           3
  -2.9715182042600269E-005  -4.5700426292496758E-005           0           2          -3
  -2.2077434194585768E-005  -3.3953912123077993E-005           0           3          -2
  -1.8077395221088099E-006  -2.7799322123909771E-006           0           3           4
  -1.9609500855459623E-005  -3.0158482553099874E-005           0           4           3
  -3.4458188306945339E-004  -5.2994813487785783E-004           1          -3          -3
  -3.2316349462011994E-004  -4.9700953360750342E-004           1           4           4
   4.9393771894905042E-004   7.5964889099341428E-004           2          -3           0
   5.1291065073442272E-004   7.8882903257519580E-004           2           0          -3
  -4.8525816361915362E-004  -7.4630345526729644E-004           2           2           5
  -5.0423086180708581E-004  -7.7548286615890586E-004           2           5           2
   3.3819251719379231E-004   5.2012460725015376E-004           3          -2           0
   2.9102812474866394E-005   4.4758613418905901E-005           3          -1           3
   3.6480421600116708E-004   5.6105069744607139E-004           3           0          -2
   8.8764747277624965E-006   1.3650382010690111E-005           3           0           4
   1.0775534972607438E-005   1.6574482092445409E-005           3           3          -1
   3.4687184093135640E-004   5.3347043621648955E-004           3           3           5
  -9.4493152194339025E-006  -1.4533179028104122E-005           3           4           0
   3.7348277192158905E-004   5.7439643313842510E-004           3           5           3
   3.5407500215266328E-004   5.4454715362387473E-004           4           0           3
  -3.3384737327220000E-004  -5.1344115047035699E-004           4           1           4
   3.5355097776636560E-004   5.4374212679079862E-004           4           3           0
  -3.3332226835565897E-004  -5.1263530128231930E-004           4           4           1
  -1.1734986167997839E-004  -1.8047840584906990E-004           5           2           2
  -1.6914292910406181E-004  -2.6013248375435038E-004           5           3           3
  -4.0062777904433021E-004  -6.1614474266510726E-004          -5          -3          -2
  -4.0247124940486086E-004  -6.1898060462521934E-004          -5          -2          -3
  -2.0113658054047567E-004  -3.0933588175952655E-004          -3          -5          -2
  -2.1276336899296426E-004  -3.2721806718551111E-004          -3          -2          -5
  -2.2336700680344629E-004  -3.4352792208586604E-004          -3          -1           2
  -2.3499308375892692E-004  -3.6141019256239224E-004          -3           2          -1
  -1.6538264963767823E-004  -2.5434856363634956E-004          -2          -5          -3
  -1.7516600994833779E-004  -2.6939483580123047E-004          -2          -3          -5
   1.9180317799650379E-004   2.9498459524212629E-004          -2           1           3
   2.0158585933734109E-004   3.1003101636552498E-004          -2           3           1
  -2.3875477890113940E-005  -3.6719092240827822E-005          -1          -3           2
  -4.5285475454038835E-005  -6.9647416398576094E-005          -1           2          -3
  -4.5286071412881766E-005  -6.9647347441803334E-005           1          -2           3
  -2.3875238337588903E-005  -3.6719411729061759E-005           1           3          -2
   2.0158815256887322E-004   3.1002969124586499E-004           2          -3          -1
   1.9180429358845713E-004   2.9498380255834939E-004           2          -1          -3
  -1.7516453673722853E-004  -2.6939569784038901E-004           2           3           5
  -1.6538120498041866E-004  -2.5434947425890208E-004           2           5           3
  -2.3499570157030196E-004  -3.6140872937811245E-004           3          -2           1
  -2.2336767900485097E-004  -3.4352740634836765E-004           3           1          -2
  -2.1276228813173008E-004  -3.2721877639228883E-004           3           2           5
  -2.0113472461241868E-004  -3.0933702104454005E-004           3           5           2
  -4.0247155436511859E-004  -6.1898034892292082E-004           5           2           3
  -4.0062733930763946E-004  -6.1614486099243295E-004           5           3           2
   3.0631602091600347E-004   4.7109759742010906E-004          -5          -4          -3
   3.0226490010009445E-004   4.6486706359327593E-004          -5          -3          -4
   3.5715064838248516E-004   5.4928049986535373E-004          -5          -2          -1
   3.5309915065162361E-004   5.4304961691217508E-004          -5          -1          -2
   5.4193754262709868E-004   8.3347179411393901E-004          -4          -5          -3
   5.2633140445461617E-004   8.0947012720940931E-004          -4          -3          -5
  -5.6651457534630592E-004  -8.7127144191525999E-004          -4          -1           1
  -5.5090777354964752E-004  -8.4726913521085542E-004          -4           1          -1
   6.2049627392370761E-004   9.5429161304205106E-004          -3          -5          -4
   6.0894128608426847E-004   9.3652048632785953E-004          -3          -4          -5
   6.3586747581293704E-004   9.7793227713915466E-004          -3           1           2
   6.2431216396343974E-004   9.6016085553217564E-004          -3           2           1
  -3.1955302051209916E-004  -4.9145564214805664E-004          -2          -5          -1
  -2.9041827139962529E-004  -4.4664781283862697E-004          -2          -1          -5
   2.9497533607027502E-004   4.5365777768278015E-004          -2          -1           3
   2.6584009126510299E-004   4.0884918852445774E-004          -2           3          -1
  -2.4099393374770481E-004  -3.7063611735945026E-004          -1          -5          -2
   1.1018919740776183E-004   1.6946490003611045E-004          -1          -4           1
  -2.0780772853547960E-004  -3.1959747146775749E-004          -1          -2          -5
   5.9353679897416130E-005   9.1283377043030518E-005          -1          -2           3
   9.2609488517203246E-005   1.4242826269228505E-004          -1           1          -4
  -2.2562263263594802E-004  -3.4699659182945959E-004          -1           1           4
   4.1773711081643805E-005   6.4246149199117004E-005          -1           3          -2
  -1.9243619092380908E-004  -2.9595748608270399E-004          -1           4           1
  -1.9243655309045780E-004  -2.9595759707523643E-004           1          -4          -1
   4.1774073024484554E-005   6.4246040285040977E-005           1          -3           2
  -2.2562300277578033E-004  -3.4699642923867203E-004           1          -1          -4
   9.2609178313837702E-005   1.4242842826180170E-004           1          -1           4
   5.9354191084681506E-005   9.1282999792757587E-005           1           2          -3
  -2.0780773151841947E-004  -3.1959751955430900E-004           1           2           5
   1.1018876682400326E-004   1.6946529326632371E-004           1           4          -1
  -2.4099390668593743E-004  -3.7063636325509970E-004           1           5           2
   2.6584072970734581E-004   4.0884904724919059E-004           2          -3           1
   2.9497612244721010E-004   4.5365732146998594E-004           2           1          -3
  -2.9041785016639806E-004  -4.4664812934669846E-004           2           1           5
  -3.1955246144525849E-004  -4.9145611763540384E-004           2           5           1
   6.2431278954573665E-004   9.6016080340396081E-004           3          -2          -1
   6.3586804382503468E-004   9.7793209605152539E-004           3          -1          -2
   6.0894107234754191E-004   9.3652075469730924E-004           3           4           5
   6.2049616182799317E-004   9.5429191075029301E-004           3           5           4
  -5.5090864440201311E-004  -8.4726886664288883E-004           4          -1           1
  -5.6651537025778674E-004  -8.7127094992308111E-004           4           1          -1
   5.2633078434092531E-004   8.0947068145186506E-004           4           3           5
   5.4193694187209000E-004   8.3347238513738708E-004           4           5           3
   3.5310001183583458E-004   5.4304917343175614E-004           5           1           2
   3.5715145438673901E-004   5.4927995506583876E-004           5           2           1
   3.0226408899515115E-004   4.6486764300081003E-004           5           3           4
   3.0631514230881977E-004   4.7109821643841253E-004           5           4           3
   4.0054105631661324E-004   6.1601060635921941E-004          -5          -4          -4
  -4.6036649127084310E-005  -7.0801924623030174E-005          -5          -4          -2
  -2.3388876152365215E-005  -3.5970421037453725E-005          -5          -3          -1
  -4.9272166172619676E-005  -7.5778714660705484E-005          -5          -2          -4
  -2.6624834239295430E-005  -4.0947582203603456E-005          -5          -1          -3
   4.3554587023663115E-004   6.6984874528941603E-004          -5          -1          -1
   4.8740485406863654E-004   7.4960235255724450E-004          -4          -5          -4
   1.4394676529227518E-004   2.2138331904625805E-004          -4          -5          -2
   4.8314491701255798E-004   7.4305094470841434E-004          -4          -4          -5
   1.3139428403837136E-004   2.0207748582146124E-004          -4          -2          -5
  -1.4542300292703307E-004  -2.2365329412171628E-004          -4          -2           1
  -5.1272936699335830E-004  -7.8855308052763556E-004          -4           0           1
  -1.3287014021600593E-004  -2.0434687990985475E-004          -4           1          -2
  -5.0846928822108188E-004  -7.8200158931746098E-004          -4           1           0
  -2.3985828953593984E-004  -3.6888860190434277E-004          -3          -5          -1
  -2.3838190022237282E-004  -3.6661984597637516E-004          -3          -2           2
  -2.3247842036518650E-004  -3.5753916025525458E-004          -3          -1          -5
  -2.3100124557656580E-004  -3.5526985235285839E-004          -3           2          -2
   2.0669624151359368E-004   3.1788919785488354E-004          -2          -5          -4
   1.9737925835807600E-004   3.0356014514477188E-004          -2          -4          -5
   7.1046390170323334E-005   1.0926497282540188E-004          -2          -4           1
  -4.8398344315826637E-005  -7.4434548865208111E-005          -2          -3           2
   7.2983429359645564E-005   1.1224459890730661E-004          -2           1          -4
  -5.0334937780351233E-005  -7.7413642658437248E-005          -2           2          -3
  -2.0081935285025967E-004  -3.0884930232705118E-004          -2           2           3
  -1.9150243409491238E-004  -2.9452007703933579E-004          -2           3           2
  -1.7710826083295795E-004  -2.7238321108626594E-004          -1          -5          -3
  -1.0583128541375023E-004  -1.6276323044983243E-004          -1          -5          -1
  -1.6649249361494635E-004  -2.5605656212793079E-004          -1          -3          -5
  -7.9281543795603574E-005  -1.2193116354267977E-004          -1          -1          -5
  -8.0505644903411695E-005  -1.2381362184228921E-004          -1           0           4
  -1.8298583504599634E-004  -2.8142339303019719E-004          -1           2           4
  -5.3956101330269164E-005  -8.2981115038853725E-005          -1           4           0
  -1.7236970634472050E-004  -2.6509668924988691E-004          -1           4           2
   2.8648041849861464E-005   4.4058981084549773E-005           0          -4           1
   6.3581121917071938E-006   9.7782567472737830E-006           0          -1           4
   6.3579258310642431E-006   9.7784120373626747E-006           0           1          -4
   2.8647737008905977E-005   4.4059086060180635E-005           0           4          -1
  -1.7237053449687653E-004  -2.6509632028346553E-004           1          -4          -2
  -5.3955517369012365E-005  -8.2981479015807743E-005           1          -4           0
  -1.8298628740633557E-004  -2.8142309632153115E-004           1          -2          -4
  -8.0505634536303454E-005  -1.2381348910401785E-004           1           0          -4
  -7.9281780781632397E-005  -1.2193098505136898E-004           1           1           5
  -1.6649225778795742E-004  -2.5605670902008977E-004           1           3           5
  -1.0583141643396608E-004  -1.6276322808363806E-004           1           5           1
  -1.7710815561860094E-004  -2.7238333639755506E-004           1           5           3
  -1.9150161591721630E-004  -2.9452069932150955E-004           2          -3          -2
  -2.0081880788087688E-004  -3.0884973903073346E-004           2          -2          -3
  -5.0335965577748662E-005  -7.7413223927965199E-005           2          -2           3
   7.2983309938216967E-005   1.1224478940479630E-004           2          -1           4
  -4.8398771995394985E-005  -7.4434339277705362E-005           2           3          -2
   7.1045555507368602E-005   1.0926555403297853E-004           2           4          -1
   1.9738003996745422E-004   3.0355972909680763E-004           2           4           5
   2.0669699919154472E-004   3.1788879698859004E-004           2           5           4
  -2.3100282688614875E-004  -3.5526911494750027E-004           3          -2           2
  -2.3247784740304726E-004  -3.5753958224252078E-004           3           1           5
  -2.3838257006063941E-004  -3.6661943817823143E-004           3           2          -2
  -2.3985712786593085E-004  -3.6888934186327376E-004           3           5           1
  -5.0847089819492102E-004  -7.8200063769782373E-004           4          -1           0
  -1.3286951537356810E-004  -2.0434736207744145E-004           4          -1           2
  -5.1273078494138140E-004  -7.8855227595868882E-004           4           0          -1
  -1.4542319572234056E-004  -2.2365313281898808E-004           4           2          -1
   1.3139413556214886E-004   2.0207758574380973E-004           4           2           5
   4.8314372468872169E-004   7.4305169245031865E-004           4           4           5
   1.4394717587131765E-004   2.2138314757856202E-004           4           5           2
   4.8740338581087513E-004   7.4960314717115845E-004           4           5           4
   4.3554710396610010E-004   6.6984799664357648E-004           5           1           1
  -2.6624939032097202E-005  -4.0947440610866246E-005           5           1           3
  -4.9272665633419848E-005  -7.5778330594898264E-005           5           2           4
  -2.3388479489253820E-005  -3.5970662734652784E-005           5           3           1
  -4.6036589231749463E-005  -7.0801836062266661E-005           5           4           2
   4.0054002413185879E-004   6.1601130471502477E-004           5           4           4
  -7.2775805633431295E-011   3.7440267402484101E-010          -4          -4           0
  -5.2294016852463817E-010   1.3870799778175844E-011          -4           0          -4
   1.4870858658989656E-010   1.0871477886752870E-010           0          -4          -4
  -5.7753002520481424E-012   1.0604813366675303E-010           0           4           4
   1.9370430231741730E-010  -2.6923183742210970E-010           4           0           4
   4.7987935558497884E-010  -1.0723706185989231E-011           4           4           0
   0.0000000000000000        0.0000000000000000               -5          -5          -3
   0.0000000000000000        0.0000000000000000               -5          -3          -5
   0.0000000000000000        0.0000000000000000               -5          -2           0
   0.0000000000000000        0.0000000000000000               -5           0          -2
   0.0000000000000000        0.0000000000000000               -3          -5          -5
   0.0000000000000000        0.0000000000000000               -3           2           2
   0.0000000000000000        0.0000000000000000               -2          -5           0
   0.0000000000000000        0.0000000000000000               -2          -2           3
   0.0000000000000000        0.0000000000000000               -2           0          -5
   0.0000000000000000        0.0000000000000000               -2           3          -2
   0.0000000000000000        0.0000000000000000                0          -5          -2
   0.0000000000000000        0.0000000000000000                0          -2          -5
   0.0000000000000000        0.0000000000000000                0           2           5
   0.0000000000000000        0.0000000000000000                0           5           2
   0.0000000000000000        0.0000000000000000                2          -3           2
   0.0000000000000000        0.0000000000000000                2           0           5
   0.0000000000000000        0.0000000000000000                2           2          -3
   0.0000000000000000        0.0000000000000000                2           5           0
   0.0000000000000000        0.0000000000000000                3          -2          -2
   0.0000000000000000        0.0000000000000000                5           0           2
   0.0000000000000000        0.0000000000000000                5           2           0
   0.0000000000000000        0.0000000000000000               -5          -5          -4
   0.0000000000000000        0.0000000000000000               -5          -4          -5
   0.0000000000000000        0.0000000000000000               -5          -4          -1
   0.0000000000000000        0.0000000000000000               -5          -1          -4
   0.0000000000000000        0.0000000000000000               -5          -1           0
   0.0000000000000000        0.0000000000000000               -5           0          -1
   0.0000000000000000        0.0000000000000000               -4          -5          -5
   0.0000000000000000        0.0000000000000000               -4          -5          -1
   0.0000000000000000        0.0000000000000000               -4          -3           1
   0.0000000000000000        0.0000000000000000               -4          -1          -5
   0.0000000000000000        0.0000000000000000               -4           1          -3
   0.0000000000000000        0.0000000000000000               -4           1           1
   0.0000000000000000        0.0000000000000000               -3          -4           1
   0.0000000000000000        0.0000000000000000               -3           1          -4
   0.0000000000000000        0.0000000000000000               -1          -5          -4
   0.0000000000000000        0.0000000000000000               -1          -5           0
   0.0000000000000000        0.0000000000000000               -1          -4          -5
   0.0000000000000000        0.0000000000000000               -1          -1           4
   0.0000000000000000        0.0000000000000000               -1           0          -5
   0.0000000000000000        0.0000000000000000               -1           3           4
   0.0000000000000000        0.0000000000000000               -1           4          -1
   0.0000000000000000        0.0000000000000000               -1           4           3
   0.0000000000000000        0.0000000000000000                0          -5          -1
   0.0000000000000000        0.0000000000000000                0          -1          -5
   0.0000000000000000        0.0000000000000000                0           1           5
   0.0000000000000000        0.0000000000000000                0           5           1
   0.0000000000000000        0.0000000000000000                1          -4          -3
   0.0000000000000000        0.0000000000000000                1          -4           1
   0.0000000000000000        0.0000000000000000                1          -3          -4
   0.0000000000000000        0.0000000000000000                1           0           5
   0.0000000000000000        0.0000000000000000                1           1          -4
   0.0000000000000000        0.0000000000000000                1           4           5
   0.0000000000000000        0.0000000000000000                1           5           0
   0.0000000000000000        0.0000000000000000                1           5           4
   0.0000000000000000        0.0000000000000000                3          -1           4
   0.0000000000000000        0.0000000000000000                3           4          -1
   0.0000000000000000        0.0000000000000000                4          -1          -1
   0.0000000000000000        0.0000000000000000                4          -1           3
   0.0000000000000000        0.0000000000000000                4           1           5
   0.0000000000000000        0.0000000000000000                4           3          -1
   0.0000000000000000        0.0000000000000000                4           5           1
   0.0000000000000000        0.0000000000000000                5           0           1
   0.0000000000000000        0.0000000000000000                5           1           0
   0.0000000000000000        0.0000000000000000                5           1           4
   0.0000000000000000        0.0000000000000000                5           4           1
   0.0000000000000000        0.0000000000000000               -6          -3          -3
   0.0000000000000000        0.0000000000000000               -5          -5          -2
   0.0000000000000000        0.0000000000000000               -5          -3           0
   0.0000000000000000        0.0000000000000000               -5          -2          -5
   0.0000000000000000        0.0000000000000000               -5           0          -3
   0.0000000000000000        0.0000000000000000               -3          -6          -3
   0.0000000000000000        0.0000000000000000               -3          -5           0
   0.0000000000000000        0.0000000000000000               -3          -3          -6
   0.0000000000000000        0.0000000000000000               -3          -3           2
   0.0000000000000000        0.0000000000000000               -3           0          -5
   0.0000000000000000        0.0000000000000000               -3           0           3
   0.0000000000000000        0.0000000000000000               -3           2          -3
   0.0000000000000000        0.0000000000000000               -3           3           0
   0.0000000000000000        0.0000000000000000               -2          -5          -5
   0.0000000000000000        0.0000000000000000               -2           3           3
   0.0000000000000000        0.0000000000000000                0          -5          -3
   0.0000000000000000        0.0000000000000000                0          -3          -5
   0.0000000000000000        0.0000000000000000                0          -3           3
   0.0000000000000000        0.0000000000000000                0           3          -3
   0.0000000000000000        0.0000000000000000                0           3           5
   0.0000000000000000        0.0000000000000000                0           5           3
   0.0000000000000000        0.0000000000000000                2          -3          -3
   0.0000000000000000        0.0000000000000000                3          -3           0
   0.0000000000000000        0.0000000000000000                3          -2           3
   0.0000000000000000        0.0000000000000000                3           0          -3
   0.0000000000000000        0.0000000000000000                3           0           5
   0.0000000000000000        0.0000000000000000                3           3          -2
   0.0000000000000000        0.0000000000000000                3           5           0
   0.0000000000000000        0.0000000000000000                5           0           3
   0.0000000000000000        0.0000000000000000                5           3           0
   0.0000000000000000        0.0000000000000000               -6          -4          -3
   0.0000000000000000        0.0000000000000000               -6          -3          -4
   0.0000000000000000        0.0000000000000000               -6          -3          -2
   0.0000000000000000        0.0000000000000000               -6          -2          -3
   0.0000000000000000        0.0000000000000000               -5          -5          -5
   0.0000000000000000        0.0000000000000000               -5           0           0
   0.0000000000000000        0.0000000000000000               -4          -6          -3
   0.0000000000000000        0.0000000000000000               -4          -3          -6
   0.0000000000000000        0.0000000000000000               -4          -1           2
   0.0000000000000000        0.0000000000000000               -4           2          -1
   0.0000000000000000        0.0000000000000000               -3          -6          -4
   0.0000000000000000        0.0000000000000000               -3          -6          -2
   0.0000000000000000        0.0000000000000000               -3          -4          -6
   0.0000000000000000        0.0000000000000000               -3          -2          -6
   0.0000000000000000        0.0000000000000000               -3          -1           3
   0.0000000000000000        0.0000000000000000               -3           1           3
   0.0000000000000000        0.0000000000000000               -3           3          -1
   0.0000000000000000        0.0000000000000000               -3           3           1
   0.0000000000000000        0.0000000000000000               -2          -6          -3
   0.0000000000000000        0.0000000000000000               -2          -3          -6
   0.0000000000000000        0.0000000000000000               -2           1           4
   0.0000000000000000        0.0000000000000000               -2           4           1
   0.0000000000000000        0.0000000000000000               -1          -4           2
   0.0000000000000000        0.0000000000000000               -1          -3           3
   0.0000000000000000        0.0000000000000000               -1           2          -4
   0.0000000000000000        0.0000000000000000               -1           3          -3
   0.0000000000000000        0.0000000000000000                0          -5           0
   0.0000000000000000        0.0000000000000000                0           0          -5
   0.0000000000000000        0.0000000000000000                0           0           5
   0.0000000000000000        0.0000000000000000                0           5           0
   0.0000000000000000        0.0000000000000000                1          -3           3
   0.0000000000000000        0.0000000000000000                1          -2           4
   0.0000000000000000        0.0000000000000000                1           3          -3
   0.0000000000000000        0.0000000000000000                1           4          -2
   0.0000000000000000        0.0000000000000000                2          -4          -1
   0.0000000000000000        0.0000000000000000                2          -1          -4
   0.0000000000000000        0.0000000000000000                3          -3          -1
   0.0000000000000000        0.0000000000000000                3          -3           1
   0.0000000000000000        0.0000000000000000                3          -1          -3
   0.0000000000000000        0.0000000000000000                3           1          -3
   0.0000000000000000        0.0000000000000000                4          -2           1
   0.0000000000000000        0.0000000000000000                4           1          -2
   0.0000000000000000        0.0000000000000000                5           0           0
   0.0000000000000000        0.0000000000000000               -6          -4          -4
   0.0000000000000000        0.0000000000000000               -6          -2          -2
   0.0000000000000000        0.0000000000000000               -4          -6          -4
   0.0000000000000000        0.0000000000000000               -4          -4          -6
   0.0000000000000000        0.0000000000000000               -4           0           2
   0.0000000000000000        0.0000000000000000               -4           2           0
   0.0000000000000000        0.0000000000000000               -2          -6          -2
   0.0000000000000000        0.0000000000000000               -2          -2          -6
   0.0000000000000000        0.0000000000000000               -2           0           4
   0.0000000000000000        0.0000000000000000               -2           4           0
   0.0000000000000000        0.0000000000000000                0          -4           2
   0.0000000000000000        0.0000000000000000                0          -2           4
   0.0000000000000000        0.0000000000000000                0           2          -4
   0.0000000000000000        0.0000000000000000                0           4          -2
   0.0000000000000000        0.0000000000000000                2          -4           0
   0.0000000000000000        0.0000000000000000                2           0          -4
   0.0000000000000000        0.0000000000000000                4          -2           0
   0.0000000000000000        0.0000000000000000                4           0          -2
   0.0000000000000000        0.0000000000000000               -6          -4          -2
   0.0000000000000000        0.0000000000000000               -6          -2          -4
   0.0000000000000000        0.0000000000000000               -4          -6          -2
   0.0000000000000000        0.0000000000000000               -4          -2          -6
   0.0000000000000000        0.0000000000000000               -4          -2           2
   0.0000000000000000        0.0000000000000000               -4           2          -2
   0.0000000000000000        0.0000000000000000               -2          -6          -4
   0.0000000000000000        0.0000000000000000               -2          -4          -6
   0.0000000000000000        0.0000000000000000               -2          -4           2
   0.0000000000000000        0.0000000000000000               -2           2          -4
   0.0000000000000000        0.0000000000000000                2          -4          -2
   0.0000000000000000        0.0000000000000000                2          -2          -4
   0.0000000000000000        0.0000000000000000               -5          -5          -1
   0.0000000000000000        0.0000000000000000               -5          -4           0
   0.0000000000000000        0.0000000000000000               -5          -1          -5
   0.0000000000000000        0.0000000000000000               -5           0          -4
   0.0000000000000000        0.0000000000000000               -4          -5           0
   0.0000000000000000        0.0000000000000000               -4          -4           1
   0.0000000000000000        0.0000000000000000               -4           0          -5
   0.0000000000000000        0.0000000000000000               -4           1          -4
   0.0000000000000000        0.0000000000000000               -1          -5          -5
   0.0000000000000000        0.0000000000000000                0          -5          -4
   0.0000000000000000        0.0000000000000000                0          -4          -5
   0.0000000000000000        0.0000000000000000                1          -4          -4
