         718          24          24          24
   6.8344377798261304E-007   3.0087811157247866E-007           0           0           0
  0.12097430566908579      -0.28419145519161787               -1          -1          -1
  0.12097377487553194      -0.28419184161030370               -1           0           0
  0.12097379842979215      -0.28419184214337839                0          -1           0
  0.12097454785015786      -0.28419339647647929                0           0          -1
 -0.12097495129121447       0.28419320234567064                0           0           1
 -0.12097435378283437       0.28419158858972149                0           1           0
 -0.12097436352351180       0.28419156559888636                1           0           0
 -0.12097373571757467       0.28419171227268941                1           1           1
   7.2139549481028131E-002 -0.16946991903470193               -1          -1           0
   7.2139521437494608E-002 -0.16946994918063518               -1           0          -1
   7.2139544913136594E-002 -0.16946992685478102                0          -1          -1
  -7.2139556073257755E-002  0.16946991904533548                0           1           1
  -7.2139620049834874E-002  0.16946991742589504                1           0           1
  -7.2139568797289819E-002  0.16946992234517594                1           1           0
   5.2182677088631825E-008   3.8557720739661347E-008          -2          -1          -1
   5.7916096182947567E-008   3.8754266136231237E-008          -1          -2          -1
  -2.7789789677189436E-008   1.8272149673362769E-007          -1          -1          -2
  -1.0432705683278547E-007   1.4506513830493753E-007          -1           0           1
  -5.1144204416214583E-008  -3.3067578087684156E-008          -1           1           0
  -1.0040076474027764E-007   1.5230382144470376E-007           0          -1           1
   3.6263787687996570E-008  -1.6665329132391141E-007           0           1          -1
  -6.4633255918166462E-008  -3.7924436804764213E-008           1          -1           0
   2.3134872521923419E-008  -1.7046455616021926E-007           1           0          -1
   1.2680926974504844E-007  -1.5667933311111787E-007           1           1           2
   6.8880180624959368E-008   1.3677578152156416E-008           1           2           1
   7.5241856801487655E-008   1.3192615588455772E-008           2           1           1
   8.6239860788915462E-003  -2.0259393733823530E-002          -2          -2          -1
   8.6239693154733059E-003  -2.0259350307098061E-002          -2          -1          -2
  -8.6239481887287507E-003   2.0259358003700892E-002          -2          -1           0
  -8.6239726538233780E-003   2.0259406419431761E-002          -2           0          -1
   8.6239692901693994E-003  -2.0259345712813522E-002          -1          -2          -2
  -8.6239488083289517E-003   2.0259351348907433E-002          -1          -2           0
  -8.6239568141986932E-003   2.0259374693468973E-002          -1          -1           1
  -8.6239625762066299E-003   2.0259363035684586E-002          -1           0          -2
  -8.6239581061436227E-003   2.0259344885238478E-002          -1           1          -1
   8.6239485540028429E-003  -2.0259360477414310E-002          -1           1           1
  -8.6239647823624262E-003   2.0259406609631627E-002           0          -2          -1
  -8.6239552280038233E-003   2.0259371178412443E-002           0          -1          -2
   8.6239670938138453E-003  -2.0259373778408866E-002           0           1           2
   8.6239868730202396E-003  -2.0259387336575833E-002           0           2           1
  -8.6239624580042480E-003   2.0259344524904122E-002           1          -1          -1
   8.6239401751434172E-003  -2.0259351220487297E-002           1          -1           1
   8.6239580416033190E-003  -2.0259371989079112E-002           1           0           2
   8.6239571374372610E-003  -2.0259363168886307E-002           1           1          -1
   8.6239567804053952E-003  -2.0259353331627167E-002           1           2           0
  -8.6239437746511074E-003   2.0259354462270732E-002           1           2           2
   8.6239822768705825E-003  -2.0259388441496329E-002           2           0           1
   8.6239624602108579E-003  -2.0259354316230542E-002           2           1           0
  -8.6239371193558671E-003   2.0259353733620991E-002           2           1           2
  -8.6239620254414291E-003   2.0259400585199129E-002           2           2           1
   1.0327710250917499E-002  -2.4261813336230374E-002          -2          -2          -2
  -1.0327714236492709E-002   2.4261806021510974E-002          -2           0           0
  -1.0327703197905790E-002   2.4261805020933534E-002           0          -2           0
  -1.0327641811539771E-002   2.4261650460895772E-002           0           0          -2
   1.0327645021218027E-002  -2.4261649758053627E-002           0           0           2
   1.0327700667423900E-002  -2.4261796980563379E-002           0           2           0
   1.0327713237956823E-002  -2.4261801917397262E-002           2           0           0
  -1.0327708656788654E-002   2.4261815239096426E-002           2           2           2
  -4.2279893630545832E-009  -1.3020475540598459E-008          -2          -2           0
  -9.1636174164815893E-009   3.8690670343255449E-009          -2           0          -2
  -6.3147752170770661E-009   7.6909890094711773E-009           0          -2          -2
  -5.7680057492878274E-010  -7.3360557991068913E-009           0           2           2
  -4.9672139698628352E-009  -1.1022638359996212E-008           2           0           2
  -1.0048727290104822E-008  -1.8357675808675269E-010           2           2           0
   5.1498943509781800E-003  -1.2098109282035259E-002          -3          -2          -2
   5.1498942202722279E-003  -1.2098109256731588E-002          -3          -1          -1
   5.1498926480853750E-003  -1.2098107658772353E-002          -2          -3          -2
   5.1498909178438320E-003  -1.2098095477114646E-002          -2          -2          -3
  -5.1498861591690939E-003   1.2098096897798706E-002          -2           0           1
  -5.1498925892606660E-003   1.2098106168879580E-002          -2           1           0
   5.1498908506350718E-003  -1.2098111254030368E-002          -1          -3          -1
   5.1498683288453400E-003  -1.2098062799315338E-002          -1          -1          -3
   5.1498787480173756E-003  -1.2098050873117121E-002          -1           0           2
   5.1498950042191214E-003  -1.2098104874884531E-002          -1           2           0
  -5.1498797049442024E-003   1.2098100081074493E-002           0          -2           1
   5.1498784865007148E-003  -1.2098046402102394E-002           0          -1           2
  -5.1498642537514301E-003   1.2098062712362127E-002           0           1          -2
   5.1498910975145444E-003  -1.2098088535819271E-002           0           2          -1
  -5.1498888744556659E-003   1.2098106586088541E-002           1          -2           0
  -5.1498660665474979E-003   1.2098061033753611E-002           1           0          -2
  -5.1498768182142440E-003   1.2098049601561092E-002           1           1           3
  -5.1498925206685236E-003   1.2098103873767892E-002           1           3           1
   5.1498982259466589E-003  -1.2098105304107185E-002           2          -1           0
   5.1498949752836268E-003  -1.2098092784564026E-002           2           0          -1
  -5.1498865120140278E-003   1.2098102283654398E-002           2           2           3
  -5.1498934989947735E-003   1.2098113940003341E-002           2           3           2
  -5.1498978323205680E-003   1.2098104667266234E-002           3           1           1
  -5.1498923917542502E-003   1.2098112338140220E-002           3           2           2
   7.5785406376077226E-003  -1.7803474417132110E-002          -3          -2          -1
   7.5785433782864257E-003  -1.7803473851129563E-002          -3          -1          -2
   7.5785402354820201E-003  -1.7803473805088378E-002          -2          -3          -1
   7.5785299979923204E-003  -1.7803444570752270E-002          -2          -1          -3
  -7.5785268535424558E-003   1.7803445091617524E-002          -2          -1           1
  -7.5785405908021380E-003   1.7803470426664893E-002          -2           1          -1
   7.5785413694762190E-003  -1.7803474164305527E-002          -1          -3          -2
   7.5785284984125059E-003  -1.7803445970517445E-002          -1          -2          -3
  -7.5785259635647844E-003   1.7803443708523006E-002          -1          -2           1
  -7.5785264660764790E-003   1.7803441043663520E-002          -1           1          -2
   7.5785295334611048E-003  -1.7803445232596242E-002          -1           1           2
   7.5785412524138999E-003  -1.7803471120741172E-002          -1           2           1
  -7.5785403129814966E-003   1.7803471792280770E-002           1          -2          -1
  -7.5785267536867349E-003   1.7803444620433390E-002           1          -1          -2
   7.5785257781517583E-003  -1.7803443394603026E-002           1          -1           2
   7.5785255536129142E-003  -1.7803443359738855E-002           1           2          -1
  -7.5785297904876568E-003   1.7803446289210791E-002           1           2           3
  -7.5785418574965306E-003   1.7803473181706626E-002           1           3           2
   7.5785394216584898E-003  -1.7803470821223823E-002           2          -1           1
   7.5785278357637098E-003  -1.7803444830673702E-002           2           1          -1
  -7.5785269700364690E-003   1.7803445892731709E-002           2           1           3
  -7.5785399425023509E-003   1.7803474466182106E-002           2           3           1
  -7.5785400646907041E-003   1.7803473052491331E-002           3           1           2
  -7.5785419134718635E-003   1.7803474385301540E-002           3           2           1
  -6.7789519412096667E-004   1.5925138050056846E-003          -3          -3          -2
  -6.7789454874368727E-004   1.5925151329717641E-003          -3          -2          -3
  -6.7790066152462040E-004   1.5925107240842003E-003          -3          -1           0
  -6.7790029083395517E-004   1.5925103132450576E-003          -3           0          -1
  -6.7789562762483619E-004   1.5925149369866356E-003          -2          -3          -3
   6.7790106064784803E-004  -1.5925126575833061E-003          -2           1           1
  -6.7790071717299942E-004   1.5925070148838246E-003          -1          -3           0
  -6.7789180823248551E-004   1.5925236034004199E-003          -1          -1           2
  -6.7790592320002470E-004   1.5925098253912616E-003          -1           0          -3
  -6.7789191603912511E-004   1.5925153967806770E-003          -1           2          -1
  -6.7789842594690721E-004   1.5925093379900788E-003           0          -3          -1
  -6.7790417407048264E-004   1.5925126305384734E-003           0          -1          -3
   6.7789414012869561E-004  -1.5925213000828752E-003           0           1           3
   6.7789490363524298E-004  -1.5925119235683086E-003           0           3           1
   6.7790165836479428E-004  -1.5925091835034748E-003           1          -2           1
   6.7789303646806451E-004  -1.5925234774857939E-003           1           0           3
   6.7790611628624803E-004  -1.5925104540403354E-003           1           1          -2
   6.7789350059619595E-004  -1.5925171039587115E-003           1           3           0
  -6.7789323572648732E-004   1.5925124175269420E-003           2          -1          -1
   6.7789827653742698E-004  -1.5925081755421909E-003           2           3           3
   6.7789364926947385E-004  -1.5925110943076468E-003           3           0           1
   6.7789348776010135E-004  -1.5925139478736767E-003           3           1           0
   6.7789930814857982E-004  -1.5925089513248955E-003           3           2           3
   6.7789796823933474E-004  -1.5925070895905485E-003           3           3           2
  -3.4389429844045218E-003   8.0787480219331152E-003          -3          -3          -3
   2.7697579748745694E-003  -6.5067011732341199E-003          -3          -3          -1
   2.7697524201819195E-003  -6.5066984584865161E-003          -3          -2           0
   2.7697575824328748E-003  -6.5066947408000198E-003          -3          -1          -3
   2.7697567441443876E-003  -6.5067029152465249E-003          -3           0          -2
  -3.4389430088048621E-003   8.0787443735605216E-003          -3           0           0
   2.7697515744550191E-003  -6.5066989183917316E-003          -2          -3           0
  -2.7697544946247445E-003   6.5066878477131780E-003          -2          -2           1
   2.7697502680612872E-003  -6.5066935401951300E-003          -2           0          -3
  -2.7697573900283836E-003   6.5066933249627572E-003          -2           1          -2
   2.7697553700976284E-003  -6.5066955550208442E-003          -1          -3          -3
   2.7697547297864025E-003  -6.5066957452289721E-003          -1           2           2
   2.7697565581860854E-003  -6.5067030064360053E-003           0          -3          -2
  -3.4389439493341884E-003   8.0787441652431773E-003           0          -3           0
   2.7697506265309882E-003  -6.5066931507674211E-003           0          -2          -3
  -3.4389358438755529E-003   8.0787219576337489E-003           0           0          -3
   3.4389294799066091E-003  -8.0787327025617136E-003           0           0           3
  -2.7697553276007747E-003   6.5066903042780627E-003           0           2           3
   3.4389389708905510E-003  -8.0787457860812557E-003           0           3           0
  -2.7697586425768170E-003   6.5067025154574550E-003           0           3           2
  -2.7697560601082733E-003   6.5066953112755564E-003           1          -2          -2
  -2.7697550610534596E-003   6.5066978381238738E-003           1           3           3
   2.7697506744884630E-003  -6.5066972892984598E-003           2          -1           2
  -2.7697554247570269E-003   6.5066883674308887E-003           2           0           3
   2.7697497909098851E-003  -6.5066950338734785E-003           2           2          -1
  -2.7697565070066358E-003   6.5066932963514425E-003           2           3           0
   3.4389403309892891E-003  -8.0787466616684418E-003           3           0           0
  -2.7697600237314747E-003   6.5067014494947532E-003           3           0           2
  -2.7697515022770862E-003   6.5066981329165944E-003           3           1           3
  -2.7697579680612231E-003   6.5066944312666781E-003           3           2           0
  -2.7697565097733710E-003   6.5067059423191244E-003           3           3           1
   3.4389430898775965E-003  -8.0787455712372815E-003           3           3           3
   1.6377639064871213E-010   9.7241554543547145E-010          -4          -2          -2
  -9.0478584181163909E-010   2.6029949518746074E-009          -2          -4          -2
   1.3013259332915936E-009   3.6532855281571037E-009          -2          -2          -4
   2.2564445437179519E-009  -6.4136308345259647E-010          -2           0           2
   1.0768561632098014E-009  -1.5116688470134198E-011          -2           2           0
   2.6407207967812241E-009   2.7639529428064270E-009           0          -2           2
   2.5897148075320192E-009   4.5562832944124633E-009           0           2          -2
   2.7985584697264658E-010  -5.6238831027934911E-010           2          -2           0
   1.7830230721868601E-009   1.2275060341700213E-009           2           0          -2
   5.2988040308375285E-010   1.2428163281074112E-009           2           2           4
  -9.3756758564872177E-010   2.2326933753442597E-009           2           4           2
  -3.3486726758274058E-010   4.0548562803228268E-010           4           2           2
  -1.3020485934561743E-003   3.0587664785214374E-003          -4          -3          -2
  -1.3020490685772439E-003   3.0587660099963636E-003          -4          -2          -3
   1.3020482151482791E-003  -3.0587652057582457E-003          -4          -2          -1
   1.3020485649219765E-003  -3.0587643277129898E-003          -4          -1          -2
  -1.3020486900703178E-003   3.0587668540411174E-003          -3          -4          -2
  -1.3020465871317762E-003   3.0587625562678148E-003          -3          -2          -4
  -1.3020465811329680E-003   3.0587610705913090E-003          -3          -1           1
  -1.3020485807552665E-003   3.0587638940327432E-003          -3           1          -1
  -1.3020491939610703E-003   3.0587669943596529E-003          -2          -4          -3
   1.3020477180283457E-003  -3.0587642781725877E-003          -2          -4          -1
  -1.3020465882099866E-003   3.0587631763991019E-003          -2          -3          -4
   1.3020448770094978E-003  -3.0587526545496979E-003          -2          -1          -4
  -1.3020422771068806E-003   3.0587570730994250E-003          -2          -1           2
   1.3020468002252321E-003  -3.0587617744507098E-003          -2           1           2
  -1.3020467769934790E-003   3.0587645337162650E-003          -2           2          -1
   1.3020484024706398E-003  -3.0587655341467986E-003          -2           2           1
   1.3020472838672344E-003  -3.0587644924078118E-003          -1          -4          -2
  -1.3020465250661376E-003   3.0587594832691932E-003          -1          -3           1
   1.3020443741570227E-003  -3.0587540922991825E-003          -1          -2          -4
  -1.3020419234519008E-003   3.0587578144263003E-003          -1          -2           2
  -1.3020446662280428E-003   3.0587518041607915E-003          -1           1          -3
   1.3020432265178033E-003  -3.0587565918541956E-003          -1           1           3
  -1.3020440551366522E-003   3.0587613743812128E-003          -1           2          -2
   1.3020477238794353E-003  -3.0587646452638756E-003          -1           3           1
  -1.3020475972513909E-003   3.0587649960106683E-003           1          -3          -1
   1.3020470467796437E-003  -3.0587604286589267E-003           1          -2           2
  -1.3020440861096565E-003   3.0587546577438779E-003           1          -1          -3
   1.3020420452679294E-003  -3.0587584123620867E-003           1          -1           3
   1.3020445813045462E-003  -3.0587526685790980E-003           1           2          -2
  -1.3020436868737674E-003   3.0587575459070189E-003           1           2           4
   1.3020446781441227E-003  -3.0587631813507815E-003           1           3          -1
  -1.3020483313171557E-003   3.0587660093240971E-003           1           4           2
  -1.3020483921081950E-003   3.0587648030860832E-003           2          -2          -1
   1.3020486371676445E-003  -3.0587657752654744E-003           2          -2           1
  -1.3020457365450092E-003   3.0587612584133004E-003           2          -1          -2
   1.3020446367138002E-003  -3.0587541681098584E-003           2           1          -2
  -1.3020428727103185E-003   3.0587584885978778E-003           2           1           4
   1.3020459043783668E-003  -3.0587612004047476E-003           2           3           4
  -1.3020479146788372E-003   3.0587675341308303E-003           2           4           1
   1.3020472784948211E-003  -3.0587654967469671E-003           2           4           3
   1.3020477875118671E-003  -3.0587652351187723E-003           3          -1           1
   1.3020458036665738E-003  -3.0587622549618824E-003           3           1          -1
   1.3020461802864798E-003  -3.0587616552168748E-003           3           2           4
   1.3020471208807865E-003  -3.0587648498428786E-003           3           4           2
  -1.3020481006945153E-003   3.0587659906448042E-003           4           1           2
  -1.3020487449963963E-003   3.0587665395749881E-003           4           2           1
   1.3020477199645174E-003  -3.0587663547694700E-003           4           2           3
   1.3020474206939942E-003  -3.0587653318401280E-003           4           3           2
  -1.5177139983602772E-003   3.5654046620952795E-003          -4          -3          -3
   1.5177123717580383E-003  -3.5654035111596792E-003          -4          -1          -1
  -1.5177127481846224E-003   3.5654050903423354E-003          -3          -4          -3
  -1.5177119425487367E-003   3.5654000135112592E-003          -3          -3          -4
   1.4579317872416787E-003  -3.4249689416578195E-003          -3          -3           0
   1.4579323850903649E-003  -3.4249666500234775E-003          -3           0          -3
  -1.5177111730966832E-003   3.5653986867343304E-003          -3           0           1
  -1.5177125907088207E-003   3.5654029196982287E-003          -3           1           0
   1.5177126277005413E-003  -3.5654045343539767E-003          -1          -4          -1
   1.5177050367512744E-003  -3.5653891992389586E-003          -1          -1          -4
   1.5177057796362011E-003  -3.5653894180373074E-003          -1           0           3
   1.5177120215745246E-003  -3.5654027703973883E-003          -1           3           0
   1.4579319610643518E-003  -3.4249686692204668E-003           0          -3          -3
  -1.5177115118374096E-003   3.5653992861049092E-003           0          -3           1
   1.5177045753540076E-003  -3.5653895315923109E-003           0          -1           3
  -1.5177049446480594E-003   3.5653884726021489E-003           0           1          -3
   1.5177098271863287E-003  -3.5653979136739773E-003           0           3          -1
  -1.4579329675359193E-003   3.4249691965079982E-003           0           3           3
  -1.5177138702682164E-003   3.5654037648843533E-003           1          -3           0
  -1.5177059143953726E-003   3.5653889141087714E-003           1           0          -3
  -1.5177050542519118E-003   3.5653900391677527E-003           1           1           4
  -1.5177113037736600E-003   3.5654038077677385E-003           1           4           1
   1.5177125292029044E-003  -3.5654039644775750E-003           3          -1           0
   1.5177114912364434E-003  -3.5653993980477080E-003           3           0          -1
  -1.4579321602248368E-003   3.4249704276471116E-003           3           0           3
  -1.4579322871886551E-003   3.4249692139723528E-003           3           3           0
   1.5177118309145060E-003  -3.5654001611543883E-003           3           3           4
   1.5177131588779795E-003  -3.5654052036174053E-003           3           4           3
  -1.5177127996161823E-003   3.5654043940142625E-003           4           1           1
   1.5177138642707970E-003  -3.5654046630975876E-003           4           3           3
   3.1909092885153891E-010  -6.7064817744457409E-010          -4          -3          -1
  -6.0716170578955490E-010   1.4083962574163920E-009          -4          -1          -3
  -3.9151968429604743E-011   7.1942836287580217E-011          -3          -4          -1
  -1.0549124450056733E-009   1.1085765785057193E-009          -3          -2           1
  -1.6127931084584854E-011   2.5377474633343424E-009          -3          -1          -4
   8.3920272524748809E-012  -1.3258642239495004E-009          -3           1          -2
  -8.3632609012208845E-010   8.9697049824878938E-011          -2          -3           1
  -5.8570444366608483E-010  -2.6376490304570590E-009          -2           1          -3
  -2.0793075180196271E-009   1.5765485561682154E-009          -1          -4          -3
  -1.1559302063229304E-009   1.8605759810332049E-009          -1          -3          -4
  -3.1334971672633796E-011   2.6064141805520904E-009          -1           2           3
   2.4815771455158162E-010   2.2613907683000385E-009          -1           3           2
   1.9232715766510395E-009  -4.2167417922820519E-010           1          -3          -2
   1.0098745018639110E-009  -7.2378932135303330E-010           1          -2          -3
  -8.0042205037284695E-010  -1.6053804088635412E-009           1           3           4
  -1.0689310967055947E-009  -1.3928212401048004E-009           1           4           3
  -7.9077230978226652E-010   8.0010433788684311E-010           2          -1           3
   2.5610448277291587E-010  -3.2383364946237846E-009           2           3          -1
  -2.4743537798071256E-010   1.8580133177144348E-009           3          -1           2
   1.9312024064282696E-010  -1.1953573360268075E-009           3           1           4
   3.8432366857874136E-010  -1.9517153477947805E-009           3           2          -1
  -1.6255360956541417E-009   2.4760926401664693E-009           3           4           1
  -1.9073367425118540E-010  -1.9693726424465967E-009           4           1           3
  -1.7102943938078546E-009   1.4915125531817109E-009           4           3           1
  -2.3140560249832926E-004   5.4362032312333655E-004          -4          -4          -3
  -2.3140553411354575E-004   5.4361858841325958E-004          -4          -3          -4
   2.3140679586492496E-004  -5.4361855129367992E-004          -4          -1           0
   2.3140774695968241E-004  -5.4362018634245804E-004          -4           0          -1
  -2.3140498582097598E-004   5.4361848651510018E-004          -3          -4          -4
  -2.3140721492537358E-004   5.4361784692703798E-004          -3           1           1
   2.3140647846541597E-004  -5.4361863927943630E-004          -1          -4           0
   2.3140292111190777E-004  -5.4361202643470735E-004          -1          -1           3
   2.3140367760098862E-004  -5.4361536141489986E-004          -1           0          -4
   2.3140566181520017E-004  -5.4361753130848173E-004          -1           3          -1
   2.3140766445254506E-004  -5.4362006657904282E-004           0          -4          -1
   2.3140376821717266E-004  -5.4361495711377527E-004           0          -1          -4
  -2.3140318184320207E-004   5.4361238913395809E-004           0           1           4
  -2.3140571980526223E-004   5.4362005172404917E-004           0           4           1
  -2.3140660557656914E-004   5.4361810091923526E-004           1          -3           1
  -2.3140295232121206E-004   5.4361188940375024E-004           1           0           4
  -2.3140369298470625E-004   5.4361510270833273E-004           1           1          -3
  -2.3140516121700579E-004   5.4361734451921105E-004           1           4           0
   2.3140562236287614E-004  -5.4361802804031730E-004           3          -1          -1
   2.3140781523111283E-004  -5.4361871525321446E-004           3           4           4
  -2.3140630654347962E-004   5.4361989027210502E-004           4           0           1
  -2.3140604324771476E-004   5.4361794665219753E-004           4           1           0
   2.3140725709247230E-004  -5.4361832409485344E-004           4           3           4
   2.3140836394511236E-004  -5.4362049434199234E-004           4           4           3
  -3.7316701689724352E-004   8.7664237913116522E-004          -4          -4          -2
  -3.7316715230392678E-004   8.7663909643879664E-004          -4          -2          -4
   3.7316517090831892E-004  -8.7663991041456309E-004          -4          -2           0
   3.7316616284395319E-004  -8.7664116238660183E-004          -4           0          -2
  -3.7316593344899075E-004   8.7664017348711870E-004          -2          -4          -4
   3.7316543433787909E-004  -8.7663958799024267E-004          -2          -4           0
  -3.7316266586191001E-004   8.7663497578212269E-004          -2          -2           2
   3.7316259789822937E-004  -8.7663425654460180E-004          -2           0          -4
  -3.7316601345780087E-004   8.7663808440464246E-004          -2           2          -2
   3.7316614104565662E-004  -8.7663935315262576E-004          -2           2           2
   3.7316671687628216E-004  -8.7664191851763852E-004           0          -4          -2
   3.7316299419862687E-004  -8.7663509669916686E-004           0          -2          -4
  -3.7316359160819199E-004   8.7663517471727067E-004           0           2           4
  -3.7316677581723768E-004   8.7664196717652989E-004           0           4           2
  -3.7316548272297179E-004   8.7663939320988720E-004           2          -2          -2
   3.7316681521188619E-004  -8.7663994920836037E-004           2          -2           2
  -3.7316254120062768E-004   8.7663604160405470E-004           2           0           4
   3.7316337013315208E-004  -8.7663488373335239E-004           2           2          -2
  -3.7316549451340734E-004   8.7663954365345994E-004           2           4           0
   3.7316646799523043E-004  -8.7664009727020050E-004           2           4           4
  -3.7316606660145853E-004   8.7664267991174709E-004           4           0           2
  -3.7316618109727235E-004   8.7663989950660637E-004           4           2           0
   3.7316653775926553E-004  -8.7664034230040648E-004           4           2           4
   3.7316733000168520E-004  -8.7664239631606283E-004           4           4           2
   1.3923807440643975E-004  -3.2709823614956784E-004          -4          -4          -4
  -1.3923794114096641E-004   3.2709733159137381E-004          -4           0           0
  -1.3923583499091856E-004   3.2709782592994286E-004           0          -4           0
  -1.3923819617746807E-004   3.2709465037227063E-004           0           0          -4
   1.3923927739826971E-004  -3.2709689785559117E-004           0           0           4
   1.3923820868983790E-004  -3.2709783615940283E-004           0           4           0
   1.3924054041033346E-004  -3.2709675418879727E-004           4           0           0
  -1.3923508144429053E-004   3.2709755488031595E-004           4           4           4
   9.3152473169916814E-005  -2.1883230666677858E-004          -5          -3          -3
   9.3151232509386747E-005  -2.1883237586622735E-004          -5          -2          -2
   6.5382888272329422E-005  -1.5359731599049576E-004          -4          -4          -1
  -6.5383496345230820E-005   1.5359681475164737E-004          -4          -3           0
   6.5382814833516109E-005  -1.5359757984314561E-004          -4          -1          -4
  -6.5382796403595135E-005   1.5359775983844867E-004          -4           0          -3
   9.3153134446479605E-005  -2.1883247129787588E-004          -3          -5          -3
  -6.5383895927927381E-005   1.5359724857535344E-004          -3          -4           0
   9.3153369457534520E-005  -2.1883525009645875E-004          -3          -3          -5
  -6.5383802023938589E-005   1.5359920576379828E-004          -3          -3           1
  -6.5383433620261382E-005   1.5359988460552634E-004          -3           0          -4
   9.3152536033086738E-005  -2.1883531666119270E-004          -3           0           2
  -6.5383384580657461E-005   1.5359780923033471E-004          -3           1          -3
   9.3151670444429333E-005  -2.1883289417296912E-004          -3           2           0
   9.3150883793785715E-005  -2.1883217288933782E-004          -2          -5          -2
   9.3153205317255379E-005  -2.1883487722517081E-004          -2          -2          -5
  -9.3154320123360406E-005   2.1883537554355851E-004          -2           0           3
  -9.3152606995853529E-005   2.1883250845165629E-004          -2           3           0
   6.5382297648476685E-005  -1.5359717397026289E-004          -1          -4          -4
   6.5383498894305053E-005  -1.5359637814800944E-004          -1           3           3
  -6.5384654725896907E-005   1.5359713633529692E-004           0          -4          -3
  -6.5384793581375319E-005   1.5359884335579545E-004           0          -3          -4
   9.3152414029036592E-005  -2.1883476407087119E-004           0          -3           2
  -9.3154635104934311E-005   2.1883607356699367E-004           0          -2           3
   9.3153788886961419E-005  -2.1883491000347898E-004           0           2          -3
  -9.3153535274108587E-005   2.1883612761100648E-004           0           3          -2
   6.5382394775952466E-005  -1.5359980370994832E-004           0           3           4
   6.5381895612687735E-005  -1.5359792715915563E-004           0           4           3
  -6.5382060823572502E-005   1.5359790296134838E-004           1          -3          -3
  -6.5384189059937230E-005   1.5359653285842208E-004           1           4           4
   9.3150827257530640E-005  -2.1883302676928436E-004           2          -3           0
   9.3153194081759135E-005  -2.1883544362236924E-004           2           0          -3
  -9.3154983351142210E-005   2.1883556520936256E-004           2           2           5
  -9.3153590842504202E-005   2.1883230821811663E-004           2           5           2
  -9.3153206941118288E-005   2.1883203951666535E-004           3          -2           0
   6.5384055628706783E-005  -1.5359617727891435E-004           3          -1           3
  -9.3153718558204671E-005   2.1883489372572412E-004           3           0          -2
   6.5382817411772728E-005  -1.5359907271424102E-004           3           0           4
   6.5384197530885254E-005  -1.5359941163596908E-004           3           3          -1
  -9.3151819078696920E-005   2.1883469098757786E-004           3           3           5
   6.5382228809847864E-005  -1.5359661337230936E-004           3           4           0
  -9.3150807569621161E-005   2.1883193818573635E-004           3           5           3
   6.5381850061476033E-005  -1.5359788606927600E-004           4           0           3
  -6.5384525069795541E-005   1.5359600542384159E-004           4           1           4
   6.5381719489348027E-005  -1.5359716019628544E-004           4           3           0
  -6.5384243154314916E-005   1.5359743291046228E-004           4           4           1
  -9.3153519918002132E-005   2.1883197476508094E-004           5           2           2
  -9.3150620095627855E-005   2.1883249523187072E-004           5           3           3
   1.3610661324101452E-004  -3.1974036605821602E-004          -5          -3          -2
   1.3610630090438934E-004  -3.1974074213815236E-004          -5          -2          -3
   1.3610715995794506E-004  -3.1974035861135410E-004          -3          -5          -2
   1.3610804489559236E-004  -3.1974419761804807E-004          -3          -2          -5
   1.3610818618983663E-004  -3.1974440205316957E-004          -3          -1           2
   1.3610664706921631E-004  -3.1974120020009816E-004          -3           2          -1
   1.3610711850515169E-004  -3.1974021858325268E-004          -2          -5          -3
   1.3610825762975495E-004  -3.1974391462481826E-004          -2          -3          -5
  -1.3610768965345137E-004   3.1974461448344997E-004          -2           1           3
  -1.3610644945485597E-004   3.1974099186425387E-004          -2           3           1
   1.3610868181088530E-004  -3.1974452112692054E-004          -1          -3           2
   1.3610834523736953E-004  -3.1974492742998785E-004          -1           2          -3
  -1.3610825975315775E-004   3.1974424666182460E-004           1          -2           3
  -1.3610828449614259E-004   3.1974464133873029E-004           1           3          -2
   1.3610659485464570E-004  -3.1974094309678155E-004           2          -3          -1
   1.3610792313951286E-004  -3.1974445239127381E-004           2          -1          -3
  -1.3610807464709614E-004   3.1974428067117495E-004           2           3           5
  -1.3610687248343764E-004   3.1974031416969091E-004           2           5           3
  -1.3610636944923752E-004   3.1974073943017968E-004           3          -2           1
  -1.3610753298192851E-004   3.1974443709476317E-004           3           1          -2
  -1.3610833052015841E-004   3.1974402151607615E-004           3           2           5
  -1.3610695069898908E-004   3.1974035518647805E-004           3           5           2
  -1.3610655776641781E-004   3.1974054808835297E-004           5           2           3
  -1.3610622468629020E-004   3.1974064129161161E-004           5           3           2
   5.6982246307481353E-005  -1.3386058305782969E-004          -5          -4          -3
   5.6982214214156976E-005  -1.3386086059585461E-004          -5          -3          -4
   5.6980827735626101E-005  -1.3386096823794541E-004          -5          -2          -1
   5.6980775850275992E-005  -1.3386058577459964E-004          -5          -1          -2
   5.6982330905832965E-005  -1.3386098058739294E-004          -4          -5          -3
   5.6981954053355668E-005  -1.3386116276112894E-004          -4          -3          -5
  -5.6981131184938843E-005   1.3386144701240990E-004          -4          -1           1
  -5.6980912868291843E-005   1.3386069765094274E-004          -4           1          -1
   5.6982542413499259E-005  -1.3386132504589814E-004          -3          -5          -4
   5.6982197186202355E-005  -1.3386116028889011E-004          -3          -4          -5
   5.6980932781222264E-005  -1.3386168401303522E-004          -3           1           2
   5.6980745835344880E-005  -1.3386129423047694E-004          -3           2           1
   5.6979865076446164E-005  -1.3386089674492663E-004          -2          -5          -1
   5.6981281037038756E-005  -1.3385959852134160E-004          -2          -1          -5
  -5.6982681016742020E-005   1.3386022724983646E-004          -2          -1           3
  -5.6982070718954507E-005   1.3386074494429559E-004          -2           3          -1
   5.6979495653220342E-005  -1.3386086446263811E-004          -1          -5          -2
  -5.6980303765683804E-005   1.3386117009493953E-004          -1          -4           1
   5.6981004117599120E-005  -1.3385990710486879E-004          -1          -2          -5
  -5.6982690245172228E-005   1.3386089622958127E-004          -1          -2           3
  -5.6981448609821683E-005   1.3385951380009633E-004          -1           1          -4
   5.6982929182561274E-005  -1.3385989566494554E-004          -1           1           4
  -5.6981859530172821E-005   1.3386118244013612E-004          -1           3          -2
   5.6982470567748346E-005  -1.3386008307734310E-004          -1           4           1
  -5.6979667402340185E-005   1.3386147010931775E-004           1          -4          -1
   5.6980265148971213E-005  -1.3386150474681158E-004           1          -3           2
  -5.6981089604115139E-005   1.3386049297558380E-004           1          -1          -4
   5.6982915133964339E-005  -1.3386086099516345E-004           1          -1           4
   5.6981113791485399E-005  -1.3385952473687486E-004           1           2          -3
  -5.6983194062572300E-005   1.3386043934370239E-004           1           2           5
   5.6982170404669451E-005  -1.3386139873536711E-004           1           4          -1
  -5.6982744063378569E-005   1.3386052666188904E-004           1           5           2
   5.6980026064621679E-005  -1.3386185285986092E-004           2          -3           1
   5.6981159270656284E-005  -1.3386018428705859E-004           2           1          -3
  -5.6983119727496410E-005   1.3386066263261652E-004           2           1           5
  -5.6982671081917573E-005   1.3386132516589677E-004           2           5           1
  -5.6983527820299749E-005   1.3386033482886789E-004           3          -2          -1
  -5.6983188628553898E-005   1.3386019930768475E-004           3          -1          -2
  -5.6979533310569552E-005   1.3386144634632688E-004           3           4           5
  -5.6979382788171329E-005   1.3386107484447931E-004           3           5           4
   5.6983416639455304E-005  -1.3385990311123215E-004           4          -1           1
   5.6983092423050414E-005  -1.3386035640314701E-004           4           1          -1
  -5.6979650712712904E-005   1.3386164236994246E-004           4           3           5
  -5.6979288116094369E-005   1.3386059823399470E-004           4           5           3
  -5.6983523219701770E-005   1.3385994718741661E-004           5           1           2
  -5.6983509540909493E-005   1.3386054227897454E-004           5           2           1
  -5.6979607370819889E-005   1.3386176172436982E-004           5           3           4
  -5.6979409373639423E-005   1.3386108560613160E-004           5           4           3
  -1.7313101093301592E-004   4.0672100530037496E-004          -5          -4          -4
   2.4290635545497192E-004  -5.7063309952830202E-004          -5          -4          -2
   2.4290567901030186E-004  -5.7063401368429760E-004          -5          -3          -1
   2.4290629292266836E-004  -5.7063397054091909E-004          -5          -2          -4
   2.4290533080628966E-004  -5.7063386627224510E-004          -5          -1          -3
  -1.7313250169769272E-004   4.0672088593619643E-004          -5          -1          -1
  -1.7313101903072126E-004   4.0672073515868795E-004          -4          -5          -4
   2.4290665052491102E-004  -5.7063332289584057E-004          -4          -5          -2
  -1.7313130247460375E-004   4.0672131251528885E-004          -4          -4          -5
   2.4290657321558988E-004  -5.7063501914793682E-004          -4          -2          -5
  -2.4290612799107326E-004   5.7063507288380489E-004          -4          -2           1
   1.7313271094335968E-004  -4.0672107318015261E-004          -4           0           1
  -2.4290567542638796E-004   5.7063394153126286E-004          -4           1          -2
   1.7313251153045601E-004  -4.0672091594272445E-004          -4           1           0
   2.4290539800027533E-004  -5.7063398397715385E-004          -3          -5          -1
   2.4290744278149717E-004  -5.7063485004719755E-004          -3          -2           2
   2.4290648684135459E-004  -5.7063517734101069E-004          -3          -1          -5
   2.4290643352587620E-004  -5.7063417671131592E-004          -3           2          -2
   2.4290716564796678E-004  -5.7063381675948055E-004          -2          -5          -4
   2.4290707962088874E-004  -5.7063466617566583E-004          -2          -4          -5
  -2.4290586494188035E-004   5.7063497041036782E-004          -2          -4           1
   2.4290770503697533E-004  -5.7063521025982312E-004          -2          -3           2
  -2.4290680777074331E-004   5.7063530638750109E-004          -2           1          -4
   2.4290674486356371E-004  -5.7063530278933581E-004          -2           2          -3
  -2.4290558667908882E-004   5.7063546121066482E-004          -2           2           3
  -2.4290540070900346E-004   5.7063443828633809E-004          -2           3           2
   2.4290482387762590E-004  -5.7063354179012358E-004          -1          -5          -3
  -1.7313287211947976E-004   4.0672042899786215E-004          -1          -5          -1
   2.4290627174175487E-004  -5.7063501556783804E-004          -1          -3          -5
  -1.7313360343303413E-004   4.0672416800727158E-004          -1          -1          -5
  -1.7313255883932301E-004   4.0672326810838971E-004          -1           0           4
   2.4290744296290195E-004  -5.7063456859545694E-004          -1           2           4
  -1.7313164323178062E-004   4.0672145610161635E-004          -1           4           0
   2.4290667156666635E-004  -5.7063291260019469E-004          -1           4           2
   1.7313285575415560E-004  -4.0672077026392324E-004           0          -4           1
  -1.7313260337487539E-004   4.0672284774308633E-004           0          -1           4
   1.7313359231747470E-004  -4.0672433800145085E-004           0           1          -4
  -1.7313203222107894E-004   4.0672167486128900E-004           0           4          -1
  -2.4290469978398928E-004   5.7063399704789094E-004           1          -4          -2
   1.7313281984786635E-004  -4.0672008625102770E-004           1          -4           0
  -2.4290613249759998E-004   5.7063546617536697E-004           1          -2          -4
   1.7313372161758026E-004  -4.0672382713762277E-004           1           0          -4
   1.7313239439787628E-004  -4.0672291246618213E-004           1           1           5
  -2.4290793825670339E-004   5.7063473800467298E-004           1           3           5
   1.7313150879852635E-004  -4.0672096937666597E-004           1           5           1
  -2.4290716556411266E-004   5.7063291731053434E-004           1           5           3
   2.4290744770352494E-004  -5.7063367104166827E-004           2          -3          -2
   2.4290746330231917E-004  -5.7063445354266576E-004           2          -2          -3
  -2.4290554637895398E-004   5.7063485286661943E-004           2          -2           3
   2.4290770784846175E-004  -5.7063471306050039E-004           2          -1           4
  -2.4290642892491477E-004   5.7063472253677627E-004           2           3          -2
   2.4290711142558216E-004  -5.7063518644536371E-004           2           4          -1
  -2.4290519334064763E-004   5.7063501753537712E-004           2           4           5
  -2.4290502005483707E-004   5.7063394865275062E-004           2           5           4
  -2.4290501571066429E-004   5.7063432055632127E-004           3          -2           2
  -2.4290801785550040E-004   5.7063455613616402E-004           3           1           5
  -2.4290610124106415E-004   5.7063508537463163E-004           3           2          -2
  -2.4290729496549761E-004   5.7063406829781650E-004           3           5           1
  -1.7313072535585171E-004   4.0672104836429854E-004           4          -1           0
   2.4290702421687286E-004  -5.7063260268132852E-004           4          -1           2
  -1.7313112406654472E-004   4.0672156989597619E-004           4           0          -1
   2.4290712246535239E-004  -5.7063452365160752E-004           4           2          -1
  -2.4290546009452795E-004   5.7063484031777065E-004           4           2           5
   1.7313334007670834E-004  -4.0672042445781602E-004           4           4           5
  -2.4290496049893140E-004   5.7063308066021600E-004           4           5           2
   1.7313317694473166E-004  -4.0672021928012602E-004           4           5           4
   1.7313069448475824E-004  -4.0672087056292493E-004           5           1           1
  -2.4290734615763014E-004   5.7063254616373301E-004           5           1           3
  -2.4290502926010236E-004   5.7063421838835686E-004           5           2           4
  -2.4290729052514704E-004   5.7063364271116356E-004           5           3           1
  -2.4290466217349158E-004   5.7063346759655823E-004           5           4           2
   1.7313320049343241E-004  -4.0671991164008031E-004           5           4           4
  -6.0687831964705097E-010  -5.3668160230850511E-010          -4          -4           0
  -6.2728293652710349E-010  -2.5159268805971278E-010          -4           0          -4
  -1.3199646441857846E-009  -4.4175481852721734E-010           0          -4          -4
  -1.1381653585752782E-009  -9.0541881366726785E-010           0           4           4
  -8.5057772758938662E-010  -8.8103436938073623E-010           4           0           4
  -1.1201386554369066E-009   1.6856385637977324E-011           4           4           0
   0.0000000000000000        0.0000000000000000               -5          -5          -3
   0.0000000000000000        0.0000000000000000               -5          -3          -5
   0.0000000000000000        0.0000000000000000               -5          -2           0
   0.0000000000000000        0.0000000000000000               -5           0          -2
   0.0000000000000000        0.0000000000000000               -3          -5          -5
   0.0000000000000000        0.0000000000000000               -3           2           2
   0.0000000000000000        0.0000000000000000               -2          -5           0
   0.0000000000000000        0.0000000000000000               -2          -2           3
   0.0000000000000000        0.0000000000000000               -2           0          -5
   0.0000000000000000        0.0000000000000000               -2           3          -2
   0.0000000000000000        0.0000000000000000                0          -5          -2
   0.0000000000000000        0.0000000000000000                0          -2          -5
   0.0000000000000000        0.0000000000000000                0           2           5
   0.0000000000000000        0.0000000000000000                0           5           2
   0.0000000000000000        0.0000000000000000                2          -3           2
   0.0000000000000000        0.0000000000000000                2           0           5
   0.0000000000000000        0.0000000000000000                2           2          -3
   0.0000000000000000        0.0000000000000000                2           5           0
   0.0000000000000000        0.0000000000000000                3          -2          -2
   0.0000000000000000        0.0000000000000000                5           0           2
   0.0000000000000000        0.0000000000000000                5           2           0
   0.0000000000000000        0.0000000000000000               -5          -5          -4
   0.0000000000000000        0.0000000000000000               -5          -4          -5
   0.0000000000000000        0.0000000000000000               -5          -4          -1
   0.0000000000000000        0.0000000000000000               -5          -1          -4
   0.0000000000000000        0.0000000000000000               -5          -1           0
   0.0000000000000000        0.0000000000000000               -5           0          -1
   0.0000000000000000        0.0000000000000000               -4          -5          -5
   0.0000000000000000        0.0000000000000000               -4          -5          -1
   0.0000000000000000        0.0000000000000000               -4          -3           1
   0.0000000000000000        0.0000000000000000               -4          -1          -5
   0.0000000000000000        0.0000000000000000               -4           1          -3
   0.0000000000000000        0.0000000000000000               -4           1           1
   0.0000000000000000        0.0000000000000000               -3          -4           1
   0.0000000000000000        0.0000000000000000               -3           1          -4
   0.0000000000000000        0.0000000000000000               -1          -5          -4
   0.0000000000000000        0.0000000000000000               -1          -5           0
   0.0000000000000000        0.0000000000000000               -1          -4          -5
   0.0000000000000000        0.0000000000000000               -1          -1           4
   0.0000000000000000        0.0000000000000000               -1           0          -5
   0.0000000000000000        0.0000000000000000               -1           3           4
   0.0000000000000000        0.0000000000000000               -1           4          -1
   0.0000000000000000        0.0000000000000000               -1           4           3
   0.0000000000000000        0.0000000000000000                0          -5          -1
   0.0000000000000000        0.0000000000000000                0          -1          -5
   0.0000000000000000        0.0000000000000000                0           1           5
   0.0000000000000000        0.0000000000000000                0           5           1
   0.0000000000000000        0.0000000000000000                1          -4          -3
   0.0000000000000000        0.0000000000000000                1          -4           1
   0.0000000000000000        0.0000000000000000                1          -3          -4
   0.0000000000000000        0.0000000000000000                1           0           5
   0.0000000000000000        0.0000000000000000                1           1          -4
   0.0000000000000000        0.0000000000000000                1           4           5
   0.0000000000000000        0.0000000000000000                1           5           0
   0.0000000000000000        0.0000000000000000                1           5           4
   0.0000000000000000        0.0000000000000000                3          -1           4
   0.0000000000000000        0.0000000000000000                3           4          -1
   0.0000000000000000        0.0000000000000000                4          -1          -1
   0.0000000000000000        0.0000000000000000                4          -1           3
   0.0000000000000000        0.0000000000000000                4           1           5
   0.0000000000000000        0.0000000000000000                4           3          -1
   0.0000000000000000        0.0000000000000000                4           5           1
   0.0000000000000000        0.0000000000000000                5           0           1
   0.0000000000000000        0.0000000000000000                5           1           0
   0.0000000000000000        0.0000000000000000                5           1           4
   0.0000000000000000        0.0000000000000000                5           4           1
   0.0000000000000000        0.0000000000000000               -6          -3          -3
   0.0000000000000000        0.0000000000000000               -5          -5          -2
   0.0000000000000000        0.0000000000000000               -5          -3           0
   0.0000000000000000        0.0000000000000000               -5          -2          -5
   0.0000000000000000        0.0000000000000000               -5           0          -3
   0.0000000000000000        0.0000000000000000               -3          -6          -3
   0.0000000000000000        0.0000000000000000               -3          -5           0
   0.0000000000000000        0.0000000000000000               -3          -3          -6
   0.0000000000000000        0.0000000000000000               -3          -3           2
   0.0000000000000000        0.0000000000000000               -3           0          -5
   0.0000000000000000        0.0000000000000000               -3           0           3
   0.0000000000000000        0.0000000000000000               -3           2          -3
   0.0000000000000000        0.0000000000000000               -3           3           0
   0.0000000000000000        0.0000000000000000               -2          -5          -5
   0.0000000000000000        0.0000000000000000               -2           3           3
   0.0000000000000000        0.0000000000000000                0          -5          -3
   0.0000000000000000        0.0000000000000000                0          -3          -5
   0.0000000000000000        0.0000000000000000                0          -3           3
   0.0000000000000000        0.0000000000000000                0           3          -3
   0.0000000000000000        0.0000000000000000                0           3           5
   0.0000000000000000        0.0000000000000000                0           5           3
   0.0000000000000000        0.0000000000000000                2          -3          -3
   0.0000000000000000        0.0000000000000000                3          -3           0
   0.0000000000000000        0.0000000000000000                3          -2           3
   0.0000000000000000        0.0000000000000000                3           0          -3
   0.0000000000000000        0.0000000000000000                3           0           5
   0.0000000000000000        0.0000000000000000                3           3          -2
   0.0000000000000000        0.0000000000000000                3           5           0
   0.0000000000000000        0.0000000000000000                5           0           3
   0.0000000000000000        0.0000000000000000                5           3           0
   0.0000000000000000        0.0000000000000000               -6          -4          -3
   0.0000000000000000        0.0000000000000000               -6          -3          -4
   0.0000000000000000        0.0000000000000000               -6          -3          -2
   0.0000000000000000        0.0000000000000000               -6          -2          -3
   0.0000000000000000        0.0000000000000000               -5          -5          -5
   0.0000000000000000        0.0000000000000000               -5           0           0
   0.0000000000000000        0.0000000000000000               -4          -6          -3
   0.0000000000000000        0.0000000000000000               -4          -3          -6
   0.0000000000000000        0.0000000000000000               -4          -1           2
   0.0000000000000000        0.0000000000000000               -4           2          -1
   0.0000000000000000        0.0000000000000000               -3          -6          -4
   0.0000000000000000        0.0000000000000000               -3          -6          -2
   0.0000000000000000        0.0000000000000000               -3          -4          -6
   0.0000000000000000        0.0000000000000000               -3          -2          -6
   0.0000000000000000        0.0000000000000000               -3          -1           3
   0.0000000000000000        0.0000000000000000               -3           1           3
   0.0000000000000000        0.0000000000000000               -3           3          -1
   0.0000000000000000        0.0000000000000000               -3           3           1
   0.0000000000000000        0.0000000000000000               -2          -6          -3
   0.0000000000000000        0.0000000000000000               -2          -3          -6
   0.0000000000000000        0.0000000000000000               -2           1           4
   0.0000000000000000        0.0000000000000000               -2           4           1
   0.0000000000000000        0.0000000000000000               -1          -4           2
   0.0000000000000000        0.0000000000000000               -1          -3           3
   0.0000000000000000        0.0000000000000000               -1           2          -4
   0.0000000000000000        0.0000000000000000               -1           3          -3
   0.0000000000000000        0.0000000000000000                0          -5           0
   0.0000000000000000        0.0000000000000000                0           0          -5
   0.0000000000000000        0.0000000000000000                0           0           5
   0.0000000000000000        0.0000000000000000                0           5           0
   0.0000000000000000        0.0000000000000000                1          -3           3
   0.0000000000000000        0.0000000000000000                1          -2           4
   0.0000000000000000        0.0000000000000000                1           3          -3
   0.0000000000000000        0.0000000000000000                1           4          -2
   0.0000000000000000        0.0000000000000000                2          -4          -1
   0.0000000000000000        0.0000000000000000                2          -1          -4
   0.0000000000000000        0.0000000000000000                3          -3          -1
   0.0000000000000000        0.0000000000000000                3          -3           1
   0.0000000000000000        0.0000000000000000                3          -1          -3
   0.0000000000000000        0.0000000000000000                3           1          -3
   0.0000000000000000        0.0000000000000000                4          -2           1
   0.0000000000000000        0.0000000000000000                4           1          -2
   0.0000000000000000        0.0000000000000000                5           0           0
   0.0000000000000000        0.0000000000000000               -6          -4          -4
   0.0000000000000000        0.0000000000000000               -6          -2          -2
   0.0000000000000000        0.0000000000000000               -4          -6          -4
   0.0000000000000000        0.0000000000000000               -4          -4          -6
   0.0000000000000000        0.0000000000000000               -4           0           2
   0.0000000000000000        0.0000000000000000               -4           2           0
   0.0000000000000000        0.0000000000000000               -2          -6          -2
   0.0000000000000000        0.0000000000000000               -2          -2          -6
   0.0000000000000000        0.0000000000000000               -2           0           4
   0.0000000000000000        0.0000000000000000               -2           4           0
   0.0000000000000000        0.0000000000000000                0          -4           2
   0.0000000000000000        0.0000000000000000                0          -2           4
   0.0000000000000000        0.0000000000000000                0           2          -4
   0.0000000000000000        0.0000000000000000                0           4          -2
   0.0000000000000000        0.0000000000000000                2          -4           0
   0.0000000000000000        0.0000000000000000                2           0          -4
   0.0000000000000000        0.0000000000000000                4          -2           0
   0.0000000000000000        0.0000000000000000                4           0          -2
   0.0000000000000000        0.0000000000000000               -6          -4          -2
   0.0000000000000000        0.0000000000000000               -6          -2          -4
   0.0000000000000000        0.0000000000000000               -4          -6          -2
   0.0000000000000000        0.0000000000000000               -4          -2          -6
   0.0000000000000000        0.0000000000000000               -4          -2           2
   0.0000000000000000        0.0000000000000000               -4           2          -2
   0.0000000000000000        0.0000000000000000               -2          -6          -4
   0.0000000000000000        0.0000000000000000               -2          -4          -6
   0.0000000000000000        0.0000000000000000               -2          -4           2
   0.0000000000000000        0.0000000000000000               -2           2          -4
   0.0000000000000000        0.0000000000000000                2          -4          -2
   0.0000000000000000        0.0000000000000000                2          -2          -4
   0.0000000000000000        0.0000000000000000               -5          -5          -1
   0.0000000000000000        0.0000000000000000               -5          -4           0
   0.0000000000000000        0.0000000000000000               -5          -1          -5
   0.0000000000000000        0.0000000000000000               -5           0          -4
   0.0000000000000000        0.0000000000000000               -4          -5           0
   0.0000000000000000        0.0000000000000000               -4          -4           1
   0.0000000000000000        0.0000000000000000               -4           0          -5
   0.0000000000000000        0.0000000000000000               -4           1          -4
   0.0000000000000000        0.0000000000000000               -1          -5          -5
   0.0000000000000000        0.0000000000000000                0          -5          -4
   0.0000000000000000        0.0000000000000000                0          -4          -5
   0.0000000000000000        0.0000000000000000                1          -4          -4
