         718          24          24          24
  -1.0456234915993856E-008   3.0786391434276116E-007           0           0           0
   5.6619212796434754E-003 -0.16312976934585413               -1          -1          -1
  -5.6111321218764373E-003  0.16168686257595705               -1           0           0
  -6.2323531686340472E-003  0.17958669084459422                0          -1           0
   1.7504841087589318E-002 -0.50440351250443505                0           0          -1
   1.7506865869004559E-002 -0.50440344170717089                0           0           1
  -6.2331402233325728E-003  0.17958666418668176                0           1           0
  -5.6118934978591634E-003  0.16168683656014168                1           0           0
   5.6612580390596051E-003 -0.16312979170974770                1           1           1
  -7.6977710748421177E-003  0.22179925992987709               -1          -1           0
   7.7303496677631200E-003 -0.22273703123023533               -1           0          -1
   7.3265799989935543E-003 -0.21110365572980372                0          -1          -1
   7.3265656970809070E-003 -0.21110365425757430                0           1           1
   7.7302973835670363E-003 -0.22273703260257199                1           0           1
  -7.6977864108166080E-003  0.22179925332075523                1           1           0
   1.2224097748028944E-003  -3.5221966224977273E-002          -2          -1          -1
   1.2897730639477752E-003  -3.7162968020811274E-002          -1          -2          -1
  -1.2841135855983319E-003   3.7006512612573948E-002          -1          -1          -2
   1.2900212170744198E-003  -3.7162963926947651E-002          -1           0           1
  -1.2843555663588019E-003   3.7006494006678957E-002          -1           1           0
   1.2226636356346323E-003  -3.5221966254643973E-002           0          -1           1
   1.2221743777486721E-003  -3.5221981856296859E-002           0           1          -1
  -1.2843466428369048E-003   3.7006493968456809E-002           1          -1           0
   1.2895369333663928E-003  -3.7162980381001659E-002           1           0          -1
  -1.2845882422819728E-003   3.7006496510545842E-002           1           1           2
   1.2897928029757498E-003  -3.7162968814440679E-002           1           2           1
   1.2224214082007662E-003  -3.5221966269250823E-002           2           1           1
   8.4201913733320498E-004  -2.4262008689356324E-002          -2          -2          -1
  -6.6575533629929188E-004   1.9183951453130975E-002          -2          -1          -2
  -6.6346133830039438E-004   1.9115158783332600E-002          -2          -1           0
   8.4445190215585563E-004  -2.4330791452411474E-002          -2           0          -1
  -6.2629183684679126E-004   1.8046982607331206E-002          -1          -2          -2
  -6.5361843551244199E-004   1.8831528467258565E-002          -1          -2           0
  -4.7488091164179895E-004   1.3684703245604451E-002          -1          -1           1
   4.7818693119791502E-004  -1.3776354890701198E-002          -1           0          -2
   6.5670638269082690E-004  -1.8923183282675182E-002          -1           1          -1
   6.2717437051203716E-004  -1.8069846435490179E-002          -1           1           1
   8.1483226567674073E-004  -2.3477455757251461E-002           0          -2          -1
   4.3872552078925682E-004  -1.2639385124658066E-002           0          -1          -2
   4.3860077367091936E-004  -1.2639389244946800E-002           0           1           2
   8.1479030426107046E-004  -2.3477461309033720E-002           0           2           1
   6.2708759669042984E-004  -1.8069848251718860E-002           1          -1          -1
   6.5679414841776900E-004  -1.8923181798686833E-002           1          -1           1
   4.7805403860417791E-004  -1.3776357794718867E-002           1           0           2
  -4.7500157912808627E-004   1.3684702199036121E-002           1           1          -1
  -6.5351862731793508E-004   1.8831531056323052E-002           1           2           0
  -6.2638276887098205E-004   1.8046981259005206E-002           1           2           2
   8.4439916948070640E-004  -2.4330793280967239E-002           2           0           1
  -6.6336199448257561E-004   1.9115164991455647E-002           2           1           0
  -6.6584447539613529E-004   1.9183947371224072E-002           2           1           2
   8.4206078928749858E-004  -2.4262008972409790E-002           2           2           1
  -4.8842414555628393E-004   1.4072912335399973E-002          -2          -2          -2
  -4.8407882268000071E-004   1.3948433113161548E-002          -2           0           0
  -5.3767216032667240E-004   1.5492621496575435E-002           0          -2           0
   1.5101497168951029E-003  -4.3514013821567929E-002           0           0          -2
   1.5102489394286343E-003  -4.3514008522998700E-002           0           0           2
  -5.3770333877979680E-004   1.5492617020358181E-002           0           2           0
  -4.8411076923199348E-004   1.3948432719660937E-002           2           0           0
  -4.8840532615451911E-004   1.4072912064984804E-002           2           2           2
  -2.0572983075811235E-008  -3.5071023246189224E-009          -2          -2           0
   2.0411331264545452E-008  -2.0900880067056132E-009          -2           0          -2
   2.2144993863003944E-008  -9.3563219928321603E-010           0          -2          -2
  -1.8649897643548199E-008  -2.2707089588656631E-009           0           2           2
  -2.3396973325998410E-008  -2.8793325045810393E-009           2           0           2
   2.0788005091539141E-008  -2.2034536781100409E-009           2           2           0
  -2.2249290858111304E-004   6.4105927622074566E-003          -3          -2          -2
   2.2135948652979385E-004  -6.3783458160888542E-003          -3          -1          -1
  -2.2778134080264916E-004   6.5629677453724004E-003          -2          -3          -2
  -2.5705455857852794E-005   7.4042463930982562E-004          -2          -2          -3
  -2.4142445017017052E-005   6.9589440911872291E-004          -2           0           1
  -2.2622020498334699E-004   6.5184377965634222E-003          -2           1           0
   2.4053164166555423E-004  -6.9307409634762306E-003          -1          -3          -1
  -4.9201133786807042E-004   1.4177328718468952E-002          -1          -1          -3
   4.9249361873265982E-004  -1.4189609806418441E-002          -1           0           2
  -2.4012232495720172E-004   6.9184543189325914E-003          -1           2           0
  -4.3312694829418443E-005   1.2482888135907887E-003           0          -2           1
   4.8720597932298132E-004  -1.4037234688551357E-002           0          -1           2
   4.8715042120527552E-004  -1.4037236935693441E-002           0           1          -2
  -4.3332131733713982E-005   1.2482880256582294E-003           0           2          -1
  -2.4010259750294042E-004   6.9184567902978713E-003           1          -2           0
   4.9243743879031797E-004  -1.4189612461547842E-002           1           0          -2
  -4.9206755336843365E-004   1.4177326874130992E-002           1           1           3
   2.4054731960735450E-004  -6.9307394616377133E-003           1           3           1
  -2.2623859526432690E-004   6.5184359803351650E-003           2          -1           0
  -2.4161489487803590E-005   6.9589439179936028E-004           2           0          -1
  -2.5689328834248369E-005   7.4042488944504143E-004           2           2           3
  -2.2776998819879499E-004   6.5629688301393988E-003           2           3           2
   2.2137510887026285E-004  -6.3783458274087341E-003           3           1           1
  -2.2248033900594284E-004   6.4105925593916195E-003           3           2           2
   8.2913191786197164E-005  -2.3890905176802289E-003          -3          -2          -1
  -8.3479372731579886E-005   2.4051651436926918E-003          -3          -1          -2
   8.4196292112929797E-005  -2.4260602281104345E-003          -2          -3          -1
  -1.3121122744614590E-004   3.7808537768558408E-003          -2          -1          -3
  -1.3077286191714988E-004   3.7677573784218508E-003          -2          -1           1
   8.4661139821607290E-005  -2.4391525709385135E-003          -2           1          -1
  -7.7840987248837016E-005   2.2427311593481583E-003          -1          -3          -2
  -1.2685600223098542E-004   3.6553888903951594E-003          -1          -2          -3
  -1.3205577138931707E-004   3.8047268320449113E-003          -1          -2           1
   1.3239226671928745E-004  -3.8148418400724550E-003          -1           1          -2
   1.2676717369037584E-004  -3.6524084483372382E-003          -1           1           2
   7.7725782395071587E-005  -2.2397537697182073E-003          -1           2           1
   7.7740134539825377E-005  -2.2397507358106424E-003           1          -2          -1
   1.2675406251128312E-004  -3.6524087622508208E-003           1          -1          -2
   1.3240400215084713E-004  -3.8148413401577572E-003           1          -1           2
  -1.3203826831226435E-004   3.8047286252948630E-003           1           2          -1
  -1.2687194399432701E-004   3.6553888978139502E-003           1           2           3
  -7.7831528134267975E-005   2.2427338157594940E-003           1           3           2
   8.4645839983759469E-005  -2.4391543707262165E-003           2          -1           1
  -1.3075510396228537E-004   3.7677603658120553E-003           2           1          -1
  -1.3122567488970955E-004   3.7808524863522839E-003           2           1           3
   8.4201853538208647E-005  -2.4260600869272786E-003           2           3           1
  -8.3468177735670319E-005   2.4051649279177830E-003           3           1           2
   8.2918878346758466E-005  -2.3890921298267429E-003           3           2           1
  -1.9817641107466952E-004   5.7100823076565270E-003          -3          -3          -2
  -5.8685547779400451E-005   1.6908632359581739E-003          -3          -2          -3
   5.7838058208425599E-005  -1.6665726651172164E-003          -3          -1           0
   1.9733055453665001E-004  -5.6857908293217636E-003          -3           0          -1
  -6.2336930483767206E-005   1.7960456302424106E-003          -2          -3          -3
  -6.1194375269963905E-005   1.7632752973593662E-003          -2           1           1
   7.1946202823104373E-005  -2.0730826549560754E-003          -1          -3           0
   3.2796968272202779E-004  -9.4497385289312851E-003          -1          -1           2
  -3.2766345425851899E-004   9.4412592946047889E-003          -1           0          -3
  -7.1656478250138405E-005   2.0646029767565450E-003          -1           2          -1
   2.0778887551597047E-004  -5.9871184256007782E-003           0          -3          -1
  -3.3131296221860932E-004   9.5464422267282842E-003           0          -1          -3
  -3.3132548982543059E-004   9.5464421358393056E-003           0           1           3
   2.0779174231444703E-004  -5.9871183357833408E-003           0           3           1
  -7.1650961565498375E-005   2.0646030880423763E-003           1          -2           1
  -3.2767615496458310E-004   9.4412594613575481E-003           1           0           3
   3.2795823552793455E-004  -9.4497385186278829E-003           1           1          -2
   7.1951452240213271E-005  -2.0730825415895150E-003           1           3           0
  -6.1199228934073963E-005   1.7632747293647489E-003           2          -1          -1
  -6.2331322706664881E-005   1.7960456094329078E-003           2           3           3
   1.9733239482399895E-004  -5.6857902171649636E-003           3           0           1
   5.7843102673870459E-005  -1.6665718038639163E-003           3           1           0
  -5.8680082290326274E-005   1.6908632682499512E-003           3           2           3
  -1.9817287717981678E-004   5.7100825640514462E-003           3           3           2
  -8.0863421271220844E-005   2.3299621041712173E-003          -3          -3          -3
  -6.2920620280365483E-005   1.8129032717006490E-003          -3          -3          -1
   3.0125449041152420E-006  -8.6765174954753132E-005          -3          -2           0
  -3.1776008832725115E-006   9.1573523265582461E-005          -3          -1          -3
   6.2747892216606844E-005  -1.8080951050683670E-003          -3           0          -2
   8.0150519615332339E-005  -2.3093522468768872E-003          -3           0           0
   6.6458986139739169E-006  -1.9145189032303511E-004          -2          -3           0
  -7.2578495967293610E-005   2.0911193461322836E-003          -2          -2           1
  -7.2446513488617448E-005   2.0874888673010138E-003          -2           0          -3
   6.5185345611655160E-006  -1.8782034167432805E-004          -2           1          -2
  -4.7414340538672446E-006   1.3661983047178050E-004          -1          -3          -3
   4.4490239678117958E-006  -1.2818103116484723E-004          -1           2           2
   6.4819023139575356E-005  -1.8677349981190167E-003           0          -3          -2
   8.9023327572612947E-005  -2.5650134813862214E-003           0          -3           0
  -7.4008546968878962E-005   2.1325357642893710E-003           0          -2          -3
  -2.5004077309249799E-004   7.2043242148949957E-003           0           0          -3
  -2.5002764895090202E-004   7.2043256635999633E-003           0           0           3
  -7.4014549733161512E-005   2.1325358977534910E-003           0           2           3
   8.9019855452112219E-005  -2.5650143932416727E-003           0           3           0
   6.4825599633893934E-005  -1.8677337073294685E-003           0           3           2
   4.4493284081374807E-006  -1.2818032204468089E-004           1          -2          -2
  -4.7428108669115726E-006   1.3662047843767742E-004           1           3           3
   6.5175995572816826E-006  -1.8782046326542434E-004           2          -1           2
  -7.2452008236115488E-005   2.0874887739186117E-003           2           0           3
  -7.2570672299166416E-005   2.0911204761254309E-003           2           2          -1
   6.6429421203720879E-006  -1.9145262733713213E-004           2           3           0
   8.0146790343553639E-005  -2.3093520295042790E-003           3           0           0
   6.2754798470614106E-005  -1.8080945956989753E-003           3           0           2
  -3.1780781056951724E-006   9.1573164651052001E-005           3           1           3
   3.0098345421718601E-006  -8.6766196228529088E-005           3           2           0
  -6.2917462466798967E-005   1.8129028034347555E-003           3           3           1
  -8.0864804845698812E-005   2.3299621175790286E-003           3           3           3
  -1.0838068179538918E-004   3.1228121708016827E-003          -4          -2          -2
  -1.1435383884681989E-004   3.2949031249813105E-003          -2          -4          -2
   1.1387245773009363E-004  -3.2810308166486084E-003          -2          -2          -4
   1.1435230520380946E-004  -3.2949038746696640E-003          -2           0           2
  -1.1387175244935216E-004   3.2810296636746833E-003          -2           2           0
   1.0838017535030919E-004  -3.1228127719089851E-003           0          -2           2
   1.0838200460875789E-004  -3.1228125758725146E-003           0           2          -2
  -1.1387166437816260E-004   3.2810297070549740E-003           2          -2           0
   1.1435381509176631E-004  -3.2949038380498301E-003           2           0          -2
   1.1387103049452702E-004  -3.2810311540665367E-003           2           2           4
  -1.1435348809915287E-004   3.2949030680102884E-003           2           4           2
  -1.0838030747002843E-004   3.1228120053398310E-003           4           2           2
  -6.2692825045082047E-005   1.8064051748373092E-003          -4          -3          -2
  -5.4680352663369792E-005   1.5755825516606309E-003          -4          -2          -3
  -5.4407896358812827E-005   1.5676233578782728E-003          -4          -2          -1
  -6.2418464601275486E-005   1.7984457688749636E-003          -4          -1          -2
  -6.4101314831421080E-005   1.8469847416167249E-003          -3          -4          -2
  -2.2746074694677834E-006   6.5541477690099622E-005          -3          -2          -4
   1.8848019547944765E-006  -5.4311239753894413E-005          -3          -1           1
   6.3713684943292044E-005  -1.8357536664520312E-003          -3           1          -1
  -5.6298921321835645E-005   1.6222027052231133E-003          -2          -4          -3
  -5.9452606277863077E-005   1.7129784194097101E-003          -2          -4          -1
  -2.4847066964367944E-006   7.1582019743198104E-005          -2          -3          -4
   1.2531103778534313E-004  -3.6105152156206623E-003          -2          -1          -4
   1.2543293399913961E-004  -3.6142742264439988E-003          -2          -1           2
  -2.0782503421997115E-006   5.9864387733859527E-005          -2           1           2
  -5.9317433083381469E-005   1.7092205381758041E-003          -2           2          -1
  -5.5896583061220827E-005   1.6104844523310755E-003          -2           2           1
  -6.7253601581754871E-005   1.9377602195316767E-003          -1          -4          -2
   6.9293526384739171E-006  -1.9966640902196675E-004          -1          -3           1
   1.2552055465216649E-004  -3.6165558377661638E-003          -1          -2          -4
   1.2402474502557837E-004  -3.5736946590258344E-003          -1          -2           2
  -1.2401627061868850E-004   3.5732069415615108E-003          -1           1          -3
  -1.2562593376852342E-004   3.6198277064286330E-003          -1           1           3
  -6.9118589501170492E-006   1.9917937484839799E-004          -1           2          -2
   6.7136867361518467E-005  -1.9344897462467540E-003          -1           3           1
   6.7140331381482460E-005  -1.9344886748811011E-003           1          -3          -1
  -6.9128382453799526E-006   1.9917920624217195E-004           1          -2           2
  -1.2563397902467686E-004   3.6198271665697523E-003           1          -1          -3
  -1.2400848615933262E-004   3.5732077149285449E-003           1          -1           3
   1.2403350531762320E-004  -3.5736937112836160E-003           1           2          -2
   1.2551234144408713E-004  -3.6165563008419086E-003           1           2           4
   6.9294522165203618E-006  -1.9966633241701704E-004           1           3          -1
  -6.7250922332802345E-005   1.9377611282881614E-003           1           4           2
  -5.5891100253633490E-005   1.6104849732844068E-003           2          -2          -1
  -5.9322798939988981E-005   1.7092197499062600E-003           2          -2           1
  -2.0775250751930681E-006   5.9864203433696227E-005           2          -1          -2
   1.2544172786068124E-004  -3.6142733246526467E-003           2           1          -2
   1.2530308232256934E-004  -3.6105158720691442E-003           2           1           4
  -2.4845671075383963E-006   7.1581912065589074E-005           2           3           4
  -5.9449160313526498E-005   1.7129787598888161E-003           2           4           1
  -5.6302634989274152E-005   1.6222023696514998E-003           2           4           3
   6.3709607229326998E-005  -1.8357539454146993E-003           3          -1           1
   1.8849819799866296E-006  -5.4310616342059570E-005           3           1          -1
  -2.2746118189756063E-006   6.5541509095707907E-005           3           2           4
  -6.4102413528457588E-005   1.8469850091983838E-003           3           4           2
  -6.2415225131133535E-005   1.7984456948201928E-003           4           1           2
  -5.4404156493782915E-005   1.5676230495031867E-003           4           2           1
  -5.4684045966927415E-005   1.5755825261511342E-003           4           2           3
  -6.2693873249165311E-005   1.8064054448040543E-003           4           3           2
  -1.2873147078500810E-005   3.7096424228837501E-004          -4          -3          -3
  -1.2663350591960733E-005   3.6480621942257388E-004          -4          -1          -1
  -1.2251107579933624E-005   3.5303975163210723E-004          -3          -4          -3
  -3.6024804803019047E-005   1.0379844021383994E-003          -3          -3          -4
  -2.7042914130066608E-005   7.7922827566399855E-004          -3          -3           0
   2.7157827733555618E-005  -7.8252254160900701E-004          -3           0          -3
   3.5861090827019585E-005  -1.0332711999703785E-003          -3           0           1
   1.2092130446253807E-005  -3.4832593481402862E-004          -3           1           0
  -1.4692500987621520E-005   4.2327676142065395E-004          -1          -4          -1
   6.2858974494826142E-005  -1.8110304256665070E-003          -1          -1          -4
  -6.2798318808921676E-005   1.8095864257648641E-003          -1           0           3
   1.4737359566388672E-005  -4.2472284579398676E-004          -1           3           0
   2.5739705526562728E-005  -7.4165206758589227E-004           0          -3          -3
   3.7890345391180776E-005  -1.0917420159220514E-003           0          -3           1
  -6.3420382398642874E-005   1.8275111028653360E-003           0          -1           3
  -6.3430998831689187E-005   1.8275102729621727E-003           0           1          -3
   3.7889790904379250E-005  -1.0917424318861490E-003           0           3          -1
   2.5740174933731842E-005  -7.4165138505627925E-004           0           3           3
   1.4743496397212361E-005  -4.2472159234500652E-004           1          -3           0
  -6.2808836137073776E-005   1.8095854847382279E-003           1           0          -3
   6.2848282702474608E-005  -1.8110311984824003E-003           1           1           4
  -1.4688207958750947E-005   4.2327767871120882E-004           1           4           1
   1.2085856906145613E-005  -3.4832655595639305E-004           3          -1           0
   3.5860391068393731E-005  -1.0332709666408379E-003           3           0          -1
   2.7158697634243532E-005  -7.8252260023809589E-004           3           0           3
  -2.7044828748359239E-005   7.7922739900257063E-004           3           3           0
  -3.6023896753989903E-005   1.0379844338542570E-003           3           3           4
  -1.2254103585449200E-005   3.5303943902003553E-004           3           4           3
  -1.2658653551433376E-005   3.6480599512079355E-004           4           1           1
  -1.2876287770154687E-005   3.7096447472787999E-004           4           3           3
  -3.8357090440873336E-005   1.1051575086049243E-003          -4          -3          -1
  -3.8354176957016307E-005   1.1051575129450454E-003          -4          -1          -3
  -4.0470865659790727E-005   1.1660602137853412E-003          -3          -4          -1
  -4.0467708522870939E-005   1.1660600467872037E-003          -3          -2           1
   4.0300987084501406E-005  -1.1611503577235323E-003          -3          -1          -4
   4.0297398017833736E-005  -1.1611504687412306E-003          -3           1          -2
  -3.8354045643085630E-005   1.1051572951481226E-003          -2          -3           1
  -3.8357862054064267E-005   1.1051573057404577E-003          -2           1          -3
  -4.0468624024100127E-005   1.1660600431028000E-003          -1          -4          -3
   4.0300277507877142E-005  -1.1611505457176771E-003          -1          -3          -4
  -4.0467602033779631E-005   1.1660603888171792E-003          -1           2           3
   4.0300355628937001E-005  -1.1611501921323601E-003          -1           3           2
   4.0298096316426026E-005  -1.1611502919676490E-003           1          -3          -2
  -4.0470684369157885E-005   1.1660602716030135E-003           1          -2          -3
   4.0297083582600650E-005  -1.1611507822179481E-003           1           3           4
  -4.0470942416362691E-005   1.1660598772102202E-003           1           4           3
  -3.8354396245142593E-005   1.1051575535837056E-003           2          -1           3
  -3.8357613193307260E-005   1.1051571865099154E-003           2           3          -1
   4.0299948615392091E-005  -1.1611503199957045E-003           3          -1           2
   4.0297540451808480E-005  -1.1611506907260633E-003           3           1           4
  -4.0471141667673129E-005   1.1660599563715220E-003           3           2          -1
  -4.0468104390017619E-005   1.1660603440367648E-003           3           4           1
  -3.8356756273130434E-005   1.1051572723301051E-003           4           1           3
  -3.8354372206594992E-005   1.1051576214976748E-003           4           3           1
   3.3052850782237596E-005  -9.5233301206977343E-004          -4          -4          -3
   8.1235470613916652E-007  -2.3412130922456401E-005          -4          -3          -4
   7.3025623823089302E-007  -2.1047255942192187E-005          -4          -1           0
   3.2967760095985161E-005  -9.4996827068470841E-004          -4           0          -1
   1.6562017592793994E-006  -4.7721615076857501E-005          -3          -4          -4
  -1.5058113680234152E-006   4.3397259526109714E-005          -3           1           1
   2.5921146905492855E-006  -7.4688609843746547E-005          -1          -4           0
   3.6375989953078066E-005  -1.0480695156688525E-003          -1          -1           3
  -3.6305326893721333E-005   1.0461100531115469E-003          -1           0          -4
  -2.5242238038142006E-006   7.2728475917817971E-005          -1           3          -1
   3.3986071047839117E-005  -9.7930005741986791E-004           0          -4          -1
  -3.7148748529327013E-005   1.0704196618827033E-003           0          -1          -4
  -3.7151554693971660E-005   1.0704196126196282E-003           0           1           4
   3.3989200952098768E-005  -9.7929937090715079E-004           0           4           1
  -2.5237527841336865E-006   7.2728952964429996E-005           1          -3           1
  -3.6307950095137753E-005   1.0461099699247429E-003           1           0           4
   3.6373000462768874E-005  -1.0480697766898021E-003           1           1          -3
   2.5919693527941490E-006  -7.4688376867626123E-005           1           4           0
  -1.5066887070026607E-006   4.3397044033081494E-005           3          -1          -1
   1.6568790420337392E-006  -4.7721843743161465E-005           3           4           4
   3.2971305901334530E-005  -9.4996799947104490E-004           4           0           1
   7.3056352953011598E-007  -2.1047400884562620E-005           4           1           0
   8.1299401377553731E-007  -2.3412170617560040E-005           4           3           4
   3.3051129703656214E-005  -9.5233317210796805E-004           4           4           3
   1.6099547271970999E-006  -4.6360342632382796E-005          -4          -4          -2
  -1.9881630313970338E-005   5.7286863046446300E-004          -4          -2          -4
  -1.9756129353635501E-005   5.6923996836470464E-004          -4          -2           0
   1.7330667682495428E-006  -4.9989376075434918E-005          -4           0          -2
  -1.9319302665313083E-005   5.5666392618454528E-004          -2          -4          -4
  -2.0756231401049393E-005   5.9805427498208082E-004          -2          -4           0
   3.8900817519017702E-005  -1.1209334696968183E-003          -2          -2           2
   3.8950477963105561E-005  -1.1222392194764855E-003          -2           0          -4
  -2.0800490839027454E-005   5.9936068308557786E-004          -2           2          -2
  -1.9239764550402449E-005   5.5434075964116243E-004          -2           2           2
   1.7068321340386923E-007  -4.9701549093456531E-006           0          -4          -2
   3.8388169570007544E-005  -1.1060343075999571E-003           0          -2          -4
   3.8383903266592234E-005  -1.1060345009140070E-003           0           2           4
   1.7414164376927567E-007  -4.9693630911421180E-006           0           4           2
  -1.9238103375628283E-005   5.5434124974720607E-004           2          -2          -2
  -2.0802280802387739E-005   5.9936033425198531E-004           2          -2           2
   3.8946379769647278E-005  -1.1222395806658836E-003           2           0           4
   3.8905691232938585E-005  -1.1209327324585398E-003           2           2          -2
  -2.0756231605008042E-005   5.9805413666367353E-004           2           4           0
  -1.9319835565046795E-005   5.5666354287307309E-004           2           4           4
   1.7367097441111439E-006  -4.9989171442632286E-005           4           0           2
  -1.9756138473624201E-005   5.6923947373271032E-004           4           2           0
  -1.9882266684131942E-005   5.7286871697213794E-004           4           2           4
   1.6082227925531089E-006  -4.6360183326727534E-005           4           4           2
   2.6084521911073688E-005  -7.5159382681234542E-004          -4          -4          -4
   2.5854694069482863E-005  -7.4494579194485041E-004          -4           0           0
   2.8716877909373725E-005  -8.2741615531997247E-004           0          -4           0
  -8.0656378908036371E-005   2.3239557856518677E-003           0           0          -4
  -8.0654568079091354E-005   2.3239560272149801E-003           0           0           4
   2.8716222215742173E-005  -8.2741616485393539E-004           0           4           0
   2.5853837916948660E-005  -7.4494548965306267E-004           4           0           0
   2.6084807428316132E-005  -7.5159410667126141E-004           4           4           4
   2.1457154401238846E-005  -6.1823573703056729E-004          -5          -3          -3
  -2.1487836326869594E-005   6.1915673961529473E-004          -5          -2          -2
  -7.9047127666335542E-006   2.2774950291448828E-004          -4          -4          -1
  -8.8676394621306148E-006   2.5548938472230980E-004          -4          -3           0
  -8.9428737715005035E-006   2.5769906213885771E-004          -4          -1          -4
  -7.8276445582845991E-006   2.2553967619775119E-004          -4           0          -3
   2.2838812373373311E-005  -6.5804334089166437E-004          -3          -5          -3
  -9.7918327466746990E-006   2.8211948238094817E-004          -3          -4           0
  -2.9955245041124646E-005   8.6308671466811689E-004          -3          -3          -5
  -2.6561467990435011E-005   7.6535796761060117E-004          -3          -3           1
   2.6565757541457258E-005  -7.6542092906789917E-004          -3           0          -4
   3.0032936433859451E-005  -8.6537490374773640E-004          -3           0           2
   9.7923669452631734E-006  -2.8218257191859946E-004          -3           1          -3
  -2.2757558851655991E-005   6.5575554361123984E-004          -3           2           0
  -2.2473021070766510E-005   6.4753904035158647E-004          -2          -5          -2
   1.5165851803393060E-005  -4.3699880042688826E-004          -2          -2          -5
   1.5278565165989229E-005  -4.4020775619340522E-004          -2           0           3
  -2.2363184276626337E-005   6.4432961015501019E-004          -2           3           0
  -8.9159634473068842E-006   2.5691550043679620E-004          -1          -4          -4
   8.8429252015103491E-006  -2.5476858881774586E-004          -1           3           3
  -8.7791802208804132E-006   2.5295322237954635E-004           0          -4          -3
   2.6538370615263897E-005  -7.6463746451223215E-004           0          -3          -4
   2.9048011170581276E-005  -8.3699263054038743E-004           0          -3           2
   1.3897076442497751E-005  -4.0040000711884900E-004           0          -2           3
   1.3895929490267972E-005  -4.0040007760973789E-004           0           2          -3
   2.9049686138684266E-005  -8.3699253328169945E-004           0           3          -2
   2.6536392459613030E-005  -7.6463734913452899E-004           0           3           4
  -8.7792663162738688E-006   2.5295365339434735E-004           0           4           3
   8.8412341297164677E-006  -2.5476873128766752E-004           1          -3          -3
  -8.9173123504589905E-006   2.5691538084621500E-004           1           4           4
  -2.2361059405362341E-005   6.4432997973277442E-004           2          -3           0
   1.5277238241806813E-005  -4.4020791998697887E-004           2           0          -3
   1.5167067652987107E-005  -4.3699876257087024E-004           2           2           5
  -2.2474426324601708E-005   6.4753892925959030E-004           2           5           2
  -2.2759699958644177E-005   6.5575508709930124E-004           3          -2           0
   9.7940147838656750E-006  -2.8218233656212454E-004           3          -1           3
   3.0034571496749492E-005  -8.6537481517604746E-004           3           0          -2
   2.6563922502684766E-005  -7.6542108154533316E-004           3           0           4
  -2.6564047397258913E-005   7.6535763240242810E-004           3           3          -1
  -2.9953448521146618E-005   8.6308675120393542E-004           3           3           5
  -9.7909222310537980E-006   2.8211943936803387E-004           3           4           0
   2.2837574468619374E-005  -6.5804369135893091E-004           3           5           3
  -7.8274338602816632E-006   2.2553965447954543E-004           4           0           3
  -8.9442319850347869E-006   2.5769900475725401E-004           4           1           4
  -8.8666503922723124E-006   2.5548915726572867E-004           4           3           0
  -7.9037270059453149E-006   2.2774977041212834E-004           4           4           1
  -2.1489235897108430E-005   6.1915672914136604E-004           5           2           2
   2.1455852876362392E-005  -6.1823581486985819E-004           5           3           3
   1.7850076531354774E-006  -5.1407532544841895E-005          -5          -3          -2
  -1.8727011119819494E-006   5.3989045784042350E-005          -5          -2          -3
   2.2929342366745506E-006  -6.6042211680653477E-005          -3          -5          -2
  -2.0775344470668952E-005   5.9858569727097902E-004          -3          -2          -5
   2.0725025921153979E-005  -5.9718400605248225E-004          -3          -1           2
  -2.3392622090332310E-006   6.7444485626139792E-005          -3           2          -1
  -1.2690783084616414E-006   3.6596350889267769E-005          -2          -5          -3
  -2.0679632114926411E-005   5.9582767076548585E-004          -2          -3          -5
  -2.0637075314502274E-005   5.9464807995121213E-004          -2           1           3
  -1.2304696413128861E-006   3.5416185741772312E-005          -2           3           1
   2.1232953422423032E-005  -6.1181876592846646E-004          -1          -3           2
  -2.1242267175372359E-005   6.1204096270657451E-004          -1           2          -3
  -2.1240722175492401E-005   6.1204099373152730E-004           1          -2           3
   2.1234932870223554E-005  -6.1181856126209396E-004           1           3          -2
  -1.2276441911751272E-006   3.5416726582822975E-005           2          -3          -1
  -2.0638592747689434E-005   5.9464800689570853E-004           2          -1          -3
  -2.0677780443738422E-005   5.9582772925202644E-004           2           3           5
  -1.2708535977160292E-006   3.6595980235205429E-005           2           5           3
  -2.3421052931219800E-006   6.7444068047543227E-005           3          -2           1
   2.0726965602373089E-005  -5.9718363054691291E-004           3           1          -2
  -2.0773539822259429E-005   5.9858585807105540E-004           3           2           5
   2.2915479950942491E-006  -6.6042323572454721E-005           3           5           2
  -1.8746027980222160E-006   5.3989102821930821E-005           5           2           3
   1.7835475957584459E-006  -5.1407327690363516E-005           5           3           2
   2.5131171013259882E-005  -7.2411012263963904E-004          -5          -4          -3
   1.7093473067231974E-005  -4.9253045334966177E-004          -5          -3          -4
  -1.7020449063428732E-005   4.9041061115909039E-004          -5          -2          -1
  -2.5057264571921487E-005   7.2199025404956106E-004          -5          -1          -2
   2.5731172745025425E-005  -7.4139568000638676E-004          -4          -5          -3
  -5.2305625421366207E-006   1.5069784298569509E-004          -4          -3          -5
  -5.3517271934514548E-006   1.5421121069602149E-004          -4          -1           1
   2.5608803992552916E-005  -7.3788224207790095E-004          -4           1          -1
   1.7903913497394584E-005  -5.1587643674937979E-004          -3          -5          -4
  -5.0201271099109581E-006   1.4463740816801369E-004          -3          -4          -5
   5.1583154639716773E-006  -1.4863941105199902E-004          -3           1           2
  -1.7765367824982268E-005   5.1187440393208683E-004          -3           2           1
  -1.8743487034584232E-005   5.4005438870480087E-004          -2          -5          -1
   3.9057216035957572E-005  -1.1253565657893699E-003          -2          -1          -5
   3.9121772103755396E-005  -1.1272386635840994E-003          -2          -1           3
  -1.8677599998890372E-005   5.3817226201374442E-004          -2           3          -1
  -2.6570059759633939E-005   7.6557358373321148E-004          -1          -5          -2
  -3.6287715925557241E-006   1.0456738097965488E-004          -1          -4           1
   3.9267390975861985E-005  -1.1314170435795419E-003          -1          -2          -5
   3.8521872845559494E-005  -1.1099530815332906E-003          -1          -2           3
  -3.8505726386525756E-005   1.1094644848369929E-003          -1           1          -4
  -3.9315064653402341E-005   1.1328106043837544E-003          -1           1           4
   3.6465020444911833E-006  -1.0505594465481093E-004          -1           3          -2
   2.6521981701180741E-005  -7.6417999964804059E-004          -1           4           1
   2.6521657245752775E-005  -7.6418006753588459E-004           1          -4          -1
   3.6458430581607813E-006  -1.0505598956195370E-004           1          -3           2
  -3.9315679262010245E-005   1.1328105270589865E-003           1          -1          -4
  -3.8504912519810063E-005   1.1094645876505225E-003           1          -1           4
   3.8522653375306233E-005  -1.1099530087850162E-003           1           2          -3
   3.9266602500475658E-005  -1.1314171726933685E-003           1           2           5
  -3.6294445505352879E-006   1.0456736988973634E-004           1           4          -1
  -2.6570490098277213E-005   7.6557352034513392E-004           1           5           2
  -1.8677991498542690E-005   5.3817228054701212E-004           2          -3           1
   3.9122435821365727E-005  -1.1272385670103391E-003           2           1          -3
   3.9056357433439549E-005  -1.1253567264387636E-003           2           1           5
  -1.8743134297002657E-005   5.4005439092527847E-004           2           5           1
  -1.7764970799925110E-005   5.1187436334692530E-004           3          -2          -1
   5.1589573163916255E-006  -1.4863944147495460E-004           3          -1          -2
  -5.0195245688661727E-006   1.4463737866891540E-004           3           4           5
   1.7904225928703124E-005  -5.1587650047452615E-004           3           5           4
   2.5609160252096672E-005  -7.3788218042810055E-004           4          -1           1
  -5.3522971027029123E-006   1.5421131517192474E-004           4           1          -1
  -5.2299278420439869E-006   1.5069779979310971E-004           4           3           5
   2.5730685498589681E-005  -7.4139580951943266E-004           4           5           3
  -2.5057642924647644E-005   7.2199013577084123E-004           5           1           2
  -1.7020099829127762E-005   4.9041047809829017E-004           5           2           1
   1.7093879645567833E-005  -4.9253055594064186E-004           5           3           4
   2.5130732787613383E-005  -7.2411029933577777E-004           5           4           3
   1.4559315195184915E-005  -4.1951292020480290E-004          -5          -4          -4
   1.2595841922875286E-005  -3.6291369046512873E-004          -5          -4          -2
  -6.1836499220706409E-006   1.7817086703267437E-004          -5          -3          -1
   6.1755549378278961E-006  -1.7793731025843052E-004          -5          -2          -4
  -1.2602677592183533E-005   3.6314724409021286E-004          -5          -1          -3
  -1.4466897149927163E-005   4.1682491905320945E-004          -5          -1          -1
   1.4780487521498327E-005  -4.2588536235200927E-004          -4          -5          -4
   1.3079556203412945E-005  -3.7685114341516818E-004          -4          -5          -2
   6.3296005446702400E-006  -1.8238222159245470E-004          -4          -4          -5
  -1.1824871162173365E-005   3.4070265546309284E-004          -4          -2          -5
  -1.1854994851300812E-005   3.4159269918590822E-004          -4          -2           1
   6.2189226207015180E-006  -1.7918054207160134E-004          -4           0           1
   1.3047193378665754E-005  -3.7596123637472515E-004          -4           1          -2
   1.4670297269321416E-005  -4.2268358859070485E-004          -4           1           0
  -6.7348501392732555E-006   1.9405140271451607E-004          -3          -5          -1
  -7.9588131441512769E-006   2.2930960170428394E-004          -3          -2           2
   7.9057674002549545E-006  -2.2779596162159690E-004          -3          -1          -5
   6.6824528623664437E-006  -1.9253747253065540E-004          -3           2          -2
   6.8273486651357384E-006  -1.9671551157222461E-004          -2          -5          -4
  -1.1656783047945426E-005   3.3586189308764444E-004          -2          -4          -5
  -1.1303822158629029E-005   3.2571216437128929E-004          -2          -4           1
  -7.4751223121203781E-006   2.1537212563853893E-004          -2          -3           2
  -7.4611810129268039E-006   2.1498198725119393E-004          -2           1          -4
  -1.1318041545754361E-005   3.2610241911168746E-004          -2           2          -3
  -1.1700598462214640E-005   3.3714206787629933E-004          -2           2           3
   6.7825695560112310E-006  -1.9543549260668433E-004          -2           3           2
  -1.2986006351892157E-005   3.7418700127578850E-004          -1          -5          -3
  -1.5845318649458689E-005   4.5654103881972649E-004          -1          -5          -1
   8.0735514821851699E-006  -2.3263676670770602E-004          -1          -3          -5
   3.6827506845918146E-005  -1.0610928514027454E-003          -1          -1          -5
  -3.6843134006324184E-005   1.0616067855386839E-003          -1           0           4
  -8.1130572344279193E-006   2.3376032864834041E-004          -1           2           4
   1.5826319018531529E-005  -4.5602750723825407E-004          -1           4           0
   1.2948511919526557E-005  -3.7306316044963652E-004          -1           4           2
   7.5972965194545745E-006  -2.1889671410580110E-004           0          -4           1
  -3.6622049532300153E-005   1.0552343451851725E-003           0          -1           4
  -3.6624242719502151E-005   1.0552340695224908E-003           0           1          -4
   7.5967030446967050E-006  -2.1889681291247331E-004           0           4          -1
   1.2946800650191878E-005  -3.7306345068717072E-004           1          -4          -2
   1.5827478043896361E-005  -4.5602728078373623E-004           1          -4           0
  -8.1126291039936504E-006   2.3376034335933154E-004           1          -2          -4
  -3.6845408110958090E-005   1.0616065573738009E-003           1           0          -4
   3.6825348002384411E-005  -1.0610930766843702E-003           1           1           5
   8.0740445142916644E-006  -2.3263675566896288E-004           1           3           5
  -1.5844286534385241E-005   4.5654120330645802E-004           1           5           1
  -1.2987481378746614E-005   3.7418679736848280E-004           1           5           3
   6.7830730957095924E-006  -1.9543523290615995E-004           2          -3          -2
  -1.1701068470426122E-005   3.3714213968701555E-004           2          -2          -3
  -1.1317597620630703E-005   3.2610241854793968E-004           2          -2           3
  -7.4614917244993027E-006   2.1498202163980020E-004           2          -1           4
  -7.4744408850876306E-006   2.1537221239436576E-004           2           3          -2
  -1.1304646077321334E-005   3.2571204582567130E-004           2           4          -1
  -1.1656067725420878E-005   3.3586182997282058E-004           2           4           5
   6.8271886134910848E-006  -1.9671572990727422E-004           2           5           4
   6.6818550699575944E-006  -1.9253760217901277E-004           3          -2           2
   7.9061485716018073E-006  -2.2779594317957343E-004           3           1           5
  -7.9581105449082974E-006   2.2930975136080091E-004           3           2          -2
  -6.7348207241605217E-006   1.9405147023888984E-004           3           5           1
   1.4669061083537159E-005  -4.2268366363145906E-004           4          -1           0
   1.3048883614947055E-005  -3.7596103199290595E-004           4          -1           2
   6.2183998365536575E-006  -1.7918047609735290E-004           4           0          -1
  -1.1855740820269984E-005   3.4159257406033577E-004           4           2          -1
  -1.1824169292919067E-005   3.4070271157616091E-004           4           2           5
   6.3299588187520830E-006  -1.8238220385489258E-004           4           4           5
   1.3078561169296008E-005  -3.7685121013707591E-004           4           5           2
   1.4781207043388923E-005  -4.2588537217431018E-004           4           5           4
  -1.4465826766055700E-005   4.1682490450255748E-004           5           1           1
  -1.2604127119375549E-005   3.6314717950738614E-004           5           1           3
   6.1753306925948907E-006  -1.7793730636522494E-004           5           2           4
  -6.1836634379231744E-006   1.7817096352675167E-004           5           3           1
   1.2594800364835044E-005  -3.6291365938175956E-004           5           4           2
   1.4559969748889935E-005  -4.1951290675679582E-004           5           4           4
  -1.9387089929443371E-010   1.1696801991474222E-010          -4          -4           0
   4.1749683019547911E-010   8.7748802701688784E-011          -4           0          -4
   1.4732668103450148E-010   4.7123536309586032E-011           0          -4          -4
  -3.3337872813471110E-010   2.5524226655731691E-011           0           4           4
  -1.9157300931920048E-010   2.1987616062913923E-011           4           0           4
   2.1081890984747886E-010   1.5169188428704966E-010           4           4           0
   0.0000000000000000        0.0000000000000000               -5          -5          -3
   0.0000000000000000        0.0000000000000000               -5          -3          -5
   0.0000000000000000        0.0000000000000000               -5          -2           0
   0.0000000000000000        0.0000000000000000               -5           0          -2
   0.0000000000000000        0.0000000000000000               -3          -5          -5
   0.0000000000000000        0.0000000000000000               -3           2           2
   0.0000000000000000        0.0000000000000000               -2          -5           0
   0.0000000000000000        0.0000000000000000               -2          -2           3
   0.0000000000000000        0.0000000000000000               -2           0          -5
   0.0000000000000000        0.0000000000000000               -2           3          -2
   0.0000000000000000        0.0000000000000000                0          -5          -2
   0.0000000000000000        0.0000000000000000                0          -2          -5
   0.0000000000000000        0.0000000000000000                0           2           5
   0.0000000000000000        0.0000000000000000                0           5           2
   0.0000000000000000        0.0000000000000000                2          -3           2
   0.0000000000000000        0.0000000000000000                2           0           5
   0.0000000000000000        0.0000000000000000                2           2          -3
   0.0000000000000000        0.0000000000000000                2           5           0
   0.0000000000000000        0.0000000000000000                3          -2          -2
   0.0000000000000000        0.0000000000000000                5           0           2
   0.0000000000000000        0.0000000000000000                5           2           0
   0.0000000000000000        0.0000000000000000               -5          -5          -4
   0.0000000000000000        0.0000000000000000               -5          -4          -5
   0.0000000000000000        0.0000000000000000               -5          -4          -1
   0.0000000000000000        0.0000000000000000               -5          -1          -4
   0.0000000000000000        0.0000000000000000               -5          -1           0
   0.0000000000000000        0.0000000000000000               -5           0          -1
   0.0000000000000000        0.0000000000000000               -4          -5          -5
   0.0000000000000000        0.0000000000000000               -4          -5          -1
   0.0000000000000000        0.0000000000000000               -4          -3           1
   0.0000000000000000        0.0000000000000000               -4          -1          -5
   0.0000000000000000        0.0000000000000000               -4           1          -3
   0.0000000000000000        0.0000000000000000               -4           1           1
   0.0000000000000000        0.0000000000000000               -3          -4           1
   0.0000000000000000        0.0000000000000000               -3           1          -4
   0.0000000000000000        0.0000000000000000               -1          -5          -4
   0.0000000000000000        0.0000000000000000               -1          -5           0
   0.0000000000000000        0.0000000000000000               -1          -4          -5
   0.0000000000000000        0.0000000000000000               -1          -1           4
   0.0000000000000000        0.0000000000000000               -1           0          -5
   0.0000000000000000        0.0000000000000000               -1           3           4
   0.0000000000000000        0.0000000000000000               -1           4          -1
   0.0000000000000000        0.0000000000000000               -1           4           3
   0.0000000000000000        0.0000000000000000                0          -5          -1
   0.0000000000000000        0.0000000000000000                0          -1          -5
   0.0000000000000000        0.0000000000000000                0           1           5
   0.0000000000000000        0.0000000000000000                0           5           1
   0.0000000000000000        0.0000000000000000                1          -4          -3
   0.0000000000000000        0.0000000000000000                1          -4           1
   0.0000000000000000        0.0000000000000000                1          -3          -4
   0.0000000000000000        0.0000000000000000                1           0           5
   0.0000000000000000        0.0000000000000000                1           1          -4
   0.0000000000000000        0.0000000000000000                1           4           5
   0.0000000000000000        0.0000000000000000                1           5           0
   0.0000000000000000        0.0000000000000000                1           5           4
   0.0000000000000000        0.0000000000000000                3          -1           4
   0.0000000000000000        0.0000000000000000                3           4          -1
   0.0000000000000000        0.0000000000000000                4          -1          -1
   0.0000000000000000        0.0000000000000000                4          -1           3
   0.0000000000000000        0.0000000000000000                4           1           5
   0.0000000000000000        0.0000000000000000                4           3          -1
   0.0000000000000000        0.0000000000000000                4           5           1
   0.0000000000000000        0.0000000000000000                5           0           1
   0.0000000000000000        0.0000000000000000                5           1           0
   0.0000000000000000        0.0000000000000000                5           1           4
   0.0000000000000000        0.0000000000000000                5           4           1
   0.0000000000000000        0.0000000000000000               -6          -3          -3
   0.0000000000000000        0.0000000000000000               -5          -5          -2
   0.0000000000000000        0.0000000000000000               -5          -3           0
   0.0000000000000000        0.0000000000000000               -5          -2          -5
   0.0000000000000000        0.0000000000000000               -5           0          -3
   0.0000000000000000        0.0000000000000000               -3          -6          -3
   0.0000000000000000        0.0000000000000000               -3          -5           0
   0.0000000000000000        0.0000000000000000               -3          -3          -6
   0.0000000000000000        0.0000000000000000               -3          -3           2
   0.0000000000000000        0.0000000000000000               -3           0          -5
   0.0000000000000000        0.0000000000000000               -3           0           3
   0.0000000000000000        0.0000000000000000               -3           2          -3
   0.0000000000000000        0.0000000000000000               -3           3           0
   0.0000000000000000        0.0000000000000000               -2          -5          -5
   0.0000000000000000        0.0000000000000000               -2           3           3
   0.0000000000000000        0.0000000000000000                0          -5          -3
   0.0000000000000000        0.0000000000000000                0          -3          -5
   0.0000000000000000        0.0000000000000000                0          -3           3
   0.0000000000000000        0.0000000000000000                0           3          -3
   0.0000000000000000        0.0000000000000000                0           3           5
   0.0000000000000000        0.0000000000000000                0           5           3
   0.0000000000000000        0.0000000000000000                2          -3          -3
   0.0000000000000000        0.0000000000000000                3          -3           0
   0.0000000000000000        0.0000000000000000                3          -2           3
   0.0000000000000000        0.0000000000000000                3           0          -3
   0.0000000000000000        0.0000000000000000                3           0           5
   0.0000000000000000        0.0000000000000000                3           3          -2
   0.0000000000000000        0.0000000000000000                3           5           0
   0.0000000000000000        0.0000000000000000                5           0           3
   0.0000000000000000        0.0000000000000000                5           3           0
   0.0000000000000000        0.0000000000000000               -6          -4          -3
   0.0000000000000000        0.0000000000000000               -6          -3          -4
   0.0000000000000000        0.0000000000000000               -6          -3          -2
   0.0000000000000000        0.0000000000000000               -6          -2          -3
   0.0000000000000000        0.0000000000000000               -5          -5          -5
   0.0000000000000000        0.0000000000000000               -5           0           0
   0.0000000000000000        0.0000000000000000               -4          -6          -3
   0.0000000000000000        0.0000000000000000               -4          -3          -6
   0.0000000000000000        0.0000000000000000               -4          -1           2
   0.0000000000000000        0.0000000000000000               -4           2          -1
   0.0000000000000000        0.0000000000000000               -3          -6          -4
   0.0000000000000000        0.0000000000000000               -3          -6          -2
   0.0000000000000000        0.0000000000000000               -3          -4          -6
   0.0000000000000000        0.0000000000000000               -3          -2          -6
   0.0000000000000000        0.0000000000000000               -3          -1           3
   0.0000000000000000        0.0000000000000000               -3           1           3
   0.0000000000000000        0.0000000000000000               -3           3          -1
   0.0000000000000000        0.0000000000000000               -3           3           1
   0.0000000000000000        0.0000000000000000               -2          -6          -3
   0.0000000000000000        0.0000000000000000               -2          -3          -6
   0.0000000000000000        0.0000000000000000               -2           1           4
   0.0000000000000000        0.0000000000000000               -2           4           1
   0.0000000000000000        0.0000000000000000               -1          -4           2
   0.0000000000000000        0.0000000000000000               -1          -3           3
   0.0000000000000000        0.0000000000000000               -1           2          -4
   0.0000000000000000        0.0000000000000000               -1           3          -3
   0.0000000000000000        0.0000000000000000                0          -5           0
   0.0000000000000000        0.0000000000000000                0           0          -5
   0.0000000000000000        0.0000000000000000                0           0           5
   0.0000000000000000        0.0000000000000000                0           5           0
   0.0000000000000000        0.0000000000000000                1          -3           3
   0.0000000000000000        0.0000000000000000                1          -2           4
   0.0000000000000000        0.0000000000000000                1           3          -3
   0.0000000000000000        0.0000000000000000                1           4          -2
   0.0000000000000000        0.0000000000000000                2          -4          -1
   0.0000000000000000        0.0000000000000000                2          -1          -4
   0.0000000000000000        0.0000000000000000                3          -3          -1
   0.0000000000000000        0.0000000000000000                3          -3           1
   0.0000000000000000        0.0000000000000000                3          -1          -3
   0.0000000000000000        0.0000000000000000                3           1          -3
   0.0000000000000000        0.0000000000000000                4          -2           1
   0.0000000000000000        0.0000000000000000                4           1          -2
   0.0000000000000000        0.0000000000000000                5           0           0
   0.0000000000000000        0.0000000000000000               -6          -4          -4
   0.0000000000000000        0.0000000000000000               -6          -2          -2
   0.0000000000000000        0.0000000000000000               -4          -6          -4
   0.0000000000000000        0.0000000000000000               -4          -4          -6
   0.0000000000000000        0.0000000000000000               -4           0           2
   0.0000000000000000        0.0000000000000000               -4           2           0
   0.0000000000000000        0.0000000000000000               -2          -6          -2
   0.0000000000000000        0.0000000000000000               -2          -2          -6
   0.0000000000000000        0.0000000000000000               -2           0           4
   0.0000000000000000        0.0000000000000000               -2           4           0
   0.0000000000000000        0.0000000000000000                0          -4           2
   0.0000000000000000        0.0000000000000000                0          -2           4
   0.0000000000000000        0.0000000000000000                0           2          -4
   0.0000000000000000        0.0000000000000000                0           4          -2
   0.0000000000000000        0.0000000000000000                2          -4           0
   0.0000000000000000        0.0000000000000000                2           0          -4
   0.0000000000000000        0.0000000000000000                4          -2           0
   0.0000000000000000        0.0000000000000000                4           0          -2
   0.0000000000000000        0.0000000000000000               -6          -4          -2
   0.0000000000000000        0.0000000000000000               -6          -2          -4
   0.0000000000000000        0.0000000000000000               -4          -6          -2
   0.0000000000000000        0.0000000000000000               -4          -2          -6
   0.0000000000000000        0.0000000000000000               -4          -2           2
   0.0000000000000000        0.0000000000000000               -4           2          -2
   0.0000000000000000        0.0000000000000000               -2          -6          -4
   0.0000000000000000        0.0000000000000000               -2          -4          -6
   0.0000000000000000        0.0000000000000000               -2          -4           2
   0.0000000000000000        0.0000000000000000               -2           2          -4
   0.0000000000000000        0.0000000000000000                2          -4          -2
   0.0000000000000000        0.0000000000000000                2          -2          -4
   0.0000000000000000        0.0000000000000000               -5          -5          -1
   0.0000000000000000        0.0000000000000000               -5          -4           0
   0.0000000000000000        0.0000000000000000               -5          -1          -5
   0.0000000000000000        0.0000000000000000               -5           0          -4
   0.0000000000000000        0.0000000000000000               -4          -5           0
   0.0000000000000000        0.0000000000000000               -4          -4           1
   0.0000000000000000        0.0000000000000000               -4           0          -5
   0.0000000000000000        0.0000000000000000               -4           1          -4
   0.0000000000000000        0.0000000000000000               -1          -5          -5
   0.0000000000000000        0.0000000000000000                0          -5          -4
   0.0000000000000000        0.0000000000000000                0          -4          -5
   0.0000000000000000        0.0000000000000000                1          -4          -4
