         718          24          24          24
   4.9868997356874351E-006   1.4457798310797397E-008           0           0           0
  -5.6978987357047600E-003  0.66293799492533578               -1          -1          -1
  -1.3958935672365106E-003  -1.3722913931393950E-005          -1           0           0
  -1.6907895263657113E-004   1.9758009353468255E-002           0          -1           0
   1.3849292575656552E-003   1.3617262018584582E-005           0           0          -1
   4.2335330006384741E-005   4.1460330308787695E-007           0           0           1
  -5.6979165475060595E-003  0.66293800174184647                0           1           0
  -4.0545565412275314E-005  -4.0142115859743306E-007           1           0           0
  -1.7031278256576367E-004   1.9758001237455101E-002           1           1           1
  -1.2107528712867002E-003  0.11318998665861087               -1          -1           0
   4.9994509706975485E-006   1.8359167788133991E-008          -1           0          -1
  -7.3433621478373803E-004  0.11294971589022348                0          -1          -1
  -7.3476556084698026E-004  0.11319466211701375                0           1           1
  -5.8802672507339769E-008   3.4625592651187807E-010           1           0           1
  -1.2069311658530488E-003  0.11294506042009742                1           1           0
  -7.3415797422793469E-004  0.11306065216832922               -2          -1          -1
  -4.6146918478270633E-004   5.3654120090706074E-002          -1          -2          -1
  -1.2057666306408022E-003  0.11281182478277244               -1          -1          -2
  -1.1286874872653543E-004  -1.1068338842150759E-006          -1           0           1
  -1.2095868790759699E-003  0.11305598009735908               -1           1           0
   9.7672889512805355E-006  -1.4648260586645162E-003           0          -1           1
  -7.3373237593232234E-004  0.11281647047290287                0           1          -1
   1.5954545847847028E-005  -1.4688687301664699E-003           1          -1           0
   1.1219358304858866E-004   1.1059051695300002E-006           1           0          -1
   1.5436033383105348E-005  -1.4647707294337493E-003           1           1           2
   4.6098719898036013E-004  -5.3654119032321569E-002           1           2           1
   9.3174663143535750E-006  -1.4689339304920336E-003           2           1           1
   5.3316877573470743E-005  -7.6424196972328092E-006          -2          -2          -1
  -1.6998336185537974E-004   1.9691213906823341E-002          -2          -1          -2
  -2.1883555165605381E-004   2.5458423801641115E-002          -2          -1           0
   4.2195125634722276E-005   4.1168826262025014E-007          -2           0          -1
  -5.3353547788376206E-005  -8.5865090677486474E-006          -1          -2          -2
  -1.4985178428742046E-004   1.6338135334129551E-002          -1          -2           0
  -7.2685761934041819E-005   4.4675452012315339E-003          -1          -1           1
  -4.0405856778373173E-005  -4.0353005992761470E-007          -1           0          -2
  -1.6875356347445910E-004   1.9691218126975829E-002          -1           1          -1
  -2.1880073673440892E-004   2.5458423419746086E-002          -1           1           1
  -1.3105318599609852E-004   1.6328050764256707E-002           0          -2          -1
  -2.1829777986236278E-004   2.5400940372763591E-002           0          -1          -2
  -4.0911374451108875E-006   4.4682169790104202E-003           0           1           2
   5.3328781763281546E-005   8.6914500124282752E-006           0           2           1
  -4.0337384250330546E-006   4.4521171526322638E-003           1          -1          -1
   5.7938504502598267E-006  -6.7025803891922003E-004           1          -1           1
   1.2464377789295427E-006   1.2832442726784372E-008           1           0           2
  -2.1833109095119763E-004   2.5400938611007756E-002           1           1          -1
  -5.3343758354702529E-005   7.5371829331765719E-006           1           2           0
   1.3100142668708996E-004  -1.6338318622102364E-002           1           2           2
  -1.5649507173756961E-006  -1.5150408742528680E-008           2           0           1
  -7.2464037321056730E-005   4.4514409648390178E-003           2           1           0
   5.7267522162562675E-006  -6.7025991457483154E-004           2           1           2
   1.4961567971485674E-004  -1.6327864945170759E-002           2           2           1
   4.6077215295397991E-004  -5.3646376368598744E-002          -2          -2          -2
  -1.1285193885431286E-004  -1.1071140190710149E-006          -2           0           0
  -6.2098441246604820E-005   7.2359092462336147E-003           0          -2           0
   1.1217739629823864E-004   1.1045559338732072E-006           0           0          -2
   1.5180294023562371E-005   1.4949779129385864E-007           0           0           2
  -4.6125076247450320E-004   5.3646373058051013E-002           0           2           0
  -1.5172322345575892E-005  -1.4947896850174852E-007           2           0           0
   6.2266381501658812E-005  -7.2359073227310404E-003           2           2           2
  -2.0763377697617747E-005   3.1943512144149678E-003          -2          -2           0
  -5.8356527947219716E-008  -1.3468663418806747E-009          -2           0          -2
  -3.4212891351198530E-005   3.1991423121219506E-003           0          -2          -2
   3.4164342757809338E-005  -3.1942196166712591E-003           0           2           2
  -6.6358124042791301E-008  -7.2525345387093769E-010           2           0           2
   2.0793109490421452E-005  -3.1992742067520649E-003           2           2           0
   1.3103026403397946E-004  -1.6339079474582224E-002          -3          -2          -2
  -4.0387224141221525E-006   4.4591121441830365E-003          -3          -1          -1
   8.6184212836986262E-005  -1.0027232699693295E-002          -2          -3          -2
   1.4960708408512331E-004  -1.6328656808943052E-002          -2          -2          -3
  -2.1154077889147742E-005  -2.0635040009790887E-007          -2           0           1
  -7.2636752099178360E-005   4.4584403135122727E-003          -2           1           0
   1.8572224504249058E-005  -2.1695299820640281E-003          -1          -3          -1
  -7.2414298510196842E-005   4.4424318627513514E-003          -1          -1          -3
   4.5559121316540254E-006   4.5682768123386189E-008          -1           0           2
  -1.4984079763759930E-004   1.6338893997344096E-002          -1           2           0
  -1.7200440288195162E-005   2.1660587875651995E-003           0          -2           1
  -1.0041408763968933E-006   6.4495291546801993E-004           0          -1           2
  -3.9804889998829978E-006   4.4431063936684820E-003           0           1          -2
  -1.3108031115805218E-004   1.6328838779869931E-002           0           2          -1
  -1.9875862249674538E-005   2.1634659116997745E-003           1          -2           0
   2.0907226048445836E-005   2.0738438136002985E-007           1           0          -2
  -1.0082055260931920E-005   6.4486216309760211E-004           1           1           3
   8.6182484095054308E-005  -1.0027229848598834E-002           1           3           1
  -1.0052762532409382E-005   6.4112153355329739E-004           2          -1           0
  -4.5439065549572418E-006  -4.4294199406809126E-008           2           0          -1
   2.0031374700390123E-005  -2.1660319741004051E-003           2           2           3
   1.8710916987959210E-005  -2.1695294691828032E-003           2           3           2
  -9.7014580819440886E-007   6.4120999205965969E-004           3           1           1
   1.7311689036801680E-005  -2.1634916413711580E-003           3           2           2
   3.4195616046211812E-005  -3.1986447629848572E-003          -3          -2          -1
   1.5531474420596765E-005  -1.4758584571819184E-003          -3          -1          -2
   3.0330160262386060E-005  -3.2721169346866261E-003          -2          -3          -1
   9.3670544860681302E-006  -1.4799914574417548E-003          -2          -1          -3
  -1.6094450386200847E-005   1.0692954495129376E-003          -2          -1           1
   9.8154836080003898E-006  -1.4759165419716909E-003          -2           1          -1
   2.5857426434053244E-005  -3.2739639115103207E-003          -1          -3          -2
   2.0807136409022335E-005  -3.2036406388327950E-003          -1          -2          -3
  -1.1183868438685054E-005   1.0481397943355388E-003          -1          -2           1
   1.6049713494733613E-005  -1.4799291126901283E-003          -1           1          -2
  -2.2854268495022360E-006   1.0694302556691741E-003          -1           1           2
  -2.0775193887984840E-005   3.1987751184566768E-003          -1           2           1
  -6.7961548779248947E-006   1.0496626026568756E-003           1          -2          -1
  -2.3719908038063551E-006   1.0703494108545992E-003           1          -1          -2
   8.6583116977623722E-007  -8.5777668023183674E-005           1          -1           2
  -3.4244551991605723E-005   3.2035073207323833E-003           1           2          -1
   6.8319927636628584E-006  -1.0481829578470113E-003           1           2           3
   2.5908368448014818E-005  -3.2721594060049759E-003           1           3           2
   5.0918126765152784E-007  -8.6280109308399769E-005           2          -1           1
  -1.6021465672911579E-005   1.0702136500152528E-003           2           1          -1
   6.0819480613165376E-007  -8.5782040733071619E-005           2           1           3
   3.0410806368519929E-005  -3.2739176086811969E-003           2           3           1
   9.7322879795062912E-007  -8.6276917285891435E-005           3           1           2
   1.1243124784639887E-005  -1.0496186462321082E-003           3           2           1
   2.5954815342492018E-005  -3.2763232292249119E-003          -3          -3          -2
   6.2314072593933902E-005  -7.2391968852015673E-003          -3          -2          -3
  -2.2818060219739681E-006   1.0696165007347555E-003          -3          -1           0
   1.5187626103779982E-005   1.4850424301525427E-007          -3           0          -1
   3.0457310683286369E-005  -3.2781065406556798E-003          -2          -3          -3
  -1.6108504755366677E-005   1.0694821612660561E-003          -2           1           1
   1.6103501422505959E-005  -2.1048408699175267E-003          -1          -3           0
  -3.6622081701027579E-006   9.3935014599635578E-004          -1          -1           2
  -1.5179220222129442E-005  -1.5026536138620561E-007          -1           0          -3
  -6.2146552946397624E-005   7.2391977331578775E-003          -1           2          -1
   1.9993760116953297E-005  -2.1001513013370584E-003           0          -3          -1
  -1.6034969834376801E-005   1.0704220489476436E-003           0          -1          -3
  -1.2484301784098775E-005   9.3926223787895835E-004           0           1           3
   3.0376042372794311E-005  -3.2762784161560893E-003           0           3           1
  -1.6120578465921290E-005   1.8782257646234610E-003           1          -2           1
  -3.9576708544894628E-006  -3.9078323212191251E-008           1           0           3
  -2.3680791162640857E-006   1.0705583133028078E-003           1           1          -2
   2.5901581640888056E-005  -3.2781500770865547E-003           1           3           0
  -1.2439941483345946E-005   9.3439579001512003E-004           2          -1          -1
   2.0077783864101931E-005  -2.1048027042829837E-003           2           3           3
   3.9212657938775981E-006   3.8263005246300315E-008           3           0           1
  -3.6237328895106058E-006   9.3448152162089635E-004           3           1           0
   1.6166566709818898E-005  -1.8782256105102154E-003           3           2           3
   1.6108445300159358E-005  -2.1001902714719725E-003           3           3           2
   1.8727553036658571E-005  -2.1701753993499683E-003          -3          -3          -3
  -4.3649660771915610E-006   5.0798608997935848E-004          -3          -3          -1
  -1.0398521303794868E-006  -4.4193668655608906E-008          -3          -2           0
   5.8132735737441841E-006  -6.8023719986216207E-004          -3          -1          -3
   1.2677898245395129E-006   1.2802288194053511E-008          -3           0          -2
   4.5578033017262399E-006   4.4716531140732971E-008          -3           0           0
   7.5141789599671350E-006  -1.1139274172193643E-003          -2          -3           0
   6.0820870612388846E-006  -9.7887590952521570E-004          -2          -2           1
  -1.5856713773706575E-006  -1.5076171879479967E-008          -2           0          -3
   5.8810066970515574E-006  -6.8023812219719117E-004          -2           1          -2
  -4.2772312802203830E-006   4.9757665240041777E-004          -1          -3          -3
  -1.0382468749330636E-006   2.2875979780669844E-008          -1           2           2
   1.1581018128716374E-005  -1.1114076749998913E-003           0          -3          -2
   1.3501171885463819E-005  -1.5697545511325712E-003           0          -3           0
   1.0695798288917715E-006  -7.7495481435001312E-009           0          -2          -3
  -4.5449293405880759E-006  -4.5228293066450288E-008           0           0          -3
  -3.3038725493828505E-006  -3.2458350071634924E-008           0           0           3
  -1.0743986840335741E-005   9.7882962326378701E-004           0           2           3
   1.8589187733976284E-005  -2.1701761919716653E-003           0           3           0
  -4.3655905407301561E-006   5.0798700831645028E-004           0           3           2
   1.0675907047993285E-005  -9.7019576644807469E-004           1          -2          -2
   1.1633248498631122E-005  -1.1138871334360056E-003           1           3           3
   4.1889436916528261E-006  -4.9119449145275851E-004           2          -1           2
  -1.0191942156640692E-006  -1.0537142998183066E-008           2           0           3
   1.0702846463260773E-006   2.7760701423552701E-008           2           2          -1
  -4.2775934632777447E-006   4.9757734794463721E-004           2           3           0
   3.2808889866535828E-006   3.2217014960196590E-008           3           0           0
   1.0411278138933005E-006   9.8617572077906860E-009           3           0           2
   4.2548204082139841E-006  -4.9119497087367705E-004           3           1           3
  -6.0042305769834900E-006   9.7024150649395956E-004           3           2           0
   7.5243711839738665E-006  -1.1114475250258778E-003           3           3           1
   1.3483436074982703E-005  -1.5697548534114262E-003           3           3           3
   6.8675468003949616E-006  -1.0531793286560733E-003          -4          -2          -2
  -1.0705336926821187E-005   1.2468704017505237E-003          -2          -4          -2
   1.1299451046946135E-005  -1.0546292984468155E-003          -2          -2          -4
   2.5990058043885873E-006   2.6155528192995684E-008          -2           0           2
  -1.1240782012722692E-005   1.0531365455730868E-003          -2           2           0
  -7.0773466739452051E-006   1.0895871498355779E-003           0          -2           2
  -6.8314661418720497E-006   1.0546731595305018E-003           0           2          -2
  -1.1616064490266963E-005   1.0865669305104818E-003           2          -2           0
  -2.6313354544706985E-006  -2.5260612732216310E-008           2           0          -2
   1.1652722741962164E-005  -1.0895422304094051E-003           2           2           4
   1.0728745421703197E-005  -1.2468714020466012E-003           2           4           2
   7.0630131256005735E-006  -1.0866115341694885E-003           4           2           2
   1.1630082242750127E-005  -1.1144113646378369E-003          -4          -3          -2
   2.0005940307385062E-005  -2.1642199153331979E-003          -4          -2          -3
  -1.0709665355338766E-005   9.7476741947984786E-004          -4          -2          -1
  -1.0027907303796292E-005   6.3903604795074163E-004          -4          -1          -2
   9.9774989034946453E-007  -9.4684375245643173E-007          -3          -4          -2
   1.7310529440415173E-005  -2.1616929336869956E-003          -3          -2          -4
   4.0223818822802391E-006  -4.6777530803791329E-004          -3          -1           1
  -9.5657514031926483E-007   6.3912453514323867E-004          -3           1          -1
  -9.5550110469782045E-007  -9.7033738447139727E-007          -2          -4          -3
  -1.1205350593675272E-005   1.3598206177837628E-003          -2          -4          -1
   7.5374545997905786E-006  -1.1119928668422766E-003          -2          -3          -4
  -9.2358554695937388E-007   6.3539095093249009E-004          -2          -1          -4
   8.4548703847767109E-007   2.3183448105182963E-004          -2          -1           2
   4.0180009870075019E-006  -4.6777474267258371E-004          -2           1           2
  -1.7200054962156592E-005   2.1642467425360768E-003          -2           2          -1
   6.0450332844464395E-006  -9.7481309163414249E-004          -2           2           1
  -1.2145631631478472E-005   1.3562246801529754E-003          -1          -4          -2
   7.7951009938403531E-006  -1.0425200599817697E-003          -1          -3           1
  -5.9676102305615662E-006   9.6618708013874251E-004          -1          -2          -4
  -2.6161834681199621E-006   5.5874377342255441E-004          -1          -2           2
  -9.9975626126475568E-006   6.3530059994624339E-004          -1           1          -3
  -4.8304562040858050E-006   2.3177824631053450E-004          -1           1           3
  -1.9850955067400655E-005   2.1616669419233445E-003          -1           2          -2
   7.5279623748964462E-006  -1.1144515297137369E-003          -1           3           1
   1.0100354475090201E-005  -1.0383395758370741E-003           1          -3          -1
  -5.0487842340412743E-006   6.5330079123221277E-004           1          -2           2
   3.9807655627411948E-006  -4.6331108839905099E-004           1          -1          -3
   9.6936809015173458E-007  -2.7341795854076047E-004           1          -1           3
   1.0641091212472124E-005  -9.6614063805683392E-004           1           2          -2
   6.9886376856808033E-006  -5.5870102439370764E-004           1           2           4
   1.1577020021047735E-005  -1.1119528941321666E-003           1           3          -1
   9.8167301331822700E-007   9.6568825518368564E-007           1           4           2
  -6.9687695536022956E-006   5.5734201244166223E-004           2          -2          -1
  -6.1855513694024201E-006   6.5220960221926421E-004           2          -2           1
  -4.8448515043043510E-006   2.3104753549446657E-004           2          -1          -2
   3.9843085001037904E-006  -4.6331040760613654E-004           2           1          -2
   3.7306030690477052E-006  -2.7339153632549351E-004           2           1           4
   1.0125808024773926E-005  -1.0424969609095741E-003           2           3           4
  -9.7098588033383360E-007   9.5094870226056611E-007           2           4           1
   1.2169792691621924E-005  -1.3598116973094891E-003           2           4           3
   3.7038314138296276E-006  -2.7296215493984255E-004           3          -1           1
   8.7246102087012154E-007   2.3110333512739887E-004           3           1          -1
   6.1815784284917978E-006  -6.5328918863071309E-004           3           2           4
   1.1168203002882105E-005  -1.3562347469536218E-003           3           4           2
   9.8868788938835652E-007  -2.7298938648926248E-004           4           1           2
   2.6126304754885931E-006  -5.5738501142854277E-004           4           2           1
   5.0263043647426503E-006  -6.5222056670486848E-004           4           2           3
   7.7494982377096496E-006  -1.0383624941093879E-003           4           3           2
   2.0011421252835056E-005  -2.0977304931316288E-003          -4          -3          -3
  -1.2445892084171057E-005   9.3650191468126190E-004          -4          -1          -1
   1.0720367405571477E-005  -1.2459940014818956E-003          -3          -4          -3
   1.6053369904195006E-005  -2.0931308680760090E-003          -3          -3          -4
  -6.6540624471814508E-006   6.2296168410395881E-004          -3          -3           0
  -6.6806431807835503E-008   1.8182259839600508E-010          -3           0          -3
   2.5975174962680292E-006   2.5604395200873148E-008          -3           0           1
  -3.6528681690515702E-006   9.3658841534167341E-004          -3           1           0
  -3.4961196215567147E-006   4.0556707535875056E-004          -1          -4          -1
  -3.6148641404879086E-006   9.3173483757699499E-004          -1          -1          -4
  -8.4924708453253085E-007  -8.0680704657354733E-009          -1           0           3
   1.6049041054245620E-005  -2.0977694200745986E-003          -1           3           0
  -4.0056667559472948E-006   6.1751287139878892E-004           0          -3          -3
   1.6005771815802291E-006  -1.7515554690029130E-004           0          -3           1
  -7.1756909611547308E-007   4.0000896769529806E-005           0          -1           3
  -1.2400675158425915E-005   9.3164783404797562E-004           0           1          -3
   1.9927675622043043E-005  -2.0930927368954448E-003           0           3          -1
  -4.0538169092535621E-006   6.2298726800577369E-004           0           3           3
   1.4278122982242734E-006  -1.7437717784343106E-004           1          -3           0
  -2.6291678552688861E-006  -2.5890418890007997E-008           1           0          -3
   2.9959334358774891E-008   4.0007244313498060E-005           1           1           4
  -1.0697624078424026E-005   1.2459945231799452E-003           1           4           1
   2.2338426674594120E-008   3.9228024705377824E-005           3          -1           0
   8.5234115672546475E-007   8.3437560008295829E-009           3           0          -1
   1.3824449151063488E-008  -3.7798347904198481E-010           3           0           3
  -6.6090160811300788E-006   6.1748734021907135E-004           3           3           0
   1.4101865716101362E-006  -1.7515672769802306E-004           3           3           4
   3.4749675894995515E-006  -4.0556700819111436E-004           3           4           3
  -6.9670678989463863E-007   3.9220505153637122E-005           4           1           1
   1.5696865062607072E-006  -1.7437511001370292E-004           4           3           3
  -4.0429651547266252E-006   6.2129078537486262E-004          -4          -3          -1
   6.3273245467621836E-007  -8.9529648424085682E-005          -4          -1          -3
  -7.3714560206496266E-006   1.0038262294796694E-003          -3          -4          -1
   3.0727002915399129E-006  -6.0101429040621587E-004          -3          -2           1
   1.0133987721382435E-006  -9.0025070031370574E-005          -3          -1          -4
   9.0723555525767387E-007  -8.9526924145920660E-005          -3           1          -2
   5.8541896357759936E-006  -8.9992308150506838E-004          -2          -3           1
   5.3482426898137332E-007  -9.0029721644796696E-005          -2           1          -3
  -9.8447298667520167E-006   9.9929951509937606E-004          -1          -4          -3
  -6.5913791394665211E-006   6.1578346221082133E-004          -1          -3          -4
  -7.2583124489454403E-006   6.0097269079941091E-004          -1           2           3
  -6.6361438430148135E-006   6.2126534517218692E-004          -1           3           2
   9.5827088783363957E-006  -8.9550938812188821E-004           1          -3          -2
   7.2361462765407668E-006  -5.9650367741162058E-004           1          -2          -3
   9.6154379384409387E-006  -8.9988619897109158E-004           1           3           4
   9.8843614174581329E-006  -1.0038021396357611E-003           1           4           3
   1.7525993465260387E-006  -2.7004106635213245E-004           2          -1           3
  -3.9953402587005791E-006   6.1580881203529168E-004           2           3          -1
   2.8819169456134626E-006  -2.6970304304903205E-004           3          -1           2
   2.8894119826284246E-006  -2.7003007657344278E-004           3           1           4
  -3.0192226979752080E-006   5.9654443148964703E-004           3           2          -1
   7.3345551262699978E-006  -9.9932450141925443E-004           3           4           1
   1.7544646423703543E-006  -2.6971429377142841E-004           4           1           3
   5.8123078885418521E-006  -8.9554620011192485E-004           4           3           1
   1.2128896339671651E-005  -1.3551168281216422E-003          -4          -4          -3
   1.3398723863565893E-005  -1.5599629107796598E-003          -4          -3          -4
  -4.8199797438923631E-006   2.3172900521773354E-004          -4          -1           0
  -3.2833208399574440E-006  -3.2252073397901777E-008          -4           0          -1
   1.1127623503862886E-005  -1.3515425574763312E-003          -3          -4          -4
   8.3625677508501114E-007   2.3178493492931543E-004          -3           1           1
   3.3582627287868529E-006  -4.4120581368099797E-004          -1          -4           0
  -8.4923074769628872E-007   2.0608927254554436E-004          -1          -1           3
   3.2601999408172592E-006   3.2255165215992597E-008          -1           0          -4
   1.3416071075663369E-005  -1.5599628957734947E-003          -1           3          -1
   4.2158019655335348E-006  -4.4078054195835638E-004           0          -4          -1
   8.6319228569249212E-007   2.3106011761990481E-004           0          -1          -4
  -2.6932991267187385E-006   2.0607046630324180E-004           0           1           4
  -1.1164935201304108E-005   1.3551268489235616E-003           0           4           1
  -3.2522770125809674E-006   3.7899873332853924E-004           1          -3           1
  -7.9198523318906517E-007  -8.1118522684927610E-009           1           0           4
  -4.8341595327340976E-006   2.3100413351748034E-004           1           1          -3
  -1.2105107455786148E-005   1.3515335310253858E-003           1           4           0
  -2.6853739123920280E-006   2.0448795631107793E-004           3          -1          -1
  -4.2264372650139242E-006   4.4119783876882566E-004           3           4           4
   7.9768232423094263E-007   7.7033638959366520E-009           4           0           1
  -8.3017536630624001E-007   2.0450586368154646E-004           4           1           0
  -3.2628716874722815E-006   3.7899927042886033E-004           4           3           4
  -3.3616865982636011E-006   4.4078951644405898E-004           4           4           3
   9.8766336815170663E-006  -1.0031327009095495E-003          -4          -4          -2
   1.6105106573493631E-005  -1.8711186739013626E-003          -4          -2          -4
  -7.2515614111033262E-006   6.0037480513170261E-004          -4          -2           0
  -3.9431416817286773E-006  -3.8286161153458102E-008          -4           0          -2
   7.3289637633039141E-006  -9.9866292094712020E-004          -2          -4          -4
  -2.2934495758379679E-006   2.4122411896785581E-004          -2          -4           0
   1.4043169045367582E-006  -1.0497283707195961E-004          -2          -2           2
   3.9059440216631672E-006   3.8912730454635219E-008          -2           0          -4
  -1.6058822241416743E-005   1.8711181712471703E-003          -2           2          -2
   3.0683106196930419E-006  -6.0041577336766535E-004          -2           2           2
  -1.8409545347090651E-006   2.3935958860993987E-004           0          -4          -2
  -3.0150292701274840E-006   5.9595461694762688E-004           0          -2          -4
  -4.0000616460826294E-007   1.0498230610913615E-004           0           2           4
  -7.3663811458368736E-006   1.0031573405357560E-003           0           4           2
   3.8047807449638723E-007  -1.0314703920752731E-004           2          -2          -2
  -2.7931554975927598E-007   3.1817259541729563E-005           2          -2           2
   7.1435467436722171E-008   2.6773388259021784E-010           2           0           4
   7.2288546775781637E-006  -5.9591293777316878E-004           2           2          -2
  -9.8368782806184482E-006   9.9863818910103717E-004           2           4           0
   1.8528158938372029E-006  -2.4122819882186432E-004           2           4           4
  -6.2049671259578978E-008  -8.5759761301338084E-010           4           0           2
  -1.3927318993644393E-006   1.0313688557497413E-004           4           2           0
   2.6770016466924286E-007  -3.1816704652547929E-005           4           2           4
   2.2733470670889415E-006  -2.3935502628058720E-004           4           4           2
   3.4360930360686814E-006  -4.0102550228617777E-004          -4          -4          -4
  -8.3937687698808631E-007  -8.3949114599070090E-009          -4           0           0
   4.3522457673898750E-006  -5.0630611703731873E-004           0          -4           0
   8.4310199961138931E-007   7.9556880725054082E-009           0           0          -4
  -1.0586479656194021E-006  -1.0490304160432098E-008           0           0           4
  -3.4576346731320698E-006   4.0102597344048550E-004           0           4           0
   1.0651156589531681E-006   1.0369281955813562E-008           4           0           0
  -4.3514201532819833E-006   5.0630637426925631E-004           4           4           4
   1.0078280634051774E-005  -1.0370463399998525E-003          -5          -3          -3
   6.9751962536994091E-006  -5.5849583010146901E-004          -5          -2          -2
   1.0594196530948800E-006  -1.7417876017781730E-007          -4          -4          -1
  -4.3713843436766165E-006   5.0856349003902419E-004          -4          -3           0
   4.2512999883646644E-006  -4.9079722796661202E-004          -4          -1          -4
  -1.0191368455231534E-006  -9.6242237663543649E-009          -4           0          -3
   5.7701445342748351E-006  -6.7135334362832606E-004          -3          -5          -3
  -3.5830958111990356E-006   4.5859996268910678E-004          -3          -4           0
   7.7029057400521599E-006  -1.0329184850773213E-003          -3          -3          -5
   5.2248387552517793E-007  -1.7163810067806457E-004          -3          -3           1
   1.0394051540378575E-006   1.0618846557170154E-008          -3           0          -4
   1.3971504663854966E-006   1.3806076014897828E-008          -3           0           2
   4.1854309544070248E-006  -4.9079682425615416E-004          -3           1          -3
  -2.6255655082350090E-006   5.5853826166824645E-004          -3           2           0
  -1.4537299195655882E-006   1.6904025640886343E-004          -2          -5          -2
   2.6219561239371181E-006  -5.5718680012581455E-004          -2          -2          -5
   3.5301623866035899E-007   3.7351488731596198E-009          -2           0           3
   7.7479459093935090E-006  -1.0370690223706488E-003          -2           3           0
  -1.0645533617689832E-006  -1.9802024632571973E-007          -1          -4          -4
  -4.3704363389191121E-006   5.0856328991833182E-004          -1           3           3
  -4.2724389989978296E-006   4.5514143677196939E-004           0          -4          -3
  -4.3314186393424970E-006   5.0395829223684398E-004           0          -3          -4
  -1.5552859231417247E-006   2.2026030280605267E-004           0          -3           2
  -9.2672877554802401E-007   1.6138154615281960E-004           0          -2           3
  -6.9551448962844598E-006   5.5714362469766595E-004           0           2          -3
   1.0052446147432681E-005  -1.0328952633646723E-003           0           3          -2
   2.4278784786418470E-006  -1.7161945437889331E-004           0           3           4
   1.0564847091933442E-006   1.9469855957945776E-007           0           4           3
   2.4346236933674872E-006  -1.7110983806423803E-004           1          -3          -3
   4.3001263735935875E-006  -4.5859291508801184E-004           1           4           4
  -2.2270765954241494E-006   2.1989020168458322E-004           2          -3           0
  -1.4190564736657195E-006  -1.3930432326058671E-008           2           0          -3
   1.8474124280863458E-006  -1.6137218437163058E-004           2           2           5
   5.7702715216970598E-006  -6.7135371803206953E-004           2           5           2
  -1.8415598055811216E-006   1.6040223694230836E-004           3          -2           0
   6.0747835954085898E-007  -7.0499134459853927E-005           3          -1           3
  -3.5574669614769022E-007  -3.3383398711917587E-009           3           0          -2
   1.4927397950947358E-007   1.2327561599459703E-009           3           0           4
  -4.3319734094988725E-006   5.0395798889326922E-004           3           3          -1
  -2.2309322220265794E-006   2.2025402844849188E-004           3           3           5
  -1.0671699117102538E-006   1.7678035671577934E-007           3           4           0
  -1.4524388849007523E-006   1.6904073051410089E-004           3           5           3
  -1.4651474998508836E-007  -1.5990241708768974E-009           4           0           3
   6.0443615180317871E-007  -7.0498919477582182E-005           4           1           4
   5.0711676509578537E-007  -1.7112893366442081E-004           4           3           0
   3.5517969817428246E-006  -4.5514834312593093E-004           4           4           1
   9.1595972451163523E-007  -1.6041112397530892E-004           5           2           2
  -1.5528463873056442E-006   2.1989716659698906E-004           5           3           3
   9.5911209569528652E-006  -8.9764793988184337E-004          -5          -3          -2
   1.1611638240610784E-005  -1.0857255341194612E-003          -5          -2          -3
   2.7761763278333432E-006  -3.0540633814261144E-004          -3          -5          -2
   7.0378712939223112E-006  -1.0828030156120913E-003          -3          -2          -5
   1.2605505858156011E-006  -7.2950832099333987E-005          -3          -1           2
  -7.0517082811008863E-006   1.0857695984415982E-003          -3           2          -1
   2.4634450122327090E-006  -3.0438013717763208E-004          -2          -5          -3
   5.7971911393204159E-006  -8.9331758276978710E-004          -2          -3          -5
  -6.5409792484141786E-009  -7.2962986421507299E-005          -2           1           3
   5.8388562543587295E-006  -8.9768438790165626E-004          -2           3           1
   6.5260373973932108E-008  -6.1920305307256952E-006          -1          -3           2
  -1.1574502097556836E-005   1.0827576690001053E-003          -1           2          -3
   5.0849781908955001E-008  -4.8490700603132032E-006           1          -2           3
   9.5579908168507865E-006  -8.9328019320234029E-004           1           3          -2
   3.4532187853859475E-008  -5.4594288716870301E-006           2          -3          -1
  -2.7025671915515737E-008  -7.1966998684647304E-005           2          -1          -3
   4.1217044752774491E-008  -6.1919582761756103E-006           2           3           5
   2.4734434029811992E-006  -3.0540920321758851E-004           2           5           3
   3.1839634791343206E-008  -5.0523623434789730E-006           3          -2           1
   1.2641351334160901E-006  -7.1954127853902117E-005           3           1          -2
  -3.2435731206775371E-008   4.8497610131208856E-006           3           2           5
   2.7684383437104128E-006  -3.0437689761068692E-004           3           5           2
  -5.4890060029060876E-008   5.0524656399531398E-006           5           2           3
   5.9498936963634664E-008  -5.4589200147196480E-006           5           3           2
   1.8341716067027119E-006  -2.3879084461338673E-004          -5          -4          -3
   1.3803212778843834E-006  -1.7136757464980069E-004          -5          -3          -4
  -3.9583571784002815E-007   1.0388221934004700E-004          -5          -2          -1
   3.2183207987928038E-008   3.8794284971489733E-005          -5          -1          -2
   2.4644065226262392E-006  -3.0431853057213341E-004          -4          -5          -3
   1.5348259962341404E-006  -1.7058636186945036E-004          -4          -3          -5
  -5.0951210400004386E-009  -7.2833540822874642E-005          -4          -1           1
  -6.9880100513492179E-007   3.8787184132450118E-005          -4           1          -1
   2.7589911874156519E-006  -3.0328530474971448E-004          -3          -5          -4
   2.2502880764599967E-006  -2.3691713771710729E-004          -3          -4          -5
   1.2569172812584741E-006  -7.2820821211784457E-005          -3           1           2
   1.3894865197696276E-006  -1.0387237538353601E-004          -3           2           1
  -2.2155163469736119E-006   2.7992984590119837E-004          -2          -5          -1
  -6.7864962686187580E-007   3.8007903831800382E-005          -2          -1          -5
  -2.0929510266195653E-007   9.2007125125154624E-005          -2          -1           3
   1.5651543470071013E-006  -1.7136602376383947E-004          -2           3          -1
  -2.5939415179618453E-006   2.7922241566168924E-004          -1          -5          -2
   1.8152224109512618E-006  -2.5093677633807542E-004          -1          -4           1
  -1.3783835287426499E-006   1.0203639762513080E-004          -1          -2          -5
  -8.8707394187903911E-007   1.6403194081890182E-004          -1          -2           3
   2.5223306321093711E-008   3.8014851112675948E-005          -1           1          -4
  -1.3721532325943867E-006   9.1995472569741371E-005          -1           1           4
   1.3974888563738426E-006  -1.7058805502316468E-004          -1           3          -2
  -2.2703242619131417E-006   2.3878693410079980E-004          -1           4           1
   2.4933682225055866E-006  -2.5000771878556580E-004           1          -4          -1
   0.0000000000000000        0.0000000000000000                1          -3           2
   1.2609974367147201E-006  -7.1823801146235350E-005           1          -1          -4
   0.0000000000000000        0.0000000000000000                1          -1           4
   3.7599196694171572E-007  -1.0204596158906661E-004           1           2          -3
   1.9325262049066220E-006  -1.6402163092890106E-004           1           2           5
  -1.8226149955115406E-006   2.3692170112879388E-004           1           4          -1
   2.7668473284314740E-006  -3.0431612463275134E-004           1           5           2
   0.0000000000000000        0.0000000000000000                2          -3           1
  -2.6008473073575795E-008  -7.1835921718326289E-005           2           1          -3
   0.0000000000000000        0.0000000000000000                2           1           5
   2.4548091283294029E-006  -3.0328882978728969E-004           2           5           1
  -1.9295694297152474E-006   1.6306185182064748E-004           3          -2          -1
  -1.3758877710186833E-006   9.1264667201717403E-005           3          -1          -2
  -2.4983506496935299E-006   2.5093020089445527E-004           3           4           5
  -2.5964407408808586E-006   2.7992642391113292E-004           3           5           4
   0.0000000000000000        0.0000000000000000                4          -1           1
  -1.9318211512249042E-007   9.1276066020196496E-005           4           1          -1
   0.0000000000000000        0.0000000000000000                4           3           5
  -2.2059932238490610E-006   2.7922644345566714E-004           4           5           3
   0.0000000000000000        0.0000000000000000                5           1           2
   8.7361661872703455E-007  -1.6307214011401804E-004           5           2           1
   0.0000000000000000        0.0000000000000000                5           3           4
  -1.8043859643972359E-006   2.5001453310380926E-004           5           4           3
  -4.2252006302186063E-006   4.4132940312508037E-004          -5          -4          -4
   4.2877266314007239E-006  -4.5714910369572758E-004          -5          -4          -2
   2.4249591500661515E-006  -1.7164049905029187E-004          -5          -3          -1
   6.1448058829972822E-006  -6.4904292210182302E-004          -5          -2          -4
   3.7198896255966090E-006  -2.7319428507763108E-004          -5          -1          -3
  -2.6850849472521825E-006   2.0504675094071975E-004          -5          -1          -1
  -1.4563714179194491E-006   1.6952101728800076E-004          -4          -5          -4
   2.7591873920267999E-006  -3.2103310031980750E-004          -4          -5          -2
  -3.3646694112329453E-006   4.4092329656384306E-004          -4          -4          -5
   4.9904188632644607E-006  -6.4797682224058018E-004          -4          -2          -5
  -6.6354129980744080E-007  -1.9119704774465011E-008          -4          -2           1
   3.5436719954121643E-007   3.2946612979577377E-009          -4           0           1
   9.7649596537284777E-007  -2.7322049463327755E-004          -4           1          -2
  -8.3958977198325218E-007   2.0506451185033726E-004          -4           1           0
  -6.2138532789726848E-007   1.0021935484770138E-004          -3          -5          -1
   7.9192838036791662E-007  -1.1649949844522177E-004          -3          -2           2
   9.9580206554066032E-007  -2.7279396749027156E-004          -3          -1          -5
  -5.0118827150496703E-006   6.4905356049145828E-004          -3           2          -2
   2.7411357910491536E-006  -3.1891710217120107E-004          -2          -5          -4
   3.5393627533571356E-006  -4.5370730619274143E-004          -2          -4          -5
   1.0289436981928126E-006  -1.4842642917711646E-004          -2          -4           1
   7.1733723109004654E-007  -1.1956835215644154E-004          -2          -3           2
   3.6931519795548608E-006  -2.7276655908289513E-004          -2           1          -4
  -6.1478097008787516E-006   6.4796503957502969E-004          -2           2          -3
  -6.6375833047883825E-007   6.0930367329592171E-009          -2           2           3
   5.2562742803709461E-007  -1.7165899568114478E-004          -2           3           2
  -1.1052117070999870E-006   1.0000829341188035E-004          -1          -5          -3
  -1.1882623079655446E-006   1.3816240357066148E-004          -1          -5          -1
   5.1012956544395833E-007  -1.7115448929512739E-004          -1          -3          -5
  -8.2151646468440738E-007   2.0348468142901581E-004          -1          -1          -5
  -2.8513444409278006E-007  -2.7778328125190028E-009          -1           0           4
  -1.2105850495789468E-006   1.1649508436800427E-004          -1           2           4
   3.3610647460419693E-006  -4.4133728986316568E-004          -1           4           0
  -3.5703844261127407E-006   4.5715611598030789E-004          -1           4           2
   0.0000000000000000        0.0000000000000000                0          -4           1
   0.0000000000000000        0.0000000000000000                0          -1           4
  -2.6762249318116670E-006   2.0346581813108973E-004           0           1          -4
   4.2142533487011868E-006  -4.4091432004888918E-004           0           4          -1
   1.5243643157007180E-006  -1.4804215286824836E-004           1          -4          -2
   0.0000000000000000        0.0000000000000000                1          -4           0
   6.7882175539221702E-007  -4.5294415068984825E-009           1          -2          -4
  -3.5631892499601796E-007  -3.8521855709860973E-009           1           0          -4
   0.0000000000000000        0.0000000000000000                1           1           5
   1.3380284185002489E-006  -1.1956207100783331E-004           1           3           5
  -1.4574529389088492E-006   1.6952045535588965E-004           1           5           1
   2.7592394139396521E-006  -3.2103322822088493E-004           1           5           3
   1.3274634147280291E-006  -1.1820533464171829E-004           2          -3          -2
   1.1987574448595721E-006  -1.1496415484529370E-004           2          -2          -3
   0.0000000000000000        0.0000000000000000                2          -2           3
   0.0000000000000000        0.0000000000000000                2          -1           4
   2.4315484582487869E-006  -1.7113528504435441E-004           2           3          -2
  -4.2598389119327913E-006   4.5370018901467693E-004           2           4          -1
  -1.5223807548267155E-006   1.4842175806023457E-004           2           4           5
  -1.1012935623041832E-006   1.0021495310521038E-004           2           5           4
   0.0000000000000000        0.0000000000000000                3          -2           2
   0.0000000000000000        0.0000000000000000                3           1           5
   6.7854684276945916E-007   1.7964507452902066E-008           3           2          -2
   2.7410328821589218E-006  -3.1891720475583013E-004           3           5           1
   0.0000000000000000        0.0000000000000000                4          -1           0
   0.0000000000000000        0.0000000000000000                4          -1           2
   2.9444978304508073E-007   2.9897207480727553E-009           4           0          -1
  -7.7769669440491230E-007   1.1496804261684808E-004           4           2          -1
   0.0000000000000000        0.0000000000000000                4           2           5
   0.0000000000000000        0.0000000000000000                4           4           5
  -6.1400514989580924E-007   1.0001343085391809E-004           4           5           2
  -1.1868473838504669E-006   1.3816244150932278E-004           4           5           4
   0.0000000000000000        0.0000000000000000                5           1           1
   0.0000000000000000        0.0000000000000000                5           1           3
   0.0000000000000000        0.0000000000000000                5           2           4
   7.0471303955179853E-007  -1.1821130113423407E-004           5           3           1
  -1.0203797080540550E-006   1.4804731704292067E-004           5           4           2
   0.0000000000000000        0.0000000000000000                5           4           4
  -8.3197646607746011E-007   1.2732941113017374E-004          -4          -4           0
   1.3338750453727188E-008   1.3189141386082283E-011          -4           0          -4
  -1.3506393225177264E-006   1.2586050204235844E-004           0          -4          -4
   1.3565467872960813E-006  -1.2732430333413594E-004           0           4           4
   0.0000000000000000        0.0000000000000000                4           0           4
   8.1298219924978621E-007  -1.2586576597481275E-004           4           4           0
  -1.1021084222335090E-006   1.0038383579166170E-004          -5          -5          -3
  -3.2611007162318215E-006   3.7879719954139144E-004          -5          -3          -5
  -1.2076973355178053E-006   1.1609851096508249E-004          -5          -2           0
  -7.9198341351007823E-007  -7.5755648076589974E-009          -5           0          -2
  -6.1639324379847921E-007   1.0018427551465341E-004          -3          -5          -5
   7.8788553345194506E-007  -1.1610239315507460E-004          -3           2           2
   0.0000000000000000        0.0000000000000000               -2          -5           0
   0.0000000000000000        0.0000000000000000               -2          -2           3
   7.9673558792915031E-007   8.0893007103657663E-009          -2           0          -5
  -3.2503884643140696E-006   3.7879667838994473E-004          -2           3          -2
   0.0000000000000000        0.0000000000000000                0          -5          -2
  -7.7414604430571376E-007   1.1457285050828878E-004           0          -2          -5
   0.0000000000000000        0.0000000000000000                0           2           5
  -6.2368780884182506E-007   1.0038813104384120E-004           0           5           2
   0.0000000000000000        0.0000000000000000                2          -3           2
   0.0000000000000000        0.0000000000000000                2           0           5
   1.1954110198616632E-006  -1.1456828388718341E-004           2           2          -3
  -1.1057141228401386E-006   1.0017906499131160E-004           2           5           0
   0.0000000000000000        0.0000000000000000                3          -2          -2
   0.0000000000000000        0.0000000000000000                5           0           2
   0.0000000000000000        0.0000000000000000                5           2           0
  -2.5873511385699630E-006   2.7893291048925535E-004          -5          -5          -4
  -4.3331805323731726E-006   5.0419129240343932E-004          -5          -4          -5
   1.3544799335084731E-006  -1.2711592377349378E-004          -5          -4          -1
   2.8773136490719142E-006  -2.6886757246948940E-004          -5          -1          -4
  -1.3679531244752648E-006   9.1730151081432661E-005          -5          -1           0
  -1.0545313694701912E-006  -1.0057790452020031E-008          -5           0          -1
  -2.1980033088210567E-006   2.7823439369428820E-004          -4          -5          -5
   0.0000000000000000        0.0000000000000000               -4          -5          -1
   0.0000000000000000        0.0000000000000000               -4          -3           1
   1.7472754547048558E-006  -2.6855278643800258E-004          -4          -1          -5
   1.7445231312950149E-006  -2.6887780880796987E-004          -4           1          -3
  -2.0886899329126932E-007   9.1741165493935777E-005          -4           1           1
   0.0000000000000000        0.0000000000000000               -3          -4           1
   2.8689544955176877E-006  -2.6854084372960799E-004          -3           1          -4
   0.0000000000000000        0.0000000000000000               -1          -5          -4
   0.0000000000000000        0.0000000000000000               -1          -5           0
   8.1174529380256125E-007  -1.2565976140112064E-004          -1          -4          -5
   0.0000000000000000        0.0000000000000000               -1          -1           4
   1.0603528778624999E-006   1.0808975035835585E-008          -1           0          -5
   0.0000000000000000        0.0000000000000000               -1           3           4
   4.3335687490535481E-006  -5.0419079158857123E-004          -1           4          -1
  -8.3068227318486230E-007   1.2712092183192665E-004          -1           4           3
   0.0000000000000000        0.0000000000000000                0          -5          -1
  -1.9311726649032245E-007   9.1012328388999575E-005           0          -1          -5
   0.0000000000000000        0.0000000000000000                0           1           5
  -2.2073578579953058E-006   2.7893631002559550E-004           0           5           1
   0.0000000000000000        0.0000000000000000                1          -4          -3
   0.0000000000000000        0.0000000000000000                1          -4           1
   0.0000000000000000        0.0000000000000000                1          -3          -4
   0.0000000000000000        0.0000000000000000                1           0           5
  -1.3712676489756531E-006   9.1000293334543710E-005           1           1          -4
   0.0000000000000000        0.0000000000000000                1           4           5
  -2.5846728679380716E-006   2.7823028942503507E-004           1           5           0
   0.0000000000000000        0.0000000000000000                1           5           4
   0.0000000000000000        0.0000000000000000                3          -1           4
  -1.3483911743462635E-006   1.2565428517802011E-004           3           4          -1
   0.0000000000000000        0.0000000000000000                4          -1          -1
   0.0000000000000000        0.0000000000000000                4          -1           3
   0.0000000000000000        0.0000000000000000                4           1           5
   0.0000000000000000        0.0000000000000000                4           3          -1
   0.0000000000000000        0.0000000000000000                4           5           1
   0.0000000000000000        0.0000000000000000                5           0           1
   0.0000000000000000        0.0000000000000000                5           1           0
   0.0000000000000000        0.0000000000000000                5           1           4
   0.0000000000000000        0.0000000000000000                5           4           1
   3.4204443994568311E-008  -5.1228166758069640E-006          -6          -3          -3
   0.0000000000000000        0.0000000000000000               -5          -5          -2
   0.0000000000000000        0.0000000000000000               -5          -3           0
   2.5584988637462029E-007  -3.0422435764487870E-005          -5          -2          -5
   6.8230748366228376E-008   5.6913718609124493E-010          -5           0          -3
   0.0000000000000000        0.0000000000000000               -3          -6          -3
   0.0000000000000000        0.0000000000000000               -3          -5           0
   4.8076734742399539E-008  -4.3903725718837849E-006          -3          -3          -6
   0.0000000000000000        0.0000000000000000               -3          -3           2
  -5.9493268624444569E-008  -7.0098980737387925E-010          -3           0          -5
   0.0000000000000000        0.0000000000000000               -3           0           3
  -2.6689122107825580E-007   3.0422509282155047E-005          -3           2          -3
   5.3563473497671730E-008  -5.1227314687899288E-006          -3           3           0
   0.0000000000000000        0.0000000000000000               -2          -5          -5
   0.0000000000000000        0.0000000000000000               -2           3           3
   0.0000000000000000        0.0000000000000000                0          -5          -3
   0.0000000000000000        0.0000000000000000                0          -3          -5
   0.0000000000000000        0.0000000000000000                0          -3           3
   2.7303625169313066E-008  -4.3906823758625983E-006           0           3          -3
   0.0000000000000000        0.0000000000000000                0           3           5
   0.0000000000000000        0.0000000000000000                0           5           3
   0.0000000000000000        0.0000000000000000                2          -3          -3
   0.0000000000000000        0.0000000000000000                3          -3           0
   0.0000000000000000        0.0000000000000000                3          -2           3
   0.0000000000000000        0.0000000000000000                3           0          -3
   0.0000000000000000        0.0000000000000000                3           0           5
   0.0000000000000000        0.0000000000000000                3           3          -2
   0.0000000000000000        0.0000000000000000                3           5           0
   0.0000000000000000        0.0000000000000000                5           0           3
   0.0000000000000000        0.0000000000000000                5           3           0
  -1.5202180982475353E-006   1.4835719314793943E-004          -6          -4          -3
  -2.2270453231260912E-006   2.2009407738887840E-004          -6          -3          -4
   1.3305247161287800E-006  -1.1869533739818878E-004          -6          -3          -2
   1.8365027441369192E-006  -1.6012589247415282E-004          -6          -2          -3
  -1.1748837354587485E-006   1.3676617903708501E-004          -5          -5          -5
  -2.8219998022117820E-007  -2.6627937059800386E-009          -5           0           0
   0.0000000000000000        0.0000000000000000               -4          -6          -3
  -1.5541434336402408E-006   2.1973870672790333E-004          -4          -3          -6
   0.0000000000000000        0.0000000000000000               -4          -1           2
  -9.1598326977151104E-007   1.6013466888682463E-004          -4           2          -1
   0.0000000000000000        0.0000000000000000               -3          -6          -4
   0.0000000000000000        0.0000000000000000               -3          -6          -2
  -1.0218390774977698E-006   1.4798466312509418E-004          -3          -4          -6
   9.0578125850226117E-007  -1.5916713899922168E-004          -3          -2          -6
   0.0000000000000000        0.0000000000000000               -3          -1           3
   0.0000000000000000        0.0000000000000000               -3           1           3
  -1.5565539748296338E-006   2.2010023683884843E-004          -3           3          -1
   7.0974123645233850E-007  -1.1870125224531838E-004          -3           3           1
   0.0000000000000000        0.0000000000000000               -2          -6          -3
   6.9752469699820112E-007  -1.1734685858592039E-004          -2          -3          -6
   0.0000000000000000        0.0000000000000000               -2           1           4
   1.0302963277469315E-006  -1.4836170278940131E-004          -2           4           1
   0.0000000000000000        0.0000000000000000               -1          -4           2
   0.0000000000000000        0.0000000000000000               -1          -3           3
  -1.8301371208881276E-006   1.5915781140763349E-004          -1           2          -4
  -2.2231606578677159E-006   2.1973167867449654E-004          -1           3          -3
   0.0000000000000000        0.0000000000000000                0          -5           0
   2.9153861706288022E-007   3.0921119849923188E-009           0           0          -5
   0.0000000000000000        0.0000000000000000                0           0           5
  -1.1760561872807013E-006   1.3676613021643201E-004           0           5           0
   0.0000000000000000        0.0000000000000000                1          -3           3
   0.0000000000000000        0.0000000000000000                1          -2           4
   1.3196130644751342E-006  -1.1734051252267023E-004           1           3          -3
   1.5220455749626489E-006  -1.4797937642815009E-004           1           4          -2
   0.0000000000000000        0.0000000000000000                2          -4          -1
   0.0000000000000000        0.0000000000000000                2          -1          -4
   0.0000000000000000        0.0000000000000000                3          -3          -1
   0.0000000000000000        0.0000000000000000                3          -3           1
   0.0000000000000000        0.0000000000000000                3          -1          -3
   0.0000000000000000        0.0000000000000000                3           1          -3
   0.0000000000000000        0.0000000000000000                4          -2           1
   0.0000000000000000        0.0000000000000000                4           1          -2
   0.0000000000000000        0.0000000000000000                5           0           0
  -2.4871482007606269E-006   2.4977207125148035E-004          -6          -4          -4
   1.9246824718714373E-006  -1.6337198982232693E-004          -6          -2          -2
   0.0000000000000000        0.0000000000000000               -4          -6          -4
  -1.7959088300951388E-006   2.4885885868012854E-004          -4          -4          -6
   0.0000000000000000        0.0000000000000000               -4           0           2
  -8.8369464293344677E-007   1.6338176293952041E-004          -4           2           0
   0.0000000000000000        0.0000000000000000               -2          -6          -2
   8.7061260759375259E-007  -1.6242507465502598E-004          -2          -2          -6
   0.0000000000000000        0.0000000000000000               -2           0           4
   1.8063937160183373E-006  -2.4977838288655236E-004          -2           4           0
   0.0000000000000000        0.0000000000000000                0          -4           2
   0.0000000000000000        0.0000000000000000                0          -2           4
  -1.9213761354278214E-006   1.6241424313621309E-004           0           2          -4
   2.4818783739166939E-006  -2.4885175315383825E-004           0           4          -2
   0.0000000000000000        0.0000000000000000                2          -4           0
   0.0000000000000000        0.0000000000000000                2           0          -4
   0.0000000000000000        0.0000000000000000                4          -2           0
   0.0000000000000000        0.0000000000000000                4           0          -2
   0.0000000000000000        0.0000000000000000               -6          -4          -2
  -3.7026795185721492E-008   5.5631816610995313E-006          -6          -2          -4
   0.0000000000000000        0.0000000000000000               -4          -6          -2
  -6.2420725868298062E-008   5.7655471889606249E-006          -4          -2          -6
   0.0000000000000000        0.0000000000000000               -4          -2           2
   5.8789190223135516E-008  -5.5628456137991973E-006          -4           2          -2
   0.0000000000000000        0.0000000000000000               -2          -6          -4
   0.0000000000000000        0.0000000000000000               -2          -4          -6
   0.0000000000000000        0.0000000000000000               -2          -4           2
   3.6850126192805871E-008  -5.7656172454016115E-006          -2           2          -4
   0.0000000000000000        0.0000000000000000                2          -4          -2
   0.0000000000000000        0.0000000000000000                2          -2          -4
   0.0000000000000000        0.0000000000000000               -5          -5          -1
   0.0000000000000000        0.0000000000000000               -5          -4           0
   5.9939724767663247E-007  -6.9878117947411695E-005          -5          -1          -5
   1.4802560906311527E-007   1.1658507633776979E-009          -5           0          -4
   0.0000000000000000        0.0000000000000000               -4          -5           0
   0.0000000000000000        0.0000000000000000               -4          -4           1
  -1.4516986087139443E-007  -1.7114005711791329E-009          -4           0          -5
   6.0171571476669688E-007  -6.9877743313997154E-005          -4           1          -4
   0.0000000000000000        0.0000000000000000               -1          -5          -5
   0.0000000000000000        0.0000000000000000                0          -5          -4
   0.0000000000000000        0.0000000000000000                0          -4          -5
   0.0000000000000000        0.0000000000000000                1          -4          -4
