         718          24          24          24
   3.4877694992408349E-007  -2.2382303782576142E-007           0           0           0
  -7.3380195520119623E-002 -0.10030527263953594               -1          -1          -1
  -2.1832797343674061E-003  -2.9844206207050787E-003          -1           0           0
  0.52558166950068852      -0.38449914400614094                0          -1           0
 -0.52558162588285140       0.38449920277587557                0           0          -1
  -1.5637722484318935E-002   1.1439926068904604E-002           0           0           1
   1.5637762257977802E-002  -1.1439947745105077E-002           0           1           0
  -7.3380222283237484E-002 -0.10030525290408508                1           0           0
  -2.1833489676087838E-003  -2.9843612556127129E-003           1           1           1
   7.7081222463728227E-002  -8.2638478056220488E-002          -1          -1           0
 -0.10209765599590130        4.8442883005373374E-002          -1           0          -1
  -3.1906224642170773E-007   2.6483161746318717E-007           0          -1          -1
  -9.1285275331745931E-009   1.1508366576595868E-008           0           1           1
 -0.10209769664829955        4.8442907272496977E-002           1           0           1
   7.7081185419718201E-002  -8.2638452265149057E-002           1           1           0
  -5.9384855300425891E-003  -8.1175174758964033E-003          -2          -1          -1
 -0.10209746247004323        4.8443068649026755E-002          -1          -2          -1
   7.7081100971885280E-002  -8.2638724566033217E-002          -1          -1          -2
   1.3303077051653083E-003  -6.3121725148714610E-004          -1           0           1
  -1.0043508199789985E-003   1.0767729334282931E-003          -1           1           0
   4.2534259237050259E-002  -3.1116822527619353E-002           0          -1           1
  -4.2534220931642802E-002   3.1116805313942876E-002           0           1          -1
   7.7081065514910702E-002  -8.2638692539254863E-002           1          -1           0
 -0.10209749928381304        4.8443096858366327E-002           1           0          -1
  -1.0043540133531344E-003   1.0767783722049689E-003           1           1           2
   1.3303055793337747E-003  -6.3121174018811079E-004           1           2           1
   5.9385149932298783E-003   8.1175022365190860E-003           2           1           1
  -2.0160756614183026E-002   1.4748985307682143E-002          -2          -2          -1
   2.0160781252487978E-002  -1.4748998801550620E-002          -2          -1          -2
   1.7242468764925322E-003  -5.0553408862804485E-003          -2          -1           0
  -5.3401109207601317E-003   1.1268832190488285E-004          -2           0          -1
  -2.1832397915293104E-003  -2.9844391677164408E-003          -1          -2          -2
  -2.8147519056920638E-003  -3.8475472721856414E-003          -1          -2           0
   1.2456126070134447E-002  -1.0147389891360648E-002          -1          -1           1
  -2.8148435181027200E-003  -3.8476660189028004E-003          -1           0          -2
  -1.3442425241377808E-002   8.7991787286399743E-003          -1           1          -1
   7.4740240572546130E-005   1.0216954305726915E-004          -1           1           1
  -1.5637617430354078E-002   1.1440147514709890E-002           0          -2          -1
   1.5637584882631533E-002  -1.1440115920127685E-002           0          -1          -2
  -5.3534321674514177E-004   3.9164214295446846E-004           0           1           2
   5.3534162759814635E-004  -3.9163620936167172E-004           0           2           1
  -2.1833163622087155E-003  -2.9843927237323243E-003           1          -1          -1
  -2.8148287028706876E-003  -3.8476759038544397E-003           1          -1           1
  -1.3442435901988195E-002   8.7991870395704441E-003           1           0           2
  -2.8147440573582012E-003  -3.8475528288642361E-003           1           1          -1
   1.2456117064386860E-002  -1.0147382014808130E-002           1           2           0
   7.4745469230162826E-005   1.0216576284137787E-004           1           2           2
  -2.0160780658085062E-002   1.4748999839649973E-002           2           0           1
   2.0160759930526403E-002  -1.4748981106850833E-002           2           1           0
   5.3401282818140274E-003  -1.1270101583199814E-004           2           1           2
  -1.7242285442164522E-003   5.0553282093075613E-003           2           2           1
   5.9385106497048413E-003   8.1175048959208577E-003          -2          -2          -2
  -8.0111539394182971E-004  -1.0950731137969979E-003          -2           0           0
   4.2534309327300762E-002  -3.1116683219040760E-002           0          -2           0
  -4.2534337826784535E-002   3.1116714313852423E-002           0           0          -2
  -5.7379665492998111E-003   4.1977072592468646E-003           0           0           2
   5.7379608898917821E-003  -4.1977007432239706E-003           0           2           0
  -5.9385356951649499E-003  -8.1174822080784092E-003           2           0           0
   8.0112424622321018E-004   1.0950631924863596E-003           2           2           2
  -2.8902228824797850E-003   1.3713537739206878E-003          -2          -2           0
   2.1820520396848863E-003  -2.3393851255849988E-003          -2           0          -2
   1.3394941174339557E-008  -3.8939209939346539E-009           0          -2          -2
   1.4308372951039688E-009   9.1714458711321935E-011           0           2           2
  -2.1820487463011058E-003   2.3393828109830438E-003           2           0           2
   2.8902299237345422E-003  -1.3713566379568742E-003           2           2           0
   1.1098964546045840E-003   1.5171671074972529E-003          -3          -2          -2
   2.4018120178736509E-004   3.2830708473542236E-004          -3          -1          -1
   5.3400940209400545E-003  -1.1271025574224815E-004          -2          -3          -2
  -1.7242301876191825E-003   5.0553642113555820E-003          -2          -2          -3
  -7.4701036857134976E-004   4.3866753339494928E-005          -2           0           1
   2.6797734099241245E-004  -6.9866751572781282E-004          -2           1           0
  -1.3442418389440769E-002   8.7991803849176067E-003          -1          -3          -1
   1.2456127791271310E-002  -1.0147395565442630E-002          -1          -1          -3
  -1.7863698470233400E-003   1.1581626865876491E-003          -1           0           2
   1.6446574401004959E-003  -1.3518673151203524E-003          -1           2           0
   7.9496480151684916E-003  -5.8157146618208876E-003           0          -2           1
  -1.7202679239251744E-003   1.2584887854112795E-003           0          -1           2
  -7.9496479639688603E-003   5.8157153040893483E-003           0           1          -2
   1.7202670621417995E-003  -1.2584868370897719E-003           0           2          -1
   1.2456116931065096E-002  -1.0147387829285206E-002           1          -2           0
  -1.3442429002822687E-002   8.7991868285102713E-003           1           0          -2
   1.6446597830538257E-003  -1.3518695356223146E-003           1           1           3
  -1.7863670118596236E-003   1.1581603749607147E-003           1           3           1
   1.7242124768619017E-003  -5.0553512626109335E-003           2          -1           0
  -5.3401122775963809E-003   1.1272341879383382E-004           2           0          -1
  -2.6797886523026687E-004   6.9866645272701183E-004           2           2           3
   7.4700870104905742E-004  -4.3867841952509887E-005           2           3           2
   1.1099170707341737E-003   1.5171524042339479E-003           3           1           1
   2.4017893424034496E-004   3.2830586595021527E-004           3           2           2
  -4.8571932245583630E-004   1.1160838568214017E-003          -3          -2          -1
   1.2107544284744359E-003  -1.2499904432012275E-004          -3          -1          -2
  -2.1820595549191038E-003   2.3393722776637485E-003          -2          -3          -1
   2.8902366433182121E-003  -1.3713426305030263E-003          -2          -1          -3
   7.1717599350130576E-004  -7.6888198641514045E-004          -2          -1           1
  -9.4993066768038904E-004   4.5071711106220891E-004          -2           1          -1
  -1.0043587479863583E-003   1.0767561450286151E-003          -1          -3          -2
   1.3303251298847501E-003  -6.3119931099060852E-004          -1          -2          -3
   2.4781097323460098E-003  -2.0614243255661930E-003          -1          -2           1
  -2.7149662117155362E-003   1.7376562995311227E-003          -1           1          -2
  -5.9958852976915273E-005   6.4282362786225505E-005          -1           1           2
   7.9418487457127672E-005  -3.7681014458964388E-005          -1           2           1
   1.3303196470199024E-003  -6.3119858944565670E-004           1          -2          -1
  -1.0043639663309132E-003   1.0767561687885202E-003           1          -1          -2
  -2.7149671581780587E-003   1.7376577049400261E-003           1          -1           2
   2.4781078409617640E-003  -2.0614220633701119E-003           1           2          -1
   7.9418482799272394E-005  -3.7682506546602023E-005           1           2           3
  -5.9958710923820597E-005   6.4280874573477889E-005           1           3           2
  -2.8902395542793691E-003   1.3713454565334254E-003           2          -1           1
   2.1820549233254436E-003  -2.3393670029241134E-003           2           1          -1
   9.4993355354060910E-004  -4.5072045459020646E-004           2           1           3
  -7.1717284401005192E-004   7.6887839752598866E-004           2           3           1
   1.2107625986406407E-003  -1.2500647312852794E-004           3           1           2
  -4.8571078228357780E-004   1.1160759708566525E-003           3           2           1
   1.2107495095293396E-003  -1.2500163075933378E-004          -3          -3          -2
  -4.8571930429949409E-004   1.1160868973250952E-003          -3          -2          -3
   9.7399919964932672E-004  -2.2499797592777395E-004          -3          -1           0
  -5.0932878591205459E-004   8.6015862905667695E-004          -3           0          -1
   8.0111113332060940E-004   1.0950729314415117E-003          -2          -3          -3
  -2.0750713726386380E-004  -2.8364475601007908E-004          -2           1           1
  -2.7149587803019203E-003   1.7376635855064653E-003          -1          -3           0
  -1.7676173711877814E-003   1.0758364588935177E-003          -1          -1           2
   2.4781040724388657E-003  -2.0614319634262705E-003          -1           0          -3
   1.5605178398365122E-003  -1.3589235608615134E-003          -1           2          -1
  -5.7379483356112355E-003   4.1977168741639190E-003           0          -3          -1
   5.7379561113094120E-003  -4.1977207909875110E-003           0          -1          -3
   1.4862473916742345E-003  -1.0872922611396866E-003           0           1           3
  -1.4862459566338472E-003   1.0872919306783250E-003           0           3           1
   2.4781025235149370E-003  -2.0614305610803063E-003           1          -2           1
   1.5605187726722271E-003  -1.3589243069902365E-003           1           0           3
  -2.7149618537618140E-003   1.7376653336283656E-003           1           1          -2
  -1.7676158262708293E-003   1.0758356956371154E-003           1           3           0
  -8.0112335834453129E-004  -1.0950680116007018E-003           2          -1          -1
   2.0750461277636148E-004   2.8364535619770329E-004           2           3           3
  -4.8570944440783060E-004   1.1160813396939582E-003           3           0           1
   1.2107602387100632E-003  -1.2500713394082941E-004           3           1           0
  -5.0933348161097728E-004   8.6016088312870407E-004           3           2           3
   9.7399413998382070E-004  -2.2499561804475586E-004           3           3           2
   2.4017805829420889E-004   3.2830649066900488E-004          -3          -3          -3
  -5.5657016824558293E-005  -7.6071044410120652E-005          -3          -3          -1
   8.9419888060629266E-004  -3.9565513239568916E-004          -3          -2           0
  -5.5655305675733066E-005  -7.6070190525243797E-005          -3          -1          -3
  -6.4781891719067355E-004   7.3243794380231165E-004          -3           0          -2
   1.7321472074546026E-004   2.3676874998648681E-004          -3           0           0
   3.9861078068341980E-004  -2.9161087792494057E-004          -2          -3           0
   9.8998538063050333E-004  -4.9834791726971451E-004          -2          -2           1
  -3.9861033745981967E-004   2.9161106368755707E-004          -2           0          -3
  -7.7469106374457222E-004   7.9263420653346737E-004          -2           1          -2
   7.4740113526305767E-005   1.0216972905931822E-004          -1          -3          -3
   5.4348676676920621E-005   7.4289582000924836E-005          -1           2           2
  -5.3533873663273225E-004   3.9164027977092210E-004           0          -3          -2
  -1.7202605386787936E-003   1.2584957057514411E-003           0          -3           0
   5.3534420645534055E-004  -3.9163923476824537E-004           0          -2          -3
   1.7202623955445439E-003  -1.2584966751921524E-003           0           0          -3
   1.2406299713709000E-003  -9.0760642715654303E-004           0           0           3
   3.8926311554353035E-004  -2.8477290814562882E-004           0           2           3
  -1.2406292200481531E-003   9.0760653980292180E-004           0           3           0
  -3.8926290843985798E-004   2.8477278902868579E-004           0           3           2
   7.4745679915608437E-005   1.0216630819175389E-004           1          -2          -2
   5.4347191981648501E-005   7.4289489069577269E-005           1           3           3
   3.9861060049786810E-004  -2.9161069370581337E-004           2          -1           2
   7.7469292083897300E-004  -7.9263589143942247E-004           2           0           3
  -3.9861009449037205E-004   2.9161125896719393E-004           2           2          -1
  -9.8998269355362592E-004   4.9834580730513168E-004           2           3           0
   2.4017855939803429E-004   3.2830897926170322E-004           3           0           0
  -5.5649238464287239E-005  -7.6074812525059961E-005           3           0           2
  -6.4781943586864944E-004   7.3243731217885271E-004           3           1           3
  -5.5649672681920273E-005  -7.6076276647841159E-005           3           2           0
   8.9419806456548525E-004  -3.9565553945279772E-004           3           3           1
   1.7321163168343239E-004   2.3677059899847736E-004           3           3           3
  -1.3796917315942670E-004  -1.8858928984980501E-004          -4          -2          -2
   9.4992725362510024E-004  -4.5072015272926033E-004          -2          -4          -2
  -7.1717488650425098E-004   7.6888436616144042E-004          -2          -2          -4
  -9.8134783239198480E-004   4.6562738916017726E-004          -2           0           2
   7.4089237913091031E-004  -7.9431055490087579E-004          -2           2           0
  -9.8817938129235473E-004   7.2292188448466591E-004           0          -2           2
   9.8817906394994652E-004  -7.2292125314707900E-004           0           2          -2
   7.1717091096836307E-004  -7.6888218046012842E-004           2          -2           0
  -9.4993185681554245E-004   4.5072221616396517E-004           2           0          -2
  -7.4089321165050231E-004   7.9431083314347034E-004           2           2           4
   9.8134673707535812E-004  -4.6562704370087683E-004           2           4           2
   1.3796477569349969E-004   1.8859159101129017E-004           4           2           2
  -3.6908501134881079E-004   2.7001068045580308E-004          -4          -3          -2
   3.6908471275002696E-004  -2.7001132242381964E-004          -4          -2          -3
  -3.3352903431393537E-004  -7.0898642588529585E-005          -4          -2          -1
   3.3407875421085693E-005  -3.3933851108811569E-004          -4          -1          -2
  -6.4781979461644545E-004   7.3243690311020581E-004          -3          -4          -2
   8.9419904784086726E-004  -3.9565517215155621E-004          -3          -2          -4
   5.5720151249372531E-004  -1.6659210092444471E-004          -3          -1           1
  -3.2747443209744042E-004   4.8060979867390095E-004          -3           1          -1
  -2.6797921503829761E-004   6.9866577674107143E-004          -2          -4          -3
   7.7469038294305343E-004  -7.9263381271535470E-004          -2          -4          -1
   7.4700972428160429E-004  -4.3867657668510449E-005          -2          -3          -4
  -9.8998486570560438E-004   4.9834799586678986E-004          -2          -1          -4
  -8.8445752967985516E-004   5.1744293138782961E-004          -2          -1           2
  -2.8852602620017690E-004   5.9947292871909301E-005          -2           1           2
   7.6094107922365152E-004  -6.8628010515692564E-004          -2           2          -1
   1.4448999349199601E-004  -2.5683377727034817E-004          -2           2           1
   1.6446557671891931E-003  -1.3518688258422646E-003          -1          -4          -2
   5.1530565080235049E-005   7.0437698227379658E-005          -1          -3           1
  -1.7863683816600278E-003   1.1581645219438282E-003          -1          -2          -4
  -1.1004049557415572E-003   7.5126855613915277E-004          -1          -2           2
   5.1530935621084795E-005   7.0438353682100201E-005          -1           1          -3
   5.4605336478973749E-004  -3.3604168886208589E-004          -1           1           3
   1.0491740334296281E-003  -8.2129697799498264E-004          -1           2          -2
  -4.8559590280254964E-004   4.1868119810639225E-004          -1           3           1
  -1.7863656490881335E-003   1.1581624695784277E-003           1          -3          -1
   5.1530626360794831E-005   7.0438871862064063E-005           1          -2           2
   1.6446587867638477E-003  -1.3518711084832523E-003           1          -1          -3
   1.0491742539856328E-003  -8.2129723234707389E-004           1          -1           3
   5.1529890268632822E-005   7.0438376241318502E-005           1           2          -2
  -4.8559671289008418E-004   4.1868133007378602E-004           1           2           4
  -1.1004047074739465E-003   7.5126824937678228E-004           1           3          -1
   5.4605254418142485E-004  -3.3604154275722895E-004           1           4           2
  -7.4700998989293767E-004   4.3865618133826935E-005           2          -2          -1
   9.8998288460190511E-004  -4.9834620314487613E-004           2          -2           1
   2.6797883387831291E-004  -6.9866786713496153E-004           2          -1          -2
  -7.7469324666230280E-004   7.9263594303990851E-004           2           1          -2
  -7.6094156428182071E-004   6.8628023600014959E-004           2           1           4
  -1.4449000006093479E-004   2.5683379096912227E-004           2           3           4
   8.8445702860188665E-004  -5.1744267603154922E-004           2           4           1
   2.8852591757743675E-004  -5.9947243181709450E-005           2           4           3
   8.9419932196081709E-004  -3.9565449497070174E-004           3          -1           1
  -6.4781946748777885E-004   7.3243758446224288E-004           3           1          -1
  -3.2747529779536522E-004   4.8061041937270873E-004           3           2           4
   5.5720023345304345E-004  -1.6659138034419467E-004           3           4           2
  -3.6908501210296176E-004   2.7001070498805101E-004           4           1           2
   3.6908470170387252E-004  -2.7001113357212321E-004           4           2           1
  -3.3410703401402141E-005   3.3934055922079092E-004           4           2           3
   3.3352581605766962E-004   7.0900733890959318E-005           4           3           2
   1.3796880579813073E-004   1.8858877129493675E-004          -4          -3          -3
  -4.4641238112044616E-005  -6.1020093444015142E-005          -4          -1          -1
  -5.0932937433293595E-004   8.6015773568861448E-004          -3          -4          -3
   9.7399845270897166E-004  -2.2499874510038072E-004          -3          -3          -4
   4.2249454197244380E-004  -4.5295542313752345E-004          -3          -3           0
  -5.5961478905392523E-004   2.6552484466163816E-004          -3           0          -3
  -1.1790754020865174E-005   4.8780603277134591E-005          -3           0           1
   5.0060896989228098E-005   3.5317042313135269E-006          -3           1           0
   1.5605179617934782E-003  -1.3589233086348889E-003          -1          -4          -1
  -1.7676172227586023E-003   1.0758367667169329E-003          -1          -1          -4
   1.3273725397242568E-004  -1.0616701369017943E-004          -1           0           3
  -1.4137213830012175E-004   9.4362857476605171E-005          -1           3           0
  -6.7604750282625332E-010   1.5606801460230853E-009           0          -3          -3
  -9.8817953287877415E-004   7.2292106982000206E-004           0          -3           1
   3.1973749632832193E-004  -2.3390949961726355E-004           0          -1           3
   9.8817985987049973E-004  -7.2292123931840349E-004           0           1          -3
  -3.1973709035977083E-004   2.3390944028516399E-004           0           3          -1
  -3.5950004364415972E-010   1.1253629508121393E-010           0           3           3
  -1.7676163184611048E-003   1.0758357864463165E-003           1          -3           0
   1.5605191236184803E-003  -1.3589246227819277E-003           1           0          -3
  -1.4137277060538478E-004   9.4362968681254542E-005           1           1           4
   1.3273670356953274E-004  -1.0616688794403064E-004           1           4           1
   9.7399478369583875E-004  -2.2499484592924880E-004           3          -1           0
  -5.0933332953861368E-004   8.6016174942103642E-004           3           0          -1
  -5.5961394458474781E-004   2.6552395832221015E-004           3           0           3
   4.2249581185405246E-004  -4.5295647531412250E-004           3           3           0
   5.0060967442223390E-005   3.5318823064233589E-006           3           3           4
  -1.1790807194777854E-005   4.8780803798153726E-005           3           4           3
  -1.3796510919165679E-004  -1.8859215957439047E-004           4           1           1
   4.4640261443865370E-005   6.1020958143248873E-005           4           3           3
  -5.8528963524919224E-004   1.9561314313433286E-004          -4          -3          -1
   3.6363713074135615E-004  -4.9859263006504870E-004          -4          -1          -3
  -5.5961493112201364E-004   2.6552513246215167E-004          -3          -4          -1
   8.1007168546824693E-004  -3.8436085525286206E-004          -3          -2           1
   4.2249440060787937E-004  -4.5295579688664549E-004          -3          -1          -4
  -6.1158339453024492E-004   6.5567814646094941E-004          -3           1          -2
   8.6002429478309553E-004  -4.9015658101692224E-004          -2          -3           1
  -7.2753751731294389E-004   6.7125517750199070E-004          -2           1          -3
   7.9417406939867236E-005  -3.7682303793843864E-005          -1          -4          -3
  -5.9958953015873815E-005   6.4281846747764465E-005          -1          -3          -4
   2.4330236970024463E-004  -1.1544141437462593E-004          -1           2           3
  -1.8368720225109194E-004   1.9693102841923703E-004          -1           3           2
  -5.9957757197347841E-005   6.4282439783691633E-005           1          -3          -2
   7.9418687532429390E-005  -3.7681776442716701E-005           1          -2          -3
  -1.8368723494492786E-004   1.9693086269398764E-004           1           3           4
   2.4330230813746713E-004  -1.1544156845893290E-004           1           4           3
   7.2753770325483988E-004  -6.7125562290051778E-004           2          -1           3
  -8.6002376625843335E-004   4.9015610279269531E-004           2           3          -1
   4.2249549057379469E-004  -4.5295660158282632E-004           3          -1           2
  -6.1158381680546329E-004   6.5567852716182703E-004           3           1           4
  -5.5961329189085571E-004   2.6552414601462986E-004           3           2          -1
   8.1007081835444375E-004  -3.8436039066035458E-004           3           4           1
  -3.6363849777714291E-004   4.9859344019079178E-004           4           1           3
   5.8528775579199700E-004  -1.9561215621694802E-004           4           3           1
  -3.3407817571872250E-005   3.3933787569609197E-004          -4          -4          -3
   3.3352911546608076E-004   7.0898594247360288E-005          -4          -3          -4
   2.1116877899710762E-004  -5.2034812863571236E-005          -4          -1           0
  -1.1352735372612935E-004   1.8550285946490264E-004          -4           0          -1
   1.7321469572649173E-004   2.3676817322948877E-004          -3          -4          -4
  -4.1940072900401483E-005  -5.7328649915138339E-005          -3           1           1
   1.0491741740079850E-003  -8.2129683701086253E-004          -1          -4           0
  -3.7233989538698332E-004   2.2482690568878503E-004          -1          -1           3
  -1.1004053232192979E-003   7.5126818858412773E-004          -1           0          -4
   3.2700711743718035E-004  -2.8679414500546797E-004          -1           3          -1
   1.2406301130882061E-003  -9.0760561032944976E-004           0          -4          -1
  -1.2406304092965434E-003   9.0760628920868330E-004           0          -1          -4
   3.0039126889150781E-004  -2.1975707514614932E-004           0           1           4
  -3.0039176674063312E-004   2.1975732726744476E-004           0           4           1
  -1.1004050487435928E-003   7.5126816758070640E-004           1          -3           1
   3.2700665765353636E-004  -2.8679393930253980E-004           1           0           4
   1.0491743912702921E-003  -8.2129677339484708E-004           1           1          -3
  -3.7234026914549032E-004   2.2482704192486571E-004           1           4           0
   1.7321177158963696E-004   2.3677059195267795E-004           3          -1          -1
  -4.1939712081390278E-005  -5.7328770407728447E-005           3           4           4
  -3.3352619035649912E-004  -7.0900860898382681E-005           4           0           1
   3.3410912965243437E-005  -3.3934034943863367E-004           4           1           0
   1.1352773294496683E-004  -1.8550298487449922E-004           4           3           4
  -2.1116838297385149E-004   5.2034657954558041E-005           4           4           3
  -3.6363715194171831E-004   4.9859186018571925E-004          -4          -4          -2
   5.8528970584728135E-004  -1.9561295142361723E-004          -4          -2          -4
   5.5600234172600117E-005  -9.6207505183966866E-005          -4          -2           0
  -1.0852614131828513E-004   2.3862340916740218E-005          -4           0          -2
   2.0750659228114914E-004   2.8364370154396824E-004          -2          -4          -4
   7.2753781562331042E-004  -6.7125458211974545E-004          -2          -4           0
  -1.7808175484431758E-004   1.5432220107297606E-004          -2          -2           2
  -8.6002478514251701E-004   4.9015580431827879E-004          -2           0          -4
   2.0099622294469244E-004  -1.2299927627257209E-004          -2           2          -2
  -3.4444140610308397E-006  -4.7086947710961570E-006          -2           2           2
   1.4862466431186962E-003  -1.0872911422285779E-003           0          -4          -2
  -1.4862476181726249E-003   1.0872927013870427E-003           0          -2          -4
  -2.4672415374779752E-005   1.8049541879422172E-005           0           2           4
   2.4671837934066881E-005  -1.8049283633078209E-005           0           4           2
  -2.0750488099296761E-004  -2.8364614686923658E-004           2          -2          -2
   8.6002453508272783E-004  -4.9015568328298481E-004           2          -2           2
  -2.0099659183961445E-004   1.2299947282772654E-004           2           0           4
  -7.2753829796805660E-004   6.7125485270360958E-004           2           2          -2
   1.7808154261997339E-004  -1.5432202372931623E-004           2           4           0
   3.4448361438460173E-006   4.7084412505236375E-006           2           4           4
  -5.8528847086791497E-004   1.9561172057007474E-004           4           0           2
   3.6363870997695191E-004  -4.9859325691249570E-004           4           2           0
   1.0852597375840505E-004  -2.3862162250803809E-005           4           2           4
  -5.5600573392694907E-005   9.6207762055505920E-005           4           4           2
   4.4641264066639210E-005   6.1020056905299566E-005          -4          -4          -4
   5.5925666889195523E-005   7.6446069793059386E-005          -4           0           0
   3.1973693712727470E-004  -2.3391004405191054E-004           0          -4           0
  -3.1973726868566915E-004   2.3391009871012229E-004           0           0          -4
   4.0056302534398548E-004  -2.9303956027751583E-004           0           0           4
  -4.0056328042113601E-004   2.9303966079204791E-004           0           4           0
  -4.4640011170627194E-005  -6.1020716037800059E-005           4           0           0
  -5.5925447489963159E-005  -7.6446155704924627E-005           4           4           4
   7.4312364506165420E-005   1.0157818792859870E-004          -5          -3          -3
  -1.8737622177428840E-005  -2.5612895778805832E-005          -5          -2          -2
  -4.0136595867102797E-004   2.9362690085574526E-004          -4          -4          -1
  -1.8636610060670432E-004   3.0385043239088004E-005          -4          -3           0
   4.0136613618827312E-004  -2.9362688533739461E-004          -4          -1          -4
   8.5384117532376363E-005  -1.6841933963563039E-004          -4           0          -3
  -3.2747445968185905E-004   4.8060888136474599E-004          -3          -5          -3
  -5.6037592073258956E-005  -7.6598757118132986E-005          -3          -4           0
   5.5720148077962749E-004  -1.6659193863104453E-004          -3          -3          -5
   3.8060837155923867E-004  -2.3863192493465973E-004          -3          -3           1
  -5.6037749726897879E-005  -7.6599312970468460E-005          -3           0          -4
  -1.5141313845096132E-004   5.9668450783238820E-005          -3           0           2
  -3.4266748323703373E-004   2.9049435632094055E-004          -3           1          -3
   1.0271067642082147E-004  -1.2624070669904589E-004          -3           2           0
  -7.6094134610367220E-004   6.8627973140413206E-004          -2          -5          -2
   8.8445808044334770E-004  -5.1744274862370763E-004          -2          -2          -5
  -1.9215314387155508E-004   1.0334580846375853E-004          -2           0           3
   1.5667346302579790E-004  -1.5184468654554068E-004          -2           3           0
   5.4348256646645398E-005   7.4288712491103501E-005          -1          -4          -4
   7.7688811508296839E-006   1.0619930921313278E-005          -1           3           3
   3.8926303608302761E-004  -2.8477259923026185E-004           0          -4          -3
  -3.8926321704293450E-004   2.8477282568436786E-004           0          -3          -4
  -5.3225379584422581E-004   3.8938057449838261E-004           0          -3           2
  -1.3420610960466028E-004   9.8181282973632388E-005           0          -2           3
   5.3225394862160456E-004  -3.8938019979283721E-004           0           2          -3
   1.3420663524161286E-004  -9.8181589516898527E-005           0           3          -2
  -5.5645706878432518E-005   4.0708641212300145E-005           0           3           4
   5.5645570808742287E-005  -4.0708601623247400E-005           0           4           3
   5.4347558746946070E-005   7.4290381088966124E-005           1          -3          -3
   7.7693216776221441E-006   1.0619624801672918E-005           1           4           4
  -8.8445773955709715E-004   5.1744242377181962E-004           2          -3           0
   7.6094173424989787E-004  -6.8628002221339708E-004           2           0          -3
  -1.5667298184446034E-004   1.5184441648367664E-004           2           2           5
   1.9215351706983476E-004  -1.0334605544915910E-004           2           5           2
   5.5720058021118389E-004  -1.6659104592286954E-004           3          -2           0
  -5.6037742484530692E-005  -7.6599445828911701E-005           3          -1           3
  -3.2747566565075856E-004   4.8060999240835315E-004           3           0          -2
  -3.4266747951684843E-004   2.9049448057863567E-004           3           0           4
  -5.6037305469982445E-005  -7.6599020505904622E-005           3           3          -1
   1.0271081677441770E-004  -1.2624079853448822E-004           3           3           5
   3.8060829234791362E-004  -2.3863173129392841E-004           3           4           0
  -1.5141300609577811E-004   5.9668339375117769E-005           3           5           3
  -4.0136605524315191E-004   2.9362688253338888E-004           4           0           3
  -8.5384188485695877E-005   1.6841944772789331E-004           4           1           4
   4.0136594296255650E-004  -2.9362681857789363E-004           4           3           0
   1.8636576348211783E-004  -3.0384812462745287E-005           4           4           1
   7.4311249660759975E-005   1.0157905669968853E-004           5           2           2
  -1.8737502156410922E-005  -2.5612983201875687E-005           5           3           3
  -2.3705785000600287E-005   8.8036574257296008E-005          -5          -3          -2
   9.1082457807520226E-005   4.0611611592616904E-006          -5          -2          -3
  -6.1158375631467014E-004   6.5567768740198702E-004          -3          -5          -2
   8.1007178100559168E-004  -3.8436069197006316E-004          -3          -2          -5
  -3.6094382538621282E-006   3.8696530664592081E-006          -3          -1           2
   4.7803991699370893E-006  -2.2683491666109028E-006          -3           2          -1
  -7.4089272624189241E-004   7.9430968500608320E-004          -2          -5          -3
   9.8134801319895316E-004  -4.6562739888718010E-004          -2          -3          -5
  -3.6202085252018539E-006   3.8812419400366362E-006          -2           1           3
   4.7955382369504246E-006  -2.2753720460752249E-006          -2           3           1
  -2.3327585676370815E-004   1.8747291906761894E-004          -1          -3           2
   2.4930200356258547E-004  -1.6556569738308840E-004          -1           2          -3
   2.4930232815530319E-004  -1.6556608833532394E-004           1          -2           3
  -2.3327558881831308E-004   1.8747256894059865E-004           1           3          -2
  -9.8134740045957092E-004   4.6562649597050535E-004           2          -3          -1
   7.4089353245743476E-004  -7.9431072462594486E-004           2          -1          -3
  -4.7951550648805449E-006   2.2751292258499646E-006           2           3           5
   3.6205424565262164E-006  -3.8814839976907879E-006           2           5           3
   8.1007135735557568E-004  -3.8436025903871446E-004           3          -2           1
  -6.1158445488300960E-004   6.5567829838601558E-004           3           1          -2
   4.7807437769661582E-006  -2.2685777390735009E-006           3           2           5
  -3.6091717133928415E-006   3.8694563984946837E-006           3           5           2
   9.1082035364752217E-005   4.0614742405000304E-006           5           2           3
  -2.3706263365853671E-005   8.8036973804269774E-005           5           3           2
   9.1082452642466389E-005   4.0610604120938088E-006          -5          -4          -3
  -2.3705871783829209E-005   8.8036698279579553E-005          -5          -3          -4
  -1.0343537886032092E-004   1.0845267125818356E-005          -5          -2          -1
   4.1652959962938825E-005  -9.5296893793324146E-005          -5          -1          -2
   1.0852628323793336E-004  -2.3862370358128839E-005          -4          -5          -3
  -5.5600261907116115E-005   9.6207456496957364E-005          -4          -3          -5
   1.5706386716408651E-004  -5.6857600847341602E-005          -4          -1           1
  -1.0174297650321285E-004   1.3247731825646983E-004          -4           1          -1
   5.0061097852730022E-005   3.5318015478107897E-006          -3          -5          -4
  -1.1790719687239061E-005   4.8780574430414636E-005          -3          -4          -5
   0.0000000000000000        0.0000000000000000               -3           1           2
   0.0000000000000000        0.0000000000000000               -3           2           1
  -2.0099626216137111E-004   1.2299950532162872E-004          -2          -5          -1
   1.7808173888649701E-004  -1.5432229743115030E-004          -2          -1          -5
  -2.1618343812977039E-004   1.2023963461669466E-004          -2          -1           3
   1.8004971523596835E-004  -1.6963212801762625E-004          -2           3          -1
  -1.4137230399546632E-004   9.4362802885218937E-005          -1          -5          -2
   2.4930177576312090E-004  -1.6556613542057110E-004          -1          -4           1
   1.3273720846631969E-004  -1.0616720293957347E-004          -1          -2          -5
  -2.3138385437857786E-004   1.4801884437346780E-004          -1          -2           3
  -2.3327586614926851E-004   1.8747299341422569E-004          -1           1          -4
   0.0000000000000000        0.0000000000000000               -1           1           4
   2.1112734129685658E-004  -1.7570851024146535E-004          -1           3          -2
   0.0000000000000000        0.0000000000000000               -1           4           1
   1.3273674909431674E-004  -1.0616684984814379E-004           1          -4          -1
  -2.3327538372176039E-004   1.8747298030787201E-004           1          -3           2
  -1.4137272290971878E-004   9.4363110750734732E-005           1          -1          -4
   2.1112697700703589E-004  -1.7570843658296095E-004           1          -1           4
   2.4930219223564984E-004  -1.6556612780426123E-004           1           2          -3
   0.0000000000000000        0.0000000000000000                1           2           5
  -2.3138418042939956E-004   1.4801893123348310E-004           1           4          -1
   0.0000000000000000        0.0000000000000000                1           5           2
  -1.7808138056077903E-004   1.5432224209551028E-004           2          -3           1
   2.0099648821233213E-004  -1.2299947226665497E-004           2           1          -3
  -1.8004938875342693E-004   1.6963200699528854E-004           2           1           5
   2.1618363976292883E-004  -1.2023975843230373E-004           2           5           1
  -1.1790884769942526E-005   4.8780520098181974E-005           3          -2          -1
   5.0060867745542093E-005   3.5318211962784215E-006           3          -1          -2
   0.0000000000000000        0.0000000000000000                3           4           5
   0.0000000000000000        0.0000000000000000                3           5           4
   5.5600532062535262E-005  -9.6207670129476550E-005           4          -1           1
  -1.0852582315367335E-004   2.3862066110654578E-005           4           1          -1
   1.0174284993496483E-004  -1.3247725555619858E-004           4           3           5
  -1.5706392887886522E-004   5.6857613623132003E-005           4           5           3
  -2.3706251004921369E-005   8.8036983808025709E-005           5           1           2
   9.1081918995384719E-005   4.0613617074769828E-006           5           2           1
   4.1653068049131118E-005  -9.5296945201090496E-005           5           3           4
  -1.0343523384884060E-004   1.0845142570227947E-005           5           4           3
  -1.8737762888950275E-005  -2.5612764021239424E-005          -5          -4          -4
   3.5417988778046856E-005   4.8413351114204171E-005          -5          -4          -2
  -1.0268635276391266E-004   5.1847920466797597E-005          -5          -3          -1
   3.5417976709705352E-005   4.8413425881892962E-005          -5          -2          -4
   8.0504471888718910E-005  -8.2168827958269209E-005          -5          -1          -3
  -1.5215792740940621E-005  -2.0798950125690005E-005          -5          -1          -1
   1.1352750292443047E-004  -1.8550271338640565E-004          -4          -5          -4
  -8.5384059939853856E-005   1.6841883245589126E-004          -4          -5          -2
  -2.1116885889376581E-004   5.2034994369083876E-005          -4          -4          -5
   1.8636612943736416E-004  -3.0384747546356999E-005          -4          -2          -5
   1.1031511327414399E-004  -4.6278663389505363E-005          -4          -2           1
   0.0000000000000000        0.0000000000000000               -4           0           1
  -7.7506317417622568E-005   9.1125806402945158E-005          -4           1          -2
   0.0000000000000000        0.0000000000000000               -4           1           0
  -3.4266731009550863E-004   2.9049437072106103E-004          -3          -5          -1
   1.3060695338396131E-004  -6.8033382586940851E-005          -3          -2           2
   3.8060870213461374E-004  -2.3863169883204128E-004          -3          -1          -5
  -1.0438418947905461E-004   1.0387868123789091E-004          -3           2          -2
  -1.4448996612088320E-004   2.5683360052700783E-004          -2          -5          -4
   2.8852609136909539E-004  -5.9947444018588397E-005          -2          -4          -5
   2.5367821556226917E-004  -1.8558324705870088E-004          -2          -4           1
   9.2226170072937878E-005  -4.0633625859136443E-005          -2          -3           2
  -2.5367834570432104E-004   1.8558303031285928E-004          -2           1          -4
  -6.6649974030946724E-005   7.5595179194352225E-005          -2           2          -3
   0.0000000000000000        0.0000000000000000               -2           2           3
   0.0000000000000000        0.0000000000000000               -2           3           2
  -4.8559635289348280E-004   4.1868067652591347E-004          -1          -5          -3
   3.2700735374051250E-004  -2.8679374640123301E-004          -1          -5          -1
   5.4605341771995423E-004  -3.3604182761591599E-004          -1          -3          -5
  -3.7234008140787678E-004   2.2482657156423021E-004          -1          -1          -5
   0.0000000000000000        0.0000000000000000               -1           0           4
   0.0000000000000000        0.0000000000000000               -1           2           4
   0.0000000000000000        0.0000000000000000               -1           4           0
   0.0000000000000000        0.0000000000000000               -1           4           2
  -1.3420684106296067E-004   9.8181309959427591E-005           0          -4           1
   1.0898254408697627E-004  -7.9728376544084629E-005           0          -1           4
   1.3420626040325934E-004  -9.8180986942492614E-005           0           1          -4
  -1.0898252633503931E-004   7.9728242542638635E-005           0           4          -1
   5.4605287981676588E-004  -3.3604106275615664E-004           1          -4          -2
  -3.7234055899525783E-004   2.2482682255857056E-004           1          -4           0
  -4.8559689955732113E-004   4.1868144317131595E-004           1          -2          -4
   3.2700696480094033E-004  -2.8679353782267418E-004           1           0          -4
   0.0000000000000000        0.0000000000000000                1           1           5
   0.0000000000000000        0.0000000000000000                1           3           5
   0.0000000000000000        0.0000000000000000                1           5           1
   0.0000000000000000        0.0000000000000000                1           5           3
  -2.8852603927134122E-004   5.9947341593691349E-005           2          -3          -2
   1.4449011042915160E-004  -2.5683379961101134E-004           2          -2          -3
   2.5367823805457054E-004  -1.8558323434084826E-004           2          -2           3
   6.6649511654781699E-005  -7.5594874650449162E-005           2          -1           4
  -2.5367830990675463E-004   1.8558300278789301E-004           2           3          -2
  -9.2226544706510902E-005   4.0633881189936871E-005           2           4          -1
   0.0000000000000000        0.0000000000000000                2           4           5
   0.0000000000000000        0.0000000000000000                2           5           4
   3.8060856071307959E-004  -2.3863179069956615E-004           3          -2           2
  -1.0438378101404714E-004   1.0387840072732655E-004           3           1           5
  -3.4266745248543227E-004   2.9049424601708407E-004           3           2          -2
   1.3060724111597626E-004  -6.8033605597122014E-005           3           5           1
   2.1116858465136817E-004  -5.2034610304471081E-005           4          -1           0
  -1.8636598860600866E-004   3.0384541906596811E-005           4          -1           2
  -1.1352771523504101E-004   1.8550303268481013E-004           4           0          -1
   8.5384455955956077E-005  -1.6841916604399713E-004           4           2          -1
   7.7506324498981572E-005  -9.1125857117343266E-005           4           2           5
   0.0000000000000000        0.0000000000000000                4           4           5
  -1.1031509694163539E-004   4.6278549537406309E-005           4           5           2
   0.0000000000000000        0.0000000000000000                4           5           4
  -1.8737563218714973E-005  -2.5612963039367942E-005           5           1           1
   3.5417777961838148E-005   4.8413610166965360E-005           5           1           3
   8.0504455256565749E-005  -8.2168852476975461E-005           5           2           4
   3.5417622667392185E-005   4.8413623640732804E-005           5           3           1
  -1.0268636273391381E-004   5.1847818838123019E-005           5           4           2
  -1.5215846218007873E-005  -2.0798890219436036E-005           5           4           4
  -1.1428396101489138E-004   5.4225160011981004E-005          -4          -4           0
   8.6281691147644835E-005  -9.2502342745465801E-005          -4           0          -4
   3.0194580289821870E-010  -3.3699858600150560E-010           0          -4          -4
   0.0000000000000000        0.0000000000000000                0           4           4
  -8.6281451411235888E-005   9.2502284387417725E-005           4           0           4
   1.1428406723035642E-004  -5.4225141783579211E-005           4           4           0
   8.0504487163304055E-005  -8.2168879337805143E-005          -5          -5          -3
  -1.0268645340902510E-004   5.1847903194369887E-005          -5          -3          -5
   0.0000000000000000        0.0000000000000000               -5          -2           0
   0.0000000000000000        0.0000000000000000               -5           0          -2
  -4.1940042340916080E-005  -5.7328542305551245E-005          -3          -5          -5
   0.0000000000000000        0.0000000000000000               -3           2           2
   6.6649958805588654E-005  -7.5595133091818637E-005          -2          -5           0
   0.0000000000000000        0.0000000000000000               -2          -2           3
  -9.2226110342743400E-005   4.0633683330205810E-005          -2           0          -5
   0.0000000000000000        0.0000000000000000               -2           3          -2
   3.0039184088839608E-004  -2.1975722053014124E-004           0          -5          -2
  -3.0039132816147917E-004   2.1975691150676491E-004           0          -2          -5
   0.0000000000000000        0.0000000000000000                0           2           5
   0.0000000000000000        0.0000000000000000                0           5           2
   9.2226588634645700E-005  -4.0633934976864040E-005           2          -3           2
   0.0000000000000000        0.0000000000000000                2           0           5
  -6.6649541224925491E-005   7.5594909191249802E-005           2           2          -3
   0.0000000000000000        0.0000000000000000                2           5           0
  -4.1939775402990181E-005  -5.7328901010333275E-005           3          -2          -2
  -1.0268632592483687E-004   5.1847864665677105E-005           5           0           2
   8.0504593884538606E-005  -8.2168823043829545E-005           5           2           0
   4.1652990763907751E-005  -9.5296761596126689E-005          -5          -5          -4
  -1.0343532303267473E-004   1.0845308448234658E-005          -5          -4          -5
   0.0000000000000000        0.0000000000000000               -5          -4          -1
   0.0000000000000000        0.0000000000000000               -5          -1          -4
   0.0000000000000000        0.0000000000000000               -5          -1           0
   0.0000000000000000        0.0000000000000000               -5           0          -1
  -5.5925638237350717E-005  -7.6445894361642746E-005          -4          -5          -5
  -8.6281618425600046E-005   9.2502424851184821E-005          -4          -5          -1
   0.0000000000000000        0.0000000000000000               -4          -3           1
   1.1428394759200840E-004  -5.4225146153479933E-005          -4          -1          -5
   0.0000000000000000        0.0000000000000000               -4           1          -3
   0.0000000000000000        0.0000000000000000               -4           1           1
   0.0000000000000000        0.0000000000000000               -3          -4           1
   0.0000000000000000        0.0000000000000000               -3           1          -4
  -1.8368726686124372E-004   1.9693071367160261E-004          -1          -5          -4
   2.1112736409758804E-004  -1.7570874706919129E-004          -1          -5           0
   2.4330241280636804E-004  -1.1544151745541139E-004          -1          -4          -5
   0.0000000000000000        0.0000000000000000               -1          -1           4
  -2.3138394892791185E-004   1.4801882519311596E-004          -1           0          -5
   0.0000000000000000        0.0000000000000000               -1           3           4
   0.0000000000000000        0.0000000000000000               -1           4          -1
   0.0000000000000000        0.0000000000000000               -1           4           3
   4.0056342688022447E-004  -2.9303971688861058E-004           0          -5          -1
  -4.0056316527516171E-004   2.9303947834396018E-004           0          -1          -5
   0.0000000000000000        0.0000000000000000                0           1           5
   0.0000000000000000        0.0000000000000000                0           5           1
   2.4330243625198870E-004  -1.1544129483587203E-004           1          -4          -3
  -2.3138425752449333E-004   1.4801920038141615E-004           1          -4           1
  -1.8368726307871512E-004   1.9693095712704445E-004           1          -3          -4
   0.0000000000000000        0.0000000000000000                1           0           5
   2.1112708058647757E-004  -1.7570840486951566E-004           1           1          -4
   0.0000000000000000        0.0000000000000000                1           4           5
   0.0000000000000000        0.0000000000000000                1           5           0
   0.0000000000000000        0.0000000000000000                1           5           4
   0.0000000000000000        0.0000000000000000                3          -1           4
   0.0000000000000000        0.0000000000000000                3           4          -1
   5.5925442736239723E-005   7.6446172777062344E-005           4          -1          -1
  -1.1428407184211593E-004   5.4225289308036610E-005           4          -1           3
   0.0000000000000000        0.0000000000000000                4           1           5
   8.6281576947440787E-005  -9.2502300810798799E-005           4           3          -1
   0.0000000000000000        0.0000000000000000                4           5           1
  -1.0343516034222904E-004   1.0845122155496871E-005           5           0           1
   4.1653219351551465E-005  -9.5296916311162015E-005           5           1           0
   0.0000000000000000        0.0000000000000000                5           1           4
   0.0000000000000000        0.0000000000000000                5           4           1
   0.0000000000000000        0.0000000000000000               -6          -3          -3
   0.0000000000000000        0.0000000000000000               -5          -5          -2
   0.0000000000000000        0.0000000000000000               -5          -3           0
   0.0000000000000000        0.0000000000000000               -5          -2          -5
   0.0000000000000000        0.0000000000000000               -5           0          -3
   4.7806010334354277E-006  -2.2682562727637177E-006          -3          -6          -3
   0.0000000000000000        0.0000000000000000               -3          -5           0
  -3.6094926165373626E-006   3.8694524307284877E-006          -3          -3          -6
   0.0000000000000000        0.0000000000000000               -3          -3           2
   0.0000000000000000        0.0000000000000000               -3           0          -5
   0.0000000000000000        0.0000000000000000               -3           0           3
   0.0000000000000000        0.0000000000000000               -3           2          -3
   0.0000000000000000        0.0000000000000000               -3           3           0
   3.4444463420836616E-006   4.7086975316477997E-006          -2          -5          -5
   0.0000000000000000        0.0000000000000000               -2           3           3
  -2.4671933142740820E-005   1.8049127675007854E-005           0          -5          -3
   2.4672464482064238E-005  -1.8049560562344006E-005           0          -3          -5
   0.0000000000000000        0.0000000000000000                0          -3           3
   0.0000000000000000        0.0000000000000000                0           3          -3
   0.0000000000000000        0.0000000000000000                0           3           5
   0.0000000000000000        0.0000000000000000                0           5           3
  -3.4448634406871125E-006  -4.7083668958971862E-006           2          -3          -3
  -3.6091764901952413E-006   3.8693083058634640E-006           3          -3           0
   0.0000000000000000        0.0000000000000000                3          -2           3
   4.7808443238081321E-006  -2.2683317926789491E-006           3           0          -3
   0.0000000000000000        0.0000000000000000                3           0           5
   0.0000000000000000        0.0000000000000000                3           3          -2
   0.0000000000000000        0.0000000000000000                3           5           0
   0.0000000000000000        0.0000000000000000                5           0           3
   0.0000000000000000        0.0000000000000000                5           3           0
   0.0000000000000000        0.0000000000000000               -6          -4          -3
   0.0000000000000000        0.0000000000000000               -6          -3          -4
   0.0000000000000000        0.0000000000000000               -6          -3          -2
   0.0000000000000000        0.0000000000000000               -6          -2          -3
  -1.5215855779053425E-005  -2.0798845014167091E-005          -5          -5          -5
   0.0000000000000000        0.0000000000000000               -5           0           0
   7.7506311205494642E-005  -9.1125791428646962E-005          -4          -6          -3
  -1.1031525058846933E-004   4.6278525545639064E-005          -4          -3          -6
   0.0000000000000000        0.0000000000000000               -4          -1           2
   0.0000000000000000        0.0000000000000000               -4           2          -1
   1.0271083942724523E-004  -1.2624071407444563E-004          -3          -6          -4
  -1.0438402217182931E-004   1.0387862249504963E-004          -3          -6          -2
  -1.5141316058389512E-004   5.9668458392003824E-005          -3          -4          -6
   1.3060687904408244E-004  -6.8033512249817844E-005          -3          -2          -6
   0.0000000000000000        0.0000000000000000               -3          -1           3
   0.0000000000000000        0.0000000000000000               -3           1           3
   0.0000000000000000        0.0000000000000000               -3           3          -1
   0.0000000000000000        0.0000000000000000               -3           3           1
  -1.5667338702323762E-004   1.5184474364669174E-004          -2          -6          -3
   1.9215305852607456E-004  -1.0334599144159513E-004          -2          -3          -6
   0.0000000000000000        0.0000000000000000               -2           1           4
   0.0000000000000000        0.0000000000000000               -2           4           1
   0.0000000000000000        0.0000000000000000               -1          -4           2
   0.0000000000000000        0.0000000000000000               -1          -3           3
   0.0000000000000000        0.0000000000000000               -1           2          -4
   0.0000000000000000        0.0000000000000000               -1           3          -3
   1.0898252589935120E-004  -7.9728249766627417E-005           0          -5           0
  -1.0898263541604010E-004   7.9728149783981204E-005           0           0          -5
   0.0000000000000000        0.0000000000000000                0           0           5
   0.0000000000000000        0.0000000000000000                0           5           0
   0.0000000000000000        0.0000000000000000                1          -3           3
   0.0000000000000000        0.0000000000000000                1          -2           4
   0.0000000000000000        0.0000000000000000                1           3          -3
   0.0000000000000000        0.0000000000000000                1           4          -2
  -1.9215348458988054E-004   1.0334627663701856E-004           2          -4          -1
   1.5667302790530748E-004  -1.5184455705020457E-004           2          -1          -4
  -1.5141301271906829E-004   5.9668371366603835E-005           3          -3          -1
   1.3060726685420719E-004  -6.8033718804008452E-005           3          -3           1
   1.0271097014093953E-004  -1.2624077633539160E-004           3          -1          -3
  -1.0438373355407917E-004   1.0387848402327625E-004           3           1          -3
   1.1031518873550795E-004  -4.6278564068616007E-005           4          -2           1
  -7.7506384278560158E-005   9.1125697332895860E-005           4           1          -2
  -1.5215897740363857E-005  -2.0798891019403032E-005           5           0           0
   0.0000000000000000        0.0000000000000000               -6          -4          -4
   0.0000000000000000        0.0000000000000000               -6          -2          -2
   1.0174295520651195E-004  -1.3247738851821333E-004          -4          -6          -4
  -1.5706386080379303E-004   5.6857728868372180E-005          -4          -4          -6
   0.0000000000000000        0.0000000000000000               -4           0           2
   0.0000000000000000        0.0000000000000000               -4           2           0
  -1.8004972286470800E-004   1.6963216137177244E-004          -2          -6          -2
   2.1618336993607673E-004  -1.2023965986783977E-004          -2          -2          -6
   0.0000000000000000        0.0000000000000000               -2           0           4
   0.0000000000000000        0.0000000000000000               -2           4           0
   0.0000000000000000        0.0000000000000000                0          -4           2
   0.0000000000000000        0.0000000000000000                0          -2           4
   0.0000000000000000        0.0000000000000000                0           2          -4
   0.0000000000000000        0.0000000000000000                0           4          -2
  -2.1618363858044246E-004   1.2023991711757188E-004           2          -4           0
   1.8004951777584498E-004  -1.6963198145130996E-004           2           0          -4
   1.5706394115603872E-004  -5.6857773261054744E-005           4          -2           0
  -1.0174293324315336E-004   1.3247734428563113E-004           4           0          -2
   0.0000000000000000        0.0000000000000000               -6          -4          -2
   0.0000000000000000        0.0000000000000000               -6          -2          -4
   0.0000000000000000        0.0000000000000000               -4          -6          -2
   0.0000000000000000        0.0000000000000000               -4          -2          -6
   0.0000000000000000        0.0000000000000000               -4          -2           2
   0.0000000000000000        0.0000000000000000               -4           2          -2
  -4.7954548720254405E-006   2.2753331379246215E-006          -2          -6          -4
   3.6200960038905868E-006  -3.8812865464897787E-006          -2          -4          -6
   0.0000000000000000        0.0000000000000000               -2          -4           2
   0.0000000000000000        0.0000000000000000               -2           2          -4
  -3.6204631920220476E-006   3.8815249973459469E-006           2          -4          -2
   4.7951040634269530E-006  -2.2751432065277319E-006           2          -2          -4
   0.0000000000000000        0.0000000000000000               -5          -5          -1
   0.0000000000000000        0.0000000000000000               -5          -4           0
   0.0000000000000000        0.0000000000000000               -5          -1          -5
   0.0000000000000000        0.0000000000000000               -5           0          -4
   0.0000000000000000        0.0000000000000000               -4          -5           0
   0.0000000000000000        0.0000000000000000               -4          -4           1
   0.0000000000000000        0.0000000000000000               -4           0          -5
   0.0000000000000000        0.0000000000000000               -4           1          -4
   7.7688752828527150E-006   1.0619893234523756E-005          -1          -5          -5
  -5.5645591812119723E-005   4.0708548863083405E-005           0          -5          -4
   5.5645758008261682E-005  -4.0708720766239015E-005           0          -4          -5
   7.7692948256227637E-006   1.0619630712721233E-005           1          -4          -4
