         718          24          24          24
   2.7818087182913176E-002 -0.62590045968469998                0           0           0
  0.13461251727307519        9.8382364689462667E-002          -1          -1          -1
  -2.0625923623003521E-002  -3.2056572558898253E-002          -1           0           0
  0.14798442744992729      -0.20248063847328579                0          -1           0
  0.14798407158422139      -0.20248089871778865                0           0          -1
   2.4209509125237241E-002  -4.8572462318967696E-002           0           0           1
   2.4209513749755295E-002  -4.8572404107222258E-002           0           1           0
 -0.13461253822751224       -9.8382335845856594E-002           1           0           0
   2.0625927587196287E-002   3.2056575248455788E-002           1           1           1
  -4.3442329806322672E-003   1.6003648764590897E-003          -1          -1           0
  -4.3442802319394987E-003   1.6002662431987170E-003          -1           0          -1
  0.58790001358414534      -0.21656132034046682                0          -1          -1
   2.7542364662675747E-002  -1.0145652867019491E-002           0           1           1
   4.3442200018551039E-003  -1.6003645944751297E-003           1           0           1
   4.3442876878327687E-003  -1.6002629086919482E-003           1           1           0
   1.0480574361621982E-002  -8.4925079144339572E-003          -2          -1          -1
   2.0554514430211421E-004  -4.6250864346234592E-003          -1          -2          -1
   2.0566295625634658E-004  -4.6250537001896637E-003          -1          -1          -2
  -1.9816426971239263E-004   4.4588378142156725E-003          -1           0           1
  -1.9816260836787365E-004   4.4588412733452048E-003          -1           1           0
   1.0062031810419312E-002   9.2534885636833594E-004           0          -1           1
   1.0061997393027355E-002   9.2533889625179624E-004           0           1          -1
  -2.0555092152297434E-004   4.6250806531418351E-003           1          -1           0
  -2.0565919191101460E-004   4.6250653399927790E-003           1           0          -1
   1.9816439657217833E-004  -4.4588377357508546E-003           1           1           2
   1.9816318485128197E-004  -4.4588409538526925E-003           1           2           1
   1.0480579585219332E-002  -8.4925101750566237E-003           2           1           1
   1.4092718677994135E-002  -1.9282510564790651E-002          -2          -2          -1
   1.4092738828385413E-002  -1.9282493310541597E-002          -2          -1          -2
  -8.5006267815312137E-003  -3.0867586381859982E-003          -2          -1           0
  -8.5006293285490205E-003  -3.0867657105181573E-003          -2           0          -1
  -3.6806077838034287E-002  -9.9179403919449124E-003          -1          -2          -2
  -1.2819320244282603E-002  -9.3690640205791580E-003          -1          -2           0
  -9.0625406399911825E-003   9.5564084798277511E-003          -1          -1           1
  -1.2819305682331632E-002  -9.3690758303239790E-003          -1           0          -2
  -9.0625460988566046E-003   9.5563977044339048E-003          -1           1          -1
   6.9635105041574276E-003   1.9455654561488067E-003          -1           1           1
   3.8927643022984404E-002  -3.7815573413053680E-002           0          -2          -1
   3.8927700227166240E-002  -3.7815586899742112E-002           0          -1          -2
   7.3711316224098176E-003  -7.2259354120545651E-003           0           1           2
   7.3711308478943589E-003  -7.2259346249891878E-003           0           2           1
   3.6806073712181128E-002   9.9179376548552915E-003           1          -1          -1
   1.2819316548949827E-002   9.3690606991267966E-003           1          -1           1
   9.0625391819585503E-003  -9.5564090331960450E-003           1           0           2
   1.2819310034714110E-002   9.3690779129945532E-003           1           1          -1
   9.0625472371865939E-003  -9.5563977753271804E-003           1           2           0
  -6.9635107252431555E-003  -1.9455654294360913E-003           1           2           2
   1.4092717616474699E-002  -1.9282508867525090E-002           2           0           1
   1.4092740036724474E-002  -1.9282495038777554E-002           2           1           0
  -8.5006242898810359E-003  -3.0867583697852278E-003           2           1           2
  -8.5006294753731775E-003  -3.0867660657042557E-003           2           2           1
   4.9090533572142079E-003  -1.2564492175064432E-002          -2          -2          -2
  -1.1569979834285794E-002   5.0453478533863793E-003          -2           0           0
  -3.9370055212630635E-003  -9.3059137265101219E-003           0          -2           0
  -3.9370252574147304E-003  -9.3059433440231022E-003           0           0          -2
   1.1499186209725313E-002  -3.4525101401180619E-003           0           0           2
   1.1499189463672522E-002  -3.4525020609256383E-003           0           2           0
   4.9090529894839918E-003  -1.2564486818568071E-002           2           0           0
  -1.1569979867859355E-002   5.0453478117078567E-003           2           2           2
   5.2799307244387125E-004  -1.1879827258787168E-002          -2          -2           0
   5.2799477484595080E-004  -1.1879826064166307E-002          -2           0          -2
   1.3032722661115818E-003  -2.9322646821522913E-002           0          -2          -2
   2.2549389340782364E-004  -5.0735917483428093E-003           0           2           2
   5.2799348996791697E-004  -1.1879826796875216E-002           2           0           2
   5.2799432603518534E-004  -1.1879826467742348E-002           2           2           0
   4.6934712582113302E-003   3.4302500998689041E-003          -3          -2          -2
   6.8744744502010112E-003  -9.1498778397846470E-003          -3          -1          -1
   5.5222609405404695E-003   7.1619451289740175E-003          -2          -3          -2
   5.5222521359026798E-003   7.1619428098416878E-003          -2          -2          -3
  -3.5946931360511091E-003   5.2021634152307613E-003          -2           0           1
  -3.5946923755720739E-003   5.2021633520590305E-003          -2           1           0
   6.3532970979271264E-003  -1.1536469217041892E-002          -1          -3          -1
   6.3533103235291636E-003  -1.1536464667588203E-002          -1          -1          -3
   3.2442409654201971E-003   2.6829454211414056E-003          -1           0           2
   3.2442433591867497E-003   2.6829474995034839E-003          -1           2           0
  -5.1596918131095763E-003   7.0597992242329077E-003           0          -2           1
   6.2764522983975498E-003   4.3055478681654144E-003           0          -1           2
  -5.1596963245848591E-003   7.0597960053165459E-003           0           1          -2
   6.2764545977897074E-003   4.3055499464289462E-003           0           2          -1
  -6.3532975584740768E-003   1.1536467782971226E-002           1          -2           0
  -6.3533092712377906E-003   1.1536465918736406E-002           1           0          -2
  -3.2442410112013403E-003  -2.6829453812987360E-003           1           1           3
  -3.2442434907546591E-003  -2.6829474652148499E-003           1           3           1
   5.5222607797361751E-003   7.1619450855157189E-003           2          -1           0
   5.5222531221762721E-003   7.1619446700756789E-003           2           0          -1
  -3.5946932512666138E-003   5.2021634473463970E-003           2           2           3
  -3.5946925281160318E-003   5.2021634641066872E-003           2           3           2
  -4.6934705160313469E-003  -3.4302509894759805E-003           3           1           1
  -6.8744747127233406E-003   9.1498779603839328E-003           3           2           2
   8.3234178524047679E-003  -4.8722303924936469E-003          -3          -2          -1
   8.3234190952204360E-003  -4.8722290603720655E-003          -3          -1          -2
   1.1158564718040730E-002  -4.1104124398998500E-003          -2          -3          -1
   1.1158565215478342E-002  -4.1104116020963177E-003          -2          -1          -3
  -5.2160679961355365E-003   1.9214116540554598E-003          -2          -1           1
  -5.2160687813673171E-003   1.9214100513847629E-003          -2           1          -1
   4.1881331972875050E-003  -1.5427480693317763E-003          -1          -3          -2
   4.1881295739784295E-003  -1.5427481372735829E-003          -1          -2          -3
  -8.1601943083465332E-003   1.1997385807306234E-003          -1          -2           1
  -8.1601949086124309E-003   1.1997368352407996E-003          -1           1          -2
   2.9082382105665230E-003  -1.0712898158085097E-003          -1           1           2
   2.9082383140638219E-003  -1.0712892899650394E-003          -1           2           1
  -4.1881340229151034E-003   1.5427476152126973E-003           1          -2          -1
  -4.1881299981345876E-003   1.5427481514165879E-003           1          -1          -2
   8.1601938883514424E-003  -1.1997389794982049E-003           1          -1           2
   8.1601954850843914E-003  -1.1997365607929471E-003           1           2          -1
  -2.9082383036505249E-003   1.0712899285955772E-003           1           2           3
  -2.9082384575363153E-003   1.0712893520657364E-003           1           3           2
   1.1158564297790934E-002  -4.1104124104028947E-003           2          -1           1
   1.1158565996963233E-002  -4.1104112393736646E-003           2           1          -1
  -5.2160677363738183E-003   1.9214117999022623E-003           2           1           3
  -5.2160689070457275E-003   1.9214100283551046E-003           2           3           1
  -8.3234174678976057E-003   4.8722301972603868E-003           3           1           2
  -8.3234190979548303E-003   4.8722291107898205E-003           3           2           1
  -2.1147415928070247E-003   9.4098772516670818E-003          -3          -3          -2
  -2.1147431792710438E-003   9.4098760664270385E-003          -3          -2          -3
   1.0164803335546587E-003  -4.9226553156291944E-003          -3          -1           0
   1.0164794400567116E-003  -4.9226556730290550E-003          -3           0          -1
  -1.2938572691402386E-003   1.2555711918237546E-002          -2          -3          -3
  -4.0981565980595510E-004   3.0750428452837471E-003          -2           1           1
  -1.3347821715942502E-003  -8.1391961881892849E-003          -1          -3           0
   6.0546104190510141E-004   4.3251890602743577E-003          -1          -1           2
  -1.3347792058673543E-003  -8.1391954564299963E-003          -1           0          -3
   6.0546388022019175E-004   4.3251897228792635E-003          -1           2          -1
  -2.0228289325529853E-004  -1.2004591250125863E-002           0          -3          -1
  -2.0227412747116265E-004  -1.2004590504700926E-002           0          -1          -3
  -1.4556812920239639E-004  -2.8704584038131021E-003           0           1           3
  -1.4557017558730319E-004  -2.8704593011495009E-003           0           3           1
   1.3347817247842545E-003   8.1391956995575578E-003           1          -2           1
  -6.0546106700615611E-004  -4.3251890282209318E-003           1           0           3
   1.3347799378215469E-003   8.1391956458593158E-003           1           1          -2
  -6.0546386328273554E-004  -4.3251898063546698E-003           1           3           0
  -1.2938573466413561E-003   1.2555711800400512E-002           2          -1          -1
  -4.0981559346607186E-004   3.0750429042927393E-003           2           3           3
   2.1147415769295491E-003  -9.4098772798211668E-003           3           0           1
   2.1147429719112548E-003  -9.4098764532317726E-003           3           1           0
  -1.0164804746743874E-003   4.9226553380577465E-003           3           2           3
  -1.0164792176372184E-003   4.9226557953986842E-003           3           3           2
  -6.6303874912131107E-003   9.3282704617875904E-003          -3          -3          -3
   3.3600975822988201E-003   2.4557471829359015E-003          -3          -3          -1
   2.8636262640321371E-003  -4.3463001912982056E-003          -3          -2           0
   3.3600978440254847E-003   2.4557465931936994E-003          -3          -1          -3
   2.8636255238862979E-003  -4.3463002275303747E-003          -3           0          -2
  -7.6268240691995692E-004  -1.5310978012110432E-003          -3           0           0
   3.6938731418220370E-003  -5.0541742883794321E-003          -2          -3           0
  -2.5661811421295619E-003  -2.3461547896807106E-003          -2          -2           1
   3.6938724568638601E-003  -5.0541747718626674E-003          -2           0          -3
  -2.5661824885719513E-003  -2.3461551724871460E-003          -2           1          -2
   3.9681937185185919E-003   6.0439346292354215E-003          -1          -3          -3
   5.6537367912411858E-004  -1.4117451320963389E-003          -1           2           2
   4.6464765725671518E-003  -9.2172638179710310E-003           0          -3          -2
  -6.0081193045404980E-003  -4.6727021966714404E-003           0          -3           0
   4.6464771878883000E-003  -9.2172649068305388E-003           0          -2          -3
  -6.0081165819197138E-003  -4.6727006177837722E-003           0           0          -3
   9.2643562954691718E-004  -2.1533064851636304E-003           0           0           3
  -4.5661560388041784E-004  -1.0352812242145298E-003           0           2           3
   9.2643420259995598E-004  -2.1533067254900090E-003           0           3           0
  -4.5661613859421447E-004  -1.0352816454584119E-003           0           3           2
  -3.9681937182248651E-003  -6.0439342242373057E-003           1          -2          -2
  -5.6537376766117430E-004   1.4117451304893113E-003           1           3           3
   3.6938732272767424E-003  -5.0541742303565687E-003           2          -1           2
  -2.5661809609435122E-003  -2.3461548229533739E-003           2           0           3
   3.6938724678559410E-003  -5.0541747887473442E-003           2           2          -1
  -2.5661826839771711E-003  -2.3461552605662369E-003           2           3           0
   6.6303875637771315E-003  -9.3282700952902059E-003           3           0           0
  -3.3600973342745454E-003  -2.4557471858561155E-003           3           0           2
  -2.8636263600386428E-003   4.3463001221735898E-003           3           1           3
  -3.3600979066953319E-003  -2.4557466778867970E-003           3           2           0
  -2.8636254525339490E-003   4.3463003316296916E-003           3           3           1
   7.6268236428912229E-004   1.5310977321407538E-003           3           3           3
  -1.1788357277805962E-003   3.5559782676704097E-003          -4          -2          -2
  -2.4680954220330110E-004   5.5532221338692438E-003          -2          -4          -2
  -2.4681170155752561E-004   5.5532216315609777E-003          -2          -2          -4
  -6.1035551936571291E-005   1.3732744447637413E-003          -2           0           2
  -6.1034539214147683E-005   1.3732748098264204E-003          -2           2           0
   8.9672727060076439E-004   2.7914144655650135E-003           0          -2           2
   8.9672884150528414E-004   2.7914148034675077E-003           0           2          -2
  -2.4680961324278963E-004   5.5532219538170381E-003           2          -2           0
  -2.4681131927578245E-004   5.5532217026814917E-003           2           0          -2
  -6.1035617384732287E-005   1.3732744332212985E-003           2           2           4
  -6.1034505036964464E-005   1.3732748768135554E-003           2           4           2
  -1.1788355532365274E-003   3.5559783898723727E-003           4           2           2
  -2.5318008703050119E-003   3.4641589298053358E-003          -4          -3          -2
  -2.5318007350781531E-003   3.4641590473401319E-003          -4          -2          -3
   4.7599118099578579E-004   8.4685249084028523E-004          -4          -2          -1
   4.7599158095079544E-004   8.4685253322453954E-004          -4          -1          -2
  -3.2715298183170613E-003   4.0481808610434303E-003          -3          -4          -2
  -3.2715294905130846E-003   4.0481816407661863E-003          -3          -2          -4
  -2.1884899929049882E-004  -7.5431420180111235E-004          -3          -1           1
  -2.1884961905077003E-004  -7.5431450516484427E-004          -3           1          -1
  -3.8649904674811528E-003   5.0046144594532689E-003          -2          -4          -3
   3.0146058859548352E-003   1.7325962993391146E-003          -2          -4          -1
  -3.8649902831723757E-003   5.0046151271428566E-003          -2          -3          -4
   3.0146047918337190E-003   1.7325949465819492E-003          -2          -1          -4
  -2.9430177358897344E-004   9.4334005735109098E-004          -2          -1           2
  -8.8423010166522806E-005   4.7293528614805204E-004          -2           1           2
  -2.9430092467601100E-004   9.4334030574047426E-004          -2           2          -1
  -8.8422725412585796E-005   4.7293548903850908E-004          -2           2           1
   3.5413909978297929E-003   2.2763728469417928E-003          -1          -4          -2
  -2.3030285827672576E-003  -1.6831821312558648E-003          -1          -3           1
   3.5413880917753134E-003   2.2763712713824171E-003          -1          -2          -4
  -5.6836609087922521E-004   1.2315549874650376E-003          -1          -2           2
  -2.3030288050409913E-003  -1.6831815871615687E-003          -1           1          -3
  -4.8627090453013088E-005  -4.2245076450489732E-004          -1           1           3
  -5.6836483890466039E-004   1.2315554878583352E-003          -1           2          -2
  -4.8627519662659428E-005  -4.2245086228481831E-004          -1           3           1
  -3.5413908909930555E-003  -2.2763727618187110E-003           1          -3          -1
   2.3030284838344811E-003   1.6831820991784568E-003           1          -2           2
  -3.5413881338025241E-003  -2.2763711020266377E-003           1          -1          -3
   5.6836612862411619E-004  -1.2315550276311481E-003           1          -1           3
   2.3030289472393581E-003   1.6831816804748442E-003           1           2          -2
   4.8627083020524084E-005   4.2245073588808441E-004           1           2           4
   5.6836486040300700E-004  -1.2315555099320274E-003           1           3          -1
   4.8627486321455932E-005   4.2245087419454889E-004           1           4           2
  -3.8649905024328818E-003   5.0046143084857249E-003           2          -2          -1
   3.0146057067042052E-003   1.7325962640823555E-003           2          -2           1
  -3.8649903393576596E-003   5.0046151727173548E-003           2          -1          -2
   3.0146049139577365E-003   1.7325950478852192E-003           2           1          -2
  -2.9430181754798684E-004   9.4334007752280532E-004           2           1           4
  -8.8423043890138774E-005   4.7293527976218549E-004           2           3           4
  -2.9430091235785436E-004   9.4334034211702707E-004           2           4           1
  -8.8422697767841148E-005   4.7293545698529402E-004           2           4           3
   3.2715298560951882E-003  -4.0481809396603731E-003           3          -1           1
   3.2715295215353579E-003  -4.0481816762813544E-003           3           1          -1
   2.1884893279518485E-004   7.5431415928428635E-004           3           2           4
   2.1884970546008853E-004   7.5431448687065259E-004           3           4           2
  -2.5318008329476057E-003   3.4641590130669660E-003           4           1           2
  -2.5318006000741807E-003   3.4641591405288894E-003           4           2           1
   4.7599110457553225E-004   8.4685241934168804E-004           4           2           3
   4.7599157484331107E-004   8.4685247389001148E-004           4           3           2
  -3.0301170531214072E-003   2.2029585659529799E-003          -4          -3          -3
   7.9264517434929674E-004  -6.4209423829874658E-004          -4          -1          -1
  -4.3815634436181220E-003   2.4632644316044069E-003          -3          -4          -3
  -4.3815626435508778E-003   2.4632654180232584E-003          -3          -3          -4
   1.7567563664277735E-003  -6.4712528273997295E-004          -3          -3           0
   1.7567562113986581E-003  -6.4712586312732755E-004          -3           0          -3
  -1.4605649520227316E-004   1.1928314394587832E-004          -3           0           1
  -1.4605653462854070E-004   1.1928305191978460E-004          -3           1           0
   4.3048167418540022E-003  -7.3648272275510956E-004          -1          -4          -1
   4.3048150988177856E-003  -7.3648512187270360E-004          -1          -1          -4
   1.4013907890966532E-004   1.3859257719229364E-005          -1           0           3
   1.4013913971265004E-004   1.3859471479606114E-005          -1           3           0
   4.7655581625301755E-003  -1.7554594820092383E-003           0          -3          -3
  -2.9319061541520975E-003  -6.7653215041665448E-006           0          -3           1
   7.6100592405795855E-004   6.9785730504475754E-005           0          -1           3
  -2.9319052554706826E-003  -6.7639049152507132E-006           0           1          -3
   7.6100580523516667E-004   6.9785623848996330E-005           0           3          -1
   2.4144978383808003E-004  -8.8941554702525491E-005           0           3           3
  -4.3048167463389424E-003   7.3648262905816569E-004           1          -3           0
  -4.3048150842328013E-003   7.3648515839119474E-004           1           0          -3
  -1.4013908073595244E-004  -1.3859231660119883E-005           1           1           4
  -1.4013915516684967E-004  -1.3859470292441984E-005           1           4           1
   4.3815634989344213E-003  -2.4632644495934716E-003           3          -1           0
   4.3815628557026306E-003  -2.4632653001325790E-003           3           0          -1
  -1.7567563041195420E-003   6.4712533603858435E-004           3           0           3
  -1.7567561906634047E-003   6.4712575749641967E-004           3           3           0
   1.4605654749898087E-004  -1.1928322723615546E-004           3           3           4
   1.4605661820410817E-004  -1.1928311195078610E-004           3           4           3
  -3.0301169125837991E-003   2.2029586388339724E-003           4           1           1
   7.9264526490709206E-004  -6.4209436467789678E-004           4           3           3
  -4.3655989761376478E-004   1.4981043561515396E-003          -4          -3          -1
  -4.3655939750321187E-004   1.4981044175117759E-003          -4          -1          -3
  -8.3125367135404409E-005   1.8703085879485616E-003          -3          -4          -1
   3.9216742744898150E-005  -8.8235790631751275E-004          -3          -2           1
  -8.3124984456265055E-005   1.8703086264350468E-003          -3          -1          -4
   3.9215886669160453E-005  -8.8235807746369569E-004          -3           1          -2
  -3.1570944124676304E-004  -1.2209950076356509E-003          -2          -3           1
  -3.1571047373554290E-004  -1.2209953066333148E-003          -2           1          -3
  -1.3760967122417988E-004   3.0962194734770196E-003          -1          -4          -3
  -1.3761031784801508E-004   3.0962195313007815E-003          -1          -3          -4
   2.1832062226962742E-006  -4.9114077326379150E-005          -1           2           3
   2.1830017239763924E-006  -4.9114198614632971E-005          -1           3           2
   1.3760965764147092E-004  -3.0962193581303759E-003           1          -3          -2
   1.3761026041567430E-004  -3.0962194401672380E-003           1          -2          -3
  -2.1832111929885320E-006   4.9114078498939836E-005           1           3           4
  -2.1829894539774310E-006   4.9114215381569653E-005           1           4           3
  -3.1570935534122054E-004  -1.2209949966109305E-003           2          -1           3
  -3.1571057424198407E-004  -1.2209952940790446E-003           2           3          -1
   8.3125415743061154E-005  -1.8703085837292405E-003           3          -1           2
  -3.9216795643926190E-005   8.8235787043484796E-004           3           1           4
   8.3124764734274128E-005  -1.8703085458335275E-003           3           2          -1
  -3.9215763046535350E-005   8.8235809173257550E-004           3           4           1
  -4.3655987830013129E-004   1.4981044099546975E-003           4           1           3
  -4.3655917958074491E-004   1.4981044720015642E-003           4           3           1
  -9.5140278795328374E-004  -1.9636692962323750E-004          -4          -4          -3
  -9.5140259508638832E-004  -1.9636657291694610E-004          -4          -3          -4
   1.6386254189326889E-004  -3.9392938571822754E-004          -4          -1           0
   1.6386242576543026E-004  -3.9392940667165046E-004          -4           0          -1
  -1.6903943118576356E-003  -2.6174775863089172E-004          -3          -4          -4
   1.3134245081145596E-004  -1.0721717983898106E-006          -3           1           1
   1.0008186446990547E-003  -9.1549409530162704E-004          -1          -4           0
   1.3371775368074747E-004   2.8431117266892450E-004          -1          -1           3
   1.0008179083203328E-003  -9.1549506723843346E-004          -1           0          -4
   1.3371834564859255E-004   2.8431143104066386E-004          -1           3          -1
   1.7703182780219062E-003  -1.5365490455702842E-003           0          -4          -1
   1.7703176838949203E-003  -1.5365503329570836E-003           0          -1          -4
   1.3561820339671915E-004  -9.7266161413108438E-005           0           1           4
   1.3561776110268466E-004  -9.7266515293244950E-005           0           4           1
  -1.0008186775781575E-003   9.1549403562319080E-004           1          -3           1
  -1.3371771375746876E-004  -2.8431117487747598E-004           1           0           4
  -1.0008178357855542E-003   9.1549511161842566E-004           1           1          -3
  -1.3371838247094105E-004  -2.8431145935245536E-004           1           4           0
   1.6903943359052355E-003   2.6174760529307846E-004           3          -1          -1
  -1.3134238209877163E-004   1.0721217116688121E-006           3           4           4
  -9.5140277255499183E-004  -1.9636687603014427E-004           4           0           1
  -9.5140263187352297E-004  -1.9636651103105814E-004           4           1           0
   1.6386262194743596E-004  -3.9392942430506065E-004           4           3           4
   1.6386242900944017E-004  -3.9392951363190405E-004           4           4           3
  -1.2948052010595783E-003   8.7085040880906294E-004          -4          -4          -2
  -1.2948049654458440E-003   8.7085100538111283E-004          -4          -2          -4
   9.5071831211996610E-005  -1.6695844907651652E-004          -4          -2           0
   9.5071912901383419E-005  -1.6695844662001726E-004          -4           0          -2
  -2.8054055663654862E-003   1.3242120471681060E-003          -2          -4          -4
   1.2592096397267118E-003  -6.9955762977054600E-005          -2          -4           0
  -8.3148785924044605E-005  -1.0130845955278167E-004          -2          -2           2
   1.2592089649886061E-003  -6.9956799427949761E-005          -2           0          -4
  -8.3148783892457087E-005  -1.0130843548913298E-004          -2           2          -2
  -3.8672766931735817E-004   1.4312868727429457E-004          -2           2           2
   2.7791266680160681E-003  -7.3292764177981069E-004           0          -4          -2
   2.7791251107394657E-003  -7.3292934821092039E-004           0          -2          -4
   3.8666690611522016E-004  -1.4176192022695146E-004           0           2           4
   3.8666690122255765E-004  -1.4176207859569170E-004           0           4           2
  -2.8054056144059215E-003   1.3242120534411781E-003           2          -2          -2
   1.2592096146403081E-003  -6.9955804229329742E-005           2          -2           2
  -8.3148762494787047E-005  -1.0130845604598114E-004           2           0           4
   1.2592090078245909E-003  -6.9956693005697023E-005           2           2          -2
  -8.3148795895663459E-005  -1.0130849277234082E-004           2           4           0
  -3.8672766529631566E-004   1.4312867238023552E-004           2           4           4
  -1.2948051938280465E-003   8.7085049338161958E-004           4           0           2
  -1.2948049716588824E-003   8.7085103042191896E-004           4           2           0
   9.5071807395408206E-005  -1.6695850654104794E-004           4           2           4
   9.5071895352284391E-005  -1.6695850181726443E-004           4           4           2
   3.7108699314145641E-004  -9.5019262634403630E-004          -4          -4          -4
   1.5386706018719959E-004   2.1635010458781267E-006          -4           0           0
  -2.9757251449847547E-004  -7.0388239603127848E-004           0          -4           0
  -2.9757260626995694E-004  -7.0388253172611851E-004           0           0          -4
  -1.5918398559732426E-004   1.1748062539642000E-004           0           0           4
  -1.5918455643853759E-004   1.1748039841531638E-004           0           4           0
   3.7108690482311836E-004  -9.5019252836622272E-004           4           0           0
   1.5386703493633358E-004   2.1634327724963056E-006           4           4           4
   8.0342466219383003E-005   5.8718783765304809E-005          -5          -3          -3
  -1.6239215976213920E-004   2.7165909836171612E-004          -5          -2          -2
  -2.6102459339947062E-004   3.5714891753601055E-004          -4          -4          -1
  -1.0616364255249341E-004   6.6374636908899236E-005          -4          -3           0
  -2.6102428657306503E-004   3.5714914540077152E-004          -4          -1          -4
  -1.0616339192331446E-004   6.6374680067570168E-005          -4           0          -3
  -7.8515219060746049E-004   2.0533906307964971E-005          -3          -5          -3
   2.3743826510091046E-004   1.7353324062814089E-004          -3          -4           0
  -7.8515162136198052E-004   2.0534488159336037E-005          -3          -3          -5
  -1.0369901530068300E-004   1.0931227341504516E-005          -3          -3           1
   2.3743837708772690E-004   1.7353302673607513E-004          -3           0          -4
   2.5525271250574855E-004  -2.4124452032869985E-004          -3           0           2
  -1.0369936718163534E-004   1.0931073139940977E-005          -3           1          -3
   2.5525281879014644E-004  -2.4124453071271867E-004          -3           2           0
  -8.0943268409718549E-004   5.6685319857134467E-004          -2          -5          -2
  -8.0943227305419634E-004   5.6685396832694280E-004          -2          -2          -5
  -2.4194906373360226E-004  -5.8093554976569381E-005          -2           0           3
  -2.4194881615024528E-004  -5.8093372131021338E-005          -2           3           0
  -1.1734085267322766E-003   9.6735927864779786E-004          -1          -4          -4
   2.8441264460057761E-004   1.2523702023837943E-004          -1           3           3
   1.1250513224253453E-003   1.2068923395282738E-004           0          -4          -3
   1.1250507349862041E-003   1.2068887419237851E-004           0          -3          -4
   8.8323193985657698E-005  -1.2084945771411881E-004           0          -3           2
   1.4324805996639704E-004   1.5907193600605101E-004           0          -2           3
   8.8323701151783878E-005  -1.2084910745955572E-004           0           2          -3
   1.4324841682237841E-004   1.5907204241098701E-004           0           3          -2
   3.0519769604114394E-004  -3.4242810871256042E-004           0           3           4
   3.0519773724819663E-004  -3.4242813053634842E-004           0           4           3
   1.1734085599549361E-003  -9.6735920181345906E-004           1          -3          -3
  -2.8441265551688210E-004  -1.2523702840945504E-004           1           4           4
  -8.0943270576784468E-004   5.6685320056001475E-004           2          -3           0
  -8.0943226880020726E-004   5.6685396261035013E-004           2           0          -3
  -2.4194907929884975E-004  -5.8093571778280851E-005           2           2           5
  -2.4194880149506262E-004  -5.8093376971378918E-005           2           5           2
   7.8515218880097811E-004  -2.0533956736475568E-005           3          -2           0
  -2.3743819591888645E-004  -1.7353325037825054E-004           3          -1           3
   7.8515170124607747E-004  -2.0534498532518819E-005           3           0          -2
   1.0369898240104823E-004  -1.0931234773527429E-005           3           0           4
  -2.3743839812063943E-004  -1.7353305189680653E-004           3           3          -1
  -2.5525268334218555E-004   2.4124451974017510E-004           3           3           5
   1.0369940715863955E-004  -1.0931047296442398E-005           3           4           0
  -2.5525283134952468E-004   2.4124449794429549E-004           3           5           3
  -2.6102461733317145E-004   3.5714891992121760E-004           4           0           3
  -1.0616368709815910E-004   6.6374652325066290E-005           4           1           4
  -2.6102425036310942E-004   3.5714918108235123E-004           4           3           0
  -1.0616336234855597E-004   6.6374659536326349E-005           4           4           1
  -8.0342471817773650E-005  -5.8718824424455471E-005           5           2           2
   1.6239214731879835E-004  -2.7165919745607948E-004           5           3           3
  -3.0373807076096670E-005   2.6970664080592090E-004          -5          -3          -2
  -3.0373821088764744E-005   2.6970667571702924E-004          -5          -2          -3
  -8.2878746889939879E-004   3.0529509852665848E-004          -3          -5          -2
  -8.2878692433614688E-004   3.0529597311301033E-004          -3          -2          -5
   3.5025999100739627E-004  -1.2902302855214137E-004          -3          -1           2
   3.5025993201149468E-004  -1.2902315027157239E-004          -3           2          -1
  -1.2898991107028813E-003   4.7515199804212414E-004          -2          -5          -3
  -1.2898983193556615E-003   4.7515297513119775E-004          -2          -3          -5
  -4.0200003137544251E-004   1.4808220066324170E-004          -2           1           3
  -4.0200003814561602E-004   1.4808232239142091E-004          -2           3           1
  -7.0117767450198030E-006  -2.5593523151956816E-004          -1          -3           2
  -7.0115718537602860E-006  -2.5593498606088158E-004          -1           2          -3
   7.0117648690246206E-006   2.5593523615528770E-004           1          -2           3
   7.0116088478736657E-006   2.5593503519446859E-004           1           3          -2
  -1.2898991228109551E-003   4.7515205693232626E-004           2          -3          -1
  -1.2898983919959030E-003   4.7515291519625391E-004           2          -1          -3
  -4.0200003345215447E-004   1.4808218240850555E-004           2           3           5
  -4.0200002232485986E-004   1.4808230775685994E-004           2           5           3
   8.2878744584210910E-004  -3.0529515675601818E-004           3          -2           1
   8.2878694377598247E-004  -3.0529593673927802E-004           3           1          -2
  -3.5026000036129045E-004   1.2902302809372047E-004           3           2           5
  -3.5025992179664889E-004   1.2902314231077458E-004           3           5           2
   3.0373787212279699E-005  -2.6970669185041179E-004           5           2           3
   3.0373798572293066E-005  -2.6970677208218631E-004           5           3           2
   2.4774878811283270E-004  -1.1083692657880952E-004          -5          -4          -3
   2.4774875098720076E-004  -1.1083689174308201E-004          -5          -3          -4
  -1.5978929609874987E-004  -1.0819221327817128E-004          -5          -2          -1
  -1.5978924678429525E-004  -1.0819218145994522E-004          -5          -1          -2
   1.3020624015828522E-004  -1.4128034439087208E-004          -4          -5          -3
   1.3020627178362849E-004  -1.4128029195216329E-004          -4          -3          -5
   4.7676099329634343E-005   2.2881564682902345E-004          -4          -1           1
   4.7675979095112555E-005   2.2881560691504307E-004          -4           1          -1
   6.9300311456394127E-005  -1.7538087519623595E-004          -3          -5          -4
   6.9300408745650313E-005  -1.7538085748083264E-004          -3          -4          -5
   0.0000000000000000        0.0000000000000000               -3           1           2
   0.0000000000000000        0.0000000000000000               -3           2           1
   1.2177341289609243E-004   4.8460057873623903E-005          -2          -5          -1
   1.2177333689468195E-004   4.8460074099157847E-005          -2          -1          -5
   6.9940585938864890E-005  -2.7214150710157660E-004          -2          -1           3
   6.9940848089691083E-005  -2.7214143994806967E-004          -2           3          -1
   5.5758832624814971E-005   1.2931364683529292E-004          -1          -5          -2
  -2.4597958074055223E-004   7.1034999721241376E-005          -1          -4           1
   5.5758557250907958E-005   1.2931366923659319E-004          -1          -2          -5
   1.7488526722231161E-004  -2.3147446886052659E-004          -1          -2           3
  -2.4597979454909065E-004   7.1034881919891389E-005          -1           1          -4
   0.0000000000000000        0.0000000000000000               -1           1           4
   1.7488561234493420E-004  -2.3147440285919410E-004          -1           3          -2
   0.0000000000000000        0.0000000000000000               -1           4           1
  -5.5758820116510588E-005  -1.2931362541307467E-004           1          -4          -1
   2.4597952669699180E-004  -7.1034995013118378E-005           1          -3           2
  -5.5758583027105981E-005  -1.2931362595011459E-004           1          -1          -4
  -1.7488526294374591E-004   2.3147449538963774E-004           1          -1           4
   2.4597983886961397E-004  -7.1034869954477757E-005           1           2          -3
   0.0000000000000000        0.0000000000000000                1           2           5
  -1.7488560145542797E-004   2.3147439618903941E-004           1           4          -1
   0.0000000000000000        0.0000000000000000                1           5           2
   1.2177335415310657E-004   4.8460032943913670E-005           2          -3           1
   1.2177341780357746E-004   4.8460021434969563E-005           2           1          -3
   6.9940582045913024E-005  -2.7214153863904742E-004           2           1           5
   6.9940845193600652E-005  -2.7214141211040542E-004           2           5           1
  -6.9300264608583584E-005   1.7538079032507222E-004           3          -2          -1
  -6.9300358041471502E-005   1.7538076738048247E-004           3          -1          -2
   0.0000000000000000        0.0000000000000000                3           4           5
   0.0000000000000000        0.0000000000000000                3           5           4
   1.3020623711250198E-004  -1.4128030076918902E-004           4          -1           1
   1.3020623735110481E-004  -1.4128020514977280E-004           4           1          -1
   4.7676143854444980E-005   2.2881561853862906E-004           4           3           5
   4.7675934250824333E-005   2.2881555482536284E-004           4           5           3
  -2.4774873920032394E-004   1.1083693912875180E-004           5           1           2
  -2.4774867878058166E-004   1.1083692481415066E-004           5           2           1
   1.5978929921094435E-004   1.0819216724300524E-004           5           3           4
   1.5978918266525122E-004   1.0819213929022067E-004           5           4           3
   2.0952117948098146E-004  -2.3721463175140693E-004          -5          -4          -4
   1.8671923576974789E-004   1.3646477263306553E-004          -5          -4          -2
   9.4781607917045858E-005  -9.9587624088762596E-005          -5          -3          -1
   1.8671914718031257E-004   1.3646485580553425E-004          -5          -2          -4
   9.4781646412814497E-005  -9.9587597112448862E-005          -5          -1          -3
  -3.1246598286842320E-004  -1.0736608556708981E-004          -5          -1          -1
   3.2557173955830628E-004  -2.7574326690673180E-004          -4          -5          -4
  -3.1003790668025458E-005   1.2130550993584848E-004          -4          -5          -2
   3.2557162693462610E-004  -2.7574339663049110E-004          -4          -4          -5
  -3.1003705356185462E-005   1.2130578022028223E-004          -4          -2          -5
  -2.2487124158453137E-004   2.4750524665927555E-004          -4          -2           1
   0.0000000000000000        0.0000000000000000               -4           0           1
  -2.2487130474718525E-004   2.4750522037511824E-004          -4           1          -2
   0.0000000000000000        0.0000000000000000               -4           1           0
  -2.1073659200461808E-005  -1.0212222599454657E-004          -3          -5          -1
   2.0999036886604813E-004   8.7318101654529039E-005          -3          -2           2
  -2.1073419305977593E-005  -1.0212190601882070E-004          -3          -1          -5
   2.0999021258333802E-004   8.7318014211337016E-005          -3           2          -2
  -4.2375485852493662E-004   2.2785597386626943E-004          -2          -5          -4
  -4.2375454742091831E-004   2.2785623014389135E-004          -2          -4          -5
  -2.0526687508792721E-004   2.8085840072953017E-004          -2          -4           1
   8.8937378790382421E-005   3.1912364852039852E-005          -2          -3           2
  -2.0526707744819930E-004   2.8085827468781442E-004          -2           1          -4
   8.8937249330464335E-005   3.1912369026373589E-005          -2           2          -3
   0.0000000000000000        0.0000000000000000               -2           2           3
   0.0000000000000000        0.0000000000000000               -2           3           2
  -4.1726968987338602E-004   8.1947139599618750E-005          -1          -5          -3
   3.1149109893767522E-004   4.1072350200316651E-005          -1          -5          -1
  -4.1726947016872769E-004   8.1947532788749581E-005          -1          -3          -5
   3.1149056689954026E-004   4.1071890496998786E-005          -1          -1          -5
   0.0000000000000000        0.0000000000000000               -1           0           4
   0.0000000000000000        0.0000000000000000               -1           2           4
   0.0000000000000000        0.0000000000000000               -1           4           0
   0.0000000000000000        0.0000000000000000               -1           4           2
  -1.9505893870636214E-004  -8.8181790640371751E-005           0          -4           1
  -3.3256993060034267E-004   3.4497405959176382E-004           0          -1           4
  -1.9505872863767506E-004  -8.8181509596320208E-005           0           1          -4
  -3.3257006438780772E-004   3.4497404008608349E-004           0           4          -1
   4.1726970733023427E-004  -8.1947100401162719E-005           1          -4          -2
  -3.1149105456457552E-004  -4.1072357273183927E-005           1          -4           0
   4.1726949590980113E-004  -8.1947496495056541E-005           1          -2          -4
  -3.1149056383863245E-004  -4.1071865562631430E-005           1           0          -4
   0.0000000000000000        0.0000000000000000                1           1           5
   0.0000000000000000        0.0000000000000000                1           3           5
   0.0000000000000000        0.0000000000000000                1           5           1
   0.0000000000000000        0.0000000000000000                1           5           3
  -4.2375483996311440E-004   2.2785608158497681E-004           2          -3          -2
  -4.2375457127452056E-004   2.2785628965986025E-004           2          -2          -3
  -2.0526683427855578E-004   2.8085841365987186E-004           2          -2           3
   8.8937420322294594E-005   3.1912371797864823E-005           2          -1           4
  -2.0526710402401781E-004   2.8085827584808313E-004           2           3          -2
   8.8937231382106040E-005   3.1912319822742558E-005           2           4          -1
   0.0000000000000000        0.0000000000000000                2           4           5
   0.0000000000000000        0.0000000000000000                2           5           4
   2.1073714223509436E-005   1.0212222375207864E-004           3          -2           2
  -2.0999040631563360E-004  -8.7318100000526055E-005           3           1           5
   2.1073427548780938E-005   1.0212190485550080E-004           3           2          -2
  -2.0999019433048851E-004  -8.7317988000940695E-005           3           5           1
   3.2557171142002882E-004  -2.7574323598027043E-004           4          -1           0
  -3.1003769182407168E-005   1.2130555167284040E-004           4          -1           2
   3.2557164471342498E-004  -2.7574335661122873E-004           4           0          -1
  -3.1003688946973277E-005   1.2130576448499518E-004           4           2          -1
  -2.2487120188053033E-004   2.4750522116988581E-004           4           2           5
   0.0000000000000000        0.0000000000000000                4           4           5
  -2.2487134421863523E-004   2.4750519895688034E-004           4           5           2
   0.0000000000000000        0.0000000000000000                4           5           4
  -2.0952120408717205E-004   2.3721464533475040E-004           5           1           1
  -1.8671927019428663E-004  -1.3646480458650356E-004           5           1           3
  -9.4781579963992398E-005   9.9587589735424008E-005           5           2           4
  -1.8671919354881433E-004  -1.3646488512882395E-004           5           3           1
  -9.4781686153855481E-005   9.9587554612475053E-005           5           4           2
   3.1246600330466238E-004   1.0736608482599702E-004           5           4           4
   1.0938280508369634E-005  -2.4611268075800698E-004          -4          -4           0
   1.0938361076307630E-005  -2.4611267164880818E-004          -4           0          -4
   1.1424951117331084E-005  -2.5705656223626284E-004           0          -4          -4
   0.0000000000000000        0.0000000000000000                0           4           4
   1.0938228412982426E-005  -2.4611270932704837E-004           4           0           4
   1.0938407412244616E-005  -2.4611266932621050E-004           4           4           0
  -6.6104554569084085E-005   1.2054644907242417E-004          -5          -5          -3
  -6.6104588816603835E-005   1.2054635575262676E-004          -5          -3          -5
   0.0000000000000000        0.0000000000000000               -5          -2           0
   0.0000000000000000        0.0000000000000000               -5           0          -2
   3.8860998384600155E-005   1.2546632079814821E-004          -3          -5          -5
   0.0000000000000000        0.0000000000000000               -3           2           2
  -5.7411569919919603E-005  -7.5047601126748383E-005          -2          -5           0
   0.0000000000000000        0.0000000000000000               -2          -2           3
  -5.7411682786095732E-005  -7.5047714491739985E-005          -2           0          -5
   0.0000000000000000        0.0000000000000000               -2           3          -2
   5.1493085222701790E-005  -1.5874955557559472E-004           0          -5          -2
   5.1492599096550351E-005  -1.5874987492837925E-004           0          -2          -5
   0.0000000000000000        0.0000000000000000                0           2           5
   0.0000000000000000        0.0000000000000000                0           5           2
  -5.7411587536128435E-005  -7.5047582698729005E-005           2          -3           2
   0.0000000000000000        0.0000000000000000                2           0           5
  -5.7411685980531239E-005  -7.5047715617644110E-005           2           2          -3
   0.0000000000000000        0.0000000000000000                2           5           0
  -3.8860996883158416E-005  -1.2546637033434045E-004           3          -2          -2
   6.6104588292566750E-005  -1.2054638841346503E-004           5           0           2
   6.6104613782167238E-005  -1.2054636407737375E-004           5           2           0
  -1.5160410440274858E-004  -1.1939147602669057E-004          -5          -5          -4
  -1.5160417859798642E-004  -1.1939156434638506E-004          -5          -4          -5
   0.0000000000000000        0.0000000000000000               -5          -4          -1
   0.0000000000000000        0.0000000000000000               -5          -1          -4
   0.0000000000000000        0.0000000000000000               -5          -1           0
   0.0000000000000000        0.0000000000000000               -5           0          -1
  -4.8783553102715623E-005  -1.4594490879181273E-004          -4          -5          -5
   2.3117039694006203E-004  -8.5154811235995377E-005          -4          -5          -1
   0.0000000000000000        0.0000000000000000               -4          -3           1
   2.3117044014692888E-004  -8.5154698653391384E-005          -4          -1          -5
   0.0000000000000000        0.0000000000000000               -4           1          -3
   0.0000000000000000        0.0000000000000000               -4           1           1
   0.0000000000000000        0.0000000000000000               -3          -4           1
   0.0000000000000000        0.0000000000000000               -3           1          -4
  -4.6132339415448158E-005   1.6993573356808006E-005          -1          -5          -4
  -1.6744017978515371E-004   2.3691591699647531E-004          -1          -5           0
  -4.6132118792324676E-005   1.6993780672733074E-005          -1          -4          -5
   0.0000000000000000        0.0000000000000000               -1          -1           4
  -1.6744039370415325E-004   2.3691561521269175E-004          -1           0          -5
   0.0000000000000000        0.0000000000000000               -1           3           4
   0.0000000000000000        0.0000000000000000               -1           4          -1
   0.0000000000000000        0.0000000000000000               -1           4           3
  -6.3596327152401624E-005   1.8734158619000473E-004           0          -5          -1
  -6.3596738805285076E-005   1.8734109280160973E-004           0          -1          -5
   0.0000000000000000        0.0000000000000000                0           1           5
   0.0000000000000000        0.0000000000000000                0           5           1
   4.6132332230043699E-005  -1.6993583615660659E-005           1          -4          -3
   1.6744016795264310E-004  -2.3691590069195597E-004           1          -4           1
   4.6132127005968132E-005  -1.6993758691949277E-005           1          -3          -4
   0.0000000000000000        0.0000000000000000                1           0           5
   1.6744040816113435E-004  -2.3691562293963884E-004           1           1          -4
   0.0000000000000000        0.0000000000000000                1           4           5
   0.0000000000000000        0.0000000000000000                1           5           0
   0.0000000000000000        0.0000000000000000                1           5           4
   0.0000000000000000        0.0000000000000000                3          -1           4
   0.0000000000000000        0.0000000000000000                3           4          -1
  -4.8783500576748621E-005  -1.4594489026014448E-004           4          -1          -1
   2.3117042282031291E-004  -8.5154790432975656E-005           4          -1           3
   0.0000000000000000        0.0000000000000000                4           1           5
   2.3117047943417985E-004  -8.5154701174058802E-005           4           3          -1
   0.0000000000000000        0.0000000000000000                4           5           1
   1.5160413349034793E-004   1.1939150647762210E-004           5           0           1
   1.5160416868931090E-004   1.1939157134749427E-004           5           1           0
   0.0000000000000000        0.0000000000000000                5           1           4
   0.0000000000000000        0.0000000000000000                5           4           1
   0.0000000000000000        0.0000000000000000               -6          -3          -3
   0.0000000000000000        0.0000000000000000               -5          -5          -2
   0.0000000000000000        0.0000000000000000               -5          -3           0
   0.0000000000000000        0.0000000000000000               -5          -2          -5
   0.0000000000000000        0.0000000000000000               -5           0          -3
  -1.6573439338827232E-005   3.7289987033653775E-004          -3          -6          -3
   0.0000000000000000        0.0000000000000000               -3          -5           0
  -1.6573315516492062E-005   3.7289988281423398E-004          -3          -3          -6
   0.0000000000000000        0.0000000000000000               -3          -3           2
   0.0000000000000000        0.0000000000000000               -3           0          -5
   0.0000000000000000        0.0000000000000000               -3           0           3
   0.0000000000000000        0.0000000000000000               -3           2          -3
   0.0000000000000000        0.0000000000000000               -3           3           0
  -1.8939373526508893E-005   4.1192886248320095E-004          -2          -5          -5
   0.0000000000000000        0.0000000000000000               -2           3           3
   1.7655800751159004E-005  -4.1145601280392766E-004           0          -5          -3
   1.7655648460436897E-005  -4.1145600458787699E-004           0          -3          -5
   0.0000000000000000        0.0000000000000000                0          -3           3
   0.0000000000000000        0.0000000000000000                0           3          -3
   0.0000000000000000        0.0000000000000000                0           3           5
   0.0000000000000000        0.0000000000000000                0           5           3
  -1.8939393454218685E-005   4.1192889492027264E-004           2          -3          -3
   1.6573436745895477E-005  -3.7289989045711494E-004           3          -3           0
   0.0000000000000000        0.0000000000000000                3          -2           3
   1.6573326847813387E-005  -3.7289994514544883E-004           3           0          -3
   0.0000000000000000        0.0000000000000000                3           0           5
   0.0000000000000000        0.0000000000000000                3           3          -2
   0.0000000000000000        0.0000000000000000                3           5           0
   0.0000000000000000        0.0000000000000000                5           0           3
   0.0000000000000000        0.0000000000000000                5           3           0
   0.0000000000000000        0.0000000000000000               -6          -4          -3
   0.0000000000000000        0.0000000000000000               -6          -3          -4
   0.0000000000000000        0.0000000000000000               -6          -3          -2
   0.0000000000000000        0.0000000000000000               -6          -2          -3
  -1.9717783743189554E-004  -2.6511008053547059E-004          -5          -5          -5
   0.0000000000000000        0.0000000000000000               -5           0           0
  -1.6753577370296786E-004   2.8940928075297915E-004          -4          -6          -3
  -1.6753580651871749E-004   2.8940914392029242E-004          -4          -3          -6
   0.0000000000000000        0.0000000000000000               -4          -1           2
   0.0000000000000000        0.0000000000000000               -4           2          -1
  -1.5234522282208437E-004   3.1645511494848952E-004          -3          -6          -4
   1.4695927111105263E-004   1.7356061528532672E-004          -3          -6          -2
  -1.5234529337054611E-004   3.1645500407698538E-004          -3          -4          -6
   1.4695941837989927E-004   1.7356076264800986E-004          -3          -2          -6
   0.0000000000000000        0.0000000000000000               -3          -1           3
   0.0000000000000000        0.0000000000000000               -3           1           3
   0.0000000000000000        0.0000000000000000               -3           3          -1
   0.0000000000000000        0.0000000000000000               -3           3           1
   1.2881888008418242E-004   2.1288437220838116E-004          -2          -6          -3
   1.2881916986286120E-004   2.1288456230289694E-004          -2          -3          -6
   0.0000000000000000        0.0000000000000000               -2           1           4
   0.0000000000000000        0.0000000000000000               -2           4           1
   0.0000000000000000        0.0000000000000000               -1          -4           2
   0.0000000000000000        0.0000000000000000               -1          -3           3
   0.0000000000000000        0.0000000000000000               -1           2          -4
   0.0000000000000000        0.0000000000000000               -1           3          -3
  -2.2769929887849180E-004   4.2161948441905178E-004           0          -5           0
  -2.2769932226463031E-004   4.2161933913709496E-004           0           0          -5
   0.0000000000000000        0.0000000000000000                0           0           5
   0.0000000000000000        0.0000000000000000                0           5           0
   0.0000000000000000        0.0000000000000000                1          -3           3
   0.0000000000000000        0.0000000000000000                1          -2           4
   0.0000000000000000        0.0000000000000000                1           3          -3
   0.0000000000000000        0.0000000000000000                1           4          -2
   1.2881890112924186E-004   2.1288439406641100E-004           2          -4          -1
   1.2881915102843440E-004   2.1288459334900279E-004           2          -1          -4
   1.5234524530047591E-004  -3.1645513966033911E-004           3          -3          -1
  -1.4695927063249688E-004  -1.7356063104462038E-004           3          -3           1
   1.5234527839999299E-004  -3.1645504176758613E-004           3          -1          -3
  -1.4695941953159704E-004  -1.7356076429490906E-004           3           1          -3
  -1.6753576921001441E-004   2.8940924118764545E-004           4          -2           1
  -1.6753579887798323E-004   2.8940918000267148E-004           4           1          -2
   1.9717781974388902E-004   2.6511010529176715E-004           5           0           0
   0.0000000000000000        0.0000000000000000               -6          -4          -4
   0.0000000000000000        0.0000000000000000               -6          -2          -2
  -2.3248845671010879E-004   2.4055788113549803E-005          -4          -6          -4
  -2.3248857318373861E-004   2.4055626471841755E-005          -4          -4          -6
   0.0000000000000000        0.0000000000000000               -4           0           2
   0.0000000000000000        0.0000000000000000               -4           2           0
   2.3805383254223823E-004  -1.4927507619426551E-004          -2          -6          -2
   2.3805400525078876E-004  -1.4927481758392040E-004          -2          -2          -6
   0.0000000000000000        0.0000000000000000               -2           0           4
   0.0000000000000000        0.0000000000000000               -2           4           0
   0.0000000000000000        0.0000000000000000                0          -4           2
   0.0000000000000000        0.0000000000000000                0          -2           4
   0.0000000000000000        0.0000000000000000                0           2          -4
   0.0000000000000000        0.0000000000000000                0           4          -2
   2.3805382097983740E-004  -1.4927504744265097E-004           2          -4           0
   2.3805401164085955E-004  -1.4927484083089029E-004           2           0          -4
  -2.3248845403788299E-004   2.4055762480131550E-005           4          -2           0
  -2.3248853143269870E-004   2.4055648879826267E-005           4           0          -2
   0.0000000000000000        0.0000000000000000               -6          -4          -2
   0.0000000000000000        0.0000000000000000               -6          -2          -4
   0.0000000000000000        0.0000000000000000               -4          -6          -2
   0.0000000000000000        0.0000000000000000               -4          -2          -6
   0.0000000000000000        0.0000000000000000               -4          -2           2
   0.0000000000000000        0.0000000000000000               -4           2          -2
  -1.9021624303827770E-005   4.2798428694480512E-004          -2          -6          -4
  -1.9021531106771876E-005   4.2798428911982781E-004          -2          -4          -6
   0.0000000000000000        0.0000000000000000               -2          -4           2
   0.0000000000000000        0.0000000000000000               -2           2          -4
  -1.9021629061067620E-005   4.2798430330418468E-004           2          -4          -2
  -1.9021528015798354E-005   4.2798431584696600E-004           2          -2          -4
   0.0000000000000000        0.0000000000000000               -5          -5          -1
   0.0000000000000000        0.0000000000000000               -5          -4           0
   0.0000000000000000        0.0000000000000000               -5          -1          -5
   0.0000000000000000        0.0000000000000000               -5           0          -4
   0.0000000000000000        0.0000000000000000               -4          -5           0
   0.0000000000000000        0.0000000000000000               -4          -4           1
   0.0000000000000000        0.0000000000000000               -4           0          -5
   0.0000000000000000        0.0000000000000000               -4           1          -4
   2.0568648204820076E-004   2.3295476520341152E-004          -1          -5          -5
   2.3358527618961520E-004  -3.9476653191088622E-004           0          -5          -4
   2.3358528252901962E-004  -3.9476650650122704E-004           0          -4          -5
  -2.0568647536288519E-004  -2.3295477506095021E-004           1          -4          -4
