         718          24          24          24
  0.24080282262028516       0.64077386557278737                0           0           0
 -0.23997128007026738      -0.63855731363413215               -1          -1          -1
   2.7386762897599212E-002   7.2876713269804369E-002          -1           0           0
   2.7386774727420050E-002   7.2876734751015013E-002           0          -1           0
   2.7308942995968269E-002   7.2669539292357990E-002           0           0          -1
   1.2903429128230552E-002   3.4335797479751962E-002           0           0           1
   1.2877032248449542E-002   3.4265556788701280E-002           0           1           0
   1.2877047411861728E-002   3.4265540373092228E-002           1           0           0
  -1.5365615838227051E-002  -4.0887772101324563E-002           1           1           1
  -2.7271322072781295E-002  -7.2567560158251693E-002          -1          -1           0
  -2.7193619292543700E-002  -7.2360699895692299E-002          -1           0          -1
  -2.7193612980813978E-002  -7.2360681522025433E-002           0          -1          -1
  -6.5977240279933491E-003  -1.7556479877610245E-002           0           1           1
  -6.5977201120163151E-003  -1.7556481971264633E-002           1           0           1
  -6.5869778785536577E-003  -1.7527831333074076E-002           1           1           0
  -1.2793236279584497E-002  -3.4042610919137878E-002          -2          -1          -1
  -1.2793243809383473E-002  -3.4042617333165465E-002          -1          -2          -1
  -1.2767140349348279E-002  -3.3973092645206503E-002          -1          -1          -2
  -6.2336926049041102E-003  -1.6587720467704209E-002          -1           0           1
  -6.2244894204057811E-003  -1.6563224490115897E-002          -1           1           0
  -6.2336881218432155E-003  -1.6587721474135272E-002           0          -1           1
  -6.2209564269649631E-003  -1.6553842098515979E-002           0           1          -1
  -6.2244826458909396E-003  -1.6563227714867120E-002           1          -1           0
  -6.2209533225458229E-003  -1.6553844711736120E-002           1           0          -1
   3.4589465760301820E-003   9.2042155080807823E-003           1           1           2
   3.4551335489304965E-003   9.1940599861201830E-003           1           2           1
   3.4551301073902398E-003   9.1940594929927500E-003           2           1           1
   6.6265768434603366E-003   1.7633179123850741E-002          -2          -2          -1
   6.6157524581176332E-003   1.7604347355404375E-002          -2          -1          -2
   6.2416247759596380E-003   1.6608841799497256E-002          -2          -1           0
   6.2380907485684641E-003   1.6599466020211444E-002          -2           0          -1
   6.6157511865134258E-003   1.7604347733816115E-002          -1          -2          -2
   6.2416262852235341E-003   1.6608841490899626E-002          -1          -2           0
  -4.2857613315583198E-003  -1.1404402317842347E-002          -1          -1           1
   6.2288644849627607E-003   1.6574915036027003E-002          -1           0          -2
  -4.2702708152629349E-003  -1.1363155879606457E-002          -1           1          -1
  -8.0235809563018595E-003  -2.1350573220444230E-002          -1           1           1
   6.2380901816638645E-003   1.6599468048161647E-002           0          -2          -1
   6.2288628322274275E-003   1.6574917634846590E-002           0          -1          -2
   1.6647771578725947E-003   4.4300135248950181E-003           0           1           2
   1.6602668285939292E-003   4.4180029763081713E-003           0           2           1
  -4.2702706097557238E-003  -1.1363155101099962E-002           1          -1          -1
  -8.0235786302551449E-003  -2.1350571022832204E-002           1          -1           1
   1.6647758930104528E-003   4.4300138240595723E-003           1           0           2
  -8.0086598496479974E-003  -2.1310840416936268E-002           1           1          -1
   1.6598556456876353E-003   4.4169292068867881E-003           1           2           0
   4.3271397641645093E-003   1.1514412247924611E-002           1           2           2
   1.6602663809414978E-003   4.4180028859326257E-003           2           0           1
   1.6598565405226379E-003   4.4169275658214853E-003           2           1           0
   4.3271377080853785E-003   1.1514411171112937E-002           2           1           2
   4.3241415862841116E-003   1.1506421416008756E-002           2           2           1
   1.5313897711870857E-002   4.0749860381027347E-002          -2          -2          -2
   4.2699669176372015E-003   1.1362278036981657E-002          -2           0           0
   4.2699718232548584E-003   1.1362274990553927E-002           0          -2           0
   4.2545154790391785E-003   1.1321116128006280E-002           0           0          -2
  -2.6436439030264255E-003  -7.0346079978379781E-003           0           0           2
  -2.6448866267305988E-003  -7.0379178258226588E-003           0           2           0
  -2.6448827037006233E-003  -7.0379199072496384E-003           2           0           0
   1.8755408795665504E-003   4.9907196183441331E-003           2           2           2
   8.0384458528978062E-003   2.1390195624080670E-002          -2          -2           0
   8.0234973744462458E-003   2.1350421722886349E-002          -2           0          -2
   8.0234983015423766E-003   2.1350423218729573E-002           0          -2          -2
   3.8656734854744419E-003   1.0286509636342631E-002           0           2           2
   3.8656717309557267E-003   1.0286508991283421E-002           2           0           2
   3.8602402907590124E-003   1.0272050870172536E-002           2           2           0
  -3.4637966392897877E-003  -9.2170767137969255E-003          -3          -2          -2
   2.6593565585345631E-003   7.0765645615705084E-003          -3          -1          -1
  -3.4637976102305989E-003  -9.2170776011191533E-003          -2          -3          -2
  -3.4599655262924065E-003  -9.2069032832214643E-003          -2          -2          -3
  -2.1122783294247310E-003  -5.6207864374503997E-003          -2           0           1
  -2.1088906693830915E-003  -5.6117599677948339E-003          -2           1           0
   2.6593548420028499E-003   7.0765650297751753E-003          -1          -3          -1
   2.6605553974630115E-003   7.0797776169264108E-003          -1          -1          -3
  -4.4971663819343526E-003  -1.1966858770136569E-002          -1           0           2
  -4.4929031173274788E-003  -1.1955516010122933E-002          -1           2           0
  -2.1122760760962141E-003  -5.6207881740979668E-003           0          -2           1
  -4.4971666807830536E-003  -1.1966858521470307E-002           0          -1           2
  -2.1090832068076425E-003  -5.6122985853356653E-003           0           1          -2
  -4.4894672058370076E-003  -1.1946365123755007E-002           0           2          -1
  -2.1088889898850903E-003  -5.6117610339606865E-003           1          -2           0
  -2.1090839664937031E-003  -5.6122979320149449E-003           1           0          -2
   2.5367627368476789E-003   6.7502700065699781E-003           1           1           3
   2.5346298088913129E-003   6.7445871901648403E-003           1           3           1
  -4.4929017025875945E-003  -1.1955516077241208E-002           2          -1           0
  -4.4894656239664217E-003  -1.1946365890093550E-002           2           0          -1
  -8.1350071056505535E-004  -2.1647447544442741E-003           2           2           3
  -8.1209514376977059E-004  -2.1610050346653172E-003           2           3           2
   2.5346278309110962E-003   6.7445865663957345E-003           3           1           1
  -8.1209437917572095E-004  -2.1610053980505944E-003           3           2           2
  -1.6506395843906012E-003  -4.3922365040115563E-003          -3          -2          -1
  -1.6502420615902057E-003  -4.3911987587435400E-003          -3          -1          -2
  -1.6506414873581707E-003  -4.3922364184199843E-003          -2          -3          -1
  -1.6457452845316904E-003  -4.3792290588026981E-003          -2          -1          -3
   2.1017996697632155E-003   5.5927850247836468E-003          -2          -1           1
   2.1020082521327685E-003   5.5933609314805571E-003          -2           1          -1
  -1.6502422954686609E-003  -4.3912005293360139E-003          -1          -3          -2
  -1.6457444016432911E-003  -4.3792304649707993E-003          -1          -2          -3
   2.1018012358722049E-003   5.5927845866228804E-003          -1          -2           1
   2.0986266212932596E-003   5.5843485810232185E-003          -1           1          -2
  -1.6110729295866393E-003  -4.2869968776929005E-003          -1           1           2
  -1.6116608057538714E-003  -4.2885668815471033E-003          -1           2           1
   2.1020078678128896E-003   5.5933616069513683E-003           1          -2          -1
   2.0986251029625445E-003   5.5843501320708006E-003           1          -1          -2
  -1.6110736777201085E-003  -4.2869957956799386E-003           1          -1           2
  -1.6085417850424484E-003  -4.2802441561651996E-003           1           2          -1
   7.3461833459062672E-004   1.9547770535788558E-003           1           2           3
   7.3528553690677188E-004   1.9565522503061082E-003           1           3           2
  -1.6116607026773260E-003  -4.2885658820033430E-003           2          -1           1
  -1.6085406773783250E-003  -4.2802448325211075E-003           2           1          -1
   7.3461816160150890E-004   1.9547767628095552E-003           2           1           3
   7.3496955371536981E-004   1.9557028267106384E-003           2           3           1
   7.3528507909601860E-004   1.9565515476326527E-003           3           1           2
   7.3496919633649484E-004   1.9557025662243583E-003           3           2           1
  -4.3349541603493963E-003  -1.1535263172939559E-002          -3          -3          -2
  -4.3319451046816941E-003  -1.1527262622640325E-002          -3          -2          -3
   4.4996040647675879E-003   1.1973383298402817E-002          -3          -1           0
   4.4961684403499302E-003   1.1964238031167133E-002          -3           0          -1
  -4.3319462182818454E-003  -1.1527264129436254E-002          -2          -3          -3
  -3.3764819212854990E-003  -8.9847677740981340E-003          -2           1           1
   4.4996042406291459E-003   1.1973383787388383E-002          -1          -3           0
  -3.4860706763679989E-003  -9.2763931781189024E-003          -1          -1           2
   4.4918953273181371E-003   1.1952879392422745E-002          -1           0          -3
  -3.4790900986365041E-003  -9.2578118554425444E-003          -1           2          -1
   4.4961689396904661E-003   1.1964238727980811E-002           0          -3          -1
   4.4918957280410642E-003   1.1952879203314568E-002           0          -1          -3
   2.1210435584973555E-003   5.6440756403736345E-003           0           1           3
   2.1179764383589162E-003   5.6359084719788911E-003           0           3           1
  -3.3764804675208296E-003  -8.9847680707518564E-003           1          -2           1
   2.1210433090461550E-003   5.6440753031110121E-003           1           0           3
  -3.3708992734339900E-003  -8.9699184158647458E-003           1           1          -2
   2.1167182506009862E-003   5.6325613327731705E-003           1           3           0
  -3.4790905969631211E-003  -9.2578112974140876E-003           2          -1          -1
  -9.9248548417165783E-004  -2.6409967138204360E-003           2           3           3
   2.1179756084666996E-003   5.6359079733374886E-003           3           0           1
   2.1167178601868668E-003   5.6325610482534511E-003           3           1           0
  -9.9248482701159903E-004  -2.6409966463954580E-003           3           2           3
  -9.9160084513724126E-004  -2.6386424860641755E-003           3           3           2
  -1.8866049320130872E-003  -5.0202830749355894E-003          -3          -3          -3
  -3.8613283226711171E-003  -1.0274891159657594E-002          -3          -3          -1
   1.6191317653375152E-003   4.3085308255423130E-003          -3          -2           0
  -3.8559030897778578E-003  -1.0260469891707065E-002          -3          -1          -3
   1.6160045263750662E-003   4.3001965549941705E-003          -3           0          -2
   3.4805928077727916E-003   9.2617795457688654E-003          -3           0           0
   1.6191312284140696E-003   4.3085314475727905E-003          -2          -3           0
   3.3752803455224609E-003   8.9815408210475439E-003          -2          -2           1
   1.6165851320533416E-003   4.3017508346409545E-003          -2           0          -3
   3.3697051258855960E-003   8.9667136167923215E-003          -2           1          -2
  -3.8559034818232965E-003  -1.0260471896864964E-002          -1          -3          -3
   8.0393182025465361E-004   2.1392660563343329E-003          -1           2           2
   1.6160057914107338E-003   4.3001959851270829E-003           0          -3          -2
   3.4805930473796615E-003   9.2617793655534707E-003           0          -3           0
   1.6165867761159410E-003   4.3017495229193152E-003           0          -2          -3
   3.4736168153026237E-003   9.2432131131889445E-003           0           0          -3
   9.5265386146388561E-004   2.5350226203973755E-003           0           0           3
   1.2959884446490863E-003   3.4485990112831525E-003           0           2           3
   9.4944629304535779E-004   2.5264818747081402E-003           0           3           0
   1.2955597492124203E-003   3.4474576149350370E-003           0           3           2
   3.3697055363669202E-003   8.9667137064629154E-003           1          -2          -2
  -4.9962009093543354E-004  -1.3294931655930694E-003           1           3           3
   8.0393109060645325E-004   2.1392659493028408E-003           2          -1           2
   1.2959880464110821E-003   3.4485985833203818E-003           2           0           3
   8.0254881402440771E-004   2.1355948827575071E-003           2           2          -1
   1.2938678003710426E-003   3.4429482995607290E-003           2           3           0
   9.4944720020928065E-004   2.5264812393784356E-003           3           0           0
   1.2955588616082223E-003   3.4474572923713282E-003           3           0           2
  -4.9961939351441623E-004  -1.3294937721338245E-003           3           1           3
   1.2938672710806685E-003   3.4429483549770858E-003           3           2           0
  -4.9846396572839687E-004  -1.3264237159337530E-003           3           3           1
  -4.6680475539542137E-004  -1.2421568595595270E-003           3           3           3
  -2.5365363392186244E-003  -6.7496889265903897E-003          -4          -2          -2
  -2.5365375253978933E-003  -6.7496894463283047E-003          -2          -4          -2
  -2.5343970490110919E-003  -6.7440042523178451E-003          -2          -2          -4
  -1.6842407619497995E-003  -4.4817434945384127E-003          -2           0           2
  -1.6819067812050049E-003  -4.4755290221974945E-003          -2           2           0
  -1.6842407210176506E-003  -4.4817434116811933E-003           0          -2           2
  -1.6802849883862251E-003  -4.4712158500790078E-003           0           2          -2
  -1.6819066853243489E-003  -4.4755288015129102E-003           2          -2           0
  -1.6802851798069576E-003  -4.4712160040963206E-003           2           0          -2
  -4.1382318609439007E-004  -1.1011823977605598E-003           2           2           4
  -4.1287076306785778E-004  -1.0986460380311093E-003           2           4           2
  -4.1287011448273408E-004  -1.0986459370821030E-003           4           2           2
  -7.4004266136875230E-004  -1.9692736910684162E-003          -4          -3          -2
  -7.3972373287360085E-004  -1.9684208488867849E-003          -4          -2          -3
  -2.1162970301650715E-003  -5.6314123993583733E-003          -4          -2          -1
  -2.1150425300961086E-003  -5.6280778755407766E-003          -4          -1          -2
  -7.4004235831246726E-004  -1.9692744556661476E-003          -3          -4          -2
  -7.4038470141104466E-004  -1.9701835546609560E-003          -3          -2          -4
   1.6823980678657452E-003   4.4768222282573411E-003          -3          -1           1
   1.6807800943000419E-003   4.4725207366716176E-003          -3           1          -1
  -7.3972426159065721E-004  -1.9684212067436627E-003          -2          -4          -3
  -2.1162982068232044E-003  -5.6314120074727886E-003          -2          -4          -1
  -7.4038520607055155E-004  -1.9701833551339677E-003          -2          -3          -4
  -2.1119789493258497E-003  -5.6199262370904340E-003          -2          -1          -4
  -6.6055489953471087E-004  -1.7577429089178128E-003          -2          -1           2
  -1.1033971743244532E-003  -2.9361169935068657E-003          -2           1           2
  -6.5842527679076915E-004  -1.7520688716924791E-003          -2           2          -1
  -1.1029628942911978E-003  -2.9349623301696856E-003          -2           2           1
  -2.1150435027569863E-003  -5.6280787265649834E-003          -1          -4          -2
   1.6823987259137344E-003   4.4768219026658455E-003          -1          -3           1
  -2.1119788720926755E-003  -5.6199268789591320E-003          -1          -2          -4
  -6.6055462006218936E-004  -1.7577430030770507E-003          -1          -2           2
   1.6784463513756878E-003   4.4663069724001549E-003          -1           1          -3
   4.2555301182402847E-004   1.1323991647543483E-003          -1           1           3
  -6.5849261593688277E-004  -1.7522525198780470E-003          -1           2          -2
   4.2424546203530332E-004   1.1289156232925305E-003          -1           3           1
   1.6807803366512715E-003   4.4725210196685360E-003           1          -3          -1
  -1.1033971747577624E-003  -2.9361167018857439E-003           1          -2           2
   1.6784459436232880E-003   4.4663075412313680E-003           1          -1          -3
   4.2555267107177751E-004   1.1323990432631525E-003           1          -1           3
  -1.1007337873108485E-003  -2.9290255393574303E-003           1           2          -2
  -2.4675874482042834E-004  -6.5662705902106463E-004           1           2           4
   4.2397830121363681E-004   1.1282105658979721E-003           1           3          -1
  -2.4576603817395935E-004  -6.5398349326255040E-004           1           4           2
  -6.5842621191783293E-004  -1.7520682386056162E-003           2          -2          -1
  -1.1029625908757119E-003  -2.9349624175505186E-003           2          -2           1
  -6.5849381988341421E-004  -1.7522519229810642E-003           2          -1          -2
  -1.1007334070692542E-003  -2.9290259173967896E-003           2           1          -2
  -2.4675874311086090E-004  -6.5662698071548668E-004           2           1           4
  -9.4641796128157720E-005  -2.5184147180349275E-004           2           3           4
  -2.4553629975114375E-004  -6.5337476893320983E-004           2           4           1
  -9.4600416020185785E-005  -2.5173056592673281E-004           2           4           3
   4.2424547902295131E-004   1.1289151691970959E-003           3          -1           1
   4.2397884635830883E-004   1.1282103746006274E-003           3           1          -1
  -9.4641591507051894E-005  -2.5184129004097311E-004           3           2           4
  -9.4441996580584250E-005  -2.5130690090785057E-004           3           4           2
  -2.4576574694739077E-004  -6.5398375003385611E-004           4           1           2
  -2.4553613534925581E-004  -6.5337493015921037E-004           4           2           1
  -9.4599986453571572E-005  -2.5173024996590098E-004           4           2           3
  -9.4441735080756382E-005  -2.5130675299689603E-004           4           3           2
   8.0520727204358542E-004   2.1426075542860619E-003          -4          -3          -3
  -9.4709308676521565E-004  -2.5201765191524683E-003          -4          -1          -1
   8.0520816587917538E-004   2.1426068646827156E-003          -3          -4          -3
   8.0380758730859295E-004   2.1388849285874771E-003          -3          -3          -4
  -8.0000932965502481E-004  -2.1287794693237065E-003          -3          -3           0
  -7.9863362793519362E-004  -2.1251312125463314E-003          -3           0          -3
   6.5765485895386369E-004   1.7499949646556856E-003          -3           0           1
   6.5772383535980241E-004   1.7501826098333365E-003          -3           1           0
  -9.4709368728204560E-004  -2.5201764583222021E-003          -1          -4          -1
  -9.4389506246444707E-004  -2.5116625910545872E-003          -1          -1          -4
  -2.2801408511114433E-004  -6.0673109220102145E-004          -1           0           3
  -2.2852957409721941E-004  -6.0810689635168707E-004          -1           3           0
  -7.9863289745691441E-004  -2.1251324532931852E-003           0          -3          -3
   6.5765529704210342E-004   1.7499944056695962E-003           0          -3           1
  -2.2801425684991280E-004  -6.0673102280730151E-004           0          -1           3
   6.5559847387366564E-004   1.7445169939822073E-003           0           1          -3
  -2.2814126586385107E-004  -6.0706991261817267E-004           0           3          -1
   8.9943066993697756E-005   2.3933435589020843E-004           0           3           3
   6.5772403914582259E-004   1.7501825887504669E-003           1          -3           0
   6.5559803576775851E-004   1.7445173076545322E-003           1           0          -3
   2.4215846868978397E-005   6.4433295103428223E-005           1           1           4
   2.4835799311388387E-005   6.6082697958321288E-005           1           4           1
  -2.2852892304530672E-004  -6.0810736344875035E-004           3          -1           0
  -2.2814053790296712E-004  -6.0707032818979525E-004           3           0          -1
   8.9942917732206243E-005   2.3933420034831136E-004           3           0           3
   8.9874812103386112E-005   2.3914669326458420E-004           3           3           0
   5.7426644268100860E-005   1.5281233595917411E-004           3           3           4
   5.7215154187757343E-005   1.5225076694401208E-004           3           4           3
   2.4835499205908085E-005   6.6082265216468641E-005           4           1           1
   5.7215066894415849E-005   1.5225111252814823E-004           4           3           3
  -1.2956810542403933E-003  -3.4477891755642213E-003          -4          -3          -1
  -1.2939916998282658E-003  -3.4432938043201800E-003          -4          -1          -3
  -1.2956814846438172E-003  -3.4477893166006772E-003          -3          -4          -1
   1.1040500569348894E-003   2.9378630711656487E-003          -3          -2           1
  -1.2935618599152609E-003  -3.4421519621719641E-003          -3          -1          -4
   1.1018226397556717E-003   2.9319345041355534E-003          -3           1          -2
   1.1040502159048405E-003   2.9378630590451709E-003          -2          -3           1
   1.1013875111274656E-003   2.9307774779596778E-003          -2           1          -3
  -1.2939930439369875E-003  -3.4432942879833793E-003          -1          -4          -3
  -1.2935625882676686E-003  -3.4421521182746839E-003          -1          -3          -4
   3.7729023899352968E-004   1.0039649775605386E-003          -1           2           3
   3.7689080178367087E-004   1.0029011765292867E-003          -1           3           2
   1.1018237287128375E-003   2.9319341298106529E-003           1          -3          -2
   1.1013883599957110E-003   2.9307771386080290E-003           1          -2          -3
  -8.1081732625758554E-005  -2.1575918734083376E-004           1           3           4
  -8.0833578446046125E-005  -2.1509800473504164E-004           1           4           3
   3.7728999026322195E-004   1.0039646820711667E-003           2          -1           3
   3.7597398208396692E-004   1.0004623941296659E-003           2           3          -1
   3.7689041697847167E-004   1.0029010839065302E-003           3          -1           2
  -8.1081435229795866E-005  -2.1575907963866629E-004           3           1           4
   3.7597382901895324E-004   1.0004625600620346E-003           3           2          -1
  -8.0401757113123028E-005  -2.1394931128097100E-004           3           4           1
  -8.0833084333514961E-005  -2.1509806913241463E-004           4           1           3
  -8.0401593553067432E-005  -2.1394928897905686E-004           4           3           1
   9.8825370043944681E-004   2.6297120438015065E-003          -4          -4          -3
   9.8737175085979872E-004   2.6273694636703157E-003          -4          -3          -4
   2.2946357379214120E-004   6.1060681788522773E-004          -4          -1           0
   2.2907543897934162E-004   6.0957045780565757E-004          -4           0          -1
   9.8737245427187753E-004   2.6273696425113450E-003          -3          -4          -4
  -1.8005490274016032E-004  -4.7912573901754627E-004          -3           1           1
   2.2946317668992857E-004   6.1060710837717972E-004          -1          -4           0
  -3.7680803352537861E-004  -1.0026790999889317E-003          -1          -1           3
   2.2958648754141335E-004   6.1093674817076804E-004          -1           0          -4
  -3.7590028169622725E-004  -1.0002633122167400E-003          -1           3          -1
   2.2907525492625640E-004   6.0957045348773015E-004           0          -4          -1
   2.2958691735989003E-004   6.1093644025699196E-004           0          -1          -4
   1.0265255232998347E-004   2.7315809934919826E-004           0           1           4
   1.0242135904794733E-004   2.7254178716791419E-004           0           4           1
  -1.8005451365327179E-004  -4.7912556216693600E-004           1          -3           1
   1.0265253101839745E-004   2.7315794107518637E-004           1           0           4
  -1.7995201011600343E-004  -4.7885618683862882E-004           1           1          -3
   1.0221307180707413E-004   2.7198637944601486E-004           1           4           0
  -3.7590008983571100E-004  -1.0002631171064670E-003           3          -1          -1
  -3.2014671241049013E-005  -8.5190987188370142E-005           3           4           4
   1.0242097312369871E-004   2.7254158105487219E-004           4           0           1
   1.0221275909685673E-004   2.7198620188508422E-004           4           1           0
  -3.2014782378011229E-005  -8.5190795200479943E-005           4           3           4
  -3.2173766975677655E-005  -8.5613144875189883E-005           4           4           3
   4.9592441789510547E-004   1.3196263242645973E-003          -4          -4          -2
   4.9477431501462410E-004   1.3165720028922715E-003          -4          -2          -4
  -4.2328079614948591E-004  -1.1263301344451393E-003          -4          -2           0
  -4.2301609719125018E-004  -1.1256324249745416E-003          -4           0          -2
   4.9477472479411775E-004   1.3165720750228358E-003          -2          -4          -4
  -4.2328115372958198E-004  -1.1263296836675713E-003          -2          -4           0
   1.7938570061979569E-004   4.7733284737115509E-004          -2          -2           2
  -4.2171164970256032E-004  -1.1221568750298444E-003          -2           0          -4
   1.7928531252736250E-004   4.7707164804806288E-004          -2           2          -2
  -1.3201706109736147E-004  -3.5129483682105276E-004          -2           2           2
  -4.2301601553288440E-004  -1.1256329756143772E-003           0          -4          -2
  -4.2171107640259092E-004  -1.1221576956581877E-003           0          -2          -4
  -3.5823312159710650E-005  -9.5324792252524107E-005           0           2           4
  -3.5479499995643918E-005  -9.4409111380656566E-005           0           4           2
   1.7928470097268030E-004   4.7707238234581667E-004           2          -2          -2
  -1.3201706032513658E-004  -3.5129492029336245E-004           2          -2           2
  -3.5823268904273075E-005  -9.5324928402352172E-005           2           0           4
  -1.3146843859910515E-004  -3.4982967043936875E-004           2           2          -2
  -3.5570298501503890E-005  -9.4654260364086972E-005           2           4           0
   8.8473116722242702E-005   2.3542392680118426E-004           2           4           4
  -3.5479564471713515E-005  -9.4409159746332370E-005           4           0           2
  -3.5570406406701457E-005  -9.4654367379506257E-005           4           2           0
   8.8473201930761627E-005   2.3542409707352899E-004           4           2           4
   8.8310340135790437E-005   2.3499267571989690E-004           4           4           2
   4.6543008396396032E-004   1.2385030361504133E-003          -4          -4          -4
   3.7640626762171204E-004   1.0016097189197205E-003          -4           0           0
   3.7640606818519688E-004   1.0016100497481711E-003           0          -4           0
   3.7549655112243199E-004   9.9919203190369159E-004           0           0          -4
   6.6858128598472355E-005   1.7791072062952378E-004           0           0           4
   6.6131668057102646E-005   1.7597582182205134E-004           0           4           0
   6.6131790057009636E-005   1.7597548173915847E-004           4           0           0
  -1.9721413601673344E-004  -5.2478339504744356E-004           4           4           4
   4.1105940713349973E-004   1.0938165241068817E-003          -5          -3          -3
  -2.5114130438994218E-005  -6.6831532076669722E-005          -5          -2          -2
  -9.0546031361417827E-005  -2.4094848492098729E-004          -4          -4          -1
  -3.7641107434460751E-004  -1.0016190188569649E-003          -4          -3           0
  -9.0476897955653010E-005  -2.4076097141619625E-004          -4          -1          -4
  -3.7549758626401983E-004  -9.9919195510534938E-004          -4           0          -3
   4.1106028972476288E-004   1.0938164275927013E-003          -3          -5          -3
  -3.7641130214526681E-004  -1.0016187982642005E-003          -3          -4           0
   4.1010984150915866E-004   1.0912912860727350E-003          -3          -3          -5
   1.3232332521004683E-004   3.5211494654103121E-004          -3          -3           1
  -3.7509876816226853E-004  -9.9812957940720640E-004          -3           0          -4
  -5.6563154972768451E-005  -1.5051432332801844E-004          -3           0           2
   1.3177385296208292E-004   3.5064963343336817E-004          -3           1          -3
  -5.6140029463355083E-005  -1.4938587877857628E-004          -3           2           0
  -2.5113863571261597E-005  -6.6832045473202271E-005          -2          -5          -2
  -2.5730463299254720E-005  -6.8474437475855653E-005          -2          -2          -5
  -7.0391122722844417E-005  -1.8731032555815131E-004          -2           0           3
  -7.0153622423786168E-005  -1.8667888741415352E-004          -2           3           0
  -9.0477656835402361E-005  -2.4076081347424255E-004          -1          -4          -4
  -4.6822440990550697E-005  -1.2459212805564934E-004          -1           3           3
  -3.7549803271642727E-004  -9.9919223332473354E-004           0          -4          -3
  -3.7509883896638717E-004  -9.9812994038947175E-004           0          -3          -4
  -5.6562866773101649E-005  -1.5051451071287092E-004           0          -3           2
  -7.0391209197519195E-005  -1.8731017360321144E-004           0          -2           3
  -5.6256176782138500E-005  -1.4969918724403865E-004           0           2          -3
  -6.9797437035515886E-005  -1.8572923787383745E-004           0           3          -2
   1.7111970654048196E-005   4.5536232821811546E-005           0           3           4
   1.7265001607811240E-005   4.5943996246976825E-005           0           4           3
   1.3177481244169050E-004   3.5064919928933956E-004           1          -3          -3
   1.5636921699215632E-004   4.1609361863916916E-004           1           4           4
  -5.6139963055541563E-005  -1.4938558399238601E-004           2          -3           0
  -5.6256632124329597E-005  -1.4969905499178136E-004           2           0          -3
   1.7281137026671950E-004   4.5984609499790893E-004           2           2           5
   1.7274628849037782E-004   4.5967366776813524E-004           2           5           2
  -7.0153546386651544E-005  -1.8667892399563534E-004           3          -2           0
  -4.6822575596638562E-005  -1.2459222381963487E-004           3          -1           3
  -6.9797282648265981E-005  -1.8572933817721964E-004           3           0          -2
   1.7112129352326791E-005   4.5536238828689775E-005           3           0           4
  -4.7135314111256891E-005  -1.2542651189852546E-004           3           3          -1
  -5.7564099889661165E-005  -1.5317893372040372E-004           3           3           5
   1.7427998675371401E-005   4.6375411240423892E-005           3           4           0
  -5.7756905022443225E-005  -1.5369181949649509E-004           3           5           3
   1.7265161167160921E-005   4.5944009954191970E-005           4           0           3
   1.5636928953412536E-004   4.1609391340964678E-004           4           1           4
   1.7428015083117118E-005   4.6375377193374749E-005           4           3           0
   1.5641063367952118E-004   4.1620586675522792E-004           4           4           1
   1.7274645216959418E-004   4.5967389376841037E-004           5           2           2
  -5.7757096764221814E-005  -1.5369159790923695E-004           5           3           3
   2.4469561399212246E-004   6.5112389169596260E-004          -5          -3          -2
   2.4446720888459880E-004   6.5051865565428357E-004          -5          -2          -3
   2.4469621951423793E-004   6.5112334663954094E-004          -3          -5          -2
   2.4347786986962753E-004   6.4788441604826490E-004          -3          -2          -5
   5.6393995727364277E-005   1.5006135172982170E-004          -3          -1           2
   5.6511570819391220E-005   1.5037777831194467E-004          -3           2          -1
   2.4446768030315501E-004   6.5051853541726011E-004          -2          -5          -3
   2.4347778435268325E-004   6.4788466319444602E-004          -2          -3          -5
   1.9174831464958763E-006   5.1019099815924503E-006          -2           1           3
   1.7273308942601658E-006   4.5944538524530886E-006          -2           3           1
   5.6394118830831001E-005   1.5006127366161965E-004          -1          -3           2
   5.6088711501648989E-005   1.4924964110834047E-004          -1           2          -3
   1.9174690000841629E-006   5.1018465907643242E-006           1          -2           3
   2.0125155583218570E-006   5.3560714354597620E-006           1           3          -2
   5.6511403757610944E-005   1.5037813077757687E-004           2          -3          -1
   5.6088335224154922E-005   1.4924989010594293E-004           2          -1          -3
   9.7591701337093362E-005   2.5968725767082108E-004           2           3           5
   9.7393551177890066E-005   2.5916000096874703E-004           2           5           3
   1.7275546382647251E-006   4.5938346833870988E-006           3          -2           1
   2.0128372404695426E-006   5.3558915981064619E-006           3           1          -2
   9.7591703912658178E-005   2.5968733231662434E-004           3           2           5
   9.7362012635862795E-005   2.5907720195659432E-004           3           5           2
   9.7393506298876123E-005   2.5916033297185580E-004           5           2           3
   9.7361995326919522E-005   2.5907740764147995E-004           5           3           2
   9.3708217892252070E-005   2.4935511435791516E-004          -5          -4          -3
   9.3550433965263664E-005   2.4893582412797657E-004          -5          -3          -4
  -1.0218114739206547E-004  -2.7190134132869877E-004          -5          -2          -1
  -1.0197373557404915E-004  -2.7134905375933649E-004          -5          -1          -2
   9.3708514915681767E-005   2.4935526384961738E-004          -4          -5          -3
   9.3509080264949447E-005   2.4882640799394571E-004          -4          -3          -5
   7.0226917480957745E-005   1.8687203595571975E-004          -4          -1           1
   6.9871427766314309E-005   1.8592553772096634E-004          -4           1          -1
   9.3551058121656846E-005   2.4893621443398950E-004          -3          -5          -4
   9.3509278467205785E-005   2.4882659189963012E-004          -3          -4          -5
   8.4615912861191567E-006   2.2516674509862399E-005          -3           1           2
   8.5930249958389648E-006   2.2866772265294069E-005          -3           2           1
  -1.0218124748243880E-004  -2.7190162754858483E-004          -2          -5          -1
  -1.0174151605880677E-004  -2.7073338096433912E-004          -2          -1          -5
  -9.5225147814124161E-006  -2.5340890026754904E-005          -2          -1           3
  -9.0169643559128430E-006  -2.3994324698473594E-005          -2           3          -1
  -1.0197398662319156E-004  -2.7134944030269138E-004          -1          -5          -2
   7.0226908715217441E-005   1.8687214868063422E-004          -1          -4           1
  -1.0174167770739632E-004  -2.7073341699017508E-004          -1          -2          -5
  -9.5226167000969727E-006  -2.5340734748958278E-005          -1          -2           3
   6.9632842787951922E-005   1.8529217857413246E-004          -1           1          -4
  -8.0468296819561066E-005  -2.1412439794789447E-004          -1           1           4
  -8.9533443581463314E-006  -2.3824598848411626E-005          -1           3          -2
  -8.0715542523013034E-005  -2.1478308411043917E-004          -1           4           1
   6.9871520031246495E-005   1.8592559982903771E-004           1          -4          -1
   8.4615925626270919E-006   2.2516760925164281E-005           1          -3           2
   6.9633045563015616E-005   1.8529230201644247E-004           1          -1          -4
  -8.0468348126460184E-005  -2.1412453449310288E-004           1          -1           4
   8.8862690742340168E-006   2.3646245204084224E-005           1           2          -3
   1.4888613586357471E-004   3.9618333318240136E-004           1           2           5
  -8.0811688479129768E-005  -2.1503870386502702E-004           1           4          -1
   1.4900552238987158E-004   3.9650164124526197E-004           1           5           2
   8.5930294961558269E-006   2.2866893796837843E-005           2          -3           1
   8.8862282688724280E-006   2.3646154334033055E-005           2           1          -3
   1.4888620084193692E-004   3.9618339069533821E-004           2           1           5
   1.4903391355448301E-004   3.9657688831784327E-004           2           5           1
  -9.0174088381778798E-006  -2.3993727009774558E-005           3          -2          -1
  -8.9536556829406821E-006  -2.3824279419551357E-005           3          -1          -2
   0.0000000000000000        0.0000000000000000                3           4           5
   0.0000000000000000        0.0000000000000000                3           5           4
  -8.0715594569327897E-005  -2.1478322517217140E-004           4          -1           1
  -8.0811746342344544E-005  -2.1503866091019712E-004           4           1          -1
   0.0000000000000000        0.0000000000000000                4           3           5
   0.0000000000000000        0.0000000000000000                4           5           3
   1.4900570548695641E-004   3.9650159963481392E-004           5           1           2
   1.4903402786769338E-004   3.9657689566700768E-004           5           2           1
   0.0000000000000000        0.0000000000000000                5           3           4
   0.0000000000000000        0.0000000000000000                5           4           3
  -5.7042864027973192E-005  -1.5178856377502873E-004          -5          -4          -4
   7.9984290481533560E-005   2.1283362190354827E-004          -5          -4          -2
   3.5698748946785878E-005   9.4992664513745084E-005          -5          -3          -1
   7.9554668793774651E-005   2.1169296549896575E-004          -5          -2          -4
   3.5789376768145314E-005   9.5236210279719805E-005          -5          -1          -3
  -6.6259756286719980E-005  -1.7631465625160463E-004          -5          -1          -1
  -5.7042937453706602E-005  -1.5178817784148793E-004          -4          -5          -4
   7.9984556406876775E-005   2.1283349765913840E-004          -4          -5          -2
  -5.6832282737411561E-005  -1.5122794930040920E-004          -4          -4          -5
   7.9307252196671727E-005   2.1103439381263262E-004          -4          -2          -5
  -2.0166162896583077E-006  -5.3650817608871438E-006          -4          -2           1
   9.4287395121297335E-006   2.5088974306696982E-005          -4           0           1
  -2.3014257005126296E-006  -6.1258506989830806E-006          -4           1          -2
   9.3651739253906667E-006   2.4920614588101506E-005          -4           1           0
   3.5698817275787237E-005   9.4992263999726242E-005          -3          -5          -1
  -8.3746304545004762E-006  -2.2285001084964466E-005          -3          -2           2
   3.5447056498843467E-005   9.4323183796393345E-005          -3          -1          -5
  -8.6667431909955997E-006  -2.3060672473677471E-005          -3           2          -2
   7.9555323260657669E-005   2.1169321837432301E-004          -2          -5          -4
   7.9307534923712535E-005   2.1103464048228789E-004          -2          -4          -5
  -2.0165857920661969E-006  -5.3650223631196750E-006          -2          -4           1
  -8.3745701799469275E-006  -2.2285038216628566E-005          -2          -3           2
  -2.1119066704521359E-006  -5.6199023297982469E-006          -2           1          -4
  -8.7982634229935076E-006  -2.3411264486943309E-005          -2           2          -3
  -4.1909125365046979E-005  -1.1152199246709007E-004          -2           2           3
  -4.2006119621554358E-005  -1.1178044671575997E-004          -2           3           2
   3.5789150845953220E-005   9.5236003462575015E-005          -1          -5          -3
  -6.6259802379460255E-005  -1.7631501794445681E-004          -1          -5          -1
   3.5446795318464283E-005   9.4323296539010007E-005          -1          -3          -5
  -6.5533996939166268E-005  -1.7438424504232489E-004          -1          -1          -5
  -1.1601710231922634E-005  -3.0872788789781415E-005          -1           0           4
  -1.3277543586207090E-004  -3.5331136013941453E-004          -1           2           4
  -1.1946244169177665E-005  -3.1790631565535444E-005          -1           4           0
  -1.3274100219118115E-004  -3.5321977395270292E-004          -1           4           2
   9.4286699898002745E-006   2.5089155015849142E-005           0          -4           1
  -1.1601701848149234E-005  -3.0872835030466294E-005           0          -1           4
   8.8590734255073677E-006   2.3573597377373709E-005           0           1          -4
  -1.1938059344851004E-005  -3.1768363681861906E-005           0           4          -1
  -2.3008921410482585E-006  -6.1262970078071317E-006           1          -4          -2
   9.3650240024790502E-006   2.4921043280990351E-005           1          -4           0
  -2.1113076579154984E-006  -5.6202723980286952E-006           1          -2          -4
   8.8588967996105472E-006   2.3573847832164483E-005           1           0          -4
   0.0000000000000000        0.0000000000000000                1           1           5
   0.0000000000000000        0.0000000000000000                1           3           5
   0.0000000000000000        0.0000000000000000                1           5           1
   0.0000000000000000        0.0000000000000000                1           5           3
  -8.6667505939456839E-006  -2.3060538689430722E-005           2          -3          -2
  -8.7983771782674391E-006  -2.3411091373314788E-005           2          -2          -3
  -4.1909332966755955E-005  -1.1152198880303865E-004           2          -2           3
  -1.3277543886191362E-004  -3.5331158752581671E-004           2          -1           4
  -4.2022688936807137E-005  -1.1182195948685954E-004           2           3          -2
  -1.3283141979044755E-004  -3.5346183234921625E-004           2           4          -1
   0.0000000000000000        0.0000000000000000                2           4           5
   0.0000000000000000        0.0000000000000000                2           5           4
  -4.2006348095987206E-005  -1.1178054453861893E-004           3          -2           2
   0.0000000000000000        0.0000000000000000                3           1           5
  -4.2022675949734051E-005  -1.1182186398879788E-004           3           2          -2
   0.0000000000000000        0.0000000000000000                3           5           1
  -1.1946077273722062E-005  -3.1790871672957961E-005           4          -1           0
  -1.3274106970388215E-004  -3.5321978312742472E-004           4          -1           2
  -1.1937934775228197E-005  -3.1768397218036829E-005           4           0          -1
  -1.3283151589717050E-004  -3.5346180985583307E-004           4           2          -1
   0.0000000000000000        0.0000000000000000                4           2           5
   0.0000000000000000        0.0000000000000000                4           4           5
   0.0000000000000000        0.0000000000000000                4           5           2
   0.0000000000000000        0.0000000000000000                4           5           4
   0.0000000000000000        0.0000000000000000                5           1           1
   0.0000000000000000        0.0000000000000000                5           1           3
   0.0000000000000000        0.0000000000000000                5           2           4
   0.0000000000000000        0.0000000000000000                5           3           1
   0.0000000000000000        0.0000000000000000                5           4           2
   0.0000000000000000        0.0000000000000000                5           4           4
   4.7107391763548219E-005   1.2535257309262152E-004          -4          -4           0
   4.7418949786421033E-005   1.2618139983171039E-004          -4           0          -4
   4.7418460583329653E-005   1.2618140421702322E-004           0          -4          -4
   0.0000000000000000        0.0000000000000000                0           4           4
   0.0000000000000000        0.0000000000000000                4           0           4
   0.0000000000000000        0.0000000000000000                4           4           0
  -8.8658203712934546E-005  -2.3591807761459170E-004          -5          -5          -3
  -8.8495542357646043E-005  -2.3548657028482273E-004          -5          -3          -5
   8.0561441484173807E-005   2.1437295679569896E-004          -5          -2           0
   8.0656952035958147E-005   2.1462596281041562E-004          -5           0          -2
  -8.8495424070575096E-005  -2.3548652556495779E-004          -3          -5          -5
   0.0000000000000000        0.0000000000000000               -3           2           2
   8.0561436131274206E-005   2.1437297948733946E-004          -2          -5           0
   0.0000000000000000        0.0000000000000000               -2          -2           3
   8.0903919820472266E-005   2.1528373535817250E-004          -2           0          -5
   0.0000000000000000        0.0000000000000000               -2           3          -2
   8.0656843089605231E-005   2.1462576386082464E-004           0          -5          -2
   8.0903950138879800E-005   2.1528355104080498E-004           0          -2          -5
   0.0000000000000000        0.0000000000000000                0           2           5
   0.0000000000000000        0.0000000000000000                0           5           2
   0.0000000000000000        0.0000000000000000                2          -3           2
   0.0000000000000000        0.0000000000000000                2           0           5
   0.0000000000000000        0.0000000000000000                2           2          -3
   0.0000000000000000        0.0000000000000000                2           5           0
   0.0000000000000000        0.0000000000000000                3          -2          -2
   0.0000000000000000        0.0000000000000000                5           0           2
   0.0000000000000000        0.0000000000000000                5           2           0
   3.2406466890054600E-005   8.6233456363703540E-005          -5          -5          -4
   3.2564813223019329E-005   8.6653755564126657E-005          -5          -4          -5
  -1.7094295033738213E-005  -4.5487920708272555E-005          -5          -4          -1
  -1.7256347458696721E-005  -4.5916550315259500E-005          -5          -1          -4
   1.1432911137385712E-005   3.0421372575541019E-005          -5          -1           0
   1.1424767999302665E-005   3.0398710406646693E-005          -5           0          -1
   3.2564636203782563E-005   8.6653829412442385E-005          -4          -5          -5
  -1.7094283639259191E-005  -4.5488049492198807E-005          -4          -5          -1
   4.1631150355763710E-005   1.1077903333986028E-004          -4          -3           1
  -1.7408954074447067E-005  -4.6323160719544102E-005          -4          -1          -5
   4.1646993633770573E-005   1.1081900380838667E-004          -4           1          -3
   0.0000000000000000        0.0000000000000000               -4           1           1
   4.1631118253120060E-005   1.1077912837539857E-004          -3          -4           1
   4.1743730203087567E-005   1.1107733174896644E-004          -3           1          -4
  -1.7256325466082781E-005  -4.5916451552728171E-005          -1          -5          -4
   1.1432814205700503E-005   3.0421487777677745E-005          -1          -5           0
  -1.7409008803125650E-005  -4.6323014960187383E-005          -1          -4          -5
   0.0000000000000000        0.0000000000000000               -1          -1           4
   1.1768512772974042E-005   3.1315301242676130E-005          -1           0          -5
   0.0000000000000000        0.0000000000000000               -1           3           4
   0.0000000000000000        0.0000000000000000               -1           4          -1
   0.0000000000000000        0.0000000000000000               -1           4           3
   1.1424643262454846E-005   3.0398609498767858E-005           0          -5          -1
   1.1768647933223774E-005   3.1315194683537880E-005           0          -1          -5
   0.0000000000000000        0.0000000000000000                0           1           5
   0.0000000000000000        0.0000000000000000                0           5           1
   4.1647026443116065E-005   1.1081895134057127E-004           1          -4          -3
   0.0000000000000000        0.0000000000000000                1          -4           1
   4.1743865739465709E-005   1.1107724084187722E-004           1          -3          -4
   0.0000000000000000        0.0000000000000000                1           0           5
   0.0000000000000000        0.0000000000000000                1           1          -4
   0.0000000000000000        0.0000000000000000                1           4           5
   0.0000000000000000        0.0000000000000000                1           5           0
   0.0000000000000000        0.0000000000000000                1           5           4
   0.0000000000000000        0.0000000000000000                3          -1           4
   0.0000000000000000        0.0000000000000000                3           4          -1
   0.0000000000000000        0.0000000000000000                4          -1          -1
   0.0000000000000000        0.0000000000000000                4          -1           3
   0.0000000000000000        0.0000000000000000                4           1           5
   0.0000000000000000        0.0000000000000000                4           3          -1
   0.0000000000000000        0.0000000000000000                4           5           1
   0.0000000000000000        0.0000000000000000                5           0           1
   0.0000000000000000        0.0000000000000000                5           1           0
   0.0000000000000000        0.0000000000000000                5           1           4
   0.0000000000000000        0.0000000000000000                5           4           1
  -1.7314735855539993E-004  -4.6074365885792558E-004          -6          -3          -3
  -1.5674494619319869E-004  -4.1709719684799592E-004          -5          -5          -2
   1.3299006784834699E-004   3.5388553038809701E-004          -5          -3           0
  -1.5678574819097255E-004  -4.1720510856267288E-004          -5          -2          -5
   1.3307996150949169E-004   3.5412450144055649E-004          -5           0          -3
  -1.7314717012143361E-004  -4.6074338322247519E-004          -3          -6          -3
   1.3299010037620324E-004   3.5388545599861698E-004          -3          -5           0
  -1.7308222366618255E-004  -4.6056953096468354E-004          -3          -3          -6
   0.0000000000000000        0.0000000000000000               -3          -3           2
   1.3304569660239297E-004   3.5403291110773548E-004          -3           0          -5
   0.0000000000000000        0.0000000000000000               -3           0           3
   0.0000000000000000        0.0000000000000000               -3           2          -3
   0.0000000000000000        0.0000000000000000               -3           3           0
  -1.5678554730789759E-004  -4.1720485970233207E-004          -2          -5          -5
   0.0000000000000000        0.0000000000000000               -2           3           3
   1.3307974074407231E-004   3.5412433930451118E-004           0          -5          -3
   1.3304553663014054E-004   3.5403281364673652E-004           0          -3          -5
   0.0000000000000000        0.0000000000000000                0          -3           3
   0.0000000000000000        0.0000000000000000                0           3          -3
   0.0000000000000000        0.0000000000000000                0           3           5
   0.0000000000000000        0.0000000000000000                0           5           3
   0.0000000000000000        0.0000000000000000                2          -3          -3
   0.0000000000000000        0.0000000000000000                3          -3           0
   0.0000000000000000        0.0000000000000000                3          -2           3
   0.0000000000000000        0.0000000000000000                3           0          -3
   0.0000000000000000        0.0000000000000000                3           0           5
   0.0000000000000000        0.0000000000000000                3           3          -2
   0.0000000000000000        0.0000000000000000                3           5           0
   0.0000000000000000        0.0000000000000000                5           0           3
   0.0000000000000000        0.0000000000000000                5           3           0
  -9.7819618788831474E-005  -2.6029844303605414E-004          -6          -4          -3
  -9.7788086223744717E-005  -2.6021504013555840E-004          -6          -3          -4
  -1.4897767773361446E-004  -3.9642697190918260E-004          -6          -3          -2
  -1.4900571598089999E-004  -3.9650103355485708E-004          -6          -2          -3
   1.9755441403245319E-004   5.2568870095667472E-004          -5          -5          -5
   0.0000000000000000        0.0000000000000000               -5           0           0
  -9.7819655306055330E-005  -2.6029817387124597E-004          -4          -6          -3
  -9.7590507285586753E-005  -2.5968865519487340E-004          -4          -3          -6
   0.0000000000000000        0.0000000000000000               -4          -1           2
   0.0000000000000000        0.0000000000000000               -4           2          -1
  -9.7788123380962829E-005  -2.6021473361345551E-004          -3          -6          -4
  -1.4897758213395238E-004  -3.9642692921881936E-004          -3          -6          -2
  -9.7590505769373423E-005  -2.5968860812887852E-004          -3          -4          -6
  -1.4912462827330056E-004  -3.9681736252763459E-004          -3          -2          -6
   0.0000000000000000        0.0000000000000000               -3          -1           3
   0.0000000000000000        0.0000000000000000               -3           1           3
   0.0000000000000000        0.0000000000000000               -3           3          -1
   0.0000000000000000        0.0000000000000000               -3           3           1
  -1.4900547375804024E-004  -3.9650091430396955E-004          -2          -6          -3
  -1.4912457972037559E-004  -3.9681733753637997E-004          -2          -3          -6
   0.0000000000000000        0.0000000000000000               -2           1           4
   0.0000000000000000        0.0000000000000000               -2           4           1
   0.0000000000000000        0.0000000000000000               -1          -4           2
   0.0000000000000000        0.0000000000000000               -1          -3           3
   0.0000000000000000        0.0000000000000000               -1           2          -4
   0.0000000000000000        0.0000000000000000               -1           3          -3
   0.0000000000000000        0.0000000000000000                0          -5           0
   0.0000000000000000        0.0000000000000000                0           0          -5
   0.0000000000000000        0.0000000000000000                0           0           5
   0.0000000000000000        0.0000000000000000                0           5           0
   0.0000000000000000        0.0000000000000000                1          -3           3
   0.0000000000000000        0.0000000000000000                1          -2           4
   0.0000000000000000        0.0000000000000000                1           3          -3
   0.0000000000000000        0.0000000000000000                1           4          -2
   0.0000000000000000        0.0000000000000000                2          -4          -1
   0.0000000000000000        0.0000000000000000                2          -1          -4
   0.0000000000000000        0.0000000000000000                3          -3          -1
   0.0000000000000000        0.0000000000000000                3          -3           1
   0.0000000000000000        0.0000000000000000                3          -1          -3
   0.0000000000000000        0.0000000000000000                3           1          -3
   0.0000000000000000        0.0000000000000000                4          -2           1
   0.0000000000000000        0.0000000000000000                4           1          -2
   0.0000000000000000        0.0000000000000000                5           0           0
   5.7582257131323021E-005   1.5322332179019916E-004          -6          -4          -4
   0.0000000000000000        0.0000000000000000               -6          -2          -2
   5.7581976234293650E-005   1.5322348919391570E-004          -4          -6          -4
   5.7774194128190268E-005   1.5373415662096627E-004          -4          -4          -6
   0.0000000000000000        0.0000000000000000               -4           0           2
   0.0000000000000000        0.0000000000000000               -4           2           0
   0.0000000000000000        0.0000000000000000               -2          -6          -2
   0.0000000000000000        0.0000000000000000               -2          -2          -6
   0.0000000000000000        0.0000000000000000               -2           0           4
   0.0000000000000000        0.0000000000000000               -2           4           0
   0.0000000000000000        0.0000000000000000                0          -4           2
   0.0000000000000000        0.0000000000000000                0          -2           4
   0.0000000000000000        0.0000000000000000                0           2          -4
   0.0000000000000000        0.0000000000000000                0           4          -2
   0.0000000000000000        0.0000000000000000                2          -4           0
   0.0000000000000000        0.0000000000000000                2           0          -4
   0.0000000000000000        0.0000000000000000                4          -2           0
   0.0000000000000000        0.0000000000000000                4           0          -2
   0.0000000000000000        0.0000000000000000               -6          -4          -2
   0.0000000000000000        0.0000000000000000               -6          -2          -4
   0.0000000000000000        0.0000000000000000               -4          -6          -2
   0.0000000000000000        0.0000000000000000               -4          -2          -6
   0.0000000000000000        0.0000000000000000               -4          -2           2
   0.0000000000000000        0.0000000000000000               -4           2          -2
   0.0000000000000000        0.0000000000000000               -2          -6          -4
   0.0000000000000000        0.0000000000000000               -2          -4          -6
   0.0000000000000000        0.0000000000000000               -2          -4           2
   0.0000000000000000        0.0000000000000000               -2           2          -4
   0.0000000000000000        0.0000000000000000                2          -4          -2
   0.0000000000000000        0.0000000000000000                2          -2          -4
   0.0000000000000000        0.0000000000000000               -5          -5          -1
   0.0000000000000000        0.0000000000000000               -5          -4           0
   0.0000000000000000        0.0000000000000000               -5          -1          -5
   0.0000000000000000        0.0000000000000000               -5           0          -4
   0.0000000000000000        0.0000000000000000               -4          -5           0
   0.0000000000000000        0.0000000000000000               -4          -4           1
   0.0000000000000000        0.0000000000000000               -4           0          -5
   0.0000000000000000        0.0000000000000000               -4           1          -4
   0.0000000000000000        0.0000000000000000               -1          -5          -5
   0.0000000000000000        0.0000000000000000                0          -5          -4
   0.0000000000000000        0.0000000000000000                0          -4          -5
   0.0000000000000000        0.0000000000000000                1          -4          -4
