         718          24          24          24
   1.3746377569430578E-006  -2.1340554278739283E-007           0           0           0
 -0.46781270995759394        8.9760246993985424E-002          -1          -1          -1
 -0.10048080132613664        1.9279869184308813E-002          -1           0           0
  -1.3581062887316725E-006   2.2622867954365614E-007           0          -1           0
  -8.6210434604613802E-005   1.6406068444066707E-005           0           0          -1
  -4.0976220492005427E-004   7.7663904448180919E-005           0           0           1
   4.2997861747996958E-007  -9.8671620795484663E-008           0           1           0
 -0.46740774864010137        8.9683417105352395E-002           1           0           0
 -0.10056834712431367        1.9296484102593811E-002           1           1           1
 -0.47026657106309094        9.0232120048299128E-002          -1          -1           0
  -7.4778879150817004E-002   1.4348092767757503E-002          -1           0          -1
  -4.0431162034974111E-004   7.6774035935577262E-005           0          -1          -1
  -6.5114425706908852E-005   1.2328844373949180E-005           0           1           1
 -0.47067559624101624        9.0309861214844356E-002           1           0           1
  -7.4713729593149147E-002   1.4335687063142404E-002           1           1           0
  -3.3202063006066325E-002   6.3704403877400239E-003          -2          -1          -1
  -9.9922679077668428E-002   1.9172214387006819E-002          -1          -2          -1
  -4.2675244917086706E-002   8.1881769336566608E-003          -1          -1          -2
  -9.5865568707347096E-003   1.8393690144698118E-003          -1           0           1
  -3.5138609977790501E-003   6.7423233314090210E-004          -1           1           0
  -8.7880431436625987E-005   1.6669486006604511E-005           0          -1           1
  -2.8924346214474847E-006   5.4651094866643386E-007           0           1          -1
  -9.9836118504753033E-002   1.9155805381760978E-002           1          -1           0
  -4.2654438648175703E-002   8.1842302341761167E-003           1           0          -1
  -9.5201350500327495E-003   1.8268112259395872E-003           1           1           2
  -3.5171601377683732E-003   6.7486796410712270E-004           1           2           1
   3.3156452891168135E-002  -6.3617765938925753E-003           2           1           1
   3.3484589707688188E-002  -6.4249453137492285E-003          -2          -2          -1
   6.1290314086754965E-004  -1.1764514595948212E-004          -2          -1          -2
  -3.9446939340989674E-002   7.5688090715379033E-003          -2          -1           0
  -1.1184019901492571E-002   2.1459003020947451E-003          -2           0          -1
  -9.4455185355244164E-003   1.8123489668344696E-003          -1          -2          -2
  -7.5077749884248243E-002   1.4405415986118575E-002          -1          -2           0
  -4.3043630820989803E-002   8.2589833192141145E-003          -1          -1           1
  -1.0413404141197348E-002   1.9980529834960751E-003          -1           0          -2
  -2.3630666951402566E-003   4.5342149659741008E-004          -1           1          -1
   7.5355855377586651E-004  -1.4460763906569182E-004          -1           1           1
  -6.4973333506294890E-005   1.2339736457442037E-005           0          -2          -1
  -3.4045960955738231E-005   6.4703549063698125E-006           0          -1          -2
  -5.0204526042838351E-007   9.5058051092761559E-008           0           1           2
  -2.0382293511933307E-006   3.8307682736470612E-007           0           2           1
  -9.5113398509085508E-003   1.8248543002991914E-003           1          -1          -1
  -7.5142647424400230E-002   1.4417751880558691E-002           1          -1           1
  -4.3064036512430390E-002   8.2628719268103105E-003           1           0           2
  -1.0402793757108378E-002   1.9960286935447281E-003           1           1          -1
  -2.3609385192170100E-003   4.5300637618623125E-004           1           2           0
   7.7222977003032123E-004  -1.4813516187856728E-004           1           2           2
  -3.3529959697054502E-002   6.4335755866020659E-003           2           0           1
  -6.1232796855931334E-004   1.1752910419522345E-004           2           1           0
   3.9481009793117867E-002  -7.5752728272724728E-003           2           1           2
   1.1175317273821645E-002  -2.1442495944330362E-003           2           2           1
   3.9271666208493851E-002  -7.5351950938749562E-003          -2          -2          -2
  -1.5941828576228032E-002   3.0588241280513290E-003          -2           0           0
  -4.5539807501247152E-007   7.3968125143661110E-008           0          -2           0
  -1.3839030015497052E-005   2.6301803464771433E-006           0           0          -2
  -3.4240759655139267E-005   6.4839342558850149E-006           0           0           2
   1.1867372900539233E-007  -3.0649571381725349E-008           0           2           0
  -3.9237459587005377E-002   7.5287085155060964E-003           2           0           0
   1.5955503873335736E-002  -3.0614304507298388E-003           2           2           2
  -6.0915781818088137E-004   1.1684522564135542E-004          -2          -2           0
  -2.6863359252445656E-003   5.1542827455281653E-004          -2           0          -2
  -5.5941599785143868E-007   1.1116189054621728E-007           0          -2          -2
   2.3202178610666862E-006  -4.3851437416621964E-007           0           2           2
   6.0963794931930514E-004  -1.1692765959024829E-004           2           0           2
   2.6839347043233247E-003  -5.1497813332666658E-004           2           2           0
   8.2885144454950248E-003  -1.5903334815935036E-003          -3          -2          -2
   4.1748134859513689E-003  -8.0104717968616378E-004          -3          -1          -1
   1.5880369398991793E-002  -3.0470013798693054E-003          -2          -3          -2
   8.6499945628524030E-003  -1.6597031743282387E-003          -2          -2          -3
  -7.4937592598330821E-003   1.4378520722550046E-003          -2           0           1
  -2.7448349351680040E-003   5.2666383562647559E-004          -2           1           0
  -3.4770483944707000E-003   6.6712628459851997E-004          -1          -3          -1
  -3.2991425688260563E-003   6.3302507761625907E-004          -1          -1          -3
  -3.7679414025725152E-004   7.2279584552022147E-005          -1           0           2
  -1.1020774194501906E-003   2.1145796980094215E-004          -1           2           0
  -3.2190231078146349E-006   6.1797851877178069E-007           0          -2           1
  -1.3804359453750750E-005   2.6179267447414295E-006           0          -1           2
  -2.4133100715794040E-006   4.5965654666909329E-007           0           1          -2
  -8.9341014946750317E-007   1.6968520108978932E-007           0           2          -1
  -3.4742307330892334E-003   6.6660680266648366E-004           1          -2           0
  -3.3092811190582306E-003   6.3494827665922014E-004           1           0          -2
  -3.6202462375595391E-004   6.9492100317144882E-005           1           1           3
  -1.1031493493773466E-003   2.1166532817016570E-004           1           3           1
  -1.5866402359163988E-002   3.0443567989403160E-003           2          -1           0
  -8.6430601316091569E-003   1.6583830491862205E-003           2           0          -1
   7.4944987883670371E-003  -1.4379993338790610E-003           2           2           3
   2.7471970324653462E-003  -5.2711372620152476E-004           2           3           2
   8.2805056613216976E-003  -1.5888173559780957E-003           3           1           1
   4.1841494762982386E-003  -8.0282820100163201E-004           3           2           2
   8.3315780351477207E-003  -1.5986133915438284E-003          -3          -2          -1
   7.8887861412877563E-004  -1.5136855893287210E-004          -3          -1          -2
   1.1249300942848746E-002  -2.1584545690327330E-003          -2          -3          -1
  -2.4669953321435057E-004   4.7328936751475866E-005          -2          -1          -3
  -8.7452981672340585E-003   1.6779908624793977E-003          -2          -1           1
   3.6984247581979351E-004  -7.0960668812564397E-005          -2           1          -1
   7.4906519622298863E-004  -1.4372030562411584E-004          -1          -3          -2
  -3.9835944277664189E-004   7.6442265728281377E-005          -1          -2          -3
  -1.0517506254140715E-002   2.0180371164858616E-003          -1          -2           1
   2.4670680602918569E-004  -4.7332746750500960E-005          -1           1          -2
   1.0383061321582699E-003  -1.9922328371728399E-004          -1           1           2
  -1.2291735763955952E-004   2.3583427000322580E-005          -1           2           1
   7.3012371072587946E-004  -1.4011406162327375E-004           1          -2          -1
  -4.1311742765534805E-004   7.9247313167754189E-005           1          -1          -2
  -1.0527634239967580E-002   2.0199572704509227E-003           1          -1           2
   2.4640036846974172E-004  -4.7276581346656164E-005           1           2          -1
   1.0387786593206816E-003  -1.9931042510768645E-004           1           2           3
  -1.2351160153157407E-004   2.3699424047759591E-005           1           3           2
  -1.1257471601241813E-002   2.1600075066448162E-003           2          -1           1
   2.4838520146007643E-004  -4.7651377330845539E-005           2           1          -1
   8.7520983328433690E-003  -1.6792831333543945E-003           2           1           3
  -3.6984520123365359E-004   7.0961093234754078E-005           2           3           1
   8.3393502043249256E-003  -1.6000970512999202E-003           3           1           2
   7.8986128481492955E-004  -1.5155910305602363E-004           3           2           1
   4.1724060055545881E-003  -8.0055813733843028E-004          -3          -3          -2
   4.3375346397392439E-003  -8.3225283809477588E-004          -3          -2          -3
   4.5173868086266821E-003  -8.6677389672509158E-004          -3          -1           0
   2.2879491473663202E-003  -4.3900354357252649E-004          -3           0          -1
   7.4600954449720557E-003  -1.4313912854456786E-003          -2          -3          -3
  -3.5977473657743579E-003   6.9031461846150611E-004          -2           1           1
  -2.3755326089825294E-003   4.5579165254507617E-004          -1          -3           0
  -3.3074971592401202E-003   6.3461104474598013E-004          -1          -1           2
  -1.3019812969753226E-003   2.4982023427275624E-004          -1           0          -3
  -4.2117468237041811E-004   8.0815272951978285E-005          -1           2          -1
  -2.0996028735161725E-006   3.9620977303451251E-007           0          -3          -1
   3.9273426038766538E-006  -7.4308673961349114E-007           0          -1          -3
   3.7829019827873171E-006  -7.1459183944785411E-007           0           1           3
  -3.8015762787940724E-007   7.0854020999891292E-008           0           3           1
  -2.3775210575547128E-003   4.5617760017755321E-004           1          -2           1
  -3.2973518949273540E-003   6.3268927023694098E-004           1           0           3
  -1.3070925725736195E-003   2.5079326510251342E-004           1           1          -2
  -4.2083317004789944E-004   8.0743202235568606E-005           1           3           0
  -7.4593125791678110E-003   1.4312404064312778E-003           2          -1          -1
   3.5986255118345095E-003  -6.9047953274777181E-004           2           3           3
   4.1629955203677273E-003  -7.9877094905707747E-004           3           0           1
   4.3337469614570670E-003  -8.3153340566949254E-004           3           1           0
   4.5213587649612372E-003  -8.6752821064015105E-004           3           2           3
   2.2922409824514089E-003  -4.3981426302355239E-004           3           3           2
   4.5324959088152124E-003  -8.6965794672169499E-004          -3          -3          -3
   8.2408132158716646E-004  -1.5811038091265097E-004          -3          -3          -1
   4.3541920723060516E-003  -8.3545485318763308E-004          -3          -2           0
  -1.5495343961562084E-004   2.9730074356764732E-005          -3          -1          -3
  -5.0330154322381570E-004   9.6567041709120341E-005          -3           0          -2
   2.6960993337158583E-003  -5.1731667931375540E-004          -3           0           0
   2.7084398654812483E-003  -5.1968218389527232E-004          -2          -3           0
   1.9809245663114839E-004  -3.8013696438272066E-005          -2          -2           1
  -1.4399748017653625E-003   2.7629113055856923E-004          -2           0          -3
   7.1570695959643159E-004  -1.3732520880187007E-004          -2           1          -2
   1.0195001612155385E-003  -1.9561885623633099E-004          -1          -3          -3
   9.4047623596391625E-004  -1.8045111835917336E-004          -1           2           2
   2.3480671231686285E-006  -4.4726877545310705E-007           0          -3          -2
  -1.2663727031934770E-007   2.3860708735222971E-008           0          -3           0
   3.7719334077527506E-006  -7.1416034269902930E-007           0          -2          -3
   2.3314017673996280E-006  -4.4317928178887054E-007           0           0          -3
   3.9499771188638970E-006  -7.4939224001125790E-007           0           0           3
  -1.3106178776245592E-007   2.6537522617406573E-008           0           2           3
   1.2472645554921563E-008  -5.5027066871998735E-009           0           3           0
  -6.3326886127268770E-007   1.2141991768672243E-007           0           3           2
   1.0189566607904019E-003  -1.9551004166024828E-004           1          -2          -2
   9.3879319272276781E-004  -1.8013023255948450E-004           1           3           3
  -2.7107146290522191E-003   5.2011355013768183E-004           2          -1           2
  -1.9658526012390439E-004   3.7727494090118923E-005           2           0           3
   1.4403981654584745E-003  -2.7637471041405622E-004           2           2          -1
  -7.1513856229310383E-004   1.3721271280546637E-004           2           3           0
   4.5285928746516893E-003  -8.6891521531141003E-004           3           0           0
   8.2287865439740484E-004  -1.5788710683625333E-004           3           0           2
   4.3579538235384496E-003  -8.3617332047572067E-004           3           1           3
  -1.5487181772373497E-004   2.9711439539854641E-005           3           2           0
  -5.0126724121485517E-004   9.6181924709779851E-005           3           3           1
   2.6984871847034880E-003  -5.1776384386449529E-004           3           3           3
  -7.4550395057312142E-004   1.4304644469509130E-004          -4          -2          -2
   2.7486628292954928E-003  -5.2739133007234477E-004          -2          -4          -2
   2.1924477084580805E-003  -4.2067759570161098E-004          -2          -2          -4
  -2.9478327687116235E-003   5.6560917118923153E-004          -2           0           2
  -1.1448622141398564E-003   2.1967125512469912E-004          -2           2           0
  -2.3786190555972952E-006   4.5360277937711141E-007           0          -2           2
  -9.9523688449197429E-007   1.9225110598547683E-007           0           2          -2
  -2.7462295399758615E-003   5.2692985210908521E-004           2          -2           0
  -2.1956670471995053E-003   4.2128659143115643E-004           2           0          -2
   2.9465780913670221E-003  -5.6537233441478500E-004           2           2           4
   1.1458671918529368E-003  -2.1985842449273431E-004           2           4           2
   7.4998965164809253E-004  -1.4389887342976208E-004           4           2           2
   7.5604181217424240E-004  -1.4506270740463623E-004          -4          -3          -2
   1.5146769459628195E-003  -2.9062440620419085E-004          -4          -2          -3
  -2.0232408268271922E-003   3.8821160819441693E-004          -4          -2          -1
  -1.5016919260497047E-003   2.8813724608204075E-004          -4          -1          -2
   2.2969634279453098E-003  -4.4072274104397640E-004          -3          -4          -2
   2.3631473617166106E-003  -4.5342440707447890E-004          -3          -2          -4
   2.1441649932558652E-003  -4.1141361038585754E-004          -3          -1           1
   1.2629635807529373E-003  -2.4233116774906207E-004          -3           1          -1
   3.6035994315413099E-003  -6.9143306499798158E-004          -2          -4          -3
  -3.5478378595259918E-004   6.8077453560527981E-005          -2          -4          -1
   2.9507973348602032E-003  -5.6618076116565937E-004          -2          -3          -4
   6.2941123002694936E-005  -1.2080969007360793E-005          -2          -1          -4
  -2.2046427254887504E-003   4.2300616654792201E-004          -2          -1           2
  -1.5675662863931950E-003   3.0077708478379062E-004          -2           1           2
  -7.7500918135438011E-005   1.4872383627629569E-005          -2           2          -1
  -1.1970223585550186E-003   2.2967891300495059E-004          -2           2           1
  -1.2507245910547483E-004   2.3997327736430995E-005          -1          -4          -2
   2.2983996576340712E-004  -4.4103032995339989E-005          -1          -3           1
   1.1768636749730815E-004  -2.2586632881590484E-005          -1          -2          -4
  -1.3144783697283146E-003   2.5220715623801244E-004          -1          -2           2
   6.7377333609556676E-005  -1.2927123182552717E-005          -1           1          -3
   8.5364897531903326E-004  -1.6378797133990880E-004          -1           1           3
   1.4475537785375294E-004  -2.7773274025277977E-005          -1           2          -2
   2.2273934008128771E-004  -4.2738870302238381E-005          -1           3           1
  -1.2463649654120308E-004   2.3914785439951751E-005           1          -3          -1
   2.3036591560954427E-004  -4.4202323548490125E-005           1          -2           2
   1.2131558405790976E-004  -2.3273072476046343E-005           1          -1          -3
  -1.3093250381298054E-003   2.5122857904265599E-004           1          -1           3
   6.5255623975383608E-005  -1.2519770131805993E-005           1           2          -2
   8.5028898424817769E-004  -1.6315124903669846E-004           1           2           4
   1.4503574630520018E-004  -2.7829810851139376E-005           1           3          -1
   2.2267973848188647E-004  -4.2725597618343350E-005           1           4           2
  -3.6027522397759798E-003   6.9127109810542540E-004           2          -2          -1
   3.5499340415189902E-004  -6.8114374582023337E-005           2          -2           1
  -2.9520613310887543E-003   5.6641882389124078E-004           2          -1          -2
  -6.5599795637200255E-005   1.2586316512658916E-005           2           1          -2
   2.2014203890862987E-003  -4.2239642696138428E-004           2           1           4
   1.5688127868516931E-003  -3.0101291766516160E-004           2           3           4
   7.7808782207023394E-005  -1.4927899032642416E-005           2           4           1
   1.1981845382498765E-003  -2.2989799406513377E-004           2           4           3
   2.2927149005292176E-003  -4.3991332131989902E-004           3          -1           1
   2.3625946524598830E-003  -4.5331904267467276E-004           3           1          -1
   2.1458391950502642E-003  -4.1172913802140344E-004           3           2           4
   1.2639628449831583E-003  -2.4251771934782662E-004           3           4           2
  -7.5157722444960302E-004   1.4421024391354746E-004           4           1           2
  -1.5119028488016276E-003   2.9009582219103588E-004           4           2           1
   2.0252462204688815E-003  -3.8858834537655471E-004           4           2           3
   1.5031339941564829E-003  -2.8840755083926284E-004           4           3           2
   2.0365612496037705E-003  -3.9075931574918463E-004          -4          -3          -3
  -9.5264504855842888E-004   1.8278917382891051E-004          -4          -1          -1
   2.7090264180298237E-003  -5.1978554019124225E-004          -3          -4          -3
   2.1618883038974830E-003  -4.1480403644580672E-004          -3          -3          -4
  -1.3370131409328078E-004   2.5658768145947102E-005          -3          -3           0
  -8.9756270772746178E-004   1.7221670039554217E-004          -3           0          -3
   3.5991016743789158E-004  -6.9061445492911531E-005          -3           0           1
   6.1550132328043960E-004  -1.1810030010173622E-004          -3           1           0
  -1.1005965329727583E-003   2.1117298656650173E-004          -1          -4          -1
  -5.9184781747780317E-004   1.1355820829323094E-004          -1          -1          -4
   1.2857205184503399E-004  -2.4664486703600626E-005          -1           0           3
  -1.9041840305829540E-004   3.6535848056222003E-005          -1           3           0
  -1.2202698362133075E-007   2.3241378756151881E-008           0          -3          -3
  -1.0192032187348938E-006   1.9666593379765372E-007           0          -3           1
   2.3652543879802088E-006  -4.4941802232099831E-007           0          -1           3
   5.2272717565080198E-007  -1.0043308519814464E-007           0           1          -3
  -1.5359171356047289E-007   2.9441430190804435E-008           0           3          -1
  -7.7480620534798838E-007   1.4705672792339819E-007           0           3           3
  -1.0997504321858399E-003   2.1101585733867837E-004           1          -3           0
  -5.9072093964174222E-004   1.1334326873475023E-004           1           0          -3
   1.2493462674366296E-004  -2.3974214800681376E-005           1           1           4
  -1.9059923473627413E-004   3.6570825489065610E-005           1           4           1
   2.7067122135807542E-003  -5.1934541892597469E-004           3          -1           0
   2.1602491929636008E-003  -4.1449414633570360E-004           3           0          -1
  -1.3386921421634342E-004   2.5686023527550182E-005           3           0           3
  -8.9680812229589696E-004   1.7207252425320771E-004           3           3           0
   3.6125440197845257E-004  -6.9313833851009974E-005           3           3           4
   6.1604364081322457E-004  -1.1820049000917873E-004           3           4           3
  -2.0346075063022656E-003   3.9038673222474438E-004           4           1           1
   9.5246245118618168E-004  -1.8275102935537353E-004           4           3           3
  -1.5018043907215949E-003   2.8815944801188856E-004          -4          -3          -1
  -1.3382565693901568E-005   2.5688282108706884E-006          -4          -1          -3
  -4.8914937099608328E-004   9.3857941382854420E-005          -3          -4          -1
   2.3549735132881774E-003  -4.5185767548802354E-004          -3          -2           1
   6.8838450675064308E-004  -1.3208335336860921E-004          -3          -1          -4
   3.5302027964610375E-004  -6.7737378525432561E-005          -3           1          -2
   1.4311111295855115E-003  -2.7459306552771098E-004          -2          -3           1
  -1.1714044202368829E-004   2.2474977791178776E-005          -2           1          -3
   9.3817298695118888E-004  -1.8001373171435019E-004          -1          -4          -3
   8.4799202217482219E-004  -1.6271258091162078E-004          -1          -3          -4
   7.0418167213572849E-004  -1.3511349041807292E-004          -1           2           3
   4.7110488485766475E-004  -9.0393508246958950E-005          -1           3           2
   9.3983126465302358E-004  -1.8032533284901702E-004           1          -3          -2
   8.5135136206839781E-004  -1.6334661296988674E-004           1          -2          -3
   7.0359154176838638E-004  -1.3500086901195438E-004           1           3           4
   4.7131076668618384E-004  -9.0431034426601925E-005           1           4           3
  -1.4307507696959194E-003   2.7452269321284295E-004           2          -1           3
   1.1786121327630795E-004  -2.2616629388993236E-005           2           3          -1
  -4.9124498917798882E-004   9.4255396050782811E-005           3          -1           2
   2.3555566380676638E-003  -4.5196782401442387E-004           3           1           4
   6.8901607634814447E-004  -1.3220517402855108E-004           3           2          -1
   3.5353104532267977E-004  -6.7830300444203891E-005           3           4           1
   1.5046101297291508E-003  -2.8869208204146488E-004           4           1           3
   1.4589962887844364E-005  -2.7967911545020647E-006           4           3           1
   9.5310311715497394E-004  -1.8287446007016266E-004          -4          -4          -3
   4.1453393620469430E-004  -7.9535663383567076E-005          -4          -3          -4
   8.1248876475398756E-004  -1.5589480919552686E-004          -4          -1           0
   2.6596306606468966E-004  -5.1032084498258409E-005          -4           0          -1
   3.6815285221589638E-004  -7.0634720862175387E-005          -3          -4          -4
  -6.4546100073921647E-004   1.2384665659361121E-004          -3           1           1
  -4.2200380683566203E-004   8.0970030543944631E-005          -1          -4           0
  -5.8582929997472307E-004   1.1240448736291468E-004          -1          -1           3
  -3.7784968924046416E-004   7.2499994879710297E-005          -1           0          -4
  -1.4596279528833765E-004   2.8007421855083948E-005          -1           3          -1
  -3.5890162930356686E-007   6.6849432640049975E-008           0          -4          -1
   7.1152471334594610E-007  -1.3476321112326725E-007           0          -1          -4
  -3.5352295742123275E-007   6.9108449263630521E-008           0           1           4
  -1.2844717328177054E-007   2.3776933567321933E-008           0           4           1
  -4.2239192926333164E-004   8.1048074279904507E-005           1          -3           1
  -5.8697887248854272E-004   1.1262779909664182E-004           1           0           4
  -3.7865613926620632E-004   7.2653620072325311E-005           1           1          -3
  -1.4584238596864399E-004   2.7981709414787855E-005           1           4           0
   3.6682102417868811E-004  -7.0384596223881649E-005           3          -1          -1
  -6.4536590306698346E-004   1.2382821888446826E-004           3           4           4
  -9.5331577064348939E-004   1.8291566442298407E-004           4           0           1
  -4.1418050236187795E-004   7.9470062303851229E-005           4           1           0
  -8.1319521058947518E-004   1.5602879180071831E-004           4           3           4
  -2.6685006190618575E-004   5.1200120581314625E-005           4           4           3
   1.5017592914608716E-003  -2.8814826538503004E-004          -4          -4          -2
   1.0247488299314415E-003  -1.9662012457762591E-004          -4          -2          -4
  -4.0731248016946902E-004   7.8155536068202401E-005          -4          -2           0
  -5.5453398346952962E-004   1.0640065063098507E-004          -4           0          -2
   1.5743488579167447E-003  -3.0207300614830119E-004          -2          -4          -4
  -7.0747458055300469E-004   1.3574762214442712E-004          -2          -4           0
  -7.5529036875986885E-005   1.4486962175005214E-005          -2          -2           2
  -3.7708743954618500E-004   7.2352166105202050E-005          -2           0          -4
   1.9506770862211522E-004  -3.7428021057980482E-005          -2           2          -2
  -1.7708180983111362E-004   3.3978778780211813E-005          -2           2           2
  -6.0437112949275747E-007   1.1469683690992281E-007           0          -4          -2
  -3.5873861502768374E-007   6.8508649014161615E-008           0          -2          -4
  -8.8126431400930378E-007   1.6672080743561699E-007           0           2           4
  -1.6775266869315262E-007   3.2147446093187885E-008           0           4           2
  -1.5731051418165691E-003   3.0183672888108059E-004           2          -2          -2
   7.0813680394152647E-004  -1.3587330082114000E-004           2          -2           2
   7.2848605465154661E-005  -1.3979488169802890E-005           2           0           4
   3.7646006309609758E-004  -7.2231977829877704E-005           2           2          -2
  -1.9490510242346068E-004   3.7396584050797531E-005           2           4           0
   1.7788174522107860E-004  -3.4129923740343147E-005           2           4           4
  -1.5003474382190255E-003   2.8787635474718893E-004           4           0           2
  -1.0238675512718133E-003   1.9645259905944822E-004           4           2           0
   4.0767195241881772E-004  -7.8221139115423861E-005           4           2           4
   5.5436586406702151E-004  -1.0636665362653871E-004           4           4           2
  -8.1382570846419454E-004   1.5615307404248777E-004          -4          -4          -4
   9.3697350367041095E-004  -1.7978238667582156E-004          -4           0           0
  -1.6409198370243900E-008   2.0865307387458881E-009           0          -4           0
   8.2052938463496649E-007  -1.5630516328395499E-007           0           0          -4
   7.0823173739650415E-007  -1.3212174485440655E-007           0           0           4
  -2.4861855117899368E-010  -2.0014704288418915E-009           0           4           0
   8.1311671906095576E-004  -1.5601418824494497E-004           4           0           0
  -9.3778455609927155E-004   1.7993359028608684E-004           4           4           4
   5.9888563212144054E-004  -1.1491061676854362E-004          -5          -3          -3
   2.4624838956565630E-005  -4.7242707594556099E-006          -5          -2          -2
   1.6169159855125448E-005  -3.1034492823125722E-006          -4          -4          -1
  -1.0161375397500282E-003   1.9497359507192978E-004          -4          -3           0
   4.3863973928277757E-004  -8.4162711952394769E-005          -4          -1          -4
  -2.3089412140579182E-004   4.4303069813821173E-005          -4           0          -3
   6.1557296671792554E-004  -1.1811164200689034E-004          -3          -5          -3
  -8.8789587358863902E-004   1.7036758059013556E-004          -3          -4           0
   6.9829363690050727E-006  -1.3372751387175872E-006          -3          -3          -5
   6.9055798077250321E-004  -1.3249738432637232E-004          -3          -3           1
  -2.4584650145279823E-005   4.7169584713066214E-006          -3           0          -4
  -6.6338952597119240E-004   1.2728555147343868E-004          -3           0           2
  -1.1528990870852602E-004   2.2120327790877004E-005          -3           1          -3
  -1.9448916049222430E-004   3.7318055576535952E-005          -3           2           0
   1.1486331104153182E-003  -2.2039164799913358E-004          -2          -5          -2
   6.8546253844913810E-004  -1.3152267554455020E-004          -2          -2          -5
  -5.9314768056394692E-004   1.1380981013014264E-004          -2           0           3
  -2.1953580441475565E-004   4.2124093699231430E-005          -2           3           0
   7.0431668602869682E-004  -1.3514052215524565E-004          -1          -4          -4
   2.0668856701771090E-004  -3.9658625054400794E-005          -1           3           3
  -7.7338255664902863E-007   1.4655757332724051E-007           0          -4          -3
  -8.9011711757633096E-007   1.6834748847190812E-007           0          -3          -4
  -1.0011412254045469E-006   1.9132930440137466E-007           0          -3           2
   5.4010825165753473E-007  -1.0398430502495525E-007           0          -2           3
  -1.7181522427514150E-007   3.2885963841502099E-008           0           2          -3
  -1.9105875751405573E-007   3.7750829690444468E-008           0           3          -2
  -3.7781136741414543E-007   7.1727278988478390E-008           0           3           4
  -9.7406202597397035E-008   1.9006621820297214E-008           0           4           3
   7.0489626021557987E-004  -1.3524917055259642E-004           1          -3          -3
   2.0690021652565029E-004  -3.9698350333024443E-005           1           4           4
  -1.1476376205049850E-003   2.2020195427638239E-004           2          -3           0
  -6.8602251298760487E-004   1.3162863766694928E-004           2           0          -3
   5.9366302367200156E-004  -1.1390900034646768E-004           2           2           5
   2.1972451653787798E-004  -4.2158469817622420E-005           2           5           2
   6.1505001494792063E-004  -1.1801256312382137E-004           3          -2           0
  -8.8869050150949640E-004   1.7051543719454146E-004           3          -1           3
   5.9394684859104117E-006  -1.1404192408375435E-006           3           0          -2
   6.8993536262415274E-004  -1.3238016889740285E-004           3           0           4
  -2.4200994267280333E-005   4.6422851988911832E-006           3           3          -1
  -6.6277616665311179E-004   1.2716932869710383E-004           3           3           5
  -1.1519301419186653E-004   2.2103292169985242E-005           3           4           0
  -1.9465940361065642E-004   3.7349863448173052E-005           3           5           3
  -1.4954433825382342E-005   2.8699041364588674E-006           4           0           3
   1.0170288950095792E-003  -1.9513991593907580E-004           4           1           4
  -4.3826302615721657E-004   8.4091659123503964E-005           4           3           0
   2.3105032037002001E-004  -4.4330619331014002E-005           4           4           1
   5.9939816799823100E-004  -1.1500776175732896E-004           5           2           2
   2.3453329255100053E-005  -4.5014342145135557E-006           5           3           3
   5.9912365666129643E-004  -1.1495658364286459E-004          -5          -3          -2
   5.1124043041275605E-004  -9.8093270491660806E-005          -5          -2          -3
   1.2635381194316061E-003  -2.4243974020078421E-004          -3          -5          -2
   4.8470836456083371E-004  -9.3001201889857520E-005          -3          -2          -5
   1.4179775504090660E-006  -2.7477524690230560E-007          -3          -1           2
   1.1732517163959118E-004  -2.2511834357811054E-005          -3           2          -1
   1.2000049314973575E-003  -2.3024778329674929E-004          -2          -5          -3
   5.9646920854029980E-004  -1.1444537291188461E-004          -2          -3          -5
  -2.5760612808667401E-005   4.9448284526385764E-006          -2           1           3
  -7.6312706897437135E-005   1.4642532492613298E-005          -2           3           1
   6.2084402651047728E-005  -1.1914491496561620E-005          -1          -3           2
   4.1031691750671908E-005  -7.8732394608772854E-006          -1           2          -3
   6.4238125180195708E-005  -1.2324481076065007E-005           1          -2           3
   4.0864411135393864E-005  -7.8403047773704160E-006           1           3          -2
  -1.1988566282297554E-003   2.3002895974174291E-004           2          -3          -1
  -5.9593981001943063E-004   1.1434467658214600E-004           2          -1          -3
   2.6613996722792352E-005  -5.1055663284498606E-006           2           3           5
   7.6444812273483516E-005  -1.4667304900391717E-005           2           5           3
   1.2625637434908314E-003  -2.4225225447852585E-004           3          -2           1
   4.8423962644782663E-004  -9.2912476339533553E-005           3           1          -2
   2.4487900946740367E-006  -4.6934386574287234E-007           3           2           5
   1.1735368439974807E-004  -2.2516241112198725E-005           3           5           2
   5.9860707069705923E-004  -1.1485665509885351E-004           5           2           3
   5.1084228564121919E-004  -9.8016323493966604E-005           5           3           2
   2.1227674065744863E-005  -4.0732480680841880E-006          -5          -4          -3
  -2.2049230192896084E-004   4.2306915458121003E-005          -5          -3          -4
  -5.6142999068791984E-004   1.0772489980592435E-004          -5          -2          -1
  -2.6859074518444673E-004   5.1536626347971294E-005          -5          -1          -2
  -2.6974464101680939E-004   5.1756986522412633E-005          -4          -5          -3
  -5.2107462985195049E-004   9.9981387469929274E-005          -4          -3          -5
   7.9137598780397325E-004  -1.5184499620488572E-004          -4          -1           1
   2.8454872897667717E-004  -5.4598680389834183E-005          -4           1          -1
  -6.4585595800865860E-004   1.2392413460108598E-004          -3          -5          -4
  -6.6151539856301224E-004   1.2692903880801997E-004          -3          -4          -5
  -5.6093480655254699E-004   1.0762902976800780E-004          -3           1           2
  -3.6641369408355414E-004   7.0305963035739708E-005          -3           2           1
   8.1666015037917946E-005  -1.5668102471073883E-005          -2          -5          -1
   2.9082256485404666E-004  -5.5801597671448367E-005          -2          -1          -5
  -6.8529692311347418E-004   1.3148860725173609E-004          -2          -1           3
   0.0000000000000000        0.0000000000000000               -2           3          -1
   2.2386775420940306E-004  -4.2954193879373699E-005          -1          -5          -2
   1.4267388026953693E-004  -2.7376397169046695E-005          -1          -4           1
   2.2837557046970959E-004  -4.3821028998006734E-005          -1          -2          -5
  -3.7775584065613332E-004   7.2479343185244689E-005          -1          -2           3
  -8.1238488619448624E-005   1.5586917417903310E-005          -1           1          -4
   3.0198435552988753E-004  -5.7941298460060445E-005          -1           1           4
   0.0000000000000000        0.0000000000000000               -1           3          -2
   0.0000000000000000        0.0000000000000000               -1           4           1
   2.2390979026434458E-004  -4.2962087529317175E-005           1          -4          -1
   1.4242395385231029E-004  -2.7326534243180723E-005           1          -3           2
   2.2956161011361006E-004  -4.4045214446114277E-005           1          -1          -4
  -3.7696281954510691E-004   7.2330729059825593E-005           1          -1           4
  -8.1810218344820229E-005   1.5697896167073207E-005           1           2          -3
   3.0133536915313749E-004  -5.7819856583696114E-005           1           2           5
   0.0000000000000000        0.0000000000000000                1           4          -1
   0.0000000000000000        0.0000000000000000                1           5           2
  -8.1332173893501188E-005   1.5605947410630146E-005           2          -3           1
  -2.9155143728938783E-004   5.5941013661741523E-005           2           1          -3
   6.8473838742616987E-004  -1.3138455285555221E-004           2           1           5
   0.0000000000000000        0.0000000000000000                2           5           1
  -6.4594816838453454E-004   1.2393803011622853E-004           3          -2          -1
  -6.6213321405381859E-004   1.2704389213858682E-004           3          -1          -2
  -5.6090992358988714E-004   1.0762330839382326E-004           3           4           5
  -3.6658667666393009E-004   7.0337472311312661E-005           3           5           4
   2.6884889483056102E-004  -5.1583718836297030E-005           4          -1           1
   5.2115033363902641E-004  -9.9994365072193252E-005           4           1          -1
  -7.9166215991293397E-004   1.5189776733154033E-004           4           3           5
  -2.8493490178381411E-004   5.4670100663486746E-005           4           5           3
   2.2400741487446847E-005  -4.2983004402401871E-006           5           1           2
  -2.1977948953862234E-004   4.2169739572935529E-005           5           2           1
  -5.6231446483370534E-004   1.0789176612525072E-004           5           3           4
  -2.6932769857533487E-004   5.1675397782740282E-005           5           4           3
  -5.6442249677365105E-004   1.0829761043105471E-004          -5          -4          -4
   5.0825307906492731E-004  -9.7521796588172978E-005          -5          -4          -2
  -2.1955287183311143E-004   4.2126282187535759E-005          -5          -3          -1
   7.5603959627496933E-005  -1.4506458208807670E-005          -5          -2          -4
   7.7241279631333037E-005  -1.4820102517587346E-005          -5          -1          -3
  -3.3632011562526547E-004   6.4532241764107674E-005          -5          -1          -1
  -9.4006014890470643E-004   1.8037275257243426E-004          -4          -5          -4
   5.5113727642763831E-004  -1.0575045415561406E-004          -4          -5          -2
  -7.9323385033607408E-004   1.5220040706001486E-004          -4          -4          -5
  -6.0214951464844083E-005   1.1554262396946566E-005          -4          -2          -5
   5.2234793906080334E-004  -1.0022373121635565E-004          -4          -2           1
   3.8382116322943876E-004  -7.3646341015871770E-005          -4           0           1
   0.0000000000000000        0.0000000000000000               -4           1          -2
   0.0000000000000000        0.0000000000000000               -4           1           0
   3.5510197714285564E-004  -6.8134659822037443E-005          -3          -5          -1
   4.8055268775791299E-004  -9.2206672016845415E-005          -3          -2           2
   2.9105637516665023E-004  -5.5845765034156228E-005          -3          -1          -5
   0.0000000000000000        0.0000000000000000               -3           2          -2
   1.7890801558823280E-004  -3.4326818398517035E-005          -2          -5          -4
   2.8480583362349548E-005  -5.4631071686641772E-006          -2          -4          -5
   1.1784037841234876E-004  -2.2609803796610299E-005          -2          -4           1
   3.7259597088586924E-004  -7.1492516828520409E-005          -2          -3           2
   0.0000000000000000        0.0000000000000000               -2           1          -4
   0.0000000000000000        0.0000000000000000               -2           2          -3
   2.1474988512978940E-004  -4.1204368156402147E-005          -2           2           3
   0.0000000000000000        0.0000000000000000               -2           3           2
   4.7200044978741167E-004  -9.0564267728643870E-005          -1          -5          -3
  -1.8928252540593798E-004   3.6319098523579407E-005          -1          -5          -1
   3.0139692221908300E-004  -5.7830524262192015E-005          -1          -3          -5
   4.6906872220842618E-005  -9.0005451000637165E-006          -1          -1          -5
   2.3037621175290164E-004  -4.4200433550641856E-005          -1           0           4
   1.3621900664043872E-004  -2.6136585716074849E-005          -1           2           4
   0.0000000000000000        0.0000000000000000               -1           4           0
   0.0000000000000000        0.0000000000000000               -1           4           2
  -1.7517787180984893E-007   3.3146695529837516E-008           0          -4           1
   8.1442527633293063E-007  -1.5338714719694659E-007           0          -1           4
   0.0000000000000000        0.0000000000000000                0           1          -4
   0.0000000000000000        0.0000000000000000                0           4          -1
   4.7178844870342809E-004  -9.0523436477996582E-005           1          -4          -2
  -1.8913634506375552E-004   3.6290196149526336E-005           1          -4           0
   3.0203849755686634E-004  -5.7952144340815616E-005           1          -2          -4
   4.7541925346950938E-005  -9.1218048575557178E-006           1           0          -4
   2.2920164869808912E-004  -4.3980039231037888E-005           1           1           5
   1.3621995608082890E-004  -2.6137640711669592E-005           1           3           5
   0.0000000000000000        0.0000000000000000                1           5           1
   0.0000000000000000        0.0000000000000000                1           5           3
  -1.7809871574559871E-004   3.4173133006653549E-005           2          -3          -2
  -2.7609449525413610E-005   5.2986100324017362E-006           2          -2          -3
  -1.1712360062786862E-004   2.2472476288807274E-005           2          -2           3
  -3.7323276286319599E-004   7.1613616225208848E-005           2          -1           4
   0.0000000000000000        0.0000000000000000                2           3          -2
   0.0000000000000000        0.0000000000000000                2           4          -1
  -2.1443367995922595E-004   4.1144309943682398E-005           2           4           5
   0.0000000000000000        0.0000000000000000                2           5           4
   3.5458690197846468E-004  -6.8036422393164754E-005           3          -2           2
   4.8101503966655270E-004  -9.2294032376967475E-005           3           1           5
   2.9117797818803323E-004  -5.5869522534729092E-005           3           2          -2
   0.0000000000000000        0.0000000000000000                3           5           1
   9.3923866817385425E-004  -1.8021408766081648E-004           4          -1           0
  -5.5131196550035390E-004   1.0578207915162258E-004           4          -1           2
   7.9293980618845409E-004  -1.5214354689357598E-004           4           0          -1
   6.0404750596560390E-005  -1.1590508111950007E-005           4           2          -1
  -5.2227922576044143E-004   1.0021151626683819E-004           4           2           5
  -3.8406468643164459E-004   7.3691530628799658E-005           4           4           5
   0.0000000000000000        0.0000000000000000                4           5           2
   0.0000000000000000        0.0000000000000000                4           5           4
  -5.6353083502723726E-004   1.0812641120047600E-004           5           1           1
   5.0864732376519075E-004  -9.7595575122361590E-005           5           1           3
  -2.2027149881924456E-004   4.2263851845750742E-005           5           2           4
   7.5770280325707594E-005  -1.4537499449637858E-005           5           3           1
   7.6802018571166510E-005  -1.4736807986187835E-005           5           4           2
  -3.3668899635845795E-004   6.4601279514041023E-005           5           4           4
  -4.3577809535494085E-004   8.3615288230095300E-005          -4          -4           0
   0.0000000000000000        0.0000000000000000               -4           0          -4
  -3.8026738742002426E-007   7.1901473975853382E-008           0          -4          -4
   0.0000000000000000        0.0000000000000000                0           4           4
   4.3615980248355490E-004  -8.3686818115172339E-005           4           0           4
   0.0000000000000000        0.0000000000000000                4           4           0
  -2.7027197899148905E-004   5.1858334254197363E-005          -5          -5          -3
   0.0000000000000000        0.0000000000000000               -5          -3          -5
   0.0000000000000000        0.0000000000000000               -5          -2           0
   0.0000000000000000        0.0000000000000000               -5           0          -2
  -5.6140456370859439E-004   1.0771909378661146E-004          -3          -5          -5
   0.0000000000000000        0.0000000000000000               -3           2           2
  -1.9257244349297662E-004   3.6950999954945287E-005          -2          -5           0
  -2.9264879954482668E-004   5.6149657204653905E-005          -2          -2           3
   0.0000000000000000        0.0000000000000000               -2           0          -5
   0.0000000000000000        0.0000000000000000               -2           3          -2
  -1.6803005430257530E-007   3.2196916604809721E-008           0          -5          -2
   0.0000000000000000        0.0000000000000000                0          -2          -5
   0.0000000000000000        0.0000000000000000                0           2           5
   0.0000000000000000        0.0000000000000000                0           5           2
   1.9274631102480139E-004  -3.6982961263148425E-005           2          -3           2
   2.9192982243694051E-004  -5.6014668219588070E-005           2           0           5
   0.0000000000000000        0.0000000000000000                2           2          -3
   0.0000000000000000        0.0000000000000000                2           5           0
  -5.6141831655397200E-004   1.0771981166576166E-004           3          -2          -2
  -2.6952594329927268E-004   5.1714160574722877E-005           5           0           2
   0.0000000000000000        0.0000000000000000                5           2           0
  -3.3776444996061808E-004   6.4807843498074371E-005          -5          -5          -4
   0.0000000000000000        0.0000000000000000               -5          -4          -5
   7.4047241649381824E-005  -1.4208504311800372E-005          -5          -4          -1
   0.0000000000000000        0.0000000000000000               -5          -1          -4
   0.0000000000000000        0.0000000000000000               -5          -1           0
   0.0000000000000000        0.0000000000000000               -5           0          -1
  -3.8560469690102051E-004   7.3986876713381776E-005          -4          -5          -5
   2.2940789836402482E-004  -4.4018201382923329E-005          -4          -5          -1
   6.2927118408384540E-005  -1.2072920765469198E-005          -4          -3           1
   0.0000000000000000        0.0000000000000000               -4          -1          -5
   0.0000000000000000        0.0000000000000000               -4           1          -3
   0.0000000000000000        0.0000000000000000               -4           1           1
  -2.1789968663288664E-005   4.1821508064223620E-006          -3          -4           1
   0.0000000000000000        0.0000000000000000               -3           1          -4
   2.0724674316339848E-004  -3.9765229961109802E-005          -1          -5          -4
  -1.4534402655354687E-004   2.7887420807351661E-005          -1          -5           0
   1.3658397071239855E-004  -2.6207270801463568E-005          -1          -4          -5
   4.8425774804111703E-005  -9.2905896856896206E-006          -1          -1           4
   0.0000000000000000        0.0000000000000000               -1           0          -5
   0.0000000000000000        0.0000000000000000               -1           3           4
   0.0000000000000000        0.0000000000000000               -1           4          -1
   0.0000000000000000        0.0000000000000000               -1           4           3
  -1.2620341616271549E-007   2.3865012329439349E-008           0          -5          -1
   0.0000000000000000        0.0000000000000000                0          -1          -5
   0.0000000000000000        0.0000000000000000                0           1           5
   0.0000000000000000        0.0000000000000000                0           5           1
   2.0701733245481367E-004  -3.9720643511749766E-005           1          -4          -3
  -1.4547333768459166E-004   2.7912688362498167E-005           1          -4           1
   1.3656328548515627E-004  -2.6202055597647658E-005           1          -3          -4
   4.7806664772625696E-005  -9.1737036486142222E-006           1           0           5
   0.0000000000000000        0.0000000000000000                1           1          -4
   0.0000000000000000        0.0000000000000000                1           4           5
   0.0000000000000000        0.0000000000000000                1           5           0
   0.0000000000000000        0.0000000000000000                1           5           4
  -2.2165825536424047E-005   4.2526402489710589E-006           3          -1           4
   0.0000000000000000        0.0000000000000000                3           4          -1
   3.8534462797321968E-004  -7.3936772994608730E-005           4          -1          -1
  -2.2924306974203492E-004   4.3985170400159274E-005           4          -1           3
  -6.2750277080876994E-005   1.2040282972735010E-005           4           1           5
   0.0000000000000000        0.0000000000000000                4           3          -1
   0.0000000000000000        0.0000000000000000                4           5           1
  -3.3738138877351142E-004   6.4733829383743194E-005           5           0           1
   0.0000000000000000        0.0000000000000000                5           1           0
   7.3868603803299736E-005  -1.4173088833607616E-005           5           1           4
   0.0000000000000000        0.0000000000000000                5           4           1
   0.0000000000000000        0.0000000000000000               -6          -3          -3
   7.5674617027238217E-005  -1.4520588103734236E-005          -5          -5          -2
   0.0000000000000000        0.0000000000000000               -5          -3           0
   0.0000000000000000        0.0000000000000000               -5          -2          -5
   0.0000000000000000        0.0000000000000000               -5           0          -3
  -1.9545635263128227E-004   3.7502687041806619E-005          -3          -6          -3
  -1.1351571625976198E-004   2.1781494177349558E-005          -3          -5           0
   0.0000000000000000        0.0000000000000000               -3          -3          -6
   2.9059083672047429E-004  -5.5756463840360644E-005          -3          -3           2
   0.0000000000000000        0.0000000000000000               -3           0          -5
   0.0000000000000000        0.0000000000000000               -3           0           3
   0.0000000000000000        0.0000000000000000               -3           2          -3
   0.0000000000000000        0.0000000000000000               -3           3           0
  -2.1397910253428642E-004   4.1057659258944978E-005          -2          -5          -5
   0.0000000000000000        0.0000000000000000               -2           3           3
  -9.8813230468300535E-008   1.8961338526959597E-008           0          -5          -3
   0.0000000000000000        0.0000000000000000                0          -3          -5
  -1.6952747906587920E-007   3.2212235069785525E-008           0          -3           3
   0.0000000000000000        0.0000000000000000                0           3          -3
   0.0000000000000000        0.0000000000000000                0           3           5
   0.0000000000000000        0.0000000000000000                0           5           3
   2.1429950966924945E-004  -4.1117205087446706E-005           2          -3          -3
  -1.9528504260939229E-004   3.7469171614732153E-005           3          -3           0
  -1.1361633778881355E-004   2.1799584075550592E-005           3          -2           3
   0.0000000000000000        0.0000000000000000                3           0          -3
   2.9046937516027591E-004  -5.5733557144238212E-005           3           0           5
   0.0000000000000000        0.0000000000000000                3           3          -2
   0.0000000000000000        0.0000000000000000                3           5           0
   7.6113781311772734E-005  -1.4604575226503560E-005           5           0           3
   0.0000000000000000        0.0000000000000000                5           3           0
   0.0000000000000000        0.0000000000000000               -6          -4          -3
   0.0000000000000000        0.0000000000000000               -6          -3          -4
   0.0000000000000000        0.0000000000000000               -6          -3          -2
   0.0000000000000000        0.0000000000000000               -6          -2          -3
   0.0000000000000000        0.0000000000000000               -5          -5          -5
   0.0000000000000000        0.0000000000000000               -5           0           0
  -2.8545195459075230E-004   5.4770971770297158E-005          -4          -6          -3
   0.0000000000000000        0.0000000000000000               -4          -3          -6
   0.0000000000000000        0.0000000000000000               -4          -1           2
   0.0000000000000000        0.0000000000000000               -4           2          -1
  -3.6695381433699941E-004   7.0409069000738875E-005          -3          -6          -4
   1.1638009610330598E-004  -2.2331110481624917E-005          -3          -6          -2
   0.0000000000000000        0.0000000000000000               -3          -4          -6
   0.0000000000000000        0.0000000000000000               -3          -2          -6
   0.0000000000000000        0.0000000000000000               -3          -1           3
   0.0000000000000000        0.0000000000000000               -3           1           3
   0.0000000000000000        0.0000000000000000               -3           3          -1
   0.0000000000000000        0.0000000000000000               -3           3           1
   7.6301022146542250E-005  -1.4640489879005246E-005          -2          -6          -3
   0.0000000000000000        0.0000000000000000               -2          -3          -6
   0.0000000000000000        0.0000000000000000               -2           1           4
   0.0000000000000000        0.0000000000000000               -2           4           1
   4.0062212450222559E-005  -7.6873096228034087E-006          -1          -4           2
  -8.2124368033197737E-005   1.5756472216416665E-005          -1          -3           3
   0.0000000000000000        0.0000000000000000               -1           2          -4
   0.0000000000000000        0.0000000000000000               -1           3          -3
  -1.1937893316516094E-009  -3.3039734410631575E-010           0          -5           0
   0.0000000000000000        0.0000000000000000                0           0          -5
   0.0000000000000000        0.0000000000000000                0           0           5
   0.0000000000000000        0.0000000000000000                0           5           0
   4.0228248481817975E-005  -7.7189562746411698E-006           1          -3           3
  -8.1560214763637455E-005   1.5649776431910792E-005           1          -2           4
   0.0000000000000000        0.0000000000000000                1           3          -3
   0.0000000000000000        0.0000000000000000                1           4          -2
  -7.6160356725788058E-005   1.4613194126047230E-005           2          -4          -1
   0.0000000000000000        0.0000000000000000                2          -1          -4
  -3.6677168342544108E-004   7.0372755814257775E-005           3          -3          -1
   1.1634660195058099E-004  -2.2324073710858819E-005           3          -3           1
   0.0000000000000000        0.0000000000000000                3          -1          -3
   0.0000000000000000        0.0000000000000000                3           1          -3
   2.8505740282434497E-004  -5.4694327264066204E-005           4          -2           1
   0.0000000000000000        0.0000000000000000                4           1          -2
   0.0000000000000000        0.0000000000000000                5           0           0
   0.0000000000000000        0.0000000000000000               -6          -4          -4
   0.0000000000000000        0.0000000000000000               -6          -2          -2
   0.0000000000000000        0.0000000000000000               -4          -6          -4
   0.0000000000000000        0.0000000000000000               -4          -4          -6
   0.0000000000000000        0.0000000000000000               -4           0           2
   0.0000000000000000        0.0000000000000000               -4           2           0
   2.1960477076055033E-004  -4.2136379621095495E-005          -2          -6          -2
   0.0000000000000000        0.0000000000000000               -2          -2          -6
   0.0000000000000000        0.0000000000000000               -2           0           4
   0.0000000000000000        0.0000000000000000               -2           4           0
  -1.8993351134249985E-007   3.6515910917736057E-008           0          -4           2
   0.0000000000000000        0.0000000000000000                0          -2           4
   0.0000000000000000        0.0000000000000000                0           2          -4
   0.0000000000000000        0.0000000000000000                0           4          -2
  -2.1940941189755887E-004   4.2098761248342062E-005           2          -4           0
   0.0000000000000000        0.0000000000000000                2           0          -4
   0.0000000000000000        0.0000000000000000                4          -2           0
   0.0000000000000000        0.0000000000000000                4           0          -2
   0.0000000000000000        0.0000000000000000               -6          -4          -2
   0.0000000000000000        0.0000000000000000               -6          -2          -4
   0.0000000000000000        0.0000000000000000               -4          -6          -2
   0.0000000000000000        0.0000000000000000               -4          -2          -6
   0.0000000000000000        0.0000000000000000               -4          -2           2
   0.0000000000000000        0.0000000000000000               -4           2          -2
   0.0000000000000000        0.0000000000000000               -2          -6          -4
   0.0000000000000000        0.0000000000000000               -2          -4          -6
   0.0000000000000000        0.0000000000000000               -2          -4           2
   0.0000000000000000        0.0000000000000000               -2           2          -4
   0.0000000000000000        0.0000000000000000                2          -4          -2
   0.0000000000000000        0.0000000000000000                2          -2          -4
   0.0000000000000000        0.0000000000000000               -5          -5          -1
   0.0000000000000000        0.0000000000000000               -5          -4           0
   0.0000000000000000        0.0000000000000000               -5          -1          -5
   0.0000000000000000        0.0000000000000000               -5           0          -4
   0.0000000000000000        0.0000000000000000               -4          -5           0
   0.0000000000000000        0.0000000000000000               -4          -4           1
   0.0000000000000000        0.0000000000000000               -4           0          -5
   0.0000000000000000        0.0000000000000000               -4           1          -4
   0.0000000000000000        0.0000000000000000               -1          -5          -5
   0.0000000000000000        0.0000000000000000                0          -5          -4
   0.0000000000000000        0.0000000000000000                0          -4          -5
   0.0000000000000000        0.0000000000000000                1          -4          -4
