         718          24          24          24
 -0.31991780928356589       0.55831794765595688                0           0           0
   6.9631839346562752E-002 -0.12152077198680244               -1          -1          -1
  -4.1581256270708626E-002   7.2566953637413611E-002          -1           0           0
  0.31870815684525622      -0.55620365903169766                0          -1           0
  -4.1551568690717855E-002   7.2515168452547824E-002           0           0          -1
  -7.0012828254759712E-002  0.12218561828362326                0           0           1
  -1.5339904944624774E-002   2.6771303988034990E-002           0           1           0
  -6.9631778489249549E-002  0.12152078782955919                1           0           0
   4.1581252863229182E-002  -7.2566951474728081E-002           1           1           1
   6.9735913575828687E-002 -0.12170189096434701               -1          -1           0
  -1.3566847321203052E-002   2.3676467345612622E-002          -1           0          -1
   6.9356158758309444E-002 -0.12103929096283543                0          -1          -1
   1.3548254825705080E-002  -2.3644023558793387E-002           0           1           1
  -6.9735879952620553E-002  0.12170192863054866                1           0           1
   1.3566843828526499E-002  -2.3676463524678476E-002           1           1           0
   5.7699033180969861E-003  -1.0069513611631104E-002          -2          -1          -1
  -4.1516301039324480E-002   7.2453804816355147E-002          -1          -2          -1
   5.7662245635261228E-003  -1.0063099364424309E-002          -1          -1          -2
  -5.7977173863229484E-003   1.0118048000189048E-002          -1           0           1
  -4.0866014781365916E-003   7.1318808103501569E-003          -1           1           0
   4.1545910028662293E-002  -7.2505454626817359E-002           0          -1           1
  -4.0871200682496877E-003   7.1327908108588410E-003           0           1          -1
   4.1516297797124117E-002  -7.2453800277573352E-002           1          -1           0
  -5.7662119176440322E-003   1.0063097657274540E-002           1           0          -1
   5.7977193091727939E-003  -1.0118049759152054E-002           1           1           2
   4.0866008168795589E-003  -7.1318818525578616E-003           1           2           1
   5.7698912091730514E-003  -1.0069514912512040E-002           2           1           1
  -5.8180064530792032E-003   1.0153531584838744E-002          -2          -2          -1
   5.7524877069155163E-003  -1.0039106968828244E-002          -2          -1          -2
  -3.7149467192813634E-003   6.4833146089952245E-003          -2          -1           0
  -4.9691334480039097E-003   8.6720528947542685E-003          -2           0          -1
  -5.7902453054862945E-003   1.0105112261110090E-002          -1          -2          -2
  -1.3604884310706930E-002   2.3743273973852726E-002          -1          -2           0
   5.8217668896747548E-003  -1.0160090740668560E-002          -1          -1           1
  -4.9637610154458370E-003   8.6626776650803022E-003          -1           0          -2
  -4.8664361460512232E-003   8.4928099669682004E-003          -1           1          -1
   4.9693033584195610E-003  -8.6723517277398302E-003          -1           1           1
  -1.3623267643190733E-002   2.3775359125080064E-002           0          -2          -1
  -3.7304209269431654E-003   6.5102990787476046E-003           0          -1          -2
   5.7590766420084691E-003  -1.0050604577799013E-002           0           1           2
   4.8666307515581493E-003  -8.4931488661035056E-003           0           2           1
   5.7902456910911828E-003  -1.0105113545514452E-002           1          -1          -1
   1.3604881357411213E-002  -2.3743275650413294E-002           1          -1           1
  -5.8217564852880051E-003   1.0160092515351500E-002           1           0           2
   4.9637623228407654E-003  -8.6626776801318472E-003           1           1          -1
   4.8664345143982759E-003  -8.4928098420834139E-003           1           2           0
  -4.9693021784437651E-003   8.6723516949923814E-003           1           2           2
  -5.8179954945103678E-003   1.0153534970331154E-002           2           0           1
   5.7524832487459892E-003  -1.0039106485540111E-002           2           1           0
  -3.7149520998427115E-003   6.4833116811741053E-003           2           1           2
  -4.9691341543716301E-003   8.6720521592179578E-003           2           2           1
   3.7032436896521567E-003  -6.4628278921101080E-003          -2          -2          -2
  -7.0859048140512575E-003   1.2366194589430843E-002          -2           0           0
   1.5256713850746281E-002  -2.6625510577123958E-002           0          -2           0
  -7.0812593213444193E-003   1.2358090496806246E-002           0           0          -2
   3.6876313669521096E-003  -6.4355906008615625E-003           0           0           2
   5.8209308168412268E-003  -1.0158587140263551E-002           0           2           0
   3.7032536280937763E-003  -6.4628278301841757E-003           2           0           0
  -7.0859044222654358E-003   1.2366194360644093E-002           2           2           2
  -5.7997968802392273E-003   1.0121779349684203E-002          -2          -2           0
  -1.3897593606708248E-003   2.4254075786625307E-003          -2           0          -2
  -5.7931076280274517E-003   1.0110116718328151E-002           0          -2          -2
  -1.3943116003480686E-003   2.4333538326089046E-003           0           2           2
  -5.7997920124435382E-003   1.0121780347757419E-002           2           0           2
  -1.3897608618713519E-003   2.4254074128670961E-003           2           2           0
   3.7257545422631449E-003  -6.5021481697130814E-003          -3          -2          -2
   1.7228742103593514E-003  -3.0067109521000916E-003          -3          -1          -1
   7.0999161724285536E-003  -1.2390713296129752E-002          -2          -3          -2
   3.7229016350404055E-003  -6.4971704992857759E-003          -2          -2          -3
  -1.7246762775418257E-003   3.0098557378479543E-003          -2           0           1
  -1.1082148845362517E-003   1.9340265776911884E-003          -2           1           0
  -4.0995000595372300E-003   7.1543945020214146E-003          -1          -3          -1
   1.7248898811189331E-003  -3.0102316666080157E-003          -1          -1          -3
   3.7269699068140328E-003  -6.5042707625925910E-003          -1           0           2
   2.9709242455927937E-003  -5.1848201745725844E-003          -1           2           0
   4.0989919683851583E-003  -7.1535040338527069E-003           0          -2           1
   7.1045707759975502E-003  -1.2398833694972118E-002           0          -1           2
  -1.1103453240596181E-003   1.9377480829535685E-003           0           1          -2
   2.9672944286651525E-003  -5.1784840499807918E-003           0           2          -1
   4.0994991381976204E-003  -7.1543943370424058E-003           1          -2           0
  -1.7248892669851053E-003   3.0102314248919419E-003           1           0          -2
  -3.7269687336075148E-003   6.5042707169536895E-003           1           1           3
  -2.9709248957623261E-003   5.1848204169416363E-003           1           3           1
   7.0999167588368071E-003  -1.2390712802076560E-002           2          -1           0
   3.7229054262357419E-003  -6.4971710654879895E-003           2           0          -1
  -1.7246756542147758E-003   3.0098553426141077E-003           2           2           3
  -1.1082137616890235E-003   1.9340263356875549E-003           2           3           2
  -3.7257574991414796E-003   6.5021484264642174E-003           3           1           1
  -1.7228727342141741E-003   3.0067104959725010E-003           3           2           2
   3.7140903997300587E-003  -6.4817743098514874E-003          -3          -2          -1
   3.1683269516323280E-003  -5.5293108586005214E-003          -3          -1          -2
   4.9629570784972404E-003  -8.6613006399355024E-003          -2          -3          -1
   3.1665846639099562E-003  -5.5262718694050125E-003          -2          -1          -3
  -3.7169201837316122E-003   6.4867129285620722E-003          -2          -1           1
  -2.4976224256521729E-003   4.3588127108582569E-003          -2           1          -1
   4.9627573608800601E-003  -8.6609487994923004E-003          -1          -3          -2
   3.7128599731273840E-003  -6.4796228859702936E-003          -1          -2          -3
  -4.9683175234398911E-003   8.6706550936056833E-003          -1          -2           1
  -2.4959865677349506E-003   4.3559584345895554E-003          -1           1          -2
   3.1719762829648165E-003  -5.5356791228242394E-003          -1           1           2
   2.4990005804770587E-003  -4.3612175483225832E-003          -1           2           1
  -4.9627571203064297E-003   8.6609483497130536E-003           1          -2          -1
  -3.7128602186167810E-003   6.4796227354353272E-003           1          -1          -2
   4.9683180120465315E-003  -8.6706561504182999E-003           1          -1           2
   2.4959867835667622E-003  -4.3559584662973654E-003           1           2          -1
  -3.1719755844798513E-003   5.5356791110021328E-003           1           2           3
  -2.4990004201240479E-003   4.3612176902655866E-003           1           3           2
   4.9629578539851522E-003  -8.6613014440703462E-003           2          -1           1
   3.1665840926908976E-003  -5.5262714629684415E-003           2           1          -1
  -3.7169215522332580E-003   6.4867131191758045E-003           2           1           3
  -2.4976227156589636E-003   4.3588128050166082E-003           2           3           1
  -3.7140923548236535E-003   6.4817741653046069E-003           3           1           2
  -3.1683259528368308E-003   5.5293103331889894E-003           3           2           1
   1.7488385713543891E-003  -3.0520735754935753E-003          -3          -3          -2
   9.7101607843255700E-004  -1.6946227688327789E-003          -3          -2          -3
  -1.0941961499155708E-003   1.9095955597135286E-003          -3          -1           0
  -1.1588083479365803E-003   2.0223487476078066E-003          -3           0          -1
   1.7470137585881877E-003  -3.0488925662469184E-003          -2          -3          -3
   1.1600193547264205E-003  -2.0244625112437187E-003          -2           1           1
  -4.8865818054564508E-003   8.5280254304160134E-003          -1          -3           0
   1.7468428756637023E-003  -3.0485895328815210E-003          -1          -1           2
  -1.1536934766164806E-003   2.0134213419239415E-003          -1           0          -3
   1.3332680113306511E-003  -2.3268061642500019E-003          -1           2          -1
  -4.8863605808500592E-003   8.5276434715021911E-003           0          -3          -1
  -1.0888154901176937E-003   1.9002050191198826E-003           0          -1          -3
  -9.7208276928453937E-004   1.6964845138765666E-003           0           1           3
  -1.3356385380274530E-003   2.3309435433544923E-003           0           3           1
   4.8865804659499225E-003  -8.5280260310543528E-003           1          -2           1
  -1.7468415961841783E-003   3.0485894791499237E-003           1           0           3
   1.1536936434944937E-003  -2.0134212909441920E-003           1           1          -2
  -1.3332686089287771E-003   2.3268062593371857E-003           1           3           0
   1.7470138823742053E-003  -3.0488919731053560E-003           2          -1          -1
   1.1600194493602048E-003  -2.0244627559481984E-003           2           3           3
  -1.7488370854581224E-003   3.0520732965629502E-003           3           0           1
  -9.7101722370476816E-004   1.6946224111270185E-003           3           1           0
   1.0941958134731329E-003  -1.9095957371815726E-003           3           2           3
   1.1588087059068099E-003  -2.0223488755522368E-003           3           3           2
  -1.0726315518341594E-003   1.8719231394448812E-003          -3          -3          -3
   3.1790450738265947E-003  -5.5480354751673427E-003          -3          -3          -1
   9.5435298369432619E-004  -1.6655074714893602E-003          -3          -2           0
   1.6380543171058254E-003  -2.8587154149518944E-003          -3          -1          -3
   1.5055905774401829E-004  -2.6274633774827868E-004          -3           0          -2
  -1.6920968229690555E-003   2.9530301544090764E-003          -3           0           0
   1.3767105715767054E-003  -2.4026005631068584E-003          -2          -3           0
  -3.1807869447823892E-003   5.5510747792205635E-003          -2          -2           1
   1.5150315710500093E-004  -2.6439518431952981E-004          -2           0          -3
  -1.4727380112029727E-003   2.5702061075191305E-003          -2           1          -2
   3.1753638903764675E-003  -5.5416158251343391E-003          -1          -3          -3
   1.4984395494545017E-004  -2.6149751161152514E-004          -1           2           2
   1.3721767938527888E-003  -2.3946853735400584E-003           0          -3          -2
  -5.8329172108264344E-003   1.0179554184121326E-002           0          -3           0
   9.5331335037714257E-004  -1.6636920113363434E-003           0          -2          -3
  -1.6861045363923141E-003   2.9425739658387527E-003           0           0          -3
   1.0779776439206207E-003  -1.8812543883874810E-003           0           0           3
  -1.6425894525186279E-003   2.8666306199395435E-003           0           2           3
  -2.0083448296188871E-004   3.5049535388339127E-004           0           3           0
  -1.4761830286305734E-003   2.5762186007328063E-003           0           3           2
  -3.1753642075195562E-003   5.5416157301094397E-003           1          -2          -2
  -1.4984338648779997E-004   2.6149735943862168E-004           1           3           3
   1.3767114899380078E-003  -2.4026007635192387E-003           2          -1           2
  -3.1807846261963013E-003   5.5510746983081592E-003           2           0           3
   1.5150285719844547E-004  -2.6439517421027392E-004           2           2          -1
  -1.4727386966289827E-003   2.5702061495523993E-003           2           3           0
   1.0726317361935474E-003  -1.8719235363540876E-003           3           0           0
  -3.1790431640805524E-003   5.5480353641592459E-003           3           0           2
  -9.5435341855401763E-004   1.6655071589219525E-003           3           1           3
  -1.6380554076313105E-003   2.8587155853776599E-003           3           2           0
  -1.5055823029521461E-004   2.6274612900104304E-004           3           3           1
   1.6920958862456841E-003  -2.9530303070721526E-003           3           3           3
   5.4296112078556960E-004  -9.4757787022353289E-004          -4          -2          -2
   1.1208262115165869E-003  -1.9560648860816260E-003          -2          -4          -2
   5.4043803956090486E-004  -9.4317477573771275E-004          -2          -2          -4
   5.4317178923302275E-004  -9.4794547233951240E-004          -2           0           2
   7.2389383609972307E-004  -1.2633328210980509E-003          -2           2           0
   1.1187060939219663E-003  -1.9523630575402453E-003           0          -2           2
   7.2098977255153620E-004  -1.2582634387939458E-003           0           2          -2
   1.1208251604669045E-003  -1.9560644585625390E-003           2          -2           0
   5.4043818970250681E-004  -9.4317441315476059E-004           2           0          -2
   5.4317174217063447E-004  -9.4794578990586040E-004           2           2           4
   7.2389426863247531E-004  -1.2633328950208656E-003           2           4           2
   5.4296115632587066E-004  -9.4757799145263148E-004           4           2           2
  -5.3251154244539822E-004   9.2932262186168943E-004          -4          -3          -2
  -1.7045944592504071E-004   2.9747690350227503E-004          -4          -2          -3
   8.8488195464465533E-004  -1.5442865429391261E-003          -4          -2          -1
   6.9552043581299228E-004  -1.2138155708179101E-003          -4          -1          -2
  -1.1470276054908611E-003   2.0017658641168124E-003          -3          -4          -2
  -1.7085759991158577E-004   2.9817234764185365E-004          -3          -2          -4
  -8.8557972362757762E-004   1.5455041475815694E-003          -3          -1           1
  -6.1566245075988233E-004   1.0744483954942573E-003          -3           1          -1
  -1.1458225244895869E-003   1.9996622806966445E-003          -2          -4          -3
   2.5018317253554328E-003  -4.3661676884201202E-003          -2          -4          -1
  -5.3230980654773378E-004   9.2897075328832266E-004          -2          -3          -4
   6.9318710723084991E-004  -1.2097444049833860E-003          -2          -1          -4
  -5.3502348625039436E-004   9.3370697318660115E-004          -2          -1           2
   6.9698492677873220E-004  -1.2163714218293704E-003          -2           1           2
   2.2867357694699965E-004  -3.9907846454969865E-004          -2           2          -1
   6.1647255896130548E-004  -1.0758622006920263E-003          -2           2           1
   2.5004451338440834E-003  -4.3637489791106265E-003          -1          -4          -2
  -2.5034697510501781E-003   4.3690258010246385E-003          -1          -3           1
   8.8161591908326011E-004  -1.5385900269512520E-003          -1          -2          -4
  -1.1521348260978685E-003   2.0106797882257447E-003          -1          -2           2
  -6.1346676789758125E-004   1.0706157266658612E-003          -1           1          -3
   1.7134609817995577E-004  -2.9902405521513048E-004          -1           1           3
   2.2801592591774350E-004  -3.9793045747527078E-004          -1           2          -2
  -2.2922351854597986E-004   4.0003850438474851E-004          -1           3           1
  -2.5004453334130520E-003   4.3637491718049263E-003           1          -3          -1
   2.5034693395272478E-003  -4.3690260062778513E-003           1          -2           2
  -8.8161600427154123E-004   1.5385898605881246E-003           1          -1          -3
   1.1521349771689724E-003  -2.0106799607253669E-003           1          -1           3
   6.1346684345095145E-004  -1.0706157105853976E-003           1           2          -2
  -1.7134581563793861E-004   2.9902392572927019E-004           1           2           4
  -2.2801596308353052E-004   3.9793051363140608E-004           1           3          -1
   2.2922363381985031E-004  -4.0003848484657849E-004           1           4           2
  -1.1458227754047019E-003   1.9996626306249864E-003           2          -2          -1
   2.5018316392110352E-003  -4.3661680564449834E-003           2          -2           1
  -5.3231000015991356E-004   9.2897111018746831E-004           2          -1          -2
   6.9318736026846648E-004  -1.2097443184741707E-003           2           1          -2
  -5.3502331061874658E-004   9.3370682997387616E-004           2           1           4
   6.9698438930576091E-004  -1.2163715772840582E-003           2           3           4
   2.2867371579219650E-004  -3.9907851435242825E-004           2           4           1
   6.1647282401130403E-004  -1.0758625183748599E-003           2           4           3
   1.1470280140988861E-003  -2.0017662532335633E-003           3          -1           1
   1.7085724019252636E-004  -2.9817252174874553E-004           3           1          -1
   8.8557799724115697E-004  -1.5455039056069333E-003           3           2           4
   6.1566282365853374E-004  -1.0744486278012025E-003           3           4           2
  -5.3251152385838153E-004   9.2932255919575774E-004           4           1           2
  -1.7045879816426267E-004   2.9747680924130545E-004           4           2           1
   8.8488028006469105E-004  -1.5442861453990192E-003           4           2           3
   6.9552011859881321E-004  -1.2138156050879104E-003           4           3           2
  -8.7963936125890656E-004   1.5351299545008010E-003          -4          -3          -3
   5.2037867736094842E-004  -9.0815697359052886E-004          -4          -1          -1
  -1.6841416427454735E-003   2.9391354378916364E-003          -3          -4          -3
  -8.7894116150800082E-004   1.5339124633117157E-003          -3          -3          -4
   1.6379394852723693E-003  -2.8585055477389973E-003          -3          -3           0
   2.9505486543746691E-004  -5.1492570240750971E-004          -3           0          -3
  -5.2099636712756091E-004   9.0923490528399087E-004          -3           0           1
  -3.2993281831415430E-004   5.7579484246718837E-004          -3           1           0
   2.9682552229095688E-003  -5.1801578359660675E-003          -1          -4          -1
   5.1892867946991153E-004  -9.0562746315863492E-004          -1          -1          -4
   8.8289338413749465E-004  -1.5408086063231495E-003          -1           0           3
   1.4478813540864298E-004  -2.5268311966727979E-004          -1           3           0
   1.6334043044603677E-003  -2.8505913871071402E-003           0          -3          -3
  -2.9718875468351027E-003   5.1864971801407200E-003           0          -3           1
   1.6901261708575472E-003  -2.9495796278979172E-003           0          -1           3
  -3.2892118186038350E-004   5.7402975148336717E-004           0           1          -3
   1.4458650836056961E-004  -2.5233077907502839E-004           0           3          -1
  -2.9600180614428219E-004   5.1657782213814917E-004           0           3           3
  -2.9682558041730957E-003   5.1801581087259334E-003           1          -3           0
  -5.1892864644882436E-004   9.0562739746452841E-004           1           0          -3
  -8.8289292358463469E-004   1.5408085003271621E-003           1           1           4
  -1.4478846462955691E-004   2.5268321787377818E-004           1           4           1
   1.6841416165755308E-003  -2.9391356296996790E-003           3          -1           0
   8.7894058670110365E-004  -1.5339122320011602E-003           3           0          -1
  -1.6379392376652193E-003   2.8585057672120624E-003           3           0           3
  -2.9505464926858139E-004   5.1492554690191282E-004           3           3           0
   5.2099607352333100E-004  -9.0923507988188354E-004           3           3           4
   3.2993279613280488E-004  -5.7579502229675628E-004           3           4           3
  -8.7963831354451877E-004   1.5351295453894004E-003           4           1           1
   5.2037834690941889E-004  -9.0815710924955530E-004           4           3           3
   1.7732148419431299E-004  -3.0946434359791278E-004          -4          -3          -1
   2.8023493510196903E-004  -4.8906495645142261E-004          -4          -1          -3
   1.5640640034089644E-004  -2.7296394813159015E-004          -3          -4          -1
  -1.7692541229573066E-004   3.0877285963496712E-004          -3          -2           1
   2.7937827185508005E-004  -4.8756946555193157E-004          -3          -1          -4
  -3.2802563599275316E-004   5.7246697990818508E-004          -3           1          -2
  -1.5546310155753113E-004   2.7131731022467980E-004          -2          -3           1
  -3.2716818224680594E-004   5.7097004118571279E-004          -2           1          -3
   1.5710872226770191E-004  -2.7419184104824658E-004          -1          -4          -3
   1.7641995942061550E-004  -3.0789292005239076E-004          -1          -3          -4
  -2.8154325638540985E-004   4.9134838748820272E-004          -1           2           3
  -3.2928818292432744E-004   5.7467063815975106E-004          -1           3           2
  -1.5710844343570107E-004   2.7419161175059898E-004           1          -3          -2
  -1.7641995193056582E-004   3.0789267113727785E-004           1          -2          -3
   2.8154347929666923E-004  -4.9134854272362392E-004           1           3           4
   3.2928839650791489E-004  -5.7467072173967378E-004           1           4           3
  -1.5546222274607016E-004   2.7131705593863928E-004           2          -1           3
  -3.2716841508161477E-004   5.7097008662064942E-004           2           3          -1
  -1.5640525994120547E-004   2.7296362692719438E-004           3          -1           2
   1.7692463982019131E-004  -3.0877281060216261E-004           3           1           4
  -2.7937822099287406E-004   4.8756925648627106E-004           3           2          -1
   3.2802605202077986E-004  -5.7246709938840203E-004           3           4           1
   1.7732067886518782E-004  -3.0946426487760506E-004           4           1           3
   2.8023505002558420E-004  -4.8906493814711966E-004           4           3           1
  -5.2127646412576125E-004   9.0972483147759684E-004          -4          -4          -3
  -2.6857607442898562E-004   4.6871634979351044E-004          -4          -3          -4
   1.0138918324901989E-005  -1.7691738963086482E-005          -4          -1           0
  -9.9592076484570662E-005   1.7380789802569951E-004          -4           0          -1
  -5.2065544575431743E-004   9.0864222269865344E-004          -3          -4          -4
   9.9692467744068894E-005  -1.7398320174829955E-004          -3           1           1
   1.3336185140187004E-003  -2.3274091880965686E-003          -1          -4           0
   5.2272659088286027E-004  -9.1225550521857363E-004          -1          -1           3
  -9.8608058044908739E-005   1.7208938997656604E-004          -1           0          -4
   1.1543241747686948E-004  -2.0145081592127514E-004          -1           3          -1
   1.3312497419066811E-003  -2.3232743611535872E-003           0          -4          -1
   1.0688173848350842E-005  -1.8651512841096427E-005           0          -1          -4
  -2.7022368399632973E-004   4.7159178409233348E-004           0           1           4
  -1.1588144759425025E-004   2.0223460025025716E-004           0           4           1
  -1.3336188160275007E-003   2.3274092651206727E-003           1          -3           1
  -5.2272603856166368E-004   9.1225544064928968E-004           1           0           4
   9.8608089842859730E-005  -1.7208941336296148E-004           1           1          -3
  -1.1543254674810822E-004   2.0145084665014115E-004           1           4           0
   5.2065612549374060E-004  -9.0864243125826530E-004           3          -1          -1
  -9.9692983327332693E-005   1.7398344008568198E-004           3           4           4
  -5.2127655133467950E-004   9.0972504423231910E-004           4           0           1
  -2.6857668501955125E-004   4.6871642973613566E-004           4           1           0
   1.0138392981775522E-005  -1.7691448740206415E-005           4           3           4
  -9.9592653613128293E-005   1.7380817356539346E-004           4           4           3
  -6.9312828880785165E-004   1.2096345674473630E-003          -4          -4          -2
  -7.2485370970920427E-005   1.2649935380291193E-004          -4          -2          -4
   2.6862263867943523E-004  -4.6879558498917379E-004          -4          -2           0
   3.4805253255784297E-006  -6.0744729965857478E-006          -4           0          -2
  -6.9166355736923347E-004   1.2070795830561574E-003          -2          -4          -4
   1.4743183426427107E-003  -2.5729574348095415E-003          -2          -4           0
  -6.9545850549717530E-004   1.2137013930037298E-003          -2          -2           2
   3.2035979606567524E-006  -5.5915641483979369E-006          -2           0          -4
   6.1807693905310964E-005  -1.0786533066635275E-004          -2           2          -2
   3.7425963722542208E-006  -6.5316310548906361E-006          -2           2           2
   1.4708726266791316E-003  -2.5669442489515220E-003           0          -4          -2
   2.6697584441816519E-004  -4.6592225460351271E-004           0          -2          -4
  -7.3567039947637370E-005   1.2838640446119850E-004           0           2           4
   6.1701093041097163E-005  -1.0767922764490684E-004           0           4           2
  -6.9166381446388720E-004   1.2070797499792204E-003           2          -2          -2
   1.4743182006849011E-003  -2.5729573741569093E-003           2          -2           2
  -6.9545788794061168E-004   1.2137012451245688E-003           2           0           4
   3.2036216144608659E-006  -5.5914973266647925E-006           2           2          -2
   6.1807286275318270E-005  -1.0786519391141856E-004           2           4           0
   3.7424188364607911E-006  -6.5316498458905126E-006           2           4           4
  -6.9312788207415502E-004   1.2096346143766815E-003           4           0           2
  -7.2484548101726541E-005   1.2649894650026855E-004           4           2           0
   2.6862237937261746E-004  -4.6879575969070394E-004           4           2           4
   3.4804336513640141E-006  -6.0744235383139293E-006           4           4           2
  -1.2766638379308555E-005   2.2282439121872607E-005          -4          -4          -4
  -7.8822978130093399E-005   1.3756154876681678E-004          -4           0           0
   2.0103861285232131E-004  -3.5084840089259279E-004           0          -4           0
  -7.7262032116764116E-005   1.3483736646884635E-004           0           0          -4
  -1.2222134558033912E-005   2.1331485738023432E-005           0           0           4
  -1.0356130206415142E-004   1.8073256912806108E-004           0           4           0
  -1.2766410069366741E-005   2.2282085185331148E-005           4           0           0
  -7.8822882052749917E-005   1.3756162865356445E-004           4           4           4
   2.0763885216098574E-005  -3.6236919714260523E-005          -5          -3          -3
   5.9676592797026536E-005  -1.0414771083878926E-004          -5          -2          -2
  -2.7881524545133500E-004   4.8658186311302792E-004          -4          -4          -1
   7.4089510206307705E-005  -1.2929900313392618E-004          -4          -3           0
   1.1408483823566933E-004  -1.9909937093373238E-004          -4          -1          -4
  -4.8204345476419677E-005   8.4125440215925560E-005          -4           0          -3
  -3.2945804830907097E-004   5.7496525258420928E-004          -3          -5          -3
   2.9623062010716167E-004  -5.1697645836178141E-004          -3          -4           0
   2.1368558335061252E-005  -3.7291301295379534E-005          -3          -3          -5
   2.7967147673837534E-004  -4.8807646387855297E-004          -3          -3           1
  -4.8497909493509767E-005   8.4637836679283957E-005          -3           0          -4
   5.9468575701327885E-005  -1.0378464567294181E-004          -3           0           2
  -1.3488079425367431E-004   2.3539139573466360E-004          -3           1          -3
   1.2724225649357493E-004  -2.2206081147745500E-004          -3           2           0
  -7.2173215385876080E-004   1.2595547909453346E-003          -2          -5          -2
   5.9261141869137695E-005  -1.0342200755948371E-004          -2          -2          -5
  -2.0265020246553671E-005   3.5366459237025333E-005          -2           0           3
  -5.4183880231099516E-005   9.4561100105847431E-005          -2           3           0
  -2.7751157406767077E-004   4.8430731158068672E-004          -1          -4          -4
   4.7657473601787719E-005  -8.3171036422194966E-005          -1           3           3
   2.9527867168068254E-004  -5.1531730972914256E-004           0          -4          -3
   7.3001576019324037E-005  -1.2740345823260786E-004           0          -3          -4
  -7.2463687093742403E-004   1.2646247688609820E-003           0          -3           2
   3.3047021176934026E-004  -5.7673153656456430E-004           0          -2           3
   1.2658798555717360E-004  -2.2091863482625950E-004           0           2          -3
  -5.4656267434881789E-005   9.5386100352148518E-005           0           3          -2
   1.1451507412964438E-004  -1.9985057365501315E-004           0           3           4
   1.3543925844036479E-004  -2.3636633861134364E-004           0           4           3
   2.7751184437206720E-004  -4.8430752168992451E-004           1          -3          -3
  -4.7657464307521014E-005   8.3170979929874135E-005           1           4           4
  -7.2173252727513230E-004   1.2595550776403864E-003           2          -3           0
   5.9261213095240259E-005  -1.0342195216480650E-004           2           0          -3
  -2.0265433645605769E-005   3.5366447583316086E-005           2           2           5
  -5.4183612618457488E-005   9.4560970989587213E-005           2           5           2
   3.2945838062708896E-004  -5.7496552130820373E-004           3          -2           0
  -2.9622964351020407E-004   5.1697626119239382E-004           3          -1           3
  -2.1368356402611724E-005   3.7291451665277484E-005           3           0          -2
  -2.7967112467406377E-004   4.8807632142990043E-004           3           0           4
   4.8497763254314575E-005  -8.4637865860678752E-005           3           3          -1
  -5.9468861022587878E-005   1.0378480820018404E-004           3           3           5
   1.3488075355654646E-004  -2.3539143316331858E-004           3           4           0
  -1.2724237922792420E-004   2.2206087317917488E-004           3           5           3
  -2.7881512634841520E-004   4.8658189102441650E-004           4           0           3
   7.4088014451739758E-005  -1.2929862213881965E-004           4           1           4
   1.1408499248339527E-004  -1.9909941586942998E-004           4           3           0
  -4.8204179823550366E-005   8.4125430016914179E-005           4           4           1
  -2.0764142800984823E-005   3.6237016563014990E-005           5           2           2
  -5.9676997268423796E-005   1.0414793317801172E-004           5           3           3
   2.1254027911638295E-005  -3.7093206557464111E-005          -5          -3          -2
   1.0450594984553814E-004  -1.8238293852479838E-004          -5          -2          -3
  -6.1431846550956436E-004   1.0720980843445115E-003          -3          -5          -2
   1.0465829279825007E-004  -1.8264811247993009E-004          -3          -2          -5
   2.0651469297627895E-005  -3.6041582757914600E-005          -3          -1           2
   1.3363219891008847E-004  -2.3321255613770170E-004          -3           2          -1
  -6.1350820661401802E-004   1.0706845488436404E-003          -2          -5          -3
   2.1753332287612810E-005  -3.7963584343983678E-005          -2          -3          -5
  -1.0414328485034371E-004   1.8175011922331687E-004          -2           1           3
  -1.3363952674198018E-004   2.3322537434562019E-004          -2           3           1
  -6.1651470532076346E-004   1.0759312562554071E-003          -1          -3           2
   1.3366560712733659E-004  -2.3327100535191868E-004          -1           2          -3
   6.1651433658120884E-004  -1.0759310925268612E-003           1          -2           3
  -1.3366550538625584E-004   2.3327099607953341E-004           1           3          -2
  -6.1350890813610464E-004   1.0706849652890001E-003           2          -3          -1
   2.1753296487885465E-005  -3.7963553613628101E-005           2          -1          -3
  -1.0414363363936039E-004   1.8175019301007971E-004           2           3           5
  -1.3363944986388737E-004   2.3322532878449631E-004           2           5           3
   6.1431883502123226E-004  -1.0720983668964345E-003           3          -2           1
  -1.0465841611515829E-004   1.8264819188545023E-004           3           1          -2
  -2.0651926121661117E-005   3.6041678960571795E-005           3           2           5
  -1.3363199888458425E-004   2.3321249443013629E-004           3           5           2
  -2.1254479418349556E-005   3.7093299747340920E-005           5           2           3
  -1.0450642460312816E-004   1.8238310625196241E-004           5           3           2
   5.8606063326642555E-005  -1.0227822959984818E-004          -5          -4          -3
   3.6610200918534994E-005  -6.3891427749744630E-005          -5          -3          -4
  -3.5644595739877974E-005   6.2206378501274560E-005          -5          -2          -1
  -1.5352632809682772E-005   2.6793359641953207E-005          -5          -1          -2
   9.8569024985442966E-005  -1.7202114740199332E-004          -4          -5          -3
   3.6822162799955477E-005  -6.4261420087774327E-005          -4          -3          -5
   3.5673108907641073E-005  -6.2256196799269570E-005          -4          -1           1
  -7.1293576482881508E-007   1.2437262949066695E-006          -4           1          -1
   9.8470581321311588E-005  -1.7184880234849399E-004          -3          -5          -4
   5.8816813496317605E-005  -1.0264541388990255E-004          -3          -4          -5
  -1.5202103829825899E-005   2.6530693225636229E-005          -3           1           2
   8.4846076402498491E-007  -1.4802831248288656E-006          -3           2           1
  -2.2943163302994034E-004   4.0040123936117838E-004          -2          -5          -1
  -1.6034140996720500E-005   2.7982895122250889E-005          -2          -1          -5
  -5.9020446610585497E-005   1.0300174055588595E-004          -2          -1           3
   0.0000000000000000        0.0000000000000000               -2           3          -1
  -2.2888303392579407E-004   3.9944335925969234E-004          -1          -5          -2
   2.3008996733395941E-004  -4.0155028437835932E-004          -1          -4           1
  -3.6306946234160499E-005   6.3361925672689642E-005          -1          -2          -5
  -9.9553206307094496E-005   1.7373915148622917E-004          -1          -2           3
  -3.5566174321707552E-008   6.1218743137269916E-008          -1           1          -4
   3.6545568260302038E-005  -6.3778756727567203E-005          -1           1           4
   0.0000000000000000        0.0000000000000000               -1           3          -2
   0.0000000000000000        0.0000000000000000               -1           4           1
   2.2888311262460060E-004  -3.9944340849386984E-004           1          -4          -1
  -2.3009019046628669E-004   4.0155041720086807E-004           1          -3           2
   3.6307006432327107E-005  -6.3362001831422622E-005           1          -1          -4
   9.9553384317685166E-005  -1.7373916436590767E-004           1          -1           4
   3.5561338412118572E-008  -6.1206394494576435E-008           1           2          -3
  -3.6545506739265129E-005   6.3778655601106631E-005           1           2           5
   0.0000000000000000        0.0000000000000000                1           4          -1
   0.0000000000000000        0.0000000000000000                1           5           2
  -2.2943192515474946E-004   4.0040138938087432E-004           2          -3           1
  -1.6034282211909928E-005   2.7983025021464585E-005           2           1          -3
  -5.9020666109361402E-005   1.0300171829461797E-004           2           1           5
   0.0000000000000000        0.0000000000000000                2           5           1
  -9.8470902433646769E-005   1.7184911989433091E-004           3          -2          -1
  -5.8816851086289186E-005   1.0264574120442149E-004           3          -1          -2
   1.5202036011414128E-005  -2.6530597918701670E-005           3           4           5
  -8.4859482684527693E-007   1.4803234500245980E-006           3           5           4
   9.8569571499393285E-005  -1.7202137981944628E-004           4          -1           1
   3.6822215696627179E-005  -6.4261625759713483E-005           4           1          -1
   3.5673349733447845E-005  -6.2256137735820032E-005           4           3           5
  -7.1305197280707041E-007   1.2437610582057708E-006           4           5           3
  -5.8606383642688663E-005   1.0227836382820195E-004           5           1           2
  -3.6610230149604659E-005   6.3891466718004767E-005           5           2           1
   3.5644908074629596E-005  -6.2206344243949732E-005           5           3           4
   1.5352733917149755E-005  -2.6793364930477559E-005           5           4           3
  -3.6436195557723011E-005   6.3588652855394476E-005          -5          -4          -4
   1.0423452021017561E-004  -1.8190954787037576E-004          -5          -4          -2
   3.6941119915349864E-005  -6.4469551373687629E-005          -5          -3          -1
   1.4723337350602253E-004  -2.5694994518337419E-004          -5          -2          -4
   9.2368052476628221E-005  -1.6119915931606726E-004          -5          -1          -3
  -1.3808747500132843E-004   2.4098846885916748E-004          -5          -1          -1
   7.7419692729022702E-005  -1.3511084225784230E-004          -4          -5          -4
  -3.3448123911545017E-006   5.8362365648947050E-006          -4          -5          -2
  -3.6407270892779168E-005   6.3537991400658316E-005          -4          -4          -5
   1.4737143348647101E-004  -2.5719072041013364E-004          -4          -2          -5
  -3.6729675785997129E-005   6.4100378732054046E-005          -4          -2           1
   1.3804612165851363E-004  -2.4091631960820918E-004          -4           0           1
   0.0000000000000000        0.0000000000000000               -4           1          -2
   0.0000000000000000        0.0000000000000000               -4           1           0
  -3.2876744751400057E-004   5.7375991868829543E-004          -3          -5          -1
   1.0408281895298518E-004  -1.8164482894069190E-004          -3          -2           2
   9.2108345299924592E-005  -1.6074553519730418E-004          -3          -1          -5
   0.0000000000000000        0.0000000000000000               -3           2          -2
  -3.0806451831481044E-006   5.3762306152712141E-006          -2          -5          -4
   1.0459994621666639E-004  -1.8254595822202600E-004          -2          -4          -5
   3.2962569375895393E-004  -5.7525800591843560E-004          -2          -4           1
  -3.6211704245133185E-006   6.3185236170480659E-006          -2          -3           2
   0.0000000000000000        0.0000000000000000               -2           1          -4
   0.0000000000000000        0.0000000000000000               -2           2          -3
  -9.2521758566472553E-005   1.6146761227652442E-004          -2           2           3
   0.0000000000000000        0.0000000000000000               -2           3           2
  -3.2750643408085349E-004   5.7155911217252921E-004          -1          -5          -3
   1.4408714638325520E-004  -2.5145804990025334E-004          -1          -5          -1
   3.7003925315204251E-005  -6.4578673149909068E-005          -1          -3          -5
  -1.3856528753197663E-004   2.4182185322510751E-004          -1          -1          -5
  -3.5776524519468648E-005   6.2437153323308651E-005          -1           0           4
   1.4700395059647007E-004  -2.5654968122537040E-004          -1           2           4
   0.0000000000000000        0.0000000000000000               -1           4           0
   0.0000000000000000        0.0000000000000000               -1           4           2
  -1.4428917418012735E-004   2.5181063710061498E-004           0          -4           1
   7.8978931790434228E-005  -1.3783238375932296E-004           0          -1           4
   0.0000000000000000        0.0000000000000000                0           1          -4
   0.0000000000000000        0.0000000000000000                0           4          -1
   3.2750668388581541E-004  -5.7155927809771849E-004           1          -4          -2
  -1.4408739284487630E-004   2.5145814899369773E-004           1          -4           0
  -3.7003809726510029E-005   6.4578559960655227E-005           1          -2          -4
   1.3856532281514411E-004  -2.4182191048140034E-004           1           0          -4
   3.5776657766452096E-005  -6.2437227228070329E-005           1           1           5
  -1.4700403356437849E-004   2.5654967680703464E-004           1           3           5
   0.0000000000000000        0.0000000000000000                1           5           1
   0.0000000000000000        0.0000000000000000                1           5           3
  -3.0808356858438659E-006   5.3763032833654539E-006           2          -3          -2
   1.0459992365400783E-004  -1.8254602395057884E-004           2          -2          -3
   3.2962574701202928E-004  -5.7525804557940455E-004           2          -2           3
  -3.6207049554310476E-006   6.3184369880899891E-006           2          -1           4
   0.0000000000000000        0.0000000000000000                2           3          -2
   0.0000000000000000        0.0000000000000000                2           4          -1
  -9.2521951856244436E-005   1.6146769166333096E-004           2           4           5
   0.0000000000000000        0.0000000000000000                2           5           4
   3.2876773295947197E-004  -5.7376014811545413E-004           3          -2           2
  -1.0408344079332327E-004   1.8164488242916984E-004           3           1           5
  -9.2108427715026353E-005   1.6074556477263042E-004           3           2          -2
   0.0000000000000000        0.0000000000000000                3           5           1
   7.7419732146988989E-005  -1.3511102832290822E-004           4          -1           0
  -3.3445545630896679E-006   5.8362411133785793E-006           4          -1           2
  -3.6407384748041084E-005   6.3537839582865333E-005           4           0          -1
   1.4737130557084614E-004  -2.5719081336723958E-004           4           2          -1
  -3.6729947129533141E-005   6.4100523820706523E-005           4           2           5
   1.3804637183456651E-004  -2.4091635472777418E-004           4           4           5
   0.0000000000000000        0.0000000000000000                4           5           2
   0.0000000000000000        0.0000000000000000                4           5           4
   3.6436439469094865E-005  -6.3588648960696923E-005           5           1           1
  -1.0423516160313392E-004   1.8190964610332200E-004           5           1           3
  -3.6941301915397425E-005   6.4469641724121523E-005           5           2           4
  -1.4723333043469895E-004   2.5695003908136329E-004           5           3           1
  -9.2368316866780773E-005   1.6119930856193921E-004           5           4           2
   1.3808779636717989E-004  -2.4098855126026902E-004           5           4           4
  -1.1457357261903991E-004   1.9995277739138281E-004          -4          -4           0
   0.0000000000000000        0.0000000000000000               -4           0          -4
  -1.1414626565948703E-004   1.9920624219537997E-004           0          -4          -4
   0.0000000000000000        0.0000000000000000                0           4           4
  -1.1457391612497666E-004   1.9995290054932756E-004           4           0           4
   0.0000000000000000        0.0000000000000000                4           4           0
  -1.5396041532088667E-005   2.6869098066992244E-005          -5          -5          -3
   0.0000000000000000        0.0000000000000000               -5          -3          -5
   0.0000000000000000        0.0000000000000000               -5          -2           0
   0.0000000000000000        0.0000000000000000               -5           0          -2
  -1.5545987635636256E-005   2.7130433877759590E-005          -3          -5          -5
   0.0000000000000000        0.0000000000000000               -3           2           2
  -6.2342294364038997E-005   1.0879957980831493E-004          -2          -5           0
   1.4714612869280118E-005  -2.5679588245700972E-005          -2          -2           3
   0.0000000000000000        0.0000000000000000               -2           0          -5
   0.0000000000000000        0.0000000000000000               -2           3          -2
  -6.2449143176428041E-005   1.0898617907805955E-004           0          -5          -2
   0.0000000000000000        0.0000000000000000                0          -2          -5
   0.0000000000000000        0.0000000000000000                0           2           5
   0.0000000000000000        0.0000000000000000                0           5           2
  -6.2342143364358071E-005   1.0879949224764950E-004           2          -3           2
   1.4714802724632789E-005  -2.5679690536931363E-005           2           0           5
   0.0000000000000000        0.0000000000000000                2           2          -3
   0.0000000000000000        0.0000000000000000                2           5           0
   1.5545857611573843E-005  -2.7130245216639196E-005           3          -2          -2
   1.5396129674451901E-005  -2.6869106993039360E-005           5           0           2
   0.0000000000000000        0.0000000000000000                5           2           0
  -1.3837240133258446E-004   2.4148615550309660E-004          -5          -5          -4
   0.0000000000000000        0.0000000000000000               -5          -4          -5
   1.4700096011707704E-004  -2.5654425677954163E-004          -5          -4          -1
   0.0000000000000000        0.0000000000000000               -5          -1          -4
   0.0000000000000000        0.0000000000000000               -5          -1           0
   0.0000000000000000        0.0000000000000000               -5           0          -1
  -1.3841395422309869E-004   2.4155836427939065E-004          -4          -5          -5
   4.7811447773853024E-005  -8.3440318332602534E-005          -4          -5          -1
  -1.4686309724084592E-004   2.5630365483179896E-004          -4          -3           1
   0.0000000000000000        0.0000000000000000               -4          -1          -5
   0.0000000000000000        0.0000000000000000               -4           1          -3
   0.0000000000000000        0.0000000000000000               -4           1           1
  -4.7517745952715212E-005   8.2927661079750932E-005          -3          -4           1
   0.0000000000000000        0.0000000000000000               -3           1          -4
   4.8358572612332774E-005  -8.4394616711650408E-005          -1          -5          -4
   1.1645226747595645E-004  -2.0323097001161367E-004          -1          -5           0
   1.4723075855815275E-004  -2.5694470648217132E-004          -1          -4          -5
  -1.3789553755490144E-004   2.4065390342679232E-004          -1          -1           4
   0.0000000000000000        0.0000000000000000               -1           0          -5
   0.0000000000000000        0.0000000000000000               -1           3           4
   0.0000000000000000        0.0000000000000000               -1           4          -1
   0.0000000000000000        0.0000000000000000               -1           4           3
   1.1600303764505630E-004  -2.0244690146580704E-004           0          -5          -1
   0.0000000000000000        0.0000000000000000                0          -1          -5
   0.0000000000000000        0.0000000000000000                0           1           5
   0.0000000000000000        0.0000000000000000                0           5           1
  -4.8358422838040359E-005   8.4394516778264067E-005           1          -4          -3
  -1.1645228308844659E-004   2.0323096334566094E-004           1          -4           1
  -1.4723071704302563E-004   2.5694468828439042E-004           1          -3          -4
   1.3789569025074116E-004  -2.4065397187553037E-004           1           0           5
   0.0000000000000000        0.0000000000000000                1           1          -4
   0.0000000000000000        0.0000000000000000                1           4           5
   0.0000000000000000        0.0000000000000000                1           5           0
   0.0000000000000000        0.0000000000000000                1           5           4
   4.7518037597789087E-005  -8.2927766278557995E-005           3          -1           4
   0.0000000000000000        0.0000000000000000                3           4          -1
  -1.3841390730412857E-004   2.4155834420880917E-004           4          -1          -1
   4.7811585956492278E-005  -8.3440336526152472E-005           4          -1           3
  -1.4686336229959154E-004   2.5630375001752458E-004           4           1           5
   0.0000000000000000        0.0000000000000000                4           3          -1
   0.0000000000000000        0.0000000000000000                4           5           1
   1.3837253237306222E-004  -2.4148620793489154E-004           5           0           1
   0.0000000000000000        0.0000000000000000                5           1           0
  -1.4700119002583994E-004   2.5654435109433702E-004           5           1           4
   0.0000000000000000        0.0000000000000000                5           4           1
   0.0000000000000000        0.0000000000000000               -6          -3          -3
   9.2889659943904779E-005  -1.6211065341566937E-004          -5          -5          -2
   0.0000000000000000        0.0000000000000000               -5          -3           0
   0.0000000000000000        0.0000000000000000               -5          -2          -5
   0.0000000000000000        0.0000000000000000               -5           0          -3
   1.2795471913063628E-004  -2.2330586874015450E-004          -3          -6          -3
  -1.3631895503177607E-004   2.3790294258251799E-004          -3          -5           0
   0.0000000000000000        0.0000000000000000               -3          -3          -6
   9.3149986556015590E-005  -1.6256515762735579E-004          -3          -3           2
   0.0000000000000000        0.0000000000000000               -3           0          -5
   0.0000000000000000        0.0000000000000000               -3           0           3
   0.0000000000000000        0.0000000000000000               -3           2          -3
   0.0000000000000000        0.0000000000000000               -3           3           0
   9.2737281993594169E-005  -1.6184414631064423E-004          -2          -5          -5
   0.0000000000000000        0.0000000000000000               -2           3           3
  -1.3576103510902648E-004   2.3692891922544020E-004           0          -5          -3
   0.0000000000000000        0.0000000000000000                0          -3          -5
  -1.2861025012778061E-004   2.2445003238041568E-004           0          -3           3
   0.0000000000000000        0.0000000000000000                0           3          -3
   0.0000000000000000        0.0000000000000000                0           3           5
   0.0000000000000000        0.0000000000000000                0           5           3
   9.2737337247213422E-005  -1.6184427647806084E-004           2          -3          -3
  -1.2795484783832955E-004   2.2330597046690102E-004           3          -3           0
   1.3631906429842420E-004  -2.3790305230442623E-004           3          -2           3
   0.0000000000000000        0.0000000000000000                3           0          -3
  -9.3150240584920070E-005   1.6256525272442406E-004           3           0           5
   0.0000000000000000        0.0000000000000000                3           3          -2
   0.0000000000000000        0.0000000000000000                3           5           0
  -9.2889968821963922E-005   1.6211080008787782E-004           5           0           3
   0.0000000000000000        0.0000000000000000                5           3           0
   0.0000000000000000        0.0000000000000000               -6          -4          -3
   0.0000000000000000        0.0000000000000000               -6          -3          -4
   0.0000000000000000        0.0000000000000000               -6          -3          -2
   0.0000000000000000        0.0000000000000000               -6          -2          -3
   0.0000000000000000        0.0000000000000000               -5          -5          -5
   0.0000000000000000        0.0000000000000000               -5           0           0
   1.2225263837421339E-006  -2.1341034131389172E-006          -4          -6          -3
   0.0000000000000000        0.0000000000000000               -4          -3          -6
   0.0000000000000000        0.0000000000000000               -4          -1           2
   0.0000000000000000        0.0000000000000000               -4           2          -1
   1.0871452192319701E-006  -1.8979004151911474E-006          -3          -6          -4
   1.3424022520250054E-004  -2.3427487708402826E-004          -3          -6          -2
   0.0000000000000000        0.0000000000000000               -3          -4          -6
   0.0000000000000000        0.0000000000000000               -3          -2          -6
   0.0000000000000000        0.0000000000000000               -3          -1           3
   0.0000000000000000        0.0000000000000000               -3           1           3
   0.0000000000000000        0.0000000000000000               -3           3          -1
   0.0000000000000000        0.0000000000000000               -3           3           1
   1.3423306458429287E-004  -2.3426228820148460E-004          -2          -6          -3
   0.0000000000000000        0.0000000000000000               -2          -3          -6
   0.0000000000000000        0.0000000000000000               -2           1           4
   0.0000000000000000        0.0000000000000000               -2           4           1
   1.3420715120485155E-004  -2.3421707854570520E-004          -1          -4           2
  -1.9009901752135308E-006   3.3184173026780564E-006          -1          -3           3
   0.0000000000000000        0.0000000000000000               -1           2          -4
   0.0000000000000000        0.0000000000000000               -1           3          -3
   1.0525155099043013E-004  -1.8368470599271767E-004           0          -5           0
   0.0000000000000000        0.0000000000000000                0           0          -5
   0.0000000000000000        0.0000000000000000                0           0           5
   0.0000000000000000        0.0000000000000000                0           5           0
  -1.3420715818844469E-004   2.3421707632253959E-004           1          -3           3
   1.9009868189743167E-006  -3.3184219833430510E-006           1          -2           4
   0.0000000000000000        0.0000000000000000                1           3          -3
   0.0000000000000000        0.0000000000000000                1           4          -2
   1.3423291506547736E-004  -2.3426221815644050E-004           2          -4          -1
   0.0000000000000000        0.0000000000000000                2          -1          -4
  -1.0873363056144331E-006   1.8980643652546375E-006           3          -3          -1
  -1.3424007523870406E-004   2.3427481366592964E-004           3          -3           1
   0.0000000000000000        0.0000000000000000                3          -1          -3
   0.0000000000000000        0.0000000000000000                3           1          -3
   1.2226934415074233E-006  -2.1342492834263015E-006           4          -2           1
   0.0000000000000000        0.0000000000000000                4           1          -2
   0.0000000000000000        0.0000000000000000                5           0           0
   0.0000000000000000        0.0000000000000000               -6          -4          -4
   0.0000000000000000        0.0000000000000000               -6          -2          -2
   0.0000000000000000        0.0000000000000000               -4          -6          -4
   0.0000000000000000        0.0000000000000000               -4          -4          -6
   0.0000000000000000        0.0000000000000000               -4           0           2
   0.0000000000000000        0.0000000000000000               -4           2           0
   5.3978672078376754E-005  -9.4202538030681318E-005          -2          -6          -2
   0.0000000000000000        0.0000000000000000               -2          -2          -6
   0.0000000000000000        0.0000000000000000               -2           0           4
   0.0000000000000000        0.0000000000000000               -2           4           0
   5.3505525307506116E-005  -9.3376659045377159E-005           0          -4           2
   0.0000000000000000        0.0000000000000000                0          -2           4
   0.0000000000000000        0.0000000000000000                0           2          -4
   0.0000000000000000        0.0000000000000000                0           4          -2
   5.3978373398663000E-005  -9.4202404471845506E-005           2          -4           0
   0.0000000000000000        0.0000000000000000                2           0          -4
   0.0000000000000000        0.0000000000000000                4          -2           0
   0.0000000000000000        0.0000000000000000                4           0          -2
   0.0000000000000000        0.0000000000000000               -6          -4          -2
   0.0000000000000000        0.0000000000000000               -6          -2          -4
   0.0000000000000000        0.0000000000000000               -4          -6          -2
   0.0000000000000000        0.0000000000000000               -4          -2          -6
   0.0000000000000000        0.0000000000000000               -4          -2           2
   0.0000000000000000        0.0000000000000000               -4           2          -2
   0.0000000000000000        0.0000000000000000               -2          -6          -4
   0.0000000000000000        0.0000000000000000               -2          -4          -6
   0.0000000000000000        0.0000000000000000               -2          -4           2
   0.0000000000000000        0.0000000000000000               -2           2          -4
   0.0000000000000000        0.0000000000000000                2          -4          -2
   0.0000000000000000        0.0000000000000000                2          -2          -4
   0.0000000000000000        0.0000000000000000               -5          -5          -1
   0.0000000000000000        0.0000000000000000               -5          -4           0
   0.0000000000000000        0.0000000000000000               -5          -1          -5
   0.0000000000000000        0.0000000000000000               -5           0          -4
   0.0000000000000000        0.0000000000000000               -4          -5           0
   0.0000000000000000        0.0000000000000000               -4          -4           1
   0.0000000000000000        0.0000000000000000               -4           0          -5
   0.0000000000000000        0.0000000000000000               -4           1          -4
   0.0000000000000000        0.0000000000000000               -1          -5          -5
   0.0000000000000000        0.0000000000000000                0          -5          -4
   0.0000000000000000        0.0000000000000000                0          -4          -5
   0.0000000000000000        0.0000000000000000                1          -4          -4
