         718          24          24          24
 -0.57410329187109232      -0.29064022587253702                0           0           0
  0.12495654936853305        6.3259407813541599E-002          -1          -1          -1
  0.57192928165486989       0.28954151669725237               -1           0           0
  -7.4618655617454913E-002  -3.7775924819409543E-002           0          -1           0
  -7.4565404817026504E-002  -3.7748956471655534E-002           0           0          -1
 -0.12564018030808546       -6.3605558300472209E-002           0           0           1
 -0.12495655081526588       -6.3259387162066832E-002           0           1           0
  -2.7528200629890524E-002  -1.3936035018617531E-002           1           0           0
   7.4618647858023412E-002   3.7775927272584678E-002           1           1           1
  0.12514280144007281        6.3354003064275688E-002          -1          -1           0
  0.12446145360501973        6.3008995053326855E-002          -1           0          -1
  -2.4345885356000550E-002  -1.2325282599368827E-002           0          -1          -1
 -0.12514281562429655       -6.3353992402363044E-002           0           1           1
   2.4312521224650340E-002   1.2308394509003943E-002           1           0           1
   2.4345881855124242E-002   1.2325282141103830E-002           1           1           0
  -7.4502296644092927E-002  -3.7716906502529228E-002          -2          -1          -1
   1.0354215680070363E-002   5.2418680843119968E-003          -1          -2          -1
   1.0347615755951828E-002   5.2385253420896682E-003          -1          -1          -2
   7.4555404034434114E-002   3.7743807037544944E-002          -1           0           1
   7.4502296634250273E-002   3.7716915518743316E-002          -1           1           0
  -1.0404114988516566E-002  -5.2671440892083227E-003           0          -1           1
  -1.0347614059943199E-002  -5.2385258787629625E-003           0           1          -1
  -7.3335226772195576E-003  -3.7126103265574862E-003           1          -1           0
  -7.3344568421229769E-003  -3.7130827301409225E-003           1           0          -1
   1.0404115073416117E-002   5.2671458418764323E-003           1           1           2
   1.0354214076718668E-002   5.2418686115681141E-003           1           2           1
   7.3335219364207517E-003   3.7126113322912598E-003           2           1           1
  -1.0440603046153950E-002  -5.2855565724427567E-003          -2          -2          -1
  -1.0390819787979047E-002  -5.2603403737315011E-003          -2          -1          -2
  -2.4414564592908566E-002  -1.2359811051415145E-002          -2          -1           0
  -2.4447562362494461E-002  -1.2376513898039483E-002          -2           0          -1
   1.0322946119360441E-002   5.2260487334631033E-003          -1          -2          -2
  -6.6666170484128897E-003  -3.3749679748424528E-003          -1          -2           0
   1.0447346196810592E-002   5.2889723384885396E-003          -1          -1           1
  -6.6943628286326414E-003  -3.3890268459264216E-003          -1           0          -2
   1.0390818157490832E-002   5.2603411315063284E-003          -1           1          -1
   2.4414566727984994E-002   1.2359813227815769E-002          -1           1           1
  -8.9172385440962031E-003  -4.5143813156368374E-003           0          -2          -1
  -8.9075991045084093E-003  -4.5095005644295912E-003           0          -1          -2
  -1.0447347953569847E-002  -5.2889737182329226E-003           0           1           2
  -1.0440603282143641E-002  -5.2855585892698492E-003           0           2           1
  -8.7329295788289296E-003  -4.4210813261268724E-003           1          -1          -1
   8.9175467237287715E-003   4.5145352621523832E-003           1          -1           1
   1.0334765382139517E-002   5.2320381153925701E-003           1           0           2
   8.9075996919781818E-003   4.5094997505959293E-003           1           1          -1
   1.0322944750523250E-002   5.2260499222495128E-003           1           2           0
  -6.6666164791774835E-003  -3.3749692739256749E-003           1           2           2
   8.7332767818803121E-003   4.4212592869225624E-003           2           0           1
   8.7329284914922124E-003   4.4210816604576177E-003           2           1           0
  -8.9175462405156544E-003  -4.5145350190804751E-003           2           1           2
  -8.9172380282218563E-003  -4.5143806775918335E-003           2           2           1
   6.6455497917327520E-003   3.3643478837370681E-003          -2          -2          -2
   2.7378296585191569E-002   1.3860509802566442E-002          -2           0           0
  -1.2715826658466489E-002  -6.4374349831113073E-003           0          -2           0
  -1.2707492823593809E-002  -6.4332156326754267E-003           0           0          -2
   6.6175475346049034E-003   3.3501586353851323E-003           0           0           2
   6.6455510222084525E-003   3.3643486468730396E-003           0           2           0
   1.0445802624873048E-002   5.2882263771834555E-003           2           0           0
  -1.2715825300262169E-002  -6.4374363554547754E-003           2           2           2
  -1.0407952039385181E-002  -5.2690160628722400E-003          -2          -2           0
  -1.0395961784638431E-002  -5.2629418702359728E-003          -2           0          -2
  -2.4939804339994837E-003  -1.2625744089924276E-003           0          -2          -2
  -1.0407951756560009E-002  -5.2690184807890521E-003           0           2           2
  -2.5021524623603957E-003  -1.2667094726544223E-003           2           0           2
  -2.4939813031235681E-003  -1.2625732134536381E-003           2           2           0
   1.2741036301275778E-002   6.4501612732392371E-003          -3          -2          -2
  -7.3566702507750223E-003  -3.7243334421257308E-003          -3          -1          -1
   6.6859826760196171E-003   3.3847900937295189E-003          -2          -3          -2
   6.6808643757131827E-003   3.3821985859851752E-003          -2          -2          -3
   7.3557544145423934E-003   3.7238709595896228E-003          -2           0           1
   7.3566701628243860E-003   3.7243343922847439E-003          -2           1           0
   3.0917204463264789E-003   1.5652059472584779E-003          -1          -3          -1
   3.0953408009094558E-003   1.5670382736649188E-003          -1          -1          -3
   1.2749385632049399E-002   6.4543897668856293E-003          -1           0           2
   1.2741035868872198E-002   6.4501631158302951E-003          -1           2           0
  -3.0949535648911474E-003  -1.5668436705431766E-003           0          -2           1
   6.6881675788777852E-003   3.3858916417126208E-003           0          -1           2
  -3.0953409476201848E-003  -1.5670384543374778E-003           0           1          -2
   6.6808655026244518E-003   3.3821986042045981E-003           0           2          -1
  -1.9887079418380348E-003  -1.0067958049231468E-003           1          -2           0
  -1.9925348633386131E-003  -1.0087324342344345E-003           1           0          -2
  -6.6881670590590156E-003  -3.3858913319461787E-003           1           1           3
  -6.6859832756675274E-003  -3.3847899214774703E-003           1           3           1
   5.3314112279854615E-003   2.6990385154034490E-003           2          -1           0
   5.3248954565505531E-003   2.6957407416764063E-003           2           0          -1
  -3.0949530001774268E-003  -1.5668444343776057E-003           2           2           3
  -3.0917200552336970E-003  -1.5652069229958843E-003           2           3           2
  -5.3314117488447946E-003  -2.6990384699281914E-003           3           1           1
  -1.9887069100446141E-003  -1.0067964646182494E-003           3           2           2
   8.9061828001155748E-003   4.5087695065987414E-003          -3          -2          -1
   8.9058195866801252E-003   4.5085865315638365E-003          -3          -1          -2
   6.6650346465807128E-003   3.3741953742058559E-003          -2          -3          -1
   6.6628200235729993E-003   3.3730774361071009E-003          -2          -1          -3
  -8.9158011816290392E-003  -4.5136399805043702E-003          -2          -1           1
  -8.9058196967400482E-003  -4.5085865972422680E-003          -2           1          -1
   5.6856421168319515E-003   2.8783758646809083E-003          -1          -3          -2
   5.6825169915610159E-003   2.8767933292399195E-003          -1          -2          -3
  -6.6701130071665938E-003  -3.3767660960205377E-003          -1          -2           1
  -6.6628205520963503E-003  -3.3730773302350645E-003          -1           1          -2
   8.9158014788063861E-003   4.5136393939470137E-003          -1           1           2
   8.9061829768237316E-003   4.5087694794360526E-003          -1           2           1
  -4.4820502014537439E-003  -2.2690513521651631E-003           1          -2          -1
  -4.4791147161098123E-003  -2.2675653211107205E-003           1          -1          -2
   5.6921890602328875E-003   2.8816917274246492E-003           1          -1           2
   5.6825170927715272E-003   2.8767935109668429E-003           1           2          -1
  -6.6701127596436125E-003  -3.3767659280092566E-003           1           2           3
  -6.6650350229596816E-003  -3.3741953286611122E-003           1           3           2
   4.4845229167879063E-003   2.2703031000651055E-003           2          -1           1
   4.4791148629401518E-003   2.2675652828888838E-003           2           1          -1
  -5.6921887803874438E-003  -2.8816915583286802E-003           2           1           3
  -5.6856417480985137E-003  -2.8783760460455586E-003           2           3           1
  -4.4845228705391116E-003  -2.2703029373131772E-003           3           1           2
  -4.4820501304706365E-003  -2.2690512642214692E-003           3           2           1
   3.1383647107043186E-003   1.5887888541482047E-003          -3          -3          -2
   3.1350938130800172E-003   1.5871319934090695E-003          -3          -2          -3
  -8.7691381362991570E-003  -4.4393816277579125E-003          -3          -1           0
  -8.7687459872668686E-003  -4.4391817152443841E-003          -3           0          -1
   1.7425337916319656E-003   8.8215154735025460E-004          -2          -3          -3
   8.7691377175238439E-003   4.4393821686362954E-003          -2           1           1
  -1.9635858025831331E-003  -9.9405826570906665E-004          -1          -3           0
   3.1347814486755300E-003   1.5869758833793877E-003          -1          -1           2
  -1.9539294030721092E-003  -9.8916935635038694E-004          -1           0          -3
   3.1350938560559482E-003   1.5871326893331177E-003          -1           2          -1
  -2.0795265866187518E-003  -1.0527590053498645E-003           0          -3          -1
  -2.0703464864225466E-003  -1.0481113091231897E-003           0          -1          -3
  -3.1347811421563020E-003  -1.5869760101511893E-003           0           1           3
  -3.1383646924819032E-003  -1.5887896897389827E-003           0           3           1
   2.0817003159359620E-003   1.0538591105687335E-003           1          -2           1
  -1.7444494200762929E-003  -8.8311973439632373E-004           1           0           3
   2.0703467201310527E-003   1.0481110206990679E-003           1           1          -2
  -1.7425348102763443E-003  -8.8215120883751734E-004           1           3           0
   2.3925919983433532E-003   1.2112534592839776E-003           2          -1          -1
   1.9635850499484862E-003   9.9405787686339896E-004           2           3           3
  -2.3968468647614250E-003  -1.2134065866532401E-003           3           0           1
  -2.3925923476613852E-003  -1.2112532072204112E-003           3           1           0
   2.0817004346701125E-003   1.0538585325723735E-003           3           2           3
   2.0795268365810561E-003   1.0527580838002606E-003           3           3           2
  -1.9248486943366835E-003  -9.7447127921575704E-004          -3          -3          -3
   5.7048953757254158E-003   2.8881107719579621E-003          -3          -3          -1
   2.4705297625854865E-003   1.2507224966268700E-003          -3          -2           0
   5.6982943718496938E-003   2.8847675662776119E-003          -3          -1          -3
   2.4623903428718902E-003   1.2466020946783965E-003          -3           0          -2
  -1.0467361638905263E-002  -5.2991138521953814E-003          -3           0           0
   1.7125963935247805E-003   8.6701720386098949E-004          -2          -3           0
  -5.7080204341581377E-003  -2.8896931274280586E-003          -2          -2           1
   1.7107296705810712E-003   8.6607283503949291E-004          -2           0          -3
  -5.6982947762348945E-003  -2.8847677678071944E-003          -2           1          -2
   2.9395397101468082E-003   1.4881467342776932E-003          -1          -3          -3
   2.4705307049571732E-003   1.2507216312010790E-003          -1           2           2
   2.7017540824149941E-004   1.3678042233747134E-004           0          -3          -2
  -3.0365214097890750E-003  -1.5372431927920878E-003           0          -3           0
   2.7187113917771956E-004   1.3763854534008162E-004           0          -2          -3
  -3.0257696277578728E-003  -1.5317990675491277E-003           0           0          -3
   1.9344431222546768E-003   9.7932864056434984E-004           0           0           3
  -5.7080194682858744E-003  -2.8896934349006342E-003           0           2           3
   1.9248483471212918E-003   9.7447088258470190E-004           0           3           0
  -5.7048948023347345E-003  -2.8881114680899132E-003           0           3           2
  -2.6428734500247662E-003  -1.3379595563689406E-003           1          -2          -2
  -1.7125971423572726E-003  -8.6701710043901462E-004           1           3           3
   2.6889047396572998E-004   1.3613095211003828E-004           2          -1           2
  -2.9476790535022191E-003  -1.4922663262700087E-003           2           0           3
   2.7187078825209512E-004   1.3763884790207224E-004           2           2          -1
  -2.9395402408702227E-003  -1.4881466107084830E-003           2           3           0
  -3.6040509928127239E-004  -1.8245524506210869E-004           3           0           0
  -2.6490563294833433E-003  -1.3410889391336713E-003           3           0           2
  -2.6889010624103304E-004  -1.3613117532374711E-004           3           1           3
  -2.6428740191051865E-003  -1.3379595374036577E-003           3           2           0
  -2.7017461153864652E-004  -1.3678097658931959E-004           3           3           1
   3.0365209789356838E-003   1.5372429725511534E-003           3           3           3
   2.0113687008747956E-003   1.0182516636174882E-003          -4          -2          -2
   9.7436882833446307E-004   4.9327067505564373E-004          -2          -4          -2
   9.6984059651888845E-004   4.9097824681507357E-004          -2          -2          -4
   2.0075610589002646E-003   1.0163258767873380E-003          -2           0           2
   2.0113683130301685E-003   1.0182523302519329E-003          -2           2           0
   9.7474679750078630E-004   4.9346203287427076E-004           0          -2           2
   9.6984070882142996E-004   4.9097830293162541E-004           0           2          -2
   1.2990512393146088E-003   6.5764639812079112E-004           2          -2           0
   1.2938381591420670E-003   6.5500775545422217E-004           2           0          -2
   9.7474661359033617E-004   4.9346176762374294E-004           2           2           4
   9.7436896100875465E-004   4.9327023033351569E-004           2           4           2
   1.2990515066138126E-003   6.5764610866939283E-004           4           2           2
  -2.0583620146779236E-003  -1.0420580565612353E-003          -4          -3          -2
  -2.0561990712159887E-003  -1.0409629624526637E-003          -4          -2          -3
   4.4896127597041516E-003   2.2728749417448820E-003          -4          -2          -1
   4.4871250399882955E-003   2.2716155631569424E-003          -4          -1          -2
  -9.5559724081748204E-004  -4.8377973148744114E-004          -3          -4          -2
  -9.5523602514114420E-004  -4.8359665382621944E-004          -3          -2          -4
  -4.4925519507416694E-003  -2.2743628720444170E-003          -3          -1           1
  -4.4871254207139912E-003  -2.2716156986444910E-003          -3           1          -1
  -3.0588781128997668E-004  -1.5486013184334461E-004          -2          -4          -3
   1.5879480555736482E-003   8.0390042256821932E-004          -2          -4          -1
  -3.0660322174128648E-004  -1.5522213601337461E-004          -2          -3          -4
   1.5820912288633093E-003   8.0093374842606037E-004          -2          -1          -4
  -2.0675281818491936E-003  -1.0466981004357162E-003          -2          -1           2
   4.4925516209091756E-003   2.2743627784164635E-003          -2           1           2
  -2.0561992554981603E-003  -1.0409624307328171E-003          -2           2          -1
   4.4896127199634357E-003   2.2728750926441104E-003          -2           2           1
   1.2481339144690398E-003   6.3186917782444903E-004          -1          -4          -2
  -1.5891999469991355E-003  -8.0453435166155630E-004          -1          -3           1
   1.2439473752863860E-003   6.2974931523152456E-004          -1          -2          -4
  -9.6010593154671764E-004  -4.8606181992788419E-004          -1          -2           2
  -1.5820914122157241E-003  -8.0093383653864877E-004          -1           1          -3
   2.0675284196675827E-003   1.0466978448355952E-003          -1           1           3
  -9.5523630079393906E-004  -4.8359638644639109E-004          -1           2          -2
   2.0583624298779525E-003   1.0420574730811700E-003          -1           3           1
  -1.1048266485182462E-003  -5.5931981501869312E-004           1          -3          -1
   1.2507616229526855E-003   6.3319965431009935E-004           1          -2           2
  -1.1008848254405383E-003  -5.5732491184829912E-004           1          -1          -3
   3.0747792692848033E-004   1.5566599633747198E-004           1          -1           3
   1.2439476010077562E-003   6.2974939890793661E-004           1           2          -2
  -9.6010573600410233E-004  -4.8606187679752671E-004           1           2           4
   3.0660298212472004E-004   1.5522208549906713E-004           1           3          -1
  -9.5559740794629781E-004  -4.8377967177777337E-004           1           4           2
   4.1036152350683091E-004   2.0774666782255116E-004           2          -2          -1
   1.1062800555062433E-003   5.6005584443540729E-004           2          -2           1
   4.0918112237942940E-004   2.0714907372342196E-004           2          -1          -2
   1.1008848376934659E-003   5.5732493603521233E-004           2           1          -2
  -3.0747771884292080E-004  -1.5566614914300141E-004           2           1           4
   1.5891992349055877E-003   8.0453439461085547E-004           2           3           4
  -3.0588732216463966E-004  -1.5486029009204914E-004           2           4           1
   1.5879475129651208E-003   8.0390044916242034E-004           2           4           3
  -4.1134891083985701E-004  -2.0824622878174391E-004           3          -1           1
  -4.0918130766642846E-004  -2.0714898284429306E-004           3           1          -1
   1.2507616203062781E-003   6.3319955646703552E-004           3           2           4
   1.2481338427946501E-003   6.3186895253337157E-004           3           4           2
   4.1134907271414225E-004   2.0824610317901089E-004           4           1           2
   4.1036191600073824E-004   2.0774646535042586E-004           4           2           1
   1.1062804623324463E-003   5.6005575687549409E-004           4           2           3
   1.1048268460825360E-003   5.5931966738210809E-004           4           3           2
  -3.0222339471709988E-003  -1.5300166615191874E-003          -4          -3          -3
   5.3266167069118391E-003   2.6966143654900613E-003          -4          -1          -1
  -1.5785330643954233E-003  -7.9913831525383434E-004          -3          -4          -3
  -1.5772813188851191E-003  -7.9850418120648396E-004          -3          -3          -4
   2.9393245628616155E-003   1.4880430576409611E-003          -3          -3           0
   2.9311859266713041E-003   1.4839228744927566E-003          -3           0          -3
  -5.3331365243293868E-003  -2.6999138704068945E-003          -3           0           1
  -5.3266173274870510E-003  -2.6966142720377837E-003          -3           1           0
   9.3383390037740080E-004   4.7275629240778712E-004          -1          -4          -1
   9.3123215290827550E-004   4.7143919857390188E-004          -1          -1          -4
   3.0329728185695937E-003   1.5354538988928861E-003          -1           0           3
   3.0222339119243312E-003   1.5300162951335950E-003          -1           3           0
   5.2948446751593448E-004   2.6805250342885374E-004           0          -3          -3
  -9.3494195449387327E-004  -4.7331752979000831E-004           0          -3           1
   1.5843710710552609E-003   8.0209529878190813E-004           0          -1           3
  -9.3123222098939545E-004  -4.7143924894435041E-004           0           1          -3
   1.5772811386158766E-003   7.9850405970950753E-004           0           3          -1
  -2.9393246902354336E-003  -1.4880428662565799E-003           0           3           3
  -5.9207457892041491E-004  -2.9973911223543436E-004           1          -3           0
  -5.9025900411404438E-004  -2.9882019170956938E-004           1           0          -3
  -1.5843708557102124E-003  -8.0209510621134783E-004           1           1           4
  -1.5785327148766367E-003  -7.9913808938193785E-004           1           4           1
   2.5982738726059085E-004   1.3153766790737224E-004           3          -1           0
   2.5946468096102769E-004   1.3135446613913061E-004           3           0          -1
  -5.3118236405659731E-004  -2.6891298429306389E-004           3           0           3
  -5.2948427919518454E-004  -2.6805254633316736E-004           3           3           0
   9.3494184781124634E-004   4.7331734866580858E-004           3           3           4
   9.3383379270914747E-004   4.7275614691637041E-004           3           4           3
  -2.5982743845651368E-004  -1.3153760620358029E-004           4           1           1
   5.9207458946476611E-004   2.9973898190978983E-004           4           3           3
   2.8068171401198757E-004   1.4209144665779997E-004          -4          -3          -1
   2.8194420904601347E-004   1.4273005499459678E-004          -4          -1          -3
   3.1821400611345971E-004   1.6109263139912932E-004          -3          -4          -1
  -2.7898805156343671E-004  -1.4123471111165677E-004          -3          -2           1
   3.1659803808270389E-004   1.6027383073414285E-004          -3          -1          -4
  -2.8194422884704408E-004  -1.4273027133266238E-004          -3           1          -2
  -3.1750275410295271E-004  -1.6073282366209954E-004          -2          -3           1
  -3.1659808059737211E-004  -1.6027393576622541E-004          -2           1          -3
   5.0289231317378672E-004   2.5458877532574993E-004          -1          -4          -3
   5.0135413092290779E-004   2.5381034066427699E-004          -1          -3          -4
  -2.7898699495664756E-004  -1.4123498518160777E-004          -1           2           3
  -2.8068069400634578E-004  -1.4209193005788808E-004          -1           3           2
  -5.8865233309596200E-004  -2.9800640210289077E-004           1          -3          -2
  -5.8711278758234839E-004  -2.9722729310739909E-004           1          -2          -3
   3.1750199457563781E-004   1.6073296000186578E-004           1           3           4
   3.1821338171254549E-004   1.6109279065522290E-004           1           4           3
  -5.0524015438043086E-004  -2.5577757481164582E-004           2          -1           3
  -5.0135431065358410E-004  -2.5381025924863204E-004           2           3          -1
  -5.9091849519552950E-004  -2.9915328607230666E-004           3          -1           2
   5.0524031746711456E-004   2.5577756020997926E-004           3           1           4
  -5.8711302626592748E-004  -2.9722716000303150E-004           3           2          -1
   5.0289263336919336E-004   2.5458849948092497E-004           3           4           1
   5.9091866204033668E-004   2.9915327702102713E-004           4           1           3
   5.8865268760191405E-004   2.9800616123418699E-004           4           3           1
  -9.3544529087630137E-004  -4.7357110090920227E-004          -4          -4          -3
  -9.3433199893000777E-004  -4.7300714314730993E-004          -4          -3          -4
   2.3932124602352809E-003   1.2115720427367798E-003          -4          -1           0
   2.3889603309497623E-003   1.2094198189497758E-003          -4           0          -1
  -4.8196810194092309E-004  -2.4399697603417510E-004          -3          -4          -4
  -2.3932129106230098E-003  -1.2115719557142187E-003          -3           1           1
   1.8191868503171056E-005   9.2113601143158530E-006          -1          -4           0
   9.3804770621861485E-004   4.7488803828432251E-004          -1          -1           3
   1.9179164463128090E-005   9.7108497268272653E-006          -1           0          -4
   9.3433249463742494E-004   4.7300725053512027E-004          -1           3          -1
  -1.7872191586589055E-004  -9.0477909009471679E-005           0          -4          -1
  -1.7695451213819475E-004  -8.9583453808289503E-005           0          -1          -4
  -9.3804748153297572E-004  -4.7488805523242321E-004           0           1           4
  -9.3544548294128107E-004  -4.7357116229161265E-004           0           4           1
   1.7890227448462824E-004   9.0569040957068987E-005           1          -3           1
  -4.8492506244352370E-004  -2.4549341179338260E-004           1           0           4
   1.7695451938676501E-004   8.9583438926959367E-005           1           1          -3
  -4.8196842881929826E-004  -2.4399702112348361E-004           1           4           0
   2.0714646106624382E-004   1.0486852909009213E-004           3          -1          -1
   1.8191865509760157E-005   9.2115234585103467E-006           3           4           4
  -2.0795246703172597E-004  -1.0527645397571154E-004           4           0           1
  -2.0714655887984389E-004  -1.0486856079490806E-004           4           1           0
  -1.7890260120500864E-004  -9.0568916556457390E-005           4           3           4
  -1.7872223502867315E-004  -9.0477729422267048E-005           4           4           3
  -1.2438346648987384E-003  -6.2969637271255863E-004          -4          -4          -2
  -1.2412074308231814E-003  -6.2836582654523404E-004          -4          -2          -4
   2.6457028925858392E-003   1.3393954499193387E-003          -4          -2           0
   2.6395192587863846E-003   1.3362651327216990E-003          -4           0          -2
  -1.3007623227093111E-004  -6.5851245673559800E-005          -2          -4          -4
   4.8205018150128788E-004   2.4403987719535025E-004          -2          -4           0
  -1.2480162423632703E-003  -6.3181339100436729E-004          -2          -2           2
   4.7909514195028152E-004   2.4254392038403365E-004          -2           0          -4
  -1.2412076801466940E-003  -6.2836559306427931E-004          -2           2          -2
   2.6457032790661228E-003   1.3393953493142383E-003          -2           2           2
   6.2463977663943995E-006   3.1620022029495761E-006           0          -4          -2
   5.7495555401815116E-006   2.9105078045146452E-006           0          -2          -4
  -1.2480160863643189E-003  -6.3181325900160277E-004           0           2           4
  -1.2438346254371620E-003  -6.2969618689744740E-004           0           4           2
   1.1091513563033252E-004   5.6151199921938601E-005           2          -2          -2
   6.7161325407967707E-006   3.4000787234177620E-006           2          -2           2
  -1.3201524804424465E-004  -6.6834595943208970E-005           2           0           4
   5.7496513141933128E-006   2.9106013666299941E-006           2           2          -2
  -1.3007591900986669E-004  -6.5851275565698735E-005           2           4           0
   4.8205005401713715E-004   2.4403969260065899E-004           2           4           4
   1.1072358902376007E-004   5.6054651958171452E-005           4           0           2
   1.1091506455992658E-004   5.6151234969016939E-005           4           2           0
   6.7160323861856079E-006   3.3999441254168759E-006           4           2           4
   6.2462963381480417E-006   3.1619933297369485E-006           4           4           2
  -2.2912007964974563E-005  -1.1597598473124973E-005          -4          -4          -4
   3.6076797401795219E-004   1.8264029627793450E-004          -4           0           0
  -1.4145075967356374E-004  -7.1609394554221555E-005           0          -4           0
  -1.3864950576268487E-004  -7.0190915385399564E-005           0           0          -4
  -2.1934251908509572E-005  -1.1102990711818106E-005           0           0           4
  -2.2912408565346645E-005  -1.1597826962227816E-005           0           4           0
  -1.8584254393003491E-004  -9.4083918770143516E-005           4           0           0
  -1.4145063355151011E-004  -7.1609169543873473E-005           4           4           4
  -5.9122081628174971E-004  -2.9930742884552790E-004          -5          -3          -3
  -1.2951661547731625E-003  -6.5568284073058767E-004          -5          -2          -2
  -5.0033856267616393E-004  -2.5329968454512806E-004          -4          -4          -1
   5.3159299621750617E-004   2.6912039399014354E-004          -4          -3           0
  -4.9800029758182362E-004  -2.5211539176927107E-004          -4          -1          -4
   5.2988706015116144E-004   2.6825597337350632E-004          -4           0          -3
   3.7261579530923922E-005   1.8863984293450167E-005          -3          -5          -3
   1.3295444387633111E-004   6.7308419427231011E-005          -3          -4           0
   3.8345806750762284E-005   1.9413244736034358E-005          -3          -3          -5
   5.0187574911526303E-004   2.5407737166310769E-004          -3          -3           1
   1.3100624287289343E-004   6.6320546491989386E-005          -3           0          -4
  -1.3003800086732447E-003  -6.5832149841855959E-004          -3           0           2
   4.9800048567795051E-004   2.5211526548280221E-004          -3           1          -3
  -1.2951665066936837E-003  -6.5568262427242107E-004          -3           2           0
   1.0709230458234902E-004   5.4215164458915373E-005          -2          -5          -2
   1.0634577691941061E-004   5.3837388793639495E-005          -2          -2          -5
   5.9303746285828841E-004   3.0022668734804318E-004          -2           0           3
   5.9122124804332802E-004   2.9930749764889156E-004          -2           3           0
   2.0472836507344399E-004   1.0364436727611901E-004          -1          -4          -4
  -5.3159237174113939E-004  -2.6912047116464720E-004          -1           3           3
  -8.6503909905833441E-005  -4.3792892344617093E-005           0          -4          -3
  -8.7031001330412831E-005  -4.4059647390482313E-005           0          -3          -4
   1.0671903095419754E-004   5.4026029571671406E-005           0          -3           2
  -3.6366597098991341E-005  -1.8410872569289042E-005           0          -2           3
   1.0634574057291229E-004   5.3837458636018798E-005           0           2          -3
  -3.8345525331529599E-005  -1.9413104350709950E-005           0           3          -2
  -5.0187600649906664E-004  -2.5407732107767455E-004           0           3           4
  -5.0033900568551600E-004  -2.5329959220593258E-004           0           4           3
  -2.4204669557757595E-004  -1.2253717038626419E-004           1          -3          -3
   1.3295379304269304E-004   6.7308495487879933E-005           1           4           4
   2.2833907191544353E-004   1.1559768460929682E-004           2          -3           0
   2.2716460028031587E-004   1.1500310116412127E-004           2           0          -3
  -3.6366700402364094E-005  -1.8410895991498289E-005           2           2           5
  -3.7261487453926617E-005  -1.8864030624356706E-005           2           5           2
  -9.7234509186108829E-005  -4.9225090398148592E-005           3          -2           0
   8.5522684168648708E-005   4.3296059149428790E-005           3          -1           3
  -9.8083162755793329E-005  -4.9654334793057822E-005           3           0          -2
   2.0550125162834581E-004   1.0403517345336914E-004           3           0           4
   8.7030853673613772E-005   4.4059594809189735E-005           3           3          -1
  -1.0671917419878070E-004  -5.4025973319801179E-005           3           3           5
   2.0472857242571655E-004   1.0364430953589580E-004           3           4           0
  -1.0709237012760924E-004  -5.4215089841372611E-005           3           5           3
   2.4304924652303932E-004   1.2304459785433158E-004           4           0           3
  -8.5522668402126926E-005  -4.3296125426000017E-005           4           1           4
   2.4204669927653137E-004   1.2253706536093716E-004           4           3           0
  -8.6503839581154675E-005  -4.3792932261137404E-005           4           4           1
  -9.7234342541375281E-005  -4.9225090708733287E-005           5           2           2
  -2.2833928989908286E-004  -1.1559761785529580E-004           5           3           3
  -1.1024092230617715E-003  -5.5809912043333848E-004          -5          -3          -2
  -1.1009557325924468E-003  -5.5736302602451995E-004          -5          -2          -3
   3.8141918317999171E-005   1.9308961663949640E-005          -3          -5          -2
   3.9036843934590448E-005   1.9762357815570781E-005          -3          -2          -5
  -1.1063514521442832E-003  -5.6009379371692368E-004          -3          -1           2
  -1.1009563013582517E-003  -5.5736278943568376E-004          -3           2          -1
   1.8753925487035195E-004   9.4942212802101068E-005          -2          -5          -3
   1.8781184144258314E-004   9.5080528825207438E-005          -2          -3          -5
   1.1063513633692598E-003   5.6009377680162401E-004          -2           1           3
   1.1024095162945214E-003   5.5809894289008853E-004          -2           3           1
   3.7060765644297631E-005   1.8761464340357755E-005          -1          -3           2
   3.9036787688269628E-005   1.9762396143926508E-005          -1           2          -3
  -1.8688909085130633E-004  -9.4612540964512953E-005           1          -2           3
  -1.8781191216034679E-004  -9.5080509162920882E-005           1           3          -2
   2.3980613229718825E-004   1.2140268080456274E-004           2          -3          -1
   2.3986650064053438E-004   1.2143303122344158E-004           2          -1          -3
  -3.7060852901296363E-005  -1.8761564897991467E-005           2           3           5
  -3.8141970470714003E-005  -1.9309081751742445E-005           2           5           3
  -2.3981926561658369E-004  -1.2140942892448708E-004           3          -2           1
  -2.3986639269622535E-004  -1.2143301230503636E-004           3           1          -2
  -1.8688930418269729E-004  -9.4612669173390306E-005           3           2           5
  -1.8753957636315896E-004  -9.4942299993892195E-005           3           5           2
  -2.3981932970664846E-004  -1.2140947719505040E-004           5           2           3
  -2.3980610088787248E-004  -1.2140269268176655E-004           5           3           2
   1.7688479712827819E-004   8.9549105184568865E-005          -5          -4          -3
   1.7670766365818929E-004   8.9459538434459221E-005          -5          -3          -4
  -4.1172168106049867E-004  -2.0843526042756954E-004          -5          -2          -1
  -4.1073675325258989E-004  -2.0793674675690331E-004          -5          -1          -2
   1.0517004218175914E-004   5.3243175867021736E-005          -4          -5          -3
   1.0554773171840753E-004   5.3434558795632166E-005          -4          -3          -5
   4.1290330793303709E-004   2.0903331001317861E-004          -4          -1           1
   4.1073677006210120E-004   2.0793667419109028E-004          -4           1          -1
   6.5697825719409546E-005   3.3260034456362991E-005          -3          -5          -4
   6.6078516117272916E-005   3.3452666852011007E-005          -3          -4          -5
  -4.1290369485475512E-004  -2.0903321770751672E-004          -3           1           2
  -4.1172213230745297E-004  -2.0843510902186790E-004          -3           2           1
  -6.3965111685803267E-005  -3.2382789252955345E-005          -2          -5          -1
  -6.5153308520154836E-005  -3.2984756443308296E-005          -2          -1          -5
  -1.7865155725271912E-004  -9.0442952833444333E-005          -2          -1           3
  -1.7670753384146814E-004  -8.9459293549481366E-005          -2           3          -1
  -2.7550864821872066E-005  -1.3947773285244584E-005          -1          -5          -2
   6.4016516094323749E-005   3.2408642195271074E-005          -1          -4           1
  -2.8774266091834991E-005  -1.4567078642880566E-005          -1          -2          -5
  -1.0591398389472791E-004  -5.3619630811011468E-005          -1          -2           3
   6.5153371177797433E-005   3.2984734720567116E-005          -1           1          -4
   1.7865180642398544E-004   9.0442950974099529E-005          -1           1           4
  -1.0554751897750292E-004  -5.3434395665854691E-005          -1           3          -2
   1.7688483511892877E-004   8.9548872695825128E-005          -1           4           1
  -1.2788487902585859E-006  -6.4776169936721149E-007           1          -4          -1
  -2.7280935895162431E-005  -1.3810904111332291E-005           1          -3           2
  -6.2681851845918524E-008  -3.2259661144265156E-008           1          -1          -4
   6.5582037881321435E-005   3.3201232435949539E-005           1          -1           4
  -2.8774208418162434E-005  -1.4567048782964606E-005           1           2          -3
  -1.0591421208913131E-004  -5.3619629206787322E-005           1           2           5
   6.6078403442946951E-005   3.3452586324153391E-005           1           4          -1
  -1.0516993621596601E-004  -5.3243112514010307E-005           1           5           2
   1.5221235820071748E-006   7.7087227733014848E-007           2          -3           1
   6.2777738454046688E-008   3.2246484694444189E-008           2           1          -3
  -6.5582033867732779E-005  -3.3201241508873673E-005           2           1           5
  -6.5697688447177716E-005  -3.3260071200343666E-005           2           5           1
   0.0000000000000000        0.0000000000000000                3          -2          -1
   0.0000000000000000        0.0000000000000000                3          -1          -2
   6.4016845369933308E-005   3.2408728459229311E-005           3           4           5
   6.3965488939482477E-005   3.2382932792601599E-005           3           5           4
   0.0000000000000000        0.0000000000000000                4          -1           1
   0.0000000000000000        0.0000000000000000                4           1          -1
   2.7280978497258988E-005   1.3810989272860719E-005           4           3           5
   2.7550838586092279E-005   1.3947905478194130E-005           4           5           3
   0.0000000000000000        0.0000000000000000                5           1           2
   0.0000000000000000        0.0000000000000000                5           2           1
  -1.5221601006218707E-006  -7.7080378970047547E-007           5           3           4
  -1.2789840631403640E-006  -6.4766680535182533E-007           5           4           3
   1.3893103159203274E-004   7.0334757180942641E-005          -5          -4          -4
  -6.0011524932612298E-006  -3.0384267733174870E-006          -5          -4          -2
  -5.8998157071230223E-004  -2.9868035698800210E-004          -5          -3          -1
  -5.5280166935975738E-006  -2.7987067855298652E-006          -5          -2          -4
  -5.8771856162439227E-004  -2.9753470284892025E-004          -5          -1          -3
   2.5856743025261535E-004   1.3090117531234049E-004          -5          -1          -1
  -6.5386339490489933E-005  -3.3101688485773289E-005          -4          -5          -4
   1.8705262329696254E-004   9.4695848801522721E-005          -4          -5          -2
  -6.5334021050212837E-005  -3.3075355994683572E-005          -4          -4          -5
   1.8770692049589210E-004   9.5027623541201525E-005          -4          -2          -5
   5.9152226301855890E-004   2.9945987155869389E-004          -4          -2           1
  -2.5893040822515007E-004  -1.3108450299509616E-004          -4           0           1
   5.8771870859503257E-004   2.9753459797751686E-004          -4           1          -2
  -2.5856755098516160E-004  -1.3090120867334699E-004          -4           1           0
   6.6292427791528067E-005   3.3560239855092023E-005          -3          -5          -1
  -6.4971594847503274E-006  -3.2894152049578976E-006          -3          -2           2
   6.6404258961451481E-005   3.3617139141078020E-005          -3          -1          -5
  -5.5283176550214412E-006  -2.7987501101665820E-006          -3           2          -2
   2.6421486043324958E-004   1.3375931551511561E-004          -2          -5          -4
   2.6446249003189519E-004   1.3388474631701206E-004          -2          -4          -5
  -6.5912705911840919E-005  -3.3368186352223498E-005          -2          -4           1
   1.8678060523901301E-004   9.4557912263200226E-005          -2          -3           2
  -6.6404206239766662E-005  -3.3617206171874142E-005          -2           1          -4
   1.8770681198884112E-004   9.5027585098905845E-005          -2           2          -3
   5.9152265864603445E-004   2.9945980446597633E-004          -2           2           3
   5.8998210332365775E-004   2.9868023255348407E-004          -2           3           2
   1.6575672204331474E-004   8.3915033083666109E-005          -1          -5          -3
  -2.4780206957811913E-004  -1.2545048172229914E-004          -1          -5          -1
   1.6529011315807838E-004   8.3678956256671457E-005          -1          -3          -5
  -2.4865898211388915E-004  -1.2588442751838456E-004          -1          -1          -5
   1.4172908898794074E-004   7.1751452966020390E-005          -1           0           4
  -6.4968669561495238E-006  -3.2893982411336399E-006          -1           2           4
   1.3893081737924803E-004   7.0334523422784995E-005          -1           4           0
  -6.0011192175345250E-006  -3.0385048484063281E-006          -1           4           2
   2.4772799218972258E-004   1.2541283711667062E-004           0          -4           1
  -6.4202803636609454E-005  -3.2502120261119837E-005           0          -1           4
   2.4865893940007484E-004   1.2588439635170232E-004           0           1          -4
  -6.5334292375335471E-005  -3.3075542036669710E-005           0           4          -1
   0.0000000000000000        0.0000000000000000                1          -4          -2
   0.0000000000000000        0.0000000000000000                1          -4           0
   0.0000000000000000        0.0000000000000000                1          -2          -4
   0.0000000000000000        0.0000000000000000                1           0          -4
   6.4202894498674031E-005   3.2502065136605516E-005           1           1           5
  -1.8678103388977639E-004  -9.4557985193751066E-005           1           3           5
   6.5386725050139651E-005   3.3101785073521600E-005           1           5           1
  -1.8705293997069511E-004  -9.4695889975174516E-005           1           5           3
   0.0000000000000000        0.0000000000000000                2          -3          -2
   0.0000000000000000        0.0000000000000000                2          -2          -3
  -1.6603299926897243E-004  -8.4054622445631094E-005           2          -2           3
   2.6380325968130696E-004   1.3355096030742437E-004           2          -1           4
  -1.6529018132728211E-004  -8.3678939775644071E-005           2           3          -2
   2.6446225373052745E-004   1.3388464489196166E-004           2           4          -1
  -6.5912694910173867E-005  -3.3368150170819000E-005           2           4           5
  -6.6292364230286849E-005  -3.3560217886148113E-005           2           5           4
   0.0000000000000000        0.0000000000000000                3          -2           2
  -2.6380325712624533E-004  -1.3355100844765906E-004           3           1           5
   0.0000000000000000        0.0000000000000000                3           2          -2
  -2.6421466328006415E-004  -1.3375930755684236E-004           3           5           1
   0.0000000000000000        0.0000000000000000                4          -1           0
   0.0000000000000000        0.0000000000000000                4          -1           2
   0.0000000000000000        0.0000000000000000                4           0          -1
   0.0000000000000000        0.0000000000000000                4           2          -1
  -1.6603301075348030E-004  -8.4054573191305650E-005           4           2           5
   2.4772803125968739E-004   1.2541278444091908E-004           4           4           5
  -1.6575685110918818E-004  -8.3914961719736125E-005           4           5           2
   2.4780210049971357E-004   1.2545045551413660E-004           4           5           4
   0.0000000000000000        0.0000000000000000                5           1           1
   0.0000000000000000        0.0000000000000000                5           1           3
   0.0000000000000000        0.0000000000000000                5           2           4
   0.0000000000000000        0.0000000000000000                5           3           1
   0.0000000000000000        0.0000000000000000                5           4           2
   0.0000000000000000        0.0000000000000000                5           4           4
  -2.0560595673541421E-004  -1.0408857939098022E-004          -4          -4           0
  -2.0483823850013711E-004  -1.0370020512039014E-004          -4           0          -4
   0.0000000000000000        0.0000000000000000                0          -4          -4
  -2.0560642062052964E-004  -1.0408849696731928E-004           0           4           4
   0.0000000000000000        0.0000000000000000                4           0           4
   0.0000000000000000        0.0000000000000000                4           4           0
  -2.7628930087337521E-005  -1.3987020901871236E-005          -5          -5          -3
  -2.7897281404484784E-005  -1.4123119762406457E-005          -5          -3          -5
  -1.1187552399466128E-004  -5.6636954297786177E-005          -5          -2           0
  -1.1206791951182344E-004  -5.6733994815712345E-005          -5           0          -2
   0.0000000000000000        0.0000000000000000               -3          -5          -5
  -1.1187564176404285E-004  -5.6636987288847184E-005          -3           2           2
   0.0000000000000000        0.0000000000000000               -2          -5           0
   2.6405776936489864E-005   1.3367954469031846E-005          -2          -2           3
   0.0000000000000000        0.0000000000000000               -2           0          -5
   2.7897311706541364E-005   1.4123263231779017E-005          -2           3          -2
   0.0000000000000000        0.0000000000000000                0          -5          -2
   0.0000000000000000        0.0000000000000000                0          -2          -5
   2.6405775823806639E-005   1.3367958328021767E-005           0           2           5
   2.7628916174634473E-005   1.3987076295744057E-005           0           5           2
   0.0000000000000000        0.0000000000000000                2          -3           2
   0.0000000000000000        0.0000000000000000                2           0           5
   0.0000000000000000        0.0000000000000000                2           2          -3
   0.0000000000000000        0.0000000000000000                2           5           0
   0.0000000000000000        0.0000000000000000                3          -2          -2
   0.0000000000000000        0.0000000000000000                5           0           2
   0.0000000000000000        0.0000000000000000                5           2           0
  -2.4831384831711361E-004  -1.2570928864014604E-004          -5          -5          -4
  -2.4838796430668196E-004  -1.2574697253943534E-004          -5          -4          -5
   8.5799619503561781E-005   4.3436034116966551E-005          -5          -4          -1
   8.6780846705585154E-005   4.3932941370623060E-005          -5          -1          -4
   2.0897687746790019E-004   1.0579506205050036E-004          -5          -1           0
   2.0817049792732080E-004   1.0538693004566347E-004          -5           0          -1
   0.0000000000000000        0.0000000000000000               -4          -5          -5
   2.6379766909253135E-004   1.3354816869465611E-004          -4          -5          -1
  -8.5272417096182753E-005  -4.3169276361451050E-005          -4          -3           1
   2.6420934469342648E-004   1.3375668131503855E-004          -4          -1          -5
  -8.6780753940722237E-005  -4.3932988110004611E-005          -4           1          -3
  -2.0897692946122035E-004  -1.0579501999462686E-004          -4           1           1
  -2.6355025863279518E-004  -1.3342291819792336E-004          -3          -4           1
  -2.6420926757007206E-004  -1.3375669946349557E-004          -3           1          -4
   0.0000000000000000        0.0000000000000000               -1          -5          -4
   0.0000000000000000        0.0000000000000000               -1          -5           0
   0.0000000000000000        0.0000000000000000               -1          -4          -5
  -2.4745815174165509E-004  -1.2527604562168087E-004          -1          -1           4
   0.0000000000000000        0.0000000000000000               -1           0          -5
   8.5272427589165646E-005   4.3169279319959814E-005          -1           3           4
  -2.4838787655398221E-004  -1.2574705635814081E-004          -1           4          -1
   8.5799574947298981E-005   4.3436028299120150E-005          -1           4           3
   0.0000000000000000        0.0000000000000000                0          -5          -1
   0.0000000000000000        0.0000000000000000                0          -1          -5
   2.4745826108374527E-004   1.2527606615556994E-004           0           1           5
   2.4831385114820693E-004   1.2570935010053206E-004           0           5           1
   0.0000000000000000        0.0000000000000000                1          -4          -3
   0.0000000000000000        0.0000000000000000                1          -4           1
   0.0000000000000000        0.0000000000000000                1          -3          -4
   0.0000000000000000        0.0000000000000000                1           0           5
   0.0000000000000000        0.0000000000000000                1           1          -4
  -2.6355021238257413E-004  -1.3342288749106324E-004           1           4           5
   0.0000000000000000        0.0000000000000000                1           5           0
  -2.6379754024604248E-004  -1.3354812056730307E-004           1           5           4
   0.0000000000000000        0.0000000000000000                3          -1           4
   0.0000000000000000        0.0000000000000000                3           4          -1
   0.0000000000000000        0.0000000000000000                4          -1          -1
   0.0000000000000000        0.0000000000000000                4          -1           3
   0.0000000000000000        0.0000000000000000                4           1           5
   0.0000000000000000        0.0000000000000000                4           3          -1
   0.0000000000000000        0.0000000000000000                4           5           1
   0.0000000000000000        0.0000000000000000                5           0           1
   0.0000000000000000        0.0000000000000000                5           1           0
   0.0000000000000000        0.0000000000000000                5           1           4
   0.0000000000000000        0.0000000000000000                5           4           1
   2.2961944999348383E-004   1.1624504860626258E-004          -6          -3          -3
   1.6669400216662750E-004   8.4389064957428415E-005          -5          -5          -2
  -2.4462906618344111E-004  -1.2384371500729290E-004          -5          -3           0
   1.6641996339004459E-004   8.4250525913738544E-005          -5          -2          -5
  -2.4362760035615379E-004  -1.2333671109591329E-004          -5           0          -3
   0.0000000000000000        0.0000000000000000               -3          -6          -3
   0.0000000000000000        0.0000000000000000               -3          -5           0
   0.0000000000000000        0.0000000000000000               -3          -3          -6
   1.6716142315072836E-004   8.4625534100040735E-005          -3          -3           2
   0.0000000000000000        0.0000000000000000               -3           0          -5
  -2.3079598848746896E-004  -1.1684048224264881E-004          -3           0           3
   1.6641986077750313E-004   8.4250452173073508E-005          -3           2          -3
  -2.2961947866421891E-004  -1.1624493997034122E-004          -3           3           0
   0.0000000000000000        0.0000000000000000               -2          -5          -5
   2.4462933221900426E-004   1.2384364781623344E-004          -2           3           3
   0.0000000000000000        0.0000000000000000                0          -5          -3
   0.0000000000000000        0.0000000000000000                0          -3          -5
   0.0000000000000000        0.0000000000000000                0          -3           3
   0.0000000000000000        0.0000000000000000                0           3          -3
  -1.6716165716988604E-004  -8.4625490449902964E-005           0           3           5
  -1.6669416418407852E-004  -8.4388990756579404E-005           0           5           3
   0.0000000000000000        0.0000000000000000                2          -3          -3
   0.0000000000000000        0.0000000000000000                3          -3           0
   0.0000000000000000        0.0000000000000000                3          -2           3
   0.0000000000000000        0.0000000000000000                3           0          -3
   0.0000000000000000        0.0000000000000000                3           0           5
   0.0000000000000000        0.0000000000000000                3           3          -2
   0.0000000000000000        0.0000000000000000                3           5           0
   0.0000000000000000        0.0000000000000000                5           0           3
   0.0000000000000000        0.0000000000000000                5           3           0
   2.1943073951416732E-006   1.1107292781152875E-006          -6          -4          -3
   1.9514915456383808E-006   9.8778717910229878E-007          -6          -3          -4
   2.4089865824925032E-004   1.2195515267198506E-004          -6          -3          -2
   2.4088585367871730E-004   1.2194858510247396E-004          -6          -2          -3
   0.0000000000000000        0.0000000000000000               -5          -5          -5
   1.8887789852950907E-004   9.5619253704207105E-005          -5           0           0
   0.0000000000000000        0.0000000000000000               -4          -6          -3
   0.0000000000000000        0.0000000000000000               -4          -3          -6
   2.4083903427790104E-004   1.2192517968853568E-004          -4          -1           2
   2.4088572507814548E-004   1.2194856437545648E-004          -4           2          -1
   0.0000000000000000        0.0000000000000000               -3          -6          -4
   0.0000000000000000        0.0000000000000000               -3          -6          -2
   0.0000000000000000        0.0000000000000000               -3          -4          -6
   0.0000000000000000        0.0000000000000000               -3          -2          -6
  -3.4121847017698289E-006  -1.7270038076205881E-006          -3          -1           3
  -2.4083906539198289E-004  -1.2192520109201882E-004          -3           1           3
  -1.9515074009632137E-006  -9.8768115989791298E-007          -3           3          -1
  -2.4089855930500305E-004  -1.2195513614614103E-004          -3           3           1
   0.0000000000000000        0.0000000000000000               -2          -6          -3
   0.0000000000000000        0.0000000000000000               -2          -3          -6
   3.4122737450034160E-006   1.7269849815829084E-006          -2           1           4
   2.1944481251181904E-006   1.1106455923370632E-006          -2           4           1
   0.0000000000000000        0.0000000000000000               -1          -4           2
   0.0000000000000000        0.0000000000000000               -1          -3           3
   0.0000000000000000        0.0000000000000000               -1           2          -4
   0.0000000000000000        0.0000000000000000               -1           3          -3
   0.0000000000000000        0.0000000000000000                0          -5           0
   0.0000000000000000        0.0000000000000000                0           0          -5
   0.0000000000000000        0.0000000000000000                0           0           5
   0.0000000000000000        0.0000000000000000                0           5           0
   0.0000000000000000        0.0000000000000000                1          -3           3
   0.0000000000000000        0.0000000000000000                1          -2           4
   0.0000000000000000        0.0000000000000000                1           3          -3
   0.0000000000000000        0.0000000000000000                1           4          -2
   0.0000000000000000        0.0000000000000000                2          -4          -1
   0.0000000000000000        0.0000000000000000                2          -1          -4
   0.0000000000000000        0.0000000000000000                3          -3          -1
   0.0000000000000000        0.0000000000000000                3          -3           1
   0.0000000000000000        0.0000000000000000                3          -1          -3
   0.0000000000000000        0.0000000000000000                3           1          -3
   0.0000000000000000        0.0000000000000000                4          -2           1
   0.0000000000000000        0.0000000000000000                4           1          -2
   0.0000000000000000        0.0000000000000000                5           0           0
   0.0000000000000000        0.0000000000000000               -6          -4          -4
   9.6866199621994841E-005   4.9038662140341119E-005          -6          -2          -2
   0.0000000000000000        0.0000000000000000               -4          -6          -4
   0.0000000000000000        0.0000000000000000               -4          -4          -6
   9.6016535125117256E-005   4.8609078568580341E-005          -4           0           2
   9.6866013802076131E-005   4.9038724782049204E-005          -4           2           0
   0.0000000000000000        0.0000000000000000               -2          -6          -2
   0.0000000000000000        0.0000000000000000               -2          -2          -6
   0.0000000000000000        0.0000000000000000               -2           0           4
   0.0000000000000000        0.0000000000000000               -2           4           0
   0.0000000000000000        0.0000000000000000                0          -4           2
   0.0000000000000000        0.0000000000000000                0          -2           4
   0.0000000000000000        0.0000000000000000                0           2          -4
   0.0000000000000000        0.0000000000000000                0           4          -2
   0.0000000000000000        0.0000000000000000                2          -4           0
   0.0000000000000000        0.0000000000000000                2           0          -4
   0.0000000000000000        0.0000000000000000                4          -2           0
   0.0000000000000000        0.0000000000000000                4           0          -2
   0.0000000000000000        0.0000000000000000               -6          -4          -2
   0.0000000000000000        0.0000000000000000               -6          -2          -4
   0.0000000000000000        0.0000000000000000               -4          -6          -2
   0.0000000000000000        0.0000000000000000               -4          -2          -6
   0.0000000000000000        0.0000000000000000               -4          -2           2
   0.0000000000000000        0.0000000000000000               -4           2          -2
   0.0000000000000000        0.0000000000000000               -2          -6          -4
   0.0000000000000000        0.0000000000000000               -2          -4          -6
   0.0000000000000000        0.0000000000000000               -2          -4           2
   0.0000000000000000        0.0000000000000000               -2           2          -4
   0.0000000000000000        0.0000000000000000                2          -4          -2
   0.0000000000000000        0.0000000000000000                2          -2          -4
   0.0000000000000000        0.0000000000000000               -5          -5          -1
   0.0000000000000000        0.0000000000000000               -5          -4           0
   0.0000000000000000        0.0000000000000000               -5          -1          -5
   0.0000000000000000        0.0000000000000000               -5           0          -4
   0.0000000000000000        0.0000000000000000               -4          -5           0
   0.0000000000000000        0.0000000000000000               -4          -4           1
   0.0000000000000000        0.0000000000000000               -4           0          -5
   0.0000000000000000        0.0000000000000000               -4           1          -4
   0.0000000000000000        0.0000000000000000               -1          -5          -5
   0.0000000000000000        0.0000000000000000                0          -5          -4
   0.0000000000000000        0.0000000000000000                0          -4          -5
   0.0000000000000000        0.0000000000000000                1          -4          -4
