         718          24          24          24
  -1.9110963471725846E-008  -9.0338897587207721E-009           0           0           0
  -9.9054658317939484E-002 -0.45585959655281799               -1          -1          -1
   3.2414619294586548E-002  0.14917417495669882               -1           0           0
   8.6336789899915580E-004   3.9733100434185577E-003           0          -1           0
  -1.4752057107840668E-008   1.6027782654724158E-008           0           0          -1
   8.3849988498561971E-009  -1.4736084926716477E-010           0           0           1
  -2.5698886031033557E-003  -1.1826990822635041E-002           0           1           0
  -9.6484789530031298E-002 -0.44403258017558384                1           0           0
   3.3278006178739369E-002  0.15314750142429834                1           1           1
  -8.6212188027538755E-003  -3.9675564833661602E-002          -1          -1           0
   9.6485481232681927E-002  0.44403243065693776               -1           0          -1
   2.5699385189680208E-003   1.1826976980896417E-002           0          -1          -1
  -2.2367016338972637E-004  -1.0293586735275692E-003           0           1           1
  -8.3975493352263335E-003  -3.8646200251444190E-002           1           0           1
   9.9055448320033018E-002  0.45585942228343301                1           1           0
  -1.4998896453836589E-002  -6.9026302187289335E-002          -2          -1          -1
  -1.2616144214126091E-002  -5.8061039069206975E-002          -1          -2          -1
  -3.3277751183318126E-002 -0.15314755104991942               -1          -1          -2
   2.1640715214985805E-003   9.9591592107978379E-003          -1           0           1
   2.1223356577587146E-003   9.7667548940167260E-003          -1           1           0
   5.7643237479853873E-005   2.6526536593988689E-004           0          -1           1
  -8.6336652803303186E-004  -3.9733010422638021E-003           0           1          -1
  -1.2160122203457841E-002  -5.5962352820169224E-002           1          -1           0
  -3.2414383055906222E-002 -0.14917422810855352                1           0          -1
   2.2217057762504806E-003   1.0224431778195349E-002           1           1           2
   2.8387859516490485E-003   1.3063955518858219E-002           1           2           1
   1.4738489148627370E-002   6.7827791351920561E-002           2           1           1
  -3.3267897539327563E-004  -1.5312339772890050E-003          -2          -2          -1
  -1.4738513572704552E-002  -6.7827782859858632E-002          -2          -1          -2
  -2.8838170657462031E-003  -1.3271572965857596E-002          -2          -1           0
   7.5870645117623817E-003   3.4916400778808344E-002          -2           0          -1
  -2.8386326382556174E-003  -1.3063994388788700E-002          -1          -2          -2
  -4.3454495847532332E-003  -1.9998174618282835E-002          -1          -2           0
  -2.1058673379668053E-004  -9.6912273006314817E-004          -1          -1           1
   8.3975412435257340E-003   3.8646201875367395E-002          -1           0          -2
   1.2160321625924283E-002   5.5962311089280847E-002          -1           1          -1
  -1.6154042682240380E-003  -7.4342860482520144E-003          -1           1           1
   2.0208969007479919E-004   9.3001433242292085E-004           0          -2          -1
   2.2367270010175948E-004   1.0293585026040547E-003           0          -1          -2
  -5.4656213648179804E-006  -2.5140758755442106E-005           0           1           2
   8.6287682781202056E-006   3.9726770241927672E-005           0           2           1
  -2.1221648145461434E-003  -9.7667888064893269E-003           1          -1          -1
  -4.3116656800290167E-003  -1.9842695420874277E-002           1          -1           1
  -2.0512697691492859E-004  -9.4397582180096278E-004           1           0           2
   8.6212258002687104E-003   3.9675567316888330E-002           1           1          -1
   1.2616351310400953E-002   5.8060991712427207E-002           1           2           0
  -1.4278480931573835E-003  -6.5711205187342281E-003           1           2           2
   3.2404356244159806E-004   1.4915083474442445E-003           2           0           1
   1.4998957249410728E-002   6.9026293973096425E-002           2           1           0
   2.7300447229765736E-003   1.2563889786514361E-002           2           1           2
  -7.7891497594543557E-003  -3.5846414463940039E-002           2           2           1
   7.7891895493640822E-003   3.5846402485273481E-002          -2          -2          -2
   4.0165785475245819E-003   1.8484579786086586E-002          -2           0           0
   1.0698437769571985E-004   4.9234439493647450E-004           0          -2           0
   5.2943660902277790E-010  -4.3263506196242647E-009           0           0          -2
  -1.7568680701995761E-010   1.3075511778321763E-009           0           0           2
  -2.0208552567329489E-004  -9.3001415856116230E-004           0           2           0
  -7.5871127796105567E-003  -3.4916390121270770E-002           2           0           0
  -4.1235603912847330E-003  -1.8976926994913049E-002           2           2           2
  -1.2484557366302797E-003  -5.7455456008922816E-003          -2          -2           0
  -3.2413904296411369E-004  -1.4914869364540157E-003          -2           0          -2
  -8.6329187936983074E-006  -3.9725942605075418E-005           0          -2          -2
   3.2388533068729982E-005   1.4906642641456766E-004           0           2           2
   1.2160624277820426E-003   5.5964812205778073E-003           2           0           2
   3.3277092534352064E-004   1.5312134094822003E-003           2           2           0
   2.5738783982809151E-003   1.1845233659950499E-002          -3          -2          -2
  -9.3300717158967261E-004  -4.2937504142464980E-003          -3          -1          -1
   4.7212552712293009E-003   2.1727672651058769E-002          -2          -3          -2
   4.1235435505652569E-003   1.8976929557840031E-002          -2          -2          -3
   2.8405223443923834E-004   1.3072005412603715E-003          -2           0           1
   1.5950998684262220E-003   7.3406771963456857E-003          -2           1           0
   6.0330727208987404E-004   2.7764047568996004E-003          -1          -3          -1
  -2.2216866176270754E-003  -1.0224431354106963E-002          -1          -1          -3
   1.0348984959881429E-004   4.7625783182464449E-004          -1           0           2
  -2.3301519281831128E-003  -1.0723591643424528E-002          -1           2           0
   7.5668015971281306E-006   3.4817158749577220E-005           0          -2           1
   2.7574295940838686E-006   1.2685426047441350E-005           0          -1           2
  -5.7639063648341414E-005  -2.6526641375156779E-004           0           1          -2
  -1.0698239784171275E-004  -4.9234350804324713E-004           0           2          -1
   6.7064541975734790E-004   3.0862920451099011E-003           1          -2           0
  -2.1640414048231401E-003  -9.9591686844913499E-003           1           0          -2
   1.0624449612737624E-004   4.8894332910529861E-004           1           1           3
  -2.1408837726722995E-003  -9.8525630203045930E-003           1           3           1
  -4.7147675039640163E-003  -2.1697796439645409E-002           2          -1           0
  -4.0165619167785872E-003  -1.8484584745031028E-002           2           0          -1
  -2.9161571857090309E-004  -1.3420214944791938E-003           2           2           3
  -1.6036518629165631E-003  -7.3800453487706356E-003           2           3           2
   2.3911075812887623E-003   1.1004079959376533E-002           3           1           1
  -9.9179100779733711E-004  -4.5642742676708752E-003           3           2           2
   1.6201740202961500E-003   7.4561571059567257E-003          -3          -2          -1
  -2.3911128402850741E-003  -1.1004078684015038E-002          -3          -1          -2
   2.8279081206456212E-003   1.3014234788417544E-002          -2          -3          -1
  -2.7300444249775549E-003  -1.2563888063155199E-002          -2          -1          -3
  -5.8878318687308727E-004  -2.7096250528796028E-003          -2          -1           1
   4.7147907299696654E-003   2.1697791447333043E-002          -2           1          -1
   2.1408982561403099E-003   9.8525588423648038E-003          -1          -3          -2
   1.4278677933362476E-003   6.5711173048345860E-003          -1          -2          -3
  -8.8043318423345045E-004  -4.0518198124961423E-003          -1          -2           1
   4.3116893474144241E-003   1.9842689972033437E-002          -1           1          -2
  -3.2268058721637643E-004  -1.4849973296278396E-003          -1           1           2
  -1.3150096881707032E-003  -6.0517630114314703E-003          -1           2           1
   2.3301708323299457E-003   1.0723588255416232E-002           1          -2          -1
   1.6154306884031200E-003   7.4342804840566755E-003           1          -1          -2
  -8.7334664640980415E-004  -4.0192003833457515E-003           1          -1           2
   4.3454738702614019E-003   1.9998170263532563E-002           1           2          -1
  -2.8456168859511063E-004  -1.3095773528230170E-003           1           2           3
  -1.1996045626926147E-003  -5.5206711682492700E-003           1           3           2
  -2.8197822142105372E-003  -1.2976826780947311E-002           2          -1           1
   2.8838209811539997E-003   1.3271573199665654E-002           2           1          -1
   5.5775436694281482E-004   2.5668205620332204E-003           2           1           3
  -4.7212808914445757E-003  -2.1727667763671348E-002           2           3           1
   1.5129020665321426E-003   6.9624703207815872E-003           3           1           2
  -2.5738897947001596E-003  -1.1845232420953335E-002           3           2           1
   1.0816942609126101E-003   4.9781168904809948E-003          -3          -3          -2
   9.9177746802789042E-004   4.5642758730667339E-003          -3          -2          -3
   3.9173714946341013E-005   1.8029703464805528E-004          -3          -1           0
   7.2046993577024770E-004   3.3157325735882251E-003          -3           0          -1
   1.6036123807752350E-003   7.3800534978500929E-003          -2          -3          -3
  -3.7845262819387158E-004  -1.7417148366456309E-003          -2           1           1
  -3.2084863112767892E-004  -1.4765922222409694E-003          -1          -3           0
   4.0889833187366601E-005   1.8817489481730350E-004          -1          -1           2
   2.0511238788142454E-004   9.4398049377115154E-004          -1           0          -3
  -6.7061498355999326E-004  -3.0862994902679367E-003          -1           2          -1
   1.9190262605174711E-005   8.8316351570335452E-005           0          -3          -1
   5.4611814059221611E-006   2.5145131340530747E-005           0          -1          -3
   1.0597621916728893E-006   4.8828078898051465E-006           0           1           3
   2.8063289084552166E-005   1.2915492150780531E-004           0           3           1
  -3.3197065421815199E-004  -1.5277859316380237E-003           1          -2           1
   3.9826784666326172E-005   1.8329326669586272E-004           1           0           3
   2.1058076575603105E-004   9.6912369116259722E-004           1           1          -2
  -6.0327988744524974E-004  -2.7764106162708191E-003           1           3           0
  -1.5950585139912544E-003  -7.3406868677492361E-003           2          -1          -1
   3.7114622710481080E-004   1.7080810683157974E-003           2           3           3
   1.0536303506331283E-003   4.8489617189105610E-003           3           0           1
   9.3299755810259644E-004   4.2937534494904440E-003           3           1           0
   5.7606153238087601E-005   2.6512090054414640E-004           3           2           3
   7.3965948504903169E-004   3.4040476621523996E-003           3           3           2
  -7.3969009134678754E-004  -3.4040418799826540E-003          -3          -3          -3
   1.4089133894472764E-003   6.4839471517404200E-003          -3          -3          -1
   4.8249665524140379E-004   2.2204788522372952E-003          -3          -2           0
  -1.5128919623974507E-003  -6.9624729973232170E-003          -3          -1          -3
  -1.0536591734041847E-003  -4.8489558326077573E-003          -3           0          -2
   8.2572895525134847E-004   3.8000937213250791E-003          -3           0           0
   5.9674106362699584E-004   2.7462270235537058E-003          -2          -3           0
  -5.5914674123377190E-004  -2.5732380351790574E-003          -2          -2           1
  -1.2160875060353905E-003  -5.5964749948722581E-003          -2           0          -3
   2.8197662389414287E-003   1.2976831140115412E-002          -2           1          -2
   1.1995997095623990E-003   5.5206724750973242E-003          -1          -3          -3
  -1.3293457497817924E-004  -6.1175668782489294E-004          -1           2           2
  -2.8064736847547782E-005  -1.2915357918879573E-004           0          -3          -2
   2.1993742172535496E-005   1.0121716729028044E-004           0          -3           0
  -3.2392017049266171E-005  -1.4906331426629011E-004           0          -2          -3
  -2.0674171394228868E-009  -6.5584279692724886E-010           0           0          -3
  -7.3082983169151044E-010   5.8463874817808401E-010           0           0           3
   1.4506327966898881E-005   6.6761541067038578E-005           0           2           3
  -1.9191606389557067E-005  -8.8315371573862564E-005           0           3           0
   3.6553478761329423E-005   1.6822242652482245E-004           0           3           2
   1.3150035045109956E-003   6.0517645024842862E-003           1          -2          -2
  -1.0493272596678169E-004  -4.8290038755048744E-004           1           3           3
  -5.8743158670325371E-004  -2.7033771718368198E-003           2          -1           2
   5.4463920925337090E-004   2.5064763225314279E-003           2           0           3
   1.2484769246558481E-003   5.7455411077356466E-003           2           2          -1
  -2.8278935296219354E-003  -1.3014237826326767E-002           2           3           0
  -7.2049945836095259E-004  -3.3157255584593892E-003           3           0           0
   1.3723605697508615E-003   6.3157242028776504E-003           3           0           2
   4.6380867743972510E-004   2.1344683822499201E-003           3           1           3
  -1.6201651297602674E-003  -7.4561588330597402E-003           3           2           0
  -1.0817233876606776E-003  -4.9781105535892803E-003           3           3           1
   8.4772216362951638E-004   3.9013105358072647E-003           3           3           3
  -9.7574777095308496E-005  -4.4904601860572697E-004          -4          -2          -2
   4.2310139743853434E-004   1.9471843856725443E-003          -2          -4          -2
   2.9160713861676340E-004   1.3420214125732265E-003          -2          -2          -4
  -7.2587704399061108E-005  -3.3406489502271335E-004          -2           0           2
  -5.4627007717797664E-004  -2.5140217892637077E-003          -2           2           0
  -1.9327153995443929E-006  -8.8979785904863949E-006           0          -2           2
  -7.5650175445314400E-006  -3.4817902781876919E-005           0           2          -2
  -4.4025043781301479E-004  -2.0261069952318108E-003           2          -2           0
  -2.8404021306207639E-004  -1.3072047448870778E-003           2           0          -2
   7.4522367406404348E-005   3.4296199860099055E-004           2           2           4
   5.3782477611985838E-004   2.4751524454346401E-003           2           4           2
   1.2316897786546815E-004   5.6683710260014848E-004           4           2           2
  -5.0206395100636802E-004  -2.3105191934117263E-003          -4          -3          -2
  -1.2317038931924240E-004  -5.6683692720056473E-004          -4          -2          -3
   1.7161592522037711E-004   7.8978728462206834E-004          -4          -2          -1
  -7.2176324645325455E-004  -3.3216261286673171E-003          -4          -1          -2
  -6.3613891028743643E-004  -2.9275297661971564E-003          -3          -4          -2
  -5.7612194628572451E-005  -2.6512113036277206E-004          -3          -2          -4
  -4.9104762824335026E-005  -2.2597844500931157E-004          -3          -1           1
   1.2950665036769520E-003   5.9600219482216915E-003          -3           1          -1
  -5.3784093711603032E-004  -2.4751496732887709E-003          -2          -4          -3
   7.4617037045308292E-004   3.4339450842669965E-003          -2          -4          -1
  -3.7116175167291494E-004  -1.7080796222050921E-003          -2          -3          -4
  -5.5775020905672536E-004  -2.5668216307006817E-003          -2          -1          -4
  -1.3090111080320290E-004  -6.0241929498403880E-004          -2          -1           2
  -2.1252100663448579E-004  -9.7804719070933538E-004          -2           1           2
   4.4026682800713099E-004   2.0261030504113995E-003          -2           2          -1
  -6.1004350960178417E-004  -2.8074824904563735E-003          -2           2           1
   5.2469675011346630E-004   2.4147045584637450E-003          -1          -4          -2
  -2.4952553268612986E-004  -1.1483379665199914E-003          -1          -3           1
   2.8456169197435506E-004   1.3095764266333140E-003          -1          -2          -4
  -1.2130047553686558E-004  -5.5823339703440296E-004          -1          -2           2
   8.7334169667676155E-004   4.0192012779252141E-003          -1           1          -3
   6.7227209471298399E-006   3.0943750095189288E-005          -1           1           3
   3.3198267531284328E-004   1.5277827020433313E-003          -1           2          -2
  -1.5434388354874386E-004  -7.1028529943315834E-004          -1           3           1
   5.7841640074472961E-004   2.6619247305310336E-003           1          -3          -1
  -2.5387788115539464E-004  -1.1683695553342014E-003           1          -2           2
   3.2267900209261344E-004   1.4849986967385368E-003           1          -1          -3
  -1.1763572858364518E-004  -5.4136299682947908E-004           1          -1           3
   8.8043044799526824E-004   4.0518210889607048E-003           1           2          -2
   1.3266774175314970E-005   6.1054990536232303E-005           1           2           4
   3.2085770583258419E-004   1.4765906204632440E-003           1           3          -1
  -1.2481288141941160E-004  -5.7438815496887563E-004           1           4           2
   5.4628693779917490E-004   2.5140171820048304E-003           2          -2          -1
  -7.5784823452579937E-004  -3.4876869238767644E-003           2          -2           1
   3.7847036050327827E-004   1.7417093651232868E-003           2          -1          -2
   5.8878131819467886E-004   2.7096254760112007E-003           2           1          -2
   1.2802453845443042E-004   5.8917582409252170E-004           2           1           4
   2.0477360201616188E-004   9.4239110132110298E-004           2           3           4
  -4.2311668584705587E-004  -1.9471812736112401E-003           2           4           1
   5.8623181478679564E-004   2.6978997166250181E-003           2           4           3
  -6.2687760626655787E-004  -2.8849062985513547E-003           3          -1           1
  -3.9180196675790164E-005  -1.8029482861330428E-004           3           1          -1
  -3.7004069315174118E-005  -1.7029070338936680E-004           3           2           4
   1.3001780525823065E-003   5.9835510202567452E-003           3           4           2
   4.8179604225057787E-004   2.2172435010679912E-003           4           1           2
   9.7574699086308534E-005   4.4904593314768550E-004           4           2           1
  -1.3612731827223500E-004  -6.2646237918632052E-004           4           2           3
   7.7036848121915763E-004   3.5453176038021342E-003           4           3           2
  -7.7037528031400563E-004  -3.5453167953764389E-003          -4          -3          -3
  -2.3537085192678136E-004  -1.0831952455678455E-003          -4          -1          -1
  -1.3001876026263641E-003  -5.9835500671773763E-003          -3          -4          -3
  -8.4773167690283641E-004  -3.9013096122119386E-003          -3          -3          -4
   6.2229095705475777E-004   2.8638277754025211E-003          -3          -3           0
  -1.3723647849845377E-003  -6.3157232747253428E-003          -3           0          -3
   1.5214396864537285E-004   7.0017762630101687E-004          -3           0           1
   7.0426099276181813E-004   3.2410588406690637E-003          -3           1           0
   4.3858992964786490E-004   2.0184213235516046E-003          -1          -4          -1
  -1.0624255437567071E-004  -4.8894283398117288E-004          -1          -1          -4
   4.7882363697706405E-005   2.2035891368088256E-004          -1           0           3
  -5.7841955505872201E-004  -2.6619242560023014E-003          -1           3           0
  -3.6553917542117413E-005  -1.6822183488295655E-004           0          -3          -3
   4.0526324485697516E-006   1.8649375414203309E-005           0          -3           1
   1.2751425646834869E-006   5.8697055926260521E-006           0          -1           3
  -2.7565675032913814E-006  -1.2686520521430116E-005           0           1          -3
  -2.1994492140424773E-005  -1.0121648075279623E-004           0           3          -1
   1.6145329729686994E-005   7.4300012240414577E-005           0           3           3
   4.6361770861052913E-004   2.1335993175043725E-003           1          -3           0
  -1.0348592745439924E-004  -4.7625930378362096E-004           1           0          -3
   4.9158044870542902E-005   2.2622728139133671E-004           1           1           4
  -5.2469855346053466E-004  -2.4147038329985367E-003           1           4           1
  -1.2950751870706727E-003  -5.9600191433851861E-003           3          -1           0
  -8.2573824392962955E-004  -3.8000915171486813E-003           3           0          -1
   6.0614673881053934E-004   2.7895265845522209E-003           3           0           3
  -1.4089173571084196E-003  -6.4839464423222153E-003           3           3           0
   1.5619598163636657E-004   7.1882798219949416E-004           3           3           4
   6.9898778483472486E-004   3.2167955755146938E-003           3           4           3
   7.2176942724088355E-004   3.3216245159625752E-003           4           1           1
   2.6567026127605279E-004   1.2226385497845736E-003           4           3           3
   5.7525387017635308E-005   2.6474385981802891E-004          -4          -3          -1
  -4.8178775911817328E-004  -2.2172455034801179E-003          -4          -1          -3
   1.5549325693471470E-004   7.1560684903216253E-004          -3          -4          -1
  -1.3781803576942620E-005  -6.3425027783446371E-005          -3          -2           1
  -4.6380237470944547E-004  -2.1344704236000880E-003          -3          -1          -4
   6.2686313667332117E-004   2.8849099955880961E-003          -3           1          -2
  -5.7341614301248547E-005  -2.6389461601528862E-004          -2          -3           1
   5.8741924479958582E-004   2.7033804461228288E-003          -2           1          -3
   1.2480769887796467E-004   5.7438885224383941E-004          -1          -4          -3
   1.0492816908441022E-004   4.8290020285656035E-004          -1          -3          -4
   4.6270008855129048E-005   2.1294464259915879E-004          -1           2           3
   1.0475202880539628E-004   4.8208719011163636E-004          -1           3           2
   1.5433735471588673E-004   7.1028743716881556E-004           1          -3          -2
   1.3292774108369465E-004   6.1175951189318812E-004           1          -2          -3
   4.4425471923663250E-005   2.0445156835095798E-004           1           3           4
   9.9225816444902583E-005   4.5665143697148219E-004           1           4           3
   5.8206148771083660E-005   2.6787724811629397E-004           2          -1           3
  -5.9673015968754776E-004  -2.7462292229837558E-003           2           3          -1
   1.5675042404454933E-004   7.2139571846779470E-004           3          -1           2
  -1.1070466155133456E-005  -5.0950559326609963E-005           3           1           4
  -4.8249162675321274E-004  -2.2204796266522275E-003           3           2          -1
   6.3612426175513055E-004   2.9275325335898078E-003           3           4           1
  -5.0740292086330192E-005  -2.3351995534697396E-004           4           1           3
   5.0205506935767634E-004   2.3105208573802106E-003           4           3           1
  -6.4574569935120334E-004  -2.9717812941634832E-003          -4          -4          -3
  -2.6567016839267765E-004  -1.2226384158047043E-003          -4          -3          -4
   4.7315901440840176E-005   2.1775678317442927E-004          -4          -1           0
  -9.5376548323484100E-005  -4.3891528784422557E-004          -4           0          -1
  -6.9898543515193126E-004  -3.2167961195866367E-003          -3          -4          -4
   6.6769847496306163E-005   3.0726893861582940E-004          -3           1           1
   1.0949893830004221E-004   5.0391842853951844E-004          -1          -4           0
   4.7805300264822291E-005   2.2000319406101821E-004          -1          -1           3
  -3.9829039903250179E-005  -1.8329206048184698E-004          -1           0          -4
  -4.6361509687452789E-004  -2.1335999799221863E-003          -1           3          -1
  -2.5404027959530225E-006  -1.1690329894332017E-005           0          -4          -1
  -1.0614731600953306E-006  -4.8812607162303358E-006           0          -1          -4
   1.2401348262923300E-006   5.7076824397894346E-006           0           1           4
   1.6753643488005004E-005   7.7100998294848158E-005           0           4           1
   1.1001740155344248E-004   5.0630198210695069E-004           1          -3           1
   4.6564798922800186E-005   2.1429500114498472E-004           1           0           4
  -4.0888985745883566E-005  -1.8817540882179682E-004           1           1          -3
  -4.3858703192483110E-004  -2.0184218933608430E-003           1           4           0
  -7.0425838752136670E-004  -3.2410595669076364E-003           3          -1          -1
   6.2700893796230854E-005   2.8854627698421680E-004           3           4           4
   6.2899280838586312E-004   2.8946795894426742E-003           4           0           1
   2.3537129191095727E-004   1.0831953355737122E-003           4           1           0
  -4.2729730803650861E-005  -1.9664845748364657E-004           4           3           4
   9.7916689204489475E-005   4.5060649635718337E-004           4           4           3
  -6.2381389404702692E-004  -2.8708345045828677E-003          -4          -4          -2
   1.3612499370643794E-004   6.2646256764099177E-004          -4          -2          -4
   1.6820772388656226E-004   7.7410383112433792E-004          -4          -2           0
  -6.2899461255335994E-004  -2.8946792274270774E-003          -4           0          -2
  -5.8623703025607844E-004  -2.6978994638208382E-003          -2          -4          -4
   3.3743016613728102E-004   1.5528778707902563E-003          -2          -4           0
  -1.5116150557430545E-004  -6.9565705141549493E-004          -2          -2           2
  -5.4463991536271594E-004  -2.5064758037932127E-003          -2           0          -4
   7.5785176022559572E-004   3.4876860119498294E-003          -2           2          -2
  -1.8272781326795140E-004  -8.4092592619012954E-004          -2           2           2
  -1.6753619044921657E-005  -7.7100929905493079E-005           0          -4          -2
  -1.4506856986428236E-005  -6.6760521838865987E-005           0          -2          -4
   3.9218060528021934E-006   1.8048035973573483E-005           0           2           4
   1.6184925363211793E-005   7.4482049459791334E-005           0           4           2
   6.1004875958900256E-004   2.8074807950168000E-003           2          -2          -2
  -3.3781719947983773E-004  -1.5546571397358070E-003           2          -2           2
   1.4724013329558324E-004   6.7760826198454247E-004           2           0           4
   5.5914629443653858E-004   2.5732384215884571E-003           2           2          -2
  -7.4617301248209819E-004  -3.4339446720179187E-003           2           4           0
   1.6960898117103707E-004   7.8055420125978925E-004           2           4           4
   6.0762969066055473E-004   2.7963513531040003E-003           4           0           2
  -1.7161388554668187E-004  -7.8978767259332524E-004           4           2           0
  -1.5470289410331504E-004  -7.1195110603266719E-004           4           2           4
   6.4574760142128648E-004   2.9717808333971289E-003           4           4           2
  -9.7910532304476935E-005  -4.5060766152608348E-004          -4          -4          -4
   1.3699417710459633E-004   6.3046778267380197E-004          -4           0           0
   3.6486970392110080E-006   1.6793033190077507E-005           0          -4           0
  -6.5417057578339764E-010   8.6689307542324510E-011           0           0          -4
  -2.8830963519434907E-010   1.5825263025570203E-010           0           0           4
   2.5402734519467418E-006   1.1691136630284745E-005           0           4           0
   9.5370337669216674E-005   4.3891669970326839E-004           4           0           0
  -1.4064313439372643E-004  -6.4726009414689230E-004           4           4           4
  -1.0071902495949910E-004  -4.6351730740638901E-004          -5          -3          -3
  -4.8924162405127250E-005  -2.2515406661431027E-004          -5          -2          -2
  -1.6995562606158968E-004  -7.8214307230609222E-004          -4          -4          -1
   1.5930447801087554E-004   7.3313253650918067E-004          -4          -3           0
   5.0743838493750586E-005   2.3351926622385279E-004          -4          -1          -4
  -6.0762606972270363E-004  -2.7963525728727781E-003          -4           0          -3
  -4.2558357437280691E-004  -1.9585750752383595E-003          -3          -5          -3
   2.1501869649275164E-004   9.8953525049701304E-004          -3          -4           0
  -1.5619603261732995E-004  -7.1882775224771161E-004          -3          -3          -5
   9.2115181413629570E-005   4.2391948334666318E-004          -3          -3           1
  -6.0614309479750195E-004  -2.7895275567602004E-003          -3           0          -4
  -5.0127841909667095E-007  -2.3101792311189747E-006          -3           0           2
  -1.5675750511895365E-004  -7.2139404923243094E-004          -3           1          -3
   1.0958545919034099E-004   5.0430936731065302E-004          -3           2           0
  -1.5168893345004041E-004  -6.9807566070163168E-004          -2          -5          -2
  -7.4524520915838629E-005  -3.4296253726950144E-004          -2          -2          -5
   5.6620845917179325E-006   2.6056077106270041E-005          -2           0           3
  -3.4502631898617700E-004  -1.5878446104310398E-003          -2           3           0
  -9.9228766634872222E-005  -4.5665174418491294E-004          -1          -4          -4
   6.2856894384032976E-005   2.8927404971979535E-004          -1           3           3
  -1.6184481997377164E-005  -7.4481836427134809E-005           0          -4          -3
  -1.6144951857754600E-005  -7.4300373992965805E-005           0          -3          -4
  -1.3130727814291517E-008  -6.1698238981703514E-008           0          -3           2
   1.5083701806799105E-007   6.9400047442480668E-007           0          -2           3
   1.9335353192165432E-006   8.8974601041074148E-006           0           2          -3
  -4.0526243289776176E-006  -1.8649259931422459E-005           0           3          -2
   2.3900385139871519E-006   1.0998084713153375E-005           0           3           4
   4.4095495384494948E-006   2.0291943418363927E-005           0           4           3
  -1.0475555950276874E-004  -4.8208538513266961E-004           1          -3          -3
   5.3145266586814480E-005   2.4458031098624565E-004           1           4           4
   1.5330460165397433E-004   7.0551049784351339E-004           2          -3           0
   7.2591633191667566E-005   3.3406343702590050E-004           2           0          -3
  -5.8127674183070416E-006  -2.6749940041086833E-005           2           2           5
   3.3137135261404886E-004   1.5250046524958685E-003           2           5           2
  -4.3209092637199787E-004  -1.9885215761283538E-003           3          -2           0
   2.1244971780875853E-004   9.7771258153076922E-004           3          -1           3
  -1.5214378706084739E-004  -7.0017795178391954E-004           3           0          -2
   8.9725670943233086E-005   4.1292088993881876E-004           3           0           4
  -6.2228763582652382E-004  -2.8638283803786701E-003           3           3          -1
  -5.1503615411297197E-007  -2.3711372714568310E-006           3           3           5
  -1.5549939659048370E-004  -7.1560549896177437E-004           3           4           0
   1.0438044953480868E-004   4.8035711326300471E-004           3           5           3
   1.6554646337047576E-004   7.6185046392874352E-004           4           0           3
  -1.5216182871532490E-004  -7.0026093712331923E-004           4           1           4
  -5.7528467801494328E-005  -2.6474310102842283E-004           4           3           0
   6.2380961362650184E-004   2.8708347632206499E-003           4           4           1
  -8.0557571285568623E-005  -3.7072998209434669E-004           5           2           2
  -4.2103694386771044E-005  -1.9376569966082243E-004           5           3           3
  -1.7065710031908946E-004  -7.8537559897548677E-004          -5          -3          -2
   8.0556860840778644E-005   3.7073018745896561E-004          -5          -2          -3
  -3.7282801979907055E-004  -1.7157802647062466E-003          -3          -5          -2
   3.7001954968645496E-005   1.7029076710527486E-004          -3          -2          -5
  -3.8730531059761071E-005  -1.7824107337810095E-004          -3          -1           2
   4.3209282258246419E-004   1.9885212589008799E-003          -3           2          -1
  -3.3137391968215361E-004  -1.5250046334964629E-003          -2          -5          -3
  -2.0477635057609405E-004  -9.4239106080154891E-004          -2          -3          -5
  -2.7120853198158480E-005  -1.2481190292248595E-004          -2           1           3
  -2.1751956341896323E-004  -1.0010397972598205E-003          -2           3           1
  -6.3508008198629630E-005  -2.9226906831025952E-004          -1          -3           2
   2.5387900973526179E-004   1.1683687602146579E-003          -1           2          -3
  -6.3199048408074833E-005  -2.9084569767680400E-004           1          -2           3
   2.4952594590250981E-004   1.1483383920630245E-003           1           3          -2
   3.4502847521601399E-004   1.5878436274715481E-003           2          -3          -1
   2.1252437324513054E-004   9.7804621118477647E-004           2          -1          -3
   2.4468230695346537E-005   1.1260527212161982E-004           2           3           5
   2.0341881460166569E-004   9.3614912340103651E-004           2           5           3
  -3.7407627242413017E-004  -1.7215239189438459E-003           3          -2           1
   4.9102258418901741E-005   2.2597904894952904E-004           3           1          -2
  -3.6387439123333306E-005  -1.6745658131127049E-004           3           2           5
   4.2558500213416418E-004   1.9585745701324962E-003           3           5           2
  -1.5530878389102609E-004  -7.1473966746881355E-004           5           2           3
   1.0071850426346415E-004   4.6351727397713030E-004           5           3           2
  -5.2209743795477908E-005  -2.4027952720764661E-004          -5          -4          -3
   4.2104400655978232E-005   1.9376561557293324E-004          -5          -3          -4
  -1.9392597147533315E-005  -8.9247831106686396E-005          -5          -2          -1
  -1.1699252959541243E-004  -5.3841502407644872E-004          -5          -1          -2
  -1.0172277728129364E-004  -4.6814598196105961E-004          -4          -5          -3
   4.2731330317702425E-005   1.9664846036613831E-004          -4          -3          -5
   8.1050055642329474E-006   3.7302199499677977E-005          -4          -1           1
   1.6027428476159673E-004   7.3760530259060471E-004          -4           1          -1
  -1.0437602828269974E-004  -4.8035794159985310E-004          -3          -5          -4
  -6.2696992995763453E-005  -2.8854669717555620E-004          -3          -4          -5
  -2.8121728199490966E-005  -1.2942242299574528E-004          -3           1           2
  -7.9652623949175099E-005  -3.6657477652659708E-004          -3           2           1
   5.6655301934857947E-005   2.6073645909061076E-004          -2          -5          -1
  -1.2802353328530765E-004  -5.8917655201346181E-004          -2          -1          -5
   0.0000000000000000        0.0000000000000000               -2          -1           3
  -1.5330063513157059E-004  -7.0551204928542973E-004          -2           3          -1
   3.7947451029130135E-005   1.7464054884684454E-004          -1          -5          -2
  -1.8775101774544835E-005  -8.6405266651104582E-005          -1          -4           1
  -1.3267250727909087E-005  -6.1055593266147909E-005          -1          -2          -5
   0.0000000000000000        0.0000000000000000               -1          -2           3
   1.1763352717585236E-004   5.4136354166215198E-004          -1           1          -4
   0.0000000000000000        0.0000000000000000               -1           1           4
  -1.1001479892175096E-004  -5.0630314360475509E-004          -1           3          -2
   5.3542131033337904E-005   2.4640968868289988E-004          -1           4           1
   4.5332572165215345E-005   2.0862828746523815E-004           1          -4          -1
  -1.9739730296122412E-005  -9.0846277617605083E-005           1          -3           2
  -6.7244676000745888E-006  -3.0942726512292190E-005           1          -1          -4
   0.0000000000000000        0.0000000000000000                1          -1           4
   1.2129954546291789E-004   5.5823368164476298E-004           1           2          -3
   0.0000000000000000        0.0000000000000000                1           2           5
  -1.0949657238142319E-004  -5.0391847028502664E-004           1           4          -1
   4.9548500513907224E-005   2.2802962101388312E-004           1           5           2
  -5.9293140903708910E-005  -2.7287759385351160E-004           2          -3           1
   1.3090141086606206E-004   6.0241901126705443E-004           2           1          -3
   0.0000000000000000        0.0000000000000000                2           1           5
   1.5168484478449571E-004   6.9807601828876921E-004           2           5           1
  -1.0958082691749503E-004  -5.0431062069728589E-004           3          -2          -1
  -6.6765536407728757E-005  -3.0727026410835661E-004           3          -1          -2
  -2.7845054251847591E-005  -1.2814800939667942E-004           3           4           5
  -7.8685854436668414E-005  -3.6212509947391763E-004           3           5           4
   1.0175827390371577E-004   4.6830922278285762E-004           4          -1           1
  -4.7317756791601718E-005  -2.1775618104852274E-004           4           1          -1
  -9.3469421915926288E-006  -4.3016684652874741E-005           4           3           5
  -1.6232493584374233E-004  -7.4704299280700204E-004           4           5           3
  -4.8180549143949825E-005  -2.2173628846681450E-004           5           1           2
   4.8924596402261827E-005   2.2515398124266429E-004           5           2           1
  -2.2997554855697382E-005  -1.0583806088128851E-004           5           3           4
  -1.2232680763115921E-004  -5.6296445378744902E-004           5           4           3
   1.2232952880091876E-004   5.6296410425707519E-004          -5          -4          -4
  -1.6329733604699702E-004  -7.5150891564416955E-004          -5          -4          -2
  -5.0299987190830439E-005  -2.3148315354844075E-004          -5          -3          -1
   1.5530755331578952E-004   7.1473998946394626E-004          -5          -2          -4
   4.8182794299835710E-005   2.2173591840320554E-004          -5          -1          -3
  -9.4163513619210706E-005  -4.3335038247203954E-004          -5          -1          -1
   1.6232922836361042E-004   7.4704239993455277E-004          -4          -5          -4
  -2.2355702505799299E-004  -1.0288299050922680E-003          -4          -5          -2
   1.4064701789095311E-004   6.4725992304320813E-004          -4          -4          -5
   1.5470164454390835E-004   7.1195153629357796E-004          -4          -2          -5
   0.0000000000000000        0.0000000000000000               -4          -2           1
   0.0000000000000000        0.0000000000000000               -4           0           1
  -1.0176216454991631E-004  -4.6830822486925870E-004          -4           1          -2
   1.7375197290744334E-004   7.9962406207256115E-004          -4           1           0
  -8.5401181357491014E-005  -3.9301850898186774E-004          -3          -5          -1
   0.0000000000000000        0.0000000000000000               -3          -2           2
   1.1071486760480707E-005   5.0949957140572003E-005          -3          -1          -5
   3.7407419169712493E-004   1.7215247141048355E-003          -3           2          -2
  -2.0341806734043878E-004  -9.3614929710167155E-004          -2          -5          -4
  -1.6960855034647715E-004  -7.8055418781899292E-004          -2          -4          -5
   0.0000000000000000        0.0000000000000000               -2          -4           1
   0.0000000000000000        0.0000000000000000               -2          -3           2
  -5.8208987938568866E-005  -2.6787623205274389E-004          -2           1          -4
   3.3781541219012366E-004   1.5546577657533510E-003          -2           2          -3
   0.0000000000000000        0.0000000000000000               -2           2           3
  -3.8302360609943091E-005  -1.7626680246012361E-004          -2           3           2
  -4.9550096086296612E-005  -2.2802972383923080E-004          -1          -5          -3
   7.3001436684082261E-005   3.3595947994746056E-004          -1          -5          -1
  -4.4426685865196896E-005  -2.0445213780989675E-004          -1          -3          -5
  -4.9157421390854614E-005  -2.2622777808669023E-004          -1          -1          -5
   0.0000000000000000        0.0000000000000000               -1           0           4
   0.0000000000000000        0.0000000000000000               -1           2           4
  -4.5334231720541921E-005  -2.0862745406792185E-004          -1           4           0
   6.7751532428813205E-005   3.1179900004839057E-004          -1           4           2
   0.0000000000000000        0.0000000000000000                0          -4           1
   0.0000000000000000        0.0000000000000000                0          -1           4
  -1.2755773588960079E-006  -5.8696868568472113E-006           0           1          -4
  -3.6489695201671815E-006  -1.6792380724996710E-005           0           4          -1
  -5.3543695602110342E-005  -2.4640881964455057E-004           1          -4          -2
   8.0137477869520981E-005   3.6880026605466866E-004           1          -4           0
  -4.6272223250941842E-005  -2.1294338301594770E-004           1          -2          -4
  -4.7882332836050164E-005  -2.2035866173472486E-004           1           0          -4
   0.0000000000000000        0.0000000000000000                1           1           5
   0.0000000000000000        0.0000000000000000                1           3           5
  -3.7948874628413067E-005  -1.7464058404905312E-004           1           5           1
   5.7714609402976171E-005   2.6560903448745855E-004           1           5           3
   2.1751861586317267E-004   1.0010401066674918E-003           2          -3          -2
   1.8272711484185184E-004   8.4092628185909876E-004           2          -2          -3
   0.0000000000000000        0.0000000000000000                2          -2           3
   0.0000000000000000        0.0000000000000000                2          -1           4
   5.7343591590999688E-005   2.6389437439032991E-004           2           3          -2
  -3.3742828521534301E-004  -1.5528781606695210E-003           2           4          -1
   0.0000000000000000        0.0000000000000000                2           4           5
   3.4781496132610788E-005   1.6006472437893549E-004           2           5           4
  -8.5081644509618317E-005  -3.9154743029031294E-004           3          -2           2
   0.0000000000000000        0.0000000000000000                3           1           5
   1.3782062843868823E-005   6.3425101604014302E-005           3           2          -2
   3.7282555691486028E-004   1.7157803889061704E-003           3           5           1
  -1.6027836447978064E-004  -7.3760415810331819E-004           4          -1           0
   2.2101209227765305E-004   1.0171176156181111E-003           4          -1           2
  -1.3699794860011144E-004  -6.3046651298965758E-004           4           0          -1
  -1.6820645256195100E-004  -7.7410391616141480E-004           4           2          -1
   0.0000000000000000        0.0000000000000000                4           2           5
   0.0000000000000000        0.0000000000000000                4           4           5
   1.0172665715430605E-004   4.6814527891338327E-004           4           5           2
  -1.7430083195096237E-004  -8.0215065297127629E-004           4           5           4
   1.1699504373053027E-004   5.3841441345500707E-004           5           1           1
  -1.5580564113311534E-004  -7.1703056292472085E-004           5           1           3
  -4.7099038300533363E-005  -2.1675126377079993E-004           5           2           4
   1.7065564296867204E-004   7.8537573021252526E-004           5           3           1
   5.2212099247734679E-005   2.4027898187724275E-004           5           4           2
  -1.0075034170403819E-004  -4.6366457260267011E-004           5           4           4
   0.0000000000000000        0.0000000000000000               -4          -4           0
  -1.6554345208595055E-004  -7.6185134132640379E-004          -4           0          -4
  -4.4093630993372976E-006  -2.0292319683246012E-005           0          -4          -4
   0.0000000000000000        0.0000000000000000                0           4           4
   0.0000000000000000        0.0000000000000000                4           0           4
   1.6995254449563864E-004   7.8214354032208331E-004           4           4           0
   0.0000000000000000        0.0000000000000000               -5          -5          -3
   2.2998204504711704E-005   1.0583799008750259E-004          -5          -3          -5
   0.0000000000000000        0.0000000000000000               -5          -2           0
   0.0000000000000000        0.0000000000000000               -5           0          -2
   7.8688603308408917E-005   3.6212503620745417E-004          -3          -5          -5
   0.0000000000000000        0.0000000000000000               -3           2           2
   0.0000000000000000        0.0000000000000000               -2          -5           0
   0.0000000000000000        0.0000000000000000               -2          -2           3
  -1.4723908917804566E-004  -6.7760841442102886E-004          -2           0          -5
   5.9295360515933710E-005   2.7287684026991931E-004          -2           3          -2
   0.0000000000000000        0.0000000000000000                0          -5          -2
  -3.9217818924285261E-006  -1.8048522860810635E-005           0          -2          -5
   0.0000000000000000        0.0000000000000000                0           2           5
   0.0000000000000000        0.0000000000000000                0           5           2
   0.0000000000000000        0.0000000000000000                2          -3           2
   0.0000000000000000        0.0000000000000000                2           0           5
   1.5116108617121803E-004   6.9565733881790854E-004           2           2          -3
  -5.6657220062553842E-005  -2.6073619255820096E-004           2           5           0
   7.9655283062507714E-005   3.6657368053916856E-004           3          -2          -2
   0.0000000000000000        0.0000000000000000                5           0           2
   1.9393301762768489E-005   8.9247714727673998E-005           5           2           0
   0.0000000000000000        0.0000000000000000               -5          -5          -4
   1.0075157739822277E-004   4.6366455785930191E-004          -5          -4          -5
   0.0000000000000000        0.0000000000000000               -5          -4          -1
   1.5580590503611979E-004   7.1703062252312909E-004          -5          -1          -4
   0.0000000000000000        0.0000000000000000               -5          -1           0
   0.0000000000000000        0.0000000000000000               -5           0          -1
   1.7430246544835755E-004   8.0215074821465631E-004          -4          -5          -5
   0.0000000000000000        0.0000000000000000               -4          -5          -1
   0.0000000000000000        0.0000000000000000               -4          -3           1
   1.5216183922100451E-004   7.0026095682538625E-004          -4          -1          -5
  -2.2101300464408741E-004  -1.0171176224011483E-003          -4           1          -3
   0.0000000000000000        0.0000000000000000               -4           1           1
   0.0000000000000000        0.0000000000000000               -3          -4           1
  -2.1245041452527748E-004  -9.7771241170588222E-004          -3           1          -4
  -5.7715352708841313E-005  -2.6560920317753695E-004          -1          -5          -4
   0.0000000000000000        0.0000000000000000               -1          -5           0
  -5.3145914826294342E-005  -2.4458043622335214E-004          -1          -4          -5
   0.0000000000000000        0.0000000000000000               -1          -1           4
  -4.6564719498405384E-005  -2.1429491627792291E-004          -1           0          -5
   0.0000000000000000        0.0000000000000000               -1           3           4
  -8.0138023235526036E-005  -3.6880004766172967E-004          -1           4          -1
   0.0000000000000000        0.0000000000000000               -1           4           3
   0.0000000000000000        0.0000000000000000                0          -5          -1
  -1.2402579667614303E-006  -5.7076379808316588E-006           0          -1          -5
   0.0000000000000000        0.0000000000000000                0           1           5
   0.0000000000000000        0.0000000000000000                0           5           1
  -6.7751823103265785E-005  -3.1179857562221120E-004           1          -4          -3
   0.0000000000000000        0.0000000000000000                1          -4           1
  -6.2857455334876071E-005  -2.8927365321880256E-004           1          -3          -4
   0.0000000000000000        0.0000000000000000                1           0           5
  -4.7805012146343197E-005  -2.2000337599364225E-004           1           1          -4
   0.0000000000000000        0.0000000000000000                1           4           5
  -7.3001690898402780E-005  -3.3595953363199670E-004           1           5           0
   0.0000000000000000        0.0000000000000000                1           5           4
   0.0000000000000000        0.0000000000000000                3          -1           4
  -2.1501922958922122E-004  -9.8953515076798809E-004           3           4          -1
  -1.7375340992116360E-004  -7.9962351579042140E-004           4          -1          -1
   0.0000000000000000        0.0000000000000000                4          -1           3
   0.0000000000000000        0.0000000000000000                4           1           5
  -1.5930437134612112E-004  -7.3313247142381670E-004           4           3          -1
   2.2355767169019716E-004   1.0288295538646896E-003           4           5           1
   0.0000000000000000        0.0000000000000000                5           0           1
   9.4164565908632118E-005   4.3335017059316724E-004           5           1           0
   0.0000000000000000        0.0000000000000000                5           1           4
   1.6329755502074547E-004   7.5150874368231019E-004           5           4           1
   0.0000000000000000        0.0000000000000000               -6          -3          -3
   0.0000000000000000        0.0000000000000000               -5          -5          -2
   0.0000000000000000        0.0000000000000000               -5          -3           0
   4.7098269333039488E-005   2.1675150274435087E-004          -5          -2          -5
   0.0000000000000000        0.0000000000000000               -5           0          -3
   0.0000000000000000        0.0000000000000000               -3          -6          -3
   0.0000000000000000        0.0000000000000000               -3          -5           0
   5.1574172040106526E-007   2.3713264554542324E-006          -3          -3          -6
   0.0000000000000000        0.0000000000000000               -3          -3           2
  -8.9724272377100553E-005  -4.1292133541084934E-004          -3           0          -5
   0.0000000000000000        0.0000000000000000               -3           0           3
   8.5079645330104827E-005   3.9154820363671337E-004          -3           2          -3
   0.0000000000000000        0.0000000000000000               -3           3           0
  -3.4780301790569113E-005  -1.6006493427504778E-004          -2          -5          -5
   0.0000000000000000        0.0000000000000000               -2           3           3
   0.0000000000000000        0.0000000000000000                0          -5          -3
  -2.3898162949585287E-006  -1.0998346617229900E-005           0          -3          -5
   0.0000000000000000        0.0000000000000000                0          -3           3
   1.3310253608703194E-008   6.1533535468938782E-008           0           3          -3
   0.0000000000000000        0.0000000000000000                0           3           5
   0.0000000000000000        0.0000000000000000                0           5           3
   3.8300994695764764E-005   1.7626724283729056E-004           2          -3          -3
   0.0000000000000000        0.0000000000000000                3          -3           0
   0.0000000000000000        0.0000000000000000                3          -2           3
   5.0233917023652849E-007   2.3096869632537388E-006           3           0          -3
   0.0000000000000000        0.0000000000000000                3           0           5
  -9.2114039380426755E-005  -4.2391973534987136E-004           3           3          -2
   8.5398983686269469E-005   3.9301871235012981E-004           3           5           0
   0.0000000000000000        0.0000000000000000                5           0           3
   5.0299212989773795E-005   2.3148326506602145E-004           5           3           0
   0.0000000000000000        0.0000000000000000               -6          -4          -3
   0.0000000000000000        0.0000000000000000               -6          -3          -4
   0.0000000000000000        0.0000000000000000               -6          -3          -2
   0.0000000000000000        0.0000000000000000               -6          -2          -3
   0.0000000000000000        0.0000000000000000               -5          -5          -5
   0.0000000000000000        0.0000000000000000               -5           0           0
   0.0000000000000000        0.0000000000000000               -4          -6          -3
   9.3476908923047081E-006   4.3016844126778509E-005          -4          -3          -6
   0.0000000000000000        0.0000000000000000               -4          -1           2
   0.0000000000000000        0.0000000000000000               -4           2          -1
   0.0000000000000000        0.0000000000000000               -3          -6          -4
   0.0000000000000000        0.0000000000000000               -3          -6          -2
   2.7846438150652601E-005   1.2814822262852363E-004          -3          -4          -6
   3.6387082611067878E-005   1.6745685282269085E-004          -3          -2          -6
   0.0000000000000000        0.0000000000000000               -3          -1           3
   0.0000000000000000        0.0000000000000000               -3           1           3
   0.0000000000000000        0.0000000000000000               -3           3          -1
   0.0000000000000000        0.0000000000000000               -3           3           1
   0.0000000000000000        0.0000000000000000               -2          -6          -3
  -2.4468235595694985E-005  -1.1260501123123899E-004          -2          -3          -6
   0.0000000000000000        0.0000000000000000               -2           1           4
   0.0000000000000000        0.0000000000000000               -2           4           1
   0.0000000000000000        0.0000000000000000               -1          -4           2
   0.0000000000000000        0.0000000000000000               -1          -3           3
   6.3198582219011718E-005   2.9084576548391570E-004          -1           2          -4
   1.9740461537318161E-005   9.0845801626967485E-005          -1           3          -3
   0.0000000000000000        0.0000000000000000                0          -5           0
  -3.7559902942749007E-011   2.3456342370557424E-010           0           0          -5
   0.0000000000000000        0.0000000000000000                0           0           5
   0.0000000000000000        0.0000000000000000                0           5           0
   0.0000000000000000        0.0000000000000000                1          -3           3
   0.0000000000000000        0.0000000000000000                1          -2           4
   6.3507828092245397E-005   2.9226921772993326E-004           1           3          -3
   1.8775669421216910E-005   8.6405440030098673E-005           1           4          -2
   0.0000000000000000        0.0000000000000000                2          -4          -1
   2.7120786784803579E-005   1.2481211578013165E-004           2          -1          -4
   0.0000000000000000        0.0000000000000000                3          -3          -1
   0.0000000000000000        0.0000000000000000                3          -3           1
   2.8123174276168849E-005   1.2942170222426868E-004           3          -1          -3
   3.8730322312613390E-005   1.7824098583123143E-004           3           1          -3
   0.0000000000000000        0.0000000000000000                4          -2           1
  -8.1058643800283296E-006  -3.7301847055874363E-005           4           1          -2
   0.0000000000000000        0.0000000000000000                5           0           0
   0.0000000000000000        0.0000000000000000               -6          -4          -4
   0.0000000000000000        0.0000000000000000               -6          -2          -2
   0.0000000000000000        0.0000000000000000               -4          -6          -4
   0.0000000000000000        0.0000000000000000               -4          -4          -6
   0.0000000000000000        0.0000000000000000               -4           0           2
   0.0000000000000000        0.0000000000000000               -4           2           0
   0.0000000000000000        0.0000000000000000               -2          -6          -2
   5.8123234684557819E-006   2.6749975833243327E-005          -2          -2          -6
   0.0000000000000000        0.0000000000000000               -2           0           4
   0.0000000000000000        0.0000000000000000               -2           4           0
   0.0000000000000000        0.0000000000000000                0          -4           2
   0.0000000000000000        0.0000000000000000                0          -2           4
  -1.5084086983689647E-007  -6.9431223477424220E-007           0           2          -4
   0.0000000000000000        0.0000000000000000                0           4          -2
   0.0000000000000000        0.0000000000000000                2          -4           0
  -5.6615679303011444E-006  -2.6056279596850171E-005           2           0          -4
   0.0000000000000000        0.0000000000000000                4          -2           0
   0.0000000000000000        0.0000000000000000                4           0          -2
   0.0000000000000000        0.0000000000000000               -6          -4          -2
   0.0000000000000000        0.0000000000000000               -6          -2          -4
   0.0000000000000000        0.0000000000000000               -4          -6          -2
   0.0000000000000000        0.0000000000000000               -4          -2          -6
   0.0000000000000000        0.0000000000000000               -4          -2           2
   0.0000000000000000        0.0000000000000000               -4           2          -2
   0.0000000000000000        0.0000000000000000               -2          -6          -4
   0.0000000000000000        0.0000000000000000               -2          -4          -6
   0.0000000000000000        0.0000000000000000               -2          -4           2
   0.0000000000000000        0.0000000000000000               -2           2          -4
   0.0000000000000000        0.0000000000000000                2          -4          -2
   0.0000000000000000        0.0000000000000000                2          -2          -4
   0.0000000000000000        0.0000000000000000               -5          -5          -1
   0.0000000000000000        0.0000000000000000               -5          -4           0
   0.0000000000000000        0.0000000000000000               -5          -1          -5
   0.0000000000000000        0.0000000000000000               -5           0          -4
   0.0000000000000000        0.0000000000000000               -4          -5           0
   0.0000000000000000        0.0000000000000000               -4          -4           1
   0.0000000000000000        0.0000000000000000               -4           0          -5
   0.0000000000000000        0.0000000000000000               -4           1          -4
   0.0000000000000000        0.0000000000000000               -1          -5          -5
   0.0000000000000000        0.0000000000000000                0          -5          -4
   0.0000000000000000        0.0000000000000000                0          -4          -5
   0.0000000000000000        0.0000000000000000                1          -4          -4
