         718          24          24          24
 -0.13153341775061375        4.1358655591626327E-003           0           0           0
 -0.38094954480246140        1.1979075028550513E-002          -1          -1          -1
  -4.6747436624628241E-002   1.4701066427244204E-003          -1           0           0
  -4.6747331556829815E-002   1.4702075352921531E-003           0          -1           0
 -0.13153333475485399        4.1365049032222002E-003           0           0          -1
   4.5745352721975753E-002  -1.4385324489434126E-003           0           0           1
  0.38094952899874629       -1.1979093771996487E-002           0           1           0
  0.38094956132293167       -1.1979094251185570E-002           1           0           0
   4.6747395833924711E-002  -1.4701503226999190E-003           1           1           1
  -9.8865749918136736E-002   3.1089955297451863E-003          -1          -1           0
  0.38094953654618419       -1.1979501615260877E-002          -1           0          -1
  0.38094951009835615       -1.1979535635796365E-002           0          -1          -1
   9.8865754453625970E-002  -3.1089864781664147E-003           0           1           1
   9.8865759828071345E-002  -3.1090082735547955E-003           1           0           1
 -0.38094952866071075        1.1979531620915630E-002           1           1           0
  -2.9695059795719125E-002   9.3374877194220577E-004          -2          -1          -1
  -2.9695131804236989E-002   9.3373488624761498E-004          -1          -2          -1
   4.6747533892626369E-002  -1.4698659407487366E-003          -1          -1          -2
  -1.6629567254583213E-002   5.2293823323111045E-004          -1           0           1
   2.9695063470231840E-002  -9.3374541141155807E-004          -1           1           0
  -1.6629539054086963E-002   5.2295128009416673E-004           0          -1           1
  -4.6747472318254615E-002   1.4699241890115571E-003           0           1          -1
   2.9695101363025660E-002  -9.3372708687272860E-004           1          -1           0
  -4.6747585937186253E-002   1.4698680199808634E-003           1           0          -1
   1.6629551312915585E-002  -5.2294436127926314E-004           1           1           2
  -2.9695117798192710E-002   9.3375563344254503E-004           1           2           1
  -2.9695087902217959E-002   9.3375226554210289E-004           2           1           1
   5.2665766488689562E-003  -1.6564382144021521E-004          -2          -2          -1
  -2.9695057589945433E-002   9.3383995746431443E-004          -2          -1          -2
  -6.4886168084465857E-003   2.0404367855243166E-004          -2          -1           0
   1.3500083454215630E-002  -4.2452087457485108E-004          -2           0          -1
  -2.9695076902605172E-002   9.3383918846320956E-004          -1          -2          -2
  -6.4886322794272984E-003   2.0404291238614080E-004          -1          -2           0
  -1.8788626816852394E-002   5.9084324469882465E-004          -1          -1           1
   9.8865858800761680E-002  -3.1088516743977791E-003          -1           0          -2
   2.9695062720190568E-002  -9.3381142686242799E-004          -1           1          -1
   6.4886131984774661E-003  -2.0404523201703734E-004          -1           1           1
   1.3500042737517383E-002  -4.2452980190150910E-004           0          -2          -1
   9.8865842223479120E-002  -3.1088508936144583E-003           0          -1          -2
   1.8788632108602432E-002  -5.9083870445955004E-004           0           1           2
   5.2665823522068242E-003  -1.6564167827483502E-004           0           2           1
   2.9695019885149002E-002  -9.3383344103906000E-004           1          -1          -1
   6.4886290731021069E-003  -2.0404011722567224E-004           1          -1           1
   1.8788626095499320E-002  -5.9084744473520052E-004           1           0           2
  -9.8865820191080686E-002   3.1088363355383127E-003           1           1          -1
  -2.9695092825923308E-002   9.3382713159881597E-004           1           2           0
  -6.4886247970667730E-003   2.0404576160111196E-004           1           2           2
   5.2665885843966543E-003  -1.6564803724450719E-004           2           0           1
  -2.9695029257806430E-002   9.3384821353499929E-004           2           1           0
  -6.4886266605114562E-003   2.0404525144429288E-004           2           1           2
   1.3500041645628029E-002  -4.2451479761921392E-004           2           2           1
   1.3500081005632528E-002  -4.2451796128538437E-004          -2          -2          -2
  -3.2402227577688686E-003   1.0189555721686885E-004          -2           0           0
  -3.2402133692009533E-003   1.0190312314759144E-004           0          -2           0
   4.5745441580212973E-002  -1.4384639145461529E-003           0           0          -2
   9.8304806341114499E-003  -3.0914730714844607E-004           0           0           2
   1.3500077168180948E-002  -4.2453047559727408E-004           0           2           0
   1.3500110705428742E-002  -4.2451995709963559E-004           2           0           0
  -3.2402191659896868E-003   1.0190004779348440E-004           2           2           2
   3.4792291950677466E-003  -1.0941086489887805E-004          -2          -2           0
   5.2665960386199312E-003  -1.6558619389582519E-004          -2           0          -2
   5.2665869764414452E-003  -1.6558168096816251E-004           0          -2          -2
   3.4792374953587476E-003  -1.0940973940530648E-004           0           2           2
   3.4792325747363419E-003  -1.0941454191416089E-004           2           0           2
   5.2665766995247006E-003  -1.6557681915682404E-004           2           2           0
   5.6763588993692790E-003  -1.7849425156017313E-004          -3          -2          -2
  -1.8201662258715450E-003   5.7238371090441670E-005          -3          -1          -1
   5.6763659899239536E-003  -1.7849263031442938E-004          -2          -3          -2
  -3.2402139164380951E-003   1.0187917023949267E-004          -2          -2          -3
  -4.6601023742836589E-003   1.4654159869898232E-004          -2           0           1
   1.8201675335436157E-003  -5.7236277531739234E-005          -2           1           0
  -1.8201885760643314E-003   5.7230949943706242E-005          -1          -3          -1
   1.6629557115614299E-002  -5.2291051745947893E-004          -1          -1          -3
  -3.4903981229558508E-003   1.0975010944728328E-004          -1           0           2
   5.6763554473059068E-003  -1.7849048684636209E-004          -1           2           0
  -4.6600891289420715E-003   1.4654948010261781E-004           0          -2           1
  -3.4903960326185478E-003   1.0974920275684675E-004           0          -1           2
  -1.6629544963414587E-002   5.2292946788262316E-004           0           1          -2
  -3.2402074562044641E-003   1.0188331903844975E-004           0           2          -1
   1.8201797982709325E-003  -5.7229109659533180E-005           1          -2           0
  -1.6629574736475715E-002   5.2291379383471125E-004           1           0          -2
   3.4903975309650889E-003  -1.0975060669349351E-004           1           1           3
  -5.6763649267424204E-003   1.7849371220600777E-004           1           3           1
   5.6763602767189447E-003  -1.7849131072659115E-004           2          -1           0
  -3.2402186898451289E-003   1.0188141277665061E-004           2           0          -1
  -4.6600935910499691E-003   1.4654401493458051E-004           2           2           3
   1.8201854569110086E-003  -5.7236819001114871E-005           2           3           2
  -5.6763598128878046E-003   1.7849526786017309E-004           3           1           1
   1.8201763240769859E-003  -5.7237655003377201E-005           3           2           2
   2.6981550682060079E-003  -8.4848563309411945E-005          -3          -2          -1
  -5.6763373372674605E-003   1.7850380224684729E-004          -3          -1          -2
   2.6981489347228460E-003  -8.4850585762630135E-005          -2          -3          -1
  -6.4886258377478169E-003   2.0403948056849842E-004          -2          -1          -3
  -2.2033414992946167E-003   6.9291640382533118E-005          -2          -1           1
   5.6763393209365862E-003  -1.7850178837803919E-004          -2           1          -1
  -5.6763414439670633E-003   1.7850503389187355E-004          -1          -3          -2
  -6.4886203819103806E-003   2.0404316317108013E-004          -1          -2          -3
  -2.2033391199411268E-003   6.9293943943878346E-005          -1          -2           1
   6.4886285794487821E-003  -2.0403339864366471E-004          -1           1          -2
   2.2033410751930503E-003  -6.9287397435346192E-005          -1           1           2
   2.6981521651081447E-003  -8.4843986882062968E-005          -1           2           1
   5.6763365705586773E-003  -1.7850498557431295E-004           1          -2          -1
   6.4886109087209359E-003  -2.0404424541303973E-004           1          -1          -2
   2.2033391456238193E-003  -6.9292683529533633E-005           1          -1           2
  -6.4886208632386165E-003   2.0403023221433927E-004           1           2          -1
  -2.2033390157100625E-003   6.9287524329781513E-005           1           2           3
  -2.6981474630975288E-003   8.4844808288821308E-005           1           3           2
   2.6981490634076471E-003  -8.4847767546210505E-005           2          -1           1
  -6.4886081955476318E-003   2.0403746641770639E-004           2           1          -1
  -2.2033395805109925E-003   6.9289852496512978E-005           2           1           3
   5.6763383530074275E-003  -1.7850130725128503E-004           2           3           1
  -2.6981511862807584E-003   8.4846100716531761E-005           3           1           2
   5.6763317267521998E-003  -1.7850474694835496E-004           3           2           1
   3.5150998578951410E-003  -1.1053262744321466E-004          -3          -3          -2
   1.8201827277519889E-003  -5.7243312747055088E-005          -3          -2          -3
   1.5397162310957105E-003  -4.8414286279046788E-005          -3          -1           0
  -1.0804528304599360E-003   3.3978834242193622E-005          -3           0          -1
   1.8201891849369438E-003  -5.7241632094550980E-005          -2          -3          -3
  -1.5397185087474531E-003   4.8415692847421481E-005          -2           1           1
   1.5397042520544995E-003  -4.8419627643872732E-005          -1          -3           0
  -4.9432784498158128E-003   1.5544208111640490E-004          -1          -1           2
   1.8788640564769948E-002  -5.9081049542129502E-004          -1           0          -3
   1.8201830934706034E-003  -5.7231800300481133E-005          -1           2          -1
  -1.0804694953257985E-003   3.3972812582255910E-005           0          -3          -1
   1.8788644720867810E-002  -5.9080592104476023E-004           0          -1          -3
   4.9432811311473758E-003  -1.5544265183050639E-004           0           1           3
  -3.5150957548036633E-003   1.1052831259374480E-004           0           3           1
  -1.5397075217031644E-003   4.8421166774028794E-005           1          -2           1
   4.9432793753220825E-003  -1.5544399639805863E-004           1           0           3
  -1.8788636445561082E-002   5.9080591550554260E-004           1           1          -2
  -1.8201938038173923E-003   5.7237056696714605E-005           1           3           0
   1.8201682953780840E-003  -5.7237787831165724E-005           2          -1          -1
  -1.5397081500817787E-003   4.8415019994348269E-005           2           3           3
  -3.5150872857594171E-003   1.1053097544853706E-004           3           0           1
  -1.8201711004722358E-003   5.7243300891898312E-005           3           1           0
  -1.5397113942773606E-003   4.8415019782459975E-005           3           2           3
   1.0804665911283032E-003  -3.3982366598959042E-005           3           3           2
   1.0804577350753373E-003  -3.3979468743806046E-005          -3          -3          -3
   1.2842146930658990E-003  -4.0384365220671453E-005          -3          -3          -1
   1.4797491399004827E-003  -4.6531964062687163E-005          -3          -2           0
  -2.6981416692359685E-003   8.4842811132755457E-005          -3          -1          -3
  -3.5150833466780769E-003   1.1054093695469750E-004          -3           0          -2
   1.1897970334826540E-003  -3.7411398134719764E-005          -3           0           0
   1.4797435406533963E-003  -4.6535469966766621E-005          -2          -3           0
   1.4111123398776876E-003  -4.4368549806473514E-005          -2          -2           1
   3.4792333280959384E-003  -1.0940390057135686E-004          -2           0          -3
   2.6981425926603285E-003  -8.4844748776647541E-005          -2           1          -2
  -2.6981377404035607E-003   8.4844221968292179E-005          -1          -3          -3
   1.4797493384322679E-003  -4.6532623841455024E-005          -1           2           2
  -3.5150907067716957E-003   1.1053892786848517E-004           0          -3          -2
   1.1897924234734447E-003  -3.7414827781069667E-005           0          -3           0
   3.4792388989720387E-003  -1.0939931800517646E-004           0          -2          -3
   9.8305003885435331E-003  -3.0910614817512860E-004           0           0          -3
   3.3967505543681265E-003  -1.0681393832601126E-004           0           0           3
   1.4111147099873768E-003  -4.4369772898586910E-005           0           2           3
  -1.0804619303106671E-003   3.3971971353803216E-005           0           3           0
  -1.2842111252835446E-003   4.0382387016978463E-005           0           3           2
   2.6981432611351748E-003  -8.4845412444737236E-005           1          -2          -2
  -1.4797455905208590E-003   4.6533123724076526E-005           1           3           3
   1.4797476586397413E-003  -4.6536217752998904E-005           2          -1           2
   1.4111143074646906E-003  -4.4370152876783583E-005           2           0           3
   3.4792348363862123E-003  -1.0940274174952090E-004           2           2          -1
   2.6981333915540931E-003  -8.4840692428146715E-005           2           3           0
  -1.0804447543127443E-003   3.3975285940706530E-005           3           0           0
  -1.2842111462042466E-003   4.0383069521587722E-005           3           0           2
  -1.4797486266816689E-003   4.6535109248227537E-005           3           1           3
   2.6981388674890364E-003  -8.4839791334864951E-005           3           2           0
   3.5150904814230366E-003  -1.1054106357733578E-004           3           3           1
  -1.1897922356837209E-003   3.7413234126674607E-005           3           3           3
   1.5231234661374877E-003  -4.7897601364499944E-005          -4          -2          -2
   1.5231311954486172E-003  -4.7894488089365710E-005          -2          -4          -2
  -4.6600966970389906E-003   1.4653496678591744E-004          -2          -2          -4
  -2.1176708285414393E-003   6.6589014293892576E-005          -2           0           2
   1.5231211487857479E-003  -4.7894160851534518E-005          -2           2           0
  -2.1176678379393409E-003   6.6590989564788576E-005           0          -2           2
  -4.6600925512554330E-003   1.4654042454214939E-004           0           2          -2
   1.5231238257863205E-003  -4.7894151124785848E-005           2          -2           0
  -4.6601043178884256E-003   1.4653302447421184E-004           2           0          -2
  -2.1176703262081797E-003   6.6590919561441137E-005           2           2           4
   1.5231287921771866E-003  -4.7896254404057259E-005           2           4           2
   1.5231226998327933E-003  -4.7898641875367014E-005           4           2           2
   7.5436443277272379E-004  -2.3724132912079951E-005          -4          -3          -2
   1.5231169656977951E-003  -4.7901131700466960E-005          -4          -2          -3
   1.1562205479612601E-004  -3.6375338513629303E-006          -4          -2          -1
  -3.8867651506421081E-004   1.2222358869145706E-005          -4          -1          -2
   7.5436822932567580E-004  -2.3722306348024142E-005          -3          -4          -2
  -1.5397147982133745E-003   4.8412929965371518E-005          -3          -2          -4
   8.5000344860184881E-004  -2.6726209129168523E-005          -3          -1           1
   3.8867775171740602E-004  -1.2223190445906305E-005          -3           1          -1
   1.5231242725995348E-003  -4.7897328681036116E-005          -2          -4          -3
   1.1562388975687279E-004  -3.6351975422432303E-006          -2          -4          -1
  -1.5397116703504638E-003   4.8414585680799162E-005          -2          -3          -4
  -2.2033435725004632E-003   6.9279950582877494E-005          -2          -1          -4
  -1.3976583862664173E-003   4.3949701326963818E-005          -2          -1           2
  -8.5000442591480127E-004   2.6726801398375285E-005          -2           1           2
   1.5231187697568103E-003  -4.7896082270328845E-005          -2           2          -1
   1.1562125372350943E-004  -3.6358110086168823E-006          -2           2           1
  -3.8867626546002339E-004   1.2224305239116025E-005          -1          -4          -2
   8.5000229411684458E-004  -2.6726525133442943E-005          -1          -3           1
  -2.2033421075828537E-003   6.9279828043691623E-005          -1          -2          -4
  -1.3976569676790742E-003   4.3951656281646350E-005          -1          -2           2
   2.2033417173651822E-003  -6.9281293240592876E-005          -1           1          -3
   1.3976583261974659E-003  -4.3950820478980307E-005          -1           1           3
  -1.5397093617516508E-003   4.8420829560431924E-005          -1           2          -2
  -7.5436574382548396E-004   2.3719852627458099E-005          -1           3           1
   3.8867929686994574E-004  -1.2224518255604928E-005           1          -3          -1
  -8.5000364183494977E-004   2.6727739568920553E-005           1          -2           2
   2.2033439428608172E-003  -6.9280582462166607E-005           1          -1          -3
   1.3976584317955617E-003  -4.3951921240440290E-005           1          -1           3
  -2.2033378192268006E-003   6.9277665152430023E-005           1           2          -2
  -1.3976574102251441E-003   4.3951185265544090E-005           1           2           4
   1.5397055882468817E-003  -4.8420459159404482E-005           1           3          -1
   7.5436917404205265E-004  -2.3718864078880508E-005           1           4           2
   1.5231161072101164E-003  -4.7895471429511518E-005           2          -2          -1
   1.1561996427636822E-004  -3.6346423061720441E-006           2          -2           1
  -1.5397203158347284E-003   4.8416866355519441E-005           2          -1          -2
  -2.2033398267684548E-003   6.9277482281417460E-005           2           1          -2
  -1.3976591276234484E-003   4.3951868984200793E-005           2           1           4
  -8.5000325267476848E-004   2.6727770112829948E-005           2           3           4
   1.5231265923199904E-003  -4.7895691870637125E-005           2           4           1
   1.1562260972307942E-004  -3.6355624272506029E-006           2           4           3
  -7.5436288258289995E-004   2.3718963840172041E-005           3          -1           1
   1.5397204054719150E-003  -4.8416361676473925E-005           3           1          -1
  -8.5000356313288852E-004   2.6727436571283088E-005           3           2           4
  -3.8867464610326571E-004   1.2222460257604120E-005           3           4           2
   7.5436201754576428E-004  -2.3720300164758005E-005           4           1           2
   1.5231159971113056E-003  -4.7898152274338573E-005           4           2           1
   1.1562035924152259E-004  -3.6357459585882358E-006           4           2           3
  -3.8867694486337636E-004   1.2222674297981205E-005           4           3           2
  -3.8868731310795420E-004   1.2222177591817622E-005          -4          -3          -3
  -1.0074882689411044E-003   3.1681314635302069E-005          -4          -1          -1
  -3.8868454278369113E-004   1.2222751769139159E-005          -3          -4          -3
  -1.1898001750751629E-003   3.7413888117573518E-005          -3          -3          -4
   3.1997395031872571E-004  -1.0064017846634961E-005          -3          -3           0
  -1.2842073280709323E-003   4.0382717999749608E-005          -3           0          -3
   3.5383061791172273E-004  -1.1126540046748674E-005          -3           0           1
   1.0074889131326213E-003  -3.1682216501410027E-005          -3           1           0
  -1.0074938155336553E-003   3.1680306418554885E-005          -1          -4          -1
   3.4903879192351968E-003  -1.0976678815125191E-004          -1          -1          -4
   1.7768253728771377E-004  -5.5893774793693694E-006          -1           0           3
   3.8868523122267729E-004  -1.2220887692299629E-005          -1           3           0
  -1.2842087816833936E-003   4.0384120214891330E-005           0          -3          -3
   3.5383405527426729E-004  -1.1125080875498340E-005           0          -3           1
   1.7768234635901999E-004  -5.5900385981471858E-006           0          -1           3
  -3.4903885856761132E-003   1.0976960658736574E-004           0           1          -3
   1.1897978440013920E-003  -3.7415460229468800E-005           0           3          -1
  -3.1997244064023368E-004   1.0059309464312974E-005           0           3           3
   1.0074938092259995E-003  -3.1681157967445409E-005           1          -3           0
  -3.4903902038314772E-003   1.0976770747132327E-004           1           0          -3
  -1.7768264268843822E-004   5.5881862290446023E-006           1           1           4
  -3.8868367413069074E-004   1.2221036864930078E-005           1           4           1
   3.8868366983645401E-004  -1.2221924394655279E-005           3          -1           0
   1.1898019971427985E-003  -3.7412839527068029E-005           3           0          -1
  -3.1997297766439911E-004   1.0061885815092910E-005           3           0           3
   1.2842052435338258E-003  -4.0382780545080536E-005           3           3           0
  -3.5383387726024899E-004   1.1127613860939799E-005           3           3           4
  -1.0074926600508515E-003   3.1683414954628324E-005           3           4           3
  -3.8868442991362047E-004   1.2220299770133688E-005           4           1           1
  -1.0074925878571926E-003   3.1682485374924863E-005           4           3           3
   4.0594090730575118E-004  -1.2766930708854713E-005          -4          -3          -1
   7.5436740317227728E-004  -2.3723184207556045E-005          -4          -1          -3
   4.0594232195411231E-004  -1.2766269929702416E-005          -3          -4          -1
   7.4316836001795522E-004  -2.3368433998273426E-005          -3          -2           1
  -1.4797464268505290E-003   4.6530154266057722E-005          -3          -1          -4
  -7.5436780141605010E-004   2.3720935062742601E-005          -3           1          -2
   7.4316704523134480E-004  -2.3368733631667637E-005          -2          -3           1
   1.4797466804897742E-003  -4.6532868835875174E-005          -2           1          -3
   7.5437260246303899E-004  -2.3722710519479970E-005          -1          -4          -3
  -1.4797447485792917E-003   4.6529814023525223E-005          -1          -3          -4
   7.4317022709478929E-004  -2.3369238975937817E-005          -1           2           3
  -4.0593693659183699E-004   1.2763933139207193E-005          -1           3           2
  -7.5436928241512889E-004   2.3722316281407180E-005           1          -3          -2
   1.4797489913168126E-003  -4.6530106095585737E-005           1          -2          -3
  -7.4316950314552591E-004   2.3369346981629748E-005           1           3           4
   4.0593880621956323E-004  -1.2764254294435539E-005           1           4           3
   7.4316905720481891E-004  -2.3370202987488338E-005           2          -1           3
   1.4797417866408173E-003  -4.6529928006139369E-005           2           3          -1
  -4.0593816661963194E-004   1.2764792533949011E-005           3          -1           2
  -7.4316976890703105E-004   2.3369433485063138E-005           3           1           4
   1.4797459582104513E-003  -4.6527232363637964E-005           3           2          -1
   7.5437197930554507E-004  -2.3724222436447894E-005           3           4           1
   4.0593790726763091E-004  -1.2766130023876031E-005           4           1           3
   7.5436935973644545E-004  -2.3725668864567286E-005           4           3           1
  -1.2600154075628138E-003   3.9621529816834101E-005          -4          -4          -3
  -1.0074962796898105E-003   3.1680335077057377E-005          -4          -3          -4
  -2.9342767431867351E-004   9.2283093523131280E-006          -4          -1           0
  -1.1597223014405520E-003   3.6469158369211997E-005          -4           0          -1
  -1.0074980920551397E-003   3.1679782297780896E-005          -3          -4          -4
   2.9342817204479880E-004  -9.2278418758220865E-006          -3           1           1
  -2.9343321067499699E-004   9.2255845766702353E-006          -1          -4           0
  -6.5460569342816726E-004   2.0582243136142987E-005          -1          -1           3
   4.9432747693325830E-003  -1.5544915398266380E-004          -1           0          -4
   1.0074944303009555E-003  -3.1681266706516576E-005          -1           3          -1
  -1.1597288417333417E-003   3.6468037814232157E-005           0          -4          -1
   4.9432769461672868E-003  -1.5544760372970820E-004           0          -1          -4
   6.5460607525530542E-004  -2.0582838445472082E-005           0           1           4
  -1.2600130956819844E-003   3.9620393912019577E-005           0           4           1
   2.9343204187004296E-004  -9.2257254417376538E-006           1          -3           1
   6.5460645529825002E-004  -2.0582573455171804E-005           1           0           4
  -4.9432746715622642E-003   1.5544750692036210E-004           1           1          -3
  -1.0074969148010440E-003   3.1681514817165017E-005           1           4           0
   1.0074936243895237E-003  -3.1680442636449088E-005           3          -1          -1
  -2.9343247180865138E-004   9.2273730839550905E-006           3           4           4
  -1.2600131016740103E-003   3.9621164100328648E-005           4           0           1
  -1.0074944339477062E-003   3.1681804431116416E-005           4           1           0
  -2.9343086728508247E-004   9.2278470877125099E-006           4           3           4
  -1.1597280084574058E-003   3.6469463721402239E-005           4           4           3
  -2.4515792850872013E-004   7.7114120150045787E-006          -4          -4          -2
   1.1561736180054066E-004  -3.6355036244652157E-006          -4          -2          -4
  -8.8595229174131781E-005   2.7850629113437510E-006          -4          -2           0
  -1.2600076854040159E-003   3.9622443903180559E-005          -4           0          -2
   1.1561778030156940E-004  -3.6354313104497154E-006          -2          -4          -4
  -8.8596997624505971E-005   2.7846436474917607E-006          -2          -4           0
  -1.2726704980642258E-004   4.0035915845705894E-006          -2          -2           2
   1.4111096349035124E-003  -4.4378843130971453E-005          -2           0          -4
   1.1561820341100175E-004  -3.6359721136461789E-006          -2           2          -2
  -8.8595925291739159E-005   2.7869654235690530E-006          -2           2           2
  -1.2600112730640812E-003   3.9622730482617281E-005           0          -4          -2
   1.4111090202504784E-003  -4.4377740776487805E-005           0          -2          -4
  -1.2726684975553830E-004   4.0015615338114932E-006           0           2           4
  -2.4515687769932843E-004   7.7066767113942932E-006           0           4           2
   1.1561872792306307E-004  -3.6367189797964238E-006           2          -2          -2
  -8.8597167875101806E-005   2.7851455002430693E-006           2          -2           2
  -1.2726757187013946E-004   4.0028438944287454E-006           2           0           4
   1.4111117806169973E-003  -4.4378701883862189E-005           2           2          -2
   1.1561758780309804E-004  -3.6358382060764061E-006           2           4           0
  -8.8597370166976761E-005   2.7874373820524627E-006           2           4           4
  -2.4515580577194281E-004   7.7087296437015860E-006           4           0           2
   1.1561715818883096E-004  -3.6373721862331642E-006           4           2           0
  -8.8597102152519386E-005   2.7866201198701641E-006           4           2           4
  -1.2600090209973060E-003   3.9622965259891847E-005           4           4           2
  -1.1597292773337685E-003   3.6470831846784578E-005          -4          -4          -4
  -2.3692453370129649E-004   7.4509654054519176E-006          -4           0           0
  -2.3692843497495882E-004   7.4489861271828155E-006           0          -4           0
   3.3967483829333519E-003  -1.0681205362105438E-004           0           0          -4
   6.9988276903474743E-004  -2.2009264737824093E-005           0           0           4
  -1.1597295804118789E-003   3.6465664297529336E-005           0           4           0
  -1.1597232356929826E-003   3.6469025415703416E-005           4           0           0
  -2.3692694048763115E-004   7.4517732892785328E-006           4           4           4
  -5.1988414216532863E-004   1.6348257506306090E-005          -5          -3          -3
   7.5972308315746411E-004  -2.3891522607449316E-005          -5          -2          -2
   1.5992661482298017E-004  -5.0288985433837285E-006          -4          -4          -1
   1.1335564470711541E-004  -3.5659859964740156E-006          -4          -3           0
   4.0593762528476248E-004  -1.2766556374607491E-005          -4          -1          -4
  -2.4515428802297757E-004   7.7083206121239618E-006          -4           0          -3
  -5.1988442422943356E-004   1.6347596732499410E-005          -3          -5          -3
   1.1335611403105098E-004  -3.5654473635019870E-006          -3          -4           0
  -3.5383480172286141E-004   1.1127399272639929E-005          -3          -3          -5
   1.9778226231395720E-004  -6.2190223396491050E-006          -3          -3           1
  -3.1997229788099257E-004   1.0060497151924319E-005          -3           0          -4
  -1.2368107801025431E-004   3.8886257131730157E-006          -3           0           2
  -4.0593839945109194E-004   1.2764908622068722E-005          -3           1          -3
   7.5972375135971535E-004  -2.3890319992340561E-005          -3           2           0
   7.5972715353596885E-004  -2.3889844357696074E-005          -2          -5          -2
  -2.1176680761697607E-003   6.6591691453909117E-005          -2          -2          -5
  -2.5050196866089583E-004   7.8770175481308859E-006          -2           0           3
   5.1988306259370285E-004  -1.6347415370903493E-005          -2           3           0
   4.0594037241381542E-004  -1.2765852949939867E-005          -1          -4          -4
  -1.1335496684066819E-004   3.5646824327310391E-006          -1           3           3
  -2.4515512218202165E-004   7.7102089443263175E-006           0          -4          -3
  -3.1997244986167273E-004   1.0062167099473328E-005           0          -3          -4
  -1.2367936821994265E-004   3.8900766525659974E-006           0          -3           2
  -2.5050159232559914E-004   7.8765303196863587E-006           0          -2           3
  -2.1176651003973440E-003   6.6594753347385118E-005           0           2          -3
   3.5383481559984398E-004  -1.1127294950581471E-005           0           3          -2
  -1.9778228480762789E-004   6.2196080737483965E-006           0           3           4
   1.5992746997110224E-004  -5.0280176886160036E-006           0           4           3
  -4.0593772013903514E-004   1.2765880451773602E-005           1          -3          -3
   1.1335543739030131E-004  -3.5644062187579920E-006           1           4           4
   7.5972535613585512E-004  -2.3889323011935692E-005           2          -3           0
  -2.1176706778821431E-003   6.6593051270329715E-005           2           0          -3
  -2.5050207972308999E-004   7.8769123921304964E-006           2           2           5
   5.1988381102588443E-004  -1.6347650410842515E-005           2           5           2
   5.1988189108460316E-004  -1.6347152431381371E-005           3          -2           0
  -1.1335484129500694E-004   3.5645577285625333E-006           3          -1           3
   3.5383191127444109E-004  -1.1127087942420768E-005           3           0          -2
  -1.9778317364758946E-004   6.2198496403366082E-006           3           0           4
   3.1997157048877287E-004  -1.0059939753124976E-005           3           3          -1
   1.2368000513797350E-004  -3.8889255813941487E-006           3           3           5
   4.0594110355978124E-004  -1.2765086764176343E-005           3           4           0
  -7.5972705828713995E-004   2.3889969026557666E-005           3           5           3
   1.5992523609478448E-004  -5.0278719056524786E-006           4           0           3
   1.1335440072719103E-004  -3.5644602643844037E-006           4           1           4
   4.0593822095916758E-004  -1.2765641913751290E-005           4           3           0
  -2.4515406175416084E-004   7.7082079143559367E-006           4           4           1
   5.1988237222805669E-004  -1.6348070861257376E-005           5           2           2
  -7.5972420542507325E-004   2.3891043320422901E-005           5           3           3
   1.0869467876581982E-004  -3.4168806680211072E-006          -5          -3          -2
   5.1987917741212145E-004  -1.6348053899776982E-005          -5          -2          -3
   1.0869613482622007E-004  -3.4163722483121483E-006          -3          -5          -2
  -8.5000276595639378E-004   2.6730887362227114E-005          -3          -2          -5
  -2.6413432325604721E-005   8.3120390151566280E-007          -3          -1           2
   5.1987967557813055E-004  -1.6348264918926656E-005          -3           2          -1
   5.1988165553990288E-004  -1.6347669051717329E-005          -2          -5          -3
  -8.5000288692787791E-004   2.6730144497523806E-005          -2          -3          -5
   2.6413494858810867E-005  -8.3052767737047935E-007          -2           1           3
  -1.0869552401506062E-004   3.4188221610704181E-006          -2           3           1
  -2.6412873593228932E-005   8.3143959528180283E-007          -1          -3           2
  -8.5000274873335460E-004   2.6731263365649583E-005          -1           2          -3
   2.6412991180510173E-005  -8.3141132042388089E-007           1          -2           3
   8.5000313256686666E-004  -2.6730305616338666E-005           1           3          -2
   5.1988246794119376E-004  -1.6347960205491532E-005           2          -3          -1
  -8.5000290804873341E-004   2.6730086369159139E-005           2          -1          -3
   2.6412817733243116E-005  -8.3008668262232535E-007           2           3           5
  -1.0869632232136487E-004   3.4192527727633277E-006           2           5           3
  -1.0869637302433133E-004   3.4176501373283436E-006           3          -2           1
   8.5000352670568579E-004  -2.6729998751606206E-005           3           1          -2
   2.6412994937456760E-005  -8.3023244482133012E-007           3           2           5
  -5.1988075187273835E-004   1.6348607797700380E-005           3           5           2
  -1.0869664890247027E-004   3.4183963425323579E-006           5           2           3
  -5.1988166795486311E-004   1.6348572960098799E-005           5           3           2
  -7.7392292740467836E-004   2.4337507402757944E-005          -5          -4          -3
  -7.5972682091739218E-004   2.3891613313743838E-005          -5          -3          -4
   3.3736707100141139E-004  -1.0609538376916334E-005          -5          -2          -1
   5.1040379824790732E-004  -1.6050523969486367E-005          -5          -1          -2
  -7.7392353411906813E-004   2.4337203033633926E-005          -4          -5          -3
  -2.9343100856308148E-004   9.2285883757873145E-006          -4          -3          -5
  -8.1262796542304570E-006   2.5603992357603814E-007          -4          -1           1
  -5.1040378858835758E-004   1.6050212668130787E-005          -4           1          -1
  -7.5972797096923023E-004   2.3891311498530995E-005          -3          -5          -4
  -2.9343125263317439E-004   9.2289256080845724E-006          -3          -4          -5
   8.1260118493177897E-006  -2.5581985559045547E-007          -3           1           2
   3.3736606404833079E-004  -1.0608737520581162E-005          -3           2           1
   3.3736957667993673E-004  -1.0608715821539414E-005          -2          -5          -1
  -1.3976578213582968E-003   4.3949962128369029E-005          -2          -1          -5
   0.0000000000000000        0.0000000000000000               -2          -1           3
   7.5972695576574569E-004  -2.3889084178225481E-005          -2           3          -1
   5.1040695891628191E-004  -1.6049582566938065E-005          -1          -5          -2
  -8.1281781322712414E-006   2.5509204179168113E-007          -1          -4           1
  -1.3976575031209412E-003   4.3949779318574492E-005          -1          -2          -5
   0.0000000000000000        0.0000000000000000               -1          -2           3
   1.3976574163705197E-003  -4.3950711247715866E-005          -1           1          -4
   0.0000000000000000        0.0000000000000000               -1           1           4
   2.9343175716683306E-004  -9.2256736171027433E-006          -1           3          -2
  -7.7392146241139629E-004   2.4335078029872084E-005          -1           4           1
  -5.1040627936524462E-004   1.6049696355100768E-005           1          -4          -1
   8.1275622422979006E-006  -2.5513299273646437E-007           1          -3           2
   1.3976577346521677E-003  -4.3949229636792155E-005           1          -1          -4
   0.0000000000000000        0.0000000000000000                1          -1           4
  -1.3976563163623197E-003   4.3949937389180257E-005           1           2          -3
   0.0000000000000000        0.0000000000000000                1           2           5
  -2.9343280284556498E-004   9.2260808278623453E-006           1           4          -1
   7.7392186562154353E-004  -2.4335291468192704E-005           1           5           2
   3.3736816354958761E-004  -1.0608518729899157E-005           2          -3           1
  -1.3976573585912371E-003   4.3948318269271588E-005           2           1          -3
   0.0000000000000000        0.0000000000000000                2           1           5
   7.5972780971883113E-004  -2.3889293982585560E-005           2           5           1
   7.5972403259598584E-004  -2.3890444321718510E-005           3          -2          -1
   2.9342675574070526E-004  -9.2285807856432522E-006           3          -1          -2
  -8.1271924169956571E-006   2.5570604610330420E-007           3           4           5
  -3.3736845066515065E-004   1.0608827967492038E-005           3           5           4
  -7.7391962146736940E-004   2.4336840732857544E-005           4          -1           1
  -2.9342720791402407E-004   9.2293284428474831E-006           4           1          -1
  -8.1270277142678655E-006   2.5562529795361802E-007           4           3           5
  -5.1040605899043670E-004   1.6050945008287088E-005           4           5           3
   7.7391998274827683E-004  -2.4337383036250918E-005           5           1           2
   7.5972399618712174E-004  -2.3891739885616183E-005           5           2           1
  -3.3736780494182439E-004   1.0609370041551233E-005           5           3           4
  -5.1040554599585998E-004   1.6051622474091091E-005           5           4           3
  -5.1040332620006716E-004   1.6052027542603118E-005          -5          -4          -4
  -3.9720682904344939E-004   1.2490826203562987E-005          -5          -4          -2
   2.2899017530472358E-004  -7.2012148930479178E-006          -5          -3          -1
  -1.0869825113358232E-004   3.4180790298028792E-006          -5          -2          -4
   7.7392020107155263E-004  -2.4337348102312310E-005          -5          -1          -3
  -1.1784116319665698E-005   3.7016848619915645E-007          -5          -1          -1
  -5.1040375004329731E-004   1.6051341644413270E-005          -4          -5          -4
  -3.9720686654970091E-004   1.2490358357594293E-005          -4          -5          -2
  -2.3692476138386444E-004   7.4522124798926182E-006          -4          -4          -5
  -8.8597710645966734E-005   2.7860773970038734E-006          -4          -2          -5
   0.0000000000000000        0.0000000000000000               -4          -2           1
   0.0000000000000000        0.0000000000000000               -4           0           1
  -7.7392017403251213E-004   2.4336887841107679E-005          -4           1          -2
   1.1784324325920994E-005  -3.7029838316242231E-007          -4           1           0
   2.2899192157658683E-004  -7.2003740198287620E-006          -3          -5          -1
   0.0000000000000000        0.0000000000000000               -3          -2           2
  -7.4316851919045007E-004   2.3369583489650642E-005          -3          -1          -5
  -1.0869733348354137E-004   3.4185787681397844E-006          -3           2          -2
  -1.0869813977302918E-004   3.4173476413239687E-006          -2          -5          -4
  -8.8598181103752486E-005   2.7857132446483792E-006          -2          -4          -5
   0.0000000000000000        0.0000000000000000               -2          -4           1
   0.0000000000000000        0.0000000000000000               -2          -3           2
   7.4316735964033572E-004  -2.3370604585046762E-005          -2           1          -4
  -8.8597794085249236E-005   2.7867405751894011E-006          -2           2          -3
   0.0000000000000000        0.0000000000000000               -2           2           3
  -2.2899077856541568E-004   7.2010566566476997E-006          -2           3           2
   7.7392275937257970E-004  -2.4336594881076405E-005          -1          -5          -3
  -1.1783559012756826E-005   3.7129894728430993E-007          -1          -5          -1
  -7.4316790223190863E-004   2.3369671582256670E-005          -1          -3          -5
  -1.7768342431485296E-004   5.5855316778959717E-006          -1          -1          -5
   0.0000000000000000        0.0000000000000000               -1           0           4
   0.0000000000000000        0.0000000000000000               -1           2           4
  -5.1040439706136393E-004   1.6049826100591977E-005          -1           4           0
  -3.9720600603499075E-004   1.2490115895514642E-005          -1           4           2
   0.0000000000000000        0.0000000000000000                0          -4           1
   0.0000000000000000        0.0000000000000000                0          -1           4
   1.7768330610564543E-004  -5.5847022126397607E-006           0           1          -4
  -2.3692656571208743E-004   7.4493837851116323E-006           0           4          -1
  -7.7392166708525401E-004   2.4336678434737282E-005           1          -4          -2
   1.1784010348715202E-005  -3.7109785150053604E-007           1          -4           0
   7.4316915942212102E-004  -2.3369549819938245E-005           1          -2          -4
   1.7768294883910789E-004  -5.5846024334564776E-006           1           0          -4
   0.0000000000000000        0.0000000000000000                1           1           5
   0.0000000000000000        0.0000000000000000                1           3           5
   5.1040497965118808E-004  -1.6049421124525644E-005           1           5           1
   3.9720624870951809E-004  -1.2489881906836187E-005           1           5           3
  -1.0869619955127079E-004   3.4172910127346100E-006           2          -3          -2
  -8.8595900969541203E-005   2.7857812131404550E-006           2          -2          -3
   0.0000000000000000        0.0000000000000000                2          -2           3
   0.0000000000000000        0.0000000000000000                2          -1           4
   7.4316632878496916E-004  -2.3370086363726759E-005           2           3          -2
  -8.8597668097356035E-005   2.7868839919804851E-006           2           4          -1
   0.0000000000000000        0.0000000000000000                2           4           5
  -2.2899216528473319E-004   7.2005894253944618E-006           2           5           4
  -2.2899127510519709E-004   7.2003078181526494E-006           3          -2           2
   0.0000000000000000        0.0000000000000000                3           1           5
   7.4316847193185731E-004  -2.3369580362303452E-005           3           2          -2
   1.0869766824065661E-004  -3.4181623184825043E-006           3           5           1
  -5.1040091783191024E-004   1.6050249522449378E-005           4          -1           0
  -3.9720534450077397E-004   1.2490277145761482E-005           4          -1           2
  -2.3692151378684525E-004   7.4508083653222304E-006           4           0          -1
  -8.8597238822266398E-005   2.7868341470972564E-006           4           2          -1
   0.0000000000000000        0.0000000000000000                4           2           5
   0.0000000000000000        0.0000000000000000                4           4           5
  -7.7392237052729919E-004   2.4336864363492431E-005           4           5           2
   1.1783301963605036E-005  -3.7043712477183762E-007           4           5           4
   5.1040072221321300E-004  -1.6050126275172370E-005           5           1           1
   3.9720499720184694E-004  -1.2490259630791771E-005           5           1           3
  -2.2899064403464095E-004   7.2008265762210515E-006           5           2           4
   1.0869720111730350E-004  -3.4182670410612686E-006           5           3           1
  -7.7392125475655744E-004   2.4337272675166932E-005           5           4           2
   1.1783235582022325E-005  -3.7091414093942737E-007           5           4           4
   0.0000000000000000        0.0000000000000000               -4          -4           0
   1.5992695542369791E-004  -5.0293325004201834E-006          -4           0          -4
   1.5992733682924839E-004  -5.0298333250335783E-006           0          -4          -4
   0.0000000000000000        0.0000000000000000                0           4           4
   0.0000000000000000        0.0000000000000000                4           0           4
   1.5992776756158989E-004  -5.0304879833501851E-006           4           4           0
   0.0000000000000000        0.0000000000000000               -5          -5          -3
  -3.3736606163388096E-004   1.0610496643829438E-005          -5          -3          -5
   0.0000000000000000        0.0000000000000000               -5          -2           0
   0.0000000000000000        0.0000000000000000               -5           0          -2
  -3.3736770380501165E-004   1.0609795726322081E-005          -3          -5          -5
   0.0000000000000000        0.0000000000000000               -3           2           2
   0.0000000000000000        0.0000000000000000               -2          -5           0
   0.0000000000000000        0.0000000000000000               -2          -2           3
  -1.2726801031954043E-004   4.0010640944758869E-006          -2           0          -5
   3.3736704184085135E-004  -1.0608296507801731E-005          -2           3          -2
   0.0000000000000000        0.0000000000000000                0          -5          -2
  -1.2726781225198025E-004   4.0014770843246635E-006           0          -2          -5
   0.0000000000000000        0.0000000000000000                0           2           5
   0.0000000000000000        0.0000000000000000                0           5           2
   0.0000000000000000        0.0000000000000000                2          -3           2
   0.0000000000000000        0.0000000000000000                2           0           5
  -1.2726716260453731E-004   4.0005610090205751E-006           2           2          -3
   3.3736824812909745E-004  -1.0608359270880870E-005           2           5           0
   3.3736543320476476E-004  -1.0609360003076321E-005           3          -2          -2
   0.0000000000000000        0.0000000000000000                5           0           2
   3.3736564274984223E-004  -1.0609229642772717E-005           5           2           0
   0.0000000000000000        0.0000000000000000               -5          -5          -4
   1.1785692501590830E-005  -3.7014101437614645E-007          -5          -4          -5
   0.0000000000000000        0.0000000000000000               -5          -4          -1
   3.9720450339437009E-004  -1.2490658873749087E-005          -5          -1          -4
   0.0000000000000000        0.0000000000000000               -5          -1           0
   0.0000000000000000        0.0000000000000000               -5           0          -1
   1.1785244186240748E-005  -3.7046146626841544E-007          -4          -5          -5
   0.0000000000000000        0.0000000000000000               -4          -5          -1
   0.0000000000000000        0.0000000000000000               -4          -3           1
   1.1335538144488259E-004  -3.5643919842905377E-006          -4          -1          -5
  -3.9720461159324844E-004   1.2490517764621076E-005          -4           1          -3
   0.0000000000000000        0.0000000000000000               -4           1           1
   0.0000000000000000        0.0000000000000000               -3          -4           1
  -1.1335559166676932E-004   3.5642087486334765E-006          -3           1          -4
   3.9720594318194078E-004  -1.2490348521846441E-005          -1          -5          -4
   0.0000000000000000        0.0000000000000000               -1          -5           0
   1.1335585410286511E-004  -3.5640342293130795E-006          -1          -4          -5
   0.0000000000000000        0.0000000000000000               -1          -1           4
   6.5460344225784755E-004  -2.0586096230863490E-005          -1           0          -5
   0.0000000000000000        0.0000000000000000               -1           3           4
   1.1785294167028123E-005  -3.7033217981544902E-007          -1           4          -1
   0.0000000000000000        0.0000000000000000               -1           4           3
   0.0000000000000000        0.0000000000000000                0          -5          -1
   6.5460321394112048E-004  -2.0586141486884650E-005           0          -1          -5
   0.0000000000000000        0.0000000000000000                0           1           5
   0.0000000000000000        0.0000000000000000                0           5           1
  -3.9720669824905395E-004   1.2490439831600588E-005           1          -4          -3
   0.0000000000000000        0.0000000000000000                1          -4           1
  -1.1335664512515606E-004   3.5641093839281966E-006           1          -3          -4
   0.0000000000000000        0.0000000000000000                1           0           5
  -6.5460438098406410E-004   2.0586113647081491E-005           1           1          -4
   0.0000000000000000        0.0000000000000000                1           4           5
  -1.1784894972655036E-005   3.7039112841138547E-007           1           5           0
   0.0000000000000000        0.0000000000000000                1           5           4
   0.0000000000000000        0.0000000000000000                3          -1           4
   1.1335514349271827E-004  -3.5647789452894103E-006           3           4          -1
   1.1785133550161134E-005  -3.7010092187379338E-007           4          -1          -1
   0.0000000000000000        0.0000000000000000                4          -1           3
   0.0000000000000000        0.0000000000000000                4           1           5
   1.1335543599435770E-004  -3.5649435717249739E-006           4           3          -1
  -3.9720522940911473E-004   1.2490616900210269E-005           4           5           1
   0.0000000000000000        0.0000000000000000                5           0           1
  -1.1785169129812524E-005   3.6973848258264456E-007           5           1           0
   0.0000000000000000        0.0000000000000000                5           1           4
  -3.9720574792552639E-004   1.2490694977397688E-005           5           4           1
   0.0000000000000000        0.0000000000000000               -6          -3          -3
   0.0000000000000000        0.0000000000000000               -5          -5          -2
   0.0000000000000000        0.0000000000000000               -5          -3           0
  -2.2899093963310192E-004   7.2015916586627887E-006          -5          -2          -5
   0.0000000000000000        0.0000000000000000               -5           0          -3
   0.0000000000000000        0.0000000000000000               -3          -6          -3
   0.0000000000000000        0.0000000000000000               -3          -5           0
   1.2368033757456022E-004  -3.8887214452133950E-006          -3          -3          -6
   0.0000000000000000        0.0000000000000000               -3          -3           2
  -1.9778252587628463E-004   6.2195692644688827E-006          -3           0          -5
   0.0000000000000000        0.0000000000000000               -3           0           3
  -2.2899134418732694E-004   7.2007978205743238E-006          -3           2          -3
   0.0000000000000000        0.0000000000000000               -3           3           0
  -2.2899173043906037E-004   7.2014907485649806E-006          -2          -5          -5
   0.0000000000000000        0.0000000000000000               -2           3           3
   0.0000000000000000        0.0000000000000000                0          -5          -3
  -1.9778217719141478E-004   6.2187631515853619E-006           0          -3          -5
   0.0000000000000000        0.0000000000000000                0          -3           3
  -1.2367937351690384E-004   3.8898482869402587E-006           0           3          -3
   0.0000000000000000        0.0000000000000000                0           3           5
   0.0000000000000000        0.0000000000000000                0           5           3
  -2.2899055694378711E-004   7.2014276981574436E-006           2          -3          -3
   0.0000000000000000        0.0000000000000000                3          -3           0
   0.0000000000000000        0.0000000000000000                3          -2           3
  -1.2368131655922195E-004   3.8880725021504259E-006           3           0          -3
   0.0000000000000000        0.0000000000000000                3           0           5
   1.9778154799795708E-004  -6.2180890450780716E-006           3           3          -2
   2.2899215047258371E-004  -7.2014312050465434E-006           3           5           0
   0.0000000000000000        0.0000000000000000                5           0           3
   2.2899069835436212E-004  -7.2022772740734081E-006           5           3           0
   0.0000000000000000        0.0000000000000000               -6          -4          -3
   0.0000000000000000        0.0000000000000000               -6          -3          -4
   0.0000000000000000        0.0000000000000000               -6          -3          -2
   0.0000000000000000        0.0000000000000000               -6          -2          -3
   0.0000000000000000        0.0000000000000000               -5          -5          -5
   0.0000000000000000        0.0000000000000000               -5           0           0
   0.0000000000000000        0.0000000000000000               -4          -6          -3
  -8.1265134177822518E-006   2.5630850721300171E-007          -4          -3          -6
   0.0000000000000000        0.0000000000000000               -4          -1           2
   0.0000000000000000        0.0000000000000000               -4           2          -1
   0.0000000000000000        0.0000000000000000               -3          -6          -4
   0.0000000000000000        0.0000000000000000               -3          -6          -2
  -8.1271507270099344E-006   2.5583377823297019E-007          -3          -4          -6
   2.6413445199845776E-005  -8.3065749559171320E-007          -3          -2          -6
   0.0000000000000000        0.0000000000000000               -3          -1           3
   0.0000000000000000        0.0000000000000000               -3           1           3
   0.0000000000000000        0.0000000000000000               -3           3          -1
   0.0000000000000000        0.0000000000000000               -3           3           1
   0.0000000000000000        0.0000000000000000               -2          -6          -3
   2.6413431083644607E-005  -8.3054495864661326E-007          -2          -3          -6
   0.0000000000000000        0.0000000000000000               -2           1           4
   0.0000000000000000        0.0000000000000000               -2           4           1
   0.0000000000000000        0.0000000000000000               -1          -4           2
   0.0000000000000000        0.0000000000000000               -1          -3           3
   2.6413761300410200E-005  -8.3023659564914624E-007          -1           2          -4
   8.1272563842922927E-006  -2.5520406526017388E-007          -1           3          -3
   0.0000000000000000        0.0000000000000000                0          -5           0
   6.9988195246839719E-004  -2.2010036245728743E-005           0           0          -5
   0.0000000000000000        0.0000000000000000                0           0           5
   0.0000000000000000        0.0000000000000000                0           5           0
   0.0000000000000000        0.0000000000000000                1          -3           3
   0.0000000000000000        0.0000000000000000                1          -2           4
  -2.6413423325807872E-005   8.2983296833701337E-007           1           3          -3
  -8.1277180326689827E-006   2.5514450216857795E-007           1           4          -2
   0.0000000000000000        0.0000000000000000                2          -4          -1
   2.6414099419160314E-005  -8.3010331399071552E-007           2          -1          -4
   0.0000000000000000        0.0000000000000000                3          -3          -1
   0.0000000000000000        0.0000000000000000                3          -3           1
   8.1260146359258092E-006  -2.5593020307407370E-007           3          -1          -3
  -2.6413331770373916E-005   8.2967863536315413E-007           3           1          -3
   0.0000000000000000        0.0000000000000000                4          -2           1
  -8.1260281637000537E-006   2.5597117536356984E-007           4           1          -2
   0.0000000000000000        0.0000000000000000                5           0           0
   0.0000000000000000        0.0000000000000000               -6          -4          -4
   0.0000000000000000        0.0000000000000000               -6          -2          -2
   0.0000000000000000        0.0000000000000000               -4          -6          -4
   0.0000000000000000        0.0000000000000000               -4          -4          -6
   0.0000000000000000        0.0000000000000000               -4           0           2
   0.0000000000000000        0.0000000000000000               -4           2           0
   0.0000000000000000        0.0000000000000000               -2          -6          -2
  -2.5050103900286813E-004   7.8783666809035665E-006          -2          -2          -6
   0.0000000000000000        0.0000000000000000               -2           0           4
   0.0000000000000000        0.0000000000000000               -2           4           0
   0.0000000000000000        0.0000000000000000                0          -4           2
   0.0000000000000000        0.0000000000000000                0          -2           4
  -2.5050158397587718E-004   7.8779590418709385E-006           0           2          -4
   0.0000000000000000        0.0000000000000000                0           4          -2
   0.0000000000000000        0.0000000000000000                2          -4           0
  -2.5050113389890610E-004   7.8777685621573968E-006           2           0          -4
   0.0000000000000000        0.0000000000000000                4          -2           0
   0.0000000000000000        0.0000000000000000                4           0          -2
   0.0000000000000000        0.0000000000000000               -6          -4          -2
   0.0000000000000000        0.0000000000000000               -6          -2          -4
   0.0000000000000000        0.0000000000000000               -4          -6          -2
   0.0000000000000000        0.0000000000000000               -4          -2          -6
   0.0000000000000000        0.0000000000000000               -4          -2           2
   0.0000000000000000        0.0000000000000000               -4           2          -2
   0.0000000000000000        0.0000000000000000               -2          -6          -4
   0.0000000000000000        0.0000000000000000               -2          -4          -6
   0.0000000000000000        0.0000000000000000               -2          -4           2
   0.0000000000000000        0.0000000000000000               -2           2          -4
   0.0000000000000000        0.0000000000000000                2          -4          -2
   0.0000000000000000        0.0000000000000000                2          -2          -4
   0.0000000000000000        0.0000000000000000               -5          -5          -1
   0.0000000000000000        0.0000000000000000               -5          -4           0
   0.0000000000000000        0.0000000000000000               -5          -1          -5
   0.0000000000000000        0.0000000000000000               -5           0          -4
   0.0000000000000000        0.0000000000000000               -4          -5           0
   0.0000000000000000        0.0000000000000000               -4          -4           1
   0.0000000000000000        0.0000000000000000               -4           0          -5
   0.0000000000000000        0.0000000000000000               -4           1          -4
   0.0000000000000000        0.0000000000000000               -1          -5          -5
   0.0000000000000000        0.0000000000000000                0          -5          -4
   0.0000000000000000        0.0000000000000000                0          -4          -5
   0.0000000000000000        0.0000000000000000                1          -4          -4
