         718          24          24          24
  -9.0781137861081156E-009  -1.0848420950115560E-008           0           0           0
  0.10235192259037706       0.23394722051652456               -1          -1          -1
   3.7208426645639447E-002   8.5047403694320178E-002          -1           0           0
  -7.1594037345201464E-002 -0.16364270105358700                0          -1           0
   2.2813381097310261E-009   1.3979357756752566E-008           0           0          -1
  -8.1161858631136369E-009  -5.3396155208589325E-009           0           0           1
  0.21310625996814506       0.48709986138778744                0           1           0
 -0.11075432172615299      -0.25315258664560708                1           0           0
  -3.4385607185842770E-002  -7.8595285806121767E-002           1           1           1
   8.9081842372137343E-003   2.0361509823596576E-002          -1          -1           0
  0.11075471447125085       0.25315241440217662               -1           0          -1
 -0.21310708875798140      -0.48709949836521571                0          -1          -1
   1.8547658789715080E-002   4.2394537114676646E-002           0           1           1
  -9.6394819556338690E-003  -2.2033036167299430E-002           1           0           1
 -0.10235234684375898      -0.23394703704369307                1           1           0
   1.0158810310960196E-002   2.3220359802516632E-002          -2          -1          -1
   1.8375473046638054E-002   4.2000897675592862E-002          -1          -2          -1
   3.4385477440154237E-002   7.8595350917290363E-002          -1          -1          -2
   2.4841087013243598E-003   5.6779308946606532E-003          -1           0           1
   2.9812111568670308E-002   6.8141975771118177E-002          -1           1           0
  -4.7797682817982013E-003  -1.0925106937801236E-002           0          -1           1
   7.1593761188421257E-002  0.16364282343131131                0           1          -1
  -1.9440128336932948E-002  -4.4434367508043228E-002           1          -1           0
  -3.7208283971404618E-002  -8.5047462128567716E-002           1           0          -1
  -2.2956499072275729E-003  -5.2471772926948809E-003           1           1           2
  -2.9598942345577878E-002  -6.7654723050766891E-002           1           2           1
   1.1436633372579474E-002   2.6141083120268967E-002           2           1           1
   3.4377313068080978E-004   7.8583404677097567E-004          -2          -2          -1
  -1.1436836458764123E-002  -2.6140991614354209E-002          -2          -1          -2
   6.2551377573521385E-003   1.4297457515292374E-002          -2          -1           0
   8.7091426604812994E-003   1.9906597016450190E-002          -2           0          -1
   2.9599074405956240E-002   6.7654669647893934E-002          -1          -2          -2
   1.2147665582250319E-003   2.7765878491341814E-003          -1          -2           0
   2.1759457195800959E-004   4.9735515074226090E-004          -1          -1           1
   9.6394834758217769E-003   2.2033033727671743E-002          -1           0          -2
   1.9440059897896086E-002   4.4434398371863887E-002          -1           1          -1
   7.7111312745378538E-003   1.7625415703432068E-002          -1           1           1
  -1.6757578559329737E-002  -3.8302983001629237E-002           0          -2          -1
  -1.8547659123619532E-002  -4.2394539567399830E-002           0          -1          -2
   4.5305474098870479E-004   1.0355318983252505E-003           0           1           2
  -7.1577018360756612E-004  -1.6361808612215983E-003           0           2           1
  -2.9812249535572315E-002  -6.8141915250578861E-002           1          -1          -1
  -1.5867670877834064E-003  -3.6268645966401371E-003           1          -1           1
  -2.3545653360489328E-004  -5.3818452167532385E-004           1           0           2
  -8.9081862869397812E-003  -2.0361508489713385E-002           1           1          -1
  -1.8375417468564276E-002  -4.2000919901039498E-002           1           2           0
  -7.8419010708227644E-003  -1.7924318064692038E-002           1           2           2
   3.7199646612529817E-004   8.5034572832216686E-004           2           0           1
  -1.0159015717012231E-002  -2.3220268558172608E-002           2           1           0
   6.4963663426085682E-003   1.4848832112278594E-002           2           1           2
   8.0484240305839887E-003   1.8396389906500624E-002           2           2           1
  -8.0484486564460049E-003  -1.8396375655733366E-002          -2          -2          -2
   4.6105927435037171E-003   1.0538460063943954E-002          -2           0           0
  -8.8714071162775947E-003  -2.0277416687060255E-002           0          -2           0
   3.9613404891816051E-009   1.0047668018515532E-008           0           0          -2
  -9.1201351752746451E-010  -2.9166157128719991E-009           0           0           2
   1.6757617351891425E-002   3.8302966820500814E-002           0           2           0
  -8.7091696090684026E-003  -1.9906584543893095E-002           2           0           0
   4.2608102396962215E-003   9.7389606564219564E-003           2           2           2
   1.2900164854672959E-003   2.9486164507751445E-003          -2          -2           0
  -3.7204853484855221E-004  -8.5032425130953629E-004          -2           0          -2
   7.1586958662438909E-004   1.6361364355446883E-003           0          -2          -2
  -2.6859319671076517E-003  -6.1392928095174567E-003           0           2           2
   1.3959188899914728E-003   3.1906748542134726E-003           2           0           2
  -3.4382514678433579E-004  -7.8581012819010085E-004           2           2           0
  -7.4715411632199965E-003  -1.7077797473282454E-002          -3          -2          -2
  -2.4785915837369369E-003  -5.6652864106501340E-003          -3          -1          -1
  -6.6424085794946112E-005  -1.5182577008247093E-004          -2          -3          -2
  -4.2608022178909225E-003  -9.7389641555591360E-003          -2          -2          -3
   3.2605665861541494E-004   7.4526436830722059E-004          -2           0           1
   4.2338563271302745E-004   9.6775085647148908E-004          -2           1           0
   2.8192699577114667E-003   6.4439897164054374E-003          -1          -3          -1
   2.2956410234838032E-003   5.2471779208143757E-003          -1          -1          -3
   1.1879231581756505E-004   2.7152361839014440E-004          -1           0           2
   7.7513142262043647E-003   1.7717269911251571E-002          -1           2           0
  -6.2737936026429936E-004  -1.4339862851999962E-003           0          -2           1
  -2.2857612218549236E-004  -5.2245093849991237E-004           0          -1           2
   4.7797355769194656E-003   1.0925125014768753E-002           0           1          -2
   8.8713854096243733E-003   2.0277426940031002E-002           0           2          -1
  -2.7645305084225327E-003  -6.3188686821730065E-003           1          -2           0
  -2.4840962360446355E-003  -5.6779338910492479E-003           1           0          -2
  -1.0977994715570863E-004  -2.5092520364593636E-004           1           1           3
  -7.9434371582655355E-003  -1.8156402462200866E-002           1           3           1
  -4.7189363174180923E-004  -1.0786048150947160E-003           2          -1           0
  -4.6105849932200349E-003  -1.0538461917959390E-002           2           0          -1
   3.0132014169402391E-004   6.8872547807073497E-004           2           2           3
   2.8593738849246243E-004   6.5358269897530222E-004           2           3           2
   7.6848877142274528E-003   1.7565443971116632E-002           3           1           1
   2.3958837524453089E-003   5.4762389589306680E-003           3           2           2
  -4.3804651400651453E-003  -1.0012452837279296E-002          -3          -2          -1
  -7.6849108097083677E-003  -1.7565433555999155E-002          -3          -1          -2
  -2.1566885073811962E-004  -4.9295555535017210E-004          -2          -3          -1
  -6.4963930297120458E-003  -1.4848820886649143E-002          -2          -1          -3
   1.2619285925316442E-003   2.8843986004893885E-003          -2          -1           1
   4.7188866442371587E-004   1.0786073567758375E-003          -2           1          -1
   7.9434561663594416E-003   1.8156393896694285E-002          -1          -3          -2
   7.8419164258375761E-003   1.7924310891264505E-002          -1          -2          -3
   2.5619116541274564E-004   5.8557827501360283E-004          -1          -2           1
   1.5867527326387174E-003   3.6268714421530553E-003          -1           1          -2
   1.5673861455367108E-003   3.5825812142905866E-003          -1           1           2
   4.7307637354036232E-003   1.0813125408120683E-002          -1           2           1
  -7.7513344596887345E-003  -1.7717260426491743E-002           1          -2          -1
  -7.7111458269885982E-003  -1.7625409245014205E-002           1          -1          -2
  -3.3155106278657729E-004  -7.5782858329970617E-004           1          -1           2
  -1.2147559833588309E-003  -2.7765927285553407E-003           1           2          -1
  -1.5934792545243038E-003  -3.6422228013629713E-003           1           2           3
  -4.8388166347367685E-003  -1.1060102787038437E-002           1           3           2
  -4.5835047712843084E-004  -1.0476524735325685E-003           2          -1           1
  -6.2551649025212970E-003  -1.4297445331620705E-002           2           1          -1
   1.3111950024691434E-003   2.9970074735023748E-003           2           1           3
   6.6420967926112868E-005   1.5182739832784076E-004           2           3           1
   4.5150938036281219E-003   1.0320172225495944E-002           3           1           2
   7.4715647324435511E-003   1.7077787346355483E-002           3           2           1
  -1.1177057920848076E-003  -2.5547719641059751E-003          -3          -3          -2
  -2.3958452164124840E-003  -5.4762559887198258E-003          -3          -2          -3
   7.6628970641255104E-004   1.7515345668289359E-003          -3          -1           0
   8.2703022628248947E-004   1.8903723848814633E-003          -3           0          -1
  -2.8594577339171348E-004  -6.5357874971666617E-004          -2          -3          -3
   2.8689124119546399E-004   6.5575347470835424E-004          -2           1           1
  -4.7523821721905313E-004  -1.0862750867672343E-003          -1          -3           0
  -4.2251059298037481E-005  -9.6571452041119266E-005          -1          -1           2
   2.3545528745676044E-004   5.3818219883713871E-004          -1           0          -3
   2.7645004697488874E-003   6.3188830140592312E-003          -1           2          -1
  -1.5913182855653353E-003  -3.6373319087260759E-003           0          -3          -1
  -4.5304212310413042E-004  -1.0355400948866866E-003           0          -1          -3
  -8.7967521896114954E-005  -2.0107129564931662E-004           0           1           3
  -2.3271691457817144E-003  -5.3192724140419039E-003           0           3           1
   4.4718548071103338E-004   1.0221565247539120E-003           1          -2           1
   4.5719731311486182E-005   1.0449868284567675E-004           1           0           3
  -2.1759226490227111E-004  -4.9735419867284725E-004           1           1          -2
  -2.8192424493547006E-003  -6.4440022020822996E-003           1           3           0
  -4.2339571636510007E-004  -9.6774524731032987E-004           2          -1          -1
   3.1910234250362408E-004   7.2937871689122014E-004           2           3           3
   1.2094626513772114E-003   2.7644993647520230E-003           3           0           1
   2.4785536761964605E-003   5.6653028992312065E-003           3           1           0
  -7.6213114237345112E-004  -1.7420277197083664E-003           3           2           3
  -7.6428640751403975E-004  -1.7469609747830558E-003           3           3           2
   7.6430399864307181E-004   1.7469528866841354E-003          -3          -3          -3
  -1.4558110263001361E-003  -3.3275633483461557E-003          -3          -3          -1
  -7.5455870308497057E-004  -1.7246895489413036E-003          -3          -2           0
  -4.5150826421184662E-003  -1.0320176601324461E-002          -3          -1          -3
  -1.2094779859485568E-003  -2.7644927986027663E-003          -3           0          -2
   9.4785022873080456E-004   2.1665166648561335E-003          -3           0           0
  -3.6059844589990072E-004  -8.2422435135458402E-004          -2          -3           0
   5.7775850641814163E-004   1.3205867424728659E-003          -2          -2           1
  -1.3959290387754429E-003  -3.1906717230811427E-003          -2           0          -3
   4.5834818181552680E-004   1.0476526373861495E-003          -2           1          -2
   4.8388039280095347E-003   1.1060108735487170E-002          -1          -3          -3
   1.1558206892472256E-003   2.6418545764782140E-003          -1           2           2
   2.3271995338975523E-003   5.3192582634795111E-003           0          -3          -2
  -1.8237918516403519E-003  -4.1686700428610916E-003           0          -3           0
   2.6859568579576799E-003   6.1392803323351616E-003           0          -2          -3
   2.2066598889452947E-009   1.3481071103602135E-009           0           0          -3
   4.8625387427389449E-010  -7.0053825997866044E-010           0           0           3
  -1.2029450688600537E-003  -2.7495823701155909E-003           0           2           3
   1.5913503282044082E-003   3.6373174620330205E-003           0           3           0
  -3.0311339319865436E-003  -6.9282942101543711E-003           0           3           2
  -4.7307501805417930E-003  -1.0813132115578886E-002           1          -2          -2
  -1.1660414550209021E-003  -2.6652166277938956E-003           1           3           3
  -4.1148151240945211E-004  -9.4052917495044796E-004           2          -1           2
   6.2518840683996010E-004   1.4289964586386764E-003           2           0           3
  -1.2900279564457440E-003  -2.9486114811764371E-003           2           2          -1
   2.1566658090854804E-004   4.9295644926640643E-004           2           3           0
  -8.2704670382520440E-004  -1.8903653585130411E-003           3           0           0
   1.5753231081186867E-003   3.6007311448407291E-003           3           0           2
   7.9522095963353802E-004   1.8176323892622475E-003           3           1           3
   4.3804544434991209E-003   1.0012457340632995E-002           3           2           0
   1.1177222172759483E-003   2.5547641800344706E-003           3           3           1
  -8.7594112822061033E-004  -2.0021543526407082E-003           3           3           3
  -1.0659498788087435E-003  -2.4364746279208127E-003          -4          -2          -2
   7.2958445981102077E-004   1.6676287191693105E-003          -2          -4          -2
  -3.0131592966417043E-004  -6.8872618397236129E-004          -2          -2          -4
  -8.3324827478355968E-005  -1.9045754330623480E-004          -2           0           2
   3.2688062445087554E-004   7.4716533406304561E-004          -2           2           0
   1.6032631283936921E-004   3.6646643983160926E-004           0          -2           2
   6.2736580739961847E-004   1.4339935623167406E-003           0           2          -2
   6.9248478409601440E-004   1.5828317087124750E-003           2          -2           0
  -3.2605200219982112E-004  -7.4526534280905388E-004           2           0          -2
  -7.7003541525893078E-005  -1.7600796113833992E-004           2           2           4
   3.7346547421751662E-004   8.5364295360276299E-004           2           4           2
  -1.0564645936859975E-003  -2.4147938330198650E-003           4           2           2
   8.1921408950106364E-004   1.8724695775308145E-003          -4          -3          -2
   1.0564820641654092E-003   2.4147860868491806E-003          -4          -2          -3
  -1.4648286045754711E-003  -3.3481778596117394E-003          -4          -2          -1
  -2.0473625334036195E-003  -4.6796831965559907E-003          -4          -1          -2
   3.5686909477132539E-004   8.1569655838263232E-004          -3          -4          -2
   7.6214524096797961E-004   1.7420223123169431E-003          -3          -2          -4
   4.9985603754764307E-004   1.1425277923955458E-003          -3          -1           1
   2.6774296238910576E-004   6.1198599935240595E-004          -3           1          -1
  -3.7347255324518297E-004  -8.5363944273585883E-004          -2          -4          -3
   5.1649293168027147E-004   1.1805573652854486E-003          -2          -4          -1
  -3.1910438845399414E-004  -7.2937683955474105E-004          -2          -3          -4
  -1.3111938481208958E-003  -2.9970072672668982E-003          -2          -1          -4
   1.1374396877836062E-004   2.5998439671908450E-004          -2          -1           2
   3.1226938715425375E-004   7.1375607768020739E-004          -2           1           2
  -6.9249468162212787E-004  -1.5828271452838489E-003          -2           2          -1
   9.6155954554544569E-004   2.1978452826948098E-003          -2           2           1
   2.2509894743180142E-003   5.1451157342243979E-003          -1          -4          -2
  -1.9128565308948817E-004  -4.3722792716083231E-004          -1          -3           1
   1.5934753455593251E-003   3.6422250510737622E-003          -1          -2          -4
   1.4685208102791148E-004   3.3566301529090243E-004          -1          -2           2
   3.3155093739770976E-004   7.5782768502608401E-004          -1           1          -3
   2.7172293448141766E-004   6.2107721195603838E-004          -1           1           3
  -4.4720010929778477E-004  -1.0221494226464981E-003          -1           2          -2
   1.2183595469234345E-003   2.7847960697691358E-003          -1           3           1
  -2.2035881981167615E-003  -5.0367713156440064E-003           1          -3          -1
   1.6965427556206829E-004   3.8778531632274412E-004           1          -2           2
  -1.5673818522612712E-003  -3.5825839844821229E-003           1          -1          -3
  -1.5711900621730128E-004  -3.5913059157832402E-004           1          -1           3
  -2.5619098011215696E-004  -5.8557767215381719E-004           1           2          -2
  -2.7086397864953314E-004  -6.1911367250497577E-004           1           2           4
   4.7525184755155915E-004   1.0862687281566273E-003           1           3          -1
  -1.2303544929213588E-003  -2.8122135507944847E-003           1           4           2
  -3.2688868089127978E-004  -7.4716128190585325E-004           2          -2          -1
   4.5186479063930517E-004   1.0328373643622890E-003           2          -2           1
  -2.8689350412778838E-004  -6.5575170765804630E-004           2          -1          -2
  -1.2619269817553489E-003  -2.8843985404862420E-003           2           1          -2
   1.2486981182617445E-004   2.8541555684393892E-004           2           1           4
   3.3020091412794142E-004   7.5474204771300638E-004           2           3           4
  -7.2959326119184957E-004  -1.6676248135272451E-003           2           4           1
   1.0129641782822079E-003   2.3153402530436532E-003           2           4           3
  -4.1113999094434203E-004  -9.3974471154501438E-004           3          -1           1
  -7.6630433224806780E-004  -1.7515282552306730E-003           3           1          -1
  -5.0355605361921763E-004  -1.1509843840178794E-003           3           2           4
  -1.5622431801928192E-004  -3.5708864854753694E-004           3           4           2
   8.6149005155725274E-004   1.9691003543918337E-003           4           1           2
   1.0659675930046906E-003   2.4364666323070648E-003           4           2           1
  -1.4780524564013370E-003  -3.3784027290285376E-003           4           2           3
  -1.9832452588486038E-003  -4.5331301761979423E-003           4           3           2
   1.9832516424779685E-003   4.5331272451918630E-003          -4          -3          -3
  -1.2670475236350844E-003  -2.8960982274058079E-003          -4          -1          -1
   1.5622709983030851E-004   3.5708743713036730E-004          -3          -4          -3
   8.7594657081757556E-004   2.0021521949893143E-003          -3          -3          -4
  -6.4300365603563940E-004  -1.4697170244671234E-003          -3          -3           0
  -1.5753249594404614E-003  -3.6007303869649890E-003          -3           0          -3
   1.7464451523113275E-004   3.9918708771278599E-004          -3           0           1
  -1.8845346388669752E-004  -4.3074665250956361E-004          -3           1           0
   1.0570650888754559E-003   2.4161401502604848E-003          -1          -4          -1
   1.0977885162960179E-004   2.5092467673357030E-004          -1          -1          -4
   5.4963809748488574E-005   1.2563064698069986E-004          -1           0           3
   2.2035972536031778E-003   5.0367671728136472E-003          -1           3           0
   3.0311385363277531E-003   6.9282917137402904E-003           0          -3          -3
  -3.3603996814563555E-004  -7.6808869902457075E-004           0          -3           1
  -1.0575784020730935E-004  -2.4173177386596029E-004           0          -1           3
   2.2857185336015766E-004   5.2245323080996606E-004           0           1          -3
   1.8238025465477691E-003   4.1686652412623827E-003           0           3          -1
  -1.3387934249037836E-003  -3.0600854793878416E-003           0           3           3
  -1.0182973076740055E-003  -2.3275284391430897E-003           1          -3           0
  -1.1879096982898071E-004  -2.7152393629933718E-004           1           0          -3
  -5.0794033121924300E-005  -1.1609961672442457E-004           1           1           4
  -2.2509982674540521E-003  -5.1451117224121448E-003           1           4           1
  -2.6774565510412509E-004  -6.1198499332759670E-004           3          -1           0
  -9.4785569524803378E-004  -2.1665141279059220E-003           3           0          -1
   6.9578957609841294E-004   1.5903698062723641E-003           3           0           3
   1.4558132191683677E-003   3.3275622722416121E-003           3           3           0
  -1.6139506019515460E-004  -3.6890289913315768E-004           3           3           4
   2.4875114424174986E-004   5.6856912635494755E-004           3           4           3
   2.0473693243539363E-003   4.6796802436326898E-003           4           1           1
  -1.2455178664187022E-003  -2.8468875201997906E-003           4           3           3
  -2.7897493146365033E-004  -6.3766235291677186E-004          -4          -3          -1
  -8.6147919758307930E-004  -1.9691050252504502E-003          -4          -1          -3
   5.8863733075222198E-005   1.3454573556877421E-004          -3          -4          -1
   1.1185305570608303E-004   2.5566590101450110E-004          -3          -2           1
  -7.9521278121595694E-004  -1.8176353141959984E-003          -3          -1          -4
   4.1113873807383736E-004   9.3974508120309727E-004          -3           1          -2
  -3.8361495827052892E-005  -8.7685127985381595E-005          -2          -3           1
   4.1148287577328691E-004   9.4052785253286345E-004          -2           1          -3
   1.2303423587468683E-003   2.8122192478515066E-003          -1          -4          -3
   1.1660322173816713E-003   2.6652214053715473E-003          -1          -3          -4
  -7.4558455181806825E-005  -1.7042196198043547E-004          -1           2           3
  -2.2476309167615284E-004  -5.1375093154676517E-004          -1           3           2
  -1.2183468486502982E-003  -2.7848020716674327E-003           1          -3          -2
  -1.1558109485465950E-003  -2.6418595597709586E-003           1          -2          -3
   7.8455771283563797E-005   1.7933007777522501E-004           1           3           4
   2.3352835371529587E-004   5.3378529156992917E-004           1           4           3
  -3.3396140693195257E-005  -7.6336447571391064E-005           2          -1           3
   3.6059896075928610E-004   8.2422391530643656E-004           2           3          -1
  -4.5445917873741297E-005  -1.0387772423643880E-004           3          -1           2
  -1.1292123631935231E-004  -2.5810637077693636E-004           3           1           4
   7.5454986711353243E-004   1.7246933185353247E-003           3           2          -1
  -3.5686714676592794E-004  -8.1569755106857249E-004           3           4           1
  -2.8362767428803741E-004  -6.4829580447683770E-004           4           1           3
  -8.1920283568419328E-004  -1.8724747693764107E-003           4           3           1
   6.6724023921782918E-004   1.5251186497222797E-003          -4          -4          -3
   1.2455152162619656E-003   2.8468884013883831E-003          -4          -3          -4
  -1.8823264765039120E-004  -4.3024069554550994E-004          -4          -1           0
  -1.0947985721732653E-004  -2.5023478040038803E-004          -4           0          -1
  -2.4874949069991661E-004  -5.6857004518412392E-004          -3          -4          -4
  -1.6590424474238736E-004  -3.7920744458736611E-004          -3           1           1
   2.6198319356304102E-005   5.9876899323621297E-005          -1          -4           0
  -4.9396690355011315E-005  -1.1290582677979291E-004          -1          -1           3
  -4.5718644925539288E-005  -1.0450001439969141E-004          -1           0          -4
   1.0182958780498731E-003   2.3275293866713144E-003          -1           3          -1
   2.1065450422586777E-004   4.8148581092248436E-004           0          -4          -1
   8.7968853452988967E-005   2.0106974438598813E-004           0          -1          -4
  -1.0284754687456938E-004  -2.3507972504485149E-004           0           1           4
  -1.3892567303486476E-003  -3.1754385346286465E-003           0           4           1
  -1.6765889781756287E-005  -3.8316916383311631E-005           1          -3           1
   5.3451803976207949E-005   1.2217443430963775E-004           1           0           4
   4.2250232817464672E-005   9.6572128867604111E-005           1           1          -3
  -1.0570639222364760E-003  -2.4161408584771667E-003           1           4           0
   1.8845160173005762E-004   4.3074781036569213E-004           3          -1          -1
   1.7146740378840740E-004   3.9192326789287999E-004           3           4           4
   7.2201604379237274E-004   1.6503194775493067E-003           4           0           1
   1.2670450752046898E-003   2.8960991568297255E-003           4           1           0
  -1.9210190788643877E-004  -4.3908490846322827E-004           4           3           4
  -1.0117432127098500E-004  -2.3125063639897498E-004           4           4           3
   6.4457688702013053E-004   1.4733124243146421E-003          -4          -4          -2
   1.4780567506734103E-003   3.3784010059764395E-003          -4          -2          -4
  -5.5301044560868227E-004  -1.2640194559486772E-003          -4          -2           0
  -7.2201695869887985E-004  -1.6503190547266767E-003          -4           0          -2
  -1.0129642703252117E-003  -2.3153398131427281E-003          -2          -4          -4
   3.0542734295671786E-005   6.9811964679102712E-005          -2          -4           0
   1.5619302852242520E-004   3.5701150111552425E-004          -2          -2           2
  -6.2518783675860070E-004  -1.4289971217791232E-003          -2           0          -4
  -4.5186932444609248E-004  -1.0328352229725549E-003          -2           2          -2
   5.3634339834097153E-004   1.2259217848276575E-003          -2           2           2
   1.3892589141720002E-003   3.1754373461754318E-003           0          -4          -2
   1.2029451339541323E-003   2.7495817085985779E-003           0          -2          -4
  -3.2520824747182836E-004  -7.4333014617384793E-004           0           2           4
  -1.3420694040006769E-003  -3.0675723014166492E-003           0           4           2
  -9.6155990086660501E-004  -2.1978449695819208E-003           2          -2          -2
   1.5274347906628107E-006   3.4915763266861005E-006           2          -2           2
   1.6901524317367500E-004   3.8631953842777967E-004           2           0           4
  -5.7775820349565950E-004  -1.3205867534036718E-003           2           2          -2
  -5.1649727872965490E-004  -1.1805553712607680E-003           2           4           0
   5.5148330840514438E-004   1.2605271807204364E-003           2           4           4
   6.9749208770325923E-004   1.5942602842551753E-003           4           0           2
   1.4648333933306910E-003   3.3481756663934540E-003           4           2           0
  -5.6688595600746909E-004  -1.2957344753323616E-003           4           2           4
  -6.6724128595904155E-004  -1.5251182622362733E-003           4           4           2
   1.0117107491323720E-004   2.3125210337606047E-004          -4          -4          -4
   1.5725571580967488E-004   3.5944342364032278E-004          -4           0           0
  -3.0258082020719908E-004  -6.9161790447912219E-004           0          -4           0
   6.0563171933382484E-010  -2.2989986361741788E-010           0           0          -4
   2.8268697263243740E-010  -1.0057640518407278E-010           0           0           4
  -2.1064794560849369E-004  -4.8148908043023928E-004           0           4           0
   1.0947683936951693E-004   2.5023606900213835E-004           4           0           0
   1.4532555616566907E-004   3.3217426490817094E-004           4           4           4
   8.3204962223196535E-004   1.9018259703482907E-003          -5          -3          -3
   2.8083211143920320E-004   6.4189411456986364E-004          -5          -2          -2
   1.7561201131861357E-004   4.0139576909201097E-004          -4          -4          -1
  -2.8945534109538369E-004  -6.6161145963323717E-004          -4          -3           0
   2.8363233629766970E-004   6.4829399009475475E-004          -4          -1          -4
  -6.9748975362608876E-004  -1.5942612214483853E-003          -4           0          -3
  -2.8822846399453558E-004  -6.5880795034568818E-004          -3          -5          -3
  -9.7327670996797227E-005  -2.2246210488702781E-004          -3          -4           0
   1.6139541747269790E-004   3.6890256309679082E-004          -3          -3          -5
  -9.5181056478370384E-005  -2.1755554936319960E-004          -3          -3           1
  -6.9578803618020198E-004  -1.5903701711250369E-003          -3           0          -4
  -5.7599864481036015E-007  -1.3168842191136876E-006          -3           0           2
   4.5446683463121274E-005   1.0387727239683098E-004          -3           1          -3
  -2.1120136418666721E-004  -4.8274165165975146E-004          -3           2           0
  -7.3542407994415076E-005  -1.6809298049105063E-004          -2          -5          -2
   7.7004761804655325E-005   1.7600831933168299E-004          -2          -2          -5
   6.4990970561633635E-006   1.4854962060396946E-005          -2           0           3
   5.5161101070943987E-004   1.2608224880580948E-003          -2           3           0
  -2.3353326741178866E-004  -5.3378257209596967E-004          -1          -4          -4
  -4.0016647970077051E-004  -9.1466456896465223E-004          -1           3           3
   1.3420648540848094E-003   3.0675743923552186E-003           0          -4          -3
   1.3387895669667591E-003   3.0600873242282857E-003           0          -3          -4
   1.1078361186433090E-006   2.5342374866766837E-006           0          -3           2
  -1.2505700336815587E-005  -2.8583245504323834E-005           0          -2           3
  -1.6033088755879621E-004  -3.6646421773287827E-004           0           2          -3
   3.3603968365397837E-004   7.6808922945009424E-004           0           3          -2
  -1.9817602150432680E-004  -4.5297035918902170E-004           0           3           4
  -3.6564059785307469E-004  -8.3574279681624568E-004           0           4           3
   2.2476838422610024E-004   5.1374816995697955E-004           1          -3          -3
   4.0515118247828245E-004   9.2605803143457554E-004           1           4           4
  -6.0437108627564278E-005  -1.3813787443647075E-004           2          -3           0
   8.3326128007600269E-005   1.9045733580133240E-004           2           0          -3
   6.0060601133733429E-006   1.3728109281881372E-005           2           2           5
   5.8067614088704370E-004   1.3272562547749353E-003           2           5           2
   2.5137385894631966E-004   5.7456988958548170E-004           3          -2           0
   1.1569609955088873E-004   2.6444654815245729E-004           3          -1           3
  -1.7464491514506715E-004  -3.9918657955117815E-004           3           0          -2
   1.0299459011940492E-004   2.3541532751106007E-004           3           0           4
   6.4300204470173412E-004   1.4697176312492340E-003           3           3          -1
   5.3237356284430190E-007   1.2168516054181141E-006           3           3           5
  -5.8863917836174097E-005  -1.3454574439706289E-004           3           4           0
   2.2039519356591017E-004   5.0375637814128928E-004           3           5           3
   1.9002827529415517E-004   4.3434744510614673E-004           4           0           3
  -3.0283919252207083E-004  -6.9220239567383457E-004           4           1           4
   2.7898016439942839E-004   6.3765991435174064E-004           4           3           0
  -6.4457468261226768E-004  -1.4733134506603439E-003           4           4           1
  -8.3983911293887157E-004  -1.9196302539823303E-003           5           2           2
  -2.8474353678257781E-004  -6.5083458738707310E-004           5           3           3
   6.2937394173712743E-004   1.4385635189061508E-003          -5          -3          -2
   8.3984113982691461E-004   1.9196293454307111E-003          -5          -2          -3
  -6.7799613061153783E-005  -1.5497028759572034E-004          -3          -5          -2
   5.0355797707234162E-004   1.1509840106611879E-003          -3          -2          -5
   9.5542764791186057E-005   2.1838279591521347E-004          -3          -1           2
  -2.5137577992238175E-004  -5.7456896718942048E-004          -3           2          -1
  -5.8067637170898035E-004  -1.3272560290366448E-003          -2          -5          -3
  -3.3019997279720687E-004  -7.5474186259434758E-004          -2          -3          -5
   1.0886951450029883E-004   2.4884335937593006E-004          -2           1           3
   5.7558146174053267E-004   1.3156081385049662E-003          -2           3           1
   1.0098898433757082E-005   2.3083262001044018E-005          -1          -3           2
  -1.6965767280190585E-004  -3.8778373798061357E-004          -1           2          -3
  -1.5543463289745173E-005  -3.5527964405831114E-005           1          -2           3
   1.9128893964630674E-004   4.3722650275175118E-004           1           3          -2
  -5.5161138416263207E-004  -1.2608222233890382E-003           2          -3          -1
  -3.1226860687699190E-004  -7.1375631748712390E-004           2          -1          -3
   1.1108628110760635E-004   2.5391024890785704E-004           2           3           5
   5.9366913975962760E-004   1.3569513303830355E-003           2           5           3
   3.5705155222269870E-005   8.1612030207409576E-005           3          -2           1
  -4.9985814696633434E-004  -1.1425267949348422E-003           3           1          -2
  -9.8770521052135213E-005  -2.2576062427677126E-004           3           2           5
   2.8823018908445382E-004   6.5880718044654320E-004           3           5           2
  -6.4338078161182684E-004  -1.4705786200246208E-003           5           2           3
  -8.3205181783366287E-004  -1.9018250084943396E-003           5           3           2
   1.6490097834507677E-004   3.7691942252569962E-004          -5          -4          -3
   2.8473908405752645E-004   6.5083655517148128E-004          -5          -3          -4
  -1.5037587759100487E-004  -3.4371896845571153E-004          -5          -2          -1
  -2.2631414508592144E-004  -5.1729257211273005E-004          -5          -1          -2
  -5.8431804492395569E-006  -1.3355151718129142E-005          -4          -5          -3
   1.9209882252966198E-004   4.3908600469986494E-004          -4          -3          -5
   5.1860332191478950E-005   1.1853891464459618E-004          -4          -1           1
   9.1959950913576808E-005   2.1019456901978802E-004          -4           1          -1
  -2.2039344804749311E-004  -5.0375721354601721E-004          -3          -5          -4
  -1.7146684918377397E-004  -3.9192374626333012E-004          -3          -4          -5
   1.0274972921844712E-005   2.3485701613919194E-005          -3           1           2
   3.6681662973600277E-005   8.3844702475158859E-005          -3           2           1
   1.1187262813356478E-004   2.5571094468683221E-004          -2          -5          -1
  -1.2486920616583787E-004  -2.8541536822970407E-004          -2          -1          -5
   0.0000000000000000        0.0000000000000000               -2          -1           3
   6.0434405104650398E-005   1.3813925153802995E-004          -2           3          -1
   3.0799071304479656E-004   7.0398157346189701E-004          -1          -5          -2
  -4.0835003142232932E-005  -9.3339196998733822E-005          -1          -4           1
   2.7086259372025804E-004   6.1911468373853349E-004          -1          -2          -5
   0.0000000000000000        0.0000000000000000               -1          -2           3
   1.5712041794274773E-004   3.5912959330395525E-004          -1           1          -4
   0.0000000000000000        0.0000000000000000               -1           1           4
   1.6762397869346383E-005   3.8318889537348337E-005          -1           3          -2
  -1.6337170728095268E-004  -3.7342496450640819E-004          -1           4           1
  -3.0441197557681642E-004  -6.9580192775921766E-004           1          -4          -1
   3.9179965960405317E-005   8.9556384769013710E-005           1          -3           2
  -2.7172156265522861E-004  -6.2107814977538790E-004           1          -1          -4
   0.0000000000000000        0.0000000000000000                1          -1           4
  -1.4685330376977616E-004  -3.3566229292288405E-004           1           2          -3
   0.0000000000000000        0.0000000000000000                1           2           5
  -2.6195040201277172E-005  -5.9878650758937722E-005           1           4          -1
   1.6780167897002425E-004   3.8355029141065805E-004           1           5           2
   1.0689008789488133E-004   2.4432266999528223E-004           2          -3           1
  -1.1374308461284754E-004  -2.5998463418630015E-004           2           1          -3
   0.0000000000000000        0.0000000000000000                2           1           5
   7.3539904983911555E-005   1.6809420563467772E-004           2           5           1
   2.1119920093717472E-004   4.8274269835415763E-004           3          -2          -1
   1.6590340514544076E-004   3.7920806927972266E-004           3          -1          -2
  -1.2679905567319264E-005  -2.8982841609494411E-005           3           4           5
  -4.3485608918456925E-005  -9.9396480135244898E-005           3           5           4
   2.9008129928244218E-006   6.6304562174241951E-006           4          -1           1
   1.8822950207594965E-004   4.3024190291145750E-004           4           1          -1
   5.1110483161927842E-005   1.1682452817660089E-004           4           3           5
   7.8097702688496889E-005   1.7850958506049076E-004           4           5           3
  -1.6921497945456083E-004  -3.8677963488360372E-004           5           1           2
  -2.8082760585787200E-004  -6.4189611446639002E-004           5           2           1
   1.4855459334154911E-004   3.3955531995854936E-004           5           3           4
   2.1603062073654051E-004   4.9378720971010809E-004           5           4           3
  -2.1603362997011787E-004  -4.9378580874951392E-004          -5          -4          -4
   3.0376675254537174E-004   6.9432338681039052E-004          -5          -4          -2
   1.3063026525014866E-004   2.9858037328408485E-004          -5          -3          -1
   6.4337911810390634E-004   1.4705792615476087E-003          -5          -2          -4
   1.6921774547902138E-004   3.8677833914056232E-004          -5          -1          -3
  -2.7729653402047764E-004  -6.3382056237019685E-004          -5          -1          -1
  -7.8098373253022453E-005  -1.7850928694771037E-004          -4          -5          -4
   9.5964503437890014E-005   2.1934672465072670E-004          -4          -5          -2
  -1.4532751062772372E-004  -3.3217356144626459E-004          -4          -4          -5
   5.6688489995586442E-004   1.2957348549987569E-003          -4          -2          -5
   0.0000000000000000        0.0000000000000000               -4          -2           1
   0.0000000000000000        0.0000000000000000               -4           0           1
  -2.9009790534871058E-006  -6.6302889388550367E-006          -4           1          -2
   3.0242025318103963E-005   6.9125101346023113E-005          -4           1           0
   9.5871291007951193E-006   2.1913796123821718E-005          -3          -5          -1
   0.0000000000000000        0.0000000000000000               -3          -2           2
   1.1292284208236564E-004   2.5810605515161822E-004          -3          -1          -5
  -3.5705496929869281E-005  -8.1611995624089007E-005          -3           2          -2
  -5.9366722179835332E-004  -1.3569522741666163E-003          -2          -5          -4
  -5.5148151963981310E-004  -1.2605279829512332E-003          -2          -4          -5
   0.0000000000000000        0.0000000000000000               -2          -4           1
   0.0000000000000000        0.0000000000000000               -2          -3           2
   3.3397534283957414E-005   7.6335625576098458E-005          -2           1          -4
  -1.5276411002484487E-006  -3.4917070619711242E-006          -2           2          -3
   0.0000000000000000        0.0000000000000000               -2           2           3
   1.4440273937988858E-004   3.3006002520322316E-004          -2           3           2
  -1.6780474701679843E-004  -3.8354867281771310E-004          -1          -5          -3
   2.9916315072369705E-004   6.8380177775226542E-004          -1          -5          -1
  -7.8457386422884072E-005  -1.7932875242505930E-004          -1          -3          -5
   5.0793357726240231E-005   1.1610001423298415E-004          -1          -1          -5
   0.0000000000000000        0.0000000000000000               -1           0           4
   0.0000000000000000        0.0000000000000000               -1           2           4
   3.0441576022115550E-004   6.9580015043136138E-004          -1           4           0
  -4.1344328387979764E-004  -9.4501142763850506E-004          -1           4           2
   0.0000000000000000        0.0000000000000000                0          -4           1
   0.0000000000000000        0.0000000000000000                0          -1           4
   1.0575811790528319E-004   2.4173140660190245E-004           0           1          -4
   3.0258538070037527E-004   6.9161559919861078E-004           0           4          -1
   1.6337497823245108E-004   3.7342329791400548E-004           1          -4          -2
  -2.9258266534328090E-004  -6.6876090795052771E-004           1          -4           0
   7.4560242440438403E-005   1.7042070968940038E-004           1          -2          -4
  -5.4963239085589151E-005  -1.2563102525128854E-004           1           0          -4
   0.0000000000000000        0.0000000000000000                1           1           5
   0.0000000000000000        0.0000000000000000                1           3           5
  -3.0799432886213481E-004  -7.0397981318105762E-004           1           5           1
   4.1883462982455284E-004   9.5733439048519150E-004           1           5           3
  -5.7557931939714523E-004  -1.3156091406234659E-003           2          -3          -2
  -5.3634150147519196E-004  -1.2259227461588866E-003           2          -2          -3
   0.0000000000000000        0.0000000000000000                2          -2           3
   0.0000000000000000        0.0000000000000000                2          -1           4
   3.8362668596078434E-005   8.7684659571312426E-005           2           3          -2
  -3.0543033106867598E-005  -6.9811977369690144E-005           2           4          -1
   0.0000000000000000        0.0000000000000000                2           4           5
   1.4754307138989750E-004   3.3723803184449797E-004           2           5           4
  -1.6912620765770774E-005  -3.8657824540734782E-005           3          -2           2
   0.0000000000000000        0.0000000000000000                3           1           5
  -1.1185497381881110E-004  -2.5566503298231965E-004           3           2          -2
   6.7800005758860980E-005   1.5497010269161244E-004           3           5           1
  -9.1960513305973146E-005  -2.1019430977587569E-004           4          -1           0
   1.1506778997125830E-004   2.6301082571907655E-004           4          -1           2
  -1.5725770829805416E-004  -3.5944263231816660E-004           4           0          -1
   5.5300949864629855E-004   1.2640197682537522E-003           4           2          -1
   0.0000000000000000        0.0000000000000000                4           2           5
   0.0000000000000000        0.0000000000000000                4           4           5
   5.8427320645914037E-006   1.3355394431189790E-005           4           5           2
   1.5286068519659184E-005   3.4940238731899870E-005           4           5           4
   2.2631724728884158E-004   5.1729120713517177E-004           5           1           1
  -3.1747875730621670E-004  -7.2566448488956231E-004           5           1           3
  -1.3481541029883193E-004  -3.0814652532727932E-004           5           2           4
  -6.2937243465282567E-004  -1.4385642275936057E-003           5           3           1
  -1.6490384420467781E-004  -3.7691808803607177E-004           5           4           2
   2.6892109789538156E-004   6.1467647891137885E-004           5           4           4
   0.0000000000000000        0.0000000000000000               -4          -4           0
  -1.9002685936943319E-004  -4.3434796706355155E-004          -4           0          -4
   3.6563728794884514E-004   8.3574438423406560E-004           0          -4          -4
   0.0000000000000000        0.0000000000000000                0           4           4
   0.0000000000000000        0.0000000000000000                4           0           4
  -1.7561041111810593E-004  -4.0139657845379614E-004           4           4           0
   0.0000000000000000        0.0000000000000000               -5          -5          -3
  -1.4855682840225792E-004  -3.3955444923070032E-004          -5          -3          -5
   0.0000000000000000        0.0000000000000000               -5          -2           0
   0.0000000000000000        0.0000000000000000               -5           0          -2
   4.3486177360066558E-005   9.9396023194121491E-005          -3          -5          -5
   0.0000000000000000        0.0000000000000000               -3           2           2
   0.0000000000000000        0.0000000000000000               -2          -5           0
   0.0000000000000000        0.0000000000000000               -2          -2           3
  -1.6901527436205196E-004  -3.8631926700949436E-004          -2           0          -5
  -1.0689222248714419E-004  -2.4432162253947102E-004          -2           3          -2
   0.0000000000000000        0.0000000000000000                0          -5          -2
   3.2520747256607481E-004   7.4333064716890652E-004           0          -2          -5
   0.0000000000000000        0.0000000000000000                0           2           5
   0.0000000000000000        0.0000000000000000                0           5           2
   0.0000000000000000        0.0000000000000000                2          -3           2
   0.0000000000000000        0.0000000000000000                2           0           5
  -1.5619290327804851E-004  -3.5701143880800205E-004           2           2          -3
  -1.1187455029989561E-004  -2.5570996000935962E-004           2           5           0
  -3.6682399911079978E-005  -8.3844253423222422E-005           3          -2          -2
   0.0000000000000000        0.0000000000000000                5           0           2
   1.5037844607342847E-004   3.4371783410770993E-004           5           2           0
   0.0000000000000000        0.0000000000000000               -5          -5          -4
  -2.6892202835962059E-004  -6.1467620191957219E-004          -5          -4          -5
   0.0000000000000000        0.0000000000000000               -5          -4          -1
   3.1747930692315157E-004   7.2566436319695558E-004          -5          -1          -4
   0.0000000000000000        0.0000000000000000               -5          -1           0
   0.0000000000000000        0.0000000000000000               -5           0          -1
  -1.5286549920801400E-005  -3.4940169575274356E-005          -4          -5          -5
   0.0000000000000000        0.0000000000000000               -4          -5          -1
   0.0000000000000000        0.0000000000000000               -4          -3           1
   3.0283965338392401E-004   6.9220239943566895E-004          -4          -1          -5
  -1.1506743619290401E-004  -2.6301104697874235E-004          -4           1          -3
   0.0000000000000000        0.0000000000000000               -4           1           1
   0.0000000000000000        0.0000000000000000               -3          -4           1
  -1.1569556937591829E-004  -2.6444688508954343E-004          -3           1          -4
  -4.1883497501786797E-004  -9.5733408922090779E-004          -1          -5          -4
   0.0000000000000000        0.0000000000000000               -1          -5           0
  -4.0515138429400273E-004  -9.2605769696502149E-004          -1          -4          -5
   0.0000000000000000        0.0000000000000000               -1          -1           4
  -5.3451552005964796E-005  -1.2217451690119734E-004          -1           0          -5
   0.0000000000000000        0.0000000000000000               -1           3           4
   2.9258427502208142E-004   6.6876001492015887E-004          -1           4          -1
   0.0000000000000000        0.0000000000000000               -1           4           3
   0.0000000000000000        0.0000000000000000                0          -5          -1
   1.0284734662627566E-004   2.3507980191506266E-004           0          -1          -5
   0.0000000000000000        0.0000000000000000                0           1           5
   0.0000000000000000        0.0000000000000000                0           5           1
   4.1344367234244050E-004   9.4501119357695996E-004           1          -4          -3
   0.0000000000000000        0.0000000000000000                1          -4           1
   4.0016676740983926E-004   9.1466426895600616E-004           1          -3          -4
   0.0000000000000000        0.0000000000000000                1           0           5
   4.9396503626628946E-005   1.1290580128772448E-004           1           1          -4
   0.0000000000000000        0.0000000000000000                1           4           5
  -2.9916467873207308E-004  -6.8380084062831916E-004           1           5           0
   0.0000000000000000        0.0000000000000000                1           5           4
   0.0000000000000000        0.0000000000000000                3          -1           4
   9.7327227435469924E-005   2.2246227691539070E-004           3           4          -1
  -3.0242544165660933E-005  -6.9124840200201769E-005           4          -1          -1
   0.0000000000000000        0.0000000000000000                4          -1           3
   0.0000000000000000        0.0000000000000000                4           1           5
   2.8945599795161266E-004   6.6161115349060303E-004           4           3          -1
  -9.5964259792107821E-005  -2.1934683463144741E-004           4           5           1
   0.0000000000000000        0.0000000000000000                5           0           1
   2.7729765131564039E-004   6.3382000868437906E-004           5           1           0
   0.0000000000000000        0.0000000000000000                5           1           4
  -3.0376748784232159E-004  -6.9432304130860524E-004           5           4           1
   0.0000000000000000        0.0000000000000000               -6          -3          -3
   0.0000000000000000        0.0000000000000000               -5          -5          -2
   0.0000000000000000        0.0000000000000000               -5          -3           0
   1.3481374011788480E-004   3.0814713156286351E-004          -5          -2          -5
   0.0000000000000000        0.0000000000000000               -5           0          -3
   0.0000000000000000        0.0000000000000000               -3          -6          -3
   0.0000000000000000        0.0000000000000000               -3          -5           0
  -5.3255962526133260E-007  -1.2169482382952437E-006          -3          -3          -6
   0.0000000000000000        0.0000000000000000               -3          -3           2
  -1.0299426569383355E-004  -2.3541533542297612E-004          -3           0          -5
   0.0000000000000000        0.0000000000000000               -3           0           3
   1.6912967670075735E-005   3.8657616743358321E-005          -3           2          -3
   0.0000000000000000        0.0000000000000000               -3           3           0
  -1.4754152187360493E-004  -3.3723878616481121E-004          -2          -5          -5
   0.0000000000000000        0.0000000000000000               -2           3           3
   0.0000000000000000        0.0000000000000000                0          -5          -3
   1.9817455911801658E-004   4.5297116413971678E-004           0          -3          -5
   0.0000000000000000        0.0000000000000000                0          -3           3
  -1.1091405732450498E-006  -2.5334800678787596E-006           0           3          -3
   0.0000000000000000        0.0000000000000000                0           3           5
   0.0000000000000000        0.0000000000000000                0           5           3
  -1.4440101270074161E-004  -3.3006085049852455E-004           2          -3          -3
   0.0000000000000000        0.0000000000000000                3          -3           0
   0.0000000000000000        0.0000000000000000                3          -2           3
   5.7623515636473909E-007   1.3168821781593936E-006           3           0          -3
   0.0000000000000000        0.0000000000000000                3           0           5
   9.5180561176021661E-005   2.1755581630476543E-004           3           3          -2
  -9.5873717364195751E-006  -2.1913684356534609E-005           3           5           0
   0.0000000000000000        0.0000000000000000                5           0           3
  -1.3062856144788535E-004  -2.9858113930800824E-004           5           3           0
   0.0000000000000000        0.0000000000000000               -6          -4          -3
   0.0000000000000000        0.0000000000000000               -6          -3          -4
   0.0000000000000000        0.0000000000000000               -6          -3          -2
   0.0000000000000000        0.0000000000000000               -6          -2          -3
   0.0000000000000000        0.0000000000000000               -5          -5          -5
   0.0000000000000000        0.0000000000000000               -5           0           0
   0.0000000000000000        0.0000000000000000               -4          -6          -3
  -5.1111353759670970E-005  -1.1682434901438154E-004          -4          -3          -6
   0.0000000000000000        0.0000000000000000               -4          -1           2
   0.0000000000000000        0.0000000000000000               -4           2          -1
   0.0000000000000000        0.0000000000000000               -3          -6          -4
   0.0000000000000000        0.0000000000000000               -3          -6          -2
   1.2679837139993528E-005   2.8982648131482072E-005          -3          -4          -6
   9.8770577569406965E-005   2.2576059194790666E-004          -3          -2          -6
   0.0000000000000000        0.0000000000000000               -3          -1           3
   0.0000000000000000        0.0000000000000000               -3           1           3
   0.0000000000000000        0.0000000000000000               -3           3          -1
   0.0000000000000000        0.0000000000000000               -3           3           1
   0.0000000000000000        0.0000000000000000               -2          -6          -3
  -1.1108583199476719E-004  -2.5391045793918092E-004          -2          -3          -6
   0.0000000000000000        0.0000000000000000               -2           1           4
   0.0000000000000000        0.0000000000000000               -2           4           1
   0.0000000000000000        0.0000000000000000               -1          -4           2
   0.0000000000000000        0.0000000000000000               -1          -3           3
   1.5543540000370124E-005   3.5527749997426543E-005          -1           2          -4
  -3.9181529955712740E-005  -8.9555598326741673E-005          -1           3          -3
   0.0000000000000000        0.0000000000000000                0          -5           0
  -1.0823622881586097E-010  -1.1255876854752745E-010           0           0          -5
   0.0000000000000000        0.0000000000000000                0           0           5
   0.0000000000000000        0.0000000000000000                0           5           0
   0.0000000000000000        0.0000000000000000                1          -3           3
   0.0000000000000000        0.0000000000000000                1          -2           4
  -1.0098967275429074E-005  -2.3083076794255944E-005           1           3          -3
   4.0836502636633988E-005   9.3338487216355632E-005           1           4          -2
   0.0000000000000000        0.0000000000000000                2          -4          -1
  -1.0886904480101316E-004  -2.4884359678086160E-004           2          -1          -4
   0.0000000000000000        0.0000000000000000                3          -3          -1
   0.0000000000000000        0.0000000000000000                3          -3           1
  -1.0274977467939687E-005  -2.3485593953677558E-005           3          -1          -3
  -9.5542755436284628E-005  -2.1838277016588263E-004           3           1          -3
   0.0000000000000000        0.0000000000000000                4          -2           1
  -5.1861329170442067E-005  -1.1853847284356980E-004           4           1          -2
   0.0000000000000000        0.0000000000000000                5           0           0
   0.0000000000000000        0.0000000000000000               -6          -4          -4
   0.0000000000000000        0.0000000000000000               -6          -2          -2
   0.0000000000000000        0.0000000000000000               -4          -6          -4
   0.0000000000000000        0.0000000000000000               -4          -4          -6
   0.0000000000000000        0.0000000000000000               -4           0           2
   0.0000000000000000        0.0000000000000000               -4           2           0
   0.0000000000000000        0.0000000000000000               -2          -6          -2
  -6.0057694894119247E-006  -1.3728051129398309E-005          -2          -2          -6
   0.0000000000000000        0.0000000000000000               -2           0           4
   0.0000000000000000        0.0000000000000000               -2           4           0
   0.0000000000000000        0.0000000000000000                0          -4           2
   0.0000000000000000        0.0000000000000000                0          -2           4
   1.2505092427679854E-005   2.8583449030366747E-005           0           2          -4
   0.0000000000000000        0.0000000000000000                0           4          -2
   0.0000000000000000        0.0000000000000000                2          -4           0
  -6.4988505275430374E-006  -1.4855051219370946E-005           2           0          -4
   0.0000000000000000        0.0000000000000000                4          -2           0
   0.0000000000000000        0.0000000000000000                4           0          -2
   0.0000000000000000        0.0000000000000000               -6          -4          -2
   0.0000000000000000        0.0000000000000000               -6          -2          -4
   0.0000000000000000        0.0000000000000000               -4          -6          -2
   0.0000000000000000        0.0000000000000000               -4          -2          -6
   0.0000000000000000        0.0000000000000000               -4          -2           2
   0.0000000000000000        0.0000000000000000               -4           2          -2
   0.0000000000000000        0.0000000000000000               -2          -6          -4
   0.0000000000000000        0.0000000000000000               -2          -4          -6
   0.0000000000000000        0.0000000000000000               -2          -4           2
   0.0000000000000000        0.0000000000000000               -2           2          -4
   0.0000000000000000        0.0000000000000000                2          -4          -2
   0.0000000000000000        0.0000000000000000                2          -2          -4
   0.0000000000000000        0.0000000000000000               -5          -5          -1
   0.0000000000000000        0.0000000000000000               -5          -4           0
   0.0000000000000000        0.0000000000000000               -5          -1          -5
   0.0000000000000000        0.0000000000000000               -5           0          -4
   0.0000000000000000        0.0000000000000000               -4          -5           0
   0.0000000000000000        0.0000000000000000               -4          -4           1
   0.0000000000000000        0.0000000000000000               -4           0          -5
   0.0000000000000000        0.0000000000000000               -4           1          -4
   0.0000000000000000        0.0000000000000000               -1          -5          -5
   0.0000000000000000        0.0000000000000000                0          -5          -4
   0.0000000000000000        0.0000000000000000                0          -4          -5
   0.0000000000000000        0.0000000000000000                1          -4          -4
