         718          24          24          24
  0.10187103173607429      -0.61818082294556909                0           0           0
  0.12350703898347221       0.12077347756329020               -1          -1          -1
  0.17247534906212270      -0.17637870193593796               -1           0           0
  -1.6917988083127833E-002  -3.5406194281306771E-002           0          -1           0
  0.17247497281839075      -0.17637906987158752                0           0          -1
   3.0041130170731751E-002  -4.4228397880180396E-002           0           0           1
 -0.12350701029461325      -0.12077350683957219                0           1           0
   3.0041124294722679E-002  -4.4228332118415842E-002           1           0           0
   1.6917990141627946E-002   3.5406189210367443E-002           1           1           1
  -4.5500075816832675E-003   8.5489284113657586E-004          -1          -1           0
  0.61574640999710673      -0.11567884672928364               -1           0          -1
  -4.5500552373381915E-003   8.5477634441614146E-004           0          -1          -1
   4.5500074427013582E-003  -8.5490558924455114E-004           0           1           1
   2.8846933784617643E-002  -5.4194360729514397E-003           1           0           1
   4.5500666276464072E-003  -8.5478385295486474E-004           1           1           0
   7.5275049688881021E-004  -4.5680557143943481E-003          -2          -1          -1
   1.1524220942332231E-002  -6.6718975793352096E-003          -1          -2          -1
   7.5287351430953988E-004  -4.5679991286101829E-003          -1          -1          -2
   9.9914079584075954E-003   2.6298111834433830E-003          -1           0           1
  -7.5274343580936033E-004   4.5680439942491092E-003          -1           1           0
  -7.2571013206418605E-004   4.4038439041475313E-003           0          -1           1
  -7.5286085389975489E-004   4.5679990529654563E-003           0           1          -1
  -7.2570987479710189E-004   4.4038480852378733E-003           1          -1           0
   9.9913684496852791E-003   2.6297920364715729E-003           1           0          -1
   7.2570989170864242E-004  -4.4038441800679611E-003           1           1           2
   1.1524218626344784E-002  -6.6718958696054091E-003           1           2           1
   7.2571017594062238E-004  -4.4038484794048120E-003           2           1           1
   1.6425019252103809E-002  -1.6796796388048141E-002          -2          -2          -1
  -3.5775904865611163E-002  -1.6121452704447540E-002          -2          -1          -2
  -1.1761731216709030E-002  -1.1501403163940792E-002          -2          -1           0
   4.3545011856620297E-002  -3.1023320313680817E-002          -2           0          -1
   1.6425040380118182E-002  -1.6796775163327150E-002          -1          -2          -2
  -8.1686391660773759E-003  -4.5156934680202895E-003          -1          -2           0
  -1.0226421654213749E-002   7.9715389345348751E-003          -1          -1           1
   4.3545078104435697E-002  -3.1023328325876967E-002          -1           0          -2
   3.5775910137700220E-002   1.6121450559438158E-002          -1           1          -1
   1.1761731237039748E-002   1.1501399018289053E-002          -1           1           1
  -8.1686417840637349E-003  -4.5157016415475404E-003           0          -2          -1
  -1.1761716697126662E-002  -1.1501413698449123E-002           0          -1          -2
   1.0226421554710069E-002  -7.9715403202054794E-003           0           1           2
   1.6425018174625432E-002  -1.6796796746409499E-002           0           2           1
  -1.0226428169617330E-002   7.9715263082824894E-003           1          -1          -1
   6.7604360254840583E-003   3.1189042262948110E-003           1          -1           1
   8.2531779359162737E-003  -5.9394788384943198E-003           1           0           2
   1.1761721067297984E-002   1.1501413524189898E-002           1           1          -1
   1.6425039685696738E-002  -1.6796776379448385E-002           1           2           0
  -8.1686394386554072E-003  -4.5156921192804761E-003           1           2           2
   8.2531768866483824E-003  -5.9394782088690971E-003           2           0           1
   1.0226429084360278E-002  -7.9715265977808626E-003           2           1           0
  -6.7604361389479095E-003  -3.1189042326455110E-003           2           1           2
  -8.1686429645320812E-003  -4.5157007709255926E-003           2           2           1
   6.4123423454882497E-003  -1.1670633009155431E-002          -2          -2          -2
  -2.8527152582951266E-003  -9.9300183741198728E-003          -2           0           0
  -1.2210552744339799E-002   3.0562132117275291E-003           0          -2           0
  -2.8527353659240934E-003  -9.9300577563335400E-003           0           0          -2
   1.1951303562158594E-002  -1.4830222395131034E-003           0           0           2
   6.4123438569565327E-003  -1.1670635265588404E-002           0           2           0
   1.1951306005957341E-002  -1.4830130553630753E-003           2           0           0
  -1.2210553226610271E-002   3.0562138052795899E-003           2           2           2
   1.9335463731288954E-003  -1.1733306283541890E-002          -2          -2           0
   4.7725575535372388E-003  -2.8960983701041526E-002          -2           0          -2
   1.9335484307814762E-003  -1.1733304689889437E-002           0          -2          -2
   1.9335466787819091E-003  -1.1733306075842715E-002           0           2           2
   8.2577268337460214E-004  -5.0110158479463570E-003           2           0           2
   1.9335477802675297E-003  -1.1733304805730333E-002           2           2           0
   4.6973639111763431E-003   8.0655473834329444E-003          -3          -2          -2
   7.7406887129658434E-003  -1.0402251068078580E-002          -3          -1          -1
   4.3062606857489083E-003   4.2109522439536338E-003          -2          -3          -2
   4.6973548455155958E-003   8.0655443521437508E-003          -2          -2          -3
  -6.0136049745197363E-003   6.1497189647497352E-003          -2           0           1
  -7.7406885742529966E-003   1.0402249861265202E-002          -2           1           0
   7.9819114138946091E-003  -7.9385640790943582E-003          -1          -3          -1
   7.7407028101043980E-003  -1.0402243562755435E-002          -1          -1          -3
   5.7919196794899248E-003   5.3509071256457614E-003          -1           0           2
   4.6973644685765663E-003   8.0655462444816067E-003          -1           2           0
  -4.2231195502020185E-003   4.5667634543284305E-003           0          -2           1
   2.9397462072102021E-003   3.2210928125934752E-003           0          -1           2
  -7.7407014352458229E-003   1.0402243926857579E-002           0           1          -2
   4.6973562230145345E-003   8.0655440136336281E-003           0           2          -1
  -4.2231188342770447E-003   4.5667635253380679E-003           1          -2           0
  -6.0136097062237232E-003   6.1497144223749307E-003           1           0          -2
  -2.9397461927131545E-003  -3.2210927337810277E-003           1           1           3
  -4.3062608451929444E-003  -4.2109518525316227E-003           1           3           1
   2.9397483880993776E-003   3.2210954255751456E-003           2          -1           0
   5.7919220330415284E-003   5.3509094837277853E-003           2           0          -1
  -4.2231199884341470E-003   4.5667636763532899E-003           2           2           3
  -7.9819117011704754E-003   7.9385643985344367E-003           2           3           2
  -2.9397484035526976E-003  -3.2210953481309986E-003           3           1           1
  -4.2231189959333285E-003   4.5667638005309650E-003           3           2           2
   1.1687098765725925E-002  -2.1956254699214916E-003          -3          -2          -1
   4.3865063759810606E-003  -8.2407539167547229E-004          -3          -1          -2
   8.9310516823741162E-003  -3.4353054807239685E-003          -2          -3          -1
   4.3865020188190796E-003  -8.2407466704872306E-004          -2          -1          -3
  -8.3333199634625307E-003  -1.9189095225554580E-004          -2          -1           1
  -4.3865060284007636E-003   8.2407505837588774E-004          -2           1          -1
   8.9310530049194446E-003  -3.4353039743853634E-003          -1          -3          -2
   1.1687100352593608E-002  -2.1956240847958628E-003          -1          -2          -3
  -5.4631311653192223E-003   1.0263450898927396E-003          -1          -2           1
  -4.3865014211284508E-003   8.2407489316860174E-004          -1           1          -2
   8.3333198433305986E-003   1.9189038807732126E-004          -1           1           2
   1.1687098783591867E-002  -2.1956258378455660E-003          -1           2           1
  -5.4631318048996725E-003   1.0263435024806373E-003           1          -2          -1
  -8.3333210124989787E-003  -1.9189274513643556E-004           1          -1          -2
   3.0459890724799871E-003  -5.7224228565774544E-004           1          -1           2
   1.1687100317091964E-002  -2.1956239904708913E-003           1           2          -1
  -5.4631312248018832E-003   1.0263453616980479E-003           1           2           3
  -8.9310518147213309E-003   3.4353056664276245E-003           1           3           2
   3.0459892241101565E-003  -5.7224183815665262E-004           2          -1           1
   8.3333213653537779E-003   1.9189288695276160E-004           2           1          -1
  -3.0459891286990564E-003   5.7224229161187217E-004           2           1           3
  -8.9310530002463043E-003   3.4353041371496845E-003           2           3           1
  -3.0459892845455809E-003   5.7224186291001604E-004           3           1           2
  -5.4631320235792808E-003   1.0263434901161411E-003           3           2           1
  -3.2345893845766162E-003   9.0056900038563443E-003          -3          -3          -2
  -2.7822072119979566E-003   1.2275885875264337E-002          -3          -2          -3
  -3.7832373267548697E-004  -8.3269404477650175E-003          -3          -1           0
   1.2152014483195204E-003  -1.1981499361147728E-002          -3           0          -1
  -3.2345911100891090E-003   9.0056888111022023E-003          -2          -3          -3
   3.7832343854077169E-004   8.3269400230577845E-003          -2           1           1
   1.6019686929362028E-003  -4.7264642257339399E-003          -1          -3           0
   9.6797279330290698E-005   4.4073199660206288E-003          -1          -1           2
   1.2152110727477348E-003  -1.1981497174555008E-002          -1           0          -3
  -2.7822064425960624E-003   1.2275885536317515E-002          -1           2          -1
   1.6019677315024057E-003  -4.7264649980909481E-003           0          -3          -1
  -3.7832081068678823E-004  -8.3269390438886672E-003           0          -1          -3
  -9.6797192446719396E-005  -4.4073202715861574E-003           0           1           3
   3.2345893387264635E-003  -9.0056899599035116E-003           0           3           1
  -7.7468761839346169E-004   2.9907264007012638E-003           1          -2           1
   1.9299770341467599E-004  -2.8814447415801882E-003           1           0           3
   3.7832139726787012E-004   8.3269391261230168E-003           1           1          -2
   3.2345907488663212E-003  -9.0056886834476175E-003           1           3           0
   9.6800076436637803E-005   4.4073213058504930E-003           2          -1          -1
  -1.6019690280900329E-003   4.7264644164828964E-003           2           3           3
   1.9299566150950121E-004  -2.8814461310221352E-003           3           0           1
  -9.6800020214153886E-005  -4.4073212979262085E-003           3           1           0
  -7.7468774480479860E-004   2.9907265773190164E-003           3           2           3
  -1.6019677919154192E-003   4.7264650773383293E-003           3           3           2
  -7.7579617008135390E-003   8.1575580480441612E-003          -3          -3          -3
   3.0828903812767472E-003   3.0146585718042219E-003          -3          -3          -1
   4.3051970868531594E-003  -4.4026385413501665E-003          -3          -2           0
   3.2694046835570114E-003   6.6889499253675530E-003          -3          -1          -3
   5.7533057774469213E-003  -8.3840207103648284E-003          -3           0          -2
  -5.4791782773135813E-003  -5.6707317907373298E-003          -3           0           0
   3.3881263595605038E-003  -3.8391569500948880E-003          -2          -3           0
  -2.2988680927172513E-003  -2.7707556322254679E-003          -2          -2           1
   5.7533063531806016E-003  -8.3840214794815605E-003          -2           0          -3
  -3.2694046724986011E-003  -6.6889498981481423E-003          -2           1          -2
   3.0828909180622664E-003   3.0146579208657522E-003          -1          -3          -3
   4.3051973721401375E-003  -4.4026385181396592E-003          -1           2           2
   3.3881257074412250E-003  -3.8391571685888609E-003           0          -3          -2
  -5.8472677303893401E-004  -1.6533011889793394E-003           0          -3           0
   4.3051966821581189E-003  -4.4026392805688978E-003           0          -2          -3
  -5.4791758325665914E-003  -5.6707296112173313E-003           0           0          -3
   1.1843977946667818E-003  -1.9856607270418349E-003           0           0           3
  -2.2988680443477533E-003  -2.7707555576535572E-003           0           2           3
   7.7579612571501873E-003  -8.1575575387284657E-003           0           3           0
  -3.0828902555031469E-003  -3.0146584695625272E-003           0           3           2
  -2.2988697019149136E-003  -2.7707561637803496E-003           1          -2          -2
  -3.3881267197747389E-003   3.8391570192201786E-003           1           3           3
   7.3433649964625301E-004  -1.3089689357014269E-003           2          -1           2
  -3.3606015166465892E-004  -1.1078764090523266E-003           2           0           3
   4.3051964778937878E-003  -4.4026391169790314E-003           2           2          -1
  -3.0828909293471726E-003  -3.0146580093876160E-003           2           3           0
   1.1843959992927520E-003  -1.9856613634584908E-003           3           0           0
  -3.3606066155359311E-004  -1.1078769757375520E-003           3           0           2
  -7.3433654743721214E-004   1.3089690483552826E-003           3           1           3
  -2.2988697926119499E-003  -2.7707562371912771E-003           3           2           0
  -3.3881254987086764E-003   3.8391571938131653E-003           3           3           1
   5.8472671294599416E-004   1.6533012185882012E-003           3           3           3
  -9.0383518319185293E-004   5.4847308405099613E-003          -4          -2          -2
  -1.6034845632846195E-003   3.3387538113358807E-003          -2          -4          -2
  -9.0383732526841832E-004   5.4847301922321757E-003          -2          -2          -4
   5.7038888223819408E-004   2.9303524376822795E-003          -2           0           2
  -9.0383534281551921E-004   5.4847307699797242E-003          -2           2           0
  -2.2351353408776495E-004   1.3563366908679179E-003           0          -2           2
  -9.0383716815898023E-004   5.4847301508600711E-003           0           2          -2
  -2.2351242827370679E-004   1.3563374710911277E-003           2          -2           0
   5.7039059715443857E-004   2.9303531036392319E-003           2           0          -2
  -2.2351367107810378E-004   1.3563368205024926E-003           2           2           4
  -1.6034847385848127E-003   3.3387539174957077E-003           2           4           2
  -2.2351246762120568E-004   1.3563375049253949E-003           4           2           2
  -3.7623781476932663E-003   3.4731878186878024E-003          -4          -3          -2
  -4.4711175837878325E-003   4.3242542094491347E-003          -4          -2          -3
   2.8215053990507223E-003   2.2362915779929925E-003          -4          -2          -1
   3.2860730255390024E-003   2.8669322119375716E-003          -4          -1          -2
  -2.9508056933562708E-003   3.0175926346271407E-003          -3          -4          -2
  -4.4711175034606683E-003   4.3242549580135925E-003          -3          -2          -4
  -2.1130293078820655E-003  -2.0662630524402605E-003          -3          -1           1
  -3.2860729727476044E-003  -2.8669322756743826E-003          -3           1          -1
  -2.9508055990977939E-003   3.0175929185757757E-003          -2          -4          -3
   3.7777200003590462E-004   9.2364006063800372E-004          -2          -4          -1
  -3.7623780201906758E-003   3.4731888156888753E-003          -2          -3          -4
   3.2860702591847252E-003   2.8669301780208101E-003          -2          -1          -4
  -7.1605218168155913E-004   1.1291329742445487E-003          -2          -1           2
   2.1130293127032589E-003   2.0662629699603197E-003          -2           1           2
  -4.4711173597243459E-003   4.3242537770797809E-003          -2           2          -1
   2.8215052938016590E-003   2.2362914674907220E-003          -2           2           1
   3.7777232151186115E-004   9.2364016415804532E-004          -1          -4          -2
  -1.3057354433174015E-004  -7.8787272310954838E-004          -1          -3           1
   2.8215046026783585E-003   2.2362899239655003E-003          -1          -2          -4
  -4.0688303964221738E-004   8.8884301316584553E-004          -1          -2           2
  -3.2860703084548158E-003  -2.8669301440851095E-003          -1           1          -3
   7.1605230221144717E-004  -1.1291330171807176E-003          -1           1           3
  -4.4711171209174073E-003   4.3242545438739576E-003          -1           2          -2
   3.7623781530340752E-003  -3.4731878254245429E-003          -1           3           1
  -1.3057421735977070E-004  -7.8787321518723297E-004           1          -3          -1
  -1.4463723027235176E-004   4.5565470691504825E-004           1          -2           2
  -2.1130298560992971E-003  -2.0662623970885527E-003           1          -1          -3
   1.0956948651026069E-006  -4.2868769255821664E-004           1          -1           3
   2.8215047492440031E-003   2.2362899824885968E-003           1           2          -2
  -4.0688323187936133E-004   8.8884309103724767E-004           1           2           4
   3.7623777529854950E-003  -3.4731885644506645E-003           1           3          -1
  -2.9508057522291036E-003   3.0175927101712143E-003           1           4           2
  -4.0688219154358173E-004   8.8884346566728907E-004           2          -2          -1
  -1.4463695788128659E-004   4.5565502802850477E-004           2          -2           1
  -7.1605092254393174E-004   1.1291338844601250E-003           2          -1          -2
   2.1130299158042868E-003   2.0662624202441443E-003           2           1          -2
  -1.0957728955533058E-006   4.2868772954370921E-004           2           1           4
   1.3057347818049708E-004   7.8787279122428955E-004           2           3           4
  -2.9508054615787005E-003   3.0175928408204787E-003           2           4           1
   3.7777184556719477E-004   9.2364009939516971E-004           2           4           3
   1.0951318061761645E-006  -4.2868796292097123E-004           3          -1           1
   7.1605088972356346E-004  -1.1291337881079383E-003           3           1          -1
  -1.4463725440049609E-004   4.5565475625113403E-004           3           2           4
   3.7777229101929207E-004   9.2364019012585862E-004           3           4           2
  -1.0951316458494972E-006   4.2868801181090467E-004           4           1           2
  -4.0688211568379242E-004   8.8884347395389236E-004           4           2           1
  -1.4463697519583656E-004   4.5565505440520215E-004           4           2           3
   1.3057423048694859E-004   7.8787325298034362E-004           4           3           2
  -4.6894335973904485E-003   1.7073330548632456E-003          -4          -3          -3
   4.4083839103846592E-003  -1.8490453152096489E-006          -4          -1          -1
  -3.3020360052285576E-003   1.6777961016395779E-003          -3          -4          -3
  -4.6894329621199934E-003   1.7073341969472580E-003          -3          -3          -4
   1.8399665548891225E-003  -3.4566944476752896E-004          -3          -3           0
   4.9912823890742759E-003  -9.3769958350189801E-004          -3           0          -3
  -2.9423833172689305E-003  -5.0467387611980970E-004          -3           0           1
  -4.4083839428550849E-003   1.8488720028386838E-006          -3           1           0
   8.7155300623431250E-004  -5.0440263492650974E-004          -1          -4          -1
   4.4083827335960153E-003  -1.8515219115048786E-006          -1          -1          -4
   7.5568810861661355E-004   1.9869743383674204E-004          -1           0           3
   4.6894334268793901E-003  -1.7073329145907354E-003          -1           3           0
   1.8399665303977736E-003  -3.4567014700457221E-004           0          -3          -3
  -1.6071079008427995E-004   9.3906852543546899E-005           0          -3           1
   1.3904066004844076E-004   3.7593497594804279E-005           0          -1           3
  -4.4083824943144598E-003   1.8514198445575367E-006           0           1          -3
   4.6894327508781326E-003  -1.7073338614810010E-003           0           3          -1
  -1.8399666221861405E-003   3.4566942146813833E-004           0           3           3
  -1.6071080015320739E-004   9.3906811969210867E-005           1          -3           0
  -2.9423825803824057E-003  -5.0467220974460131E-004           1           0          -3
  -1.3904069350388691E-004  -3.7593490390926926E-005           1           1           4
  -3.3020358976428204E-003   1.6777959465450085E-003           1           4           1
   1.3904064852101030E-004   3.7593568204471502E-005           3          -1           0
   7.5568798430418341E-004   1.9869710415895884E-004           3           0          -1
   2.5288627795405942E-004  -4.7509204768262427E-005           3           0           3
  -1.8399663937135433E-003   3.4567002170633081E-004           3           3           0
   1.6071077284360609E-004  -9.3906863412312111E-005           3           3           4
   8.7155299343665569E-004  -5.0440261500228753E-004           3           4           3
  -1.3904065284164982E-004  -3.7593599051381225E-005           4           1           1
   1.6071079870102486E-004  -9.3906815184966234E-005           4           3           3
  -3.0440957883376256E-004   1.8472407520446559E-003          -4          -3          -1
  -5.0393688490367754E-004   3.0580317061630062E-003          -4          -1          -3
  -6.1522986371429671E-004   1.4167920967629840E-003          -3          -4          -1
  -1.7267128144368222E-004  -1.2687706491956146E-003          -3          -2           1
  -5.0393751056579156E-004   3.0580316431752601E-003          -3          -1          -4
   5.0393686862279367E-004  -3.0580317173806910E-003          -3           1          -2
   1.4361217979630292E-004  -8.7147503571429418E-004          -2          -3           1
   5.0393749540868834E-004  -3.0580317158853715E-003          -2           1          -3
  -6.1522937962967103E-004   1.4167923653781603E-003          -1          -4          -3
  -3.0440915338301723E-004   1.8472410214607517E-003          -1          -3          -4
  -1.7267106833614349E-004  -1.2687707765268545E-003          -1           2           3
   3.0440977221496711E-004  -1.8472409032812213E-003          -1           3           2
   1.4361135395554169E-004  -8.7147552541526959E-004           1          -3          -2
  -1.7267223874006582E-004  -1.2687711525715573E-003           1          -2          -3
  -1.4361239970138236E-004   8.7147512175713912E-004           1           3           4
  -6.1523004923435144E-004   1.4167922272554701E-003           1           4           3
   7.9941354067342498E-006  -4.8508228250228211E-005           2          -1           3
   3.0440910353049375E-004  -1.8472410016004731E-003           2           3          -1
   7.9938666968411835E-006  -4.8508434873544073E-005           3          -1           2
  -7.9941539707881067E-006   4.8508252860229456E-005           3           1           4
  -1.7267234530399115E-004  -1.2687711842159629E-003           3           2          -1
  -6.1522932922031444E-004   1.4167923821084029E-003           3           4           1
  -7.9938688727449532E-006   4.8508448786735934E-005           4           1           3
  -1.4361131810604495E-004   8.7147551895463472E-004           4           3           1
  -9.3186253037670945E-004  -3.5700896307490863E-004          -4          -4          -3
  -1.6659719586067940E-003  -5.4758358420453634E-004          -4          -3          -4
   1.1128275702083031E-003  -7.4113874854819925E-004          -4          -1           0
   1.9586603533965955E-003  -1.2285335172778516E-003          -4           0          -1
  -9.3186238435838029E-004  -3.5700854112712512E-004          -3          -4          -4
  -1.1128276239192696E-003   7.4113874173384255E-004          -3           1           1
   2.1103290818340185E-004  -3.6421465522016807E-004          -1          -4           0
   1.0064256906043815E-004   3.0566068665483078E-004          -1          -1           3
   1.9586597387895857E-003  -1.2285352784349635E-003          -1           0          -4
   1.6659718164480325E-003   5.4758362261249144E-004          -1           3          -1
   2.1103281422826421E-004  -3.6421471632925884E-004           0          -4          -1
   1.1128268646865640E-003  -7.4114017193264428E-004           0          -1          -4
  -1.0064256459170464E-004  -3.0566069951299828E-004           0           1           4
  -9.3186242114753784E-004  -3.5700900083556137E-004           0           4           1
   1.3197422716947028E-004   2.1239494262946741E-005           1          -3           1
   1.4763113009485875E-004  -7.3768026325459407E-005           1           0           4
  -1.1128268354227786E-003   7.4114012960926727E-004           1           1          -3
  -9.3186229004311853E-004  -3.5700862767270669E-004           1           4           0
   1.0064315724657358E-004   3.0566099742538444E-004           3          -1          -1
   2.1103300551989480E-004  -3.6421469065047298E-004           3           4           4
   1.4763071387634204E-004  -7.3768394531150387E-005           4           0           1
  -1.0064317392240501E-004  -3.0566100205982956E-004           4           1           0
  -1.3197420767824933E-004  -2.1239577999765859E-005           4           3           4
   2.1103276046900227E-004  -3.6421476476950680E-004           4           4           3
  -1.4026703454453060E-003   6.4677952295815995E-004          -4          -4          -2
  -2.9726421149449435E-003   8.4141859737570470E-004          -4          -2          -4
   1.2723174584217884E-003   1.4423716793850297E-004          -4          -2           0
   2.8764058872008604E-003  -2.5742679493808503E-004          -4           0          -2
  -1.4026702526356216E-003   6.4678020111308605E-004          -2          -4          -4
   1.1516256725705614E-004  -1.5001297686313494E-004          -2          -4           0
  -7.1499716902131993E-005  -1.1494533787433928E-004          -2          -2           2
   2.8764044112196316E-003  -2.5742862375001331E-004          -2           0          -4
  -2.9726420180755972E-003   8.4141839617576366E-004          -2           2          -2
   1.2723174930114052E-003   1.4423718140685636E-004          -2           2           2
   1.1516262724210611E-004  -1.5001298189678324E-004           0          -4          -2
   1.2723170905962504E-003   1.4423600604750864E-004           0          -2          -4
  -7.1499729869850634E-005  -1.1494532563686061E-004           0           2           4
  -1.4026703654370426E-003   6.4677954200053006E-004           0           4           2
  -7.1499651555286220E-005  -1.1494514716587015E-004           2          -2          -2
  -4.0512471727678818E-004   7.6763772868919915E-005           2          -2           2
   4.0490229373747532E-004  -7.5413921512685933E-005           2           0           4
   1.2723169374115073E-003   1.4423611951789775E-004           2           2          -2
  -1.4026701206857146E-003   6.4678005796371023E-004           2           4           0
   1.1516259229372052E-004  -1.5001299758666829E-004           2           4           4
   4.0490225982465957E-004  -7.5414003400193667E-005           4           0           2
  -7.1499630049269566E-005  -1.1494518846444153E-004           4           2           0
  -4.0512471814093233E-004   7.6763760756998748E-005           4           2           4
   1.1516258898307145E-004  -1.5001299989878049E-004           4           4           2
   4.8477315045695015E-004  -8.8262197125056185E-004          -4          -4          -4
  -2.1555782561194498E-004  -7.5105232410542240E-004          -4           0           0
   1.5420320307351184E-004   2.8285191410970805E-005           0          -4           0
  -2.1555798191005360E-004  -7.5105245624329617E-004           0           0          -4
  -1.7367582014856577E-004   8.9883325682369467E-005           0           0           4
   4.8477309873276152E-004  -8.8262201154460632E-004           0           4           0
  -1.7367636957931073E-004   8.9883047094158576E-005           4           0           0
   1.5420324272706829E-004   2.8285122869379240E-005           4           4           4
  -7.9059791708346666E-004  -1.1291087888212189E-004          -5          -3          -3
  -8.7951591077275299E-004   4.2667033063668901E-004          -5          -2          -2
  -3.0422326143842934E-004   3.1110863367044494E-004          -4          -4          -1
   2.1784964981129556E-004   2.1302827422344889E-004          -4          -3           0
  -1.2922087718490608E-003   7.6344403409519808E-004          -4          -1          -4
   1.1151197472093893E-003   3.1118493068195841E-004          -4           0          -3
   7.3714184088917659E-005   7.2082747576000838E-005          -3          -5          -3
  -1.1441366518659698E-004   4.8026711529837190E-005          -3          -4           0
  -7.9059739838653349E-004  -1.1291017898062270E-004          -3          -3          -5
  -1.0538934609497460E-004  -6.7328200260020199E-006          -3          -3           1
   1.1151191843590861E-003   3.1118439991869153E-004          -3           0          -4
   1.0294035902350317E-004  -1.0527082577988454E-004          -3           0           2
   1.2922086621430396E-003  -7.6344387874809180E-004          -3           1          -3
  -8.7951590702934777E-004   4.2667027964536414E-004          -3           2           0
  -1.9511146915281635E-004   2.4277919237959274E-004          -2          -5          -2
  -8.7951552301701792E-004   4.2667136628067668E-004          -2          -2          -5
   1.2500573839978842E-004   1.8263941130339034E-004          -2           0           3
   7.9059784932668524E-004   1.1291089590937333E-004          -2           3           0
  -3.0422306593222220E-004   3.1110899003346563E-004          -1          -4          -4
  -2.1784963506813699E-004  -2.1302826913971879E-004          -1           3           3
  -1.1441339813091053E-004   4.8026765183435030E-005           0          -4          -3
   2.1784986293669611E-004   2.1302802865578584E-004           0          -3          -4
   2.8473586268045430E-004  -1.9673922244858329E-004           0          -3           2
  -2.3601620539172774E-004  -9.8907023218957336E-005           0          -2           3
  -8.7951543302116882E-004   4.2667123682137772E-004           0           2          -3
   7.9059738794788018E-004   1.1291026760201046E-004           0           3          -2
   1.0538922633430616E-004   6.7328410396485380E-006           0           3           4
  -3.0422336126941695E-004   3.1110867183010266E-004           0           4           3
  -1.0538964105694471E-004  -6.7330809951734839E-006           1          -3          -3
  -1.1441367902576746E-004   4.8026755352433736E-005           1           4           4
   2.8473595385743167E-004  -1.9673916464639914E-004           2          -3           0
   1.0294084744114941E-004  -1.0527019943594618E-004           2           0          -3
  -2.3601621271452264E-004  -9.8906994462113872E-005           2           2           5
  -7.3714245459951443E-005  -7.2082729207837836E-005           2           5           2
  -2.3601600591083527E-004  -9.8906784497368750E-005           3          -2           0
   2.7071057131401418E-004   1.7294097932965031E-004           3          -1           3
   1.2500609543803599E-004   1.8263941871135957E-004           3           0          -2
   3.4682708569092448E-004  -2.8895620775466790E-004           3           0           4
  -2.1784989659952612E-004  -2.1302805834548435E-004           3           3          -1
  -2.8473578279893260E-004   1.9673919282990935E-004           3           3           5
  -3.0422294146676744E-004   3.1110893483617575E-004           3           4           0
   1.9511145578963732E-004  -2.4277927781156828E-004           3           5           3
   3.4682713301593699E-004  -2.8895616685610564E-004           4           0           3
  -2.7071057121909808E-004  -1.7294098213777216E-004           4           1           4
   1.0538970337433370E-004   6.7330495093034069E-006           4           3           0
  -1.1441335039695339E-004   4.8026806375921207E-005           4           4           1
  -2.3601599008453116E-004  -9.8906767984627571E-005           5           2           2
  -2.8473598656679570E-004   1.9673912442927637E-004           5           3           3
  -8.6804367194690956E-004   1.6307679824033446E-004          -5          -3          -2
  -1.3509962478092372E-003   2.5380791604150263E-004          -5          -2          -3
  -6.2354690771355785E-005   2.6325748302878372E-004          -3          -5          -2
  -1.3509955481841598E-003   2.5380904011927706E-004          -3          -2          -5
   2.3198272472890486E-005  -2.5590138447374006E-004          -3          -1           2
  -1.3509961952429387E-003   2.5380785939231989E-004          -3           2          -1
  -6.2354748386124481E-005   2.6325751822721860E-004          -2          -5          -3
  -8.6804325354346615E-004   1.6307780392118464E-004          -2          -3          -5
  -2.3198269345876688E-005   2.5590138103559061E-004          -2           1           3
   8.6804366074759985E-004  -1.6307682098454490E-004          -2           3           1
   3.6685030240942037E-004  -6.8919170294383733E-005          -1          -3           2
  -1.3509953922475801E-003   2.5380888173220283E-004          -1           2          -3
  -4.2104107913192517E-004   7.9099850148098928E-005           1          -2           3
   8.6804310567701226E-004  -1.6307766811676121E-004           1           3          -2
   3.6685028861019943E-004  -6.8919244959090713E-005           2          -3          -1
   2.3198397209009788E-005  -2.5590103432271102E-004           2          -1          -3
  -3.6685027804659920E-004   6.8919134966733314E-005           2           3           5
   6.2354704565871621E-005  -2.6325747058894566E-004           2           5           3
  -4.2104103620890874E-004   7.9099913595086582E-005           3          -2           1
  -2.3198416064221071E-005   2.5590104966017729E-004           3           1          -2
  -4.2104105719724795E-004   7.9099842325510214E-005           3           2           5
   6.2354701978077479E-005  -2.6325749809559871E-004           3           5           2
  -4.2104104088865090E-004   7.9099902105076928E-005           5           2           3
  -3.6685029277576202E-004   6.8919246296454228E-005           5           3           2
   1.4739834418843131E-004  -1.1849062429238974E-004          -5          -4          -3
   9.0286979015513755E-005  -1.6277190659646482E-004          -5          -3          -4
   1.1651643766233305E-004   6.8909470611695501E-005          -5          -2          -1
   4.0695617503515507E-005   1.3816451098455182E-004          -5          -1          -2
   2.6179623414678921E-004  -6.8230071643236579E-005          -4          -5          -3
   9.0287063817428323E-005  -1.6277187704447267E-004          -4          -3          -5
  -2.5531791852949256E-004   2.8919075226746258E-005          -4          -1           1
  -4.0695599172546284E-005  -1.3816454041322470E-004          -4           1          -1
   2.6179622117638597E-004  -6.8230061710805793E-005          -3          -5          -4
   1.4739839392929286E-004  -1.1849059911347802E-004          -3          -4          -5
   2.5531785919193290E-004  -2.8919045539444691E-005          -3           1           2
   1.1651638049444878E-004   6.8909527617115119E-005          -3           2           1
  -1.4762164624644860E-004  -1.3481232105940109E-004          -2          -5          -1
   4.0695411129141977E-005   1.3816456575683705E-004          -2          -1          -5
   2.0290508508725156E-004  -2.0066511677110723E-004          -2          -1           3
  -9.0286948850075682E-005   1.6277193854491892E-004          -2           3          -1
  -1.4762158715951525E-004  -1.3481224485999531E-004          -1          -5          -2
   2.0826404193429384E-005   2.3581779000107883E-004          -1          -4           1
   1.1651647427873218E-004   6.8909608784093219E-005          -1          -2          -5
   1.0236132662028272E-004  -2.5896086334149256E-004          -1          -2           3
  -4.0695384478654273E-005  -1.3816458247936295E-004          -1           1          -4
  -2.0290508118630531E-004   2.0066507060382860E-004          -1           1           4
  -9.0287057286787210E-005   1.6277193680024380E-004          -1           3          -2
   1.4739836464814943E-004  -1.1849067135306034E-004          -1           4           1
   2.0826281255564906E-005   2.3581765041407496E-004           1          -4          -1
   0.0000000000000000        0.0000000000000000                1          -3           2
  -2.5531813173459170E-004   2.8918922319807317E-005           1          -1          -4
   0.0000000000000000        0.0000000000000000                1          -1           4
   1.1651648509053254E-004   6.8909588869041935E-005           1           2          -3
   1.0236131493186256E-004  -2.5896080019787977E-004           1           2           5
   1.4739837039391861E-004  -1.1849058114043443E-004           1           4          -1
  -2.6179625749764464E-004   6.8230151121637044E-005           1           5           2
   0.0000000000000000        0.0000000000000000                2          -3           1
   2.5531817895258288E-004  -2.8918930068602019E-005           2           1          -3
   0.0000000000000000        0.0000000000000000                2           1           5
  -2.6179618313279892E-004   6.8230100409125935E-005           2           5           1
   1.0236161454489263E-004  -2.5896069732474469E-004           3          -2          -1
   2.0290540799866702E-004  -2.0066497067326020E-004           3          -1          -2
   2.0826471343739735E-005   2.3581775464275869E-004           3           4           5
   1.4762167875660736E-004   1.3481229897485184E-004           3           5           4
   0.0000000000000000        0.0000000000000000                4          -1           1
  -2.0290541093916651E-004   2.0066495915277590E-004           4           1          -1
   0.0000000000000000        0.0000000000000000                4           3           5
   1.4762156631675390E-004   1.3481223734424460E-004           4           5           3
   0.0000000000000000        0.0000000000000000                5           1           2
   1.0236158526906390E-004  -2.5896069307845024E-004           5           2           1
   0.0000000000000000        0.0000000000000000                5           3           4
   2.0826271810984277E-005   2.3581762863548021E-004           5           4           3
   3.5940123528681387E-004  -2.1913012925521395E-004          -5          -4          -4
  -4.5454486268693181E-005   1.1545945290692074E-004          -5          -4          -2
  -9.0896984724758283E-006  -1.0521263990334950E-004          -5          -3          -1
  -4.5230434832509240E-004   1.5479719134638552E-004          -5          -2          -4
  -4.2855618162871047E-004   1.0687767569710321E-005          -5          -1          -3
   3.0783666843696401E-004   9.3777972028517186E-005          -5          -1          -1
   2.3835239280433048E-004  -2.0049537262681842E-004          -4          -5          -4
   1.7131491782115165E-004   1.6752321014379011E-004          -4          -5          -2
   3.5940113441428642E-004  -2.1913031460272012E-004          -4          -4          -5
  -4.5230402478449515E-004   1.5479748577775109E-004          -4          -2          -5
  -2.3923787245568840E-004   2.4465291544974996E-004          -4          -2           1
  -1.8539103020832098E-004  -1.2088773016169139E-004          -4           0           1
   4.2855615410462405E-004  -1.0687696566507004E-005          -4           1          -2
  -3.0783664562070617E-004  -9.3777976684415330E-005          -4           1           0
   1.0691175005292521E-004  -8.3013797584022305E-005          -3          -5          -1
   8.5509202264008301E-005   4.6864312276565165E-005          -3          -2           2
  -4.2855594027414989E-004   1.0688394684043169E-005          -3          -1          -5
  -4.5230431809911253E-004   1.5479716027251569E-004          -3           2          -2
   1.7131488461876891E-004   1.6752329136835960E-004          -2          -5          -4
  -4.5454440841748748E-005   1.1545976467987925E-004          -2          -4          -5
  -2.5497720264839230E-004   2.0812978964007881E-004          -2          -4           1
   2.0048194287273230E-004   1.2256401210794705E-004          -2          -3           2
   4.2855587712373362E-004  -1.0688313160007410E-005          -2           1          -4
  -4.5230400139423200E-004   1.5479742802185738E-004          -2           2          -3
  -2.3923781096220695E-004   2.4465289021106268E-004          -2           2           3
   9.0897459755265428E-006   1.0521259742084022E-004          -2           3           2
   1.0691175901479273E-004  -8.3013754978360454E-005          -1          -5          -3
  -3.0098316183262738E-004  -1.5991999185794279E-004          -1          -5          -1
  -9.0895149737052337E-006  -1.0521219008838757E-004          -1          -3          -5
   3.0783625124132139E-004   9.3777431706932728E-005          -1          -1          -5
  -3.7460539232478228E-004   2.8684115756527054E-004          -1           0           4
   8.5509184624117857E-005   4.6864298848083599E-005          -1           2           4
   3.5940117107261519E-004  -2.1913008955965830E-004          -1           4           0
  -4.5454459657799537E-005   1.1545944276831701E-004          -1           4           2
   0.0000000000000000        0.0000000000000000                0          -4           1
   0.0000000000000000        0.0000000000000000                0          -1           4
  -3.0783631009771630E-004  -9.3777412718086317E-005           0           1          -4
   3.5940108442262587E-004  -2.1913022931434193E-004           0           4          -1
  -2.5497726845463800E-004   2.0812976266126627E-004           1          -4          -2
   0.0000000000000000        0.0000000000000000                1          -4           0
  -2.3923807788954598E-004   2.4465259026370785E-004           1          -2          -4
  -1.8539100684556039E-004  -1.2088742190245465E-004           1           0          -4
   0.0000000000000000        0.0000000000000000                1           1           5
  -2.0048192341837485E-004  -1.2256396721757945E-004           1           3           5
  -2.3835236048049118E-004   2.0049533838124381E-004           1           5           1
  -1.7131494265902841E-004  -1.6752322045029478E-004           1           5           3
   2.0048176345582904E-004   1.2256388804323309E-004           2          -3          -2
   8.5509003796516145E-005   4.6864296557104547E-005           2          -2          -3
   0.0000000000000000        0.0000000000000000                2          -2           3
   0.0000000000000000        0.0000000000000000                2          -1           4
   9.0894673914561729E-006   1.0521224798744482E-004           2           3          -2
  -4.5454445082611868E-005   1.1545970561315114E-004           2           4          -1
  -2.5497713795503345E-004   2.0812977443484439E-004           2           4           5
  -1.0691171374214032E-004   8.3013782275614606E-005           2           5           4
   0.0000000000000000        0.0000000000000000                3          -2           2
   0.0000000000000000        0.0000000000000000                3           1           5
  -2.3923808161741602E-004   2.4465263509293212E-004           3           2          -2
  -1.7131487542003902E-004  -1.6752329591628333E-004           3           5           1
   0.0000000000000000        0.0000000000000000                4          -1           0
   0.0000000000000000        0.0000000000000000                4          -1           2
  -3.7460555240546363E-004   2.8684113177864320E-004           4           0          -1
   8.5509014729568623E-005   4.6864288819631213E-005           4           2          -1
   0.0000000000000000        0.0000000000000000                4           2           5
   0.0000000000000000        0.0000000000000000                4           4           5
  -1.0691183150449574E-004   8.3013757491069354E-005           4           5           2
   3.0098316542927835E-004   1.5991999346814706E-004           4           5           4
   0.0000000000000000        0.0000000000000000                5           1           1
   0.0000000000000000        0.0000000000000000                5           1           3
   0.0000000000000000        0.0000000000000000                5           2           4
  -2.0048175130455640E-004  -1.2256384145571295E-004           5           3           1
  -2.5497731756428561E-004   2.0812973415738445E-004           5           4           2
   0.0000000000000000        0.0000000000000000                5           4           4
   4.0056953171695392E-005  -2.4307727682099719E-004          -4          -4           0
   4.1838359387078082E-005  -2.5388614793292349E-004          -4           0          -4
   4.0057019569257117E-005  -2.4307718307214606E-004           0          -4          -4
   4.0056886544147207E-005  -2.4307724637044224E-004           0           4           4
   0.0000000000000000        0.0000000000000000                4           0           4
   4.0057067714675372E-005  -2.4307720169414808E-004           4           4           0
  -8.0600552780002986E-005   1.0874272885637506E-004          -5          -5          -3
   2.4187517376038540E-005   1.3146587780873853E-004          -5          -3          -5
  -4.8765996204343239E-005  -8.4438927660787346E-005          -5          -2           0
   7.0446351696890221E-005  -1.4924454162992554E-004          -5           0          -2
  -8.0600569880807916E-005   1.0874259973038797E-004          -3          -5          -5
  -4.8766003283186813E-005  -8.4438943342839899E-005          -3           2           2
   0.0000000000000000        0.0000000000000000               -2          -5           0
   0.0000000000000000        0.0000000000000000               -2          -2           3
   7.0445954468747332E-005  -1.4924493228219300E-004          -2           0          -5
  -2.4187465369698727E-005  -1.3146596230730788E-004          -2           3          -2
   0.0000000000000000        0.0000000000000000                0          -5          -2
  -4.8766075030934252E-005  -8.4439089187890914E-005           0          -2          -5
   0.0000000000000000        0.0000000000000000                0           2           5
   8.0600565091793651E-005  -1.0874269253287819E-004           0           5           2
   0.0000000000000000        0.0000000000000000                2          -3           2
   0.0000000000000000        0.0000000000000000                2           0           5
  -4.8766042484878327E-005  -8.4439080964130917E-005           2           2          -3
   8.0600604758973050E-005  -1.0874262957415398E-004           2           5           0
   0.0000000000000000        0.0000000000000000                3          -2          -2
   0.0000000000000000        0.0000000000000000                5           0           2
   0.0000000000000000        0.0000000000000000                5           2           0
  -1.3808185870185937E-004  -1.4456782299838706E-004          -5          -5          -4
  -3.1728729568109510E-005  -1.5353163102053725E-004          -5          -4          -5
   2.4211993893012452E-004  -4.5486482105252222E-005          -5          -4          -1
  -4.8317434520795089E-005   9.0773332024101836E-006          -5          -1          -4
  -1.9607417182503680E-004   2.0734495637240302E-004          -5          -1           0
  -8.5974075620141714E-005   1.7564418506176536E-004          -5           0          -1
  -1.3808191024672770E-004  -1.4456795229565272E-004          -4          -5          -5
   0.0000000000000000        0.0000000000000000               -4          -5          -1
   0.0000000000000000        0.0000000000000000               -4          -3           1
  -4.8317232666782364E-005   9.0775792112202677E-006          -4          -1          -5
   4.8317433628358012E-005  -9.0773024558769752E-006          -4           1          -3
   1.9607416821770303E-004  -2.0734496436815696E-004          -4           1           1
   0.0000000000000000        0.0000000000000000               -3          -4           1
   4.8317220618636497E-005  -9.0775394714724797E-006          -3           1          -4
   0.0000000000000000        0.0000000000000000               -1          -5          -4
   0.0000000000000000        0.0000000000000000               -1          -5           0
   2.4211997714756843E-004  -4.5486327881052839E-005          -1          -4          -5
   0.0000000000000000        0.0000000000000000               -1          -1           4
  -8.5974411529256921E-005   1.7564373361857381E-004          -1           0          -5
   0.0000000000000000        0.0000000000000000               -1           3           4
  -3.1728765831006899E-005  -1.5353158156762846E-004          -1           4          -1
   2.4211993261681009E-004  -4.5486465472041951E-005          -1           4           3
   0.0000000000000000        0.0000000000000000                0          -5          -1
  -1.9607432632874302E-004   2.0734465975903295E-004           0          -1          -5
   0.0000000000000000        0.0000000000000000                0           1           5
   1.3808188384491254E-004   1.4456783351067317E-004           0           5           1
   0.0000000000000000        0.0000000000000000                1          -4          -3
   0.0000000000000000        0.0000000000000000                1          -4           1
   0.0000000000000000        0.0000000000000000                1          -3          -4
   0.0000000000000000        0.0000000000000000                1           0           5
   1.9607435654315591E-004  -2.0734467832563599E-004           1           1          -4
   0.0000000000000000        0.0000000000000000                1           4           5
   1.3808192765696797E-004   1.4456791758869471E-004           1           5           0
   0.0000000000000000        0.0000000000000000                1           5           4
   0.0000000000000000        0.0000000000000000                3          -1           4
   2.4211999567278194E-004  -4.5486342820273354E-005           3           4          -1
   0.0000000000000000        0.0000000000000000                4          -1          -1
   0.0000000000000000        0.0000000000000000                4          -1           3
   0.0000000000000000        0.0000000000000000                4           1           5
   0.0000000000000000        0.0000000000000000                4           3          -1
   0.0000000000000000        0.0000000000000000                4           5           1
   0.0000000000000000        0.0000000000000000                5           0           1
   0.0000000000000000        0.0000000000000000                5           1           0
   0.0000000000000000        0.0000000000000000                5           1           4
   0.0000000000000000        0.0000000000000000                5           4           1
  -6.0692803540703805E-005   3.6830069264871015E-004          -6          -3          -3
   0.0000000000000000        0.0000000000000000               -5          -5          -2
   0.0000000000000000        0.0000000000000000               -5          -3           0
  -6.7678877167380626E-005   4.0674110278905913E-004          -5          -2          -5
   6.6334457882338807E-005  -4.0648851974582872E-004          -5           0          -3
   0.0000000000000000        0.0000000000000000               -3          -6          -3
   0.0000000000000000        0.0000000000000000               -3          -5           0
  -6.0692692964361424E-005   3.6830070038709653E-004          -3          -3          -6
   0.0000000000000000        0.0000000000000000               -3          -3           2
   6.6334321095958150E-005  -4.0648845782524087E-004          -3           0          -5
   0.0000000000000000        0.0000000000000000               -3           0           3
  -6.7678890449751448E-005   4.0674109139607849E-004          -3           2          -3
   6.0692809983086456E-005  -3.6830068819360465E-004          -3           3           0
   0.0000000000000000        0.0000000000000000               -2          -5          -5
   0.0000000000000000        0.0000000000000000               -2           3           3
   0.0000000000000000        0.0000000000000000                0          -5          -3
   0.0000000000000000        0.0000000000000000                0          -3          -5
   0.0000000000000000        0.0000000000000000                0          -3           3
   6.0692701479654658E-005  -3.6830071466866036E-004           0           3          -3
   0.0000000000000000        0.0000000000000000                0           3           5
   0.0000000000000000        0.0000000000000000                0           5           3
   0.0000000000000000        0.0000000000000000                2          -3          -3
   0.0000000000000000        0.0000000000000000                3          -3           0
   0.0000000000000000        0.0000000000000000                3          -2           3
   0.0000000000000000        0.0000000000000000                3           0          -3
   0.0000000000000000        0.0000000000000000                3           0           5
   0.0000000000000000        0.0000000000000000                3           3          -2
   0.0000000000000000        0.0000000000000000                3           5           0
   0.0000000000000000        0.0000000000000000                5           0           3
   0.0000000000000000        0.0000000000000000                5           3           0
  -2.0237187588763696E-004   2.5957090356617808E-004          -6          -4          -3
  -1.9031818436473437E-004   2.8906722181868370E-004          -6          -3          -4
   1.2701942390595650E-004   1.9768892299525635E-004          -6          -3          -2
   1.0416343348118152E-004   2.3374365201342021E-004          -6          -2          -3
  -1.6661519898600083E-004  -2.9732918121077483E-004          -5          -5          -5
  -2.7838658755422580E-004   3.8093053434520288E-004          -5           0           0
   0.0000000000000000        0.0000000000000000               -4          -6          -3
  -1.9031825344929817E-004   2.8906704292638142E-004          -4          -3          -6
   0.0000000000000000        0.0000000000000000               -4          -1           2
   1.0416342970065291E-004   2.3374363320910932E-004          -4           2          -1
   0.0000000000000000        0.0000000000000000               -3          -6          -4
   0.0000000000000000        0.0000000000000000               -3          -6          -2
  -2.0237190883024144E-004   2.5957074622588716E-004          -3          -4          -6
   1.0416370514528538E-004   2.3374383258510564E-004          -3          -2          -6
   0.0000000000000000        0.0000000000000000               -3          -1           3
   0.0000000000000000        0.0000000000000000               -3           1           3
   1.9031820992681495E-004  -2.8906724961036472E-004          -3           3          -1
  -1.2701943742800788E-004  -1.9768892186500589E-004          -3           3           1
   0.0000000000000000        0.0000000000000000               -2          -6          -3
   1.2701959613868553E-004   1.9768906705914483E-004          -2          -3          -6
   0.0000000000000000        0.0000000000000000               -2           1           4
  -2.0237190072232048E-004   2.5957086547685992E-004          -2           4           1
   0.0000000000000000        0.0000000000000000               -1          -4           2
   0.0000000000000000        0.0000000000000000               -1          -3           3
   1.0416368789982530E-004   2.3374383506020465E-004          -1           2          -4
   1.9031826439240985E-004  -2.8906709286211042E-004          -1           3          -3
   0.0000000000000000        0.0000000000000000                0          -5           0
  -2.7838661172428282E-004   3.8093035459079702E-004           0           0          -5
   0.0000000000000000        0.0000000000000000                0           0           5
   1.6661522266659860E-004   2.9732917696065732E-004           0           5           0
   0.0000000000000000        0.0000000000000000                1          -3           3
   0.0000000000000000        0.0000000000000000                1          -2           4
  -1.2701957211348666E-004  -1.9768905683702968E-004           1           3          -3
  -2.0237192441476323E-004   2.5957077614154425E-004           1           4          -2
   0.0000000000000000        0.0000000000000000                2          -4          -1
   0.0000000000000000        0.0000000000000000                2          -1          -4
   0.0000000000000000        0.0000000000000000                3          -3          -1
   0.0000000000000000        0.0000000000000000                3          -3           1
   0.0000000000000000        0.0000000000000000                3          -1          -3
   0.0000000000000000        0.0000000000000000                3           1          -3
   0.0000000000000000        0.0000000000000000                4          -2           1
   0.0000000000000000        0.0000000000000000                4           1          -2
   0.0000000000000000        0.0000000000000000                5           0           0
  -2.3622462240883570E-004  -1.5544029257845142E-005          -6          -4          -4
   2.5660522910979339E-004  -1.0813081776669942E-004          -6          -2          -2
   0.0000000000000000        0.0000000000000000               -4          -6          -4
  -2.3622474200327303E-004  -1.5544244757569815E-005          -4          -4          -6
   0.0000000000000000        0.0000000000000000               -4           0           2
   2.5660523394058861E-004  -1.0813081713313353E-004          -4           2           0
   0.0000000000000000        0.0000000000000000               -2          -6          -2
   2.5660539485385981E-004  -1.0813057223019901E-004          -2          -2          -6
   0.0000000000000000        0.0000000000000000               -2           0           4
  -2.3622465158261815E-004  -1.5544036701527978E-005          -2           4           0
   0.0000000000000000        0.0000000000000000                0          -4           2
   0.0000000000000000        0.0000000000000000                0          -2           4
   2.5660542040569466E-004  -1.0813059568857390E-004           0           2          -4
  -2.3622479105979690E-004  -1.5544191730934229E-005           0           4          -2
   0.0000000000000000        0.0000000000000000                2          -4           0
   0.0000000000000000        0.0000000000000000                2           0          -4
   0.0000000000000000        0.0000000000000000                4          -2           0
   0.0000000000000000        0.0000000000000000                4           0          -2
   0.0000000000000000        0.0000000000000000               -6          -4          -2
  -6.9658258843226166E-005   4.2270569846431606E-004          -6          -2          -4
   0.0000000000000000        0.0000000000000000               -4          -6          -2
  -6.9658190236675577E-005   4.2270569128942078E-004          -4          -2          -6
   0.0000000000000000        0.0000000000000000               -4          -2           2
  -6.9658291602921215E-005   4.2270572873274282E-004          -4           2          -2
   0.0000000000000000        0.0000000000000000               -2          -6          -4
   0.0000000000000000        0.0000000000000000               -2          -4          -6
   0.0000000000000000        0.0000000000000000               -2          -4           2
  -6.9658210644709835E-005   4.2270568425519585E-004          -2           2          -4
   0.0000000000000000        0.0000000000000000                2          -4          -2
   0.0000000000000000        0.0000000000000000                2          -2          -4
   0.0000000000000000        0.0000000000000000               -5          -5          -1
   0.0000000000000000        0.0000000000000000               -5          -4           0
   1.7895548912124010E-004   2.6677278793913047E-004          -5          -1          -5
   2.8112267174521476E-004  -3.5320644648307990E-004          -5           0          -4
   0.0000000000000000        0.0000000000000000               -4          -5           0
   0.0000000000000000        0.0000000000000000               -4          -4           1
   2.8112270729902889E-004  -3.5320635623040157E-004          -4           0          -5
  -1.7895548994565236E-004  -2.6677278547997384E-004          -4           1          -4
   0.0000000000000000        0.0000000000000000               -1          -5          -5
   0.0000000000000000        0.0000000000000000                0          -5          -4
   0.0000000000000000        0.0000000000000000                0          -4          -5
   0.0000000000000000        0.0000000000000000                1          -4          -4
