         718          24          24          24
  -1.3267826360875225E-008  -5.3711703455623925E-008           0           0           0
  -1.1663890245160289E-007   3.7527392901287064E-009          -1          -1          -1
  -2.3057782649118217E-007  -9.4321338220905673E-009          -1           0           0
   3.8587475682305139E-003   5.8766760433611558E-003           0          -1           0
   2.6668396597760862E-007   1.3000912920555327E-007           0           0          -1
  0.17733581161593265      -0.11642726037766293                0           0           1
  -1.5688332890173549E-007   6.1007862146747203E-008           0           1           0
 -0.17733589739282515       0.11642771239556263                1           0           0
   3.8587704267516194E-003   5.8768376751353506E-003           1           1           1
 -0.25268885667459218       0.17815023266407937               -1          -1           0
  -1.0095827671177520E-007  -3.9787206118696087E-008          -1           0          -1
  0.26392977356668174      -0.16103024191243920                0          -1          -1
  0.26393019873943979      -0.16102985637431130                0           1           1
  -3.1718109839359231E-008   6.0936547590467550E-008           1           0           1
 -0.25268909601276701       0.17815058385880594                1           1           0
 -0.26393002239640895       0.16103077877765282               -2          -1          -1
  -8.2433178039215897E-004  -1.2554570910032557E-003          -1          -2          -1
  0.25268954429660706      -0.17815094921325328               -1          -1          -2
   3.7884050544020095E-002  -2.4872127451716138E-002          -1           0           1
  0.25268945431660833      -0.17815137879160531               -1           1           0
   1.6898741504999069E-003  -1.0308869497604543E-003           0          -1           1
 -0.26392939863859305       0.16103040282946107                0           1          -1
  -1.6178565441381228E-003   1.1405418318955465E-003           1          -1           0
  -3.7884151655043968E-002   2.4872369017862935E-002           1           0          -1
  -1.6178130225316806E-003   1.1404920847968144E-003           1           1           2
   8.2437270359415698E-004   1.2554359963401415E-003           1           2           1
   1.6898850542275412E-003  -1.0309359720902264E-003           2           1           1
  -1.5376388467110381E-003  -2.3417837620873516E-003          -2          -2          -1
  -3.8584232413972374E-003  -5.8767062012741534E-003          -2          -1          -2
  -7.0665005569031991E-002   4.6394383647714865E-002          -2          -1           0
 -0.17733591300655821       0.11642897487483865               -2           0          -1
  -1.5374219525481135E-003  -2.3418026913557335E-003          -1          -2          -2
  -1.7325324851776881E-002   1.2611948335724658E-002          -1          -2           0
  -2.5699736828816763E-002   1.7721540216101686E-002          -1          -1           1
  0.17733571745014917      -0.11642834416924028               -1           0          -2
  -3.8580008339693145E-003  -5.8770530736168541E-003          -1           1          -1
   7.0665058166008390E-002  -4.6394402920174244E-002          -1           1           1
   1.8460653651723120E-002  -1.0882840972535265E-002           0          -2          -1
   7.0665044803933999E-002  -4.6394438432697485E-002           0          -1          -2
   2.6478492663857777E-002  -1.6535625088338304E-002           0           1           2
   1.5375624894738715E-003   2.3418260600332301E-003           0           2           1
   2.6478383149077835E-002  -1.6535565654490034E-002           1          -1          -1
  -2.2262468018035186E-004  -3.3906035161266023E-004           1          -1           1
   1.0231367579143906E-002  -6.7173231652461482E-003           1           0           2
  -7.0664981750062514E-002   4.6394427255369027E-002           1           1          -1
   1.5375061592577020E-003   2.3418002695158478E-003           1           2           0
  -1.8460648796805618E-002   1.0882798385790579E-002           1           2           2
  -1.0231374523006796E-002   6.7173107402163264E-003           2           0           1
  -2.5699741798299584E-002   1.7721481037770201E-002           2           1           0
  -2.2260785797465033E-004  -3.3906045159668108E-004           2           1           2
   1.7325361219294847E-002  -1.2611991652711027E-002           2           2           1
  -8.2427110039422062E-004  -1.2554512730060532E-003          -2          -2          -2
  -3.7884114813076242E-002   2.4872674733185472E-002          -2           0           0
   5.3184062795804928E-004   8.0995451852979722E-004           0          -2           0
   3.7884006988741455E-002  -2.4872487327199745E-002           0           0          -2
   2.4441201684626778E-002  -1.6046553612700659E-002           0           0           2
   8.2416558924580045E-004   1.2555014826672493E-003           0           2           0
  -2.4441192698571316E-002   1.6046550640742684E-002           2           0           0
  -5.3182592767196430E-004  -8.0996508223348006E-004           2           2           2
  -2.8865970561232895E-003   1.7611227946611368E-003          -2          -2           0
  -8.8716560742567320E-008   1.5555962550332256E-007          -2           0          -2
   2.7636728769581159E-003  -1.9484082033665424E-003           0          -2          -2
  -2.7636028384252246E-003   1.9483665659433603E-003           0           2           2
  -9.6186338640547158E-010   4.7531599872951851E-009           2           0           2
   2.8865819239666936E-003  -1.7611653107334263E-003           2           2           0
   1.8460636448436159E-002  -1.0882974168583491E-002          -3          -2          -2
  -2.6478429712409293E-002   1.6535533685125420E-002          -3          -1          -1
  -5.8055452356652369E-009   8.5289169556089039E-009          -2          -3          -2
  -1.7325364824575171E-002   1.2612100743813148E-002          -2          -2          -3
  -1.7933541213589525E-008   4.9439259419639620E-008          -2           0           1
   2.5699804327574963E-002  -1.7721477413456442E-002          -2           1           0
  -6.8705217432641215E-005  -1.0459944422135422E-004          -1          -3          -1
   2.5699880904222525E-002  -1.7721526735331613E-002          -1          -1          -3
   3.1565775127816004E-003  -2.0723574174392710E-003          -1           0           2
   1.7325335333775647E-002  -1.2612134633388811E-002          -1           2           0
  -4.1218072681959671E-003   2.8031066296270966E-003           0          -2           1
   1.9538206911028089E-003  -1.4803034098736603E-003           0          -1           2
  -2.6478391379712897E-002   1.6535587930230272E-002           0           1          -2
  -1.8460627956862562E-002   1.0882946291433236E-002           0           2          -1
   4.2108222223820940E-003  -2.6676103072975914E-003           1          -2           0
  -2.6423451662656797E-008   2.7684192977659721E-008           1           0          -2
  -2.1351274380670489E-003   1.2041656430819632E-003           1           1           3
   1.5669692627983317E-008  -1.0982234619963590E-008           1           3           1
  -2.1351278728609772E-003   1.2041661592098829E-003           2          -1           0
  -3.1565810472201244E-003   2.0723781479812260E-003           2           0          -1
  -4.2108277655576350E-003   2.6676119780228106E-003           2           2           3
  -6.8705945249220829E-005  -1.0460271410571125E-004           2           3           2
   1.9538250312328750E-003  -1.4803035741375896E-003           3           1           1
   4.1218218178809100E-003  -2.8031075011647933E-003           3           2           2
   2.7636127342319395E-003  -1.9484508740069350E-003          -3          -2          -1
   1.6178584204257170E-003  -1.1407604975161472E-003          -3          -1          -2
   3.7247373584688563E-003  -2.7731911827932063E-003          -2          -3          -1
  -1.6897803710075898E-003   1.0310642638066839E-003          -2          -1          -3
  -6.8266504520212443E-003   4.6657416883645920E-003          -2          -1           1
  -1.6897665190860232E-003   1.0311256391405130E-003          -2           1          -1
  -4.0254982322773195E-003   2.3151490834061070E-003          -1          -3          -2
  -2.8865232962036478E-003   1.7611809639963096E-003          -1          -2          -3
  -6.7200511883362835E-003   4.7377553878651226E-003          -1          -2           1
   1.6179003164159924E-003  -1.1406987230886865E-003          -1           1          -2
   6.9953135084961527E-003  -4.4089044963647427E-003          -1           1           2
   2.8865753696035550E-003  -1.7612015787846630E-003          -1           2           1
   7.0190121491133812E-003  -4.2824509330877756E-003           1          -2          -1
   6.9952743905935108E-003  -4.4088843468655129E-003           1          -1          -2
   2.8318630588744205E-003  -1.9965156633890042E-003           1          -1           2
  -2.7636398676907674E-003   1.9484326486461387E-003           1           2          -1
  -7.0190313517646073E-003   4.2824549435268398E-003           1           2           3
  -4.0255140981408331E-003   2.3151408264353796E-003           1           3           2
  -2.9578579862124402E-003   1.8046446061657704E-003           2          -1           1
  -6.8266509093730388E-003   4.6657226173070785E-003           2           1          -1
  -2.9578528566198280E-003   1.8046513529560637E-003           2           1           3
   3.7247636603041784E-003  -2.7732009303111163E-003           2           3           1
   2.8318741486412701E-003  -1.9965095110334079E-003           3           1           2
   6.7200684481841279E-003  -4.7377529385911723E-003           3           2           1
   4.0255048197723681E-003  -2.3151578627007567E-003          -3          -3          -2
   5.3176177080429805E-004   8.0995822258528088E-004          -3          -2          -3
  -6.9952897339615842E-003   4.4089114192116634E-003          -3          -1           0
  -2.4441210411832354E-002   1.6046710564775423E-002          -3           0          -1
  -3.7247932465146677E-003   2.7732206587715138E-003          -2          -3          -3
   6.8266507109229621E-003  -4.6657535822840317E-003          -2           1           1
   1.4960328157292676E-003  -7.7067461742643360E-004          -1          -3           0
  -4.4911027930764971E-003   2.8822803393041135E-003          -1          -1           2
   2.4441210384441445E-002  -1.6046695533016977E-002          -1           0          -3
  -5.3174363915085214E-004  -8.0999307907856754E-004          -1           2          -1
  -1.3019394624191971E-003   1.0663288741360139E-003           0          -3          -1
   6.8266904265387616E-003  -4.6657863495510703E-003           0          -1          -3
   4.4302351733822715E-003  -2.9750051351724181E-003           0           1           3
  -3.7247617047242543E-003   2.7732146510197884E-003           0           3           1
  -6.1467032213858479E-005  -9.3635883306819731E-005           1          -2           1
   2.8253493455267292E-003  -1.8549767065694416E-003           1           0           3
  -6.9952878734010366E-003   4.4089469036958252E-003           1           1          -2
   4.0254920074524105E-003  -2.3151658595253846E-003           1           3           0
   4.4302223320447738E-003  -2.9749884005427270E-003           2          -1          -1
  -1.3019490037276338E-003   1.0663268212792658E-003           2           3           3
  -2.8253505453868961E-003   1.8549780019324201E-003           3           0           1
  -4.4911018523572802E-003   2.8822631664275804E-003           3           1           0
   6.1468295014640228E-005   9.3626265080709920E-005           3           2           3
   1.4960356082958982E-003  -7.7067723755356622E-004           3           3           2
   6.8661399281507135E-005   1.0460738399201360E-004          -3          -3          -3
   1.1054555909613632E-003  -7.2577277304665161E-004          -3          -3          -1
  -2.4065420623014508E-005  -3.6646164460913761E-005          -3          -2           0
   2.2261298728040651E-004   3.3903762417503711E-004          -3          -1          -3
  -1.0231392921212178E-002   6.7173010698916031E-003          -3           0          -2
  -3.1565792930331824E-003   2.0724784107269060E-003          -3           0           0
   3.0706191372794683E-003  -2.0048110829506923E-003          -2          -3           0
   3.0257267478137225E-004  -5.3291094988504193E-005          -2          -2           1
   1.0231369558543819E-002  -6.7172975202294035E-003          -2           0          -3
   2.2261589298549722E-004   3.3908502826399979E-004          -2           1          -2
  -1.1054619883967382E-003   7.2578182602687981E-004          -1          -3          -3
   2.4070580792530068E-005   3.6623254523755972E-005          -1           2           2
  -3.0603734460900875E-003   2.0204453732681244E-003           0          -3          -2
   1.0821838348321183E-004   1.6482703014390819E-004           0          -3           0
  -2.4027485278711223E-005  -3.6646348099243164E-005           0          -2          -3
   3.1565749613615512E-003  -2.0724676375884037E-003           0           0          -3
   4.9737102600067983E-003  -3.2654459438122862E-003           0           0           3
   1.6916725733407290E-004  -2.5646902523762005E-004           0           2           3
   6.8650101888906344E-005   1.0461538355375973E-004           0           3           0
  -1.1054551802463046E-003   7.2577398376538250E-004           0           3           2
  -1.6916682113587083E-004   2.5646382288955398E-004           1          -2          -2
  -3.0603961369776484E-003   2.0204507362773928E-003           1           3           3
  -3.5325682919462173E-006  -5.3657126124335442E-006           2          -1           2
  -1.6196906999606960E-004   1.0633355436312264E-004           2           0           3
   2.4050936250146646E-005   3.6624027293006661E-005           2           2          -1
   1.1054604624964725E-003  -7.2578209532598930E-004           2           3           0
  -4.9737085869899413E-003   3.2654373044153136E-003           3           0           0
   1.6197004438522748E-004  -1.0632566042250928E-004           3           0           2
  -3.5250627162978742E-006  -5.3677616003065693E-006           3           1           3
  -3.0256877949514418E-004   5.3285391189742351E-005           3           2           0
   3.0706356219617234E-003  -2.0048085959596266E-003           3           3           1
   1.0821573412273945E-004   1.6482371328491077E-004           3           3           3
   7.0190064456863875E-003  -4.2824983607102386E-003          -4          -2          -2
  -5.7058153453593238E-005  -8.6908236732665387E-005          -2          -4          -2
  -6.7201028336971308E-003   4.7378105981490592E-003          -2          -2          -4
  -2.6224915894620957E-003   1.7217873886413390E-003          -2           0           2
   6.7200787533934509E-003  -4.7378091188415876E-003          -2           2           0
  -1.6287000022094087E-003   9.9372151868998239E-004           0          -2           2
  -7.0189929810838009E-003   4.2825029350864272E-003           0           2          -2
   1.5593411762575495E-003  -1.0993765657418778E-003           2          -2           0
   2.6224834804661518E-003  -1.7217684503244061E-003           2           0          -2
  -1.5593425978680938E-003   1.0993734945377244E-003           2           2           4
   5.7054424707740669E-005   8.6908124534074475E-005           2           4           2
   1.6287036394452121E-003  -9.9372487192542192E-004           4           2           2
   3.0603806235066019E-003  -2.0204446887806503E-003          -4          -3          -2
   4.2107955830306219E-003  -2.6675999264308258E-003          -4          -2          -3
  -1.6916841355482434E-004   2.5642459222489363E-004          -4          -2          -1
   2.1351237438838456E-003  -1.2042621544249713E-003          -4          -1          -2
  -3.8486310167839279E-005  -5.8628713082042329E-005          -3          -4          -2
  -4.1218611514114442E-003   2.8031093878403265E-003          -3          -2          -4
   1.7690569129855949E-003  -1.1614580185109263E-003          -3          -1           1
  -1.9538202630896076E-003   1.4804009048311388E-003          -3           1          -1
  -3.8496484268365987E-005  -5.8627087105039151E-005          -2          -4          -3
  -8.1438123712438990E-005  -5.8990812285529545E-005          -2          -4          -1
  -3.0706668541811591E-003   2.0048169169800240E-003          -2          -3          -4
  -1.9538246097795505E-003   1.4803867189751103E-003          -2          -1          -4
  -2.3720337128814925E-003   1.5559273805621535E-003          -2          -1           2
  -1.7690551576987549E-003   1.1614569057746198E-003          -2           1           2
   4.1218607022660524E-003  -2.8031135808674690E-003          -2           2          -1
  -3.0256688487825437E-004   5.3245403100187625E-005          -2           2           1
  -2.1754336345102600E-005  -9.8182877345494692E-005          -1          -4          -2
   9.2748340122466365E-005   6.1854604857322209E-005          -1          -3           1
   3.0256303946044375E-004  -5.3246232756394960E-005          -1          -2          -4
  -2.5892117500756879E-003   1.6981997248986427E-003          -1          -2           2
   2.1351234361440827E-003  -1.2042489484515814E-003          -1           1          -3
   2.3707443162132549E-003  -1.5579062015150381E-003          -1           1           3
  -4.2107771203639720E-003   2.6675978704362282E-003          -1           2          -2
  -3.0706459847465802E-003   2.0048146946147955E-003          -1           3           1
   1.9892409410467251E-005   1.0970519043695359E-004           1          -3          -1
   3.4919580398128249E-005  -1.0390069965591222E-004           1          -2           2
  -1.7690549795939012E-003   1.1614542519928636E-003           1          -1          -3
   1.7059200114239621E-003  -1.1234260025265962E-003           1          -1           3
   1.6916980009682380E-004  -2.5642359242314486E-004           1           2          -2
  -2.5876418517561828E-003   1.7006174728140312E-003           1           2           4
   3.0603630644093997E-003  -2.0204481634158206E-003           1           3          -1
   3.8487888032338242E-005   5.8624849528680394E-005           1           4           2
   2.5876362522155093E-003  -1.7006150119497766E-003           2          -2          -1
  -1.0922487980434472E-004  -9.2743256321333570E-006           2          -2           1
   2.3707340147006593E-003  -1.5578948124927452E-003           2          -1          -2
   1.7690573233138378E-003  -1.1614543440140698E-003           2           1          -2
  -1.7090618644281677E-003   1.1186496823707684E-003           2           1           4
   1.9892622994151027E-005   1.0970344205998056E-004           2           3           4
   3.8495780572501807E-005   5.8625742100107875E-005           2           4           1
   2.1752946134007232E-005   9.8183854643597881E-005           2           4           3
  -1.7090638676218147E-003   1.1186508099700447E-003           3          -1           1
  -2.3720347866815301E-003   1.5559172991348015E-003           3           1          -1
   1.0922454282222315E-004   9.2697673059959143E-006           3           2           4
   8.1435433766090221E-005   5.8992349261483226E-005           3           4           2
   1.7059249284615530E-003  -1.1234275792848566E-003           4           1           2
   2.5892186305350867E-003  -1.6981988096697190E-003           4           2           1
  -3.4920801333608916E-005   1.0389653401186680E-004           4           2           3
   9.2746111073291823E-005   6.1853836612799375E-005           4           3           2
   1.3019329532558178E-003  -1.0663086005399483E-003          -4          -3          -3
  -4.4302295663635350E-003   2.9749346147061794E-003          -4          -1          -1
  -5.7062492592644385E-005  -8.6909455594033993E-005          -3          -4          -3
  -1.4960593892932334E-003   7.7066151773781233E-004          -3          -3          -4
   3.3924542240286481E-004  -2.3917546361985258E-004          -3          -3           0
  -6.2843689525296337E-009  -4.3970626516113699E-009          -3           0          -3
   2.6224834709449763E-003  -1.7217547065821797E-003          -3           0           1
   4.4911077747437642E-003  -2.8822132994025394E-003          -3           1           0
  -2.5891768694518452E-005  -3.9423944854993276E-005          -1          -4          -1
   4.4911218635522452E-003  -2.8822283724977893E-003          -1          -1          -4
   1.1897043197874593E-003  -7.8107917040970496E-004          -1           0           3
  -1.4960615224603546E-003   7.7066543810751210E-004          -1           3           0
  -3.5433891119265572E-004   2.1618888748787602E-004           0          -3          -3
  -5.9986850183222631E-004   4.6869295340232263E-004           0          -3           1
   1.5646080217400524E-003  -1.0572981374758299E-003           0          -1           3
  -4.4302314417796603E-003   2.9749498687019565E-003           0           1          -3
   1.3019179082807072E-003  -1.0663048239934569E-003           0           3          -1
  -3.5435137175281238E-004   2.1618994073051639E-004           0           3           3
   6.6856668404882236E-004  -3.6408055711201833E-004           1          -3           0
  -2.6224935770685171E-003   1.7217664997687188E-003           1           0          -3
  -1.5922119313847931E-003   1.0152640834969265E-003           1           1           4
   5.7068228130400926E-005   8.6902532547888860E-005           1           4           1
  -1.5922099480258850E-003   1.0152625146715893E-003           3          -1           0
  -1.1897013695163837E-003   7.8107642669693507E-004           3           0          -1
   1.8879299696598553E-009   4.9781812740058016E-010           3           0           3
   3.3925388605246087E-004  -2.3917580204208319E-004           3           3           0
   6.6856554688086945E-004  -3.6407967297926992E-004           3           3           4
   2.5888947533391288E-005   3.9426741594517042E-005           3           4           3
   1.5646101487683708E-003  -1.0572974193891885E-003           4           1           1
  -5.9987316058163198E-004   4.6869398555352373E-004           4           3           3
   3.5434726820172214E-004  -2.1619582863193515E-004          -4          -3          -1
   2.9578461071712719E-003  -1.8046765843378278E-003          -4          -1          -3
  -5.6487753957466769E-004   3.0278433641938612E-004          -3          -4          -1
   1.4472393194014525E-003  -9.2487095742718284E-004          -3          -2           1
  -2.8318847058445523E-003   1.9965367742632214E-003          -3          -1          -4
  -2.8318841299093552E-003   1.9965452727171550E-003          -3           1          -2
   1.3559848664653330E-003  -8.2733076541022233E-004          -2          -3           1
   2.9578403087692343E-003  -1.8046687706595472E-003          -2           1          -3
   5.0240526365438049E-004  -3.9793822827626239E-004          -1          -4          -3
  -3.3926458108685261E-004   2.3918668419455847E-004          -1          -3          -4
   1.4240232264533573E-003  -9.6024171017068498E-004          -1           2           3
  -3.3924910739957786E-004   2.3918190816160686E-004          -1           3           2
  -1.2982376017145318E-003   9.1528888251317506E-004           1          -3          -2
  -1.4240140156784424E-003   9.6023445891841295E-004           1          -2          -3
  -1.2982425518749255E-003   9.1528956429780457E-004           1           3           4
  -5.0241325546873487E-004   3.9793783522914703E-004           1           4           3
   3.4003496148208201E-004  -2.0746538154652167E-004           2          -1           3
   3.5434051357568835E-004  -2.1620116982062109E-004           2           3          -1
  -3.2555570968885873E-004   2.2952719125296866E-004           3          -1           2
  -3.2555444097953406E-004   2.2952309112935670E-004           3           1           4
  -1.4472426175395309E-003   9.2486376884751945E-004           3           2          -1
   5.6488239039252945E-004  -3.0278472325242405E-004           3           4           1
   3.4003673681075233E-004  -2.0746956379079069E-004           4           1           3
   1.3559893046138263E-003  -8.2733069710028769E-004           4           3           1
  -2.1755495993525966E-005  -9.8177907497119774E-005          -4          -4          -3
  -1.0821652378825963E-004  -1.6482660917345506E-004          -4          -3          -4
  -2.3707388390780868E-003   1.5578915890084681E-003          -4          -1           0
  -4.9737053434623533E-003   3.2654303187566562E-003          -4           0          -1
  -8.1437560180613172E-005  -5.9000551928511999E-005          -3          -4          -4
   2.3720339763502905E-003  -1.5559149398531303E-003          -3           1           1
   4.8641246181796633E-004  -3.0274835199393214E-004          -1          -4           0
  -3.6051980287036953E-004   2.1399715498897305E-004          -1          -1           3
   4.9737099902368428E-003  -3.2654402341930149E-003          -1           0          -4
  -1.0822209076582879E-004  -1.6482478034859259E-004          -1           3          -1
  -4.7118938936747083E-004   3.2595810083655411E-004           0          -4          -1
   2.3720462893980967E-003  -1.5559272147980718E-003           0          -1          -4
   3.3968228340645315E-004  -2.4573192557932435E-004           0           1           4
   8.1442079236138508E-005   5.8996693024963672E-005           0           4           1
   1.3794773152182267E-006   2.0905875834019166E-006           1          -3           1
  -6.3166701464947270E-005   4.1464220451508483E-005           1           0           4
  -2.3707392998211065E-003   1.5579042898435419E-003           1           1          -3
   2.1758545734872370E-005   9.8173915428345483E-005           1           4           0
   3.3968350764792946E-004  -2.4573205852794434E-004           3          -1          -1
   4.7118940745829936E-004  -3.2595475385877786E-004           3           4           4
   6.3166186975573802E-005  -4.1463213040829016E-005           4           0           1
  -3.6052025863350873E-004   2.1399722729403917E-004           4           1           0
   1.3765789055798166E-006   2.0940002611873901E-006           4           3           4
  -4.8641695598616039E-004   3.0275223372532381E-004           4           4           3
   5.0241386679316031E-004  -3.9793704781787722E-004          -4          -4          -2
  -6.1477750577168365E-005  -9.3629316963906586E-005          -4          -2          -4
  -1.4240234700328576E-003   9.6022865954469125E-004          -4          -2           0
  -2.8253538263656860E-003   1.8549330816901980E-003          -4           0          -2
  -5.6489081381963556E-004   3.0278261215279918E-004          -2          -4          -4
   5.2028152226091836E-004  -3.7576352249065110E-004          -2          -4           0
  -7.0904506695635078E-004   4.9093090314820639E-004          -2          -2           2
   2.8253524066240519E-003  -1.8549390292274977E-003          -2           0          -4
   6.1486121271009836E-005   9.3627909379832196E-005          -2           2          -2
  -1.4472392814559431E-003   9.2486101467853521E-004          -2           2           2
  -5.5164958952228014E-004   3.2799903370252161E-004           0          -4          -2
   1.4472492335071993E-003  -9.2486403035274306E-004           0          -2          -4
  -7.3237522247811629E-004   4.5540787209472371E-004           0           2           4
   5.6488594867813431E-004  -3.0278510016469324E-004           0           4           2
   7.3237021340778090E-004  -4.5540716212724838E-004           2          -2          -2
  -1.4488870993980821E-005  -2.2062532895703743E-005           2          -2           2
  -6.6577560246389774E-004   4.3710583315298987E-004           2           0           4
   1.4240213683734627E-003  -9.6023214672717066E-004           2           2          -2
  -5.0240685080389885E-004   3.9793415409768569E-004           2           4           0
   5.5165199604206958E-004  -3.2799742859766702E-004           2           4           4
   6.6577703774839967E-004  -4.3710594091114286E-004           4           0           2
   7.0904726395191000E-004  -4.9093079071357675E-004           4           2           0
   1.4486939804745822E-005   2.2063679455853433E-005           4           2           4
  -5.2028616300138541E-004   3.7576588586622599E-004           4           4           2
  -2.5880762587648102E-005  -3.9425971281640968E-005          -4          -4          -4
  -1.1897028591453731E-003   7.8109559466807616E-004          -4           0           0
   1.9483837313389149E-005   2.9680818466444901E-005           0          -4           0
   1.1897063814006871E-003  -7.8110002838755767E-004           0           0          -4
   8.9555379274386436E-004  -5.8797333551593620E-004           0           0           4
   2.5881103151466479E-005   3.9426944720673806E-005           0           4           0
  -8.9555453828939755E-004   5.8797222029804974E-004           4           0           0
  -1.9484311131752278E-005  -2.9677309837622739E-005           4           4           4
  -1.9890652908875356E-005  -1.0968529234952022E-004          -5          -3          -3
   2.5876384514574502E-003  -1.7006125116128445E-003          -5          -2          -2
  -9.6822395697084076E-006  -1.4756775700477491E-005          -4          -4          -1
  -4.4525916597555485E-004   2.9232989936362359E-004          -4          -3           0
   3.5223849653269178E-006   5.3666383716481775E-006          -4          -1          -4
   1.6196706493081697E-004  -1.0635170352488895E-004          -4           0          -3
  -7.6512337067558980E-010  -3.0512951405784332E-010          -3          -5          -3
  -9.6160119231716555E-005   3.0742021255537232E-005          -3          -4           0
  -9.2745119429624360E-005  -6.1872266563788546E-005          -3          -3          -5
   6.8479185651934386E-004  -4.4574056655123683E-004          -3          -3           1
  -1.6196930885250873E-004   1.0634571616758857E-004          -3           0          -4
  -6.0044684116486274E-010   3.2026669382785930E-009          -3           0           2
   3.5170897492338329E-006   5.3705983555185069E-006          -3           1          -3
   2.5892248067993333E-003  -1.6981998852005041E-003          -3           2           0
  -1.1753998023358379E-005  -1.7909113110597319E-005          -2          -5          -2
  -2.5892318861486657E-003   1.6982015128892101E-003          -2          -2          -5
  -5.4030193956060128E-004   3.5473419575607942E-004          -2           0           3
  -9.2748767013531275E-005  -6.1872486234602935E-005          -2           3           0
  -9.6929991499002973E-006  -1.4754904146572725E-005          -1          -4          -4
   4.4525710017239816E-004  -2.9232974085881459E-004          -1           3           3
   6.6436040161557252E-005  -7.6012977598016986E-005           0          -4          -3
   4.4525685635617130E-004  -2.9232974749874283E-004           0          -3          -4
  -5.0868680969492997E-004   3.3994758623741414E-004           0          -3           2
   1.1481931612259803E-004  -9.9634234533955938E-005           0          -2           3
  -2.5876328155129951E-003   1.7006156442023225E-003           0           2          -3
  -1.9891698112414668E-005  -1.0968505111920664E-004           0           3          -2
  -6.8126185278941586E-004   4.5113052642363743E-004           0           3           4
   9.6865407889534386E-006   1.4754438608925311E-005           0           4           3
  -6.8125695599568646E-004   4.5112959180987810E-004           1          -3          -3
  -6.6436089914964253E-005   7.6012972518974006E-005           1           4           4
   5.1417267597111569E-004  -3.3160248333066972E-004           2          -3           0
  -1.6867275168559526E-009   2.6618493665944703E-009           2           0          -3
   1.3707639142943110E-004  -6.5737215397401139E-005           2           2           5
  -2.0283415966451380E-009   5.1525853663797325E-010           2           5           2
  -1.3707590222414198E-004   6.5736518045155434E-005           3          -2           0
   4.7333476562817165E-006   7.2092080223030049E-006           3          -1           3
   5.4030265392519935E-004  -3.5473342761388704E-004           3           0          -2
  -2.1752454513297717E-004   1.4281361834147605E-004           3           0           4
  -4.4525865013432731E-004   2.9232938483416163E-004           3           3          -1
   5.1417229309978513E-004  -3.3160054084618406E-004           3           3           5
   9.6886390406407703E-006   1.4755866535144946E-005           3           4           0
  -1.1755163343493198E-005  -1.7905432644084165E-005           3           5           3
   2.1752645869931630E-004  -1.4281519702190608E-004           4           0           3
   4.7330287324494601E-006   7.2079543039505584E-006           4           1           4
   6.8479618335722642E-004  -4.4574041886775886E-004           4           3           0
   9.6159012688487751E-005  -3.0741570458666906E-005           4           4           1
  -1.1481943342434534E-004   9.9633766728060775E-005           5           2           2
  -5.0868976197204806E-004   3.3995002916218910E-004           5           3           3
   1.2982378738837586E-003  -9.1527647069590556E-004          -5          -3          -2
   1.5593391665000688E-003  -1.0993539323688427E-003          -5          -2          -3
  -6.7942499082754569E-005   3.8259292995640981E-005          -3          -5          -2
  -1.6287100783023388E-003   9.9370553632333243E-004          -3          -2          -5
   1.3526549255714714E-004  -8.5722929599150102E-005          -3          -1           2
   1.6287097662970069E-003  -9.9370522611452673E-004          -3           2          -1
   6.2119949656908239E-005  -4.7133298244119455E-005          -2          -5          -3
  -1.3559940739638603E-003   8.2731895655729156E-004          -2          -3          -5
  -1.3243271618167292E-004   9.0033897686136766E-005          -2           1           3
  -1.3559892234782612E-003   8.2731942344598615E-004          -2           3           1
  -5.5707985740843682E-004   3.9275012014379349E-004          -1          -3           2
  -1.5593343218631033E-003   1.0993542636884590E-003          -1           2          -3
   3.9747130993169911E-004  -2.8022399803123694E-004           1          -2           3
   1.2982338592731001E-003  -9.1527636722339972E-004           1           3          -2
   5.8186396437193220E-004  -3.5500781946543644E-004           2          -3          -1
  -1.3243622587988754E-004   9.0035037354011785E-005           2          -1          -3
   5.8186526894062984E-004  -3.5500708101029543E-004           2           3           5
   6.2120480610982417E-005  -4.7130891041004697E-005           2           5           3
  -4.1515588697531454E-004   2.5329565626014221E-004           3          -2           1
   1.3526608275619783E-004  -8.5724409525717965E-005           3           1          -2
   4.1515553079118239E-004  -2.5329485489300523E-004           3           2           5
  -6.7945165847634021E-005   3.8261810054127331E-005           3           5           2
  -3.9747280633991959E-004   2.8022511509156068E-004           5           2           3
  -5.5708179769201397E-004   3.9275136934332447E-004           5           3           2
  -5.5164870918137222E-004   3.2800385959032578E-004          -5          -4          -3
  -6.6855912079453355E-004   3.6408659119851268E-004          -5          -3          -4
   7.3236868077641631E-004  -4.5541597735623948E-004          -5          -2          -1
   1.5922092343712989E-003  -1.0152816287049007E-003          -5          -1          -2
  -6.2121607217039912E-005   4.7134651993969271E-005          -4          -5          -3
   5.9988184496757618E-004  -4.6869962191428596E-004          -4          -3          -5
   1.3243247554343848E-004  -9.0031861211358730E-005          -4          -1           1
  -1.5646122313224739E-003   1.0573167065817172E-003          -4           1          -1
   6.7948308156834286E-005  -3.8260960720572164E-005          -3          -5          -4
   5.2029212343982206E-004  -3.7577066682822875E-004          -3          -4          -5
  -1.3526335287612610E-004   8.5722053314140920E-005          -3           1           2
   7.0904498721195556E-004  -4.9093966721113359E-004          -3           2           1
  -9.6350627729656244E-005   3.4480687161453358E-005          -2          -5          -1
  -1.5646151863253261E-003   1.0573152775800870E-003          -2          -1          -5
  -6.0862426525152191E-004   3.9564729101734407E-004          -2          -1           3
   5.9988036509206792E-004  -4.6870212852214490E-004          -2           3          -1
   6.9947029657394866E-005  -7.4701642765823709E-005          -1          -5          -2
   1.8877380189124862E-004  -1.0437674698866479E-004          -1          -4           1
  -7.0905016681951981E-004   4.9094071919576776E-004          -1          -2          -5
  -4.1640125295506060E-004   2.6486046022505610E-004          -1          -2           3
   1.5922080221776036E-003  -1.0152807854337269E-003          -1           1          -4
   6.0500683975052048E-004  -4.0115824261470289E-004          -1           1           4
  -6.6855615263997070E-004   3.6408465086759157E-004          -1           3          -2
  -5.2028756895622190E-004   3.7577196258911183E-004          -1           4           1
  -1.7082618615558455E-004   1.3171846340882074E-004           1          -4          -1
   0.0000000000000000        0.0000000000000000                1          -3           2
  -1.3526051805099214E-004   8.5719025221393371E-005           1          -1          -4
   0.0000000000000000        0.0000000000000000                1          -1           4
  -7.3236650629902866E-004   4.5541750732585283E-004           1           2          -3
  -4.0857793839728970E-004   2.7677766850252690E-004           1           2           5
   5.5164542683866264E-004  -3.2800305510103430E-004           1           4          -1
   6.7946680679416724E-005  -3.8262895002458126E-005           1           5           2
   0.0000000000000000        0.0000000000000000                2          -3           1
   1.3243282746857734E-004  -9.0028866033531292E-005           2           1          -3
   0.0000000000000000        0.0000000000000000                2           1           5
  -6.2120030960463544E-005   4.7132925778636852E-005           2           5           1
   4.0857776205290600E-004  -2.7677748235272717E-004           3          -2          -1
   6.0500630468019487E-004  -4.0115652511185326E-004           3          -1          -2
   1.7082634348073228E-004  -1.3171706820657740E-004           3           4           5
   6.9947366747194923E-005  -7.4699935227976927E-005           3           5           4
   0.0000000000000000        0.0000000000000000                4          -1           1
  -6.0862506837673495E-004   3.9564553542726375E-004           4           1          -1
   0.0000000000000000        0.0000000000000000                4           3           5
  -9.6351797227259048E-005   3.4482694623861061E-005           4           5           3
   0.0000000000000000        0.0000000000000000                5           1           2
   4.1640252519887182E-004  -2.6486033262387702E-004           5           2           1
   0.0000000000000000        0.0000000000000000                5           3           4
  -1.8877525449891450E-004   1.0437868423348004E-004           5           4           3
  -4.7118306974640084E-004   3.2595683003772147E-004          -5          -4          -4
   6.6437497135269990E-005  -7.6007577938986686E-005          -5          -4          -2
   6.8126430261903660E-004  -4.5113069406785028E-004          -5          -3          -1
  -1.0922309612492800E-004  -9.2606809695318783E-006          -5          -2          -4
   1.7090611066091824E-003  -1.1186477687226807E-003          -5          -1          -3
  -3.3968250120265984E-004   2.4571164447919974E-004          -5          -1          -1
   1.1757781619228958E-005   1.7908188491290066E-005          -4          -5          -4
  -8.9786946216222482E-006   5.8943732358032831E-006          -4          -5          -2
   4.8642588657517674E-004  -3.0274973143743178E-004          -4          -4          -5
   3.4921962908935340E-005  -1.0390722522000309E-004          -4          -2          -5
  -1.9633201797567043E-007  -2.9893290759800351E-007          -4          -2           1
   5.4030571348275436E-004  -3.5472659257245126E-004          -4           0           1
  -1.7059273735244905E-003   1.1234261560402724E-003          -4           1          -2
   3.6051802609399420E-004  -2.1397729987505574E-004          -4           1           0
  -1.9833406734531708E-004   1.2346049136014058E-004          -3          -5          -1
   1.4667952734741293E-004  -8.7043950135472009E-005          -3          -2           2
  -1.7059264741204707E-003   1.1234247341205279E-003          -3          -1          -5
  -3.4919365879747224E-005   1.0390948651834143E-004          -3           2          -2
   8.9780574850484862E-006  -5.8946012872668852E-006          -2          -5          -4
  -9.6158627348120606E-005   3.0737545862208903E-005          -2          -4          -5
   4.0394628418136683E-004  -2.6866922146108469E-004          -2          -4           1
  -6.4167811797523962E-005   6.1359598831236829E-005          -2          -3           2
   1.7090573396210190E-003  -1.1186468379818619E-003          -2           1          -4
   1.0922504540111002E-004   9.2628588072165415E-006          -2           2          -3
   1.9721334424035186E-007   2.9656798991636680E-007          -2           2           3
  -6.8479976263646975E-004   4.4574223261313042E-004          -2           3           2
   1.9213975054192692E-004  -1.3290273805572391E-004          -1          -5          -3
  -1.3271126941393475E-005  -2.0213846005488047E-005          -1          -5          -1
  -6.8480490296198352E-004   4.4574299487294688E-004          -1          -3          -5
   3.6051768376806060E-004  -2.1397919190190582E-004          -1          -1          -5
   6.0995107586728204E-004  -4.0045770996311261E-004          -1           0           4
   1.3818203098026692E-004  -9.9983927094818905E-005          -1           2           4
  -4.8642595616287356E-004   3.0275340987375018E-004          -1           4           0
   9.6159572942410257E-005  -3.0737551317163330E-005          -1           4           2
   0.0000000000000000        0.0000000000000000                0          -4           1
   0.0000000000000000        0.0000000000000000                0          -1           4
  -3.3968277011233339E-004   2.4571358280814251E-004           0           1          -4
   4.7117892876373036E-004  -3.2595364041669995E-004           0           4          -1
  -4.0712606354171779E-004   2.6383389051750549E-004           1          -4          -2
   0.0000000000000000        0.0000000000000000                1          -4           0
  -1.9351525563894670E-007  -2.9855876681898744E-007           1          -2          -4
  -5.4030603831174522E-004   3.5472746661049302E-004           1           0          -4
   0.0000000000000000        0.0000000000000000                1           1           5
   8.1816918894833329E-005  -3.4480369396745995E-005           1           3           5
   1.1759228003128632E-005   1.7904691294635129E-005           1           5           1
   8.9775115923313599E-006  -5.8944046985572746E-006           1           5           3
   8.1816451692367270E-005  -3.4480150552498801E-005           2          -3          -2
  -1.3818244369944645E-004   9.9983854810085761E-005           2          -2          -3
   0.0000000000000000        0.0000000000000000                2          -2           3
   0.0000000000000000        0.0000000000000000                2          -1           4
   6.8126042119729465E-004  -4.5113192169488509E-004           2           3          -2
  -6.6436892552862822E-005   7.6007224165021512E-005           2           4          -1
   4.0712707544152777E-004  -2.6383286128831555E-004           2           4           5
   1.9214101932854487E-004  -1.3290092758698710E-004           2           5           4
   0.0000000000000000        0.0000000000000000                3          -2           2
   0.0000000000000000        0.0000000000000000                3           1           5
   1.9465142244933378E-007   2.9709822371063830E-007           3           2          -2
  -8.9794841417601444E-006   5.8948914848698962E-006           3           5           1
   0.0000000000000000        0.0000000000000000                4          -1           0
   0.0000000000000000        0.0000000000000000                4          -1           2
  -6.0995116470777939E-004   4.0045731106820093E-004           4           0          -1
  -1.4667931373588450E-004   8.7043373642229122E-005           4           2          -1
   0.0000000000000000        0.0000000000000000                4           2           5
   0.0000000000000000        0.0000000000000000                4           4           5
  -1.9833698494791584E-004   1.2346268774407468E-004           4           5           2
  -1.3271327216427470E-005  -2.0213938570955857E-005           4           5           4
   0.0000000000000000        0.0000000000000000                5           1           1
   0.0000000000000000        0.0000000000000000                5           1           3
   0.0000000000000000        0.0000000000000000                5           2           4
  -6.4168231443676710E-005   6.1359971579209358E-005           5           3           1
  -4.0394889655059180E-004   2.6867076936038610E-004           5           4           2
   0.0000000000000000        0.0000000000000000                5           4           4
  -9.1800613158600020E-005   5.6010903623666054E-005          -4          -4           0
   1.2184387260989771E-009  -2.2941261034382922E-009          -4           0          -4
   8.7890862560469258E-005  -6.1966100407458860E-005           0          -4          -4
  -8.7892609810102159E-005   6.1965858242947705E-005           0           4           4
   0.0000000000000000        0.0000000000000000                4           0           4
   9.1802601388963977E-005  -5.6011093857676117E-005           4           4           0
  -1.9214035157275576E-004   1.3290340874108034E-004          -5          -5          -3
  -1.3717244613549195E-006  -2.0920699611874887E-006          -5          -3          -5
  -1.3818258506499671E-004   9.9978974758715256E-005          -5          -2           0
   6.3165889887634321E-005  -4.1480545892708013E-005          -5           0          -2
   1.9834008949514372E-004  -1.2346108028246666E-004          -3          -5          -5
  -1.4667807821174447E-004   8.7038996541671993E-005          -3           2           2
   0.0000000000000000        0.0000000000000000               -2          -5           0
   0.0000000000000000        0.0000000000000000               -2          -2           3
  -6.3166157264203204E-005   4.1477922075160532E-005          -2           0          -5
  -1.3691326148408107E-006  -2.0949895262819055E-006          -2           3          -2
   0.0000000000000000        0.0000000000000000                0          -5          -2
   1.4667829110074797E-004  -8.7039461379056953E-005           0          -2          -5
   0.0000000000000000        0.0000000000000000                0           2           5
   1.9833874517363558E-004  -1.2346344658473781E-004           0           5           2
   0.0000000000000000        0.0000000000000000                2          -3           2
   0.0000000000000000        0.0000000000000000                2           0           5
   1.3818303891261350E-004  -9.9979301411541247E-005           2           2          -3
  -1.9213743999608147E-004   1.3290114612554547E-004           2           5           0
   0.0000000000000000        0.0000000000000000                3          -2          -2
   0.0000000000000000        0.0000000000000000                5           0           2
   0.0000000000000000        0.0000000000000000                5           2           0
  -6.9945846134254806E-005   7.4700729516522670E-005          -5          -5          -4
   1.9487168240740995E-005   2.9679575097202815E-005          -5          -4          -5
   8.7893276059426560E-005  -6.1965450675421604E-005          -5          -4          -1
   3.2555557775838144E-004  -2.2951974205455352E-004          -5          -1          -4
  -6.0500588445898558E-004   4.0115063940356587E-004          -5          -1           0
  -8.9555581237092403E-004   5.8796237012847543E-004          -5           0          -1
   9.6354633975022916E-005  -3.4480076077813925E-005          -4          -5          -5
   0.0000000000000000        0.0000000000000000               -4          -5          -1
   0.0000000000000000        0.0000000000000000               -4          -3           1
  -3.4003618017291066E-004   2.0746212168754155E-004          -4          -1          -5
  -3.4003882572865144E-004   2.0746285840410455E-004          -4           1          -3
   6.0862313557337358E-004  -3.9564049971280884E-004          -4           1           1
   0.0000000000000000        0.0000000000000000               -3          -4           1
   3.2555245002134815E-004  -2.2951902077118484E-004          -3           1          -4
   0.0000000000000000        0.0000000000000000               -1          -5          -4
   0.0000000000000000        0.0000000000000000               -1          -5           0
  -9.1803253996155341E-005   5.6010222838446799E-005          -1          -4          -5
   0.0000000000000000        0.0000000000000000               -1          -1           4
   8.9555688253795237E-004  -5.8796325039538373E-004          -1           0          -5
   0.0000000000000000        0.0000000000000000               -1           3           4
  -1.9489555206512119E-005  -2.9677244290561725E-005          -1           4          -1
   9.1801531904203297E-005  -5.6011050488973994E-005          -1           4           3
   0.0000000000000000        0.0000000000000000                0          -5          -1
   6.0862498290014972E-004  -3.9564100951862890E-004           0          -1          -5
   0.0000000000000000        0.0000000000000000                0           1           5
   9.6355461102423518E-005  -3.4481923130726913E-005           0           5           1
   0.0000000000000000        0.0000000000000000                1          -4          -3
   0.0000000000000000        0.0000000000000000                1          -4           1
   0.0000000000000000        0.0000000000000000                1          -3          -4
   0.0000000000000000        0.0000000000000000                1           0           5
  -6.0500653062656163E-004   4.0115151672000325E-004           1           1          -4
   0.0000000000000000        0.0000000000000000                1           4           5
  -6.9943541629584192E-005   7.4699026089589105E-005           1           5           0
   0.0000000000000000        0.0000000000000000                1           5           4
   0.0000000000000000        0.0000000000000000                3          -1           4
  -8.7891608037880790E-005   6.1964615767944221E-005           3           4          -1
   0.0000000000000000        0.0000000000000000                4          -1          -1
   0.0000000000000000        0.0000000000000000                4          -1           3
   0.0000000000000000        0.0000000000000000                4           1           5
   0.0000000000000000        0.0000000000000000                4           3          -1
   0.0000000000000000        0.0000000000000000                4           5           1
   0.0000000000000000        0.0000000000000000                5           0           1
   0.0000000000000000        0.0000000000000000                5           1           0
   0.0000000000000000        0.0000000000000000                5           1           4
   0.0000000000000000        0.0000000000000000                5           4           1
  -5.8186275411017496E-004   3.5501279232929569E-004          -6          -3          -3
   0.0000000000000000        0.0000000000000000               -5          -5          -2
   0.0000000000000000        0.0000000000000000               -5          -3           0
  -1.4484778471301741E-005  -2.2061524190691207E-005          -5          -2          -5
   6.6577819707927240E-004  -4.3711423726419088E-004          -5           0          -3
   0.0000000000000000        0.0000000000000000               -3          -6          -3
   0.0000000000000000        0.0000000000000000               -3          -5           0
   5.5708433185037325E-004  -3.9275490431938623E-004          -3          -3          -6
   0.0000000000000000        0.0000000000000000               -3          -3           2
  -6.6577708474504648E-004   4.3711076130798751E-004          -3           0          -5
   0.0000000000000000        0.0000000000000000               -3           0           3
   1.4483073933449271E-005   2.2064837926649146E-005          -3           2          -3
   5.5708293124248393E-004  -3.9275674925244429E-004          -3           3           0
   0.0000000000000000        0.0000000000000000               -2          -5          -5
   0.0000000000000000        0.0000000000000000               -2           3           3
   0.0000000000000000        0.0000000000000000                0          -5          -3
   0.0000000000000000        0.0000000000000000                0          -3          -5
   0.0000000000000000        0.0000000000000000                0          -3           3
  -5.8186050835679743E-004   3.5501139607317319E-004           0           3          -3
   0.0000000000000000        0.0000000000000000                0           3           5
   0.0000000000000000        0.0000000000000000                0           5           3
   0.0000000000000000        0.0000000000000000                2          -3          -3
   0.0000000000000000        0.0000000000000000                3          -3           0
   0.0000000000000000        0.0000000000000000                3          -2           3
   0.0000000000000000        0.0000000000000000                3           0          -3
   0.0000000000000000        0.0000000000000000                3           0           5
   0.0000000000000000        0.0000000000000000                3           3          -2
   0.0000000000000000        0.0000000000000000                3           5           0
   0.0000000000000000        0.0000000000000000                5           0           3
   0.0000000000000000        0.0000000000000000                5           3           0
  -4.0712777470276648E-004   2.6383459805225530E-004          -6          -4          -3
  -5.1417114732305784E-004   3.3160140346151219E-004          -6          -3          -4
  -8.1815728570722675E-005   3.4486257401872361E-005          -6          -3          -2
  -1.3707530511812040E-004   6.5746299247050334E-005          -6          -2          -3
   1.3271374977403876E-005   2.0213825964730220E-005          -5          -5          -5
  -6.0995227525460088E-004   4.0045714185431151E-004          -5           0           0
   0.0000000000000000        0.0000000000000000               -4          -6          -3
   5.0869275793002694E-004  -3.3994774451517391E-004          -4          -3          -6
   0.0000000000000000        0.0000000000000000               -4          -1           2
  -1.1481999287509844E-004   9.9642998931731623E-005          -4           2          -1
   0.0000000000000000        0.0000000000000000               -3          -6          -4
   0.0000000000000000        0.0000000000000000               -3          -6          -2
   4.0395392206538718E-004  -2.6867023767872310E-004          -3          -4          -6
   1.1482064974117971E-004  -9.9641650635102602E-005          -3          -2          -6
   0.0000000000000000        0.0000000000000000               -3          -1           3
   0.0000000000000000        0.0000000000000000               -3           1           3
   5.0869308358074882E-004  -3.3994987149438993E-004          -3           3          -1
   6.4168823467111122E-005  -6.1364805723256605E-005          -3           3           1
   0.0000000000000000        0.0000000000000000               -2          -6          -3
   6.4169006823110234E-005  -6.1364252147933044E-005          -2          -3          -6
   0.0000000000000000        0.0000000000000000               -2           1           4
  -4.0395277135482058E-004   2.6867196162146144E-004          -2           4           1
   0.0000000000000000        0.0000000000000000               -1          -4           2
   0.0000000000000000        0.0000000000000000               -1          -3           3
   1.3707515120927908E-004  -6.5744709221317429E-005          -1           2          -4
  -5.1416826093170556E-004   3.3159996548260643E-004          -1           3          -3
   0.0000000000000000        0.0000000000000000                0          -5           0
   6.0995279573563513E-004  -4.0045765039765452E-004           0           0          -5
   0.0000000000000000        0.0000000000000000                0           0           5
   1.3271862621933620E-005   2.0213863160410983E-005           0           5           0
   0.0000000000000000        0.0000000000000000                1          -3           3
   0.0000000000000000        0.0000000000000000                1          -2           4
  -8.1815368007668015E-005   3.4485676382375516E-005           1           3          -3
   4.0712535595194017E-004  -2.6383331414705732E-004           1           4          -2
   0.0000000000000000        0.0000000000000000                2          -4          -1
   0.0000000000000000        0.0000000000000000                2          -1          -4
   0.0000000000000000        0.0000000000000000                3          -3          -1
   0.0000000000000000        0.0000000000000000                3          -3           1
   0.0000000000000000        0.0000000000000000                3          -1          -3
   0.0000000000000000        0.0000000000000000                3           1          -3
   0.0000000000000000        0.0000000000000000                4          -2           1
   0.0000000000000000        0.0000000000000000                4           1          -2
   0.0000000000000000        0.0000000000000000                5           0           0
  -1.7082556574998206E-004   1.3171553060530210E-004          -6          -4          -4
   4.0857766488895338E-004  -2.7677123138624126E-004          -6          -2          -2
   0.0000000000000000        0.0000000000000000               -4          -6          -4
   1.8877726432640736E-004  -1.0437453056682602E-004          -4          -4          -6
   0.0000000000000000        0.0000000000000000               -4           0           2
   4.1640210068309008E-004  -2.6485506497285298E-004          -4           2           0
   0.0000000000000000        0.0000000000000000               -2          -6          -2
  -4.1640302688498694E-004   2.6485501206443543E-004          -2          -2          -6
   0.0000000000000000        0.0000000000000000               -2           0           4
  -1.8877755638452696E-004   1.0437605202433358E-004          -2           4           0
   0.0000000000000000        0.0000000000000000                0          -4           2
   0.0000000000000000        0.0000000000000000                0          -2           4
  -4.0857727234771884E-004   2.7677142992673591E-004           0           2          -4
   1.7082370251366208E-004  -1.3171453416052829E-004           0           4          -2
   0.0000000000000000        0.0000000000000000                2          -4           0
   0.0000000000000000        0.0000000000000000                2           0          -4
   0.0000000000000000        0.0000000000000000                4          -2           0
   0.0000000000000000        0.0000000000000000                4           0          -2
   0.0000000000000000        0.0000000000000000               -6          -4          -2
  -4.1515458560581638E-004   2.5329968722665516E-004          -6          -2          -4
   0.0000000000000000        0.0000000000000000               -4          -6          -2
   3.9747451131253505E-004  -2.8022657808804126E-004          -4          -2          -6
   0.0000000000000000        0.0000000000000000               -4          -2           2
  -3.9747487060635891E-004   2.8022928407622007E-004          -4           2          -2
   0.0000000000000000        0.0000000000000000               -2          -6          -4
   0.0000000000000000        0.0000000000000000               -2          -4          -6
   0.0000000000000000        0.0000000000000000               -2          -4           2
   4.1515293747025714E-004  -2.5329742723913305E-004          -2           2          -4
   0.0000000000000000        0.0000000000000000                2          -4          -2
   0.0000000000000000        0.0000000000000000                2          -2          -4
   0.0000000000000000        0.0000000000000000               -5          -5          -1
   0.0000000000000000        0.0000000000000000               -5          -4           0
  -4.7326337125506050E-006  -7.2077428646846907E-006          -5          -1          -5
   2.1752618730572877E-004  -1.4281491842781373E-004          -5           0          -4
   0.0000000000000000        0.0000000000000000               -4          -5           0
   0.0000000000000000        0.0000000000000000               -4          -4           1
  -2.1752416461429550E-004   1.4281270807605151E-004          -4           0          -5
  -4.7330060083555845E-006  -7.2092925533304582E-006          -4           1          -4
   0.0000000000000000        0.0000000000000000               -1          -5          -5
   0.0000000000000000        0.0000000000000000                0          -5          -4
   0.0000000000000000        0.0000000000000000                0          -4          -5
   0.0000000000000000        0.0000000000000000                1          -4          -4
