         718          24          24          24
  0.44755004795337361      -0.51638993442548897                0           0           0
 -0.44754902780248140       0.51639081706938872               -1          -1          -1
   5.0808624075466685E-002  -5.8623310706348353E-002          -1           0           0
   5.0808634557907677E-002  -5.8623327818066423E-002           0          -1           0
   5.0808798588365803E-002  -5.8623565899016107E-002           0           0          -1
   2.3896400779695962E-002  -2.7572064190834664E-002           0           0           1
   2.3896321196096172E-002  -2.7571998760798751E-002           0           1           0
   2.3896307853945045E-002  -2.7571995661080574E-002           1           0           0
  -2.8559387141084913E-002   3.2952240962593457E-002           1           1           1
  -5.0808301024675769E-002   5.8623996116801365E-002          -1          -1           0
  -5.0808090024978408E-002   5.8623801173405349E-002          -1           0          -1
  -5.0808073679313913E-002   5.8623787541158955E-002           0          -1          -1
  -1.2300351666735165E-002   1.4192337530162472E-002           0           1           1
  -1.2300358017873781E-002   1.4192339176900940E-002           1           0           1
  -1.2300399392149280E-002   1.4192401651336254E-002           1           1           0
  -2.3896332295562726E-002   2.7571975400197946E-002          -2          -1          -1
  -2.3896334400220171E-002   2.7571991552377495E-002          -1          -2          -1
  -2.3896387846987530E-002   2.7572077682918878E-002          -1          -1          -2
  -1.1601329256204537E-002   1.3385823193919635E-002          -1           0           1
  -1.1601339461155611E-002   1.3385834821513070E-002          -1           1           0
  -1.1601326969292199E-002   1.3385821781380166E-002           0          -1           1
  -1.1601323621591770E-002   1.3385807365009156E-002           0           1          -1
  -1.1601340765838811E-002   1.3385834732413057E-002           1          -1           0
  -1.1601325383147242E-002   1.3385809301259577E-002           1           0          -1
   6.4407775655064030E-003  -7.4314722560534768E-003           1           1           2
   6.4407850817206442E-003  -7.4314772173007257E-003           1           2           1
   6.4407868007829508E-003  -7.4314779930076758E-003           2           1           1
   1.2300386486013868E-002  -1.4192410821092270E-002          -2          -2          -1
   1.2300328976699294E-002  -1.4192358770060068E-002          -2          -1          -2
   1.1601322329029834E-002  -1.3385809893255309E-002          -2          -1           0
   1.1601347733227744E-002  -1.3385828995137010E-002          -2           0          -1
   1.2300331847864086E-002  -1.4192356109269211E-002          -1          -2          -2
   1.1601324368355944E-002  -1.3385804336751272E-002          -1          -2           0
  -7.9500864496770268E-003   9.1729143809409462E-003          -1          -1           1
   1.1601338371303914E-002  -1.3385812608001127E-002          -1           0          -2
  -7.9500672355541403E-003   9.1728994962566660E-003          -1           1          -1
  -1.4938114279188699E-002   1.7235874271413060E-002          -1           1           1
   1.1601350011485318E-002  -1.3385826823702410E-002           0          -2          -1
   1.1601339945462384E-002  -1.3385815799559352E-002           0          -1          -2
   3.0817486940662758E-003  -3.5557358660500346E-003           0           1           2
   3.0817485778303570E-003  -3.5557375776610577E-003           0           2           1
  -7.9500647635758898E-003   9.1728985069976510E-003           1          -1          -1
  -1.4938115498969343E-002   1.7235873187740950E-002           1          -1           1
   3.0817478902269760E-003  -3.5557360647505373E-003           1           0           2
  -1.4938116691483356E-002   1.7235879876995118E-002           1           1          -1
   3.0817448922302606E-003  -3.5557298257164480E-003           1           2           0
   8.0606751343976074E-003  -9.3005626355306212E-003           1           2           2
   3.0817481590793045E-003  -3.5557374239010989E-003           2           0           1
   3.0817447449548022E-003  -3.5557299190402585E-003           2           1           0
   8.0606753906323995E-003  -9.3005623361692175E-003           2           1           2
   8.0606794218574269E-003  -9.3005680436611289E-003           2           2           1
   2.8559315675893728E-002  -3.2952301167754827E-002          -2          -2          -2
   7.9500422846260424E-003  -9.1729204060667629E-003          -2           0           0
   7.9500451357115524E-003  -9.1729200102396956E-003           0          -2           0
   7.9500545645675626E-003  -9.1729409847066002E-003           0           0          -2
  -4.9376447423591600E-003   5.6971813584217480E-003           0           0           2
  -4.9376557985396329E-003   5.6971897891445224E-003           0           2           0
  -4.9376561629687664E-003   5.6971910626640865E-003           2           0           0
   3.5021387924798328E-003  -4.0408619800212714E-003           2           2           2
   1.4938138815681786E-002  -1.7235859451230219E-002          -2          -2           0
   1.4938133773544337E-002  -1.7235856312580317E-002          -2           0          -2
   1.4938134305067640E-002  -1.7235857064627911E-002           0          -2          -2
   7.1879624223384377E-003  -8.2935835194322197E-003           0           2           2
   7.1879629235125234E-003  -8.2935827512373474E-003           2           0           2
   7.1879636374753697E-003  -8.2935841397637333E-003           2           2           0
  -6.4407732532774783E-003   7.4314887585726231E-003          -3          -2          -2
   4.9376922951861737E-003  -5.6971591936809274E-003          -3          -1          -1
  -6.4407728624239742E-003   7.4314858380522394E-003          -2          -3          -2
  -6.4407684581685156E-003   7.4314773958101005E-003          -2          -2          -3
  -3.9199086785750882E-003   4.5228296060345714E-003          -2           0           1
  -3.9199085316472468E-003   4.5228317673080094E-003          -2           1           0
   4.9376921931854108E-003  -5.6971565355445324E-003          -1          -3          -1
   4.9376855482195564E-003  -5.6971458532016645E-003          -1          -1          -3
  -8.3678550670654751E-003   9.6549867731491219E-003          -1           0           2
  -8.3678601842863323E-003   9.6549921325717099E-003          -1           2           0
  -3.9199082231938650E-003   4.5228293011784866E-003           0          -2           1
  -8.3678553619856225E-003   9.6549863166981633E-003           0          -1           2
  -3.9199072347595350E-003   4.5228266673504516E-003           0           1          -2
  -8.3678578677597697E-003   9.6549903977566683E-003           0           2          -1
  -3.9199079590268061E-003   4.5228307035461131E-003           1          -2           0
  -3.9199068461485470E-003   4.5228265593557282E-003           1           0          -2
   4.7207050867251847E-003  -5.4468387332078875E-003           1           1           3
   4.7207082698871219E-003  -5.4468419790392473E-003           1           3           1
  -8.3678599638750267E-003   9.6549914512075435E-003           2          -1           0
  -8.3678575930809223E-003   9.6549900706517366E-003           2           0          -1
  -1.5055452060516047E-003   1.7371052539121459E-003           2           2           3
  -1.5055463627535928E-003   1.7371059880325836E-003           2           3           2
   4.7207078341911035E-003  -5.4468414257098493E-003           3           1           1
  -1.5055457480461787E-003   1.7371062263963103E-003           3           2           2
  -3.0817050618106479E-003   3.5557647036701520E-003          -3          -2          -1
  -3.0817132474278358E-003   3.5557692767048325E-003          -3          -1          -2
  -3.0817051699847321E-003   3.5557642853595566E-003          -2          -3          -1
  -3.0817114378577449E-003   3.5557673180497476E-003          -2          -1          -3
   3.9198772312513319E-003  -4.5228525774914253E-003          -2          -1           1
   3.9198828655927697E-003  -4.5228549198815422E-003          -2           1          -1
  -3.0817125556461891E-003   3.5557701055285466E-003          -1          -3          -2
  -3.0817099634643857E-003   3.5557689133212931E-003          -1          -2          -3
   3.9198780262981424E-003  -4.5228516400229960E-003          -1          -2           1
   3.9198809212785098E-003  -4.5228540242388563E-003          -1           1          -2
  -3.0046003626425727E-003   3.4667823925152567E-003          -1           1           2
  -3.0046016249919891E-003   3.4667827018662694E-003          -1           2           1
   3.9198827026226167E-003  -4.5228558091993942E-003           1          -2          -1
   3.9198801001805277E-003  -4.5228553455138303E-003           1          -1          -2
  -3.0046007431819015E-003   3.4667817585566337E-003           1          -1           2
  -3.0046003044294695E-003   3.4667827315505270E-003           1           2          -1
   1.3730659175925175E-003  -1.5842839420400769E-003           1           2           3
   1.3730659308161444E-003  -1.5842838439115666E-003           1           3           2
  -3.0046014187490588E-003   3.4667825934702359E-003           2          -1           1
  -3.0045996824837602E-003   3.4667828123302537E-003           2           1          -1
   1.3730657745163683E-003  -1.5842838561646016E-003           2           1           3
   1.3730658799709745E-003  -1.5842841027846467E-003           2           3           1
   1.3730657913359969E-003  -1.5842842132567725E-003           3           1           2
   1.3730655468105980E-003  -1.5842842213807053E-003           3           2           1
  -8.0606969695925894E-003   9.3005534373226621E-003          -3          -3          -2
  -8.0606917253330853E-003   9.3005483336885079E-003          -3          -2          -3
   8.3678688053355193E-003  -9.6549814622166885E-003          -3          -1           0
   8.3678691746731336E-003  -9.6549829514973994E-003          -3           0          -1
  -8.0606922175926535E-003   9.3005471186847401E-003          -2          -3          -3
  -6.2799800550751381E-003   7.2459428836405774E-003          -2           1           1
   8.3678686664507042E-003  -9.6549798710501063E-003          -1          -3           0
  -6.4787251323335437E-003   7.4752547405503101E-003          -1          -1           2
   8.3678651896145224E-003  -9.6549767514686694E-003          -1           0          -3
  -6.4787272338251729E-003   7.4752587673936688E-003          -1           2          -1
   8.3678702706097754E-003  -9.6549821985722189E-003           0          -3          -1
   8.3678658931405341E-003  -9.6549778435462176E-003           0          -1          -3
   3.9404890301692318E-003  -4.5465963540813580E-003           0           1           3
   3.9404907760035718E-003  -4.5465994983040986E-003           0           3           1
  -6.2799804558945809E-003   7.2459430715958121E-003           1          -2           1
   3.9404889687313666E-003  -4.5465961636800833E-003           1           0           3
  -6.2799792824929620E-003   7.2459418476241806E-003           1           1          -2
   3.9404907329250163E-003  -4.5465988609251938E-003           1           3           0
  -6.4787269949513511E-003   7.4752592006258958E-003           2          -1          -1
  -1.8430339124494875E-003   2.1265187089576677E-003           2           3           3
   3.9404908246367908E-003  -4.5465991296075262E-003           3           0           1
   3.9404905423041318E-003  -4.5465992285266899E-003           3           1           0
  -1.8430340536329073E-003   2.1265182583686919E-003           3           2           3
  -1.8430348291654224E-003   2.1265191377291153E-003           3           3           2
  -3.5021723617435999E-003   4.0408337561099530E-003          -3          -3          -3
  -7.1879505834937744E-003   8.2935934781178684E-003          -3          -3          -1
   3.0046238738761456E-003  -3.4667625662491057E-003          -3          -2           0
  -7.1879509649848692E-003   8.2935935329860044E-003          -3          -1          -3
   3.0046226071664419E-003  -3.4667639624210963E-003          -3           0          -2
   6.4787192354365409E-003  -7.4752662673009725E-003          -3           0           0
   3.0046238273136257E-003  -3.4667624342490304E-003          -2          -3           0
   6.2799722632545735E-003  -7.2459470081160451E-003          -2          -2           1
   3.0046223602811679E-003  -3.4667627667068204E-003          -2           0          -3
   6.2799737738918424E-003  -7.2459489822462812E-003          -2           1          -2
  -7.1879499544283010E-003   8.2935930030044788E-003          -1          -3          -3
   1.4918188772639700E-003  -1.7212756009547501E-003          -1           2           2
   3.0046222262167369E-003  -3.4667639163176570E-003           0          -3          -2
   6.4787192439615723E-003  -7.4752653097570534E-003           0          -3           0
   3.0046225857589311E-003  -3.4667627699203913E-003           0          -2          -3
   6.4787155722562896E-003  -7.4752633812259894E-003           0           0          -3
   1.7654811253597599E-003  -2.0370303129463546E-003           0           0           3
   2.4105910980691744E-003  -2.7813845412641958E-003           0           2           3
   1.7654821167490990E-003  -2.0370323831431884E-003           0           3           0
   2.4105920974643634E-003  -2.7813855928970122E-003           0           3           2
   6.2799736145925256E-003  -7.2459490857355105E-003           1          -2          -2
  -9.2567640738052607E-004   1.0680524252161241E-003           1           3           3
   1.4918188209652498E-003  -1.7212752776313519E-003           2          -1           2
   2.4105916594410830E-003  -2.7813850707345020E-003           2           0           3
   1.4918200198609740E-003  -1.7212764422510744E-003           2           2          -1
   2.4105914015837386E-003  -2.7813856707594770E-003           2           3           0
   1.7654820377721767E-003  -2.0370328609201683E-003           3           0           0
   2.4105922118901474E-003  -2.7813857107903983E-003           3           0           2
  -9.2567591332771992E-004   1.0680524846685322E-003           3           1           3
   2.4105914860241729E-003  -2.7813853295979101E-003           3           2           0
  -9.2567672410782996E-004   1.0680531421229204E-003           3           3           1
  -8.6780748460079445E-004   1.0012919096708595E-003           3           3           3
  -4.7207158671293444E-003   5.4468363007220202E-003          -4          -2          -2
  -4.7207155746430010E-003   5.4468348635056431E-003          -2          -4          -2
  -4.7207125329624816E-003   5.4468316361063395E-003          -2          -2          -4
  -3.1303025282306100E-003   3.6117930213316919E-003          -2           0           2
  -3.1303033530389337E-003   3.6117949101338877E-003          -2           2           0
  -3.1303024854458408E-003   3.6117931198733039E-003           0          -2           2
  -3.1303030134045848E-003   3.6117937809244851E-003           0           2          -2
  -3.1303039665128134E-003   3.6117953784493570E-003           2          -2           0
  -3.1303030959884195E-003   3.6117945127927633E-003           2           0          -2
  -7.6699094970725256E-004   8.8496424376505829E-004           2           2           4
  -7.6699167708583083E-004   8.8496540448725145E-004           2           4           2
  -7.6699163823022894E-004   8.8496526270113790E-004           4           2           2
  -1.3730826066034982E-003   1.5842704934311089E-003          -4          -3          -2
  -1.3730818029608753E-003   1.5842704650331010E-003          -4          -2          -3
  -3.9404829510456931E-003   4.5466051956683570E-003          -4          -2          -1
  -3.9404839412371349E-003   4.5466059052562766E-003          -4          -1          -2
  -1.3730827582846437E-003   1.5842699561123619E-003          -3          -4          -2
  -1.3730815930428322E-003   1.5842694690528273E-003          -3          -2          -4
   3.1302993403067910E-003  -3.6117970674559657E-003          -3          -1           1
   3.1303006267295653E-003  -3.6117980077080515E-003          -3           1          -1
  -1.3730820427743451E-003   1.5842699156250455E-003          -2          -4          -3
  -3.9404833149467664E-003   4.5466040572111595E-003          -2          -4          -1
  -1.3730820672932505E-003   1.5842694405219372E-003          -2          -3          -4
  -3.9404812164561768E-003   4.5466025611397903E-003          -2          -1          -4
  -1.2251974944021953E-003   1.4136464172160206E-003          -2          -1           2
  -2.0524183352127884E-003   2.3681176657937989E-003          -2           1           2
  -1.2251980859036460E-003   1.4136483946172655E-003          -2           2          -1
  -2.0524189834445939E-003   2.3681181315916341E-003          -2           2           1
  -3.9404835694929275E-003   4.5466048257130163E-003          -1          -4          -2
   3.1302994339148693E-003  -3.6117966270086273E-003          -1          -3           1
  -3.9404806505042612E-003   4.5466020234877858E-003          -1          -2          -4
  -1.2251973612655966E-003   1.4136465459809416E-003          -1          -2           2
   3.1302987428746811E-003  -3.6117964905008049E-003          -1           1          -3
   7.8871074609369234E-004  -9.1002379911166522E-004          -1           1           3
  -1.2251983585811156E-003   1.4136481175699991E-003          -1           2          -2
   7.8871169949915000E-004  -9.1002512354909691E-004          -1           3           1
   3.1303001605939304E-003  -3.6117981225274815E-003           1          -3          -1
  -2.0524184050996525E-003   2.3681175497595160E-003           1          -2           2
   3.1302986420996995E-003  -3.6117965732497051E-003           1          -1          -3
   7.8871114262157069E-004  -9.1002376010254301E-004           1          -1           3
  -2.0524175825719017E-003   2.3681174333230778E-003           1           2          -2
  -4.5635543883157327E-004   5.2654767595159920E-004           1           2           4
   7.8871224637751985E-004  -9.1002512666850074E-004           1           3          -1
  -4.5635621757550573E-004   5.2654850670623150E-004           1           4           2
  -1.2251979751997579E-003   1.4136488249355946E-003           2          -2          -1
  -2.0524188469060911E-003   2.3681182220949516E-003           2          -2           1
  -1.2251983278365670E-003   1.4136486135791627E-003           2          -1          -2
  -2.0524177467843687E-003   2.3681176458229679E-003           2           1          -2
  -4.5635552885176683E-004   5.2654757766624723E-004           2           1           4
  -1.7514645662241679E-004   2.0208657153478589E-004           2           3           4
  -4.5635624515718822E-004   5.2654852005647624E-004           2           4           1
  -1.7514672794310753E-004   2.0208707040485202E-004           2           4           3
   7.8871150161679139E-004  -9.1002517514086488E-004           3          -1           1
   7.8871182034587412E-004  -9.1002528231553343E-004           3           1          -1
  -1.7514656575610735E-004   2.0208682532202137E-004           3           2           4
  -1.7514667158037968E-004   2.0208731616889802E-004           3           4           2
  -4.5635582167335482E-004   5.2654856250809040E-004           4           1           2
  -4.5635590177595488E-004   5.2654850255197177E-004           4           2           1
  -1.7514665364886344E-004   2.0208703469780129E-004           4           2           3
  -1.7514672554980691E-004   2.0208725263760782E-004           4           3           2
   1.5055273368009556E-003  -1.7371222843744175E-003          -4          -3          -3
  -1.7654716286438811E-003   2.0370420815314745E-003          -4          -1          -1
   1.5055275034756841E-003  -1.7371227528787060E-003          -3          -4          -3
   1.5055265866050728E-003  -1.7371212128942097E-003          -3          -3          -4
  -1.4918090593842739E-003   1.7212859493225302E-003          -3          -3           0
  -1.4918093670354168E-003   1.7212849958240805E-003          -3           0          -3
   1.2251917224507635E-003  -1.4136542393932280E-003          -3           0           1
   1.2251921228043732E-003  -1.4136541819220949E-003          -3           1           0
  -1.7654712872023713E-003   2.0370427546424156E-003          -1          -4          -1
  -1.7654688851220541E-003   2.0370404413038792E-003          -1          -1          -4
  -4.2597910235282153E-004   4.9150586461303345E-004          -1           0           3
  -4.2597916127847066E-004   4.9150550468140750E-004          -1           3           0
  -1.4918083909409565E-003   1.7212855454703435E-003           0          -3          -3
   1.2251921035306671E-003  -1.4136541432622090E-003           0          -3           1
  -4.2597895360658371E-004   4.9150567578174072E-004           0          -1           3
   1.2251904968999330E-003  -1.4136528609992845E-003           0           1          -3
  -4.2597884497554768E-004   4.9150499424778439E-004           0           3          -1
   1.6795098638334500E-004  -1.9378663510525329E-004           0           3           3
   1.2251918926839550E-003  -1.4136541650261983E-003           1          -3           0
   1.2251901084005656E-003  -1.4136525756169242E-003           1           0          -3
   4.6496199817034599E-005  -5.3650480162651742E-005           1           1           4
   4.6495989234662577E-005  -5.3649985426691358E-005           1           4           1
  -4.2597899149322295E-004   4.9150555704420736E-004           3          -1           0
  -4.2597841591697879E-004   4.9150513968059396E-004           3           0          -1
   1.6795080504156918E-004  -1.9378647467836250E-004           3           0           3
   1.6795021339947833E-004  -1.9378628608535063E-004           3           3           0
   1.0636379018069756E-004  -1.2272323145391437E-004           3           3           4
   1.0636397763534381E-004  -1.2272334361720450E-004           3           4           3
   4.6496280004590901E-005  -5.3650076665918768E-005           4           1           1
   1.0636399478784240E-004  -1.2272320823166551E-004           4           3           3
  -2.4105951977525675E-003   2.7813829472115767E-003          -4          -3          -1
  -2.4105945589605309E-003   2.7813828339820464E-003          -4          -1          -3
  -2.4105945890047125E-003   2.7813821889512247E-003          -3          -4          -1
   2.0524199203173889E-003  -2.3681153349259967E-003          -3          -2           1
  -2.4105935830978308E-003   2.7813818526419378E-003          -3          -1          -4
   2.0524205651763941E-003  -2.3681164603313980E-003          -3           1          -2
   2.0524199146552957E-003  -2.3681148956378509E-003          -2          -3           1
   2.0524201788686214E-003  -2.3681158851920786E-003          -2           1          -3
  -2.4105950314612132E-003   2.7813828849619858E-003          -1          -4          -3
  -2.4105942114101943E-003   2.7813824413203438E-003          -1          -3          -4
   7.0039221793953598E-004  -8.0812357088577995E-004          -1           2           3
   7.0039241853293421E-004  -8.0812404449536585E-004          -1           3           2
   2.0524210334457991E-003  -2.3681168479220394E-003           1          -3          -2
   2.0524205185209594E-003  -2.3681165834999098E-003           1          -2          -3
  -1.4930302464767883E-004   1.7226741569545585E-004           1           3           4
  -1.4930316489609953E-004   1.7226775253386805E-004           1           4           3
   7.0039208434279651E-004  -8.0812380241147602E-004           2          -1           3
   7.0039273533756394E-004  -8.0812428986377569E-004           2           3          -1
   7.0039229008207944E-004  -8.0812426728615004E-004           3          -1           2
  -1.4930297722846170E-004   1.7226709945301468E-004           3           1           4
   7.0039252679061762E-004  -8.0812442591074170E-004           3           2          -1
  -1.4930354724984059E-004   1.7226804528119188E-004           3           4           1
  -1.4930305767342050E-004   1.7226749674772418E-004           4           1           3
  -1.4930327746140971E-004   1.7226812894310386E-004           4           3           1
   1.8430287384500318E-003  -2.1265236326849435E-003          -4          -4          -3
   1.8430282469765304E-003  -2.1265230051567110E-003          -4          -3          -4
   4.2598189301623125E-004  -4.9150165086160537E-004          -4          -1           0
   4.2598219616678929E-004  -4.9150244922704250E-004          -4           0          -1
   1.8430279112293196E-003  -2.1265231486441256E-003          -3          -4          -4
  -3.3450748785274095E-004   3.8595923682243450E-004          -3           1           1
   4.2598217728627934E-004  -4.9150150222755553E-004          -1          -4           0
  -7.0031688363131046E-004   8.0803757331339887E-004          -1          -1           3
   4.2598253453176763E-004  -4.9150225309390748E-004          -1           0          -4
  -7.0031716942647556E-004   8.0803817353286339E-004          -1           3          -1
   4.2598201811512901E-004  -4.9150202872080687E-004           0          -4          -1
   4.2598276059625545E-004  -4.9150178178519657E-004           0          -1          -4
   1.9026913202144509E-004  -2.1953561860234421E-004           0           1           4
   1.9026973831177832E-004  -2.1953622007319436E-004           0           4           1
  -3.3450778788589634E-004   3.8595873517904139E-004           1          -3           1
   1.9026945047897033E-004  -2.1953572529719755E-004           1           0           4
  -3.3450822251767867E-004   3.8595956274477033E-004           1           1          -3
   1.9026938229377204E-004  -2.1953605828964502E-004           1           4           0
  -7.0031700649267326E-004   8.0803813705900495E-004           3          -1          -1
  -6.0116918190693127E-005   6.9364273089652978E-005           3           4           4
   1.9026961065908001E-004  -2.1953627337374836E-004           4           0           1
   1.9026924406874838E-004  -2.1953592742258733E-004           4           1           0
  -6.0117199461185924E-005   6.9364297622995200E-005           4           3           4
  -6.0116946904068825E-005   6.9364074006664819E-005           4           4           3
   9.2566827420762410E-004  -1.0680607600934474E-003          -4          -4          -2
   9.2566764616981777E-004  -1.0680596308145108E-003          -4          -2          -4
  -7.8870794900273776E-004   9.1002873516009991E-004          -4          -2           0
  -7.8870804368122145E-004   9.1002863384672880E-004          -4           0          -2
   9.2566783291026292E-004  -1.0680600083985633E-003          -2          -4          -4
  -7.8870796640539813E-004   9.1002913396597831E-004          -2          -4           0
   3.3450645722829964E-004  -3.8596118848288635E-004          -2          -2           2
  -7.8870699689855017E-004   9.1002761633942925E-004          -2           0          -4
   3.3450661280558328E-004  -3.8596069126642650E-004          -2           2          -2
  -2.4556118902724345E-004   2.8333320110823562E-004          -2           2           2
  -7.8870781877760153E-004   9.1002889831860419E-004           0          -4          -2
  -7.8870642614715946E-004   9.1002785117038818E-004           0          -2          -4
  -6.6343884319070972E-005   7.6548874093734879E-005           0           2           4
  -6.6344075379106562E-005   7.6548969612831675E-005           0           4           2
   3.3450604606880278E-004  -3.8596092407292302E-004           2          -2          -2
  -2.4556114054223745E-004   2.8333330949970530E-004           2          -2           2
  -6.6344073959324058E-005   7.6549070867894888E-005           2           0           4
  -2.4556049436230204E-004   2.8333271909251141E-004           2           2          -2
  -6.6344212740129766E-005   7.6549168348948390E-005           2           4           0
   1.6473899715684144E-004  -1.9007936795255792E-004           2           4           4
  -6.6343991031644306E-005   7.6549143416776951E-005           4           0           2
  -6.6344276274161873E-005   7.6549278599998474E-005           4           2           0
   1.6473909949093658E-004  -1.9007912435930178E-004           4           2           4
   1.6473930591104507E-004  -1.9007937914692903E-004           4           4           2
   8.6780855155205703E-004  -1.0012913929239844E-003          -4          -4          -4
   7.0031691676969671E-004  -8.0803775788264938E-004          -4           0           0
   7.0031702168363915E-004  -8.0803806826962191E-004           0          -4           0
   7.0031662048459099E-004  -8.0803747057568850E-004           0           0          -4
   1.2324223002241629E-004  -1.4219862686163130E-004           0           0           4
   1.2324284540914964E-004  -1.4219949728373624E-004           0           4           0
   1.2324292812181150E-004  -1.4219949785648135E-004           4           0           0
  -3.6748797782897952E-004   4.2401378574382867E-004           4           4           4
   7.6698867857966362E-004  -8.8496745062347057E-004          -5          -3          -3
  -4.6497503670323045E-005   5.3648213045468710E-005          -5          -2          -2
  -1.6795257997706555E-004   1.9378442614071144E-004          -4          -4          -1
  -7.0039152100485099E-004   8.0812465928772382E-004          -4          -3           0
  -1.6795272940957134E-004   1.9378522751615899E-004          -4          -1          -4
  -7.0039172501004448E-004   8.0812491222993679E-004          -4           0          -3
   7.6698864443136886E-004  -8.8496738188535012E-004          -3          -5          -3
  -7.0039158493999680E-004   8.0812466218730967E-004          -3          -4           0
   7.6698750568960879E-004  -8.8496627533214635E-004          -3          -3          -5
   2.4556139402709583E-004  -2.8333184395513581E-004          -3          -3           1
  -7.0039161356015588E-004   8.0812444902028809E-004          -3           0          -4
  -1.0486603607395954E-004   1.2099660968335108E-004          -3           0           2
   2.4556160748287383E-004  -2.8333264034756123E-004          -3           1          -3
  -1.0486638846528860E-004   1.2099710838383669E-004          -3           2           0
  -4.6497539656222235E-005   5.3648015582221472E-005          -2          -5          -2
  -4.6497849462810855E-005   5.3648164066794606E-005          -2          -2          -5
  -1.3034831023449049E-004   1.5039783927385980E-004          -2           0           3
  -1.3034888503135180E-004   1.5039833678362233E-004          -2           3           0
  -1.6795286531396433E-004   1.9378501593557616E-004          -1          -4          -4
  -8.7729271103526780E-005   1.0122385356040408E-004          -1           3           3
  -7.0039164320294975E-004   8.0812506438042084E-004           0          -4          -3
  -7.0039123957807165E-004   8.0812444153735509E-004           0          -3          -4
  -1.0486629727118436E-004   1.2099654332883259E-004           0          -3           2
  -1.3034863960499843E-004   1.5039772243968016E-004           0          -2           3
  -1.0486654006956465E-004   1.2099714995192601E-004           0           2          -3
  -1.3034844309044779E-004   1.5039795814182454E-004           0           3          -2
   3.2136615499063933E-005  -3.7078883541805562E-005           0           3           4
   3.2136352133382314E-005  -3.7078673044939876E-005           0           4           3
   2.4556188546478991E-004  -2.8333296363184160E-004           1          -3          -3
   2.9151465460781537E-004  -3.3635515613771375E-004           1           4           4
  -1.0486634308236065E-004   1.2099706117675409E-004           2          -3           0
  -1.0486661134058187E-004   1.2099708218131651E-004           2           0          -3
   3.2199002816097521E-004  -3.7151844204062436E-004           2           2           5
   3.2198990834928295E-004  -3.7151824528052722E-004           2           5           2
  -1.3034867396882622E-004   1.5039828873602784E-004           3          -2           0
  -8.7729132745462612E-005   1.0122350488687518E-004           3          -1           3
  -1.3034842168703557E-004   1.5039800792920419E-004           3           0          -2
   3.2136490282548594E-005  -3.7078993014940471E-005           3           0           4
  -8.7729197987439363E-005   1.0122377569292472E-004           3           3          -1
  -1.0736878458846300E-004   1.2388320665486816E-004           3           3           5
   3.2136173891410384E-005  -3.7078552569852077E-005           3           4           0
  -1.0736845065681329E-004   1.2388292545093398E-004           3           5           3
   3.2136485061910694E-005  -3.7078834423401780E-005           4           0           3
   2.9151468662742206E-004  -3.3635497942849406E-004           4           1           4
   3.2136225442616241E-005  -3.7078451094412630E-005           4           3           0
   2.9151463172607676E-004  -3.3635506870958364E-004           4           4           1
   3.2199000482350886E-004  -3.7151818165942274E-004           5           2           2
  -1.0736879230031110E-004   1.2388300561793782E-004           5           3           3
   4.5635338520532380E-004  -5.2655101517803612E-004          -5          -3          -2
   4.5635309439140355E-004  -5.2655073328236222E-004          -5          -2          -3
   4.5635331226313440E-004  -5.2655145607343151E-004          -3          -5          -2
   4.5635234072696350E-004  -5.2655016600051930E-004          -3          -2          -5
   1.0486677628505190E-004  -1.2099700218340300E-004          -3          -1           2
   1.0486691087856821E-004  -1.2099679117600358E-004          -3           2          -1
   4.5635336460308936E-004  -5.2655119904961999E-004          -2          -5          -3
   4.5635214939916121E-004  -5.2655059766278046E-004          -2          -3          -5
   3.7498973866415571E-006  -4.3276316331203081E-006          -2           1           3
   3.7499446106110793E-006  -4.3276696101165506E-006          -2           3           1
   1.0486694001066033E-004  -1.2099698592483043E-004          -1          -3           2
   1.0486662596782923E-004  -1.2099647594156271E-004          -1           2          -3
   3.7499776853879698E-006  -4.3274472254839666E-006           1          -2           3
   3.7501807013992967E-006  -4.3277592779999655E-006           1           3          -2
   1.0486682712280834E-004  -1.2099691244743904E-004           2          -3          -1
   1.0486631774149596E-004  -1.2099653580403384E-004           2          -1          -3
   1.8169297898134261E-004  -2.0964157322380259E-004           2           3           5
   1.8169311716265474E-004  -2.0964163931327170E-004           2           5           3
   3.7499874208679633E-006  -4.3274817050286336E-006           3          -2           1
   3.7503147218328950E-006  -4.3279667032972805E-006           3           1          -2
   1.8169304074217333E-004  -2.0964155704227439E-004           3           2           5
   1.8169314044843540E-004  -2.0964170842862519E-004           3           5           2
   1.8169296732502884E-004  -2.0964159582714326E-004           5           2           3
   1.8169303942275030E-004  -2.0964173065830154E-004           5           3           2
   1.7514676264615474E-004  -2.0208768573782350E-004          -5          -4          -3
   1.7514651371316415E-004  -2.0208753005832370E-004          -5          -3          -4
  -1.9026950717327841E-004   2.1953623811746470E-004          -5          -2          -1
  -1.9026924966851716E-004   2.1953611178876850E-004          -5          -1          -2
   1.7514655080221376E-004  -2.0208724948584566E-004          -4          -5          -3
   1.7514604166259971E-004  -2.0208694297583693E-004          -4          -3          -5
   1.3034806349748691E-004  -1.5039819095388304E-004          -4          -1           1
   1.3034806014130884E-004  -1.5039842817412625E-004          -4           1          -1
   1.7514647415125826E-004  -2.0208703209764094E-004          -3          -5          -4
   1.7514620951331327E-004  -2.0208669302153299E-004          -3          -4          -5
   1.6067208458840044E-005  -1.8538317637169528E-005          -3           1           2
   1.6067192462387380E-005  -1.8538086253961270E-005          -3           2           1
  -1.9026905024438598E-004   2.1953606090727024E-004          -2          -5          -1
  -1.9026862077316733E-004   2.1953543476437433E-004          -2          -1          -5
  -1.7111560646450407E-005   1.9743889113313841E-005          -2          -1           3
  -1.7112055768410839E-005   1.9744378426261995E-005          -2           3          -1
  -1.9026938615280322E-004   2.1953630831613531E-004          -1          -5          -2
   1.3034798383117595E-004  -1.5039806546448487E-004          -1          -4           1
  -1.9026882734894757E-004   2.1953597156517798E-004          -1          -2          -5
  -1.7111542576246586E-005   1.9743883782079411E-005          -1          -2           3
   1.3034801368958738E-004  -1.5039796000582722E-004          -1           1          -4
  -1.5022095939305148E-004   1.7332734710661337E-004          -1           1           4
  -1.7112029539861684E-005   1.9744288210791058E-005          -1           3          -2
  -1.5022063760591932E-004   1.7332695428402009E-004          -1           4           1
   1.3034836679254108E-004  -1.5039866828475413E-004           1          -4          -1
   1.6067267660031265E-005  -1.8537951473504303E-005           1          -3           2
   1.3034799504367420E-004  -1.5039833176021790E-004           1          -1          -4
  -1.5022090860850480E-004   1.7332718650138845E-004           1          -1           4
   1.6067012176486389E-005  -1.8538013909087028E-005           1           2          -3
   2.7741713979479750E-004  -3.2008851968614124E-004           1           2           5
  -1.5022069978204970E-004   1.7332699917398206E-004           1           4          -1
   2.7741689083135763E-004  -3.2008817537647474E-004           1           5           2
   1.6067142769190828E-005  -1.8537826002277978E-005           2          -3           1
   1.6067152928297474E-005  -1.8538063299351405E-005           2           1          -3
   2.7741705477284985E-004  -3.2008849052473216E-004           2           1           5
   2.7741687561898471E-004  -3.2008813166392808E-004           2           5           1
  -1.7112219582399276E-005   1.9744598833029624E-005           3          -2          -1
  -1.7112053008308922E-005   1.9744546010167587E-005           3          -1          -2
   0.0000000000000000        0.0000000000000000                3           4           5
   0.0000000000000000        0.0000000000000000                3           5           4
  -1.5022058664993540E-004   1.7332674829151094E-004           4          -1           1
  -1.5022063874470568E-004   1.7332673221272314E-004           4           1          -1
   0.0000000000000000        0.0000000000000000                4           3           5
   0.0000000000000000        0.0000000000000000                4           5           3
   2.7741694293639341E-004  -3.2008821448277806E-004           5           1           2
   2.7741689615588220E-004  -3.2008807974597756E-004           5           2           1
   0.0000000000000000        0.0000000000000000                5           3           4
   0.0000000000000000        0.0000000000000000                5           4           3
  -1.0636281348336712E-004   1.2272387086726527E-004          -5          -4          -4
   1.4930243690049197E-004  -1.7226840800926702E-004          -5          -4          -2
   6.6344513015213847E-005  -7.6549105951396963E-005          -5          -3          -1
   1.4930247124737009E-004  -1.7226871459580974E-004          -5          -2          -4
   6.6344465295083957E-005  -7.6548676417099307E-005          -5          -1          -3
  -1.2324245358981599E-004   1.4219960312640833E-004          -5          -1          -1
  -1.0636278650235299E-004   1.2272413754102330E-004          -4          -5          -4
   1.4930261802679204E-004  -1.7226845977359037E-004          -4          -5          -2
  -1.0636291243616420E-004   1.2272407936239957E-004          -4          -4          -5
   1.4930222548907612E-004  -1.7226815520593271E-004          -4          -2          -5
  -3.7509592411080751E-006   4.3273608990891367E-006          -4          -2           1
   1.7112253703915140E-005  -1.9743898242717105E-005          -4           0           1
  -3.7510184667984861E-006   4.3269689267861274E-006          -4           1          -2
   1.7112235758902948E-005  -1.9743875272255923E-005          -4           1           0
   6.6344349422460815E-005  -7.6549341249269241E-005          -3          -5          -1
  -1.6066725508421736E-005   1.8538701595352125E-005          -3          -2           2
   6.6344391451187532E-005  -7.6549084773758666E-005          -3          -1          -5
  -1.6066458569504579E-005   1.8538435818279768E-005          -3           2          -2
   1.4930236710165772E-004  -1.7226857605904457E-004          -2          -5          -4
   1.4930191315604775E-004  -1.7226795466486757E-004          -2          -4          -5
  -3.7510265501852894E-006   4.3273962973100715E-006          -2          -4           1
  -1.6066695104004834E-005   1.8538634542510473E-005          -2          -3           2
  -3.7509476183164830E-006   4.3271691914264620E-006          -2           1          -4
  -1.6066537284765566E-005   1.8538575719350710E-005          -2           2          -3
  -7.7872893353633815E-005   8.9849789592783789E-005          -2           2           3
  -7.7872754917814231E-005   8.9849665627713944E-005          -2           3           2
   6.6344409110408393E-005  -7.6548954691336361E-005          -1          -5          -3
  -1.2324253447731437E-004   1.4219928383562341E-004          -1          -5          -1
   6.6344174547222488E-005  -7.6549110904082144E-005          -1          -3          -5
  -1.2324194523540721E-004   1.4219893685318253E-004          -1          -1          -5
  -2.1756534532062550E-005   2.5102045160355345E-005          -1           0           4
  -2.4745114253615138E-004   2.8551391079762134E-004          -1           2           4
  -2.1756494898200213E-005   2.5101861132792832E-005          -1           4           0
  -2.4745100189976972E-004   2.8551365812810110E-004          -1           4           2
   1.7112016126750178E-005  -1.9744057772641237E-005           0          -4           1
  -2.1756585164656601E-005   2.5101970615585547E-005           0          -1           4
   1.7112034144590185E-005  -1.9743739258122064E-005           0           1          -4
  -2.1756315398621225E-005   2.5101907716387013E-005           0           4          -1
  -3.7507717404844699E-006   4.3269886292577457E-006           1          -4          -2
   1.7112167014783576E-005  -1.9744213227097192E-005           1          -4           0
  -3.7506147138214530E-006   4.3270903204288647E-006           1          -2          -4
   1.7111964441614921E-005  -1.9743968228924584E-005           1           0          -4
   0.0000000000000000        0.0000000000000000                1           1           5
   0.0000000000000000        0.0000000000000000                1           3           5
   0.0000000000000000        0.0000000000000000                1           5           1
   0.0000000000000000        0.0000000000000000                1           5           3
  -1.6066559167202973E-005   1.8538245105273464E-005           2          -3          -2
  -1.6066656858871272E-005   1.8538475848879358E-005           2          -2          -3
  -7.7872771916137268E-005   8.9849637894005155E-005           2          -2           3
  -2.4745099238712460E-004   2.8551368958196883E-004           2          -1           4
  -7.7872573031882147E-005   8.9849514177313804E-005           2           3          -2
  -2.4745099038441160E-004   2.8551371750520167E-004           2           4          -1
   0.0000000000000000        0.0000000000000000                2           4           5
   0.0000000000000000        0.0000000000000000                2           5           4
  -7.7872756712831572E-005   8.9849510991980906E-005           3          -2           2
   0.0000000000000000        0.0000000000000000                3           1           5
  -7.7872650454552337E-005   8.9849406110643201E-005           3           2          -2
   0.0000000000000000        0.0000000000000000                3           5           1
  -2.1756306251155400E-005   2.5101488132274665E-005           4          -1           0
  -2.4745090064527675E-004   2.8551356597240261E-004           4          -1           2
  -2.1756264143068027E-005   2.5101519488777735E-005           4           0          -1
  -2.4745095351204300E-004   2.8551367243617010E-004           4           2          -1
   0.0000000000000000        0.0000000000000000                4           2           5
   0.0000000000000000        0.0000000000000000                4           4           5
   0.0000000000000000        0.0000000000000000                4           5           2
   0.0000000000000000        0.0000000000000000                4           5           4
   0.0000000000000000        0.0000000000000000                5           1           1
   0.0000000000000000        0.0000000000000000                5           1           3
   0.0000000000000000        0.0000000000000000                5           2           4
   0.0000000000000000        0.0000000000000000                5           3           1
   0.0000000000000000        0.0000000000000000                5           4           2
   0.0000000000000000        0.0000000000000000                5           4           4
   8.7729674502201189E-005  -1.0122380523289806E-004          -4          -4           0
   8.7729666121360897E-005  -1.0122349450579763E-004          -4           0          -4
   8.7729461397640783E-005  -1.0122329351912310E-004           0          -4          -4
   0.0000000000000000        0.0000000000000000                0           4           4
   0.0000000000000000        0.0000000000000000                4           0           4
   0.0000000000000000        0.0000000000000000                4           4           0
  -1.6473972745401771E-004   1.9007881910111394E-004          -5          -5          -3
  -1.6473983752728289E-004   1.9007879019828156E-004          -5          -3          -5
   1.5022038778157533E-004  -1.7332725392155859E-004          -5          -2           0
   1.5022037517929083E-004  -1.7332728848358444E-004          -5           0          -2
  -1.6473973152981232E-004   1.9007885071876146E-004          -3          -5          -5
   0.0000000000000000        0.0000000000000000               -3           2           2
   1.5022053913023401E-004  -1.7332737328330363E-004          -2          -5           0
   0.0000000000000000        0.0000000000000000               -2          -2           3
   1.5022054432422288E-004  -1.7332739628293897E-004          -2           0          -5
   0.0000000000000000        0.0000000000000000               -2           3          -2
   1.5022031239899527E-004  -1.7332710306605396E-004           0          -5          -2
   1.5022055875958185E-004  -1.7332739997189458E-004           0          -2          -5
   0.0000000000000000        0.0000000000000000                0           2           5
   0.0000000000000000        0.0000000000000000                0           5           2
   0.0000000000000000        0.0000000000000000                2          -3           2
   0.0000000000000000        0.0000000000000000                2           0           5
   0.0000000000000000        0.0000000000000000                2           2          -3
   0.0000000000000000        0.0000000000000000                2           5           0
   0.0000000000000000        0.0000000000000000                3          -2          -2
   0.0000000000000000        0.0000000000000000                5           0           2
   0.0000000000000000        0.0000000000000000                5           2           0
   6.0117033577281255E-005  -6.9364015091970312E-005          -5          -5          -4
   6.0117324274773328E-005  -6.9364268717424067E-005          -5          -4          -5
  -3.2135557885769377E-005   3.7079342831477964E-005          -5          -4          -1
  -3.2135455450911208E-005   3.7079395023859206E-005          -5          -1          -4
   2.1755245768607648E-005  -2.5102943774776352E-005          -5          -1           0
   2.1755157956154688E-005  -2.5102830099432366E-005          -5           0          -1
   6.0117155318150831E-005  -6.9364373248666182E-005          -4          -5          -5
  -3.2135581678157840E-005   3.7079277547524035E-005          -4          -5          -1
   7.7871528661388619E-005  -8.9850626322098299E-005          -4          -3           1
  -3.2135545050856238E-005   3.7079444225018500E-005          -4          -1          -5
   7.7871326770266851E-005  -8.9850681554346586E-005          -4           1          -3
   0.0000000000000000        0.0000000000000000               -4           1           1
   7.7871497725275112E-005  -8.9850638278125071E-005          -3          -4           1
   7.7871362307996959E-005  -8.9850696742890083E-005          -3           1          -4
  -3.2135507940014109E-005   3.7079450725715033E-005          -1          -5          -4
   2.1755207089579589E-005  -2.5102666584116393E-005          -1          -5           0
  -3.2135752987127203E-005   3.7079558053037444E-005          -1          -4          -5
   0.0000000000000000        0.0000000000000000               -1          -1           4
   2.1755275443329618E-005  -2.5102808036942486E-005          -1           0          -5
   0.0000000000000000        0.0000000000000000               -1           3           4
   0.0000000000000000        0.0000000000000000               -1           4          -1
   0.0000000000000000        0.0000000000000000               -1           4           3
   2.1755389547418812E-005  -2.5102707780816962E-005           0          -5          -1
   2.1755367702653245E-005  -2.5102992284739024E-005           0          -1          -5
   0.0000000000000000        0.0000000000000000                0           1           5
   0.0000000000000000        0.0000000000000000                0           5           1
   7.7871410925892028E-005  -8.9850667330736774E-005           1          -4          -3
   0.0000000000000000        0.0000000000000000                1          -4           1
   7.7871577428998049E-005  -8.9850662518768242E-005           1          -3          -4
   0.0000000000000000        0.0000000000000000                1           0           5
   0.0000000000000000        0.0000000000000000                1           1          -4
   0.0000000000000000        0.0000000000000000                1           4           5
   0.0000000000000000        0.0000000000000000                1           5           0
   0.0000000000000000        0.0000000000000000                1           5           4
   0.0000000000000000        0.0000000000000000                3          -1           4
   0.0000000000000000        0.0000000000000000                3           4          -1
   0.0000000000000000        0.0000000000000000                4          -1          -1
   0.0000000000000000        0.0000000000000000                4          -1           3
   0.0000000000000000        0.0000000000000000                4           1           5
   0.0000000000000000        0.0000000000000000                4           3          -1
   0.0000000000000000        0.0000000000000000                4           5           1
   0.0000000000000000        0.0000000000000000                5           0           1
   0.0000000000000000        0.0000000000000000                5           1           0
   0.0000000000000000        0.0000000000000000                5           1           4
   0.0000000000000000        0.0000000000000000                5           4           1
  -3.2199058195816381E-004   3.7151744206382145E-004          -6          -3          -3
  -2.9151508912817712E-004   3.3635468861786864E-004          -5          -5          -2
   2.4745149392558721E-004  -2.8551335860823630E-004          -5          -3           0
  -2.9151531935386437E-004   3.3635468235337527E-004          -5          -2          -5
   2.4745148781924104E-004  -2.8551322722618951E-004          -5           0          -3
  -3.2199064714472678E-004   3.7151769407546575E-004          -3          -6          -3
   2.4745165913040009E-004  -2.8551349365642172E-004          -3          -5           0
  -3.2199091367956118E-004   3.7151796066481465E-004          -3          -3          -6
   0.0000000000000000        0.0000000000000000               -3          -3           2
   2.4745165203598666E-004  -2.8551343382501838E-004          -3           0          -5
   0.0000000000000000        0.0000000000000000               -3           0           3
   0.0000000000000000        0.0000000000000000               -3           2          -3
   0.0000000000000000        0.0000000000000000               -3           3           0
  -2.9151520264642937E-004   3.3635459033249006E-004          -2          -5          -5
   0.0000000000000000        0.0000000000000000               -2           3           3
   2.4745143480939681E-004  -2.8551305016612683E-004           0          -5          -3
   2.4745147455974516E-004  -2.8551322646155506E-004           0          -3          -5
   0.0000000000000000        0.0000000000000000                0          -3           3
   0.0000000000000000        0.0000000000000000                0           3          -3
   0.0000000000000000        0.0000000000000000                0           3           5
   0.0000000000000000        0.0000000000000000                0           5           3
   0.0000000000000000        0.0000000000000000                2          -3          -3
   0.0000000000000000        0.0000000000000000                3          -3           0
   0.0000000000000000        0.0000000000000000                3          -2           3
   0.0000000000000000        0.0000000000000000                3           0          -3
   0.0000000000000000        0.0000000000000000                3           0           5
   0.0000000000000000        0.0000000000000000                3           3          -2
   0.0000000000000000        0.0000000000000000                3           5           0
   0.0000000000000000        0.0000000000000000                5           0           3
   0.0000000000000000        0.0000000000000000                5           3           0
  -1.8169417843253951E-004   2.0964061973499613E-004          -6          -4          -3
  -1.8169421537595244E-004   2.0964064073054810E-004          -6          -3          -4
  -2.7741667951777045E-004   3.2008843322629826E-004          -6          -3          -2
  -2.7741666425694979E-004   3.2008837263383937E-004          -6          -2          -3
   3.6748777330023076E-004  -4.2401385079412308E-004          -5          -5          -5
   0.0000000000000000        0.0000000000000000               -5           0           0
  -1.8169431084662647E-004   2.0964080937931298E-004          -4          -6          -3
  -1.8169429200826036E-004   2.0964077397592261E-004          -4          -3          -6
   0.0000000000000000        0.0000000000000000               -4          -1           2
   0.0000000000000000        0.0000000000000000               -4           2          -1
  -1.8169429200088814E-004   2.0964078795348957E-004          -3          -6          -4
  -2.7741666940924511E-004   3.2008853997497961E-004          -3          -6          -2
  -1.8169423819920199E-004   2.0964058480230785E-004          -3          -4          -6
  -2.7741688979701623E-004   3.2008870383678822E-004          -3          -2          -6
   0.0000000000000000        0.0000000000000000               -3          -1           3
   0.0000000000000000        0.0000000000000000               -3           1           3
   0.0000000000000000        0.0000000000000000               -3           3          -1
   0.0000000000000000        0.0000000000000000               -3           3           1
  -2.7741664301115821E-004   3.2008841224948227E-004          -2          -6          -3
  -2.7741690913589949E-004   3.2008884003302687E-004          -2          -3          -6
   0.0000000000000000        0.0000000000000000               -2           1           4
   0.0000000000000000        0.0000000000000000               -2           4           1
   0.0000000000000000        0.0000000000000000               -1          -4           2
   0.0000000000000000        0.0000000000000000               -1          -3           3
   0.0000000000000000        0.0000000000000000               -1           2          -4
   0.0000000000000000        0.0000000000000000               -1           3          -3
   0.0000000000000000        0.0000000000000000                0          -5           0
   0.0000000000000000        0.0000000000000000                0           0          -5
   0.0000000000000000        0.0000000000000000                0           0           5
   0.0000000000000000        0.0000000000000000                0           5           0
   0.0000000000000000        0.0000000000000000                1          -3           3
   0.0000000000000000        0.0000000000000000                1          -2           4
   0.0000000000000000        0.0000000000000000                1           3          -3
   0.0000000000000000        0.0000000000000000                1           4          -2
   0.0000000000000000        0.0000000000000000                2          -4          -1
   0.0000000000000000        0.0000000000000000                2          -1          -4
   0.0000000000000000        0.0000000000000000                3          -3          -1
   0.0000000000000000        0.0000000000000000                3          -3           1
   0.0000000000000000        0.0000000000000000                3          -1          -3
   0.0000000000000000        0.0000000000000000                3           1          -3
   0.0000000000000000        0.0000000000000000                4          -2           1
   0.0000000000000000        0.0000000000000000                4           1          -2
   0.0000000000000000        0.0000000000000000                5           0           0
   1.0736772325338862E-004  -1.2388372745582692E-004          -6          -4          -4
   0.0000000000000000        0.0000000000000000               -6          -2          -2
   1.0736761680745985E-004  -1.2388363006662686E-004          -4          -6          -4
   1.0736786513405153E-004  -1.2388389718787717E-004          -4          -4          -6
   0.0000000000000000        0.0000000000000000               -4           0           2
   0.0000000000000000        0.0000000000000000               -4           2           0
   0.0000000000000000        0.0000000000000000               -2          -6          -2
   0.0000000000000000        0.0000000000000000               -2          -2          -6
   0.0000000000000000        0.0000000000000000               -2           0           4
   0.0000000000000000        0.0000000000000000               -2           4           0
   0.0000000000000000        0.0000000000000000                0          -4           2
   0.0000000000000000        0.0000000000000000                0          -2           4
   0.0000000000000000        0.0000000000000000                0           2          -4
   0.0000000000000000        0.0000000000000000                0           4          -2
   0.0000000000000000        0.0000000000000000                2          -4           0
   0.0000000000000000        0.0000000000000000                2           0          -4
   0.0000000000000000        0.0000000000000000                4          -2           0
   0.0000000000000000        0.0000000000000000                4           0          -2
   0.0000000000000000        0.0000000000000000               -6          -4          -2
   0.0000000000000000        0.0000000000000000               -6          -2          -4
   0.0000000000000000        0.0000000000000000               -4          -6          -2
   0.0000000000000000        0.0000000000000000               -4          -2          -6
   0.0000000000000000        0.0000000000000000               -4          -2           2
   0.0000000000000000        0.0000000000000000               -4           2          -2
   0.0000000000000000        0.0000000000000000               -2          -6          -4
   0.0000000000000000        0.0000000000000000               -2          -4          -6
   0.0000000000000000        0.0000000000000000               -2          -4           2
   0.0000000000000000        0.0000000000000000               -2           2          -4
   0.0000000000000000        0.0000000000000000                2          -4          -2
   0.0000000000000000        0.0000000000000000                2          -2          -4
   0.0000000000000000        0.0000000000000000               -5          -5          -1
   0.0000000000000000        0.0000000000000000               -5          -4           0
   0.0000000000000000        0.0000000000000000               -5          -1          -5
   0.0000000000000000        0.0000000000000000               -5           0          -4
   0.0000000000000000        0.0000000000000000               -4          -5           0
   0.0000000000000000        0.0000000000000000               -4          -4           1
   0.0000000000000000        0.0000000000000000               -4           0          -5
   0.0000000000000000        0.0000000000000000               -4           1          -4
   0.0000000000000000        0.0000000000000000               -1          -5          -5
   0.0000000000000000        0.0000000000000000                0          -5          -4
   0.0000000000000000        0.0000000000000000                0          -4          -5
   0.0000000000000000        0.0000000000000000                1          -4          -4
