         718          24          24          24
  -4.8446678889624153E-008   1.0946739217098999E-007           0           0           0
  -2.9574826902477172E-010   1.1880345089703350E-007          -1          -1          -1
  -5.0837018392238455E-002  0.24559504100989635               -1           0           0
  -5.6903929654426484E-002  0.27490451957557738                0          -1           0
  0.10774101263745783      -0.52050024875075696                0           0          -1
  -3.6196277848903211E-002  0.17486371065285813                0           0           1
   1.9117251506795569E-002  -9.2355142909627777E-002           0           1           0
   1.7079026489279302E-002  -8.2508532974916365E-002           1           0           0
   1.9548091966964762E-008  -8.7476465305585944E-008           1           1           1
  0.10774199952155236      -0.52050004253183801               -1          -1           0
  -5.6904381548442601E-002  0.27490442230290385               -1           0          -1
  -5.0837403955224077E-002  0.24559496042415252                0          -1          -1
   4.4246137328893221E-003  -2.1375285733813691E-002           0           1           1
   4.9526453991395603E-003  -2.3926228701201136E-002           1           0           1
  -9.3772153947383977E-003   4.5301434117720439E-002           1           1           0
   1.7078879838842750E-002  -8.2508563505547083E-002          -2          -1          -1
   1.9117066259323415E-002  -9.2355172374634309E-002          -1          -2          -1
  -3.6195945123628469E-002  0.17486376934170531               -1          -1          -2
  -9.1749777723527607E-003   4.4324166001041811E-002          -1           0           1
  -4.9976779181317935E-003   2.4144380519325673E-002          -1           1           0
  -9.9436980042797857E-003   4.8037904202306053E-002           0          -1           1
   1.5095302611659605E-002  -7.2925908705909037E-002           0           1          -1
  -5.9203250167848631E-003   2.8601711606878466E-002           1          -1           0
   1.4941370167564215E-002  -7.2182306784899675E-002           1           0          -1
   2.4165394331304084E-003  -1.1674254510322817E-002           1           1           2
  -1.2763098192488315E-003   6.1657939877487848E-003           1           2           1
  -1.1402329256305990E-003   5.5084137728519597E-003           2           1           1
  -9.3772220200359878E-003   4.5301432746444256E-002          -2          -2          -1
   4.9526286663772604E-003  -2.3926235261475946E-002          -2          -1          -2
   1.4941539726489565E-002  -7.2182277539819789E-002          -2          -1           0
  -5.9205478434949024E-003   2.8601666395400856E-002          -2           0          -1
   4.4245960744604537E-003  -2.1375293378878862E-002          -1          -2          -2
   1.5095452248170188E-002  -7.2925876456687425E-002          -1          -2           0
   8.4722195274534035E-003  -4.0929434638979093E-002          -1          -1           1
  -9.9436202047910021E-003   4.8037922542338136E-002          -1           0          -2
  -4.4746305159284426E-003   2.1617064050656318E-002          -1           1          -1
  -1.7073615920011216E-004   8.2496425627598782E-004          -1           1           1
  -4.9978981728788958E-003   2.4144336034851319E-002           0          -2          -1
  -9.1748850739205370E-003   4.4324177911393647E-002           0          -1          -2
   5.7389670638909789E-004  -2.7724586929104237E-003           0           1           2
   3.1363279988682945E-003  -1.5151700904556142E-002           0           2           1
  -3.9975614032087096E-003   1.9312317460890727E-002           1          -1          -1
  -1.9111217931637345E-004   9.2341302088353133E-004           1          -1           1
   8.4249637845871508E-004  -4.0700757570819581E-003           1           0           2
   3.6184991277971929E-004  -1.7483671642211695E-003           1           1          -1
  -3.8843961347093088E-003   1.8765580835242983E-002           1           2           0
  -1.0808497984386538E-004   5.2212175798747548E-004           1           2           2
   3.3105062632126114E-003  -1.5993161761322986E-002           2           0           1
  -3.9788154450189723E-003   1.9221736175165084E-002           2           1           0
  -1.2098274333556217E-004   5.8443110792979699E-004           2           1           2
   2.2904887599617648E-004  -1.1065278248523476E-003           2           2           1
   2.7536049680962151E-008  -9.4838377898455811E-008          -2          -2          -2
  -3.9975851726365731E-003   1.9312310620751283E-002          -2           0           0
  -4.4746571801124032E-003   2.1617057722249526E-002           0          -2           0
   8.4722521172736487E-003  -4.0929428848485057E-002           0           0          -2
  -4.4851742955792770E-003   2.1667845015194712E-002           0           0           2
   2.3688687105379797E-003  -1.1443992722613669E-002           0           2           0
   2.1163079177852749E-003  -1.0223870652737882E-002           2           0           0
  -7.3763935897471376E-009   2.3609188126397681E-008           2           2           2
   3.6195449446561239E-004  -1.7483474139160752E-003          -2          -2           0
  -1.9117440461484007E-004   9.2340031413245551E-004          -2           0          -2
  -1.7079038069549467E-004   8.2495108992371472E-004           0          -2          -2
   6.4073349237872849E-004  -3.0954278499870490E-003           0           2           2
   7.1719872244127851E-004  -3.4648379416337954E-003           2           0           2
  -1.3579348170165947E-003   6.5602532923944900E-003           2           2           0
  -1.1402089974868195E-003   5.5084174008252053E-003          -3          -2          -2
   2.1162967673269899E-003  -1.0223873082870047E-002          -3          -1          -1
  -1.2762796888224545E-003   6.1657956994367411E-003          -2          -3          -2
   2.4165131365188382E-003  -1.1674260637149327E-002          -2          -2          -3
   1.0302288731424932E-005  -4.9787881329740649E-005          -2           0           1
  -3.7543275039757860E-003   1.8137253830738592E-002          -2           1           0
   2.3688528508153642E-003  -1.1443994758535315E-002          -1          -3          -1
  -4.4851470103595050E-003   2.1667849372136908E-002          -1          -1          -3
  -1.4312883928767183E-003   6.9144795633217506E-003          -1           0           2
   1.2620796049067700E-003  -6.0970049150427070E-003          -1           2           0
  -2.8246261599676795E-004   1.3645799166300337E-003           0          -2           1
  -1.3917627484100862E-003   6.7235307654193669E-003           0          -1           2
   3.8980740558944875E-003  -1.8831676873489359E-002           0           1          -2
   2.2892977278179432E-004  -1.1059817721929452E-003           0           2          -1
  -3.9083722483911343E-003   1.8881455422486683E-002           1          -2           0
   4.0367923656906991E-003  -1.9501842059464671E-002           1           0          -2
   3.1718997283344987E-004  -1.5323161605412092E-003           1           1           3
  -1.6752852048762987E-004   8.0930525301203468E-004           1           3           1
   1.2023592727562859E-003  -5.8084994860253866E-003           2          -1           0
   1.2968297803291230E-004  -6.2652617448596493E-004           2           0          -1
  -1.1556380159411527E-004   5.5828341831632930E-004           2           2           3
   6.1033573316372997E-005  -2.9484383251731201E-004           2           3           2
  -1.4966730839483709E-004   7.2301939569806187E-004           3           1           1
   5.4526063164527177E-005  -2.6340708964692552E-004           3           2           2
  -3.9788323884852560E-003   1.9221732724140506E-002          -3          -2          -1
   3.3105360599291677E-003  -1.5993156058521515E-002          -3          -1          -2
  -3.8844091727157095E-003   1.8765576719531017E-002          -2          -3          -1
   8.4248188449660233E-004  -4.0700800025432896E-003          -2          -1          -3
   4.0368177393647030E-003  -1.9501837834816967E-002          -2          -1           1
  -3.9083994836960571E-003   1.8881450725403107E-002          -2           1          -1
   3.1363578934526675E-003  -1.5151696072776858E-002          -1          -3          -2
   5.7388236586102361E-004  -2.7724619245901791E-003          -1          -2          -3
   3.8980966086044708E-003  -1.8831672246671129E-002          -1          -2           1
  -2.8245859814786351E-004   1.3645819778959560E-003          -1           1          -2
   8.2770242171440462E-005  -3.9985570987060128E-004          -1           1           2
   2.2000869091845757E-003  -1.0628606370107532E-002          -1           2           1
  -3.7543519831359090E-003   1.8137248450277782E-002           1          -2          -1
   1.0308552160015991E-005  -4.9787400562251353E-005           1          -1          -2
   2.5799752749421274E-004  -1.2463853999452128E-003           1          -1           2
  -2.3800641676636107E-003   1.1498074002251227E-002           1           2          -1
  -1.2136927980695091E-004   5.8632806648242406E-004           1           2           3
  -6.3267050297752096E-004   3.0564255130357959E-003           1           3           2
   2.2972945953648764E-003  -1.1098221442647450E-002           2          -1           1
  -2.4580831727312705E-003   1.1874988552641469E-002           2           1          -1
  -1.7578275065076334E-004   8.4920125119581930E-004           2           1           3
   7.8960545041414562E-004  -3.8145839900007605E-003           2           3           1
  -6.6824336517426074E-004   3.2282792370728454E-003           3           1           2
   8.0844567893905675E-004  -3.9056035451393821E-003           3           2           1
   2.2904512117531247E-004  -1.1065296063142098E-003          -3          -3          -2
  -1.2096804356184002E-004   5.8443423377336405E-004          -3          -2          -3
   1.2969400292884108E-004  -6.2652513751096871E-004          -3          -1           0
   1.2023157289440642E-003  -5.8085089746692234E-003          -3           0          -1
  -1.0807047789245619E-004   5.2212375672602005E-004          -2          -3          -3
  -5.5514902784610076E-004   2.6819706101542692E-003          -2           1           1
   2.2893626629751912E-004  -1.1059796801325896E-003          -1          -3           0
   8.0452239278070348E-004  -3.8867415794776191E-003          -1          -1           2
  -1.3917297082885942E-003   6.7235379915975601E-003          -1           0          -3
  -4.2490998585050259E-004   2.0528013219795502E-003          -1           2          -1
   1.2620344593495005E-003  -6.0970135958745113E-003           0          -3          -1
  -1.4312530390092730E-003   6.9144857557985146E-003           0          -1          -3
  -2.4330173483961659E-004   1.1754287186271327E-003           0           1           3
   3.8786132249938330E-004  -1.8738111332234325E-003           0           3           1
  -6.2140000527518473E-004   3.0020383255784117E-003           1          -2           1
  -2.2304711139056155E-004   1.0775760771984436E-003           1           0           3
   1.1765498688199672E-003  -5.6840089323546370E-003           1           1          -2
  -1.4155978471650543E-004   6.8387309580134655E-004           1           3           0
  -3.7960851822501339E-004   1.8339380720469181E-003           2          -1          -1
  -2.0984113216984129E-005   1.0138258666142421E-004           2           3           3
   3.8485905322294567E-004  -1.8593041255177236E-003           3           0           1
  -1.6481647497799360E-004   7.9623238593711637E-004           3           1           0
  -2.3488373018719760E-005   1.1348150691845978E-004           3           2           3
   4.4475402787297917E-005  -2.1485471203885621E-004           3           3           2
  -4.2568226804931119E-009   2.4628587165494656E-008          -3          -3          -3
  -1.3579576377541326E-003   6.5602484397103882E-003          -3          -3          -1
  -2.4580705620226156E-003   1.1874990279725068E-002          -3          -2           0
   7.1721644371178011E-004  -3.4648344090522100E-003          -3          -1          -3
   2.2972809251074608E-003  -1.1098224282568871E-002          -3           0          -2
  -3.7962659304929456E-004   1.8339336677000021E-003          -3           0           0
  -2.3800520735159031E-003   1.1498075551312235E-002          -2          -3           0
   1.1765840609635936E-003  -5.6840023180318444E-003          -2          -2           1
   2.5799317098451705E-004  -1.2463861226112035E-003          -2           0          -3
  -6.2141950839621001E-004   3.0020345020258200E-003          -2           1          -2
   6.4074978664901310E-004  -3.0954251297491504E-003          -1          -3          -3
   7.2308577227093345E-004  -3.4932389151238492E-003          -1           2           2
   2.2000736049681596E-003  -1.0628609418927867E-002           0          -3          -2
  -4.2493124338673370E-004   2.0527973988123003E-003           0          -3           0
   8.2768167524185514E-005  -3.9985686454994685E-004           0          -2          -3
   8.0455819691143044E-004  -3.8867342440102913E-003           0           0          -3
  -9.2206209925585426E-004   4.4545158007957292E-003           0           0           3
  -1.7680260541419907E-004   8.5413344538309410E-004           0           2           3
   4.8699022008948567E-004  -2.3526762568991033E-003           0           3           0
  -3.7708878728086401E-004   1.8216891158487744E-003           0           3           2
  -5.5516552642330787E-004   2.6819664854033794E-003           1          -2          -2
  -2.8696647138618566E-004   1.3863398746835620E-003           1           3           3
   8.0937832541112212E-004  -3.9101246008283169E-003           2          -1           2
  -2.1354302667814850E-004   1.0316270969310914E-003           2           0           3
  -1.5324649640221231E-003   7.4033615263713985E-003           2           2          -1
   5.8324930274299244E-004  -2.8176606251334680E-003           2           3           0
   4.3506975625886624E-004  -2.1018414333890808E-003           3           0           0
  -4.0644888968717447E-004   1.9635296074117636E-003           3           0           2
  -3.2121303875825446E-004   1.5517864748539334E-003           3           1           3
   5.9062941624731392E-004  -2.8533139335081346E-003           3           2           0
   6.0817885207191250E-004  -2.9381146910719808E-003           3           3           1
   1.9383840140626723E-009  -1.9090105786639709E-009           3           3           3
  -1.4965759624631231E-004   7.2302143219929471E-004          -4          -2          -2
  -1.6751698667450928E-004   8.0930628888020218E-004          -2          -4          -2
   3.1717809851414426E-004  -1.5323186531418630E-003          -2          -2          -4
   3.7287210590197301E-004  -1.8013769874977829E-003          -2           0           2
  -5.3993877288143789E-004   2.6085006461845383E-003          -2           2           0
   3.4608565723593326E-004  -1.6719668170140541E-003           0          -2           2
   1.6021907289358225E-004  -7.7403822595068341E-004           0           2          -2
  -5.3308996217149411E-004   2.5754129842394859E-003           2          -2           0
   1.9385406638521471E-004  -9.3653516070064588E-004           2           0          -2
   8.1057006675148668E-005  -3.9159384730350728E-004           2           2           4
  -4.2809667027277640E-005   2.0682365129481194E-004           2           4           2
  -3.8245413874455104E-005   1.8477320225210051E-004           4           2           2
   8.0844362208446158E-004  -3.9056041136297007E-003          -4          -3          -2
  -6.6823905859447459E-004   3.2282800966048448E-003          -4          -2          -3
  -1.6481742904411506E-004   7.9623242299607547E-004          -4          -2          -1
   3.8487753331958955E-004  -1.8593000887992949E-003          -4          -1          -2
   7.8960331879731813E-004  -3.8145846110621533E-003          -3          -4          -2
  -1.7577983721745689E-004   8.4920217777203024E-004          -3          -2          -4
   1.9386358287801434E-004  -9.3653363095878026E-004          -3          -1           1
  -5.3311007407574440E-004   2.5754087085954947E-003          -3           1          -1
  -6.3266621541067393E-004   3.0564260946650550E-003          -2          -4          -3
  -1.4155857193705519E-004   6.8387244519221835E-004          -2          -4          -1
  -1.2136705383619569E-004   5.8632867393913540E-004          -2          -3          -4
  -2.2306063818011687E-004   1.0775725587700623E-003          -2          -1          -4
   1.1431730542002976E-003  -5.5227019343666549E-003          -2          -1           2
   1.7455003489671040E-004  -8.4324935108855028E-004          -2           1           2
  -1.0420328198188530E-003   5.0340921328144942E-003          -2           2          -1
   4.0960172075755146E-004  -1.9787581851310708E-003          -2           2           1
   3.8788099474278576E-004  -1.8738079945813900E-003          -1          -4          -2
   1.6022690937303775E-004  -7.7403636226975236E-004          -1          -3           1
  -2.4331602104021724E-004   1.1754253803687672E-003          -1          -2          -4
   1.1089477707359350E-003  -5.3573557404759213E-003          -1          -2           2
   3.4609563146021505E-004  -1.6719643215529986E-003          -1           1          -3
  -2.6812012349087600E-004   1.2953036618920920E-003          -1           1           3
  -1.4743253922325906E-004   7.1226092712360037E-004          -1           2          -2
   7.3914791335661322E-004  -3.5708451923994861E-003          -1           3           1
  -5.3995902266465608E-004   2.6084962851654989E-003           1          -3          -1
   2.1373698718594173E-004  -1.0325605232509140E-003           1          -2           2
   3.7288352751166848E-004  -1.8013748811382309E-003           1          -1          -3
  -2.2145613821451847E-004   1.0698656655693730E-003           1          -1           3
  -6.1467781952113476E-004   2.9694785062079881E-003           1           2          -2
   9.9050155512342148E-005  -4.7851984431797025E-004           1           2           4
  -4.8057741508043925E-004   2.3216709564374462E-003           1           3          -1
  -2.5231326961375411E-004   1.2189365850495287E-003           1           4           2
  -9.9573739039255944E-004   4.8104359242907560E-003           2          -2          -1
   4.4012734456847955E-004  -2.1262274786816924E-003           2          -2           1
  -6.6912163999360559E-005   3.2325882136527895E-004           2          -1          -2
  -6.2333901843184859E-004   3.0113206139128065E-003           2           1          -2
   8.3431394821114775E-005  -4.0306448393730393E-004           2           1           4
   7.3134221157115605E-005  -3.5331042921491135E-004           2           3           4
   1.5593546673832754E-004  -7.5331994881239748E-004           2           4           1
   5.6303331576935633E-005  -2.7199419740837189E-004           2           4           3
   7.4869610734176631E-004  -3.6169726411567262E-003           3          -1           1
  -5.1769304493451775E-004   2.5009811883631530E-003           3           1          -1
   8.0547500245081442E-005  -3.8912426213062853E-004           3           2           4
  -1.3746850366005552E-004   6.6411265911089305E-004           3           4           2
  -2.5498516308031623E-004   1.2318430895106535E-003           4           1           2
   1.6888230663497983E-004  -8.1586868734487381E-004           4           2           1
   6.4336786066814032E-005  -3.1080422046381287E-004           4           2           3
  -1.3684827392830020E-004   6.6111644989626565E-004           4           3           2
   5.4522507510354065E-005  -2.6340778756643232E-004          -4          -3          -3
   4.3507606960647538E-004  -2.1018398755004567E-003          -4          -1          -1
   6.1029127126694874E-005  -2.9484452844934602E-004          -3          -4          -3
  -1.1556180980388999E-004   5.5828412011961275E-004          -3          -3          -4
  -1.5324694226202570E-003   7.4033605447079162E-003          -3          -3           0
   8.0938128658868949E-004  -3.9101241660420491E-003          -3           0          -3
  -6.6914716884568787E-005   3.2325821539419357E-004          -3           0           1
  -9.9574478385809845E-004   4.8104341636555515E-003          -3           1           0
   4.8699756776390715E-004  -2.3526753120976401E-003          -1          -4          -1
  -9.2207306833118926E-004   4.4545129378813237E-003          -1          -1          -4
  -5.3862296022640544E-004   2.6020881764600590E-003          -1           0           3
   6.4291891003459469E-004  -3.1059401016400416E-003          -1           3           0
   7.2308850441754407E-004  -3.4932384155530703E-003           0          -3          -3
  -1.4743618055999334E-004   7.1226092441130210E-004           0          -3           1
  -5.1063080070159149E-004   2.4668565892373897E-003           0          -1           3
   1.1089570367592222E-003  -5.3573541423050592E-003           0           1          -3
  -8.8751722308947318E-005   4.2875368186186735E-004           0           3          -1
  -3.1937407024323379E-004   1.5428925212552650E-003           0           3           3
  -1.0420406022962861E-003   5.0340910263152036E-003           1          -3           0
   1.1431826542234499E-003  -5.5227001141915765E-003           1           0          -3
   1.6989359211378271E-004  -8.2075740869520916E-004           1           1           4
  -8.9730281785789604E-005   4.3348828643089755E-004           1           4           1
   6.2737333630686059E-004  -3.0308388647721229E-003           3          -1           0
  -1.3228925044768706E-004   6.3908646159761026E-004           3           0          -1
  -3.5748794977760235E-004   1.7270224547962735E-003           3           0           3
   6.7686141535634541E-004  -3.2699135689394443E-003           3           3           0
   5.3469301867473102E-005  -2.5830818360467314E-004           3           3           4
  -2.8238894825215610E-005   1.3642364907909721E-004           3           4           3
  -8.0163871661732849E-005   3.8727094037883003E-004           4           1           1
  -2.5228087611409667E-005   1.2187845611093936E-004           4           3           3
   5.9062103829574596E-004  -2.8533153678301933E-003          -4          -3          -1
  -4.0643688469498273E-004   1.9635324337915158E-003          -4          -1          -3
   5.8324128813951298E-004  -2.8176623476981431E-003          -3          -4          -1
  -6.2332532901240216E-004   3.0113229410136887E-003          -3          -2           1
  -2.1354155356526270E-004   1.0316273101985789E-003          -3          -1          -4
   4.4011422217114419E-004  -2.1262303861818393E-003          -3           1          -2
  -6.1466451030970466E-004   2.9694810323437951E-003          -2          -3           1
   2.1373420749791339E-004  -1.0325608298135246E-003          -2           1          -3
  -3.7707674124999368E-004   1.8216912218971669E-003          -1          -4          -3
  -1.7680218961673810E-004   8.5413351989341714E-004          -1          -3          -4
  -3.1212313106550722E-005   1.5078817166596902E-004          -1           2           3
   1.4053753793006428E-004  -6.7895303229096606E-004          -1           3           2
   4.0958912844724950E-004  -1.9787608575756776E-003           1          -3          -2
   1.7454873806407905E-004  -8.4324982996047092E-004           1          -2          -3
   1.9932318433198119E-005  -9.6293931253992941E-005           1           3           4
  -5.6433381564110359E-005   2.7263840227634636E-004           1           4           3
  -2.1524725303867540E-005   1.0398466499289757E-004           2          -1           3
  -1.1268482302362265E-004   5.4439440570125061E-004           2           3          -1
   1.4389647772804627E-004  -6.9518180243860093E-004           3          -1           2
   1.6347339205868917E-005  -7.8973939147273611E-005           3           1           4
  -1.1901345977305641E-004   5.7496902491727055E-004           3           2          -1
   3.7273187201228389E-005  -1.8006889574540835E-004           3           4           1
  -5.7204450523907104E-005   2.7636385498728481E-004           4           1           3
   4.0087140312578922E-005  -1.9366342326871717E-004           4           3           1
   4.4472947334676325E-005  -2.1485533050925393E-004          -4          -4          -3
  -2.3491792637743113E-005   1.1348059867572955E-004          -4          -3          -4
  -1.3228727480149187E-004   6.3908638031644227E-004          -4          -1           0
   6.2737031245335543E-004  -3.0308398023410361E-003          -4           0          -1
  -2.0987666899428982E-005   1.0138191063683914E-004          -3          -4          -4
  -3.3141113780820066E-004   1.6010515038096919E-003          -3           1           1
  -8.8750250837780413E-005   4.2875378314838564E-004          -1          -4           0
  -1.0650386303121768E-004   5.1450209756576679E-004          -1          -1           3
  -5.1062960842828699E-004   2.4668565848547769E-003          -1           0          -4
   5.6250542477782596E-005  -2.7173646330658549E-004          -1           3          -1
   6.4291546768515393E-004  -3.1059408405994088E-003           0          -4          -1
  -5.3862125145138931E-004   2.6020879272821568E-003           0          -1          -4
   1.4267187465984526E-005  -6.8915671042265225E-005           0           1           4
  -9.4748366154398910E-005   4.5771893764194919E-004           0           4           1
  -3.7096124168160686E-004   1.7921223034058414E-003           1          -3           1
   7.4564045815422610E-006  -3.6012762832026835E-005           1           0           4
   7.0237367531626814E-004  -3.3931780268910152E-003           1           1          -3
   8.3274625770426948E-005  -4.0230062057799553E-004           1           4           0
   5.0253376780453857E-005  -2.4276446130590458E-004           3          -1          -1
   2.4534614895778540E-005  -1.1852787732549253E-004           3           4           4
  -9.7542114658431941E-005   4.7121593855968373E-004           4           0           1
   8.7291543197608762E-005  -4.2170660674474986E-004           4           1           0
   2.7462604548925706E-005  -1.3267297689418411E-004           4           3           4
  -5.1997300044601032E-005   2.5119796104907229E-004           4           4           3
   6.0817798302617251E-004  -2.9381147866489456E-003          -4          -4          -2
  -3.2121385540257271E-004   1.5517860766664719E-003          -4          -2          -4
  -5.1769341351737513E-004   2.5009810724535455E-003          -4          -2           0
   7.4870147936136294E-004  -3.6169712777675118E-003          -4           0          -2
  -2.8696774291716155E-004   1.3863397286326164E-003          -2          -4          -4
  -4.8057715282823405E-004   2.3216705886050016E-003          -2          -4           0
   7.0237590430608410E-004  -3.3931778172876536E-003          -2          -2           2
  -2.2146072160805414E-004   1.0698644931395765E-003          -2           0          -4
  -3.7096256543834048E-004   1.7921221159306971E-003          -2           2          -2
   3.2015522379946060E-004  -1.5466660709494251E-003          -2           2           2
   7.3915368367997677E-004  -3.5708442424609334E-003           0          -4          -2
  -2.6812485329128264E-004   1.2953023055063476E-003           0          -2          -4
   1.8582160259196138E-005  -8.9772341291415383E-005           0           2           4
  -2.7808695179917038E-004   1.3434368629236429E-003           0           4           2
  -3.3141201028573082E-004   1.6010510868907221E-003           2          -2          -2
   3.5836237484352106E-004  -1.7312467087602845E-003           2          -2           2
  -2.3682856092621894E-006   1.1440191520328482E-005           2           0           4
  -6.7851857347902861E-004   3.2779162625952703E-003           2           2          -2
   2.6952366098256005E-004  -1.3020661947970092E-003           2           4           0
   7.7579794382211267E-005  -3.7478691834598118E-004           2           4           4
  -2.8810570814230720E-004   1.3918376350145281E-003           4           0           2
   2.8045526261387849E-004  -1.3548778480714299E-003           4           2           0
   8.6838067600982996E-005  -4.1951402143223479E-004           4           2           4
  -1.6441700954764046E-004   7.9429912792061978E-004           4           4           2
  -7.1794860854654399E-010  -2.4265697053848500E-009          -4          -4          -4
   5.0249717460984238E-005  -2.4276545859624397E-004          -4           0           0
   5.6246192165603691E-005  -2.7173734369250315E-004           0          -4           0
  -1.0649633673426938E-004   5.1450372276897740E-004           0           0          -4
  -1.5297637966504678E-004   7.3904228579199237E-004           0           0           4
   8.0794801408266544E-005  -3.9032812172170054E-004           0           4           0
   7.2180700439903483E-005  -3.4871275937347268E-004           4           0           0
  -2.1903087805623083E-010  -3.1289651529459263E-010           4           4           4
  -3.8248857449594187E-005   1.8477228832929876E-004          -5          -3          -3
  -8.0163489412148542E-005   3.8727107380860735E-004          -5          -2          -2
   6.7685784981864460E-004  -3.2699140705062840E-003          -4          -4          -1
  -1.1901883907221581E-004   5.7496788907740351E-004          -4          -3           0
  -3.5748539933375069E-004   1.7270228655928634E-003          -4          -1          -4
   1.4390300354476297E-004  -6.9518018591704131E-004          -4           0          -3
  -4.2813640524080422E-005   2.0682315627387833E-004          -3          -5          -3
  -1.1268988518390629E-004   5.4439327535942624E-004          -3          -4           0
   8.1059568068265507E-005  -3.9159318336448129E-004          -3          -3          -5
  -6.7851386135241024E-004   3.2779167595762652E-003          -3          -3           1
  -2.1524196112176990E-005   1.0398471517772075E-004          -3           0          -4
   1.4970967774890562E-004  -7.2325478043511074E-004          -3           0           2
   3.5835953394193883E-004  -1.7312468260012599E-003          -3           1          -3
  -4.1981967676235339E-004   2.0281588286036505E-003          -3           2           0
  -8.9729830186833389E-005   4.3348823027177099E-004          -2          -5          -2
   1.6989362316982313E-004  -8.2075714148954748E-004          -2          -2          -5
  -3.8600756184163040E-005   1.8647255131981150E-004          -2           0           3
   1.4155977275523855E-004  -6.8386326100436281E-004          -2           3           0
  -3.1937191208330964E-004   1.5428930354923487E-003          -1          -4          -4
  -8.7225176387476964E-005   4.2138066119905390E-004          -1           3           3
   1.4054391219549744E-004  -6.7895186803124325E-004           0          -4          -3
  -3.1212413815777094E-005   1.5078792214366857E-004           0          -3          -4
   1.2309939122698039E-004  -5.9469755982605199E-004           0          -3           2
  -2.9137878014720451E-005   1.4075771149437390E-004           0          -2           3
   2.7573540572549843E-004  -1.3320796539959849E-003           0           2          -3
  -1.0578352221342302E-004   5.1103617557544956E-004           0           3          -2
  -4.7218227089561512E-005   2.2811052127754211E-004           0           3           4
  -1.4489240856631309E-004   6.9997880108001761E-004           0           4           3
   3.2015280169318870E-004  -1.5466666934553911E-003           1          -3          -3
   4.7275850301123197E-005  -2.2838720602297527E-004           1           4           4
  -4.2544387842772434E-004   2.0553303703751921E-003           2          -3           0
   2.9672124438486451E-004  -1.4334650707701878E-003           2           0          -3
   5.5994802197492365E-007  -2.7074796653306272E-006           2           2           5
  -2.9550974203738697E-007   1.4299609458015934E-006           2           5           2
   1.4438407414690455E-004  -6.9750746692967211E-004           3          -2           0
  -9.7634611611876603E-005   4.7166852252440456E-004           3          -1           3
  -1.1242207680127181E-004   5.4310696559734353E-004           3           0          -2
  -6.0480929707002414E-005   2.9218394972780124E-004           3           0           4
   1.8485975340421293E-004  -8.9304992572642426E-004           3           3          -1
   6.3224426884136380E-006  -3.0542974435960957E-005           3           3           5
   2.0177484273483094E-004  -9.7477615346565512E-004           3           4           0
  -3.3394027889728839E-006   1.6131119451961233E-005           3           5           3
  -1.5455603780697747E-004   7.4666460656491415E-004           4           0           3
   5.2917687560848847E-005  -2.5564305879254479E-004           4           1           4
   2.0537391189071933E-004  -9.9216374029078799E-004           4           3           0
  -1.0019302229416166E-004   4.8403047878291158E-004           4           4           1
  -2.6395596880049169E-007   1.2777015347559353E-006           5           2           2
  -2.9833125847793662E-006   1.4411260747384731E-005           5           3           3
   1.6888097432999350E-004  -8.1586895019046134E-004          -5          -3          -2
  -2.5498792167639582E-004   1.2318423564466176E-003          -5          -2          -3
   1.5593365060560905E-004  -7.5332018876253298E-004          -3          -5          -2
   8.3434324053547926E-005  -4.0306361447399393E-004          -3          -2          -5
   2.9672190544575885E-004  -1.4334649857579821E-003          -3          -1           2
  -4.2544638242429872E-004   2.0553297039860880E-003          -3           2          -1
  -2.5231660723771491E-004   1.2189360207469537E-003          -2          -5          -3
   9.9052969555418169E-005  -4.7851880372651773E-004          -2          -3          -5
  -3.7751735804360134E-005   1.8238020941711131E-004          -2           1           3
   3.1668018716465401E-004  -1.5298800802613591E-003          -2           3           1
   2.7573564752217373E-004  -1.3320793505183226E-003          -1          -3           2
   1.2310131200022261E-004  -5.9469732760697447E-004          -1           2          -3
  -1.4578054569900429E-005   7.0427036538528518E-005           1          -2           3
  -2.8904275720316225E-004   1.3963620143684818E-003           1           3          -2
  -4.1982211212021375E-004   2.0281582736049464E-003           2          -3          -1
   1.4971177640291092E-004  -7.2325440562235688E-004           2          -1          -3
   4.5164422258969908E-006  -2.1818478477887377E-005           2           3           5
   4.7954762844733808E-005  -2.3166937202193943E-004           2           5           3
   3.2679365543153590E-004  -1.5787389713375806E-003           3          -2           1
  -3.0210287533502707E-004   1.4594562594024431E-003           3           1          -2
   8.4477118246900940E-006  -4.0810503445007834E-005           3           2           5
  -5.4801766961071109E-005   2.6474714792120796E-004           3           5           2
   5.0285449846583869E-005  -2.4292861023427192E-004           5           2           3
  -5.6402313101354691E-005   2.7247991206344550E-004           5           3           2
  -1.3684875445669269E-004   6.6111635748424089E-004          -5          -4          -3
   6.4333873740663773E-005  -3.1080494982927044E-004          -5          -3          -4
   8.7291585219924619E-005  -4.2170645516073776E-004          -5          -2          -1
  -9.7537820888634098E-005   4.7121701709559671E-004          -5          -1          -2
  -1.3746908706177384E-004   6.6411288357230832E-004          -4          -5          -3
   8.0546790085937007E-005  -3.8912446680422898E-004          -4          -3          -5
  -1.1241991982441092E-004   5.4310724925468799E-004          -4          -1           1
   1.4437890496194863E-004  -6.9750867933411609E-004          -4           1          -1
   5.6300279386233474E-005  -2.7199444201317900E-004          -3          -5          -4
   7.3133634432738081E-005  -3.5331051870743640E-004          -3          -4          -5
   3.9005301503948178E-006  -1.8843679830509665E-005          -3           1           2
  -8.2902084971223227E-005   4.0050815308841222E-004          -3           2           1
   8.3274994158323334E-005  -4.0230057743145960E-004          -2          -5          -1
   7.4530744150430376E-006  -3.6013626853024988E-005          -2          -1          -5
   1.5609870752021757E-004  -7.5412501637224321E-004          -2          -1           3
  -1.1553080286178117E-004   5.5813962556644330E-004          -2           3          -1
  -9.4743702452162583E-005   4.5771979684561845E-004          -1          -5          -2
  -1.0578177636839730E-004   5.1103645686447407E-004          -1          -4           1
   1.4263569675120074E-005  -6.8916486014595704E-005          -1          -2          -5
   1.5351483538284951E-004  -7.4164190806194380E-004          -1          -2           3
  -2.9135061769054211E-005   1.4075851548695062E-004          -1           1          -4
  -5.7098825117209375E-005   2.7585066923814392E-004          -1           1           4
  -4.7992599142750370E-005   2.3185555512982470E-004          -1           3          -2
   7.6222635508544541E-005  -3.6823954294306174E-004          -1           4           1
   1.4155445440523187E-004  -6.8386442200528007E-004           1          -4          -1
  -2.4125243558748907E-006   1.1656858629615109E-005           1          -3           2
  -3.8597414136355563E-005   1.8647320634185977E-004           1          -1          -4
  -5.3501399579532210E-005   2.5847074695197782E-004           1          -1           4
   8.2116370744059460E-005  -3.9671393670546507E-004           1           2          -3
   2.0824149476334785E-005  -1.0060501645639910E-004           1           2           5
  -1.7808944759265852E-005   8.6036241609061995E-005           1           4          -1
  -2.6299905838310313E-005   1.2705904688468128E-004           1           5           2
  -8.6016663484906364E-005   4.1555609562107565E-004           2          -3           1
   8.5314812652554926E-005  -4.1216640915940411E-004           2           1          -3
   1.9629183123528878E-005  -9.4831911464582060E-005           2           1           5
   4.9347647264303341E-006  -2.3838575216933595E-005           2           5           1
  -1.0810548242629055E-004   5.2226780380768261E-004           3          -2          -1
  -3.7983513878325362E-005   1.8350074521342294E-004           3          -1          -2
   0.0000000000000000        0.0000000000000000                3           4           5
   0.0000000000000000        0.0000000000000000                3           5           4
   7.4907317185899392E-005  -3.6188581341310927E-004           4          -1           1
  -2.2721617187699922E-005   1.0976983687699949E-004           4           1          -1
   0.0000000000000000        0.0000000000000000                4           3           5
   0.0000000000000000        0.0000000000000000                4           5           3
  -2.5758391955477311E-005   1.2444323329119370E-004           5           1           2
   6.6712441524559026E-006  -3.2227505728220567E-005           5           2           1
   0.0000000000000000        0.0000000000000000                5           3           4
   0.0000000000000000        0.0000000000000000                5           4           3
  -2.5228605214463458E-005   1.2187854081341617E-004          -5          -4          -4
   4.0087972991177866E-005  -1.9366326110041346E-004          -5          -4          -2
   2.8045362680449422E-004  -1.3548780282736038E-003          -5          -3          -1
  -5.7207798620744449E-005   2.7636293390277873E-004          -5          -2          -4
  -2.8810408676493055E-004   1.3918379382444226E-003          -5          -1          -3
   7.2183407175119396E-005  -3.4871217027432230E-004          -5          -1          -1
  -2.8239416245534156E-005   1.3642390415667246E-004          -4          -5          -4
   3.7273828679884133E-005  -1.8006874817908181E-004          -4          -5          -2
   5.3468461198265325E-005  -2.5830830412719994E-004          -4          -4          -5
   1.6347246051025066E-005  -7.8973945103356786E-005          -4          -2          -5
  -3.0210070899038926E-004   1.4594565645769263E-003          -4          -2           1
  -3.7984188608228252E-005   1.8350057298257552E-004          -4           0           1
   3.2679176029946336E-004  -1.5787393125506516E-003          -4           1          -2
  -1.0810900187523578E-004   5.2226705093324566E-004          -4           1           0
   2.6952207146582486E-004  -1.3020662811757172E-003          -3          -5          -1
   8.5318570140017038E-005  -4.1216562670965502E-004          -3          -2           2
  -2.3675571029409007E-006   1.1440323879191791E-005          -3          -1          -5
  -8.6020102527852832E-005   4.1555534406703437E-004          -3           2          -2
  -5.6436833619197048E-005   2.7263781080027626E-004          -2          -5          -4
   1.9932428402947636E-005  -9.6293770862128031E-005          -2          -4          -5
  -2.8904067715329607E-004   1.3963621650168443E-003          -2          -4           1
   8.2119948160019673E-005  -3.9671318108515374E-004          -2          -3           2
  -1.4578631202988621E-005   7.0427021113736026E-005          -2           1          -4
  -2.4131983330825203E-006   1.1656795313517217E-005          -2           2          -3
   4.6449633502452680E-005  -2.2439713229729138E-004          -2           2           3
   1.5209253746744468E-004  -7.3476184818470325E-004          -2           3           2
  -2.7808538882971774E-004   1.3434371572566381E-003          -1          -5          -3
   8.0797895338981373E-005  -3.9032774906545083E-004          -1          -5          -1
   1.8582548219351242E-005  -8.9772143904416656E-005          -1          -3          -5
  -1.5298120319993290E-004   7.3904093461209762E-004          -1          -1          -5
  -1.5196146479266507E-004   7.3413160726948183E-004          -1           0           4
  -4.0539385210721805E-006   1.9585452789811301E-005          -1           2           4
   1.4110022838579540E-004  -6.8166004095569516E-004          -1           4           0
  -6.5590952515472638E-005   3.1686521355358914E-004          -1           4           2
  -4.7993668986706105E-005   2.3185546958240670E-004           0          -4           1
  -1.4721019702328904E-004   7.1117747876181926E-004           0          -1           4
   1.5351908247794170E-004  -7.4164083800164541E-004           0           1          -4
   1.6907963538220029E-005  -8.1684747965209665E-005           0           4          -1
   3.1667828598959749E-004  -1.5298805927366846E-003           1          -4          -2
  -1.1553450942451347E-004   5.5813895481541859E-004           1          -4           0
  -3.7751956167452376E-005   1.8238001389034758E-004           1          -2          -4
   1.5610303941549319E-004  -7.5412394072689980E-004           1           0          -4
   0.0000000000000000        0.0000000000000000                1           1           5
   0.0000000000000000        0.0000000000000000                1           3           5
   0.0000000000000000        0.0000000000000000                1           5           1
   0.0000000000000000        0.0000000000000000                1           5           3
  -8.2905330177354960E-005   4.0050743743535148E-004           2          -3          -2
   3.9003000089641062E-006  -1.8843646527629477E-005           2          -2          -3
   6.0242854928058608E-005  -2.9103382042426829E-004           2          -2           3
  -9.3434742312755582E-006   4.5138795836804471E-005           2          -1           4
  -2.0844321185015306E-004   1.0069919944401401E-003           2           3          -2
   7.2666991901672640E-005  -3.5105054366738655E-004           2           4          -1
   0.0000000000000000        0.0000000000000000                2           4           5
   0.0000000000000000        0.0000000000000000                2           5           4
   1.6199304050437582E-004  -7.8259237429077343E-004           3          -2           2
   0.0000000000000000        0.0000000000000000                3           1           5
  -2.1233591163167100E-004   1.0257980971458663E-003           3           2          -2
   0.0000000000000000        0.0000000000000000                3           5           1
   1.3505271864312554E-004  -6.5244438077184034E-004           4          -1           0
  -6.8612896833660652E-005   3.3146418860879304E-004           4          -1           2
   6.1092319067893273E-006  -2.9514965552513918E-005           4           0          -1
   7.4934451187984311E-005  -3.6200487988239142E-004           4           2          -1
   0.0000000000000000        0.0000000000000000                4           2           5
   0.0000000000000000        0.0000000000000000                4           4           5
   0.0000000000000000        0.0000000000000000                4           5           2
   0.0000000000000000        0.0000000000000000                4           5           4
   0.0000000000000000        0.0000000000000000                5           1           1
   0.0000000000000000        0.0000000000000000                5           1           3
   0.0000000000000000        0.0000000000000000                5           2           4
   0.0000000000000000        0.0000000000000000                5           3           1
   0.0000000000000000        0.0000000000000000                5           4           2
   0.0000000000000000        0.0000000000000000                5           4           4
   1.8485635561701013E-004  -8.9305053893998210E-004          -4          -4           0
  -9.7632397558551078E-005   4.7166891606557286E-004          -4           0          -4
  -8.7223200621579233E-005   4.2138100677463621E-004           0          -4          -4
   0.0000000000000000        0.0000000000000000                0           4           4
   0.0000000000000000        0.0000000000000000                4           0           4
   0.0000000000000000        0.0000000000000000                4           4           0
  -1.6441666607186692E-004   7.9429942101345808E-004          -5          -5          -3
   8.6837478241250850E-005  -4.1951438182612601E-004          -5          -3          -5
  -2.2722263581795855E-005   1.0976964819228323E-004          -5          -2           0
   7.4910317458127019E-005  -3.6188501726047657E-004          -5           0          -2
   7.7579234082414365E-005  -3.7478695746144411E-004          -3          -5          -5
   0.0000000000000000        0.0000000000000000               -3           2           2
  -1.7809315361317279E-005   8.6035995606230663E-005          -2          -5           0
   0.0000000000000000        0.0000000000000000               -2          -2           3
  -5.3503369474045819E-005   2.5847014596759604E-004          -2           0          -5
   0.0000000000000000        0.0000000000000000               -2           3          -2
   7.6225715194573645E-005  -3.6823905522653485E-004           0          -5          -2
  -5.7101036257969176E-005   2.7584999236732438E-004           0          -2          -5
   0.0000000000000000        0.0000000000000000                0           2           5
   0.0000000000000000        0.0000000000000000                0           5           2
   0.0000000000000000        0.0000000000000000                2          -3           2
   0.0000000000000000        0.0000000000000000                2           0           5
   0.0000000000000000        0.0000000000000000                2           2          -3
   0.0000000000000000        0.0000000000000000                2           5           0
   0.0000000000000000        0.0000000000000000                3          -2          -2
   0.0000000000000000        0.0000000000000000                5           0           2
   0.0000000000000000        0.0000000000000000                5           2           0
  -5.1996753401433316E-005   2.5119826952257006E-004          -5          -5          -4
   2.7462865354326786E-005  -1.3267291567719395E-004          -5          -4          -5
   2.0537413081062845E-004  -9.9216370796598001E-004          -5          -4          -1
  -1.5455693551778593E-004   7.4666425808389569E-004          -5          -1          -4
   6.1097743904237037E-006  -2.9514931393961840E-005          -5          -1           0
   1.3505403353363617E-004  -6.5244410630372316E-004          -5           0          -1
   2.4534970652374496E-005  -1.1852784926075415E-004          -4          -5          -5
   2.0177497828821324E-004  -9.7477606366456939E-004          -4          -5          -1
  -2.1233644986517943E-004   1.0257979085043134E-003          -4          -3           1
  -6.0480721448902006E-005   2.9218399805035206E-004          -4          -1          -5
   1.6199382614836153E-004  -7.8259206723431049E-004          -4           1          -3
   0.0000000000000000        0.0000000000000000               -4           1           1
  -2.0844365386872853E-004   1.0069916975382872E-003          -3          -4           1
   6.0242652913180461E-005  -2.9103377832018760E-004          -3           1          -4
  -1.4489341905202241E-004   6.9997866317767106E-004          -1          -5          -4
   1.6908691379350524E-005  -8.1684787211875424E-005          -1          -5           0
  -4.7218014438814369E-005   2.2811070440613405E-004          -1          -4          -5
   0.0000000000000000        0.0000000000000000               -1          -1           4
  -1.4721189079800487E-004   7.1117706931716498E-004          -1           0          -5
   0.0000000000000000        0.0000000000000000               -1           3           4
   0.0000000000000000        0.0000000000000000               -1           4          -1
   0.0000000000000000        0.0000000000000000               -1           4           3
   1.4110162065647869E-004  -6.8165996956680026E-004           0          -5          -1
  -1.5196324146848317E-004   7.3413109816576302E-004           0          -1          -5
   0.0000000000000000        0.0000000000000000                0           1           5
   0.0000000000000000        0.0000000000000000                0           5           1
   1.5209333586728004E-004  -7.3476172524477147E-004           1          -4          -3
   0.0000000000000000        0.0000000000000000                1          -4           1
   4.6449374102293870E-005  -2.2439718125327697E-004           1          -3          -4
   0.0000000000000000        0.0000000000000000                1           0           5
   0.0000000000000000        0.0000000000000000                1           1          -4
   0.0000000000000000        0.0000000000000000                1           4           5
   0.0000000000000000        0.0000000000000000                1           5           0
   0.0000000000000000        0.0000000000000000                1           5           4
   0.0000000000000000        0.0000000000000000                3          -1           4
   0.0000000000000000        0.0000000000000000                3           4          -1
   0.0000000000000000        0.0000000000000000                4          -1          -1
   0.0000000000000000        0.0000000000000000                4          -1           3
   0.0000000000000000        0.0000000000000000                4           1           5
   0.0000000000000000        0.0000000000000000                4           3          -1
   0.0000000000000000        0.0000000000000000                4           5           1
   0.0000000000000000        0.0000000000000000                5           0           1
   0.0000000000000000        0.0000000000000000                5           1           0
   0.0000000000000000        0.0000000000000000                5           1           4
   0.0000000000000000        0.0000000000000000                5           4           1
  -2.6487227930240206E-007   1.2774371852539133E-006          -6          -3          -3
  -1.0019199201138228E-004   4.8403077765261649E-004          -5          -5          -2
   7.4932868998425160E-005  -3.6200507006090195E-004          -5          -3           0
   5.2916500895964178E-005  -2.5564330550714563E-004          -5          -2          -5
  -6.8610752289200710E-005   3.3146470046546179E-004          -5           0          -3
  -2.9657545046047589E-007   1.4299239664669819E-006          -3          -6          -3
   7.2665422195753980E-005  -3.5105066655813643E-004          -3          -5           0
   5.6081184220430801E-007  -2.7073215536414467E-006          -3          -3          -6
   0.0000000000000000        0.0000000000000000               -3          -3           2
  -9.3435011465530229E-006   4.5138566174091538E-005          -3           0          -5
   0.0000000000000000        0.0000000000000000               -3           0           3
   0.0000000000000000        0.0000000000000000               -3           2          -3
   0.0000000000000000        0.0000000000000000               -3           3           0
   4.7274720169204750E-005  -2.2838731317706106E-004          -2          -5          -5
   0.0000000000000000        0.0000000000000000               -2           3           3
  -6.5588795415693593E-005   3.1686570182417543E-004           0          -5          -3
  -4.0542781279329571E-006   1.9585354141703711E-005           0          -3          -5
   0.0000000000000000        0.0000000000000000                0          -3           3
   0.0000000000000000        0.0000000000000000                0           3          -3
   0.0000000000000000        0.0000000000000000                0           3           5
   0.0000000000000000        0.0000000000000000                0           5           3
   0.0000000000000000        0.0000000000000000                2          -3          -3
   0.0000000000000000        0.0000000000000000                3          -3           0
   0.0000000000000000        0.0000000000000000                3          -2           3
   0.0000000000000000        0.0000000000000000                3           0          -3
   0.0000000000000000        0.0000000000000000                3           0           5
   0.0000000000000000        0.0000000000000000                3           3          -2
   0.0000000000000000        0.0000000000000000                3           5           0
   0.0000000000000000        0.0000000000000000                5           0           3
   0.0000000000000000        0.0000000000000000                5           3           0
  -5.6402224869469433E-005   2.7247997004899475E-004          -6          -4          -3
   5.0285082350222999E-005  -2.4292870181952486E-004          -6          -3          -4
   6.6708065679124192E-006  -3.2227615322351579E-005          -6          -3          -2
  -2.5759936615828524E-005   1.2444278423020494E-004          -6          -2          -3
   3.7334551194716281E-010  -1.8296823089345152E-010          -5          -5          -5
   0.0000000000000000        0.0000000000000000               -5           0           0
  -5.4801653531910913E-005   2.6474725104601510E-004          -4          -6          -3
   8.4475042644302481E-006  -4.0810689939676311E-005          -4          -3          -6
   0.0000000000000000        0.0000000000000000               -4          -1           2
   0.0000000000000000        0.0000000000000000               -4           2          -1
   4.7954418517883410E-005  -2.3166930052983802E-004          -3          -6          -4
   4.9341988910974982E-006  -2.3838571675118883E-005          -3          -6          -2
   4.5163071560252140E-006  -2.1818577186333776E-005          -3          -4          -6
   1.9630389773376986E-005  -9.4831461142671114E-005          -3          -2          -6
   0.0000000000000000        0.0000000000000000               -3          -1           3
   0.0000000000000000        0.0000000000000000               -3           1           3
   0.0000000000000000        0.0000000000000000               -3           3          -1
   0.0000000000000000        0.0000000000000000               -3           3           1
  -2.6301554138795252E-005   1.2705881962582076E-004          -2          -6          -3
   2.0825448432600228E-005  -1.0060458528620140E-004          -2          -3          -6
   0.0000000000000000        0.0000000000000000               -2           1           4
   0.0000000000000000        0.0000000000000000               -2           4           1
   0.0000000000000000        0.0000000000000000               -1          -4           2
   0.0000000000000000        0.0000000000000000               -1          -3           3
   0.0000000000000000        0.0000000000000000               -1           2          -4
   0.0000000000000000        0.0000000000000000               -1           3          -3
   0.0000000000000000        0.0000000000000000                0          -5           0
   0.0000000000000000        0.0000000000000000                0           0          -5
   0.0000000000000000        0.0000000000000000                0           0           5
   0.0000000000000000        0.0000000000000000                0           5           0
   0.0000000000000000        0.0000000000000000                1          -3           3
   0.0000000000000000        0.0000000000000000                1          -2           4
   0.0000000000000000        0.0000000000000000                1           3          -3
   0.0000000000000000        0.0000000000000000                1           4          -2
   0.0000000000000000        0.0000000000000000                2          -4          -1
   0.0000000000000000        0.0000000000000000                2          -1          -4
   0.0000000000000000        0.0000000000000000                3          -3          -1
   0.0000000000000000        0.0000000000000000                3          -3           1
   0.0000000000000000        0.0000000000000000                3          -1          -3
   0.0000000000000000        0.0000000000000000                3           1          -3
   0.0000000000000000        0.0000000000000000                4          -2           1
   0.0000000000000000        0.0000000000000000                4           1          -2
   0.0000000000000000        0.0000000000000000                5           0           0
  -2.9829006703581611E-006   1.4411407835861074E-005          -6          -4          -4
   0.0000000000000000        0.0000000000000000               -6          -2          -2
  -3.3388080774611134E-006   1.6131301450278692E-005          -4          -6          -4
   6.3221783302008664E-006  -3.0543233078699992E-005          -4          -4          -6
   0.0000000000000000        0.0000000000000000               -4           0           2
   0.0000000000000000        0.0000000000000000               -4           2           0
   0.0000000000000000        0.0000000000000000               -2          -6          -2
   0.0000000000000000        0.0000000000000000               -2          -2          -6
   0.0000000000000000        0.0000000000000000               -2           0           4
   0.0000000000000000        0.0000000000000000               -2           4           0
   0.0000000000000000        0.0000000000000000                0          -4           2
   0.0000000000000000        0.0000000000000000                0          -2           4
   0.0000000000000000        0.0000000000000000                0           2          -4
   0.0000000000000000        0.0000000000000000                0           4          -2
   0.0000000000000000        0.0000000000000000                2          -4           0
   0.0000000000000000        0.0000000000000000                2           0          -4
   0.0000000000000000        0.0000000000000000                4          -2           0
   0.0000000000000000        0.0000000000000000                4           0          -2
   0.0000000000000000        0.0000000000000000               -6          -4          -2
   0.0000000000000000        0.0000000000000000               -6          -2          -4
   0.0000000000000000        0.0000000000000000               -4          -6          -2
   0.0000000000000000        0.0000000000000000               -4          -2          -6
   0.0000000000000000        0.0000000000000000               -4          -2           2
   0.0000000000000000        0.0000000000000000               -4           2          -2
   0.0000000000000000        0.0000000000000000               -2          -6          -4
   0.0000000000000000        0.0000000000000000               -2          -4          -6
   0.0000000000000000        0.0000000000000000               -2          -4           2
   0.0000000000000000        0.0000000000000000               -2           2          -4
   0.0000000000000000        0.0000000000000000                2          -4          -2
   0.0000000000000000        0.0000000000000000                2          -2          -4
   0.0000000000000000        0.0000000000000000               -5          -5          -1
   0.0000000000000000        0.0000000000000000               -5          -4           0
   0.0000000000000000        0.0000000000000000               -5          -1          -5
   0.0000000000000000        0.0000000000000000               -5           0          -4
   0.0000000000000000        0.0000000000000000               -4          -5           0
   0.0000000000000000        0.0000000000000000               -4          -4           1
   0.0000000000000000        0.0000000000000000               -4           0          -5
   0.0000000000000000        0.0000000000000000               -4           1          -4
   0.0000000000000000        0.0000000000000000               -1          -5          -5
   0.0000000000000000        0.0000000000000000                0          -5          -4
   0.0000000000000000        0.0000000000000000                0          -4          -5
   0.0000000000000000        0.0000000000000000                1          -4          -4
